[2024-06-19T09:36:24.226+0530] {local_task_job_runner.py:120} INFO - ::group::Pre task execution logs
[2024-06-19T09:36:24.242+0530] {taskinstance.py:2076} INFO - Dependencies all met for dep_context=non-requeueable deps ti=<TaskInstance: Backup_Database.parse_task scheduled__2024-06-19T03:50:00+00:00 [queued]>
[2024-06-19T09:36:24.248+0530] {taskinstance.py:2076} INFO - Dependencies all met for dep_context=requeueable deps ti=<TaskInstance: Backup_Database.parse_task scheduled__2024-06-19T03:50:00+00:00 [queued]>
[2024-06-19T09:36:24.249+0530] {taskinstance.py:2306} INFO - Starting attempt 1 of 2
[2024-06-19T09:36:24.264+0530] {taskinstance.py:2330} INFO - Executing <Task(PythonOperator): parse_task> on 2024-06-19 03:50:00+00:00
[2024-06-19T09:36:24.266+0530] {standard_task_runner.py:63} INFO - Started process 1964 to run task
[2024-06-19T09:36:24.268+0530] {standard_task_runner.py:90} INFO - Running: ['airflow', 'tasks', 'run', 'Backup_Database', 'parse_task', 'scheduled__2024-06-19T03:50:00+00:00', '--job-id', '73', '--raw', '--subdir', 'DAGS_FOLDER/basic.py', '--cfg-path', '/tmp/tmpa7h4hwg9']
[2024-06-19T09:36:24.269+0530] {standard_task_runner.py:91} INFO - Job 73: Subtask parse_task
[2024-06-19T09:36:24.312+0530] {task_command.py:426} INFO - Running <TaskInstance: Backup_Database.parse_task scheduled__2024-06-19T03:50:00+00:00 [running]> on host FN-21052948.
[2024-06-19T09:36:24.378+0530] {taskinstance.py:2648} INFO - Exporting env vars: AIRFLOW_CTX_DAG_OWNER='sarika' AIRFLOW_CTX_DAG_ID='Backup_Database' AIRFLOW_CTX_TASK_ID='parse_task' AIRFLOW_CTX_EXECUTION_DATE='2024-06-19T03:50:00+00:00' AIRFLOW_CTX_TRY_NUMBER='1' AIRFLOW_CTX_DAG_RUN_ID='scheduled__2024-06-19T03:50:00+00:00'
[2024-06-19T09:36:24.379+0530] {taskinstance.py:430} INFO - ::endgroup::
[2024-06-19T09:36:24.413+0530] {python.py:237} INFO - Done. Returned value was: None
[2024-06-19T09:36:24.414+0530] {taskinstance.py:441} INFO - ::group::Post task execution logs
[2024-06-19T09:36:24.420+0530] {taskinstance.py:1206} INFO - Marking task as SUCCESS. dag_id=Backup_Database, task_id=parse_task, run_id=scheduled__2024-06-19T03:50:00+00:00, execution_date=20240619T035000, start_date=20240619T040624, end_date=20240619T040624
[2024-06-19T09:36:24.440+0530] {local_task_job_runner.py:240} INFO - Task exited with return code 0
[2024-06-19T09:36:24.456+0530] {taskinstance.py:3503} INFO - 1 downstream tasks scheduled from follow-on schedule check
[2024-06-19T09:36:24.463+0530] {local_task_job_runner.py:222} INFO - ::endgroup::
[2024-06-19T09:39:32.518+0530] {local_task_job_runner.py:120} INFO - ::group::Pre task execution logs
[2024-06-19T09:39:32.534+0530] {taskinstance.py:2076} INFO - Dependencies all met for dep_context=non-requeueable deps ti=<TaskInstance: Backup_Database.parse_task scheduled__2024-06-19T03:50:00+00:00 [queued]>
[2024-06-19T09:39:32.540+0530] {taskinstance.py:2076} INFO - Dependencies all met for dep_context=requeueable deps ti=<TaskInstance: Backup_Database.parse_task scheduled__2024-06-19T03:50:00+00:00 [queued]>
[2024-06-19T09:39:32.540+0530] {taskinstance.py:2306} INFO - Starting attempt 1 of 2
[2024-06-19T09:39:32.557+0530] {taskinstance.py:2330} INFO - Executing <Task(PythonOperator): parse_task> on 2024-06-19 03:50:00+00:00
[2024-06-19T09:39:32.559+0530] {standard_task_runner.py:63} INFO - Started process 2218 to run task
[2024-06-19T09:39:32.562+0530] {standard_task_runner.py:90} INFO - Running: ['airflow', 'tasks', 'run', 'Backup_Database', 'parse_task', 'scheduled__2024-06-19T03:50:00+00:00', '--job-id', '77', '--raw', '--subdir', 'DAGS_FOLDER/basic.py', '--cfg-path', '/tmp/tmppthypy45']
[2024-06-19T09:39:32.563+0530] {standard_task_runner.py:91} INFO - Job 77: Subtask parse_task
[2024-06-19T09:39:32.604+0530] {task_command.py:426} INFO - Running <TaskInstance: Backup_Database.parse_task scheduled__2024-06-19T03:50:00+00:00 [running]> on host FN-21052948.
[2024-06-19T09:39:32.675+0530] {taskinstance.py:2648} INFO - Exporting env vars: AIRFLOW_CTX_DAG_OWNER='sarika' AIRFLOW_CTX_DAG_ID='Backup_Database' AIRFLOW_CTX_TASK_ID='parse_task' AIRFLOW_CTX_EXECUTION_DATE='2024-06-19T03:50:00+00:00' AIRFLOW_CTX_TRY_NUMBER='1' AIRFLOW_CTX_DAG_RUN_ID='scheduled__2024-06-19T03:50:00+00:00'
[2024-06-19T09:39:32.676+0530] {taskinstance.py:430} INFO - ::endgroup::
[2024-06-19T09:39:32.707+0530] {python.py:237} INFO - Done. Returned value was: None
[2024-06-19T09:39:32.707+0530] {taskinstance.py:441} INFO - ::group::Post task execution logs
[2024-06-19T09:39:32.713+0530] {taskinstance.py:1206} INFO - Marking task as SUCCESS. dag_id=Backup_Database, task_id=parse_task, run_id=scheduled__2024-06-19T03:50:00+00:00, execution_date=20240619T035000, start_date=20240619T040932, end_date=20240619T040932
[2024-06-19T09:39:32.734+0530] {local_task_job_runner.py:240} INFO - Task exited with return code 0
[2024-06-19T09:39:32.751+0530] {taskinstance.py:3503} INFO - 1 downstream tasks scheduled from follow-on schedule check
[2024-06-19T09:39:32.758+0530] {local_task_job_runner.py:222} INFO - ::endgroup::
