[2024-06-19T09:53:12.025+0530] {local_task_job_runner.py:120} INFO - ::group::Pre task execution logs
[2024-06-19T09:53:12.047+0530] {taskinstance.py:2076} INFO - Dependencies all met for dep_context=non-requeueable deps ti=<TaskInstance: Backup_Database.backup_task manual__2024-06-19T04:23:10.969622+00:00 [queued]>
[2024-06-19T09:53:12.054+0530] {taskinstance.py:2076} INFO - Dependencies all met for dep_context=requeueable deps ti=<TaskInstance: Backup_Database.backup_task manual__2024-06-19T04:23:10.969622+00:00 [queued]>
[2024-06-19T09:53:12.054+0530] {taskinstance.py:2306} INFO - Starting attempt 1 of 2
[2024-06-19T09:53:12.073+0530] {taskinstance.py:2330} INFO - Executing <Task(BashOperator): backup_task> on 2024-06-19 04:23:10.969622+00:00
[2024-06-19T09:53:12.077+0530] {standard_task_runner.py:63} INFO - Started process 2706 to run task
[2024-06-19T09:53:12.080+0530] {standard_task_runner.py:90} INFO - Running: ['airflow', 'tasks', 'run', 'Backup_Database', 'backup_task', 'manual__2024-06-19T04:23:10.969622+00:00', '--job-id', '95', '--raw', '--subdir', 'DAGS_FOLDER/basic.py', '--cfg-path', '/tmp/tmp_638p8y6']
[2024-06-19T09:53:12.082+0530] {standard_task_runner.py:91} INFO - Job 95: Subtask backup_task
[2024-06-19T09:53:12.130+0530] {task_command.py:426} INFO - Running <TaskInstance: Backup_Database.backup_task manual__2024-06-19T04:23:10.969622+00:00 [running]> on host FN-21052948.
[2024-06-19T09:53:12.213+0530] {taskinstance.py:2648} INFO - Exporting env vars: AIRFLOW_CTX_DAG_OWNER='sarika' AIRFLOW_CTX_DAG_ID='Backup_Database' AIRFLOW_CTX_TASK_ID='backup_task' AIRFLOW_CTX_EXECUTION_DATE='2024-06-19T04:23:10.969622+00:00' AIRFLOW_CTX_TRY_NUMBER='1' AIRFLOW_CTX_DAG_RUN_ID='manual__2024-06-19T04:23:10.969622+00:00'
[2024-06-19T09:53:12.213+0530] {taskinstance.py:430} INFO - ::endgroup::
[2024-06-19T09:53:12.221+0530] {subprocess.py:63} INFO - Tmp dir root location: /tmp
[2024-06-19T09:53:12.221+0530] {subprocess.py:75} INFO - Running command: ['/usr/bin/bash', '-c', '/home/kiit/airflow/bashScripts/backup.sh ']
[2024-06-19T09:53:12.229+0530] {subprocess.py:86} INFO - Output:
[2024-06-19T09:53:12.236+0530] {subprocess.py:93} INFO - mysql: [Warning] Using a password on the command line interface can be insecure.
[2024-06-19T09:53:12.243+0530] {subprocess.py:93} INFO - mysql: [Warning] Using a password on the command line interface can be insecure.
[2024-06-19T09:53:12.256+0530] {subprocess.py:93} INFO - mysqldump: [Warning] Using a password on the command line interface can be insecure.
[2024-06-19T09:53:12.262+0530] {subprocess.py:93} INFO - mysqldump: Error: 'Access denied; you need (at least one of) the PROCESS privilege(s) for this operation' when trying to dump tablespaces
[2024-06-19T09:53:12.463+0530] {subprocess.py:93} INFO - Backup completed in 0 seconds
[2024-06-19T09:53:12.464+0530] {subprocess.py:93} INFO - Backup Success in location: /home/kiit/airflow/backup | Required Space: 0GB, Available Space: 245.31GB
[2024-06-19T09:53:12.464+0530] {subprocess.py:97} INFO - Command exited with return code 0
[2024-06-19T09:53:12.464+0530] {taskinstance.py:441} INFO - ::group::Post task execution logs
[2024-06-19T09:53:12.490+0530] {taskinstance.py:1206} INFO - Marking task as SUCCESS. dag_id=Backup_Database, task_id=backup_task, run_id=manual__2024-06-19T04:23:10.969622+00:00, execution_date=20240619T042310, start_date=20240619T042312, end_date=20240619T042312
[2024-06-19T09:53:12.534+0530] {local_task_job_runner.py:240} INFO - Task exited with return code 0
[2024-06-19T09:53:12.546+0530] {local_task_job_runner.py:222} INFO - ::endgroup::
