[2024-06-19T10:00:01.004+0530] {local_task_job_runner.py:120} INFO - ::group::Pre task execution logs
[2024-06-19T10:00:01.019+0530] {taskinstance.py:2076} INFO - Dependencies all met for dep_context=non-requeueable deps ti=<TaskInstance: Backup_Database.parse_task scheduled__2024-06-19T04:20:00+00:00 [queued]>
[2024-06-19T10:00:01.025+0530] {taskinstance.py:2076} INFO - Dependencies all met for dep_context=requeueable deps ti=<TaskInstance: Backup_Database.parse_task scheduled__2024-06-19T04:20:00+00:00 [queued]>
[2024-06-19T10:00:01.025+0530] {taskinstance.py:2306} INFO - Starting attempt 1 of 2
[2024-06-19T10:00:01.040+0530] {taskinstance.py:2330} INFO - Executing <Task(PythonOperator): parse_task> on 2024-06-19 04:20:00+00:00
[2024-06-19T10:00:01.041+0530] {standard_task_runner.py:63} INFO - Started process 2937 to run task
[2024-06-19T10:00:01.044+0530] {standard_task_runner.py:90} INFO - Running: ['airflow', 'tasks', 'run', 'Backup_Database', 'parse_task', 'scheduled__2024-06-19T04:20:00+00:00', '--job-id', '101', '--raw', '--subdir', 'DAGS_FOLDER/basic.py', '--cfg-path', '/tmp/tmpug4pdnzs']
[2024-06-19T10:00:01.045+0530] {standard_task_runner.py:91} INFO - Job 101: Subtask parse_task
[2024-06-19T10:00:01.087+0530] {task_command.py:426} INFO - Running <TaskInstance: Backup_Database.parse_task scheduled__2024-06-19T04:20:00+00:00 [running]> on host FN-21052948.
[2024-06-19T10:00:01.152+0530] {taskinstance.py:2648} INFO - Exporting env vars: AIRFLOW_CTX_DAG_OWNER='sarika' AIRFLOW_CTX_DAG_ID='Backup_Database' AIRFLOW_CTX_TASK_ID='parse_task' AIRFLOW_CTX_EXECUTION_DATE='2024-06-19T04:20:00+00:00' AIRFLOW_CTX_TRY_NUMBER='1' AIRFLOW_CTX_DAG_RUN_ID='scheduled__2024-06-19T04:20:00+00:00'
[2024-06-19T10:00:01.153+0530] {taskinstance.py:430} INFO - ::endgroup::
[2024-06-19T10:00:01.183+0530] {python.py:237} INFO - Done. Returned value was: None
[2024-06-19T10:00:01.183+0530] {taskinstance.py:441} INFO - ::group::Post task execution logs
[2024-06-19T10:00:01.190+0530] {taskinstance.py:1206} INFO - Marking task as SUCCESS. dag_id=Backup_Database, task_id=parse_task, run_id=scheduled__2024-06-19T04:20:00+00:00, execution_date=20240619T042000, start_date=20240619T043001, end_date=20240619T043001
[2024-06-19T10:00:01.216+0530] {local_task_job_runner.py:240} INFO - Task exited with return code 0
[2024-06-19T10:00:01.233+0530] {taskinstance.py:3503} INFO - 1 downstream tasks scheduled from follow-on schedule check
[2024-06-19T10:00:01.240+0530] {local_task_job_runner.py:222} INFO - ::endgroup::
[2024-06-19T10:02:39.853+0530] {local_task_job_runner.py:120} INFO - ::group::Pre task execution logs
[2024-06-19T10:02:39.870+0530] {taskinstance.py:2076} INFO - Dependencies all met for dep_context=non-requeueable deps ti=<TaskInstance: Backup_Database.parse_task scheduled__2024-06-19T04:20:00+00:00 [queued]>
[2024-06-19T10:02:39.878+0530] {taskinstance.py:2076} INFO - Dependencies all met for dep_context=requeueable deps ti=<TaskInstance: Backup_Database.parse_task scheduled__2024-06-19T04:20:00+00:00 [queued]>
[2024-06-19T10:02:39.878+0530] {taskinstance.py:2306} INFO - Starting attempt 1 of 2
[2024-06-19T10:02:39.892+0530] {taskinstance.py:2330} INFO - Executing <Task(PythonOperator): parse_task> on 2024-06-19 04:20:00+00:00
[2024-06-19T10:02:39.894+0530] {standard_task_runner.py:63} INFO - Started process 3496 to run task
[2024-06-19T10:02:39.896+0530] {standard_task_runner.py:90} INFO - Running: ['airflow', 'tasks', 'run', 'Backup_Database', 'parse_task', 'scheduled__2024-06-19T04:20:00+00:00', '--job-id', '108', '--raw', '--subdir', 'DAGS_FOLDER/basic.py', '--cfg-path', '/tmp/tmptm5immec']
[2024-06-19T10:02:39.897+0530] {standard_task_runner.py:91} INFO - Job 108: Subtask parse_task
[2024-06-19T10:02:39.938+0530] {task_command.py:426} INFO - Running <TaskInstance: Backup_Database.parse_task scheduled__2024-06-19T04:20:00+00:00 [running]> on host FN-21052948.
[2024-06-19T10:02:40.006+0530] {taskinstance.py:2648} INFO - Exporting env vars: AIRFLOW_CTX_DAG_OWNER='sarika' AIRFLOW_CTX_DAG_ID='Backup_Database' AIRFLOW_CTX_TASK_ID='parse_task' AIRFLOW_CTX_EXECUTION_DATE='2024-06-19T04:20:00+00:00' AIRFLOW_CTX_TRY_NUMBER='1' AIRFLOW_CTX_DAG_RUN_ID='scheduled__2024-06-19T04:20:00+00:00'
[2024-06-19T10:02:40.007+0530] {taskinstance.py:430} INFO - ::endgroup::
[2024-06-19T10:02:40.037+0530] {python.py:237} INFO - Done. Returned value was: None
[2024-06-19T10:02:40.037+0530] {taskinstance.py:441} INFO - ::group::Post task execution logs
[2024-06-19T10:02:40.044+0530] {taskinstance.py:1206} INFO - Marking task as SUCCESS. dag_id=Backup_Database, task_id=parse_task, run_id=scheduled__2024-06-19T04:20:00+00:00, execution_date=20240619T042000, start_date=20240619T043239, end_date=20240619T043240
[2024-06-19T10:02:40.069+0530] {local_task_job_runner.py:240} INFO - Task exited with return code 0
[2024-06-19T10:02:40.084+0530] {taskinstance.py:3503} INFO - 1 downstream tasks scheduled from follow-on schedule check
[2024-06-19T10:02:40.092+0530] {local_task_job_runner.py:222} INFO - ::endgroup::
