[2024-06-19T10:20:01.427+0530] {local_task_job_runner.py:120} INFO - ::group::Pre task execution logs
[2024-06-19T10:20:01.442+0530] {taskinstance.py:2076} INFO - Dependencies all met for dep_context=non-requeueable deps ti=<TaskInstance: Backup_Database.parse_task scheduled__2024-06-19T04:40:00+00:00 [queued]>
[2024-06-19T10:20:01.448+0530] {taskinstance.py:2076} INFO - Dependencies all met for dep_context=requeueable deps ti=<TaskInstance: Backup_Database.parse_task scheduled__2024-06-19T04:40:00+00:00 [queued]>
[2024-06-19T10:20:01.448+0530] {taskinstance.py:2306} INFO - Starting attempt 1 of 2
[2024-06-19T10:20:01.471+0530] {taskinstance.py:2330} INFO - Executing <Task(PythonOperator): parse_task> on 2024-06-19 04:40:00+00:00
[2024-06-19T10:20:01.473+0530] {standard_task_runner.py:63} INFO - Started process 4187 to run task
[2024-06-19T10:20:01.476+0530] {standard_task_runner.py:90} INFO - Running: ['airflow', 'tasks', 'run', 'Backup_Database', 'parse_task', 'scheduled__2024-06-19T04:40:00+00:00', '--job-id', '120', '--raw', '--subdir', 'DAGS_FOLDER/basic.py', '--cfg-path', '/tmp/tmpyuuqha7o']
[2024-06-19T10:20:01.477+0530] {standard_task_runner.py:91} INFO - Job 120: Subtask parse_task
[2024-06-19T10:20:01.515+0530] {task_command.py:426} INFO - Running <TaskInstance: Backup_Database.parse_task scheduled__2024-06-19T04:40:00+00:00 [running]> on host FN-21052948.
[2024-06-19T10:20:01.570+0530] {taskinstance.py:2648} INFO - Exporting env vars: AIRFLOW_CTX_DAG_OWNER='sarika' AIRFLOW_CTX_DAG_ID='Backup_Database' AIRFLOW_CTX_TASK_ID='parse_task' AIRFLOW_CTX_EXECUTION_DATE='2024-06-19T04:40:00+00:00' AIRFLOW_CTX_TRY_NUMBER='1' AIRFLOW_CTX_DAG_RUN_ID='scheduled__2024-06-19T04:40:00+00:00'
[2024-06-19T10:20:01.570+0530] {taskinstance.py:430} INFO - ::endgroup::
[2024-06-19T10:20:01.595+0530] {python.py:237} INFO - Done. Returned value was: None
[2024-06-19T10:20:01.595+0530] {taskinstance.py:441} INFO - ::group::Post task execution logs
[2024-06-19T10:20:01.600+0530] {taskinstance.py:1206} INFO - Marking task as SUCCESS. dag_id=Backup_Database, task_id=parse_task, run_id=scheduled__2024-06-19T04:40:00+00:00, execution_date=20240619T044000, start_date=20240619T045001, end_date=20240619T045001
[2024-06-19T10:20:01.648+0530] {local_task_job_runner.py:240} INFO - Task exited with return code 0
[2024-06-19T10:20:01.668+0530] {taskinstance.py:3503} INFO - 1 downstream tasks scheduled from follow-on schedule check
[2024-06-19T10:20:01.675+0530] {local_task_job_runner.py:222} INFO - ::endgroup::
[2024-06-19T10:24:27.267+0530] {local_task_job_runner.py:120} INFO - ::group::Pre task execution logs
[2024-06-19T10:24:27.290+0530] {taskinstance.py:2076} INFO - Dependencies all met for dep_context=non-requeueable deps ti=<TaskInstance: Backup_Database.parse_task scheduled__2024-06-19T04:40:00+00:00 [queued]>
[2024-06-19T10:24:27.298+0530] {taskinstance.py:2076} INFO - Dependencies all met for dep_context=requeueable deps ti=<TaskInstance: Backup_Database.parse_task scheduled__2024-06-19T04:40:00+00:00 [queued]>
[2024-06-19T10:24:27.298+0530] {taskinstance.py:2306} INFO - Starting attempt 1 of 2
[2024-06-19T10:24:27.319+0530] {taskinstance.py:2330} INFO - Executing <Task(PythonOperator): parse_task> on 2024-06-19 04:40:00+00:00
[2024-06-19T10:24:27.322+0530] {standard_task_runner.py:63} INFO - Started process 4670 to run task
[2024-06-19T10:24:27.325+0530] {standard_task_runner.py:90} INFO - Running: ['airflow', 'tasks', 'run', 'Backup_Database', 'parse_task', 'scheduled__2024-06-19T04:40:00+00:00', '--job-id', '125', '--raw', '--subdir', 'DAGS_FOLDER/basic.py', '--cfg-path', '/tmp/tmp7hn2twv9']
[2024-06-19T10:24:27.326+0530] {standard_task_runner.py:91} INFO - Job 125: Subtask parse_task
[2024-06-19T10:24:27.384+0530] {task_command.py:426} INFO - Running <TaskInstance: Backup_Database.parse_task scheduled__2024-06-19T04:40:00+00:00 [running]> on host FN-21052948.
[2024-06-19T10:24:27.465+0530] {taskinstance.py:2648} INFO - Exporting env vars: AIRFLOW_CTX_DAG_OWNER='sarika' AIRFLOW_CTX_DAG_ID='Backup_Database' AIRFLOW_CTX_TASK_ID='parse_task' AIRFLOW_CTX_EXECUTION_DATE='2024-06-19T04:40:00+00:00' AIRFLOW_CTX_TRY_NUMBER='1' AIRFLOW_CTX_DAG_RUN_ID='scheduled__2024-06-19T04:40:00+00:00'
[2024-06-19T10:24:27.465+0530] {taskinstance.py:430} INFO - ::endgroup::
[2024-06-19T10:24:27.502+0530] {python.py:237} INFO - Done. Returned value was: None
[2024-06-19T10:24:27.502+0530] {taskinstance.py:441} INFO - ::group::Post task execution logs
[2024-06-19T10:24:27.511+0530] {taskinstance.py:1206} INFO - Marking task as SUCCESS. dag_id=Backup_Database, task_id=parse_task, run_id=scheduled__2024-06-19T04:40:00+00:00, execution_date=20240619T044000, start_date=20240619T045427, end_date=20240619T045427
[2024-06-19T10:24:27.537+0530] {local_task_job_runner.py:240} INFO - Task exited with return code 0
[2024-06-19T10:24:27.556+0530] {taskinstance.py:3503} INFO - 1 downstream tasks scheduled from follow-on schedule check
[2024-06-19T10:24:27.565+0530] {local_task_job_runner.py:222} INFO - ::endgroup::
