[2024-06-18T13:06:24.769+0530] {processor.py:161} INFO - Started process (PID=25394) to work on /home/kiit/airflow-env/lib/python3.8/site-packages/airflow/example_dags/plugins/decreasing_priority_weight_strategy.py
[2024-06-18T13:06:24.769+0530] {processor.py:830} INFO - Processing file /home/kiit/airflow-env/lib/python3.8/site-packages/airflow/example_dags/plugins/decreasing_priority_weight_strategy.py for tasks to queue
[2024-06-18T13:06:24.770+0530] {logging_mixin.py:188} INFO - [2024-06-18T13:06:24.770+0530] {dagbag.py:545} INFO - Filling up the DagBag from /home/kiit/airflow-env/lib/python3.8/site-packages/airflow/example_dags/plugins/decreasing_priority_weight_strategy.py
[2024-06-18T13:06:24.772+0530] {processor.py:842} WARNING - No viable dags retrieved from /home/kiit/airflow-env/lib/python3.8/site-packages/airflow/example_dags/plugins/decreasing_priority_weight_strategy.py
[2024-06-18T13:06:24.779+0530] {processor.py:183} INFO - Processing /home/kiit/airflow-env/lib/python3.8/site-packages/airflow/example_dags/plugins/decreasing_priority_weight_strategy.py took 0.014 seconds
[2024-06-18T13:07:34.115+0530] {processor.py:161} INFO - Started process (PID=25482) to work on /home/kiit/airflow-env/lib/python3.8/site-packages/airflow/example_dags/plugins/decreasing_priority_weight_strategy.py
[2024-06-18T13:07:34.122+0530] {processor.py:830} INFO - Processing file /home/kiit/airflow-env/lib/python3.8/site-packages/airflow/example_dags/plugins/decreasing_priority_weight_strategy.py for tasks to queue
[2024-06-18T13:07:34.123+0530] {logging_mixin.py:188} INFO - [2024-06-18T13:07:34.123+0530] {dagbag.py:545} INFO - Filling up the DagBag from /home/kiit/airflow-env/lib/python3.8/site-packages/airflow/example_dags/plugins/decreasing_priority_weight_strategy.py
[2024-06-18T13:07:34.126+0530] {processor.py:842} WARNING - No viable dags retrieved from /home/kiit/airflow-env/lib/python3.8/site-packages/airflow/example_dags/plugins/decreasing_priority_weight_strategy.py
[2024-06-18T13:07:34.136+0530] {processor.py:183} INFO - Processing /home/kiit/airflow-env/lib/python3.8/site-packages/airflow/example_dags/plugins/decreasing_priority_weight_strategy.py took 0.027 seconds
[2024-06-18T13:08:39.617+0530] {processor.py:161} INFO - Started process (PID=25544) to work on /home/kiit/airflow-env/lib/python3.8/site-packages/airflow/example_dags/plugins/decreasing_priority_weight_strategy.py
[2024-06-18T13:08:39.624+0530] {processor.py:830} INFO - Processing file /home/kiit/airflow-env/lib/python3.8/site-packages/airflow/example_dags/plugins/decreasing_priority_weight_strategy.py for tasks to queue
[2024-06-18T13:08:39.625+0530] {logging_mixin.py:188} INFO - [2024-06-18T13:08:39.625+0530] {dagbag.py:545} INFO - Filling up the DagBag from /home/kiit/airflow-env/lib/python3.8/site-packages/airflow/example_dags/plugins/decreasing_priority_weight_strategy.py
[2024-06-18T13:08:39.626+0530] {processor.py:842} WARNING - No viable dags retrieved from /home/kiit/airflow-env/lib/python3.8/site-packages/airflow/example_dags/plugins/decreasing_priority_weight_strategy.py
[2024-06-18T13:08:39.633+0530] {processor.py:183} INFO - Processing /home/kiit/airflow-env/lib/python3.8/site-packages/airflow/example_dags/plugins/decreasing_priority_weight_strategy.py took 0.021 seconds
[2024-06-18T13:09:32.058+0530] {processor.py:161} INFO - Started process (PID=25609) to work on /home/kiit/airflow-env/lib/python3.8/site-packages/airflow/example_dags/plugins/decreasing_priority_weight_strategy.py
[2024-06-18T13:09:32.065+0530] {processor.py:830} INFO - Processing file /home/kiit/airflow-env/lib/python3.8/site-packages/airflow/example_dags/plugins/decreasing_priority_weight_strategy.py for tasks to queue
[2024-06-18T13:09:32.067+0530] {logging_mixin.py:188} INFO - [2024-06-18T13:09:32.067+0530] {dagbag.py:545} INFO - Filling up the DagBag from /home/kiit/airflow-env/lib/python3.8/site-packages/airflow/example_dags/plugins/decreasing_priority_weight_strategy.py
[2024-06-18T13:09:32.068+0530] {processor.py:842} WARNING - No viable dags retrieved from /home/kiit/airflow-env/lib/python3.8/site-packages/airflow/example_dags/plugins/decreasing_priority_weight_strategy.py
[2024-06-18T13:09:32.077+0530] {processor.py:183} INFO - Processing /home/kiit/airflow-env/lib/python3.8/site-packages/airflow/example_dags/plugins/decreasing_priority_weight_strategy.py took 0.025 seconds
[2024-06-18T13:10:35.334+0530] {processor.py:161} INFO - Started process (PID=25684) to work on /home/kiit/airflow-env/lib/python3.8/site-packages/airflow/example_dags/plugins/decreasing_priority_weight_strategy.py
[2024-06-18T13:10:35.335+0530] {processor.py:830} INFO - Processing file /home/kiit/airflow-env/lib/python3.8/site-packages/airflow/example_dags/plugins/decreasing_priority_weight_strategy.py for tasks to queue
[2024-06-18T13:10:35.337+0530] {logging_mixin.py:188} INFO - [2024-06-18T13:10:35.336+0530] {dagbag.py:545} INFO - Filling up the DagBag from /home/kiit/airflow-env/lib/python3.8/site-packages/airflow/example_dags/plugins/decreasing_priority_weight_strategy.py
[2024-06-18T13:10:35.338+0530] {processor.py:842} WARNING - No viable dags retrieved from /home/kiit/airflow-env/lib/python3.8/site-packages/airflow/example_dags/plugins/decreasing_priority_weight_strategy.py
[2024-06-18T13:10:35.344+0530] {processor.py:183} INFO - Processing /home/kiit/airflow-env/lib/python3.8/site-packages/airflow/example_dags/plugins/decreasing_priority_weight_strategy.py took 0.015 seconds
[2024-06-18T13:11:43.676+0530] {processor.py:161} INFO - Started process (PID=25759) to work on /home/kiit/airflow-env/lib/python3.8/site-packages/airflow/example_dags/plugins/decreasing_priority_weight_strategy.py
[2024-06-18T13:11:43.678+0530] {processor.py:830} INFO - Processing file /home/kiit/airflow-env/lib/python3.8/site-packages/airflow/example_dags/plugins/decreasing_priority_weight_strategy.py for tasks to queue
[2024-06-18T13:11:43.679+0530] {logging_mixin.py:188} INFO - [2024-06-18T13:11:43.679+0530] {dagbag.py:545} INFO - Filling up the DagBag from /home/kiit/airflow-env/lib/python3.8/site-packages/airflow/example_dags/plugins/decreasing_priority_weight_strategy.py
[2024-06-18T13:11:43.681+0530] {processor.py:842} WARNING - No viable dags retrieved from /home/kiit/airflow-env/lib/python3.8/site-packages/airflow/example_dags/plugins/decreasing_priority_weight_strategy.py
[2024-06-18T13:11:43.692+0530] {processor.py:183} INFO - Processing /home/kiit/airflow-env/lib/python3.8/site-packages/airflow/example_dags/plugins/decreasing_priority_weight_strategy.py took 0.021 seconds
[2024-06-18T13:12:45.490+0530] {processor.py:161} INFO - Started process (PID=25836) to work on /home/kiit/airflow-env/lib/python3.8/site-packages/airflow/example_dags/plugins/decreasing_priority_weight_strategy.py
[2024-06-18T13:12:45.492+0530] {processor.py:830} INFO - Processing file /home/kiit/airflow-env/lib/python3.8/site-packages/airflow/example_dags/plugins/decreasing_priority_weight_strategy.py for tasks to queue
[2024-06-18T13:12:45.493+0530] {logging_mixin.py:188} INFO - [2024-06-18T13:12:45.493+0530] {dagbag.py:545} INFO - Filling up the DagBag from /home/kiit/airflow-env/lib/python3.8/site-packages/airflow/example_dags/plugins/decreasing_priority_weight_strategy.py
[2024-06-18T13:12:45.495+0530] {processor.py:842} WARNING - No viable dags retrieved from /home/kiit/airflow-env/lib/python3.8/site-packages/airflow/example_dags/plugins/decreasing_priority_weight_strategy.py
[2024-06-18T13:12:45.502+0530] {processor.py:183} INFO - Processing /home/kiit/airflow-env/lib/python3.8/site-packages/airflow/example_dags/plugins/decreasing_priority_weight_strategy.py took 0.017 seconds
[2024-06-18T13:13:43.574+0530] {processor.py:161} INFO - Started process (PID=25904) to work on /home/kiit/airflow-env/lib/python3.8/site-packages/airflow/example_dags/plugins/decreasing_priority_weight_strategy.py
[2024-06-18T13:13:43.575+0530] {processor.py:830} INFO - Processing file /home/kiit/airflow-env/lib/python3.8/site-packages/airflow/example_dags/plugins/decreasing_priority_weight_strategy.py for tasks to queue
[2024-06-18T13:13:43.576+0530] {logging_mixin.py:188} INFO - [2024-06-18T13:13:43.576+0530] {dagbag.py:545} INFO - Filling up the DagBag from /home/kiit/airflow-env/lib/python3.8/site-packages/airflow/example_dags/plugins/decreasing_priority_weight_strategy.py
[2024-06-18T13:13:43.578+0530] {processor.py:842} WARNING - No viable dags retrieved from /home/kiit/airflow-env/lib/python3.8/site-packages/airflow/example_dags/plugins/decreasing_priority_weight_strategy.py
[2024-06-18T13:13:43.584+0530] {processor.py:183} INFO - Processing /home/kiit/airflow-env/lib/python3.8/site-packages/airflow/example_dags/plugins/decreasing_priority_weight_strategy.py took 0.014 seconds
[2024-06-18T13:14:38.967+0530] {processor.py:161} INFO - Started process (PID=25976) to work on /home/kiit/airflow-env/lib/python3.8/site-packages/airflow/example_dags/plugins/decreasing_priority_weight_strategy.py
[2024-06-18T13:14:38.968+0530] {processor.py:830} INFO - Processing file /home/kiit/airflow-env/lib/python3.8/site-packages/airflow/example_dags/plugins/decreasing_priority_weight_strategy.py for tasks to queue
[2024-06-18T13:14:38.970+0530] {logging_mixin.py:188} INFO - [2024-06-18T13:14:38.969+0530] {dagbag.py:545} INFO - Filling up the DagBag from /home/kiit/airflow-env/lib/python3.8/site-packages/airflow/example_dags/plugins/decreasing_priority_weight_strategy.py
[2024-06-18T13:14:38.972+0530] {processor.py:842} WARNING - No viable dags retrieved from /home/kiit/airflow-env/lib/python3.8/site-packages/airflow/example_dags/plugins/decreasing_priority_weight_strategy.py
[2024-06-18T13:14:38.979+0530] {processor.py:183} INFO - Processing /home/kiit/airflow-env/lib/python3.8/site-packages/airflow/example_dags/plugins/decreasing_priority_weight_strategy.py took 0.016 seconds
[2024-06-18T13:15:42.932+0530] {processor.py:161} INFO - Started process (PID=26048) to work on /home/kiit/airflow-env/lib/python3.8/site-packages/airflow/example_dags/plugins/decreasing_priority_weight_strategy.py
[2024-06-18T13:15:42.934+0530] {processor.py:830} INFO - Processing file /home/kiit/airflow-env/lib/python3.8/site-packages/airflow/example_dags/plugins/decreasing_priority_weight_strategy.py for tasks to queue
[2024-06-18T13:15:42.935+0530] {logging_mixin.py:188} INFO - [2024-06-18T13:15:42.935+0530] {dagbag.py:545} INFO - Filling up the DagBag from /home/kiit/airflow-env/lib/python3.8/site-packages/airflow/example_dags/plugins/decreasing_priority_weight_strategy.py
[2024-06-18T13:15:42.938+0530] {processor.py:842} WARNING - No viable dags retrieved from /home/kiit/airflow-env/lib/python3.8/site-packages/airflow/example_dags/plugins/decreasing_priority_weight_strategy.py
[2024-06-18T13:15:42.948+0530] {processor.py:183} INFO - Processing /home/kiit/airflow-env/lib/python3.8/site-packages/airflow/example_dags/plugins/decreasing_priority_weight_strategy.py took 0.022 seconds
[2024-06-18T13:16:41.008+0530] {processor.py:161} INFO - Started process (PID=26122) to work on /home/kiit/airflow-env/lib/python3.8/site-packages/airflow/example_dags/plugins/decreasing_priority_weight_strategy.py
[2024-06-18T13:16:41.009+0530] {processor.py:830} INFO - Processing file /home/kiit/airflow-env/lib/python3.8/site-packages/airflow/example_dags/plugins/decreasing_priority_weight_strategy.py for tasks to queue
[2024-06-18T13:16:41.010+0530] {logging_mixin.py:188} INFO - [2024-06-18T13:16:41.010+0530] {dagbag.py:545} INFO - Filling up the DagBag from /home/kiit/airflow-env/lib/python3.8/site-packages/airflow/example_dags/plugins/decreasing_priority_weight_strategy.py
[2024-06-18T13:16:41.012+0530] {processor.py:842} WARNING - No viable dags retrieved from /home/kiit/airflow-env/lib/python3.8/site-packages/airflow/example_dags/plugins/decreasing_priority_weight_strategy.py
[2024-06-18T13:16:41.019+0530] {processor.py:183} INFO - Processing /home/kiit/airflow-env/lib/python3.8/site-packages/airflow/example_dags/plugins/decreasing_priority_weight_strategy.py took 0.016 seconds
[2024-06-18T13:17:40.281+0530] {processor.py:161} INFO - Started process (PID=26189) to work on /home/kiit/airflow-env/lib/python3.8/site-packages/airflow/example_dags/plugins/decreasing_priority_weight_strategy.py
[2024-06-18T13:17:40.282+0530] {processor.py:830} INFO - Processing file /home/kiit/airflow-env/lib/python3.8/site-packages/airflow/example_dags/plugins/decreasing_priority_weight_strategy.py for tasks to queue
[2024-06-18T13:17:40.283+0530] {logging_mixin.py:188} INFO - [2024-06-18T13:17:40.283+0530] {dagbag.py:545} INFO - Filling up the DagBag from /home/kiit/airflow-env/lib/python3.8/site-packages/airflow/example_dags/plugins/decreasing_priority_weight_strategy.py
[2024-06-18T13:17:40.285+0530] {processor.py:842} WARNING - No viable dags retrieved from /home/kiit/airflow-env/lib/python3.8/site-packages/airflow/example_dags/plugins/decreasing_priority_weight_strategy.py
[2024-06-18T13:17:40.294+0530] {processor.py:183} INFO - Processing /home/kiit/airflow-env/lib/python3.8/site-packages/airflow/example_dags/plugins/decreasing_priority_weight_strategy.py took 0.018 seconds
[2024-06-18T13:18:44.913+0530] {processor.py:161} INFO - Started process (PID=26267) to work on /home/kiit/airflow-env/lib/python3.8/site-packages/airflow/example_dags/plugins/decreasing_priority_weight_strategy.py
[2024-06-18T13:18:44.914+0530] {processor.py:830} INFO - Processing file /home/kiit/airflow-env/lib/python3.8/site-packages/airflow/example_dags/plugins/decreasing_priority_weight_strategy.py for tasks to queue
[2024-06-18T13:18:44.915+0530] {logging_mixin.py:188} INFO - [2024-06-18T13:18:44.914+0530] {dagbag.py:545} INFO - Filling up the DagBag from /home/kiit/airflow-env/lib/python3.8/site-packages/airflow/example_dags/plugins/decreasing_priority_weight_strategy.py
[2024-06-18T13:18:44.916+0530] {processor.py:842} WARNING - No viable dags retrieved from /home/kiit/airflow-env/lib/python3.8/site-packages/airflow/example_dags/plugins/decreasing_priority_weight_strategy.py
[2024-06-18T13:18:44.923+0530] {processor.py:183} INFO - Processing /home/kiit/airflow-env/lib/python3.8/site-packages/airflow/example_dags/plugins/decreasing_priority_weight_strategy.py took 0.015 seconds
[2024-06-18T13:19:44.652+0530] {processor.py:161} INFO - Started process (PID=26336) to work on /home/kiit/airflow-env/lib/python3.8/site-packages/airflow/example_dags/plugins/decreasing_priority_weight_strategy.py
[2024-06-18T13:19:44.659+0530] {processor.py:830} INFO - Processing file /home/kiit/airflow-env/lib/python3.8/site-packages/airflow/example_dags/plugins/decreasing_priority_weight_strategy.py for tasks to queue
[2024-06-18T13:19:44.660+0530] {logging_mixin.py:188} INFO - [2024-06-18T13:19:44.660+0530] {dagbag.py:545} INFO - Filling up the DagBag from /home/kiit/airflow-env/lib/python3.8/site-packages/airflow/example_dags/plugins/decreasing_priority_weight_strategy.py
[2024-06-18T13:19:44.662+0530] {processor.py:842} WARNING - No viable dags retrieved from /home/kiit/airflow-env/lib/python3.8/site-packages/airflow/example_dags/plugins/decreasing_priority_weight_strategy.py
[2024-06-18T13:19:44.669+0530] {processor.py:183} INFO - Processing /home/kiit/airflow-env/lib/python3.8/site-packages/airflow/example_dags/plugins/decreasing_priority_weight_strategy.py took 0.023 seconds
[2024-06-18T13:20:41.049+0530] {processor.py:161} INFO - Started process (PID=26410) to work on /home/kiit/airflow-env/lib/python3.8/site-packages/airflow/example_dags/plugins/decreasing_priority_weight_strategy.py
[2024-06-18T13:20:41.051+0530] {processor.py:830} INFO - Processing file /home/kiit/airflow-env/lib/python3.8/site-packages/airflow/example_dags/plugins/decreasing_priority_weight_strategy.py for tasks to queue
[2024-06-18T13:20:41.052+0530] {logging_mixin.py:188} INFO - [2024-06-18T13:20:41.052+0530] {dagbag.py:545} INFO - Filling up the DagBag from /home/kiit/airflow-env/lib/python3.8/site-packages/airflow/example_dags/plugins/decreasing_priority_weight_strategy.py
[2024-06-18T13:20:41.053+0530] {processor.py:842} WARNING - No viable dags retrieved from /home/kiit/airflow-env/lib/python3.8/site-packages/airflow/example_dags/plugins/decreasing_priority_weight_strategy.py
[2024-06-18T13:20:41.061+0530] {processor.py:183} INFO - Processing /home/kiit/airflow-env/lib/python3.8/site-packages/airflow/example_dags/plugins/decreasing_priority_weight_strategy.py took 0.017 seconds
[2024-06-18T13:21:38.725+0530] {processor.py:161} INFO - Started process (PID=26477) to work on /home/kiit/airflow-env/lib/python3.8/site-packages/airflow/example_dags/plugins/decreasing_priority_weight_strategy.py
[2024-06-18T13:21:38.727+0530] {processor.py:830} INFO - Processing file /home/kiit/airflow-env/lib/python3.8/site-packages/airflow/example_dags/plugins/decreasing_priority_weight_strategy.py for tasks to queue
[2024-06-18T13:21:38.728+0530] {logging_mixin.py:188} INFO - [2024-06-18T13:21:38.728+0530] {dagbag.py:545} INFO - Filling up the DagBag from /home/kiit/airflow-env/lib/python3.8/site-packages/airflow/example_dags/plugins/decreasing_priority_weight_strategy.py
[2024-06-18T13:21:38.730+0530] {processor.py:842} WARNING - No viable dags retrieved from /home/kiit/airflow-env/lib/python3.8/site-packages/airflow/example_dags/plugins/decreasing_priority_weight_strategy.py
[2024-06-18T13:21:38.738+0530] {processor.py:183} INFO - Processing /home/kiit/airflow-env/lib/python3.8/site-packages/airflow/example_dags/plugins/decreasing_priority_weight_strategy.py took 0.017 seconds
[2024-06-18T13:22:36.769+0530] {processor.py:161} INFO - Started process (PID=26551) to work on /home/kiit/airflow-env/lib/python3.8/site-packages/airflow/example_dags/plugins/decreasing_priority_weight_strategy.py
[2024-06-18T13:22:36.771+0530] {processor.py:830} INFO - Processing file /home/kiit/airflow-env/lib/python3.8/site-packages/airflow/example_dags/plugins/decreasing_priority_weight_strategy.py for tasks to queue
[2024-06-18T13:22:36.772+0530] {logging_mixin.py:188} INFO - [2024-06-18T13:22:36.772+0530] {dagbag.py:545} INFO - Filling up the DagBag from /home/kiit/airflow-env/lib/python3.8/site-packages/airflow/example_dags/plugins/decreasing_priority_weight_strategy.py
[2024-06-18T13:22:36.774+0530] {processor.py:842} WARNING - No viable dags retrieved from /home/kiit/airflow-env/lib/python3.8/site-packages/airflow/example_dags/plugins/decreasing_priority_weight_strategy.py
[2024-06-18T13:22:36.782+0530] {processor.py:183} INFO - Processing /home/kiit/airflow-env/lib/python3.8/site-packages/airflow/example_dags/plugins/decreasing_priority_weight_strategy.py took 0.018 seconds
[2024-06-18T13:23:31.747+0530] {processor.py:161} INFO - Started process (PID=26616) to work on /home/kiit/airflow-env/lib/python3.8/site-packages/airflow/example_dags/plugins/decreasing_priority_weight_strategy.py
[2024-06-18T13:23:31.753+0530] {processor.py:830} INFO - Processing file /home/kiit/airflow-env/lib/python3.8/site-packages/airflow/example_dags/plugins/decreasing_priority_weight_strategy.py for tasks to queue
[2024-06-18T13:23:31.754+0530] {logging_mixin.py:188} INFO - [2024-06-18T13:23:31.754+0530] {dagbag.py:545} INFO - Filling up the DagBag from /home/kiit/airflow-env/lib/python3.8/site-packages/airflow/example_dags/plugins/decreasing_priority_weight_strategy.py
[2024-06-18T13:23:31.755+0530] {processor.py:842} WARNING - No viable dags retrieved from /home/kiit/airflow-env/lib/python3.8/site-packages/airflow/example_dags/plugins/decreasing_priority_weight_strategy.py
[2024-06-18T13:23:31.762+0530] {processor.py:183} INFO - Processing /home/kiit/airflow-env/lib/python3.8/site-packages/airflow/example_dags/plugins/decreasing_priority_weight_strategy.py took 0.019 seconds
[2024-06-18T13:24:31.688+0530] {processor.py:161} INFO - Started process (PID=26691) to work on /home/kiit/airflow-env/lib/python3.8/site-packages/airflow/example_dags/plugins/decreasing_priority_weight_strategy.py
[2024-06-18T13:24:31.689+0530] {processor.py:830} INFO - Processing file /home/kiit/airflow-env/lib/python3.8/site-packages/airflow/example_dags/plugins/decreasing_priority_weight_strategy.py for tasks to queue
[2024-06-18T13:24:31.690+0530] {logging_mixin.py:188} INFO - [2024-06-18T13:24:31.689+0530] {dagbag.py:545} INFO - Filling up the DagBag from /home/kiit/airflow-env/lib/python3.8/site-packages/airflow/example_dags/plugins/decreasing_priority_weight_strategy.py
[2024-06-18T13:24:31.691+0530] {processor.py:842} WARNING - No viable dags retrieved from /home/kiit/airflow-env/lib/python3.8/site-packages/airflow/example_dags/plugins/decreasing_priority_weight_strategy.py
[2024-06-18T13:24:31.697+0530] {processor.py:183} INFO - Processing /home/kiit/airflow-env/lib/python3.8/site-packages/airflow/example_dags/plugins/decreasing_priority_weight_strategy.py took 0.014 seconds
[2024-06-18T13:25:27.464+0530] {processor.py:161} INFO - Started process (PID=26763) to work on /home/kiit/airflow-env/lib/python3.8/site-packages/airflow/example_dags/plugins/decreasing_priority_weight_strategy.py
[2024-06-18T13:25:27.465+0530] {processor.py:830} INFO - Processing file /home/kiit/airflow-env/lib/python3.8/site-packages/airflow/example_dags/plugins/decreasing_priority_weight_strategy.py for tasks to queue
[2024-06-18T13:25:27.467+0530] {logging_mixin.py:188} INFO - [2024-06-18T13:25:27.466+0530] {dagbag.py:545} INFO - Filling up the DagBag from /home/kiit/airflow-env/lib/python3.8/site-packages/airflow/example_dags/plugins/decreasing_priority_weight_strategy.py
[2024-06-18T13:25:27.468+0530] {processor.py:842} WARNING - No viable dags retrieved from /home/kiit/airflow-env/lib/python3.8/site-packages/airflow/example_dags/plugins/decreasing_priority_weight_strategy.py
[2024-06-18T13:25:27.477+0530] {processor.py:183} INFO - Processing /home/kiit/airflow-env/lib/python3.8/site-packages/airflow/example_dags/plugins/decreasing_priority_weight_strategy.py took 0.017 seconds
[2024-06-18T13:26:26.602+0530] {processor.py:161} INFO - Started process (PID=26836) to work on /home/kiit/airflow-env/lib/python3.8/site-packages/airflow/example_dags/plugins/decreasing_priority_weight_strategy.py
[2024-06-18T13:26:26.603+0530] {processor.py:830} INFO - Processing file /home/kiit/airflow-env/lib/python3.8/site-packages/airflow/example_dags/plugins/decreasing_priority_weight_strategy.py for tasks to queue
[2024-06-18T13:26:26.604+0530] {logging_mixin.py:188} INFO - [2024-06-18T13:26:26.604+0530] {dagbag.py:545} INFO - Filling up the DagBag from /home/kiit/airflow-env/lib/python3.8/site-packages/airflow/example_dags/plugins/decreasing_priority_weight_strategy.py
[2024-06-18T13:26:26.606+0530] {processor.py:842} WARNING - No viable dags retrieved from /home/kiit/airflow-env/lib/python3.8/site-packages/airflow/example_dags/plugins/decreasing_priority_weight_strategy.py
[2024-06-18T13:26:26.615+0530] {processor.py:183} INFO - Processing /home/kiit/airflow-env/lib/python3.8/site-packages/airflow/example_dags/plugins/decreasing_priority_weight_strategy.py took 0.018 seconds
[2024-06-18T13:27:41.616+0530] {processor.py:161} INFO - Started process (PID=26913) to work on /home/kiit/airflow-env/lib/python3.8/site-packages/airflow/example_dags/plugins/decreasing_priority_weight_strategy.py
[2024-06-18T13:27:41.622+0530] {processor.py:830} INFO - Processing file /home/kiit/airflow-env/lib/python3.8/site-packages/airflow/example_dags/plugins/decreasing_priority_weight_strategy.py for tasks to queue
[2024-06-18T13:27:41.629+0530] {logging_mixin.py:188} INFO - [2024-06-18T13:27:41.627+0530] {dagbag.py:545} INFO - Filling up the DagBag from /home/kiit/airflow-env/lib/python3.8/site-packages/airflow/example_dags/plugins/decreasing_priority_weight_strategy.py
[2024-06-18T13:27:41.639+0530] {processor.py:842} WARNING - No viable dags retrieved from /home/kiit/airflow-env/lib/python3.8/site-packages/airflow/example_dags/plugins/decreasing_priority_weight_strategy.py
[2024-06-18T13:27:41.692+0530] {processor.py:183} INFO - Processing /home/kiit/airflow-env/lib/python3.8/site-packages/airflow/example_dags/plugins/decreasing_priority_weight_strategy.py took 0.101 seconds
[2024-06-18T13:28:57.794+0530] {processor.py:161} INFO - Started process (PID=26971) to work on /home/kiit/airflow-env/lib/python3.8/site-packages/airflow/example_dags/plugins/decreasing_priority_weight_strategy.py
[2024-06-18T13:28:57.800+0530] {processor.py:830} INFO - Processing file /home/kiit/airflow-env/lib/python3.8/site-packages/airflow/example_dags/plugins/decreasing_priority_weight_strategy.py for tasks to queue
[2024-06-18T13:28:57.807+0530] {logging_mixin.py:188} INFO - [2024-06-18T13:28:57.806+0530] {dagbag.py:545} INFO - Filling up the DagBag from /home/kiit/airflow-env/lib/python3.8/site-packages/airflow/example_dags/plugins/decreasing_priority_weight_strategy.py
[2024-06-18T13:28:57.813+0530] {processor.py:842} WARNING - No viable dags retrieved from /home/kiit/airflow-env/lib/python3.8/site-packages/airflow/example_dags/plugins/decreasing_priority_weight_strategy.py
[2024-06-18T13:28:57.863+0530] {processor.py:183} INFO - Processing /home/kiit/airflow-env/lib/python3.8/site-packages/airflow/example_dags/plugins/decreasing_priority_weight_strategy.py took 0.092 seconds
[2024-06-18T13:30:03.719+0530] {processor.py:161} INFO - Started process (PID=27049) to work on /home/kiit/airflow-env/lib/python3.8/site-packages/airflow/example_dags/plugins/decreasing_priority_weight_strategy.py
[2024-06-18T13:30:03.721+0530] {processor.py:830} INFO - Processing file /home/kiit/airflow-env/lib/python3.8/site-packages/airflow/example_dags/plugins/decreasing_priority_weight_strategy.py for tasks to queue
[2024-06-18T13:30:03.723+0530] {logging_mixin.py:188} INFO - [2024-06-18T13:30:03.723+0530] {dagbag.py:545} INFO - Filling up the DagBag from /home/kiit/airflow-env/lib/python3.8/site-packages/airflow/example_dags/plugins/decreasing_priority_weight_strategy.py
[2024-06-18T13:30:03.726+0530] {processor.py:842} WARNING - No viable dags retrieved from /home/kiit/airflow-env/lib/python3.8/site-packages/airflow/example_dags/plugins/decreasing_priority_weight_strategy.py
[2024-06-18T13:30:03.737+0530] {processor.py:183} INFO - Processing /home/kiit/airflow-env/lib/python3.8/site-packages/airflow/example_dags/plugins/decreasing_priority_weight_strategy.py took 0.024 seconds
[2024-06-18T13:31:20.397+0530] {processor.py:161} INFO - Started process (PID=27141) to work on /home/kiit/airflow-env/lib/python3.8/site-packages/airflow/example_dags/plugins/decreasing_priority_weight_strategy.py
[2024-06-18T13:31:20.398+0530] {processor.py:830} INFO - Processing file /home/kiit/airflow-env/lib/python3.8/site-packages/airflow/example_dags/plugins/decreasing_priority_weight_strategy.py for tasks to queue
[2024-06-18T13:31:20.401+0530] {logging_mixin.py:188} INFO - [2024-06-18T13:31:20.400+0530] {dagbag.py:545} INFO - Filling up the DagBag from /home/kiit/airflow-env/lib/python3.8/site-packages/airflow/example_dags/plugins/decreasing_priority_weight_strategy.py
[2024-06-18T13:31:20.405+0530] {processor.py:842} WARNING - No viable dags retrieved from /home/kiit/airflow-env/lib/python3.8/site-packages/airflow/example_dags/plugins/decreasing_priority_weight_strategy.py
[2024-06-18T13:31:20.423+0530] {processor.py:183} INFO - Processing /home/kiit/airflow-env/lib/python3.8/site-packages/airflow/example_dags/plugins/decreasing_priority_weight_strategy.py took 0.036 seconds
[2024-06-18T13:32:11.374+0530] {processor.py:161} INFO - Started process (PID=27563) to work on /home/kiit/airflow-env/lib/python3.8/site-packages/airflow/example_dags/plugins/decreasing_priority_weight_strategy.py
[2024-06-18T13:32:11.375+0530] {processor.py:830} INFO - Processing file /home/kiit/airflow-env/lib/python3.8/site-packages/airflow/example_dags/plugins/decreasing_priority_weight_strategy.py for tasks to queue
[2024-06-18T13:32:11.377+0530] {logging_mixin.py:188} INFO - [2024-06-18T13:32:11.376+0530] {dagbag.py:545} INFO - Filling up the DagBag from /home/kiit/airflow-env/lib/python3.8/site-packages/airflow/example_dags/plugins/decreasing_priority_weight_strategy.py
[2024-06-18T13:32:11.378+0530] {processor.py:842} WARNING - No viable dags retrieved from /home/kiit/airflow-env/lib/python3.8/site-packages/airflow/example_dags/plugins/decreasing_priority_weight_strategy.py
[2024-06-18T13:32:11.387+0530] {processor.py:183} INFO - Processing /home/kiit/airflow-env/lib/python3.8/site-packages/airflow/example_dags/plugins/decreasing_priority_weight_strategy.py took 0.020 seconds
[2024-06-18T13:33:12.919+0530] {processor.py:161} INFO - Started process (PID=28475) to work on /home/kiit/airflow-env/lib/python3.8/site-packages/airflow/example_dags/plugins/decreasing_priority_weight_strategy.py
[2024-06-18T13:33:12.921+0530] {processor.py:830} INFO - Processing file /home/kiit/airflow-env/lib/python3.8/site-packages/airflow/example_dags/plugins/decreasing_priority_weight_strategy.py for tasks to queue
[2024-06-18T13:33:12.924+0530] {logging_mixin.py:188} INFO - [2024-06-18T13:33:12.923+0530] {dagbag.py:545} INFO - Filling up the DagBag from /home/kiit/airflow-env/lib/python3.8/site-packages/airflow/example_dags/plugins/decreasing_priority_weight_strategy.py
[2024-06-18T13:33:12.927+0530] {processor.py:842} WARNING - No viable dags retrieved from /home/kiit/airflow-env/lib/python3.8/site-packages/airflow/example_dags/plugins/decreasing_priority_weight_strategy.py
[2024-06-18T13:33:12.942+0530] {processor.py:183} INFO - Processing /home/kiit/airflow-env/lib/python3.8/site-packages/airflow/example_dags/plugins/decreasing_priority_weight_strategy.py took 0.033 seconds
[2024-06-18T13:34:15.839+0530] {processor.py:161} INFO - Started process (PID=30435) to work on /home/kiit/airflow-env/lib/python3.8/site-packages/airflow/example_dags/plugins/decreasing_priority_weight_strategy.py
[2024-06-18T13:34:15.846+0530] {processor.py:830} INFO - Processing file /home/kiit/airflow-env/lib/python3.8/site-packages/airflow/example_dags/plugins/decreasing_priority_weight_strategy.py for tasks to queue
[2024-06-18T13:34:15.849+0530] {logging_mixin.py:188} INFO - [2024-06-18T13:34:15.848+0530] {dagbag.py:545} INFO - Filling up the DagBag from /home/kiit/airflow-env/lib/python3.8/site-packages/airflow/example_dags/plugins/decreasing_priority_weight_strategy.py
[2024-06-18T13:34:15.851+0530] {processor.py:842} WARNING - No viable dags retrieved from /home/kiit/airflow-env/lib/python3.8/site-packages/airflow/example_dags/plugins/decreasing_priority_weight_strategy.py
[2024-06-18T13:34:15.859+0530] {processor.py:183} INFO - Processing /home/kiit/airflow-env/lib/python3.8/site-packages/airflow/example_dags/plugins/decreasing_priority_weight_strategy.py took 0.026 seconds
[2024-06-18T13:35:14.390+0530] {processor.py:161} INFO - Started process (PID=30510) to work on /home/kiit/airflow-env/lib/python3.8/site-packages/airflow/example_dags/plugins/decreasing_priority_weight_strategy.py
[2024-06-18T13:35:14.391+0530] {processor.py:830} INFO - Processing file /home/kiit/airflow-env/lib/python3.8/site-packages/airflow/example_dags/plugins/decreasing_priority_weight_strategy.py for tasks to queue
[2024-06-18T13:35:14.393+0530] {logging_mixin.py:188} INFO - [2024-06-18T13:35:14.393+0530] {dagbag.py:545} INFO - Filling up the DagBag from /home/kiit/airflow-env/lib/python3.8/site-packages/airflow/example_dags/plugins/decreasing_priority_weight_strategy.py
[2024-06-18T13:35:14.395+0530] {processor.py:842} WARNING - No viable dags retrieved from /home/kiit/airflow-env/lib/python3.8/site-packages/airflow/example_dags/plugins/decreasing_priority_weight_strategy.py
[2024-06-18T13:35:14.404+0530] {processor.py:183} INFO - Processing /home/kiit/airflow-env/lib/python3.8/site-packages/airflow/example_dags/plugins/decreasing_priority_weight_strategy.py took 0.019 seconds
[2024-06-18T13:36:20.383+0530] {processor.py:161} INFO - Started process (PID=30582) to work on /home/kiit/airflow-env/lib/python3.8/site-packages/airflow/example_dags/plugins/decreasing_priority_weight_strategy.py
[2024-06-18T13:36:20.384+0530] {processor.py:830} INFO - Processing file /home/kiit/airflow-env/lib/python3.8/site-packages/airflow/example_dags/plugins/decreasing_priority_weight_strategy.py for tasks to queue
[2024-06-18T13:36:20.385+0530] {logging_mixin.py:188} INFO - [2024-06-18T13:36:20.385+0530] {dagbag.py:545} INFO - Filling up the DagBag from /home/kiit/airflow-env/lib/python3.8/site-packages/airflow/example_dags/plugins/decreasing_priority_weight_strategy.py
[2024-06-18T13:36:20.387+0530] {processor.py:842} WARNING - No viable dags retrieved from /home/kiit/airflow-env/lib/python3.8/site-packages/airflow/example_dags/plugins/decreasing_priority_weight_strategy.py
[2024-06-18T13:36:20.397+0530] {processor.py:183} INFO - Processing /home/kiit/airflow-env/lib/python3.8/site-packages/airflow/example_dags/plugins/decreasing_priority_weight_strategy.py took 0.019 seconds
[2024-06-18T13:37:21.548+0530] {processor.py:161} INFO - Started process (PID=30659) to work on /home/kiit/airflow-env/lib/python3.8/site-packages/airflow/example_dags/plugins/decreasing_priority_weight_strategy.py
[2024-06-18T13:37:21.550+0530] {processor.py:830} INFO - Processing file /home/kiit/airflow-env/lib/python3.8/site-packages/airflow/example_dags/plugins/decreasing_priority_weight_strategy.py for tasks to queue
[2024-06-18T13:37:21.552+0530] {logging_mixin.py:188} INFO - [2024-06-18T13:37:21.551+0530] {dagbag.py:545} INFO - Filling up the DagBag from /home/kiit/airflow-env/lib/python3.8/site-packages/airflow/example_dags/plugins/decreasing_priority_weight_strategy.py
[2024-06-18T13:37:21.553+0530] {processor.py:842} WARNING - No viable dags retrieved from /home/kiit/airflow-env/lib/python3.8/site-packages/airflow/example_dags/plugins/decreasing_priority_weight_strategy.py
[2024-06-18T13:37:21.561+0530] {processor.py:183} INFO - Processing /home/kiit/airflow-env/lib/python3.8/site-packages/airflow/example_dags/plugins/decreasing_priority_weight_strategy.py took 0.018 seconds
[2024-06-18T13:38:38.587+0530] {processor.py:161} INFO - Started process (PID=30736) to work on /home/kiit/airflow-env/lib/python3.8/site-packages/airflow/example_dags/plugins/decreasing_priority_weight_strategy.py
[2024-06-18T13:38:38.588+0530] {processor.py:830} INFO - Processing file /home/kiit/airflow-env/lib/python3.8/site-packages/airflow/example_dags/plugins/decreasing_priority_weight_strategy.py for tasks to queue
[2024-06-18T13:38:38.591+0530] {logging_mixin.py:188} INFO - [2024-06-18T13:38:38.590+0530] {dagbag.py:545} INFO - Filling up the DagBag from /home/kiit/airflow-env/lib/python3.8/site-packages/airflow/example_dags/plugins/decreasing_priority_weight_strategy.py
[2024-06-18T13:38:38.593+0530] {processor.py:842} WARNING - No viable dags retrieved from /home/kiit/airflow-env/lib/python3.8/site-packages/airflow/example_dags/plugins/decreasing_priority_weight_strategy.py
[2024-06-18T13:38:38.604+0530] {processor.py:183} INFO - Processing /home/kiit/airflow-env/lib/python3.8/site-packages/airflow/example_dags/plugins/decreasing_priority_weight_strategy.py took 0.025 seconds
[2024-06-18T13:39:44.526+0530] {processor.py:161} INFO - Started process (PID=30818) to work on /home/kiit/airflow-env/lib/python3.8/site-packages/airflow/example_dags/plugins/decreasing_priority_weight_strategy.py
[2024-06-18T13:39:44.533+0530] {processor.py:830} INFO - Processing file /home/kiit/airflow-env/lib/python3.8/site-packages/airflow/example_dags/plugins/decreasing_priority_weight_strategy.py for tasks to queue
[2024-06-18T13:39:44.535+0530] {logging_mixin.py:188} INFO - [2024-06-18T13:39:44.534+0530] {dagbag.py:545} INFO - Filling up the DagBag from /home/kiit/airflow-env/lib/python3.8/site-packages/airflow/example_dags/plugins/decreasing_priority_weight_strategy.py
[2024-06-18T13:39:44.538+0530] {processor.py:842} WARNING - No viable dags retrieved from /home/kiit/airflow-env/lib/python3.8/site-packages/airflow/example_dags/plugins/decreasing_priority_weight_strategy.py
[2024-06-18T13:39:44.547+0530] {processor.py:183} INFO - Processing /home/kiit/airflow-env/lib/python3.8/site-packages/airflow/example_dags/plugins/decreasing_priority_weight_strategy.py took 0.026 seconds
[2024-06-18T13:40:45.588+0530] {processor.py:161} INFO - Started process (PID=30954) to work on /home/kiit/airflow-env/lib/python3.8/site-packages/airflow/example_dags/plugins/decreasing_priority_weight_strategy.py
[2024-06-18T13:40:45.595+0530] {processor.py:830} INFO - Processing file /home/kiit/airflow-env/lib/python3.8/site-packages/airflow/example_dags/plugins/decreasing_priority_weight_strategy.py for tasks to queue
[2024-06-18T13:40:45.597+0530] {logging_mixin.py:188} INFO - [2024-06-18T13:40:45.596+0530] {dagbag.py:545} INFO - Filling up the DagBag from /home/kiit/airflow-env/lib/python3.8/site-packages/airflow/example_dags/plugins/decreasing_priority_weight_strategy.py
[2024-06-18T13:40:45.598+0530] {processor.py:842} WARNING - No viable dags retrieved from /home/kiit/airflow-env/lib/python3.8/site-packages/airflow/example_dags/plugins/decreasing_priority_weight_strategy.py
[2024-06-18T13:40:45.606+0530] {processor.py:183} INFO - Processing /home/kiit/airflow-env/lib/python3.8/site-packages/airflow/example_dags/plugins/decreasing_priority_weight_strategy.py took 0.023 seconds
[2024-06-18T13:41:47.685+0530] {processor.py:161} INFO - Started process (PID=31031) to work on /home/kiit/airflow-env/lib/python3.8/site-packages/airflow/example_dags/plugins/decreasing_priority_weight_strategy.py
[2024-06-18T13:41:47.692+0530] {processor.py:830} INFO - Processing file /home/kiit/airflow-env/lib/python3.8/site-packages/airflow/example_dags/plugins/decreasing_priority_weight_strategy.py for tasks to queue
[2024-06-18T13:41:47.693+0530] {logging_mixin.py:188} INFO - [2024-06-18T13:41:47.693+0530] {dagbag.py:545} INFO - Filling up the DagBag from /home/kiit/airflow-env/lib/python3.8/site-packages/airflow/example_dags/plugins/decreasing_priority_weight_strategy.py
[2024-06-18T13:41:47.695+0530] {processor.py:842} WARNING - No viable dags retrieved from /home/kiit/airflow-env/lib/python3.8/site-packages/airflow/example_dags/plugins/decreasing_priority_weight_strategy.py
[2024-06-18T13:41:47.702+0530] {processor.py:183} INFO - Processing /home/kiit/airflow-env/lib/python3.8/site-packages/airflow/example_dags/plugins/decreasing_priority_weight_strategy.py took 0.022 seconds
[2024-06-18T15:05:51.080+0530] {processor.py:161} INFO - Started process (PID=33645) to work on /home/kiit/airflow-env/lib/python3.8/site-packages/airflow/example_dags/plugins/decreasing_priority_weight_strategy.py
[2024-06-18T15:05:51.081+0530] {processor.py:830} INFO - Processing file /home/kiit/airflow-env/lib/python3.8/site-packages/airflow/example_dags/plugins/decreasing_priority_weight_strategy.py for tasks to queue
[2024-06-18T15:05:51.083+0530] {logging_mixin.py:188} INFO - [2024-06-18T15:05:51.082+0530] {dagbag.py:545} INFO - Filling up the DagBag from /home/kiit/airflow-env/lib/python3.8/site-packages/airflow/example_dags/plugins/decreasing_priority_weight_strategy.py
[2024-06-18T15:05:51.086+0530] {processor.py:842} WARNING - No viable dags retrieved from /home/kiit/airflow-env/lib/python3.8/site-packages/airflow/example_dags/plugins/decreasing_priority_weight_strategy.py
[2024-06-18T15:05:51.102+0530] {processor.py:183} INFO - Processing /home/kiit/airflow-env/lib/python3.8/site-packages/airflow/example_dags/plugins/decreasing_priority_weight_strategy.py took 0.028 seconds
[2024-06-18T15:06:28.515+0530] {processor.py:161} INFO - Started process (PID=33704) to work on /home/kiit/airflow-env/lib/python3.8/site-packages/airflow/example_dags/plugins/decreasing_priority_weight_strategy.py
[2024-06-18T15:06:28.518+0530] {processor.py:830} INFO - Processing file /home/kiit/airflow-env/lib/python3.8/site-packages/airflow/example_dags/plugins/decreasing_priority_weight_strategy.py for tasks to queue
[2024-06-18T15:06:28.524+0530] {logging_mixin.py:188} INFO - [2024-06-18T15:06:28.522+0530] {dagbag.py:545} INFO - Filling up the DagBag from /home/kiit/airflow-env/lib/python3.8/site-packages/airflow/example_dags/plugins/decreasing_priority_weight_strategy.py
[2024-06-18T15:06:28.530+0530] {processor.py:842} WARNING - No viable dags retrieved from /home/kiit/airflow-env/lib/python3.8/site-packages/airflow/example_dags/plugins/decreasing_priority_weight_strategy.py
[2024-06-18T15:06:28.578+0530] {processor.py:183} INFO - Processing /home/kiit/airflow-env/lib/python3.8/site-packages/airflow/example_dags/plugins/decreasing_priority_weight_strategy.py took 0.082 seconds
[2024-06-18T15:06:58.975+0530] {processor.py:161} INFO - Started process (PID=33762) to work on /home/kiit/airflow-env/lib/python3.8/site-packages/airflow/example_dags/plugins/decreasing_priority_weight_strategy.py
[2024-06-18T15:06:58.976+0530] {processor.py:830} INFO - Processing file /home/kiit/airflow-env/lib/python3.8/site-packages/airflow/example_dags/plugins/decreasing_priority_weight_strategy.py for tasks to queue
[2024-06-18T15:06:58.977+0530] {logging_mixin.py:188} INFO - [2024-06-18T15:06:58.977+0530] {dagbag.py:545} INFO - Filling up the DagBag from /home/kiit/airflow-env/lib/python3.8/site-packages/airflow/example_dags/plugins/decreasing_priority_weight_strategy.py
[2024-06-18T15:06:58.979+0530] {processor.py:842} WARNING - No viable dags retrieved from /home/kiit/airflow-env/lib/python3.8/site-packages/airflow/example_dags/plugins/decreasing_priority_weight_strategy.py
[2024-06-18T15:06:58.996+0530] {processor.py:183} INFO - Processing /home/kiit/airflow-env/lib/python3.8/site-packages/airflow/example_dags/plugins/decreasing_priority_weight_strategy.py took 0.027 seconds
[2024-06-18T15:07:29.742+0530] {processor.py:161} INFO - Started process (PID=33821) to work on /home/kiit/airflow-env/lib/python3.8/site-packages/airflow/example_dags/plugins/decreasing_priority_weight_strategy.py
[2024-06-18T15:07:29.744+0530] {processor.py:830} INFO - Processing file /home/kiit/airflow-env/lib/python3.8/site-packages/airflow/example_dags/plugins/decreasing_priority_weight_strategy.py for tasks to queue
[2024-06-18T15:07:29.747+0530] {logging_mixin.py:188} INFO - [2024-06-18T15:07:29.746+0530] {dagbag.py:545} INFO - Filling up the DagBag from /home/kiit/airflow-env/lib/python3.8/site-packages/airflow/example_dags/plugins/decreasing_priority_weight_strategy.py
[2024-06-18T15:07:29.750+0530] {processor.py:842} WARNING - No viable dags retrieved from /home/kiit/airflow-env/lib/python3.8/site-packages/airflow/example_dags/plugins/decreasing_priority_weight_strategy.py
[2024-06-18T15:07:29.773+0530] {processor.py:183} INFO - Processing /home/kiit/airflow-env/lib/python3.8/site-packages/airflow/example_dags/plugins/decreasing_priority_weight_strategy.py took 0.043 seconds
[2024-06-18T15:08:00.381+0530] {processor.py:161} INFO - Started process (PID=33880) to work on /home/kiit/airflow-env/lib/python3.8/site-packages/airflow/example_dags/plugins/decreasing_priority_weight_strategy.py
[2024-06-18T15:08:00.383+0530] {processor.py:830} INFO - Processing file /home/kiit/airflow-env/lib/python3.8/site-packages/airflow/example_dags/plugins/decreasing_priority_weight_strategy.py for tasks to queue
[2024-06-18T15:08:00.384+0530] {logging_mixin.py:188} INFO - [2024-06-18T15:08:00.384+0530] {dagbag.py:545} INFO - Filling up the DagBag from /home/kiit/airflow-env/lib/python3.8/site-packages/airflow/example_dags/plugins/decreasing_priority_weight_strategy.py
[2024-06-18T15:08:00.386+0530] {processor.py:842} WARNING - No viable dags retrieved from /home/kiit/airflow-env/lib/python3.8/site-packages/airflow/example_dags/plugins/decreasing_priority_weight_strategy.py
[2024-06-18T15:08:00.400+0530] {processor.py:183} INFO - Processing /home/kiit/airflow-env/lib/python3.8/site-packages/airflow/example_dags/plugins/decreasing_priority_weight_strategy.py took 0.025 seconds
[2024-06-18T15:08:30.656+0530] {processor.py:161} INFO - Started process (PID=33939) to work on /home/kiit/airflow-env/lib/python3.8/site-packages/airflow/example_dags/plugins/decreasing_priority_weight_strategy.py
[2024-06-18T15:08:30.658+0530] {processor.py:830} INFO - Processing file /home/kiit/airflow-env/lib/python3.8/site-packages/airflow/example_dags/plugins/decreasing_priority_weight_strategy.py for tasks to queue
[2024-06-18T15:08:30.659+0530] {logging_mixin.py:188} INFO - [2024-06-18T15:08:30.659+0530] {dagbag.py:545} INFO - Filling up the DagBag from /home/kiit/airflow-env/lib/python3.8/site-packages/airflow/example_dags/plugins/decreasing_priority_weight_strategy.py
[2024-06-18T15:08:30.661+0530] {processor.py:842} WARNING - No viable dags retrieved from /home/kiit/airflow-env/lib/python3.8/site-packages/airflow/example_dags/plugins/decreasing_priority_weight_strategy.py
[2024-06-18T15:08:30.678+0530] {processor.py:183} INFO - Processing /home/kiit/airflow-env/lib/python3.8/site-packages/airflow/example_dags/plugins/decreasing_priority_weight_strategy.py took 0.028 seconds
[2024-06-18T15:09:01.230+0530] {processor.py:161} INFO - Started process (PID=33999) to work on /home/kiit/airflow-env/lib/python3.8/site-packages/airflow/example_dags/plugins/decreasing_priority_weight_strategy.py
[2024-06-18T15:09:01.231+0530] {processor.py:830} INFO - Processing file /home/kiit/airflow-env/lib/python3.8/site-packages/airflow/example_dags/plugins/decreasing_priority_weight_strategy.py for tasks to queue
[2024-06-18T15:09:01.233+0530] {logging_mixin.py:188} INFO - [2024-06-18T15:09:01.232+0530] {dagbag.py:545} INFO - Filling up the DagBag from /home/kiit/airflow-env/lib/python3.8/site-packages/airflow/example_dags/plugins/decreasing_priority_weight_strategy.py
[2024-06-18T15:09:01.234+0530] {processor.py:842} WARNING - No viable dags retrieved from /home/kiit/airflow-env/lib/python3.8/site-packages/airflow/example_dags/plugins/decreasing_priority_weight_strategy.py
[2024-06-18T15:09:01.249+0530] {processor.py:183} INFO - Processing /home/kiit/airflow-env/lib/python3.8/site-packages/airflow/example_dags/plugins/decreasing_priority_weight_strategy.py took 0.024 seconds
[2024-06-18T15:09:31.498+0530] {processor.py:161} INFO - Started process (PID=34059) to work on /home/kiit/airflow-env/lib/python3.8/site-packages/airflow/example_dags/plugins/decreasing_priority_weight_strategy.py
[2024-06-18T15:09:31.499+0530] {processor.py:830} INFO - Processing file /home/kiit/airflow-env/lib/python3.8/site-packages/airflow/example_dags/plugins/decreasing_priority_weight_strategy.py for tasks to queue
[2024-06-18T15:09:31.501+0530] {logging_mixin.py:188} INFO - [2024-06-18T15:09:31.500+0530] {dagbag.py:545} INFO - Filling up the DagBag from /home/kiit/airflow-env/lib/python3.8/site-packages/airflow/example_dags/plugins/decreasing_priority_weight_strategy.py
[2024-06-18T15:09:31.503+0530] {processor.py:842} WARNING - No viable dags retrieved from /home/kiit/airflow-env/lib/python3.8/site-packages/airflow/example_dags/plugins/decreasing_priority_weight_strategy.py
[2024-06-18T15:09:31.516+0530] {processor.py:183} INFO - Processing /home/kiit/airflow-env/lib/python3.8/site-packages/airflow/example_dags/plugins/decreasing_priority_weight_strategy.py took 0.022 seconds
[2024-06-18T15:10:01.715+0530] {processor.py:161} INFO - Started process (PID=34118) to work on /home/kiit/airflow-env/lib/python3.8/site-packages/airflow/example_dags/plugins/decreasing_priority_weight_strategy.py
[2024-06-18T15:10:01.715+0530] {processor.py:830} INFO - Processing file /home/kiit/airflow-env/lib/python3.8/site-packages/airflow/example_dags/plugins/decreasing_priority_weight_strategy.py for tasks to queue
[2024-06-18T15:10:01.717+0530] {logging_mixin.py:188} INFO - [2024-06-18T15:10:01.716+0530] {dagbag.py:545} INFO - Filling up the DagBag from /home/kiit/airflow-env/lib/python3.8/site-packages/airflow/example_dags/plugins/decreasing_priority_weight_strategy.py
[2024-06-18T15:10:01.718+0530] {processor.py:842} WARNING - No viable dags retrieved from /home/kiit/airflow-env/lib/python3.8/site-packages/airflow/example_dags/plugins/decreasing_priority_weight_strategy.py
[2024-06-18T15:10:01.732+0530] {processor.py:183} INFO - Processing /home/kiit/airflow-env/lib/python3.8/site-packages/airflow/example_dags/plugins/decreasing_priority_weight_strategy.py took 0.023 seconds
[2024-06-18T15:10:32.053+0530] {processor.py:161} INFO - Started process (PID=34178) to work on /home/kiit/airflow-env/lib/python3.8/site-packages/airflow/example_dags/plugins/decreasing_priority_weight_strategy.py
[2024-06-18T15:10:32.055+0530] {processor.py:830} INFO - Processing file /home/kiit/airflow-env/lib/python3.8/site-packages/airflow/example_dags/plugins/decreasing_priority_weight_strategy.py for tasks to queue
[2024-06-18T15:10:32.056+0530] {logging_mixin.py:188} INFO - [2024-06-18T15:10:32.056+0530] {dagbag.py:545} INFO - Filling up the DagBag from /home/kiit/airflow-env/lib/python3.8/site-packages/airflow/example_dags/plugins/decreasing_priority_weight_strategy.py
[2024-06-18T15:10:32.057+0530] {processor.py:842} WARNING - No viable dags retrieved from /home/kiit/airflow-env/lib/python3.8/site-packages/airflow/example_dags/plugins/decreasing_priority_weight_strategy.py
[2024-06-18T15:10:32.071+0530] {processor.py:183} INFO - Processing /home/kiit/airflow-env/lib/python3.8/site-packages/airflow/example_dags/plugins/decreasing_priority_weight_strategy.py took 0.023 seconds
[2024-06-18T15:11:02.360+0530] {processor.py:161} INFO - Started process (PID=34237) to work on /home/kiit/airflow-env/lib/python3.8/site-packages/airflow/example_dags/plugins/decreasing_priority_weight_strategy.py
[2024-06-18T15:11:02.360+0530] {processor.py:830} INFO - Processing file /home/kiit/airflow-env/lib/python3.8/site-packages/airflow/example_dags/plugins/decreasing_priority_weight_strategy.py for tasks to queue
[2024-06-18T15:11:02.362+0530] {logging_mixin.py:188} INFO - [2024-06-18T15:11:02.361+0530] {dagbag.py:545} INFO - Filling up the DagBag from /home/kiit/airflow-env/lib/python3.8/site-packages/airflow/example_dags/plugins/decreasing_priority_weight_strategy.py
[2024-06-18T15:11:02.363+0530] {processor.py:842} WARNING - No viable dags retrieved from /home/kiit/airflow-env/lib/python3.8/site-packages/airflow/example_dags/plugins/decreasing_priority_weight_strategy.py
[2024-06-18T15:11:02.376+0530] {processor.py:183} INFO - Processing /home/kiit/airflow-env/lib/python3.8/site-packages/airflow/example_dags/plugins/decreasing_priority_weight_strategy.py took 0.021 seconds
[2024-06-18T15:11:32.508+0530] {processor.py:161} INFO - Started process (PID=34296) to work on /home/kiit/airflow-env/lib/python3.8/site-packages/airflow/example_dags/plugins/decreasing_priority_weight_strategy.py
[2024-06-18T15:11:32.509+0530] {processor.py:830} INFO - Processing file /home/kiit/airflow-env/lib/python3.8/site-packages/airflow/example_dags/plugins/decreasing_priority_weight_strategy.py for tasks to queue
[2024-06-18T15:11:32.510+0530] {logging_mixin.py:188} INFO - [2024-06-18T15:11:32.510+0530] {dagbag.py:545} INFO - Filling up the DagBag from /home/kiit/airflow-env/lib/python3.8/site-packages/airflow/example_dags/plugins/decreasing_priority_weight_strategy.py
[2024-06-18T15:11:32.512+0530] {processor.py:842} WARNING - No viable dags retrieved from /home/kiit/airflow-env/lib/python3.8/site-packages/airflow/example_dags/plugins/decreasing_priority_weight_strategy.py
[2024-06-18T15:11:32.525+0530] {processor.py:183} INFO - Processing /home/kiit/airflow-env/lib/python3.8/site-packages/airflow/example_dags/plugins/decreasing_priority_weight_strategy.py took 0.022 seconds
[2024-06-18T15:12:02.814+0530] {processor.py:161} INFO - Started process (PID=34355) to work on /home/kiit/airflow-env/lib/python3.8/site-packages/airflow/example_dags/plugins/decreasing_priority_weight_strategy.py
[2024-06-18T15:12:02.815+0530] {processor.py:830} INFO - Processing file /home/kiit/airflow-env/lib/python3.8/site-packages/airflow/example_dags/plugins/decreasing_priority_weight_strategy.py for tasks to queue
[2024-06-18T15:12:02.816+0530] {logging_mixin.py:188} INFO - [2024-06-18T15:12:02.816+0530] {dagbag.py:545} INFO - Filling up the DagBag from /home/kiit/airflow-env/lib/python3.8/site-packages/airflow/example_dags/plugins/decreasing_priority_weight_strategy.py
[2024-06-18T15:12:02.817+0530] {processor.py:842} WARNING - No viable dags retrieved from /home/kiit/airflow-env/lib/python3.8/site-packages/airflow/example_dags/plugins/decreasing_priority_weight_strategy.py
[2024-06-18T15:12:02.831+0530] {processor.py:183} INFO - Processing /home/kiit/airflow-env/lib/python3.8/site-packages/airflow/example_dags/plugins/decreasing_priority_weight_strategy.py took 0.022 seconds
[2024-06-18T15:12:33.136+0530] {processor.py:161} INFO - Started process (PID=34415) to work on /home/kiit/airflow-env/lib/python3.8/site-packages/airflow/example_dags/plugins/decreasing_priority_weight_strategy.py
[2024-06-18T15:12:33.138+0530] {processor.py:830} INFO - Processing file /home/kiit/airflow-env/lib/python3.8/site-packages/airflow/example_dags/plugins/decreasing_priority_weight_strategy.py for tasks to queue
[2024-06-18T15:12:33.140+0530] {logging_mixin.py:188} INFO - [2024-06-18T15:12:33.139+0530] {dagbag.py:545} INFO - Filling up the DagBag from /home/kiit/airflow-env/lib/python3.8/site-packages/airflow/example_dags/plugins/decreasing_priority_weight_strategy.py
[2024-06-18T15:12:33.141+0530] {processor.py:842} WARNING - No viable dags retrieved from /home/kiit/airflow-env/lib/python3.8/site-packages/airflow/example_dags/plugins/decreasing_priority_weight_strategy.py
[2024-06-18T15:12:33.157+0530] {processor.py:183} INFO - Processing /home/kiit/airflow-env/lib/python3.8/site-packages/airflow/example_dags/plugins/decreasing_priority_weight_strategy.py took 0.028 seconds
[2024-06-18T15:13:03.391+0530] {processor.py:161} INFO - Started process (PID=34474) to work on /home/kiit/airflow-env/lib/python3.8/site-packages/airflow/example_dags/plugins/decreasing_priority_weight_strategy.py
[2024-06-18T15:13:03.391+0530] {processor.py:830} INFO - Processing file /home/kiit/airflow-env/lib/python3.8/site-packages/airflow/example_dags/plugins/decreasing_priority_weight_strategy.py for tasks to queue
[2024-06-18T15:13:03.393+0530] {logging_mixin.py:188} INFO - [2024-06-18T15:13:03.392+0530] {dagbag.py:545} INFO - Filling up the DagBag from /home/kiit/airflow-env/lib/python3.8/site-packages/airflow/example_dags/plugins/decreasing_priority_weight_strategy.py
[2024-06-18T15:13:03.394+0530] {processor.py:842} WARNING - No viable dags retrieved from /home/kiit/airflow-env/lib/python3.8/site-packages/airflow/example_dags/plugins/decreasing_priority_weight_strategy.py
[2024-06-18T15:13:03.409+0530] {processor.py:183} INFO - Processing /home/kiit/airflow-env/lib/python3.8/site-packages/airflow/example_dags/plugins/decreasing_priority_weight_strategy.py took 0.023 seconds
[2024-06-18T15:13:33.718+0530] {processor.py:161} INFO - Started process (PID=34533) to work on /home/kiit/airflow-env/lib/python3.8/site-packages/airflow/example_dags/plugins/decreasing_priority_weight_strategy.py
[2024-06-18T15:13:33.719+0530] {processor.py:830} INFO - Processing file /home/kiit/airflow-env/lib/python3.8/site-packages/airflow/example_dags/plugins/decreasing_priority_weight_strategy.py for tasks to queue
[2024-06-18T15:13:33.720+0530] {logging_mixin.py:188} INFO - [2024-06-18T15:13:33.720+0530] {dagbag.py:545} INFO - Filling up the DagBag from /home/kiit/airflow-env/lib/python3.8/site-packages/airflow/example_dags/plugins/decreasing_priority_weight_strategy.py
[2024-06-18T15:13:33.722+0530] {processor.py:842} WARNING - No viable dags retrieved from /home/kiit/airflow-env/lib/python3.8/site-packages/airflow/example_dags/plugins/decreasing_priority_weight_strategy.py
[2024-06-18T15:13:33.735+0530] {processor.py:183} INFO - Processing /home/kiit/airflow-env/lib/python3.8/site-packages/airflow/example_dags/plugins/decreasing_priority_weight_strategy.py took 0.022 seconds
[2024-06-18T15:14:03.979+0530] {processor.py:161} INFO - Started process (PID=34592) to work on /home/kiit/airflow-env/lib/python3.8/site-packages/airflow/example_dags/plugins/decreasing_priority_weight_strategy.py
[2024-06-18T15:14:03.979+0530] {processor.py:830} INFO - Processing file /home/kiit/airflow-env/lib/python3.8/site-packages/airflow/example_dags/plugins/decreasing_priority_weight_strategy.py for tasks to queue
[2024-06-18T15:14:03.981+0530] {logging_mixin.py:188} INFO - [2024-06-18T15:14:03.981+0530] {dagbag.py:545} INFO - Filling up the DagBag from /home/kiit/airflow-env/lib/python3.8/site-packages/airflow/example_dags/plugins/decreasing_priority_weight_strategy.py
[2024-06-18T15:14:03.983+0530] {processor.py:842} WARNING - No viable dags retrieved from /home/kiit/airflow-env/lib/python3.8/site-packages/airflow/example_dags/plugins/decreasing_priority_weight_strategy.py
[2024-06-18T15:14:03.993+0530] {processor.py:183} INFO - Processing /home/kiit/airflow-env/lib/python3.8/site-packages/airflow/example_dags/plugins/decreasing_priority_weight_strategy.py took 0.019 seconds
[2024-06-18T15:14:34.318+0530] {processor.py:161} INFO - Started process (PID=34651) to work on /home/kiit/airflow-env/lib/python3.8/site-packages/airflow/example_dags/plugins/decreasing_priority_weight_strategy.py
[2024-06-18T15:14:34.319+0530] {processor.py:830} INFO - Processing file /home/kiit/airflow-env/lib/python3.8/site-packages/airflow/example_dags/plugins/decreasing_priority_weight_strategy.py for tasks to queue
[2024-06-18T15:14:34.320+0530] {logging_mixin.py:188} INFO - [2024-06-18T15:14:34.320+0530] {dagbag.py:545} INFO - Filling up the DagBag from /home/kiit/airflow-env/lib/python3.8/site-packages/airflow/example_dags/plugins/decreasing_priority_weight_strategy.py
[2024-06-18T15:14:34.322+0530] {processor.py:842} WARNING - No viable dags retrieved from /home/kiit/airflow-env/lib/python3.8/site-packages/airflow/example_dags/plugins/decreasing_priority_weight_strategy.py
[2024-06-18T15:14:34.336+0530] {processor.py:183} INFO - Processing /home/kiit/airflow-env/lib/python3.8/site-packages/airflow/example_dags/plugins/decreasing_priority_weight_strategy.py took 0.022 seconds
[2024-06-18T15:15:04.672+0530] {processor.py:161} INFO - Started process (PID=34710) to work on /home/kiit/airflow-env/lib/python3.8/site-packages/airflow/example_dags/plugins/decreasing_priority_weight_strategy.py
[2024-06-18T15:15:04.673+0530] {processor.py:830} INFO - Processing file /home/kiit/airflow-env/lib/python3.8/site-packages/airflow/example_dags/plugins/decreasing_priority_weight_strategy.py for tasks to queue
[2024-06-18T15:15:04.674+0530] {logging_mixin.py:188} INFO - [2024-06-18T15:15:04.674+0530] {dagbag.py:545} INFO - Filling up the DagBag from /home/kiit/airflow-env/lib/python3.8/site-packages/airflow/example_dags/plugins/decreasing_priority_weight_strategy.py
[2024-06-18T15:15:04.676+0530] {processor.py:842} WARNING - No viable dags retrieved from /home/kiit/airflow-env/lib/python3.8/site-packages/airflow/example_dags/plugins/decreasing_priority_weight_strategy.py
[2024-06-18T15:15:04.687+0530] {processor.py:183} INFO - Processing /home/kiit/airflow-env/lib/python3.8/site-packages/airflow/example_dags/plugins/decreasing_priority_weight_strategy.py took 0.020 seconds
[2024-06-18T15:15:34.916+0530] {processor.py:161} INFO - Started process (PID=34769) to work on /home/kiit/airflow-env/lib/python3.8/site-packages/airflow/example_dags/plugins/decreasing_priority_weight_strategy.py
[2024-06-18T15:15:34.917+0530] {processor.py:830} INFO - Processing file /home/kiit/airflow-env/lib/python3.8/site-packages/airflow/example_dags/plugins/decreasing_priority_weight_strategy.py for tasks to queue
[2024-06-18T15:15:34.918+0530] {logging_mixin.py:188} INFO - [2024-06-18T15:15:34.918+0530] {dagbag.py:545} INFO - Filling up the DagBag from /home/kiit/airflow-env/lib/python3.8/site-packages/airflow/example_dags/plugins/decreasing_priority_weight_strategy.py
[2024-06-18T15:15:34.920+0530] {processor.py:842} WARNING - No viable dags retrieved from /home/kiit/airflow-env/lib/python3.8/site-packages/airflow/example_dags/plugins/decreasing_priority_weight_strategy.py
[2024-06-18T15:15:34.932+0530] {processor.py:183} INFO - Processing /home/kiit/airflow-env/lib/python3.8/site-packages/airflow/example_dags/plugins/decreasing_priority_weight_strategy.py took 0.021 seconds
[2024-06-18T15:16:05.216+0530] {processor.py:161} INFO - Started process (PID=34828) to work on /home/kiit/airflow-env/lib/python3.8/site-packages/airflow/example_dags/plugins/decreasing_priority_weight_strategy.py
[2024-06-18T15:16:05.217+0530] {processor.py:830} INFO - Processing file /home/kiit/airflow-env/lib/python3.8/site-packages/airflow/example_dags/plugins/decreasing_priority_weight_strategy.py for tasks to queue
[2024-06-18T15:16:05.219+0530] {logging_mixin.py:188} INFO - [2024-06-18T15:16:05.218+0530] {dagbag.py:545} INFO - Filling up the DagBag from /home/kiit/airflow-env/lib/python3.8/site-packages/airflow/example_dags/plugins/decreasing_priority_weight_strategy.py
[2024-06-18T15:16:05.221+0530] {processor.py:842} WARNING - No viable dags retrieved from /home/kiit/airflow-env/lib/python3.8/site-packages/airflow/example_dags/plugins/decreasing_priority_weight_strategy.py
[2024-06-18T15:16:05.235+0530] {processor.py:183} INFO - Processing /home/kiit/airflow-env/lib/python3.8/site-packages/airflow/example_dags/plugins/decreasing_priority_weight_strategy.py took 0.024 seconds
[2024-06-18T15:16:35.631+0530] {processor.py:161} INFO - Started process (PID=34911) to work on /home/kiit/airflow-env/lib/python3.8/site-packages/airflow/example_dags/plugins/decreasing_priority_weight_strategy.py
[2024-06-18T15:16:35.632+0530] {processor.py:830} INFO - Processing file /home/kiit/airflow-env/lib/python3.8/site-packages/airflow/example_dags/plugins/decreasing_priority_weight_strategy.py for tasks to queue
[2024-06-18T15:16:35.633+0530] {logging_mixin.py:188} INFO - [2024-06-18T15:16:35.633+0530] {dagbag.py:545} INFO - Filling up the DagBag from /home/kiit/airflow-env/lib/python3.8/site-packages/airflow/example_dags/plugins/decreasing_priority_weight_strategy.py
[2024-06-18T15:16:35.635+0530] {processor.py:842} WARNING - No viable dags retrieved from /home/kiit/airflow-env/lib/python3.8/site-packages/airflow/example_dags/plugins/decreasing_priority_weight_strategy.py
[2024-06-18T15:16:35.648+0530] {processor.py:183} INFO - Processing /home/kiit/airflow-env/lib/python3.8/site-packages/airflow/example_dags/plugins/decreasing_priority_weight_strategy.py took 0.022 seconds
