[2024-06-18T13:06:25.912+0530] {processor.py:161} INFO - Started process (PID=25396) to work on /home/kiit/airflow-env/lib/python3.8/site-packages/airflow/example_dags/plugins/listener_plugin.py
[2024-06-18T13:06:25.912+0530] {processor.py:830} INFO - Processing file /home/kiit/airflow-env/lib/python3.8/site-packages/airflow/example_dags/plugins/listener_plugin.py for tasks to queue
[2024-06-18T13:06:25.914+0530] {logging_mixin.py:188} INFO - [2024-06-18T13:06:25.913+0530] {dagbag.py:545} INFO - Filling up the DagBag from /home/kiit/airflow-env/lib/python3.8/site-packages/airflow/example_dags/plugins/listener_plugin.py
[2024-06-18T13:06:25.915+0530] {processor.py:842} WARNING - No viable dags retrieved from /home/kiit/airflow-env/lib/python3.8/site-packages/airflow/example_dags/plugins/listener_plugin.py
[2024-06-18T13:06:25.923+0530] {processor.py:183} INFO - Processing /home/kiit/airflow-env/lib/python3.8/site-packages/airflow/example_dags/plugins/listener_plugin.py took 0.015 seconds
[2024-06-18T13:07:35.244+0530] {processor.py:161} INFO - Started process (PID=25483) to work on /home/kiit/airflow-env/lib/python3.8/site-packages/airflow/example_dags/plugins/listener_plugin.py
[2024-06-18T13:07:35.251+0530] {processor.py:830} INFO - Processing file /home/kiit/airflow-env/lib/python3.8/site-packages/airflow/example_dags/plugins/listener_plugin.py for tasks to queue
[2024-06-18T13:07:35.253+0530] {logging_mixin.py:188} INFO - [2024-06-18T13:07:35.252+0530] {dagbag.py:545} INFO - Filling up the DagBag from /home/kiit/airflow-env/lib/python3.8/site-packages/airflow/example_dags/plugins/listener_plugin.py
[2024-06-18T13:07:35.255+0530] {processor.py:842} WARNING - No viable dags retrieved from /home/kiit/airflow-env/lib/python3.8/site-packages/airflow/example_dags/plugins/listener_plugin.py
[2024-06-18T13:07:35.264+0530] {processor.py:183} INFO - Processing /home/kiit/airflow-env/lib/python3.8/site-packages/airflow/example_dags/plugins/listener_plugin.py took 0.025 seconds
[2024-06-18T13:08:40.744+0530] {processor.py:161} INFO - Started process (PID=25545) to work on /home/kiit/airflow-env/lib/python3.8/site-packages/airflow/example_dags/plugins/listener_plugin.py
[2024-06-18T13:08:40.750+0530] {processor.py:830} INFO - Processing file /home/kiit/airflow-env/lib/python3.8/site-packages/airflow/example_dags/plugins/listener_plugin.py for tasks to queue
[2024-06-18T13:08:40.751+0530] {logging_mixin.py:188} INFO - [2024-06-18T13:08:40.751+0530] {dagbag.py:545} INFO - Filling up the DagBag from /home/kiit/airflow-env/lib/python3.8/site-packages/airflow/example_dags/plugins/listener_plugin.py
[2024-06-18T13:08:40.754+0530] {processor.py:842} WARNING - No viable dags retrieved from /home/kiit/airflow-env/lib/python3.8/site-packages/airflow/example_dags/plugins/listener_plugin.py
[2024-06-18T13:08:40.761+0530] {processor.py:183} INFO - Processing /home/kiit/airflow-env/lib/python3.8/site-packages/airflow/example_dags/plugins/listener_plugin.py took 0.021 seconds
[2024-06-18T13:09:32.622+0530] {processor.py:161} INFO - Started process (PID=25610) to work on /home/kiit/airflow-env/lib/python3.8/site-packages/airflow/example_dags/plugins/listener_plugin.py
[2024-06-18T13:09:32.623+0530] {processor.py:830} INFO - Processing file /home/kiit/airflow-env/lib/python3.8/site-packages/airflow/example_dags/plugins/listener_plugin.py for tasks to queue
[2024-06-18T13:09:32.625+0530] {logging_mixin.py:188} INFO - [2024-06-18T13:09:32.625+0530] {dagbag.py:545} INFO - Filling up the DagBag from /home/kiit/airflow-env/lib/python3.8/site-packages/airflow/example_dags/plugins/listener_plugin.py
[2024-06-18T13:09:32.628+0530] {processor.py:842} WARNING - No viable dags retrieved from /home/kiit/airflow-env/lib/python3.8/site-packages/airflow/example_dags/plugins/listener_plugin.py
[2024-06-18T13:09:32.635+0530] {processor.py:183} INFO - Processing /home/kiit/airflow-env/lib/python3.8/site-packages/airflow/example_dags/plugins/listener_plugin.py took 0.018 seconds
[2024-06-18T13:10:35.471+0530] {processor.py:161} INFO - Started process (PID=25685) to work on /home/kiit/airflow-env/lib/python3.8/site-packages/airflow/example_dags/plugins/listener_plugin.py
[2024-06-18T13:10:35.472+0530] {processor.py:830} INFO - Processing file /home/kiit/airflow-env/lib/python3.8/site-packages/airflow/example_dags/plugins/listener_plugin.py for tasks to queue
[2024-06-18T13:10:35.473+0530] {logging_mixin.py:188} INFO - [2024-06-18T13:10:35.473+0530] {dagbag.py:545} INFO - Filling up the DagBag from /home/kiit/airflow-env/lib/python3.8/site-packages/airflow/example_dags/plugins/listener_plugin.py
[2024-06-18T13:10:35.475+0530] {processor.py:842} WARNING - No viable dags retrieved from /home/kiit/airflow-env/lib/python3.8/site-packages/airflow/example_dags/plugins/listener_plugin.py
[2024-06-18T13:10:35.483+0530] {processor.py:183} INFO - Processing /home/kiit/airflow-env/lib/python3.8/site-packages/airflow/example_dags/plugins/listener_plugin.py took 0.018 seconds
[2024-06-18T13:11:44.818+0530] {processor.py:161} INFO - Started process (PID=25760) to work on /home/kiit/airflow-env/lib/python3.8/site-packages/airflow/example_dags/plugins/listener_plugin.py
[2024-06-18T13:11:44.820+0530] {processor.py:830} INFO - Processing file /home/kiit/airflow-env/lib/python3.8/site-packages/airflow/example_dags/plugins/listener_plugin.py for tasks to queue
[2024-06-18T13:11:44.821+0530] {logging_mixin.py:188} INFO - [2024-06-18T13:11:44.821+0530] {dagbag.py:545} INFO - Filling up the DagBag from /home/kiit/airflow-env/lib/python3.8/site-packages/airflow/example_dags/plugins/listener_plugin.py
[2024-06-18T13:11:44.823+0530] {processor.py:842} WARNING - No viable dags retrieved from /home/kiit/airflow-env/lib/python3.8/site-packages/airflow/example_dags/plugins/listener_plugin.py
[2024-06-18T13:11:44.832+0530] {processor.py:183} INFO - Processing /home/kiit/airflow-env/lib/python3.8/site-packages/airflow/example_dags/plugins/listener_plugin.py took 0.018 seconds
[2024-06-18T13:12:46.627+0530] {processor.py:161} INFO - Started process (PID=25837) to work on /home/kiit/airflow-env/lib/python3.8/site-packages/airflow/example_dags/plugins/listener_plugin.py
[2024-06-18T13:12:46.629+0530] {processor.py:830} INFO - Processing file /home/kiit/airflow-env/lib/python3.8/site-packages/airflow/example_dags/plugins/listener_plugin.py for tasks to queue
[2024-06-18T13:12:46.631+0530] {logging_mixin.py:188} INFO - [2024-06-18T13:12:46.631+0530] {dagbag.py:545} INFO - Filling up the DagBag from /home/kiit/airflow-env/lib/python3.8/site-packages/airflow/example_dags/plugins/listener_plugin.py
[2024-06-18T13:12:46.633+0530] {processor.py:842} WARNING - No viable dags retrieved from /home/kiit/airflow-env/lib/python3.8/site-packages/airflow/example_dags/plugins/listener_plugin.py
[2024-06-18T13:12:46.641+0530] {processor.py:183} INFO - Processing /home/kiit/airflow-env/lib/python3.8/site-packages/airflow/example_dags/plugins/listener_plugin.py took 0.018 seconds
[2024-06-18T13:13:44.707+0530] {processor.py:161} INFO - Started process (PID=25905) to work on /home/kiit/airflow-env/lib/python3.8/site-packages/airflow/example_dags/plugins/listener_plugin.py
[2024-06-18T13:13:44.708+0530] {processor.py:830} INFO - Processing file /home/kiit/airflow-env/lib/python3.8/site-packages/airflow/example_dags/plugins/listener_plugin.py for tasks to queue
[2024-06-18T13:13:44.709+0530] {logging_mixin.py:188} INFO - [2024-06-18T13:13:44.709+0530] {dagbag.py:545} INFO - Filling up the DagBag from /home/kiit/airflow-env/lib/python3.8/site-packages/airflow/example_dags/plugins/listener_plugin.py
[2024-06-18T13:13:44.711+0530] {processor.py:842} WARNING - No viable dags retrieved from /home/kiit/airflow-env/lib/python3.8/site-packages/airflow/example_dags/plugins/listener_plugin.py
[2024-06-18T13:13:44.720+0530] {processor.py:183} INFO - Processing /home/kiit/airflow-env/lib/python3.8/site-packages/airflow/example_dags/plugins/listener_plugin.py took 0.018 seconds
[2024-06-18T13:14:40.130+0530] {processor.py:161} INFO - Started process (PID=25977) to work on /home/kiit/airflow-env/lib/python3.8/site-packages/airflow/example_dags/plugins/listener_plugin.py
[2024-06-18T13:14:40.131+0530] {processor.py:830} INFO - Processing file /home/kiit/airflow-env/lib/python3.8/site-packages/airflow/example_dags/plugins/listener_plugin.py for tasks to queue
[2024-06-18T13:14:40.132+0530] {logging_mixin.py:188} INFO - [2024-06-18T13:14:40.132+0530] {dagbag.py:545} INFO - Filling up the DagBag from /home/kiit/airflow-env/lib/python3.8/site-packages/airflow/example_dags/plugins/listener_plugin.py
[2024-06-18T13:14:40.134+0530] {processor.py:842} WARNING - No viable dags retrieved from /home/kiit/airflow-env/lib/python3.8/site-packages/airflow/example_dags/plugins/listener_plugin.py
[2024-06-18T13:14:40.141+0530] {processor.py:183} INFO - Processing /home/kiit/airflow-env/lib/python3.8/site-packages/airflow/example_dags/plugins/listener_plugin.py took 0.015 seconds
[2024-06-18T13:15:44.075+0530] {processor.py:161} INFO - Started process (PID=26049) to work on /home/kiit/airflow-env/lib/python3.8/site-packages/airflow/example_dags/plugins/listener_plugin.py
[2024-06-18T13:15:44.077+0530] {processor.py:830} INFO - Processing file /home/kiit/airflow-env/lib/python3.8/site-packages/airflow/example_dags/plugins/listener_plugin.py for tasks to queue
[2024-06-18T13:15:44.079+0530] {logging_mixin.py:188} INFO - [2024-06-18T13:15:44.078+0530] {dagbag.py:545} INFO - Filling up the DagBag from /home/kiit/airflow-env/lib/python3.8/site-packages/airflow/example_dags/plugins/listener_plugin.py
[2024-06-18T13:15:44.082+0530] {processor.py:842} WARNING - No viable dags retrieved from /home/kiit/airflow-env/lib/python3.8/site-packages/airflow/example_dags/plugins/listener_plugin.py
[2024-06-18T13:15:44.092+0530] {processor.py:183} INFO - Processing /home/kiit/airflow-env/lib/python3.8/site-packages/airflow/example_dags/plugins/listener_plugin.py took 0.031 seconds
[2024-06-18T13:16:42.136+0530] {processor.py:161} INFO - Started process (PID=26123) to work on /home/kiit/airflow-env/lib/python3.8/site-packages/airflow/example_dags/plugins/listener_plugin.py
[2024-06-18T13:16:42.137+0530] {processor.py:830} INFO - Processing file /home/kiit/airflow-env/lib/python3.8/site-packages/airflow/example_dags/plugins/listener_plugin.py for tasks to queue
[2024-06-18T13:16:42.138+0530] {logging_mixin.py:188} INFO - [2024-06-18T13:16:42.138+0530] {dagbag.py:545} INFO - Filling up the DagBag from /home/kiit/airflow-env/lib/python3.8/site-packages/airflow/example_dags/plugins/listener_plugin.py
[2024-06-18T13:16:42.140+0530] {processor.py:842} WARNING - No viable dags retrieved from /home/kiit/airflow-env/lib/python3.8/site-packages/airflow/example_dags/plugins/listener_plugin.py
[2024-06-18T13:16:42.147+0530] {processor.py:183} INFO - Processing /home/kiit/airflow-env/lib/python3.8/site-packages/airflow/example_dags/plugins/listener_plugin.py took 0.015 seconds
[2024-06-18T13:17:40.738+0530] {processor.py:161} INFO - Started process (PID=26190) to work on /home/kiit/airflow-env/lib/python3.8/site-packages/airflow/example_dags/plugins/listener_plugin.py
[2024-06-18T13:17:40.739+0530] {processor.py:830} INFO - Processing file /home/kiit/airflow-env/lib/python3.8/site-packages/airflow/example_dags/plugins/listener_plugin.py for tasks to queue
[2024-06-18T13:17:40.740+0530] {logging_mixin.py:188} INFO - [2024-06-18T13:17:40.740+0530] {dagbag.py:545} INFO - Filling up the DagBag from /home/kiit/airflow-env/lib/python3.8/site-packages/airflow/example_dags/plugins/listener_plugin.py
[2024-06-18T13:17:40.742+0530] {processor.py:842} WARNING - No viable dags retrieved from /home/kiit/airflow-env/lib/python3.8/site-packages/airflow/example_dags/plugins/listener_plugin.py
[2024-06-18T13:17:40.748+0530] {processor.py:183} INFO - Processing /home/kiit/airflow-env/lib/python3.8/site-packages/airflow/example_dags/plugins/listener_plugin.py took 0.015 seconds
[2024-06-18T13:18:45.947+0530] {processor.py:161} INFO - Started process (PID=26268) to work on /home/kiit/airflow-env/lib/python3.8/site-packages/airflow/example_dags/plugins/listener_plugin.py
[2024-06-18T13:18:45.948+0530] {processor.py:830} INFO - Processing file /home/kiit/airflow-env/lib/python3.8/site-packages/airflow/example_dags/plugins/listener_plugin.py for tasks to queue
[2024-06-18T13:18:45.950+0530] {logging_mixin.py:188} INFO - [2024-06-18T13:18:45.949+0530] {dagbag.py:545} INFO - Filling up the DagBag from /home/kiit/airflow-env/lib/python3.8/site-packages/airflow/example_dags/plugins/listener_plugin.py
[2024-06-18T13:18:45.951+0530] {processor.py:842} WARNING - No viable dags retrieved from /home/kiit/airflow-env/lib/python3.8/site-packages/airflow/example_dags/plugins/listener_plugin.py
[2024-06-18T13:18:45.958+0530] {processor.py:183} INFO - Processing /home/kiit/airflow-env/lib/python3.8/site-packages/airflow/example_dags/plugins/listener_plugin.py took 0.016 seconds
[2024-06-18T13:19:45.778+0530] {processor.py:161} INFO - Started process (PID=26337) to work on /home/kiit/airflow-env/lib/python3.8/site-packages/airflow/example_dags/plugins/listener_plugin.py
[2024-06-18T13:19:45.779+0530] {processor.py:830} INFO - Processing file /home/kiit/airflow-env/lib/python3.8/site-packages/airflow/example_dags/plugins/listener_plugin.py for tasks to queue
[2024-06-18T13:19:45.781+0530] {logging_mixin.py:188} INFO - [2024-06-18T13:19:45.781+0530] {dagbag.py:545} INFO - Filling up the DagBag from /home/kiit/airflow-env/lib/python3.8/site-packages/airflow/example_dags/plugins/listener_plugin.py
[2024-06-18T13:19:45.783+0530] {processor.py:842} WARNING - No viable dags retrieved from /home/kiit/airflow-env/lib/python3.8/site-packages/airflow/example_dags/plugins/listener_plugin.py
[2024-06-18T13:19:45.790+0530] {processor.py:183} INFO - Processing /home/kiit/airflow-env/lib/python3.8/site-packages/airflow/example_dags/plugins/listener_plugin.py took 0.017 seconds
[2024-06-18T13:20:42.177+0530] {processor.py:161} INFO - Started process (PID=26411) to work on /home/kiit/airflow-env/lib/python3.8/site-packages/airflow/example_dags/plugins/listener_plugin.py
[2024-06-18T13:20:42.178+0530] {processor.py:830} INFO - Processing file /home/kiit/airflow-env/lib/python3.8/site-packages/airflow/example_dags/plugins/listener_plugin.py for tasks to queue
[2024-06-18T13:20:42.179+0530] {logging_mixin.py:188} INFO - [2024-06-18T13:20:42.179+0530] {dagbag.py:545} INFO - Filling up the DagBag from /home/kiit/airflow-env/lib/python3.8/site-packages/airflow/example_dags/plugins/listener_plugin.py
[2024-06-18T13:20:42.181+0530] {processor.py:842} WARNING - No viable dags retrieved from /home/kiit/airflow-env/lib/python3.8/site-packages/airflow/example_dags/plugins/listener_plugin.py
[2024-06-18T13:20:42.190+0530] {processor.py:183} INFO - Processing /home/kiit/airflow-env/lib/python3.8/site-packages/airflow/example_dags/plugins/listener_plugin.py took 0.018 seconds
[2024-06-18T13:21:39.033+0530] {processor.py:161} INFO - Started process (PID=26478) to work on /home/kiit/airflow-env/lib/python3.8/site-packages/airflow/example_dags/plugins/listener_plugin.py
[2024-06-18T13:21:39.034+0530] {processor.py:830} INFO - Processing file /home/kiit/airflow-env/lib/python3.8/site-packages/airflow/example_dags/plugins/listener_plugin.py for tasks to queue
[2024-06-18T13:21:39.035+0530] {logging_mixin.py:188} INFO - [2024-06-18T13:21:39.035+0530] {dagbag.py:545} INFO - Filling up the DagBag from /home/kiit/airflow-env/lib/python3.8/site-packages/airflow/example_dags/plugins/listener_plugin.py
[2024-06-18T13:21:39.037+0530] {processor.py:842} WARNING - No viable dags retrieved from /home/kiit/airflow-env/lib/python3.8/site-packages/airflow/example_dags/plugins/listener_plugin.py
[2024-06-18T13:21:39.044+0530] {processor.py:183} INFO - Processing /home/kiit/airflow-env/lib/python3.8/site-packages/airflow/example_dags/plugins/listener_plugin.py took 0.016 seconds
[2024-06-18T13:22:37.090+0530] {processor.py:161} INFO - Started process (PID=26552) to work on /home/kiit/airflow-env/lib/python3.8/site-packages/airflow/example_dags/plugins/listener_plugin.py
[2024-06-18T13:22:37.091+0530] {processor.py:830} INFO - Processing file /home/kiit/airflow-env/lib/python3.8/site-packages/airflow/example_dags/plugins/listener_plugin.py for tasks to queue
[2024-06-18T13:22:37.092+0530] {logging_mixin.py:188} INFO - [2024-06-18T13:22:37.092+0530] {dagbag.py:545} INFO - Filling up the DagBag from /home/kiit/airflow-env/lib/python3.8/site-packages/airflow/example_dags/plugins/listener_plugin.py
[2024-06-18T13:22:37.094+0530] {processor.py:842} WARNING - No viable dags retrieved from /home/kiit/airflow-env/lib/python3.8/site-packages/airflow/example_dags/plugins/listener_plugin.py
[2024-06-18T13:22:37.102+0530] {processor.py:183} INFO - Processing /home/kiit/airflow-env/lib/python3.8/site-packages/airflow/example_dags/plugins/listener_plugin.py took 0.017 seconds
[2024-06-18T13:23:32.883+0530] {processor.py:161} INFO - Started process (PID=26617) to work on /home/kiit/airflow-env/lib/python3.8/site-packages/airflow/example_dags/plugins/listener_plugin.py
[2024-06-18T13:23:32.885+0530] {processor.py:830} INFO - Processing file /home/kiit/airflow-env/lib/python3.8/site-packages/airflow/example_dags/plugins/listener_plugin.py for tasks to queue
[2024-06-18T13:23:32.886+0530] {logging_mixin.py:188} INFO - [2024-06-18T13:23:32.886+0530] {dagbag.py:545} INFO - Filling up the DagBag from /home/kiit/airflow-env/lib/python3.8/site-packages/airflow/example_dags/plugins/listener_plugin.py
[2024-06-18T13:23:32.888+0530] {processor.py:842} WARNING - No viable dags retrieved from /home/kiit/airflow-env/lib/python3.8/site-packages/airflow/example_dags/plugins/listener_plugin.py
[2024-06-18T13:23:32.895+0530] {processor.py:183} INFO - Processing /home/kiit/airflow-env/lib/python3.8/site-packages/airflow/example_dags/plugins/listener_plugin.py took 0.017 seconds
[2024-06-18T13:24:32.818+0530] {processor.py:161} INFO - Started process (PID=26692) to work on /home/kiit/airflow-env/lib/python3.8/site-packages/airflow/example_dags/plugins/listener_plugin.py
[2024-06-18T13:24:32.820+0530] {processor.py:830} INFO - Processing file /home/kiit/airflow-env/lib/python3.8/site-packages/airflow/example_dags/plugins/listener_plugin.py for tasks to queue
[2024-06-18T13:24:32.821+0530] {logging_mixin.py:188} INFO - [2024-06-18T13:24:32.820+0530] {dagbag.py:545} INFO - Filling up the DagBag from /home/kiit/airflow-env/lib/python3.8/site-packages/airflow/example_dags/plugins/listener_plugin.py
[2024-06-18T13:24:32.822+0530] {processor.py:842} WARNING - No viable dags retrieved from /home/kiit/airflow-env/lib/python3.8/site-packages/airflow/example_dags/plugins/listener_plugin.py
[2024-06-18T13:24:32.829+0530] {processor.py:183} INFO - Processing /home/kiit/airflow-env/lib/python3.8/site-packages/airflow/example_dags/plugins/listener_plugin.py took 0.015 seconds
[2024-06-18T13:25:28.615+0530] {processor.py:161} INFO - Started process (PID=26764) to work on /home/kiit/airflow-env/lib/python3.8/site-packages/airflow/example_dags/plugins/listener_plugin.py
[2024-06-18T13:25:28.616+0530] {processor.py:830} INFO - Processing file /home/kiit/airflow-env/lib/python3.8/site-packages/airflow/example_dags/plugins/listener_plugin.py for tasks to queue
[2024-06-18T13:25:28.617+0530] {logging_mixin.py:188} INFO - [2024-06-18T13:25:28.617+0530] {dagbag.py:545} INFO - Filling up the DagBag from /home/kiit/airflow-env/lib/python3.8/site-packages/airflow/example_dags/plugins/listener_plugin.py
[2024-06-18T13:25:28.619+0530] {processor.py:842} WARNING - No viable dags retrieved from /home/kiit/airflow-env/lib/python3.8/site-packages/airflow/example_dags/plugins/listener_plugin.py
[2024-06-18T13:25:28.627+0530] {processor.py:183} INFO - Processing /home/kiit/airflow-env/lib/python3.8/site-packages/airflow/example_dags/plugins/listener_plugin.py took 0.017 seconds
[2024-06-18T13:26:27.700+0530] {processor.py:161} INFO - Started process (PID=26837) to work on /home/kiit/airflow-env/lib/python3.8/site-packages/airflow/example_dags/plugins/listener_plugin.py
[2024-06-18T13:26:27.701+0530] {processor.py:830} INFO - Processing file /home/kiit/airflow-env/lib/python3.8/site-packages/airflow/example_dags/plugins/listener_plugin.py for tasks to queue
[2024-06-18T13:26:27.703+0530] {logging_mixin.py:188} INFO - [2024-06-18T13:26:27.703+0530] {dagbag.py:545} INFO - Filling up the DagBag from /home/kiit/airflow-env/lib/python3.8/site-packages/airflow/example_dags/plugins/listener_plugin.py
[2024-06-18T13:26:27.706+0530] {processor.py:842} WARNING - No viable dags retrieved from /home/kiit/airflow-env/lib/python3.8/site-packages/airflow/example_dags/plugins/listener_plugin.py
[2024-06-18T13:26:27.722+0530] {processor.py:183} INFO - Processing /home/kiit/airflow-env/lib/python3.8/site-packages/airflow/example_dags/plugins/listener_plugin.py took 0.031 seconds
[2024-06-18T13:27:42.490+0530] {processor.py:161} INFO - Started process (PID=26914) to work on /home/kiit/airflow-env/lib/python3.8/site-packages/airflow/example_dags/plugins/listener_plugin.py
[2024-06-18T13:27:42.497+0530] {processor.py:830} INFO - Processing file /home/kiit/airflow-env/lib/python3.8/site-packages/airflow/example_dags/plugins/listener_plugin.py for tasks to queue
[2024-06-18T13:27:42.506+0530] {logging_mixin.py:188} INFO - [2024-06-18T13:27:42.503+0530] {dagbag.py:545} INFO - Filling up the DagBag from /home/kiit/airflow-env/lib/python3.8/site-packages/airflow/example_dags/plugins/listener_plugin.py
[2024-06-18T13:27:42.527+0530] {processor.py:842} WARNING - No viable dags retrieved from /home/kiit/airflow-env/lib/python3.8/site-packages/airflow/example_dags/plugins/listener_plugin.py
[2024-06-18T13:27:42.593+0530] {processor.py:183} INFO - Processing /home/kiit/airflow-env/lib/python3.8/site-packages/airflow/example_dags/plugins/listener_plugin.py took 0.151 seconds
[2024-06-18T13:28:58.916+0530] {processor.py:161} INFO - Started process (PID=26972) to work on /home/kiit/airflow-env/lib/python3.8/site-packages/airflow/example_dags/plugins/listener_plugin.py
[2024-06-18T13:28:58.922+0530] {processor.py:830} INFO - Processing file /home/kiit/airflow-env/lib/python3.8/site-packages/airflow/example_dags/plugins/listener_plugin.py for tasks to queue
[2024-06-18T13:28:58.927+0530] {logging_mixin.py:188} INFO - [2024-06-18T13:28:58.926+0530] {dagbag.py:545} INFO - Filling up the DagBag from /home/kiit/airflow-env/lib/python3.8/site-packages/airflow/example_dags/plugins/listener_plugin.py
[2024-06-18T13:28:58.940+0530] {processor.py:842} WARNING - No viable dags retrieved from /home/kiit/airflow-env/lib/python3.8/site-packages/airflow/example_dags/plugins/listener_plugin.py
[2024-06-18T13:28:58.981+0530] {processor.py:183} INFO - Processing /home/kiit/airflow-env/lib/python3.8/site-packages/airflow/example_dags/plugins/listener_plugin.py took 0.091 seconds
[2024-06-18T13:30:04.855+0530] {processor.py:161} INFO - Started process (PID=27050) to work on /home/kiit/airflow-env/lib/python3.8/site-packages/airflow/example_dags/plugins/listener_plugin.py
[2024-06-18T13:30:04.856+0530] {processor.py:830} INFO - Processing file /home/kiit/airflow-env/lib/python3.8/site-packages/airflow/example_dags/plugins/listener_plugin.py for tasks to queue
[2024-06-18T13:30:04.857+0530] {logging_mixin.py:188} INFO - [2024-06-18T13:30:04.857+0530] {dagbag.py:545} INFO - Filling up the DagBag from /home/kiit/airflow-env/lib/python3.8/site-packages/airflow/example_dags/plugins/listener_plugin.py
[2024-06-18T13:30:04.859+0530] {processor.py:842} WARNING - No viable dags retrieved from /home/kiit/airflow-env/lib/python3.8/site-packages/airflow/example_dags/plugins/listener_plugin.py
[2024-06-18T13:30:04.867+0530] {processor.py:183} INFO - Processing /home/kiit/airflow-env/lib/python3.8/site-packages/airflow/example_dags/plugins/listener_plugin.py took 0.018 seconds
[2024-06-18T13:31:20.908+0530] {processor.py:161} INFO - Started process (PID=27142) to work on /home/kiit/airflow-env/lib/python3.8/site-packages/airflow/example_dags/plugins/listener_plugin.py
[2024-06-18T13:31:20.910+0530] {processor.py:830} INFO - Processing file /home/kiit/airflow-env/lib/python3.8/site-packages/airflow/example_dags/plugins/listener_plugin.py for tasks to queue
[2024-06-18T13:31:20.914+0530] {logging_mixin.py:188} INFO - [2024-06-18T13:31:20.913+0530] {dagbag.py:545} INFO - Filling up the DagBag from /home/kiit/airflow-env/lib/python3.8/site-packages/airflow/example_dags/plugins/listener_plugin.py
[2024-06-18T13:31:20.919+0530] {processor.py:842} WARNING - No viable dags retrieved from /home/kiit/airflow-env/lib/python3.8/site-packages/airflow/example_dags/plugins/listener_plugin.py
[2024-06-18T13:31:20.936+0530] {processor.py:183} INFO - Processing /home/kiit/airflow-env/lib/python3.8/site-packages/airflow/example_dags/plugins/listener_plugin.py took 0.040 seconds
[2024-06-18T13:32:31.278+0530] {processor.py:161} INFO - Started process (PID=27973) to work on /home/kiit/airflow-env/lib/python3.8/site-packages/airflow/example_dags/plugins/listener_plugin.py
[2024-06-18T13:32:31.281+0530] {processor.py:830} INFO - Processing file /home/kiit/airflow-env/lib/python3.8/site-packages/airflow/example_dags/plugins/listener_plugin.py for tasks to queue
[2024-06-18T13:32:31.283+0530] {logging_mixin.py:188} INFO - [2024-06-18T13:32:31.283+0530] {dagbag.py:545} INFO - Filling up the DagBag from /home/kiit/airflow-env/lib/python3.8/site-packages/airflow/example_dags/plugins/listener_plugin.py
[2024-06-18T13:32:31.294+0530] {processor.py:842} WARNING - No viable dags retrieved from /home/kiit/airflow-env/lib/python3.8/site-packages/airflow/example_dags/plugins/listener_plugin.py
[2024-06-18T13:32:31.315+0530] {processor.py:183} INFO - Processing /home/kiit/airflow-env/lib/python3.8/site-packages/airflow/example_dags/plugins/listener_plugin.py took 0.048 seconds
[2024-06-18T13:33:34.345+0530] {processor.py:161} INFO - Started process (PID=29405) to work on /home/kiit/airflow-env/lib/python3.8/site-packages/airflow/example_dags/plugins/listener_plugin.py
[2024-06-18T13:33:34.346+0530] {processor.py:830} INFO - Processing file /home/kiit/airflow-env/lib/python3.8/site-packages/airflow/example_dags/plugins/listener_plugin.py for tasks to queue
[2024-06-18T13:33:34.348+0530] {logging_mixin.py:188} INFO - [2024-06-18T13:33:34.347+0530] {dagbag.py:545} INFO - Filling up the DagBag from /home/kiit/airflow-env/lib/python3.8/site-packages/airflow/example_dags/plugins/listener_plugin.py
[2024-06-18T13:33:34.350+0530] {processor.py:842} WARNING - No viable dags retrieved from /home/kiit/airflow-env/lib/python3.8/site-packages/airflow/example_dags/plugins/listener_plugin.py
[2024-06-18T13:33:34.360+0530] {processor.py:183} INFO - Processing /home/kiit/airflow-env/lib/python3.8/site-packages/airflow/example_dags/plugins/listener_plugin.py took 0.020 seconds
[2024-06-18T13:34:34.144+0530] {processor.py:161} INFO - Started process (PID=30463) to work on /home/kiit/airflow-env/lib/python3.8/site-packages/airflow/example_dags/plugins/listener_plugin.py
[2024-06-18T13:34:34.151+0530] {processor.py:830} INFO - Processing file /home/kiit/airflow-env/lib/python3.8/site-packages/airflow/example_dags/plugins/listener_plugin.py for tasks to queue
[2024-06-18T13:34:34.153+0530] {logging_mixin.py:188} INFO - [2024-06-18T13:34:34.153+0530] {dagbag.py:545} INFO - Filling up the DagBag from /home/kiit/airflow-env/lib/python3.8/site-packages/airflow/example_dags/plugins/listener_plugin.py
[2024-06-18T13:34:34.158+0530] {processor.py:842} WARNING - No viable dags retrieved from /home/kiit/airflow-env/lib/python3.8/site-packages/airflow/example_dags/plugins/listener_plugin.py
[2024-06-18T13:34:34.168+0530] {processor.py:183} INFO - Processing /home/kiit/airflow-env/lib/python3.8/site-packages/airflow/example_dags/plugins/listener_plugin.py took 0.030 seconds
[2024-06-18T13:35:35.401+0530] {processor.py:161} INFO - Started process (PID=30531) to work on /home/kiit/airflow-env/lib/python3.8/site-packages/airflow/example_dags/plugins/listener_plugin.py
[2024-06-18T13:35:35.402+0530] {processor.py:830} INFO - Processing file /home/kiit/airflow-env/lib/python3.8/site-packages/airflow/example_dags/plugins/listener_plugin.py for tasks to queue
[2024-06-18T13:35:35.404+0530] {logging_mixin.py:188} INFO - [2024-06-18T13:35:35.404+0530] {dagbag.py:545} INFO - Filling up the DagBag from /home/kiit/airflow-env/lib/python3.8/site-packages/airflow/example_dags/plugins/listener_plugin.py
[2024-06-18T13:35:35.407+0530] {processor.py:842} WARNING - No viable dags retrieved from /home/kiit/airflow-env/lib/python3.8/site-packages/airflow/example_dags/plugins/listener_plugin.py
[2024-06-18T13:35:35.417+0530] {processor.py:183} INFO - Processing /home/kiit/airflow-env/lib/python3.8/site-packages/airflow/example_dags/plugins/listener_plugin.py took 0.022 seconds
[2024-06-18T13:36:40.951+0530] {processor.py:161} INFO - Started process (PID=30611) to work on /home/kiit/airflow-env/lib/python3.8/site-packages/airflow/example_dags/plugins/listener_plugin.py
[2024-06-18T13:36:40.953+0530] {processor.py:830} INFO - Processing file /home/kiit/airflow-env/lib/python3.8/site-packages/airflow/example_dags/plugins/listener_plugin.py for tasks to queue
[2024-06-18T13:36:40.954+0530] {logging_mixin.py:188} INFO - [2024-06-18T13:36:40.954+0530] {dagbag.py:545} INFO - Filling up the DagBag from /home/kiit/airflow-env/lib/python3.8/site-packages/airflow/example_dags/plugins/listener_plugin.py
[2024-06-18T13:36:40.956+0530] {processor.py:842} WARNING - No viable dags retrieved from /home/kiit/airflow-env/lib/python3.8/site-packages/airflow/example_dags/plugins/listener_plugin.py
[2024-06-18T13:36:40.968+0530] {processor.py:183} INFO - Processing /home/kiit/airflow-env/lib/python3.8/site-packages/airflow/example_dags/plugins/listener_plugin.py took 0.022 seconds
[2024-06-18T13:37:43.881+0530] {processor.py:161} INFO - Started process (PID=30680) to work on /home/kiit/airflow-env/lib/python3.8/site-packages/airflow/example_dags/plugins/listener_plugin.py
[2024-06-18T13:37:43.883+0530] {processor.py:830} INFO - Processing file /home/kiit/airflow-env/lib/python3.8/site-packages/airflow/example_dags/plugins/listener_plugin.py for tasks to queue
[2024-06-18T13:37:43.885+0530] {logging_mixin.py:188} INFO - [2024-06-18T13:37:43.884+0530] {dagbag.py:545} INFO - Filling up the DagBag from /home/kiit/airflow-env/lib/python3.8/site-packages/airflow/example_dags/plugins/listener_plugin.py
[2024-06-18T13:37:43.888+0530] {processor.py:842} WARNING - No viable dags retrieved from /home/kiit/airflow-env/lib/python3.8/site-packages/airflow/example_dags/plugins/listener_plugin.py
[2024-06-18T13:37:43.906+0530] {processor.py:183} INFO - Processing /home/kiit/airflow-env/lib/python3.8/site-packages/airflow/example_dags/plugins/listener_plugin.py took 0.031 seconds
[2024-06-18T13:39:05.142+0530] {processor.py:161} INFO - Started process (PID=30770) to work on /home/kiit/airflow-env/lib/python3.8/site-packages/airflow/example_dags/plugins/listener_plugin.py
[2024-06-18T13:39:05.144+0530] {processor.py:830} INFO - Processing file /home/kiit/airflow-env/lib/python3.8/site-packages/airflow/example_dags/plugins/listener_plugin.py for tasks to queue
[2024-06-18T13:39:05.145+0530] {logging_mixin.py:188} INFO - [2024-06-18T13:39:05.145+0530] {dagbag.py:545} INFO - Filling up the DagBag from /home/kiit/airflow-env/lib/python3.8/site-packages/airflow/example_dags/plugins/listener_plugin.py
[2024-06-18T13:39:05.147+0530] {processor.py:842} WARNING - No viable dags retrieved from /home/kiit/airflow-env/lib/python3.8/site-packages/airflow/example_dags/plugins/listener_plugin.py
[2024-06-18T13:39:05.157+0530] {processor.py:183} INFO - Processing /home/kiit/airflow-env/lib/python3.8/site-packages/airflow/example_dags/plugins/listener_plugin.py took 0.022 seconds
[2024-06-18T13:40:04.930+0530] {processor.py:161} INFO - Started process (PID=30839) to work on /home/kiit/airflow-env/lib/python3.8/site-packages/airflow/example_dags/plugins/listener_plugin.py
[2024-06-18T13:40:04.936+0530] {processor.py:830} INFO - Processing file /home/kiit/airflow-env/lib/python3.8/site-packages/airflow/example_dags/plugins/listener_plugin.py for tasks to queue
[2024-06-18T13:40:04.938+0530] {logging_mixin.py:188} INFO - [2024-06-18T13:40:04.937+0530] {dagbag.py:545} INFO - Filling up the DagBag from /home/kiit/airflow-env/lib/python3.8/site-packages/airflow/example_dags/plugins/listener_plugin.py
[2024-06-18T13:40:04.939+0530] {processor.py:842} WARNING - No viable dags retrieved from /home/kiit/airflow-env/lib/python3.8/site-packages/airflow/example_dags/plugins/listener_plugin.py
[2024-06-18T13:40:04.948+0530] {processor.py:183} INFO - Processing /home/kiit/airflow-env/lib/python3.8/site-packages/airflow/example_dags/plugins/listener_plugin.py took 0.025 seconds
[2024-06-18T13:41:07.107+0530] {processor.py:161} INFO - Started process (PID=30982) to work on /home/kiit/airflow-env/lib/python3.8/site-packages/airflow/example_dags/plugins/listener_plugin.py
[2024-06-18T13:41:07.114+0530] {processor.py:830} INFO - Processing file /home/kiit/airflow-env/lib/python3.8/site-packages/airflow/example_dags/plugins/listener_plugin.py for tasks to queue
[2024-06-18T13:41:07.117+0530] {logging_mixin.py:188} INFO - [2024-06-18T13:41:07.116+0530] {dagbag.py:545} INFO - Filling up the DagBag from /home/kiit/airflow-env/lib/python3.8/site-packages/airflow/example_dags/plugins/listener_plugin.py
[2024-06-18T13:41:07.119+0530] {processor.py:842} WARNING - No viable dags retrieved from /home/kiit/airflow-env/lib/python3.8/site-packages/airflow/example_dags/plugins/listener_plugin.py
[2024-06-18T13:41:07.128+0530] {processor.py:183} INFO - Processing /home/kiit/airflow-env/lib/python3.8/site-packages/airflow/example_dags/plugins/listener_plugin.py took 0.025 seconds
[2024-06-18T15:05:51.108+0530] {processor.py:161} INFO - Started process (PID=33646) to work on /home/kiit/airflow-env/lib/python3.8/site-packages/airflow/example_dags/plugins/listener_plugin.py
[2024-06-18T15:05:51.109+0530] {processor.py:830} INFO - Processing file /home/kiit/airflow-env/lib/python3.8/site-packages/airflow/example_dags/plugins/listener_plugin.py for tasks to queue
[2024-06-18T15:05:51.111+0530] {logging_mixin.py:188} INFO - [2024-06-18T15:05:51.110+0530] {dagbag.py:545} INFO - Filling up the DagBag from /home/kiit/airflow-env/lib/python3.8/site-packages/airflow/example_dags/plugins/listener_plugin.py
[2024-06-18T15:05:51.114+0530] {processor.py:842} WARNING - No viable dags retrieved from /home/kiit/airflow-env/lib/python3.8/site-packages/airflow/example_dags/plugins/listener_plugin.py
[2024-06-18T15:05:51.126+0530] {processor.py:183} INFO - Processing /home/kiit/airflow-env/lib/python3.8/site-packages/airflow/example_dags/plugins/listener_plugin.py took 0.025 seconds
[2024-06-18T15:06:28.630+0530] {processor.py:161} INFO - Started process (PID=33705) to work on /home/kiit/airflow-env/lib/python3.8/site-packages/airflow/example_dags/plugins/listener_plugin.py
[2024-06-18T15:06:28.633+0530] {processor.py:830} INFO - Processing file /home/kiit/airflow-env/lib/python3.8/site-packages/airflow/example_dags/plugins/listener_plugin.py for tasks to queue
[2024-06-18T15:06:28.638+0530] {logging_mixin.py:188} INFO - [2024-06-18T15:06:28.638+0530] {dagbag.py:545} INFO - Filling up the DagBag from /home/kiit/airflow-env/lib/python3.8/site-packages/airflow/example_dags/plugins/listener_plugin.py
[2024-06-18T15:06:28.646+0530] {processor.py:842} WARNING - No viable dags retrieved from /home/kiit/airflow-env/lib/python3.8/site-packages/airflow/example_dags/plugins/listener_plugin.py
[2024-06-18T15:06:28.694+0530] {processor.py:183} INFO - Processing /home/kiit/airflow-env/lib/python3.8/site-packages/airflow/example_dags/plugins/listener_plugin.py took 0.081 seconds
[2024-06-18T15:06:58.993+0530] {processor.py:161} INFO - Started process (PID=33763) to work on /home/kiit/airflow-env/lib/python3.8/site-packages/airflow/example_dags/plugins/listener_plugin.py
[2024-06-18T15:06:58.994+0530] {processor.py:830} INFO - Processing file /home/kiit/airflow-env/lib/python3.8/site-packages/airflow/example_dags/plugins/listener_plugin.py for tasks to queue
[2024-06-18T15:06:58.996+0530] {logging_mixin.py:188} INFO - [2024-06-18T15:06:58.996+0530] {dagbag.py:545} INFO - Filling up the DagBag from /home/kiit/airflow-env/lib/python3.8/site-packages/airflow/example_dags/plugins/listener_plugin.py
[2024-06-18T15:06:59.000+0530] {processor.py:842} WARNING - No viable dags retrieved from /home/kiit/airflow-env/lib/python3.8/site-packages/airflow/example_dags/plugins/listener_plugin.py
[2024-06-18T15:06:59.014+0530] {processor.py:183} INFO - Processing /home/kiit/airflow-env/lib/python3.8/site-packages/airflow/example_dags/plugins/listener_plugin.py took 0.028 seconds
[2024-06-18T15:07:29.761+0530] {processor.py:161} INFO - Started process (PID=33822) to work on /home/kiit/airflow-env/lib/python3.8/site-packages/airflow/example_dags/plugins/listener_plugin.py
[2024-06-18T15:07:29.763+0530] {processor.py:830} INFO - Processing file /home/kiit/airflow-env/lib/python3.8/site-packages/airflow/example_dags/plugins/listener_plugin.py for tasks to queue
[2024-06-18T15:07:29.765+0530] {logging_mixin.py:188} INFO - [2024-06-18T15:07:29.765+0530] {dagbag.py:545} INFO - Filling up the DagBag from /home/kiit/airflow-env/lib/python3.8/site-packages/airflow/example_dags/plugins/listener_plugin.py
[2024-06-18T15:07:29.769+0530] {processor.py:842} WARNING - No viable dags retrieved from /home/kiit/airflow-env/lib/python3.8/site-packages/airflow/example_dags/plugins/listener_plugin.py
[2024-06-18T15:07:29.796+0530] {processor.py:183} INFO - Processing /home/kiit/airflow-env/lib/python3.8/site-packages/airflow/example_dags/plugins/listener_plugin.py took 0.047 seconds
[2024-06-18T15:08:00.393+0530] {processor.py:161} INFO - Started process (PID=33881) to work on /home/kiit/airflow-env/lib/python3.8/site-packages/airflow/example_dags/plugins/listener_plugin.py
[2024-06-18T15:08:00.395+0530] {processor.py:830} INFO - Processing file /home/kiit/airflow-env/lib/python3.8/site-packages/airflow/example_dags/plugins/listener_plugin.py for tasks to queue
[2024-06-18T15:08:00.397+0530] {logging_mixin.py:188} INFO - [2024-06-18T15:08:00.396+0530] {dagbag.py:545} INFO - Filling up the DagBag from /home/kiit/airflow-env/lib/python3.8/site-packages/airflow/example_dags/plugins/listener_plugin.py
[2024-06-18T15:08:00.399+0530] {processor.py:842} WARNING - No viable dags retrieved from /home/kiit/airflow-env/lib/python3.8/site-packages/airflow/example_dags/plugins/listener_plugin.py
[2024-06-18T15:08:00.415+0530] {processor.py:183} INFO - Processing /home/kiit/airflow-env/lib/python3.8/site-packages/airflow/example_dags/plugins/listener_plugin.py took 0.027 seconds
[2024-06-18T15:08:30.673+0530] {processor.py:161} INFO - Started process (PID=33940) to work on /home/kiit/airflow-env/lib/python3.8/site-packages/airflow/example_dags/plugins/listener_plugin.py
[2024-06-18T15:08:30.675+0530] {processor.py:830} INFO - Processing file /home/kiit/airflow-env/lib/python3.8/site-packages/airflow/example_dags/plugins/listener_plugin.py for tasks to queue
[2024-06-18T15:08:30.676+0530] {logging_mixin.py:188} INFO - [2024-06-18T15:08:30.676+0530] {dagbag.py:545} INFO - Filling up the DagBag from /home/kiit/airflow-env/lib/python3.8/site-packages/airflow/example_dags/plugins/listener_plugin.py
[2024-06-18T15:08:30.679+0530] {processor.py:842} WARNING - No viable dags retrieved from /home/kiit/airflow-env/lib/python3.8/site-packages/airflow/example_dags/plugins/listener_plugin.py
[2024-06-18T15:08:30.695+0530] {processor.py:183} INFO - Processing /home/kiit/airflow-env/lib/python3.8/site-packages/airflow/example_dags/plugins/listener_plugin.py took 0.030 seconds
[2024-06-18T15:09:01.245+0530] {processor.py:161} INFO - Started process (PID=34000) to work on /home/kiit/airflow-env/lib/python3.8/site-packages/airflow/example_dags/plugins/listener_plugin.py
[2024-06-18T15:09:01.246+0530] {processor.py:830} INFO - Processing file /home/kiit/airflow-env/lib/python3.8/site-packages/airflow/example_dags/plugins/listener_plugin.py for tasks to queue
[2024-06-18T15:09:01.248+0530] {logging_mixin.py:188} INFO - [2024-06-18T15:09:01.248+0530] {dagbag.py:545} INFO - Filling up the DagBag from /home/kiit/airflow-env/lib/python3.8/site-packages/airflow/example_dags/plugins/listener_plugin.py
[2024-06-18T15:09:01.250+0530] {processor.py:842} WARNING - No viable dags retrieved from /home/kiit/airflow-env/lib/python3.8/site-packages/airflow/example_dags/plugins/listener_plugin.py
[2024-06-18T15:09:01.262+0530] {processor.py:183} INFO - Processing /home/kiit/airflow-env/lib/python3.8/site-packages/airflow/example_dags/plugins/listener_plugin.py took 0.023 seconds
[2024-06-18T15:09:31.520+0530] {processor.py:161} INFO - Started process (PID=34060) to work on /home/kiit/airflow-env/lib/python3.8/site-packages/airflow/example_dags/plugins/listener_plugin.py
[2024-06-18T15:09:31.521+0530] {processor.py:830} INFO - Processing file /home/kiit/airflow-env/lib/python3.8/site-packages/airflow/example_dags/plugins/listener_plugin.py for tasks to queue
[2024-06-18T15:09:31.522+0530] {logging_mixin.py:188} INFO - [2024-06-18T15:09:31.522+0530] {dagbag.py:545} INFO - Filling up the DagBag from /home/kiit/airflow-env/lib/python3.8/site-packages/airflow/example_dags/plugins/listener_plugin.py
[2024-06-18T15:09:31.524+0530] {processor.py:842} WARNING - No viable dags retrieved from /home/kiit/airflow-env/lib/python3.8/site-packages/airflow/example_dags/plugins/listener_plugin.py
[2024-06-18T15:09:31.534+0530] {processor.py:183} INFO - Processing /home/kiit/airflow-env/lib/python3.8/site-packages/airflow/example_dags/plugins/listener_plugin.py took 0.021 seconds
[2024-06-18T15:10:01.726+0530] {processor.py:161} INFO - Started process (PID=34119) to work on /home/kiit/airflow-env/lib/python3.8/site-packages/airflow/example_dags/plugins/listener_plugin.py
[2024-06-18T15:10:01.727+0530] {processor.py:830} INFO - Processing file /home/kiit/airflow-env/lib/python3.8/site-packages/airflow/example_dags/plugins/listener_plugin.py for tasks to queue
[2024-06-18T15:10:01.728+0530] {logging_mixin.py:188} INFO - [2024-06-18T15:10:01.728+0530] {dagbag.py:545} INFO - Filling up the DagBag from /home/kiit/airflow-env/lib/python3.8/site-packages/airflow/example_dags/plugins/listener_plugin.py
[2024-06-18T15:10:01.730+0530] {processor.py:842} WARNING - No viable dags retrieved from /home/kiit/airflow-env/lib/python3.8/site-packages/airflow/example_dags/plugins/listener_plugin.py
[2024-06-18T15:10:01.742+0530] {processor.py:183} INFO - Processing /home/kiit/airflow-env/lib/python3.8/site-packages/airflow/example_dags/plugins/listener_plugin.py took 0.021 seconds
[2024-06-18T15:10:32.067+0530] {processor.py:161} INFO - Started process (PID=34179) to work on /home/kiit/airflow-env/lib/python3.8/site-packages/airflow/example_dags/plugins/listener_plugin.py
[2024-06-18T15:10:32.069+0530] {processor.py:830} INFO - Processing file /home/kiit/airflow-env/lib/python3.8/site-packages/airflow/example_dags/plugins/listener_plugin.py for tasks to queue
[2024-06-18T15:10:32.070+0530] {logging_mixin.py:188} INFO - [2024-06-18T15:10:32.070+0530] {dagbag.py:545} INFO - Filling up the DagBag from /home/kiit/airflow-env/lib/python3.8/site-packages/airflow/example_dags/plugins/listener_plugin.py
[2024-06-18T15:10:32.072+0530] {processor.py:842} WARNING - No viable dags retrieved from /home/kiit/airflow-env/lib/python3.8/site-packages/airflow/example_dags/plugins/listener_plugin.py
[2024-06-18T15:10:32.085+0530] {processor.py:183} INFO - Processing /home/kiit/airflow-env/lib/python3.8/site-packages/airflow/example_dags/plugins/listener_plugin.py took 0.022 seconds
[2024-06-18T15:11:02.372+0530] {processor.py:161} INFO - Started process (PID=34238) to work on /home/kiit/airflow-env/lib/python3.8/site-packages/airflow/example_dags/plugins/listener_plugin.py
[2024-06-18T15:11:02.373+0530] {processor.py:830} INFO - Processing file /home/kiit/airflow-env/lib/python3.8/site-packages/airflow/example_dags/plugins/listener_plugin.py for tasks to queue
[2024-06-18T15:11:02.374+0530] {logging_mixin.py:188} INFO - [2024-06-18T15:11:02.374+0530] {dagbag.py:545} INFO - Filling up the DagBag from /home/kiit/airflow-env/lib/python3.8/site-packages/airflow/example_dags/plugins/listener_plugin.py
[2024-06-18T15:11:02.376+0530] {processor.py:842} WARNING - No viable dags retrieved from /home/kiit/airflow-env/lib/python3.8/site-packages/airflow/example_dags/plugins/listener_plugin.py
[2024-06-18T15:11:02.390+0530] {processor.py:183} INFO - Processing /home/kiit/airflow-env/lib/python3.8/site-packages/airflow/example_dags/plugins/listener_plugin.py took 0.024 seconds
[2024-06-18T15:11:32.524+0530] {processor.py:161} INFO - Started process (PID=34297) to work on /home/kiit/airflow-env/lib/python3.8/site-packages/airflow/example_dags/plugins/listener_plugin.py
[2024-06-18T15:11:32.525+0530] {processor.py:830} INFO - Processing file /home/kiit/airflow-env/lib/python3.8/site-packages/airflow/example_dags/plugins/listener_plugin.py for tasks to queue
[2024-06-18T15:11:32.526+0530] {logging_mixin.py:188} INFO - [2024-06-18T15:11:32.526+0530] {dagbag.py:545} INFO - Filling up the DagBag from /home/kiit/airflow-env/lib/python3.8/site-packages/airflow/example_dags/plugins/listener_plugin.py
[2024-06-18T15:11:32.528+0530] {processor.py:842} WARNING - No viable dags retrieved from /home/kiit/airflow-env/lib/python3.8/site-packages/airflow/example_dags/plugins/listener_plugin.py
[2024-06-18T15:11:32.541+0530] {processor.py:183} INFO - Processing /home/kiit/airflow-env/lib/python3.8/site-packages/airflow/example_dags/plugins/listener_plugin.py took 0.022 seconds
[2024-06-18T15:12:02.828+0530] {processor.py:161} INFO - Started process (PID=34356) to work on /home/kiit/airflow-env/lib/python3.8/site-packages/airflow/example_dags/plugins/listener_plugin.py
[2024-06-18T15:12:02.828+0530] {processor.py:830} INFO - Processing file /home/kiit/airflow-env/lib/python3.8/site-packages/airflow/example_dags/plugins/listener_plugin.py for tasks to queue
[2024-06-18T15:12:02.830+0530] {logging_mixin.py:188} INFO - [2024-06-18T15:12:02.829+0530] {dagbag.py:545} INFO - Filling up the DagBag from /home/kiit/airflow-env/lib/python3.8/site-packages/airflow/example_dags/plugins/listener_plugin.py
[2024-06-18T15:12:02.831+0530] {processor.py:842} WARNING - No viable dags retrieved from /home/kiit/airflow-env/lib/python3.8/site-packages/airflow/example_dags/plugins/listener_plugin.py
[2024-06-18T15:12:02.846+0530] {processor.py:183} INFO - Processing /home/kiit/airflow-env/lib/python3.8/site-packages/airflow/example_dags/plugins/listener_plugin.py took 0.024 seconds
[2024-06-18T15:12:33.153+0530] {processor.py:161} INFO - Started process (PID=34416) to work on /home/kiit/airflow-env/lib/python3.8/site-packages/airflow/example_dags/plugins/listener_plugin.py
[2024-06-18T15:12:33.155+0530] {processor.py:830} INFO - Processing file /home/kiit/airflow-env/lib/python3.8/site-packages/airflow/example_dags/plugins/listener_plugin.py for tasks to queue
[2024-06-18T15:12:33.156+0530] {logging_mixin.py:188} INFO - [2024-06-18T15:12:33.156+0530] {dagbag.py:545} INFO - Filling up the DagBag from /home/kiit/airflow-env/lib/python3.8/site-packages/airflow/example_dags/plugins/listener_plugin.py
[2024-06-18T15:12:33.158+0530] {processor.py:842} WARNING - No viable dags retrieved from /home/kiit/airflow-env/lib/python3.8/site-packages/airflow/example_dags/plugins/listener_plugin.py
[2024-06-18T15:12:33.176+0530] {processor.py:183} INFO - Processing /home/kiit/airflow-env/lib/python3.8/site-packages/airflow/example_dags/plugins/listener_plugin.py took 0.029 seconds
[2024-06-18T15:13:03.412+0530] {processor.py:161} INFO - Started process (PID=34475) to work on /home/kiit/airflow-env/lib/python3.8/site-packages/airflow/example_dags/plugins/listener_plugin.py
[2024-06-18T15:13:03.413+0530] {processor.py:830} INFO - Processing file /home/kiit/airflow-env/lib/python3.8/site-packages/airflow/example_dags/plugins/listener_plugin.py for tasks to queue
[2024-06-18T15:13:03.414+0530] {logging_mixin.py:188} INFO - [2024-06-18T15:13:03.414+0530] {dagbag.py:545} INFO - Filling up the DagBag from /home/kiit/airflow-env/lib/python3.8/site-packages/airflow/example_dags/plugins/listener_plugin.py
[2024-06-18T15:13:03.417+0530] {processor.py:842} WARNING - No viable dags retrieved from /home/kiit/airflow-env/lib/python3.8/site-packages/airflow/example_dags/plugins/listener_plugin.py
[2024-06-18T15:13:03.429+0530] {processor.py:183} INFO - Processing /home/kiit/airflow-env/lib/python3.8/site-packages/airflow/example_dags/plugins/listener_plugin.py took 0.022 seconds
[2024-06-18T15:13:33.735+0530] {processor.py:161} INFO - Started process (PID=34534) to work on /home/kiit/airflow-env/lib/python3.8/site-packages/airflow/example_dags/plugins/listener_plugin.py
[2024-06-18T15:13:33.736+0530] {processor.py:830} INFO - Processing file /home/kiit/airflow-env/lib/python3.8/site-packages/airflow/example_dags/plugins/listener_plugin.py for tasks to queue
[2024-06-18T15:13:33.737+0530] {logging_mixin.py:188} INFO - [2024-06-18T15:13:33.737+0530] {dagbag.py:545} INFO - Filling up the DagBag from /home/kiit/airflow-env/lib/python3.8/site-packages/airflow/example_dags/plugins/listener_plugin.py
[2024-06-18T15:13:33.739+0530] {processor.py:842} WARNING - No viable dags retrieved from /home/kiit/airflow-env/lib/python3.8/site-packages/airflow/example_dags/plugins/listener_plugin.py
[2024-06-18T15:13:33.751+0530] {processor.py:183} INFO - Processing /home/kiit/airflow-env/lib/python3.8/site-packages/airflow/example_dags/plugins/listener_plugin.py took 0.021 seconds
[2024-06-18T15:14:03.995+0530] {processor.py:161} INFO - Started process (PID=34593) to work on /home/kiit/airflow-env/lib/python3.8/site-packages/airflow/example_dags/plugins/listener_plugin.py
[2024-06-18T15:14:03.995+0530] {processor.py:830} INFO - Processing file /home/kiit/airflow-env/lib/python3.8/site-packages/airflow/example_dags/plugins/listener_plugin.py for tasks to queue
[2024-06-18T15:14:03.997+0530] {logging_mixin.py:188} INFO - [2024-06-18T15:14:03.997+0530] {dagbag.py:545} INFO - Filling up the DagBag from /home/kiit/airflow-env/lib/python3.8/site-packages/airflow/example_dags/plugins/listener_plugin.py
[2024-06-18T15:14:03.999+0530] {processor.py:842} WARNING - No viable dags retrieved from /home/kiit/airflow-env/lib/python3.8/site-packages/airflow/example_dags/plugins/listener_plugin.py
[2024-06-18T15:14:04.010+0530] {processor.py:183} INFO - Processing /home/kiit/airflow-env/lib/python3.8/site-packages/airflow/example_dags/plugins/listener_plugin.py took 0.020 seconds
[2024-06-18T15:14:34.329+0530] {processor.py:161} INFO - Started process (PID=34652) to work on /home/kiit/airflow-env/lib/python3.8/site-packages/airflow/example_dags/plugins/listener_plugin.py
[2024-06-18T15:14:34.330+0530] {processor.py:830} INFO - Processing file /home/kiit/airflow-env/lib/python3.8/site-packages/airflow/example_dags/plugins/listener_plugin.py for tasks to queue
[2024-06-18T15:14:34.332+0530] {logging_mixin.py:188} INFO - [2024-06-18T15:14:34.331+0530] {dagbag.py:545} INFO - Filling up the DagBag from /home/kiit/airflow-env/lib/python3.8/site-packages/airflow/example_dags/plugins/listener_plugin.py
[2024-06-18T15:14:34.334+0530] {processor.py:842} WARNING - No viable dags retrieved from /home/kiit/airflow-env/lib/python3.8/site-packages/airflow/example_dags/plugins/listener_plugin.py
[2024-06-18T15:14:34.346+0530] {processor.py:183} INFO - Processing /home/kiit/airflow-env/lib/python3.8/site-packages/airflow/example_dags/plugins/listener_plugin.py took 0.022 seconds
[2024-06-18T15:15:04.688+0530] {processor.py:161} INFO - Started process (PID=34711) to work on /home/kiit/airflow-env/lib/python3.8/site-packages/airflow/example_dags/plugins/listener_plugin.py
[2024-06-18T15:15:04.688+0530] {processor.py:830} INFO - Processing file /home/kiit/airflow-env/lib/python3.8/site-packages/airflow/example_dags/plugins/listener_plugin.py for tasks to queue
[2024-06-18T15:15:04.690+0530] {logging_mixin.py:188} INFO - [2024-06-18T15:15:04.689+0530] {dagbag.py:545} INFO - Filling up the DagBag from /home/kiit/airflow-env/lib/python3.8/site-packages/airflow/example_dags/plugins/listener_plugin.py
[2024-06-18T15:15:04.691+0530] {processor.py:842} WARNING - No viable dags retrieved from /home/kiit/airflow-env/lib/python3.8/site-packages/airflow/example_dags/plugins/listener_plugin.py
[2024-06-18T15:15:04.703+0530] {processor.py:183} INFO - Processing /home/kiit/airflow-env/lib/python3.8/site-packages/airflow/example_dags/plugins/listener_plugin.py took 0.021 seconds
[2024-06-18T15:15:34.929+0530] {processor.py:161} INFO - Started process (PID=34770) to work on /home/kiit/airflow-env/lib/python3.8/site-packages/airflow/example_dags/plugins/listener_plugin.py
[2024-06-18T15:15:34.930+0530] {processor.py:830} INFO - Processing file /home/kiit/airflow-env/lib/python3.8/site-packages/airflow/example_dags/plugins/listener_plugin.py for tasks to queue
[2024-06-18T15:15:34.932+0530] {logging_mixin.py:188} INFO - [2024-06-18T15:15:34.931+0530] {dagbag.py:545} INFO - Filling up the DagBag from /home/kiit/airflow-env/lib/python3.8/site-packages/airflow/example_dags/plugins/listener_plugin.py
[2024-06-18T15:15:34.934+0530] {processor.py:842} WARNING - No viable dags retrieved from /home/kiit/airflow-env/lib/python3.8/site-packages/airflow/example_dags/plugins/listener_plugin.py
[2024-06-18T15:15:34.947+0530] {processor.py:183} INFO - Processing /home/kiit/airflow-env/lib/python3.8/site-packages/airflow/example_dags/plugins/listener_plugin.py took 0.024 seconds
[2024-06-18T15:16:05.232+0530] {processor.py:161} INFO - Started process (PID=34829) to work on /home/kiit/airflow-env/lib/python3.8/site-packages/airflow/example_dags/plugins/listener_plugin.py
[2024-06-18T15:16:05.232+0530] {processor.py:830} INFO - Processing file /home/kiit/airflow-env/lib/python3.8/site-packages/airflow/example_dags/plugins/listener_plugin.py for tasks to queue
[2024-06-18T15:16:05.234+0530] {logging_mixin.py:188} INFO - [2024-06-18T15:16:05.233+0530] {dagbag.py:545} INFO - Filling up the DagBag from /home/kiit/airflow-env/lib/python3.8/site-packages/airflow/example_dags/plugins/listener_plugin.py
[2024-06-18T15:16:05.236+0530] {processor.py:842} WARNING - No viable dags retrieved from /home/kiit/airflow-env/lib/python3.8/site-packages/airflow/example_dags/plugins/listener_plugin.py
[2024-06-18T15:16:05.249+0530] {processor.py:183} INFO - Processing /home/kiit/airflow-env/lib/python3.8/site-packages/airflow/example_dags/plugins/listener_plugin.py took 0.023 seconds
[2024-06-18T15:16:35.651+0530] {processor.py:161} INFO - Started process (PID=34912) to work on /home/kiit/airflow-env/lib/python3.8/site-packages/airflow/example_dags/plugins/listener_plugin.py
[2024-06-18T15:16:35.653+0530] {processor.py:830} INFO - Processing file /home/kiit/airflow-env/lib/python3.8/site-packages/airflow/example_dags/plugins/listener_plugin.py for tasks to queue
[2024-06-18T15:16:35.654+0530] {logging_mixin.py:188} INFO - [2024-06-18T15:16:35.654+0530] {dagbag.py:545} INFO - Filling up the DagBag from /home/kiit/airflow-env/lib/python3.8/site-packages/airflow/example_dags/plugins/listener_plugin.py
[2024-06-18T15:16:35.656+0530] {processor.py:842} WARNING - No viable dags retrieved from /home/kiit/airflow-env/lib/python3.8/site-packages/airflow/example_dags/plugins/listener_plugin.py
[2024-06-18T15:16:35.667+0530] {processor.py:183} INFO - Processing /home/kiit/airflow-env/lib/python3.8/site-packages/airflow/example_dags/plugins/listener_plugin.py took 0.020 seconds
