[2024-06-18T13:05:28.405+0530] {processor.py:161} INFO - Started process (PID=25323) to work on /home/kiit/airflow-env/lib/python3.8/site-packages/airflow/example_dags/plugins/workday.py
[2024-06-18T13:05:28.406+0530] {processor.py:830} INFO - Processing file /home/kiit/airflow-env/lib/python3.8/site-packages/airflow/example_dags/plugins/workday.py for tasks to queue
[2024-06-18T13:05:28.407+0530] {logging_mixin.py:188} INFO - [2024-06-18T13:05:28.407+0530] {dagbag.py:545} INFO - Filling up the DagBag from /home/kiit/airflow-env/lib/python3.8/site-packages/airflow/example_dags/plugins/workday.py
[2024-06-18T13:05:29.206+0530] {processor.py:842} WARNING - No viable dags retrieved from /home/kiit/airflow-env/lib/python3.8/site-packages/airflow/example_dags/plugins/workday.py
[2024-06-18T13:05:29.215+0530] {processor.py:183} INFO - Processing /home/kiit/airflow-env/lib/python3.8/site-packages/airflow/example_dags/plugins/workday.py took 0.814 seconds
[2024-06-18T13:06:28.181+0530] {processor.py:161} INFO - Started process (PID=25398) to work on /home/kiit/airflow-env/lib/python3.8/site-packages/airflow/example_dags/plugins/workday.py
[2024-06-18T13:06:28.188+0530] {processor.py:830} INFO - Processing file /home/kiit/airflow-env/lib/python3.8/site-packages/airflow/example_dags/plugins/workday.py for tasks to queue
[2024-06-18T13:06:28.189+0530] {logging_mixin.py:188} INFO - [2024-06-18T13:06:28.189+0530] {dagbag.py:545} INFO - Filling up the DagBag from /home/kiit/airflow-env/lib/python3.8/site-packages/airflow/example_dags/plugins/workday.py
[2024-06-18T13:06:28.493+0530] {processor.py:842} WARNING - No viable dags retrieved from /home/kiit/airflow-env/lib/python3.8/site-packages/airflow/example_dags/plugins/workday.py
[2024-06-18T13:06:28.499+0530] {processor.py:183} INFO - Processing /home/kiit/airflow-env/lib/python3.8/site-packages/airflow/example_dags/plugins/workday.py took 0.322 seconds
[2024-06-18T13:07:13.889+0530] {processor.py:161} INFO - Started process (PID=25456) to work on /home/kiit/airflow-env/lib/python3.8/site-packages/airflow/example_dags/plugins/workday.py
[2024-06-18T13:07:13.891+0530] {processor.py:830} INFO - Processing file /home/kiit/airflow-env/lib/python3.8/site-packages/airflow/example_dags/plugins/workday.py for tasks to queue
[2024-06-18T13:07:13.892+0530] {logging_mixin.py:188} INFO - [2024-06-18T13:07:13.892+0530] {dagbag.py:545} INFO - Filling up the DagBag from /home/kiit/airflow-env/lib/python3.8/site-packages/airflow/example_dags/plugins/workday.py
[2024-06-18T13:07:14.180+0530] {processor.py:842} WARNING - No viable dags retrieved from /home/kiit/airflow-env/lib/python3.8/site-packages/airflow/example_dags/plugins/workday.py
[2024-06-18T13:07:14.188+0530] {processor.py:183} INFO - Processing /home/kiit/airflow-env/lib/python3.8/site-packages/airflow/example_dags/plugins/workday.py took 0.302 seconds
[2024-06-18T13:08:11.163+0530] {processor.py:161} INFO - Started process (PID=25508) to work on /home/kiit/airflow-env/lib/python3.8/site-packages/airflow/example_dags/plugins/workday.py
[2024-06-18T13:08:11.164+0530] {processor.py:830} INFO - Processing file /home/kiit/airflow-env/lib/python3.8/site-packages/airflow/example_dags/plugins/workday.py for tasks to queue
[2024-06-18T13:08:11.166+0530] {logging_mixin.py:188} INFO - [2024-06-18T13:08:11.165+0530] {dagbag.py:545} INFO - Filling up the DagBag from /home/kiit/airflow-env/lib/python3.8/site-packages/airflow/example_dags/plugins/workday.py
[2024-06-18T13:08:11.484+0530] {processor.py:842} WARNING - No viable dags retrieved from /home/kiit/airflow-env/lib/python3.8/site-packages/airflow/example_dags/plugins/workday.py
[2024-06-18T13:08:11.497+0530] {processor.py:183} INFO - Processing /home/kiit/airflow-env/lib/python3.8/site-packages/airflow/example_dags/plugins/workday.py took 0.339 seconds
[2024-06-18T13:09:00.193+0530] {processor.py:161} INFO - Started process (PID=25566) to work on /home/kiit/airflow-env/lib/python3.8/site-packages/airflow/example_dags/plugins/workday.py
[2024-06-18T13:09:00.195+0530] {processor.py:830} INFO - Processing file /home/kiit/airflow-env/lib/python3.8/site-packages/airflow/example_dags/plugins/workday.py for tasks to queue
[2024-06-18T13:09:00.197+0530] {logging_mixin.py:188} INFO - [2024-06-18T13:09:00.196+0530] {dagbag.py:545} INFO - Filling up the DagBag from /home/kiit/airflow-env/lib/python3.8/site-packages/airflow/example_dags/plugins/workday.py
[2024-06-18T13:09:00.420+0530] {processor.py:842} WARNING - No viable dags retrieved from /home/kiit/airflow-env/lib/python3.8/site-packages/airflow/example_dags/plugins/workday.py
[2024-06-18T13:09:00.429+0530] {processor.py:183} INFO - Processing /home/kiit/airflow-env/lib/python3.8/site-packages/airflow/example_dags/plugins/workday.py took 0.240 seconds
[2024-06-18T13:09:32.763+0530] {processor.py:161} INFO - Started process (PID=25611) to work on /home/kiit/airflow-env/lib/python3.8/site-packages/airflow/example_dags/plugins/workday.py
[2024-06-18T13:09:32.763+0530] {processor.py:830} INFO - Processing file /home/kiit/airflow-env/lib/python3.8/site-packages/airflow/example_dags/plugins/workday.py for tasks to queue
[2024-06-18T13:09:32.764+0530] {logging_mixin.py:188} INFO - [2024-06-18T13:09:32.764+0530] {dagbag.py:545} INFO - Filling up the DagBag from /home/kiit/airflow-env/lib/python3.8/site-packages/airflow/example_dags/plugins/workday.py
[2024-06-18T13:09:33.022+0530] {processor.py:842} WARNING - No viable dags retrieved from /home/kiit/airflow-env/lib/python3.8/site-packages/airflow/example_dags/plugins/workday.py
[2024-06-18T13:09:33.031+0530] {processor.py:183} INFO - Processing /home/kiit/airflow-env/lib/python3.8/site-packages/airflow/example_dags/plugins/workday.py took 0.273 seconds
[2024-06-18T13:10:13.080+0530] {processor.py:161} INFO - Started process (PID=25655) to work on /home/kiit/airflow-env/lib/python3.8/site-packages/airflow/example_dags/plugins/workday.py
[2024-06-18T13:10:13.082+0530] {processor.py:830} INFO - Processing file /home/kiit/airflow-env/lib/python3.8/site-packages/airflow/example_dags/plugins/workday.py for tasks to queue
[2024-06-18T13:10:13.085+0530] {logging_mixin.py:188} INFO - [2024-06-18T13:10:13.085+0530] {dagbag.py:545} INFO - Filling up the DagBag from /home/kiit/airflow-env/lib/python3.8/site-packages/airflow/example_dags/plugins/workday.py
[2024-06-18T13:10:13.920+0530] {processor.py:842} WARNING - No viable dags retrieved from /home/kiit/airflow-env/lib/python3.8/site-packages/airflow/example_dags/plugins/workday.py
[2024-06-18T13:10:13.958+0530] {processor.py:183} INFO - Processing /home/kiit/airflow-env/lib/python3.8/site-packages/airflow/example_dags/plugins/workday.py took 0.898 seconds
[2024-06-18T13:11:01.911+0530] {processor.py:161} INFO - Started process (PID=25709) to work on /home/kiit/airflow-env/lib/python3.8/site-packages/airflow/example_dags/plugins/workday.py
[2024-06-18T13:11:01.913+0530] {processor.py:830} INFO - Processing file /home/kiit/airflow-env/lib/python3.8/site-packages/airflow/example_dags/plugins/workday.py for tasks to queue
[2024-06-18T13:11:01.916+0530] {logging_mixin.py:188} INFO - [2024-06-18T13:11:01.916+0530] {dagbag.py:545} INFO - Filling up the DagBag from /home/kiit/airflow-env/lib/python3.8/site-packages/airflow/example_dags/plugins/workday.py
[2024-06-18T13:11:02.626+0530] {processor.py:842} WARNING - No viable dags retrieved from /home/kiit/airflow-env/lib/python3.8/site-packages/airflow/example_dags/plugins/workday.py
[2024-06-18T13:11:02.662+0530] {processor.py:183} INFO - Processing /home/kiit/airflow-env/lib/python3.8/site-packages/airflow/example_dags/plugins/workday.py took 0.770 seconds
[2024-06-18T13:11:45.833+0530] {processor.py:161} INFO - Started process (PID=25761) to work on /home/kiit/airflow-env/lib/python3.8/site-packages/airflow/example_dags/plugins/workday.py
[2024-06-18T13:11:45.834+0530] {processor.py:830} INFO - Processing file /home/kiit/airflow-env/lib/python3.8/site-packages/airflow/example_dags/plugins/workday.py for tasks to queue
[2024-06-18T13:11:45.836+0530] {logging_mixin.py:188} INFO - [2024-06-18T13:11:45.835+0530] {dagbag.py:545} INFO - Filling up the DagBag from /home/kiit/airflow-env/lib/python3.8/site-packages/airflow/example_dags/plugins/workday.py
[2024-06-18T13:11:46.192+0530] {processor.py:842} WARNING - No viable dags retrieved from /home/kiit/airflow-env/lib/python3.8/site-packages/airflow/example_dags/plugins/workday.py
[2024-06-18T13:11:46.207+0530] {processor.py:183} INFO - Processing /home/kiit/airflow-env/lib/python3.8/site-packages/airflow/example_dags/plugins/workday.py took 0.380 seconds
[2024-06-18T13:12:27.765+0530] {processor.py:161} INFO - Started process (PID=25810) to work on /home/kiit/airflow-env/lib/python3.8/site-packages/airflow/example_dags/plugins/workday.py
[2024-06-18T13:12:27.766+0530] {processor.py:830} INFO - Processing file /home/kiit/airflow-env/lib/python3.8/site-packages/airflow/example_dags/plugins/workday.py for tasks to queue
[2024-06-18T13:12:27.767+0530] {logging_mixin.py:188} INFO - [2024-06-18T13:12:27.767+0530] {dagbag.py:545} INFO - Filling up the DagBag from /home/kiit/airflow-env/lib/python3.8/site-packages/airflow/example_dags/plugins/workday.py
[2024-06-18T13:12:27.986+0530] {processor.py:842} WARNING - No viable dags retrieved from /home/kiit/airflow-env/lib/python3.8/site-packages/airflow/example_dags/plugins/workday.py
[2024-06-18T13:12:27.994+0530] {processor.py:183} INFO - Processing /home/kiit/airflow-env/lib/python3.8/site-packages/airflow/example_dags/plugins/workday.py took 0.233 seconds
[2024-06-18T13:13:06.059+0530] {processor.py:161} INFO - Started process (PID=25857) to work on /home/kiit/airflow-env/lib/python3.8/site-packages/airflow/example_dags/plugins/workday.py
[2024-06-18T13:13:06.059+0530] {processor.py:830} INFO - Processing file /home/kiit/airflow-env/lib/python3.8/site-packages/airflow/example_dags/plugins/workday.py for tasks to queue
[2024-06-18T13:13:06.061+0530] {logging_mixin.py:188} INFO - [2024-06-18T13:13:06.061+0530] {dagbag.py:545} INFO - Filling up the DagBag from /home/kiit/airflow-env/lib/python3.8/site-packages/airflow/example_dags/plugins/workday.py
[2024-06-18T13:13:06.399+0530] {processor.py:842} WARNING - No viable dags retrieved from /home/kiit/airflow-env/lib/python3.8/site-packages/airflow/example_dags/plugins/workday.py
[2024-06-18T13:13:06.410+0530] {processor.py:183} INFO - Processing /home/kiit/airflow-env/lib/python3.8/site-packages/airflow/example_dags/plugins/workday.py took 0.357 seconds
[2024-06-18T13:13:45.842+0530] {processor.py:161} INFO - Started process (PID=25906) to work on /home/kiit/airflow-env/lib/python3.8/site-packages/airflow/example_dags/plugins/workday.py
[2024-06-18T13:13:45.850+0530] {processor.py:830} INFO - Processing file /home/kiit/airflow-env/lib/python3.8/site-packages/airflow/example_dags/plugins/workday.py for tasks to queue
[2024-06-18T13:13:45.852+0530] {logging_mixin.py:188} INFO - [2024-06-18T13:13:45.852+0530] {dagbag.py:545} INFO - Filling up the DagBag from /home/kiit/airflow-env/lib/python3.8/site-packages/airflow/example_dags/plugins/workday.py
[2024-06-18T13:13:46.072+0530] {processor.py:842} WARNING - No viable dags retrieved from /home/kiit/airflow-env/lib/python3.8/site-packages/airflow/example_dags/plugins/workday.py
[2024-06-18T13:13:46.079+0530] {processor.py:183} INFO - Processing /home/kiit/airflow-env/lib/python3.8/site-packages/airflow/example_dags/plugins/workday.py took 0.242 seconds
[2024-06-18T13:14:21.810+0530] {processor.py:161} INFO - Started process (PID=25951) to work on /home/kiit/airflow-env/lib/python3.8/site-packages/airflow/example_dags/plugins/workday.py
[2024-06-18T13:14:21.811+0530] {processor.py:830} INFO - Processing file /home/kiit/airflow-env/lib/python3.8/site-packages/airflow/example_dags/plugins/workday.py for tasks to queue
[2024-06-18T13:14:21.813+0530] {logging_mixin.py:188} INFO - [2024-06-18T13:14:21.812+0530] {dagbag.py:545} INFO - Filling up the DagBag from /home/kiit/airflow-env/lib/python3.8/site-packages/airflow/example_dags/plugins/workday.py
[2024-06-18T13:14:22.021+0530] {processor.py:842} WARNING - No viable dags retrieved from /home/kiit/airflow-env/lib/python3.8/site-packages/airflow/example_dags/plugins/workday.py
[2024-06-18T13:14:22.028+0530] {processor.py:183} INFO - Processing /home/kiit/airflow-env/lib/python3.8/site-packages/airflow/example_dags/plugins/workday.py took 0.223 seconds
[2024-06-18T13:15:01.813+0530] {processor.py:161} INFO - Started process (PID=25998) to work on /home/kiit/airflow-env/lib/python3.8/site-packages/airflow/example_dags/plugins/workday.py
[2024-06-18T13:15:01.816+0530] {processor.py:830} INFO - Processing file /home/kiit/airflow-env/lib/python3.8/site-packages/airflow/example_dags/plugins/workday.py for tasks to queue
[2024-06-18T13:15:01.818+0530] {logging_mixin.py:188} INFO - [2024-06-18T13:15:01.817+0530] {dagbag.py:545} INFO - Filling up the DagBag from /home/kiit/airflow-env/lib/python3.8/site-packages/airflow/example_dags/plugins/workday.py
[2024-06-18T13:15:02.169+0530] {processor.py:842} WARNING - No viable dags retrieved from /home/kiit/airflow-env/lib/python3.8/site-packages/airflow/example_dags/plugins/workday.py
[2024-06-18T13:15:02.182+0530] {processor.py:183} INFO - Processing /home/kiit/airflow-env/lib/python3.8/site-packages/airflow/example_dags/plugins/workday.py took 0.377 seconds
[2024-06-18T13:15:45.213+0530] {processor.py:161} INFO - Started process (PID=26050) to work on /home/kiit/airflow-env/lib/python3.8/site-packages/airflow/example_dags/plugins/workday.py
[2024-06-18T13:15:45.215+0530] {processor.py:830} INFO - Processing file /home/kiit/airflow-env/lib/python3.8/site-packages/airflow/example_dags/plugins/workday.py for tasks to queue
[2024-06-18T13:15:45.216+0530] {logging_mixin.py:188} INFO - [2024-06-18T13:15:45.216+0530] {dagbag.py:545} INFO - Filling up the DagBag from /home/kiit/airflow-env/lib/python3.8/site-packages/airflow/example_dags/plugins/workday.py
[2024-06-18T13:15:45.516+0530] {processor.py:842} WARNING - No viable dags retrieved from /home/kiit/airflow-env/lib/python3.8/site-packages/airflow/example_dags/plugins/workday.py
[2024-06-18T13:15:45.532+0530] {processor.py:183} INFO - Processing /home/kiit/airflow-env/lib/python3.8/site-packages/airflow/example_dags/plugins/workday.py took 0.323 seconds
[2024-06-18T13:16:24.274+0530] {processor.py:161} INFO - Started process (PID=26096) to work on /home/kiit/airflow-env/lib/python3.8/site-packages/airflow/example_dags/plugins/workday.py
[2024-06-18T13:16:24.275+0530] {processor.py:830} INFO - Processing file /home/kiit/airflow-env/lib/python3.8/site-packages/airflow/example_dags/plugins/workday.py for tasks to queue
[2024-06-18T13:16:24.276+0530] {logging_mixin.py:188} INFO - [2024-06-18T13:16:24.276+0530] {dagbag.py:545} INFO - Filling up the DagBag from /home/kiit/airflow-env/lib/python3.8/site-packages/airflow/example_dags/plugins/workday.py
[2024-06-18T13:16:24.503+0530] {processor.py:842} WARNING - No viable dags retrieved from /home/kiit/airflow-env/lib/python3.8/site-packages/airflow/example_dags/plugins/workday.py
[2024-06-18T13:16:24.512+0530] {processor.py:183} INFO - Processing /home/kiit/airflow-env/lib/python3.8/site-packages/airflow/example_dags/plugins/workday.py took 0.242 seconds
[2024-06-18T13:17:01.343+0530] {processor.py:161} INFO - Started process (PID=26142) to work on /home/kiit/airflow-env/lib/python3.8/site-packages/airflow/example_dags/plugins/workday.py
[2024-06-18T13:17:01.344+0530] {processor.py:830} INFO - Processing file /home/kiit/airflow-env/lib/python3.8/site-packages/airflow/example_dags/plugins/workday.py for tasks to queue
[2024-06-18T13:17:01.345+0530] {logging_mixin.py:188} INFO - [2024-06-18T13:17:01.345+0530] {dagbag.py:545} INFO - Filling up the DagBag from /home/kiit/airflow-env/lib/python3.8/site-packages/airflow/example_dags/plugins/workday.py
[2024-06-18T13:17:01.589+0530] {processor.py:842} WARNING - No viable dags retrieved from /home/kiit/airflow-env/lib/python3.8/site-packages/airflow/example_dags/plugins/workday.py
[2024-06-18T13:17:01.600+0530] {processor.py:183} INFO - Processing /home/kiit/airflow-env/lib/python3.8/site-packages/airflow/example_dags/plugins/workday.py took 0.262 seconds
[2024-06-18T13:17:41.871+0530] {processor.py:161} INFO - Started process (PID=26191) to work on /home/kiit/airflow-env/lib/python3.8/site-packages/airflow/example_dags/plugins/workday.py
[2024-06-18T13:17:41.872+0530] {processor.py:830} INFO - Processing file /home/kiit/airflow-env/lib/python3.8/site-packages/airflow/example_dags/plugins/workday.py for tasks to queue
[2024-06-18T13:17:41.873+0530] {logging_mixin.py:188} INFO - [2024-06-18T13:17:41.873+0530] {dagbag.py:545} INFO - Filling up the DagBag from /home/kiit/airflow-env/lib/python3.8/site-packages/airflow/example_dags/plugins/workday.py
[2024-06-18T13:17:42.142+0530] {processor.py:842} WARNING - No viable dags retrieved from /home/kiit/airflow-env/lib/python3.8/site-packages/airflow/example_dags/plugins/workday.py
[2024-06-18T13:17:42.151+0530] {processor.py:183} INFO - Processing /home/kiit/airflow-env/lib/python3.8/site-packages/airflow/example_dags/plugins/workday.py took 0.285 seconds
[2024-06-18T13:18:23.946+0530] {processor.py:161} INFO - Started process (PID=26240) to work on /home/kiit/airflow-env/lib/python3.8/site-packages/airflow/example_dags/plugins/workday.py
[2024-06-18T13:18:23.948+0530] {processor.py:830} INFO - Processing file /home/kiit/airflow-env/lib/python3.8/site-packages/airflow/example_dags/plugins/workday.py for tasks to queue
[2024-06-18T13:18:23.949+0530] {logging_mixin.py:188} INFO - [2024-06-18T13:18:23.949+0530] {dagbag.py:545} INFO - Filling up the DagBag from /home/kiit/airflow-env/lib/python3.8/site-packages/airflow/example_dags/plugins/workday.py
[2024-06-18T13:18:24.233+0530] {processor.py:842} WARNING - No viable dags retrieved from /home/kiit/airflow-env/lib/python3.8/site-packages/airflow/example_dags/plugins/workday.py
[2024-06-18T13:18:24.245+0530] {processor.py:183} INFO - Processing /home/kiit/airflow-env/lib/python3.8/site-packages/airflow/example_dags/plugins/workday.py took 0.305 seconds
[2024-06-18T13:19:07.187+0530] {processor.py:161} INFO - Started process (PID=26291) to work on /home/kiit/airflow-env/lib/python3.8/site-packages/airflow/example_dags/plugins/workday.py
[2024-06-18T13:19:07.188+0530] {processor.py:830} INFO - Processing file /home/kiit/airflow-env/lib/python3.8/site-packages/airflow/example_dags/plugins/workday.py for tasks to queue
[2024-06-18T13:19:07.190+0530] {logging_mixin.py:188} INFO - [2024-06-18T13:19:07.189+0530] {dagbag.py:545} INFO - Filling up the DagBag from /home/kiit/airflow-env/lib/python3.8/site-packages/airflow/example_dags/plugins/workday.py
[2024-06-18T13:19:07.506+0530] {processor.py:842} WARNING - No viable dags retrieved from /home/kiit/airflow-env/lib/python3.8/site-packages/airflow/example_dags/plugins/workday.py
[2024-06-18T13:19:07.517+0530] {processor.py:183} INFO - Processing /home/kiit/airflow-env/lib/python3.8/site-packages/airflow/example_dags/plugins/workday.py took 0.336 seconds
[2024-06-18T13:19:46.916+0530] {processor.py:161} INFO - Started process (PID=26338) to work on /home/kiit/airflow-env/lib/python3.8/site-packages/airflow/example_dags/plugins/workday.py
[2024-06-18T13:19:46.917+0530] {processor.py:830} INFO - Processing file /home/kiit/airflow-env/lib/python3.8/site-packages/airflow/example_dags/plugins/workday.py for tasks to queue
[2024-06-18T13:19:46.918+0530] {logging_mixin.py:188} INFO - [2024-06-18T13:19:46.918+0530] {dagbag.py:545} INFO - Filling up the DagBag from /home/kiit/airflow-env/lib/python3.8/site-packages/airflow/example_dags/plugins/workday.py
[2024-06-18T13:19:47.178+0530] {processor.py:842} WARNING - No viable dags retrieved from /home/kiit/airflow-env/lib/python3.8/site-packages/airflow/example_dags/plugins/workday.py
[2024-06-18T13:19:47.189+0530] {processor.py:183} INFO - Processing /home/kiit/airflow-env/lib/python3.8/site-packages/airflow/example_dags/plugins/workday.py took 0.279 seconds
[2024-06-18T13:20:23.167+0530] {processor.py:161} INFO - Started process (PID=26384) to work on /home/kiit/airflow-env/lib/python3.8/site-packages/airflow/example_dags/plugins/workday.py
[2024-06-18T13:20:23.168+0530] {processor.py:830} INFO - Processing file /home/kiit/airflow-env/lib/python3.8/site-packages/airflow/example_dags/plugins/workday.py for tasks to queue
[2024-06-18T13:20:23.170+0530] {logging_mixin.py:188} INFO - [2024-06-18T13:20:23.170+0530] {dagbag.py:545} INFO - Filling up the DagBag from /home/kiit/airflow-env/lib/python3.8/site-packages/airflow/example_dags/plugins/workday.py
[2024-06-18T13:20:23.410+0530] {processor.py:842} WARNING - No viable dags retrieved from /home/kiit/airflow-env/lib/python3.8/site-packages/airflow/example_dags/plugins/workday.py
[2024-06-18T13:20:23.419+0530] {processor.py:183} INFO - Processing /home/kiit/airflow-env/lib/python3.8/site-packages/airflow/example_dags/plugins/workday.py took 0.259 seconds
[2024-06-18T13:21:02.735+0530] {processor.py:161} INFO - Started process (PID=26432) to work on /home/kiit/airflow-env/lib/python3.8/site-packages/airflow/example_dags/plugins/workday.py
[2024-06-18T13:21:02.736+0530] {processor.py:830} INFO - Processing file /home/kiit/airflow-env/lib/python3.8/site-packages/airflow/example_dags/plugins/workday.py for tasks to queue
[2024-06-18T13:21:02.737+0530] {logging_mixin.py:188} INFO - [2024-06-18T13:21:02.737+0530] {dagbag.py:545} INFO - Filling up the DagBag from /home/kiit/airflow-env/lib/python3.8/site-packages/airflow/example_dags/plugins/workday.py
[2024-06-18T13:21:02.961+0530] {processor.py:842} WARNING - No viable dags retrieved from /home/kiit/airflow-env/lib/python3.8/site-packages/airflow/example_dags/plugins/workday.py
[2024-06-18T13:21:02.970+0530] {processor.py:183} INFO - Processing /home/kiit/airflow-env/lib/python3.8/site-packages/airflow/example_dags/plugins/workday.py took 0.239 seconds
[2024-06-18T13:21:40.168+0530] {processor.py:161} INFO - Started process (PID=26479) to work on /home/kiit/airflow-env/lib/python3.8/site-packages/airflow/example_dags/plugins/workday.py
[2024-06-18T13:21:40.169+0530] {processor.py:830} INFO - Processing file /home/kiit/airflow-env/lib/python3.8/site-packages/airflow/example_dags/plugins/workday.py for tasks to queue
[2024-06-18T13:21:40.170+0530] {logging_mixin.py:188} INFO - [2024-06-18T13:21:40.170+0530] {dagbag.py:545} INFO - Filling up the DagBag from /home/kiit/airflow-env/lib/python3.8/site-packages/airflow/example_dags/plugins/workday.py
[2024-06-18T13:21:40.452+0530] {processor.py:842} WARNING - No viable dags retrieved from /home/kiit/airflow-env/lib/python3.8/site-packages/airflow/example_dags/plugins/workday.py
[2024-06-18T13:21:40.464+0530] {processor.py:183} INFO - Processing /home/kiit/airflow-env/lib/python3.8/site-packages/airflow/example_dags/plugins/workday.py took 0.300 seconds
[2024-06-18T13:22:19.914+0530] {processor.py:161} INFO - Started process (PID=26525) to work on /home/kiit/airflow-env/lib/python3.8/site-packages/airflow/example_dags/plugins/workday.py
[2024-06-18T13:22:19.914+0530] {processor.py:830} INFO - Processing file /home/kiit/airflow-env/lib/python3.8/site-packages/airflow/example_dags/plugins/workday.py for tasks to queue
[2024-06-18T13:22:19.915+0530] {logging_mixin.py:188} INFO - [2024-06-18T13:22:19.915+0530] {dagbag.py:545} INFO - Filling up the DagBag from /home/kiit/airflow-env/lib/python3.8/site-packages/airflow/example_dags/plugins/workday.py
[2024-06-18T13:22:20.153+0530] {processor.py:842} WARNING - No viable dags retrieved from /home/kiit/airflow-env/lib/python3.8/site-packages/airflow/example_dags/plugins/workday.py
[2024-06-18T13:22:20.162+0530] {processor.py:183} INFO - Processing /home/kiit/airflow-env/lib/python3.8/site-packages/airflow/example_dags/plugins/workday.py took 0.252 seconds
[2024-06-18T13:22:56.001+0530] {processor.py:161} INFO - Started process (PID=26572) to work on /home/kiit/airflow-env/lib/python3.8/site-packages/airflow/example_dags/plugins/workday.py
[2024-06-18T13:22:56.002+0530] {processor.py:830} INFO - Processing file /home/kiit/airflow-env/lib/python3.8/site-packages/airflow/example_dags/plugins/workday.py for tasks to queue
[2024-06-18T13:22:56.003+0530] {logging_mixin.py:188} INFO - [2024-06-18T13:22:56.003+0530] {dagbag.py:545} INFO - Filling up the DagBag from /home/kiit/airflow-env/lib/python3.8/site-packages/airflow/example_dags/plugins/workday.py
[2024-06-18T13:22:56.252+0530] {processor.py:842} WARNING - No viable dags retrieved from /home/kiit/airflow-env/lib/python3.8/site-packages/airflow/example_dags/plugins/workday.py
[2024-06-18T13:22:56.262+0530] {processor.py:183} INFO - Processing /home/kiit/airflow-env/lib/python3.8/site-packages/airflow/example_dags/plugins/workday.py took 0.266 seconds
[2024-06-18T13:23:33.790+0530] {processor.py:161} INFO - Started process (PID=26618) to work on /home/kiit/airflow-env/lib/python3.8/site-packages/airflow/example_dags/plugins/workday.py
[2024-06-18T13:23:33.790+0530] {processor.py:830} INFO - Processing file /home/kiit/airflow-env/lib/python3.8/site-packages/airflow/example_dags/plugins/workday.py for tasks to queue
[2024-06-18T13:23:33.791+0530] {logging_mixin.py:188} INFO - [2024-06-18T13:23:33.791+0530] {dagbag.py:545} INFO - Filling up the DagBag from /home/kiit/airflow-env/lib/python3.8/site-packages/airflow/example_dags/plugins/workday.py
[2024-06-18T13:23:34.006+0530] {processor.py:842} WARNING - No viable dags retrieved from /home/kiit/airflow-env/lib/python3.8/site-packages/airflow/example_dags/plugins/workday.py
[2024-06-18T13:23:34.016+0530] {processor.py:183} INFO - Processing /home/kiit/airflow-env/lib/python3.8/site-packages/airflow/example_dags/plugins/workday.py took 0.231 seconds
[2024-06-18T13:24:12.567+0530] {processor.py:161} INFO - Started process (PID=26665) to work on /home/kiit/airflow-env/lib/python3.8/site-packages/airflow/example_dags/plugins/workday.py
[2024-06-18T13:24:12.574+0530] {processor.py:830} INFO - Processing file /home/kiit/airflow-env/lib/python3.8/site-packages/airflow/example_dags/plugins/workday.py for tasks to queue
[2024-06-18T13:24:12.576+0530] {logging_mixin.py:188} INFO - [2024-06-18T13:24:12.575+0530] {dagbag.py:545} INFO - Filling up the DagBag from /home/kiit/airflow-env/lib/python3.8/site-packages/airflow/example_dags/plugins/workday.py
[2024-06-18T13:24:12.884+0530] {processor.py:842} WARNING - No viable dags retrieved from /home/kiit/airflow-env/lib/python3.8/site-packages/airflow/example_dags/plugins/workday.py
[2024-06-18T13:24:12.891+0530] {processor.py:183} INFO - Processing /home/kiit/airflow-env/lib/python3.8/site-packages/airflow/example_dags/plugins/workday.py took 0.329 seconds
[2024-06-18T13:24:53.385+0530] {processor.py:161} INFO - Started process (PID=26714) to work on /home/kiit/airflow-env/lib/python3.8/site-packages/airflow/example_dags/plugins/workday.py
[2024-06-18T13:24:53.386+0530] {processor.py:830} INFO - Processing file /home/kiit/airflow-env/lib/python3.8/site-packages/airflow/example_dags/plugins/workday.py for tasks to queue
[2024-06-18T13:24:53.388+0530] {logging_mixin.py:188} INFO - [2024-06-18T13:24:53.387+0530] {dagbag.py:545} INFO - Filling up the DagBag from /home/kiit/airflow-env/lib/python3.8/site-packages/airflow/example_dags/plugins/workday.py
[2024-06-18T13:24:53.714+0530] {processor.py:842} WARNING - No viable dags retrieved from /home/kiit/airflow-env/lib/python3.8/site-packages/airflow/example_dags/plugins/workday.py
[2024-06-18T13:24:53.721+0530] {processor.py:183} INFO - Processing /home/kiit/airflow-env/lib/python3.8/site-packages/airflow/example_dags/plugins/workday.py took 0.343 seconds
[2024-06-18T13:25:29.758+0530] {processor.py:161} INFO - Started process (PID=26765) to work on /home/kiit/airflow-env/lib/python3.8/site-packages/airflow/example_dags/plugins/workday.py
[2024-06-18T13:25:29.760+0530] {processor.py:830} INFO - Processing file /home/kiit/airflow-env/lib/python3.8/site-packages/airflow/example_dags/plugins/workday.py for tasks to queue
[2024-06-18T13:25:29.764+0530] {logging_mixin.py:188} INFO - [2024-06-18T13:25:29.763+0530] {dagbag.py:545} INFO - Filling up the DagBag from /home/kiit/airflow-env/lib/python3.8/site-packages/airflow/example_dags/plugins/workday.py
[2024-06-18T13:25:30.347+0530] {processor.py:842} WARNING - No viable dags retrieved from /home/kiit/airflow-env/lib/python3.8/site-packages/airflow/example_dags/plugins/workday.py
[2024-06-18T13:25:30.356+0530] {processor.py:183} INFO - Processing /home/kiit/airflow-env/lib/python3.8/site-packages/airflow/example_dags/plugins/workday.py took 0.607 seconds
[2024-06-18T13:26:08.382+0530] {processor.py:161} INFO - Started process (PID=26810) to work on /home/kiit/airflow-env/lib/python3.8/site-packages/airflow/example_dags/plugins/workday.py
[2024-06-18T13:26:08.383+0530] {processor.py:830} INFO - Processing file /home/kiit/airflow-env/lib/python3.8/site-packages/airflow/example_dags/plugins/workday.py for tasks to queue
[2024-06-18T13:26:08.385+0530] {logging_mixin.py:188} INFO - [2024-06-18T13:26:08.384+0530] {dagbag.py:545} INFO - Filling up the DagBag from /home/kiit/airflow-env/lib/python3.8/site-packages/airflow/example_dags/plugins/workday.py
[2024-06-18T13:26:08.750+0530] {processor.py:842} WARNING - No viable dags retrieved from /home/kiit/airflow-env/lib/python3.8/site-packages/airflow/example_dags/plugins/workday.py
[2024-06-18T13:26:08.757+0530] {processor.py:183} INFO - Processing /home/kiit/airflow-env/lib/python3.8/site-packages/airflow/example_dags/plugins/workday.py took 0.379 seconds
[2024-06-18T13:26:54.591+0530] {processor.py:161} INFO - Started process (PID=26859) to work on /home/kiit/airflow-env/lib/python3.8/site-packages/airflow/example_dags/plugins/workday.py
[2024-06-18T13:26:54.595+0530] {processor.py:830} INFO - Processing file /home/kiit/airflow-env/lib/python3.8/site-packages/airflow/example_dags/plugins/workday.py for tasks to queue
[2024-06-18T13:26:54.601+0530] {logging_mixin.py:188} INFO - [2024-06-18T13:26:54.599+0530] {dagbag.py:545} INFO - Filling up the DagBag from /home/kiit/airflow-env/lib/python3.8/site-packages/airflow/example_dags/plugins/workday.py
[2024-06-18T13:26:55.947+0530] {processor.py:842} WARNING - No viable dags retrieved from /home/kiit/airflow-env/lib/python3.8/site-packages/airflow/example_dags/plugins/workday.py
[2024-06-18T13:26:55.978+0530] {processor.py:183} INFO - Processing /home/kiit/airflow-env/lib/python3.8/site-packages/airflow/example_dags/plugins/workday.py took 1.414 seconds
[2024-06-18T13:27:44.066+0530] {processor.py:161} INFO - Started process (PID=26915) to work on /home/kiit/airflow-env/lib/python3.8/site-packages/airflow/example_dags/plugins/workday.py
[2024-06-18T13:27:44.074+0530] {processor.py:830} INFO - Processing file /home/kiit/airflow-env/lib/python3.8/site-packages/airflow/example_dags/plugins/workday.py for tasks to queue
[2024-06-18T13:27:44.104+0530] {logging_mixin.py:188} INFO - [2024-06-18T13:27:44.091+0530] {dagbag.py:545} INFO - Filling up the DagBag from /home/kiit/airflow-env/lib/python3.8/site-packages/airflow/example_dags/plugins/workday.py
[2024-06-18T13:27:48.426+0530] {processor.py:842} WARNING - No viable dags retrieved from /home/kiit/airflow-env/lib/python3.8/site-packages/airflow/example_dags/plugins/workday.py
[2024-06-18T13:27:48.502+0530] {processor.py:183} INFO - Processing /home/kiit/airflow-env/lib/python3.8/site-packages/airflow/example_dags/plugins/workday.py took 4.538 seconds
[2024-06-18T13:29:01.297+0530] {processor.py:161} INFO - Started process (PID=26974) to work on /home/kiit/airflow-env/lib/python3.8/site-packages/airflow/example_dags/plugins/workday.py
[2024-06-18T13:29:01.300+0530] {processor.py:830} INFO - Processing file /home/kiit/airflow-env/lib/python3.8/site-packages/airflow/example_dags/plugins/workday.py for tasks to queue
[2024-06-18T13:29:01.304+0530] {logging_mixin.py:188} INFO - [2024-06-18T13:29:01.303+0530] {dagbag.py:545} INFO - Filling up the DagBag from /home/kiit/airflow-env/lib/python3.8/site-packages/airflow/example_dags/plugins/workday.py
[2024-06-18T13:29:02.356+0530] {processor.py:842} WARNING - No viable dags retrieved from /home/kiit/airflow-env/lib/python3.8/site-packages/airflow/example_dags/plugins/workday.py
[2024-06-18T13:29:02.381+0530] {processor.py:183} INFO - Processing /home/kiit/airflow-env/lib/python3.8/site-packages/airflow/example_dags/plugins/workday.py took 1.106 seconds
[2024-06-18T13:29:37.490+0530] {processor.py:161} INFO - Started process (PID=27020) to work on /home/kiit/airflow-env/lib/python3.8/site-packages/airflow/example_dags/plugins/workday.py
[2024-06-18T13:29:37.491+0530] {processor.py:830} INFO - Processing file /home/kiit/airflow-env/lib/python3.8/site-packages/airflow/example_dags/plugins/workday.py for tasks to queue
[2024-06-18T13:29:37.493+0530] {logging_mixin.py:188} INFO - [2024-06-18T13:29:37.492+0530] {dagbag.py:545} INFO - Filling up the DagBag from /home/kiit/airflow-env/lib/python3.8/site-packages/airflow/example_dags/plugins/workday.py
[2024-06-18T13:29:38.105+0530] {processor.py:842} WARNING - No viable dags retrieved from /home/kiit/airflow-env/lib/python3.8/site-packages/airflow/example_dags/plugins/workday.py
[2024-06-18T13:29:38.113+0530] {processor.py:183} INFO - Processing /home/kiit/airflow-env/lib/python3.8/site-packages/airflow/example_dags/plugins/workday.py took 0.630 seconds
[2024-06-18T13:30:30.697+0530] {processor.py:161} INFO - Started process (PID=27093) to work on /home/kiit/airflow-env/lib/python3.8/site-packages/airflow/example_dags/plugins/workday.py
[2024-06-18T13:30:30.704+0530] {processor.py:830} INFO - Processing file /home/kiit/airflow-env/lib/python3.8/site-packages/airflow/example_dags/plugins/workday.py for tasks to queue
[2024-06-18T13:30:30.705+0530] {logging_mixin.py:188} INFO - [2024-06-18T13:30:30.705+0530] {dagbag.py:545} INFO - Filling up the DagBag from /home/kiit/airflow-env/lib/python3.8/site-packages/airflow/example_dags/plugins/workday.py
[2024-06-18T13:30:31.072+0530] {processor.py:842} WARNING - No viable dags retrieved from /home/kiit/airflow-env/lib/python3.8/site-packages/airflow/example_dags/plugins/workday.py
[2024-06-18T13:30:31.078+0530] {processor.py:183} INFO - Processing /home/kiit/airflow-env/lib/python3.8/site-packages/airflow/example_dags/plugins/workday.py took 0.385 seconds
[2024-06-18T13:31:23.229+0530] {processor.py:161} INFO - Started process (PID=27144) to work on /home/kiit/airflow-env/lib/python3.8/site-packages/airflow/example_dags/plugins/workday.py
[2024-06-18T13:31:23.231+0530] {processor.py:830} INFO - Processing file /home/kiit/airflow-env/lib/python3.8/site-packages/airflow/example_dags/plugins/workday.py for tasks to queue
[2024-06-18T13:31:23.234+0530] {logging_mixin.py:188} INFO - [2024-06-18T13:31:23.233+0530] {dagbag.py:545} INFO - Filling up the DagBag from /home/kiit/airflow-env/lib/python3.8/site-packages/airflow/example_dags/plugins/workday.py
[2024-06-18T13:31:23.861+0530] {processor.py:842} WARNING - No viable dags retrieved from /home/kiit/airflow-env/lib/python3.8/site-packages/airflow/example_dags/plugins/workday.py
[2024-06-18T13:31:23.874+0530] {processor.py:183} INFO - Processing /home/kiit/airflow-env/lib/python3.8/site-packages/airflow/example_dags/plugins/workday.py took 0.656 seconds
[2024-06-18T13:32:13.648+0530] {processor.py:161} INFO - Started process (PID=27565) to work on /home/kiit/airflow-env/lib/python3.8/site-packages/airflow/example_dags/plugins/workday.py
[2024-06-18T13:32:13.650+0530] {processor.py:830} INFO - Processing file /home/kiit/airflow-env/lib/python3.8/site-packages/airflow/example_dags/plugins/workday.py for tasks to queue
[2024-06-18T13:32:13.652+0530] {logging_mixin.py:188} INFO - [2024-06-18T13:32:13.652+0530] {dagbag.py:545} INFO - Filling up the DagBag from /home/kiit/airflow-env/lib/python3.8/site-packages/airflow/example_dags/plugins/workday.py
[2024-06-18T13:32:14.073+0530] {processor.py:842} WARNING - No viable dags retrieved from /home/kiit/airflow-env/lib/python3.8/site-packages/airflow/example_dags/plugins/workday.py
[2024-06-18T13:32:14.081+0530] {processor.py:183} INFO - Processing /home/kiit/airflow-env/lib/python3.8/site-packages/airflow/example_dags/plugins/workday.py took 0.438 seconds
[2024-06-18T13:32:53.472+0530] {processor.py:161} INFO - Started process (PID=28185) to work on /home/kiit/airflow-env/lib/python3.8/site-packages/airflow/example_dags/plugins/workday.py
[2024-06-18T13:32:53.472+0530] {processor.py:830} INFO - Processing file /home/kiit/airflow-env/lib/python3.8/site-packages/airflow/example_dags/plugins/workday.py for tasks to queue
[2024-06-18T13:32:53.474+0530] {logging_mixin.py:188} INFO - [2024-06-18T13:32:53.473+0530] {dagbag.py:545} INFO - Filling up the DagBag from /home/kiit/airflow-env/lib/python3.8/site-packages/airflow/example_dags/plugins/workday.py
[2024-06-18T13:32:53.837+0530] {processor.py:842} WARNING - No viable dags retrieved from /home/kiit/airflow-env/lib/python3.8/site-packages/airflow/example_dags/plugins/workday.py
[2024-06-18T13:32:53.845+0530] {processor.py:183} INFO - Processing /home/kiit/airflow-env/lib/python3.8/site-packages/airflow/example_dags/plugins/workday.py took 0.378 seconds
[2024-06-18T13:33:36.449+0530] {processor.py:161} INFO - Started process (PID=30151) to work on /home/kiit/airflow-env/lib/python3.8/site-packages/airflow/example_dags/plugins/workday.py
[2024-06-18T13:33:36.450+0530] {processor.py:830} INFO - Processing file /home/kiit/airflow-env/lib/python3.8/site-packages/airflow/example_dags/plugins/workday.py for tasks to queue
[2024-06-18T13:33:36.452+0530] {logging_mixin.py:188} INFO - [2024-06-18T13:33:36.451+0530] {dagbag.py:545} INFO - Filling up the DagBag from /home/kiit/airflow-env/lib/python3.8/site-packages/airflow/example_dags/plugins/workday.py
[2024-06-18T13:33:36.765+0530] {processor.py:842} WARNING - No viable dags retrieved from /home/kiit/airflow-env/lib/python3.8/site-packages/airflow/example_dags/plugins/workday.py
[2024-06-18T13:33:36.772+0530] {processor.py:183} INFO - Processing /home/kiit/airflow-env/lib/python3.8/site-packages/airflow/example_dags/plugins/workday.py took 0.328 seconds
[2024-06-18T13:34:17.563+0530] {processor.py:161} INFO - Started process (PID=30437) to work on /home/kiit/airflow-env/lib/python3.8/site-packages/airflow/example_dags/plugins/workday.py
[2024-06-18T13:34:17.565+0530] {processor.py:830} INFO - Processing file /home/kiit/airflow-env/lib/python3.8/site-packages/airflow/example_dags/plugins/workday.py for tasks to queue
[2024-06-18T13:34:17.566+0530] {logging_mixin.py:188} INFO - [2024-06-18T13:34:17.566+0530] {dagbag.py:545} INFO - Filling up the DagBag from /home/kiit/airflow-env/lib/python3.8/site-packages/airflow/example_dags/plugins/workday.py
[2024-06-18T13:34:17.945+0530] {processor.py:842} WARNING - No viable dags retrieved from /home/kiit/airflow-env/lib/python3.8/site-packages/airflow/example_dags/plugins/workday.py
[2024-06-18T13:34:17.952+0530] {processor.py:183} INFO - Processing /home/kiit/airflow-env/lib/python3.8/site-packages/airflow/example_dags/plugins/workday.py took 0.395 seconds
[2024-06-18T13:34:55.988+0530] {processor.py:161} INFO - Started process (PID=30485) to work on /home/kiit/airflow-env/lib/python3.8/site-packages/airflow/example_dags/plugins/workday.py
[2024-06-18T13:34:55.989+0530] {processor.py:830} INFO - Processing file /home/kiit/airflow-env/lib/python3.8/site-packages/airflow/example_dags/plugins/workday.py for tasks to queue
[2024-06-18T13:34:55.991+0530] {logging_mixin.py:188} INFO - [2024-06-18T13:34:55.991+0530] {dagbag.py:545} INFO - Filling up the DagBag from /home/kiit/airflow-env/lib/python3.8/site-packages/airflow/example_dags/plugins/workday.py
[2024-06-18T13:34:56.348+0530] {processor.py:842} WARNING - No viable dags retrieved from /home/kiit/airflow-env/lib/python3.8/site-packages/airflow/example_dags/plugins/workday.py
[2024-06-18T13:34:56.353+0530] {processor.py:183} INFO - Processing /home/kiit/airflow-env/lib/python3.8/site-packages/airflow/example_dags/plugins/workday.py took 0.373 seconds
[2024-06-18T13:35:37.683+0530] {processor.py:161} INFO - Started process (PID=30533) to work on /home/kiit/airflow-env/lib/python3.8/site-packages/airflow/example_dags/plugins/workday.py
[2024-06-18T13:35:37.685+0530] {processor.py:830} INFO - Processing file /home/kiit/airflow-env/lib/python3.8/site-packages/airflow/example_dags/plugins/workday.py for tasks to queue
[2024-06-18T13:35:37.689+0530] {logging_mixin.py:188} INFO - [2024-06-18T13:35:37.688+0530] {dagbag.py:545} INFO - Filling up the DagBag from /home/kiit/airflow-env/lib/python3.8/site-packages/airflow/example_dags/plugins/workday.py
[2024-06-18T13:35:38.072+0530] {processor.py:842} WARNING - No viable dags retrieved from /home/kiit/airflow-env/lib/python3.8/site-packages/airflow/example_dags/plugins/workday.py
[2024-06-18T13:35:38.081+0530] {processor.py:183} INFO - Processing /home/kiit/airflow-env/lib/python3.8/site-packages/airflow/example_dags/plugins/workday.py took 0.410 seconds
[2024-06-18T13:36:21.199+0530] {processor.py:161} INFO - Started process (PID=30584) to work on /home/kiit/airflow-env/lib/python3.8/site-packages/airflow/example_dags/plugins/workday.py
[2024-06-18T13:36:21.200+0530] {processor.py:830} INFO - Processing file /home/kiit/airflow-env/lib/python3.8/site-packages/airflow/example_dags/plugins/workday.py for tasks to queue
[2024-06-18T13:36:21.202+0530] {logging_mixin.py:188} INFO - [2024-06-18T13:36:21.202+0530] {dagbag.py:545} INFO - Filling up the DagBag from /home/kiit/airflow-env/lib/python3.8/site-packages/airflow/example_dags/plugins/workday.py
[2024-06-18T13:36:21.574+0530] {processor.py:842} WARNING - No viable dags retrieved from /home/kiit/airflow-env/lib/python3.8/site-packages/airflow/example_dags/plugins/workday.py
[2024-06-18T13:36:21.582+0530] {processor.py:183} INFO - Processing /home/kiit/airflow-env/lib/python3.8/site-packages/airflow/example_dags/plugins/workday.py took 0.390 seconds
[2024-06-18T13:37:03.189+0530] {processor.py:161} INFO - Started process (PID=30633) to work on /home/kiit/airflow-env/lib/python3.8/site-packages/airflow/example_dags/plugins/workday.py
[2024-06-18T13:37:03.191+0530] {processor.py:830} INFO - Processing file /home/kiit/airflow-env/lib/python3.8/site-packages/airflow/example_dags/plugins/workday.py for tasks to queue
[2024-06-18T13:37:03.192+0530] {logging_mixin.py:188} INFO - [2024-06-18T13:37:03.192+0530] {dagbag.py:545} INFO - Filling up the DagBag from /home/kiit/airflow-env/lib/python3.8/site-packages/airflow/example_dags/plugins/workday.py
[2024-06-18T13:37:03.532+0530] {processor.py:842} WARNING - No viable dags retrieved from /home/kiit/airflow-env/lib/python3.8/site-packages/airflow/example_dags/plugins/workday.py
[2024-06-18T13:37:03.537+0530] {processor.py:183} INFO - Processing /home/kiit/airflow-env/lib/python3.8/site-packages/airflow/example_dags/plugins/workday.py took 0.352 seconds
[2024-06-18T13:37:46.209+0530] {processor.py:161} INFO - Started process (PID=30682) to work on /home/kiit/airflow-env/lib/python3.8/site-packages/airflow/example_dags/plugins/workday.py
[2024-06-18T13:37:46.210+0530] {processor.py:830} INFO - Processing file /home/kiit/airflow-env/lib/python3.8/site-packages/airflow/example_dags/plugins/workday.py for tasks to queue
[2024-06-18T13:37:46.212+0530] {logging_mixin.py:188} INFO - [2024-06-18T13:37:46.212+0530] {dagbag.py:545} INFO - Filling up the DagBag from /home/kiit/airflow-env/lib/python3.8/site-packages/airflow/example_dags/plugins/workday.py
[2024-06-18T13:37:46.659+0530] {processor.py:842} WARNING - No viable dags retrieved from /home/kiit/airflow-env/lib/python3.8/site-packages/airflow/example_dags/plugins/workday.py
[2024-06-18T13:37:46.666+0530] {processor.py:183} INFO - Processing /home/kiit/airflow-env/lib/python3.8/site-packages/airflow/example_dags/plugins/workday.py took 0.469 seconds
[2024-06-18T13:38:40.130+0530] {processor.py:161} INFO - Started process (PID=30738) to work on /home/kiit/airflow-env/lib/python3.8/site-packages/airflow/example_dags/plugins/workday.py
[2024-06-18T13:38:40.131+0530] {processor.py:830} INFO - Processing file /home/kiit/airflow-env/lib/python3.8/site-packages/airflow/example_dags/plugins/workday.py for tasks to queue
[2024-06-18T13:38:40.133+0530] {logging_mixin.py:188} INFO - [2024-06-18T13:38:40.133+0530] {dagbag.py:545} INFO - Filling up the DagBag from /home/kiit/airflow-env/lib/python3.8/site-packages/airflow/example_dags/plugins/workday.py
[2024-06-18T13:38:40.549+0530] {processor.py:842} WARNING - No viable dags retrieved from /home/kiit/airflow-env/lib/python3.8/site-packages/airflow/example_dags/plugins/workday.py
[2024-06-18T13:38:40.557+0530] {processor.py:183} INFO - Processing /home/kiit/airflow-env/lib/python3.8/site-packages/airflow/example_dags/plugins/workday.py took 0.434 seconds
[2024-06-18T13:39:26.584+0530] {processor.py:161} INFO - Started process (PID=30793) to work on /home/kiit/airflow-env/lib/python3.8/site-packages/airflow/example_dags/plugins/workday.py
[2024-06-18T13:39:26.585+0530] {processor.py:830} INFO - Processing file /home/kiit/airflow-env/lib/python3.8/site-packages/airflow/example_dags/plugins/workday.py for tasks to queue
[2024-06-18T13:39:26.588+0530] {logging_mixin.py:188} INFO - [2024-06-18T13:39:26.587+0530] {dagbag.py:545} INFO - Filling up the DagBag from /home/kiit/airflow-env/lib/python3.8/site-packages/airflow/example_dags/plugins/workday.py
[2024-06-18T13:39:26.883+0530] {processor.py:842} WARNING - No viable dags retrieved from /home/kiit/airflow-env/lib/python3.8/site-packages/airflow/example_dags/plugins/workday.py
[2024-06-18T13:39:26.888+0530] {processor.py:183} INFO - Processing /home/kiit/airflow-env/lib/python3.8/site-packages/airflow/example_dags/plugins/workday.py took 0.309 seconds
[2024-06-18T13:40:07.226+0530] {processor.py:161} INFO - Started process (PID=30841) to work on /home/kiit/airflow-env/lib/python3.8/site-packages/airflow/example_dags/plugins/workday.py
[2024-06-18T13:40:07.234+0530] {processor.py:830} INFO - Processing file /home/kiit/airflow-env/lib/python3.8/site-packages/airflow/example_dags/plugins/workday.py for tasks to queue
[2024-06-18T13:40:07.235+0530] {logging_mixin.py:188} INFO - [2024-06-18T13:40:07.235+0530] {dagbag.py:545} INFO - Filling up the DagBag from /home/kiit/airflow-env/lib/python3.8/site-packages/airflow/example_dags/plugins/workday.py
[2024-06-18T13:40:07.573+0530] {processor.py:842} WARNING - No viable dags retrieved from /home/kiit/airflow-env/lib/python3.8/site-packages/airflow/example_dags/plugins/workday.py
[2024-06-18T13:40:07.578+0530] {processor.py:183} INFO - Processing /home/kiit/airflow-env/lib/python3.8/site-packages/airflow/example_dags/plugins/workday.py took 0.357 seconds
[2024-06-18T13:40:47.888+0530] {processor.py:161} INFO - Started process (PID=30956) to work on /home/kiit/airflow-env/lib/python3.8/site-packages/airflow/example_dags/plugins/workday.py
[2024-06-18T13:40:47.889+0530] {processor.py:830} INFO - Processing file /home/kiit/airflow-env/lib/python3.8/site-packages/airflow/example_dags/plugins/workday.py for tasks to queue
[2024-06-18T13:40:47.890+0530] {logging_mixin.py:188} INFO - [2024-06-18T13:40:47.890+0530] {dagbag.py:545} INFO - Filling up the DagBag from /home/kiit/airflow-env/lib/python3.8/site-packages/airflow/example_dags/plugins/workday.py
[2024-06-18T13:40:48.164+0530] {processor.py:842} WARNING - No viable dags retrieved from /home/kiit/airflow-env/lib/python3.8/site-packages/airflow/example_dags/plugins/workday.py
[2024-06-18T13:40:48.170+0530] {processor.py:183} INFO - Processing /home/kiit/airflow-env/lib/python3.8/site-packages/airflow/example_dags/plugins/workday.py took 0.286 seconds
[2024-06-18T13:41:29.663+0530] {processor.py:161} INFO - Started process (PID=31005) to work on /home/kiit/airflow-env/lib/python3.8/site-packages/airflow/example_dags/plugins/workday.py
[2024-06-18T13:41:29.670+0530] {processor.py:830} INFO - Processing file /home/kiit/airflow-env/lib/python3.8/site-packages/airflow/example_dags/plugins/workday.py for tasks to queue
[2024-06-18T13:41:29.672+0530] {logging_mixin.py:188} INFO - [2024-06-18T13:41:29.672+0530] {dagbag.py:545} INFO - Filling up the DagBag from /home/kiit/airflow-env/lib/python3.8/site-packages/airflow/example_dags/plugins/workday.py
[2024-06-18T13:41:29.929+0530] {processor.py:842} WARNING - No viable dags retrieved from /home/kiit/airflow-env/lib/python3.8/site-packages/airflow/example_dags/plugins/workday.py
[2024-06-18T13:41:29.935+0530] {processor.py:183} INFO - Processing /home/kiit/airflow-env/lib/python3.8/site-packages/airflow/example_dags/plugins/workday.py took 0.276 seconds
[2024-06-18T15:05:48.559+0530] {processor.py:161} INFO - Started process (PID=33588) to work on /home/kiit/airflow-env/lib/python3.8/site-packages/airflow/example_dags/plugins/workday.py
[2024-06-18T15:05:48.560+0530] {processor.py:830} INFO - Processing file /home/kiit/airflow-env/lib/python3.8/site-packages/airflow/example_dags/plugins/workday.py for tasks to queue
[2024-06-18T15:05:48.562+0530] {logging_mixin.py:188} INFO - [2024-06-18T15:05:48.562+0530] {dagbag.py:545} INFO - Filling up the DagBag from /home/kiit/airflow-env/lib/python3.8/site-packages/airflow/example_dags/plugins/workday.py
[2024-06-18T15:05:48.943+0530] {processor.py:842} WARNING - No viable dags retrieved from /home/kiit/airflow-env/lib/python3.8/site-packages/airflow/example_dags/plugins/workday.py
[2024-06-18T15:05:48.956+0530] {processor.py:183} INFO - Processing /home/kiit/airflow-env/lib/python3.8/site-packages/airflow/example_dags/plugins/workday.py took 0.404 seconds
[2024-06-18T15:06:19.346+0530] {processor.py:161} INFO - Started process (PID=33649) to work on /home/kiit/airflow-env/lib/python3.8/site-packages/airflow/example_dags/plugins/workday.py
[2024-06-18T15:06:19.346+0530] {processor.py:830} INFO - Processing file /home/kiit/airflow-env/lib/python3.8/site-packages/airflow/example_dags/plugins/workday.py for tasks to queue
[2024-06-18T15:06:19.348+0530] {logging_mixin.py:188} INFO - [2024-06-18T15:06:19.348+0530] {dagbag.py:545} INFO - Filling up the DagBag from /home/kiit/airflow-env/lib/python3.8/site-packages/airflow/example_dags/plugins/workday.py
[2024-06-18T15:06:19.776+0530] {processor.py:842} WARNING - No viable dags retrieved from /home/kiit/airflow-env/lib/python3.8/site-packages/airflow/example_dags/plugins/workday.py
[2024-06-18T15:06:19.792+0530] {processor.py:183} INFO - Processing /home/kiit/airflow-env/lib/python3.8/site-packages/airflow/example_dags/plugins/workday.py took 0.453 seconds
[2024-06-18T15:06:49.903+0530] {processor.py:161} INFO - Started process (PID=33708) to work on /home/kiit/airflow-env/lib/python3.8/site-packages/airflow/example_dags/plugins/workday.py
[2024-06-18T15:06:49.904+0530] {processor.py:830} INFO - Processing file /home/kiit/airflow-env/lib/python3.8/site-packages/airflow/example_dags/plugins/workday.py for tasks to queue
[2024-06-18T15:06:49.905+0530] {logging_mixin.py:188} INFO - [2024-06-18T15:06:49.905+0530] {dagbag.py:545} INFO - Filling up the DagBag from /home/kiit/airflow-env/lib/python3.8/site-packages/airflow/example_dags/plugins/workday.py
[2024-06-18T15:06:50.324+0530] {processor.py:842} WARNING - No viable dags retrieved from /home/kiit/airflow-env/lib/python3.8/site-packages/airflow/example_dags/plugins/workday.py
[2024-06-18T15:06:50.337+0530] {processor.py:183} INFO - Processing /home/kiit/airflow-env/lib/python3.8/site-packages/airflow/example_dags/plugins/workday.py took 0.440 seconds
[2024-06-18T15:07:21.225+0530] {processor.py:161} INFO - Started process (PID=33767) to work on /home/kiit/airflow-env/lib/python3.8/site-packages/airflow/example_dags/plugins/workday.py
[2024-06-18T15:07:21.226+0530] {processor.py:830} INFO - Processing file /home/kiit/airflow-env/lib/python3.8/site-packages/airflow/example_dags/plugins/workday.py for tasks to queue
[2024-06-18T15:07:21.228+0530] {logging_mixin.py:188} INFO - [2024-06-18T15:07:21.228+0530] {dagbag.py:545} INFO - Filling up the DagBag from /home/kiit/airflow-env/lib/python3.8/site-packages/airflow/example_dags/plugins/workday.py
[2024-06-18T15:07:21.530+0530] {processor.py:842} WARNING - No viable dags retrieved from /home/kiit/airflow-env/lib/python3.8/site-packages/airflow/example_dags/plugins/workday.py
[2024-06-18T15:07:21.544+0530] {processor.py:183} INFO - Processing /home/kiit/airflow-env/lib/python3.8/site-packages/airflow/example_dags/plugins/workday.py took 0.324 seconds
[2024-06-18T15:07:52.004+0530] {processor.py:161} INFO - Started process (PID=33826) to work on /home/kiit/airflow-env/lib/python3.8/site-packages/airflow/example_dags/plugins/workday.py
[2024-06-18T15:07:52.006+0530] {processor.py:830} INFO - Processing file /home/kiit/airflow-env/lib/python3.8/site-packages/airflow/example_dags/plugins/workday.py for tasks to queue
[2024-06-18T15:07:52.008+0530] {logging_mixin.py:188} INFO - [2024-06-18T15:07:52.008+0530] {dagbag.py:545} INFO - Filling up the DagBag from /home/kiit/airflow-env/lib/python3.8/site-packages/airflow/example_dags/plugins/workday.py
[2024-06-18T15:07:52.279+0530] {processor.py:842} WARNING - No viable dags retrieved from /home/kiit/airflow-env/lib/python3.8/site-packages/airflow/example_dags/plugins/workday.py
[2024-06-18T15:07:52.292+0530] {processor.py:183} INFO - Processing /home/kiit/airflow-env/lib/python3.8/site-packages/airflow/example_dags/plugins/workday.py took 0.295 seconds
[2024-06-18T15:08:22.647+0530] {processor.py:161} INFO - Started process (PID=33885) to work on /home/kiit/airflow-env/lib/python3.8/site-packages/airflow/example_dags/plugins/workday.py
[2024-06-18T15:08:22.649+0530] {processor.py:830} INFO - Processing file /home/kiit/airflow-env/lib/python3.8/site-packages/airflow/example_dags/plugins/workday.py for tasks to queue
[2024-06-18T15:08:22.655+0530] {logging_mixin.py:188} INFO - [2024-06-18T15:08:22.655+0530] {dagbag.py:545} INFO - Filling up the DagBag from /home/kiit/airflow-env/lib/python3.8/site-packages/airflow/example_dags/plugins/workday.py
[2024-06-18T15:08:23.189+0530] {processor.py:842} WARNING - No viable dags retrieved from /home/kiit/airflow-env/lib/python3.8/site-packages/airflow/example_dags/plugins/workday.py
[2024-06-18T15:08:23.202+0530] {processor.py:183} INFO - Processing /home/kiit/airflow-env/lib/python3.8/site-packages/airflow/example_dags/plugins/workday.py took 0.564 seconds
[2024-06-18T15:08:53.985+0530] {processor.py:161} INFO - Started process (PID=33946) to work on /home/kiit/airflow-env/lib/python3.8/site-packages/airflow/example_dags/plugins/workday.py
[2024-06-18T15:08:53.993+0530] {processor.py:830} INFO - Processing file /home/kiit/airflow-env/lib/python3.8/site-packages/airflow/example_dags/plugins/workday.py for tasks to queue
[2024-06-18T15:08:53.994+0530] {logging_mixin.py:188} INFO - [2024-06-18T15:08:53.994+0530] {dagbag.py:545} INFO - Filling up the DagBag from /home/kiit/airflow-env/lib/python3.8/site-packages/airflow/example_dags/plugins/workday.py
[2024-06-18T15:08:54.247+0530] {processor.py:842} WARNING - No viable dags retrieved from /home/kiit/airflow-env/lib/python3.8/site-packages/airflow/example_dags/plugins/workday.py
[2024-06-18T15:08:54.260+0530] {processor.py:183} INFO - Processing /home/kiit/airflow-env/lib/python3.8/site-packages/airflow/example_dags/plugins/workday.py took 0.284 seconds
[2024-06-18T15:09:24.539+0530] {processor.py:161} INFO - Started process (PID=34006) to work on /home/kiit/airflow-env/lib/python3.8/site-packages/airflow/example_dags/plugins/workday.py
[2024-06-18T15:09:24.540+0530] {processor.py:830} INFO - Processing file /home/kiit/airflow-env/lib/python3.8/site-packages/airflow/example_dags/plugins/workday.py for tasks to queue
[2024-06-18T15:09:24.542+0530] {logging_mixin.py:188} INFO - [2024-06-18T15:09:24.541+0530] {dagbag.py:545} INFO - Filling up the DagBag from /home/kiit/airflow-env/lib/python3.8/site-packages/airflow/example_dags/plugins/workday.py
[2024-06-18T15:09:24.733+0530] {processor.py:842} WARNING - No viable dags retrieved from /home/kiit/airflow-env/lib/python3.8/site-packages/airflow/example_dags/plugins/workday.py
[2024-06-18T15:09:24.745+0530] {processor.py:183} INFO - Processing /home/kiit/airflow-env/lib/python3.8/site-packages/airflow/example_dags/plugins/workday.py took 0.211 seconds
[2024-06-18T15:09:54.824+0530] {processor.py:161} INFO - Started process (PID=34065) to work on /home/kiit/airflow-env/lib/python3.8/site-packages/airflow/example_dags/plugins/workday.py
[2024-06-18T15:09:54.831+0530] {processor.py:830} INFO - Processing file /home/kiit/airflow-env/lib/python3.8/site-packages/airflow/example_dags/plugins/workday.py for tasks to queue
[2024-06-18T15:09:54.833+0530] {logging_mixin.py:188} INFO - [2024-06-18T15:09:54.832+0530] {dagbag.py:545} INFO - Filling up the DagBag from /home/kiit/airflow-env/lib/python3.8/site-packages/airflow/example_dags/plugins/workday.py
[2024-06-18T15:09:55.052+0530] {processor.py:842} WARNING - No viable dags retrieved from /home/kiit/airflow-env/lib/python3.8/site-packages/airflow/example_dags/plugins/workday.py
[2024-06-18T15:09:55.065+0530] {processor.py:183} INFO - Processing /home/kiit/airflow-env/lib/python3.8/site-packages/airflow/example_dags/plugins/workday.py took 0.247 seconds
[2024-06-18T15:10:25.118+0530] {processor.py:161} INFO - Started process (PID=34126) to work on /home/kiit/airflow-env/lib/python3.8/site-packages/airflow/example_dags/plugins/workday.py
[2024-06-18T15:10:25.118+0530] {processor.py:830} INFO - Processing file /home/kiit/airflow-env/lib/python3.8/site-packages/airflow/example_dags/plugins/workday.py for tasks to queue
[2024-06-18T15:10:25.119+0530] {logging_mixin.py:188} INFO - [2024-06-18T15:10:25.119+0530] {dagbag.py:545} INFO - Filling up the DagBag from /home/kiit/airflow-env/lib/python3.8/site-packages/airflow/example_dags/plugins/workday.py
[2024-06-18T15:10:25.339+0530] {processor.py:842} WARNING - No viable dags retrieved from /home/kiit/airflow-env/lib/python3.8/site-packages/airflow/example_dags/plugins/workday.py
[2024-06-18T15:10:25.350+0530] {processor.py:183} INFO - Processing /home/kiit/airflow-env/lib/python3.8/site-packages/airflow/example_dags/plugins/workday.py took 0.238 seconds
[2024-06-18T15:10:55.397+0530] {processor.py:161} INFO - Started process (PID=34184) to work on /home/kiit/airflow-env/lib/python3.8/site-packages/airflow/example_dags/plugins/workday.py
[2024-06-18T15:10:55.403+0530] {processor.py:830} INFO - Processing file /home/kiit/airflow-env/lib/python3.8/site-packages/airflow/example_dags/plugins/workday.py for tasks to queue
[2024-06-18T15:10:55.404+0530] {logging_mixin.py:188} INFO - [2024-06-18T15:10:55.404+0530] {dagbag.py:545} INFO - Filling up the DagBag from /home/kiit/airflow-env/lib/python3.8/site-packages/airflow/example_dags/plugins/workday.py
[2024-06-18T15:10:55.639+0530] {processor.py:842} WARNING - No viable dags retrieved from /home/kiit/airflow-env/lib/python3.8/site-packages/airflow/example_dags/plugins/workday.py
[2024-06-18T15:10:55.652+0530] {processor.py:183} INFO - Processing /home/kiit/airflow-env/lib/python3.8/site-packages/airflow/example_dags/plugins/workday.py took 0.261 seconds
[2024-06-18T15:11:25.745+0530] {processor.py:161} INFO - Started process (PID=34245) to work on /home/kiit/airflow-env/lib/python3.8/site-packages/airflow/example_dags/plugins/workday.py
[2024-06-18T15:11:25.746+0530] {processor.py:830} INFO - Processing file /home/kiit/airflow-env/lib/python3.8/site-packages/airflow/example_dags/plugins/workday.py for tasks to queue
[2024-06-18T15:11:25.747+0530] {logging_mixin.py:188} INFO - [2024-06-18T15:11:25.747+0530] {dagbag.py:545} INFO - Filling up the DagBag from /home/kiit/airflow-env/lib/python3.8/site-packages/airflow/example_dags/plugins/workday.py
[2024-06-18T15:11:25.976+0530] {processor.py:842} WARNING - No viable dags retrieved from /home/kiit/airflow-env/lib/python3.8/site-packages/airflow/example_dags/plugins/workday.py
[2024-06-18T15:11:25.987+0530] {processor.py:183} INFO - Processing /home/kiit/airflow-env/lib/python3.8/site-packages/airflow/example_dags/plugins/workday.py took 0.248 seconds
[2024-06-18T15:11:56.976+0530] {processor.py:161} INFO - Started process (PID=34307) to work on /home/kiit/airflow-env/lib/python3.8/site-packages/airflow/example_dags/plugins/workday.py
[2024-06-18T15:11:56.977+0530] {processor.py:830} INFO - Processing file /home/kiit/airflow-env/lib/python3.8/site-packages/airflow/example_dags/plugins/workday.py for tasks to queue
[2024-06-18T15:11:56.979+0530] {logging_mixin.py:188} INFO - [2024-06-18T15:11:56.979+0530] {dagbag.py:545} INFO - Filling up the DagBag from /home/kiit/airflow-env/lib/python3.8/site-packages/airflow/example_dags/plugins/workday.py
[2024-06-18T15:11:57.196+0530] {processor.py:842} WARNING - No viable dags retrieved from /home/kiit/airflow-env/lib/python3.8/site-packages/airflow/example_dags/plugins/workday.py
[2024-06-18T15:11:57.210+0530] {processor.py:183} INFO - Processing /home/kiit/airflow-env/lib/python3.8/site-packages/airflow/example_dags/plugins/workday.py took 0.243 seconds
[2024-06-18T15:12:27.312+0530] {processor.py:161} INFO - Started process (PID=34367) to work on /home/kiit/airflow-env/lib/python3.8/site-packages/airflow/example_dags/plugins/workday.py
[2024-06-18T15:12:27.313+0530] {processor.py:830} INFO - Processing file /home/kiit/airflow-env/lib/python3.8/site-packages/airflow/example_dags/plugins/workday.py for tasks to queue
[2024-06-18T15:12:27.314+0530] {logging_mixin.py:188} INFO - [2024-06-18T15:12:27.314+0530] {dagbag.py:545} INFO - Filling up the DagBag from /home/kiit/airflow-env/lib/python3.8/site-packages/airflow/example_dags/plugins/workday.py
[2024-06-18T15:12:27.556+0530] {processor.py:842} WARNING - No viable dags retrieved from /home/kiit/airflow-env/lib/python3.8/site-packages/airflow/example_dags/plugins/workday.py
[2024-06-18T15:12:27.570+0530] {processor.py:183} INFO - Processing /home/kiit/airflow-env/lib/python3.8/site-packages/airflow/example_dags/plugins/workday.py took 0.265 seconds
[2024-06-18T15:12:57.675+0530] {processor.py:161} INFO - Started process (PID=34426) to work on /home/kiit/airflow-env/lib/python3.8/site-packages/airflow/example_dags/plugins/workday.py
[2024-06-18T15:12:57.682+0530] {processor.py:830} INFO - Processing file /home/kiit/airflow-env/lib/python3.8/site-packages/airflow/example_dags/plugins/workday.py for tasks to queue
[2024-06-18T15:12:57.684+0530] {logging_mixin.py:188} INFO - [2024-06-18T15:12:57.684+0530] {dagbag.py:545} INFO - Filling up the DagBag from /home/kiit/airflow-env/lib/python3.8/site-packages/airflow/example_dags/plugins/workday.py
[2024-06-18T15:12:57.901+0530] {processor.py:842} WARNING - No viable dags retrieved from /home/kiit/airflow-env/lib/python3.8/site-packages/airflow/example_dags/plugins/workday.py
[2024-06-18T15:12:57.913+0530] {processor.py:183} INFO - Processing /home/kiit/airflow-env/lib/python3.8/site-packages/airflow/example_dags/plugins/workday.py took 0.245 seconds
[2024-06-18T15:13:28.001+0530] {processor.py:161} INFO - Started process (PID=34488) to work on /home/kiit/airflow-env/lib/python3.8/site-packages/airflow/example_dags/plugins/workday.py
[2024-06-18T15:13:28.002+0530] {processor.py:830} INFO - Processing file /home/kiit/airflow-env/lib/python3.8/site-packages/airflow/example_dags/plugins/workday.py for tasks to queue
[2024-06-18T15:13:28.004+0530] {logging_mixin.py:188} INFO - [2024-06-18T15:13:28.004+0530] {dagbag.py:545} INFO - Filling up the DagBag from /home/kiit/airflow-env/lib/python3.8/site-packages/airflow/example_dags/plugins/workday.py
[2024-06-18T15:13:28.230+0530] {processor.py:842} WARNING - No viable dags retrieved from /home/kiit/airflow-env/lib/python3.8/site-packages/airflow/example_dags/plugins/workday.py
[2024-06-18T15:13:28.241+0530] {processor.py:183} INFO - Processing /home/kiit/airflow-env/lib/python3.8/site-packages/airflow/example_dags/plugins/workday.py took 0.246 seconds
[2024-06-18T15:13:58.342+0530] {processor.py:161} INFO - Started process (PID=34548) to work on /home/kiit/airflow-env/lib/python3.8/site-packages/airflow/example_dags/plugins/workday.py
[2024-06-18T15:13:58.343+0530] {processor.py:830} INFO - Processing file /home/kiit/airflow-env/lib/python3.8/site-packages/airflow/example_dags/plugins/workday.py for tasks to queue
[2024-06-18T15:13:58.345+0530] {logging_mixin.py:188} INFO - [2024-06-18T15:13:58.344+0530] {dagbag.py:545} INFO - Filling up the DagBag from /home/kiit/airflow-env/lib/python3.8/site-packages/airflow/example_dags/plugins/workday.py
[2024-06-18T15:13:58.537+0530] {processor.py:842} WARNING - No viable dags retrieved from /home/kiit/airflow-env/lib/python3.8/site-packages/airflow/example_dags/plugins/workday.py
[2024-06-18T15:13:58.550+0530] {processor.py:183} INFO - Processing /home/kiit/airflow-env/lib/python3.8/site-packages/airflow/example_dags/plugins/workday.py took 0.214 seconds
[2024-06-18T15:14:28.687+0530] {processor.py:161} INFO - Started process (PID=34607) to work on /home/kiit/airflow-env/lib/python3.8/site-packages/airflow/example_dags/plugins/workday.py
[2024-06-18T15:14:28.688+0530] {processor.py:830} INFO - Processing file /home/kiit/airflow-env/lib/python3.8/site-packages/airflow/example_dags/plugins/workday.py for tasks to queue
[2024-06-18T15:14:28.690+0530] {logging_mixin.py:188} INFO - [2024-06-18T15:14:28.690+0530] {dagbag.py:545} INFO - Filling up the DagBag from /home/kiit/airflow-env/lib/python3.8/site-packages/airflow/example_dags/plugins/workday.py
[2024-06-18T15:14:28.930+0530] {processor.py:842} WARNING - No viable dags retrieved from /home/kiit/airflow-env/lib/python3.8/site-packages/airflow/example_dags/plugins/workday.py
[2024-06-18T15:14:28.942+0530] {processor.py:183} INFO - Processing /home/kiit/airflow-env/lib/python3.8/site-packages/airflow/example_dags/plugins/workday.py took 0.262 seconds
[2024-06-18T15:14:59.019+0530] {processor.py:161} INFO - Started process (PID=34666) to work on /home/kiit/airflow-env/lib/python3.8/site-packages/airflow/example_dags/plugins/workday.py
[2024-06-18T15:14:59.020+0530] {processor.py:830} INFO - Processing file /home/kiit/airflow-env/lib/python3.8/site-packages/airflow/example_dags/plugins/workday.py for tasks to queue
[2024-06-18T15:14:59.022+0530] {logging_mixin.py:188} INFO - [2024-06-18T15:14:59.022+0530] {dagbag.py:545} INFO - Filling up the DagBag from /home/kiit/airflow-env/lib/python3.8/site-packages/airflow/example_dags/plugins/workday.py
[2024-06-18T15:14:59.267+0530] {processor.py:842} WARNING - No viable dags retrieved from /home/kiit/airflow-env/lib/python3.8/site-packages/airflow/example_dags/plugins/workday.py
[2024-06-18T15:14:59.278+0530] {processor.py:183} INFO - Processing /home/kiit/airflow-env/lib/python3.8/site-packages/airflow/example_dags/plugins/workday.py took 0.264 seconds
[2024-06-18T15:15:29.318+0530] {processor.py:161} INFO - Started process (PID=34726) to work on /home/kiit/airflow-env/lib/python3.8/site-packages/airflow/example_dags/plugins/workday.py
[2024-06-18T15:15:29.319+0530] {processor.py:830} INFO - Processing file /home/kiit/airflow-env/lib/python3.8/site-packages/airflow/example_dags/plugins/workday.py for tasks to queue
[2024-06-18T15:15:29.320+0530] {logging_mixin.py:188} INFO - [2024-06-18T15:15:29.320+0530] {dagbag.py:545} INFO - Filling up the DagBag from /home/kiit/airflow-env/lib/python3.8/site-packages/airflow/example_dags/plugins/workday.py
[2024-06-18T15:15:29.554+0530] {processor.py:842} WARNING - No viable dags retrieved from /home/kiit/airflow-env/lib/python3.8/site-packages/airflow/example_dags/plugins/workday.py
[2024-06-18T15:15:29.565+0530] {processor.py:183} INFO - Processing /home/kiit/airflow-env/lib/python3.8/site-packages/airflow/example_dags/plugins/workday.py took 0.253 seconds
[2024-06-18T15:15:59.650+0530] {processor.py:161} INFO - Started process (PID=34786) to work on /home/kiit/airflow-env/lib/python3.8/site-packages/airflow/example_dags/plugins/workday.py
[2024-06-18T15:15:59.651+0530] {processor.py:830} INFO - Processing file /home/kiit/airflow-env/lib/python3.8/site-packages/airflow/example_dags/plugins/workday.py for tasks to queue
[2024-06-18T15:15:59.652+0530] {logging_mixin.py:188} INFO - [2024-06-18T15:15:59.652+0530] {dagbag.py:545} INFO - Filling up the DagBag from /home/kiit/airflow-env/lib/python3.8/site-packages/airflow/example_dags/plugins/workday.py
[2024-06-18T15:15:59.880+0530] {processor.py:842} WARNING - No viable dags retrieved from /home/kiit/airflow-env/lib/python3.8/site-packages/airflow/example_dags/plugins/workday.py
[2024-06-18T15:15:59.890+0530] {processor.py:183} INFO - Processing /home/kiit/airflow-env/lib/python3.8/site-packages/airflow/example_dags/plugins/workday.py took 0.244 seconds
[2024-06-18T15:16:30.170+0530] {processor.py:161} INFO - Started process (PID=34869) to work on /home/kiit/airflow-env/lib/python3.8/site-packages/airflow/example_dags/plugins/workday.py
[2024-06-18T15:16:30.171+0530] {processor.py:830} INFO - Processing file /home/kiit/airflow-env/lib/python3.8/site-packages/airflow/example_dags/plugins/workday.py for tasks to queue
[2024-06-18T15:16:30.172+0530] {logging_mixin.py:188} INFO - [2024-06-18T15:16:30.172+0530] {dagbag.py:545} INFO - Filling up the DagBag from /home/kiit/airflow-env/lib/python3.8/site-packages/airflow/example_dags/plugins/workday.py
[2024-06-18T15:16:30.407+0530] {processor.py:842} WARNING - No viable dags retrieved from /home/kiit/airflow-env/lib/python3.8/site-packages/airflow/example_dags/plugins/workday.py
[2024-06-18T15:16:30.421+0530] {processor.py:183} INFO - Processing /home/kiit/airflow-env/lib/python3.8/site-packages/airflow/example_dags/plugins/workday.py took 0.257 seconds
