[2024-06-18T15:37:37.037+0530] {local_task_job_runner.py:120} INFO - ::group::Pre task execution logs
[2024-06-18T15:37:37.053+0530] {taskinstance.py:2076} INFO - Dependencies all met for dep_context=non-requeueable deps ti=<TaskInstance: Backup_Database.backup_task manual__2024-06-18T10:07:35.050682+00:00 [queued]>
[2024-06-18T15:37:37.059+0530] {taskinstance.py:2076} INFO - Dependencies all met for dep_context=requeueable deps ti=<TaskInstance: Backup_Database.backup_task manual__2024-06-18T10:07:35.050682+00:00 [queued]>
[2024-06-18T15:37:37.059+0530] {taskinstance.py:2306} INFO - Starting attempt 1 of 2
[2024-06-18T15:37:37.078+0530] {taskinstance.py:2330} INFO - Executing <Task(BashOperator): backup_task> on 2024-06-18 10:07:35.050682+00:00
[2024-06-18T15:37:37.081+0530] {standard_task_runner.py:63} INFO - Started process 35732 to run task
[2024-06-18T15:37:37.084+0530] {standard_task_runner.py:90} INFO - Running: ['airflow', 'tasks', 'run', 'Backup_Database', 'backup_task', 'manual__2024-06-18T10:07:35.050682+00:00', '--job-id', '16', '--raw', '--subdir', 'DAGS_FOLDER/basic.py', '--cfg-path', '/tmp/tmpv3aym6iw']
[2024-06-18T15:37:37.085+0530] {standard_task_runner.py:91} INFO - Job 16: Subtask backup_task
[2024-06-18T15:37:37.131+0530] {task_command.py:426} INFO - Running <TaskInstance: Backup_Database.backup_task manual__2024-06-18T10:07:35.050682+00:00 [running]> on host FN-21052948.
[2024-06-18T15:37:37.203+0530] {taskinstance.py:2648} INFO - Exporting env vars: AIRFLOW_CTX_DAG_OWNER='sarika' AIRFLOW_CTX_DAG_ID='Backup_Database' AIRFLOW_CTX_TASK_ID='backup_task' AIRFLOW_CTX_EXECUTION_DATE='2024-06-18T10:07:35.050682+00:00' AIRFLOW_CTX_TRY_NUMBER='1' AIRFLOW_CTX_DAG_RUN_ID='manual__2024-06-18T10:07:35.050682+00:00'
[2024-06-18T15:37:37.203+0530] {taskinstance.py:430} INFO - ::endgroup::
[2024-06-18T15:37:37.210+0530] {subprocess.py:63} INFO - Tmp dir root location: /tmp
[2024-06-18T15:37:37.212+0530] {subprocess.py:75} INFO - Running command: ['/usr/bin/bash', '-c', '/home/kiit/airflow/bashScripts/backup.sh ']
[2024-06-18T15:37:37.217+0530] {subprocess.py:86} INFO - Output:
[2024-06-18T15:37:37.218+0530] {subprocess.py:93} INFO - /usr/bin/bash: /home/kiit/airflow/bashScripts/backup.sh: Permission denied
[2024-06-18T15:37:37.218+0530] {subprocess.py:97} INFO - Command exited with return code 126
[2024-06-18T15:37:37.218+0530] {taskinstance.py:441} INFO - ::group::Post task execution logs
[2024-06-18T15:37:37.226+0530] {taskinstance.py:2905} ERROR - Task failed with exception
Traceback (most recent call last):
  File "/home/kiit/airflow-env/lib/python3.8/site-packages/airflow/models/taskinstance.py", line 465, in _execute_task
    result = _execute_callable(context=context, **execute_callable_kwargs)
  File "/home/kiit/airflow-env/lib/python3.8/site-packages/airflow/models/taskinstance.py", line 432, in _execute_callable
    return execute_callable(context=context, **execute_callable_kwargs)
  File "/home/kiit/airflow-env/lib/python3.8/site-packages/airflow/models/baseoperator.py", line 401, in wrapper
    return func(self, *args, **kwargs)
  File "/home/kiit/airflow-env/lib/python3.8/site-packages/airflow/operators/bash.py", line 243, in execute
    raise AirflowException(
airflow.exceptions.AirflowException: Bash command failed. The command returned a non-zero exit code 126.
[2024-06-18T15:37:37.230+0530] {taskinstance.py:1206} INFO - Marking task as UP_FOR_RETRY. dag_id=Backup_Database, task_id=backup_task, run_id=manual__2024-06-18T10:07:35.050682+00:00, execution_date=20240618T100735, start_date=20240618T100737, end_date=20240618T100737
[2024-06-18T15:37:37.245+0530] {standard_task_runner.py:110} ERROR - Failed to execute job 16 for task backup_task (Bash command failed. The command returned a non-zero exit code 126.; 35732)
[2024-06-18T15:37:37.256+0530] {local_task_job_runner.py:240} INFO - Task exited with return code 1
[2024-06-18T15:37:37.273+0530] {taskinstance.py:3503} INFO - 0 downstream tasks scheduled from follow-on schedule check
[2024-06-18T15:37:37.274+0530] {local_task_job_runner.py:222} INFO - ::endgroup::
