[2024-06-18T13:05:45.269+0530] {processor.py:161} INFO - Started process (PID=25343) to work on /home/kiit/airflow-env/lib/python3.8/site-packages/airflow/example_dags/example_bash_decorator.py
[2024-06-18T13:05:45.270+0530] {processor.py:830} INFO - Processing file /home/kiit/airflow-env/lib/python3.8/site-packages/airflow/example_dags/example_bash_decorator.py for tasks to queue
[2024-06-18T13:05:45.272+0530] {logging_mixin.py:188} INFO - [2024-06-18T13:05:45.272+0530] {dagbag.py:545} INFO - Filling up the DagBag from /home/kiit/airflow-env/lib/python3.8/site-packages/airflow/example_dags/example_bash_decorator.py
[2024-06-18T13:05:45.290+0530] {processor.py:840} INFO - DAG(s) 'example_bash_decorator' retrieved from /home/kiit/airflow-env/lib/python3.8/site-packages/airflow/example_dags/example_bash_decorator.py
[2024-06-18T13:05:45.406+0530] {logging_mixin.py:188} INFO - [2024-06-18T13:05:45.406+0530] {dag.py:3096} INFO - Sync 1 DAGs
[2024-06-18T13:05:45.419+0530] {logging_mixin.py:188} INFO - [2024-06-18T13:05:45.418+0530] {dag.py:3954} INFO - Setting next_dagrun for example_bash_decorator to None, run_after=None
[2024-06-18T13:05:45.454+0530] {processor.py:183} INFO - Processing /home/kiit/airflow-env/lib/python3.8/site-packages/airflow/example_dags/example_bash_decorator.py took 0.191 seconds
[2024-06-18T13:06:40.188+0530] {processor.py:161} INFO - Started process (PID=25418) to work on /home/kiit/airflow-env/lib/python3.8/site-packages/airflow/example_dags/example_bash_decorator.py
[2024-06-18T13:06:40.194+0530] {processor.py:830} INFO - Processing file /home/kiit/airflow-env/lib/python3.8/site-packages/airflow/example_dags/example_bash_decorator.py for tasks to queue
[2024-06-18T13:06:40.196+0530] {logging_mixin.py:188} INFO - [2024-06-18T13:06:40.195+0530] {dagbag.py:545} INFO - Filling up the DagBag from /home/kiit/airflow-env/lib/python3.8/site-packages/airflow/example_dags/example_bash_decorator.py
[2024-06-18T13:06:40.204+0530] {processor.py:840} INFO - DAG(s) 'example_bash_decorator' retrieved from /home/kiit/airflow-env/lib/python3.8/site-packages/airflow/example_dags/example_bash_decorator.py
[2024-06-18T13:06:40.215+0530] {logging_mixin.py:188} INFO - [2024-06-18T13:06:40.214+0530] {dag.py:3096} INFO - Sync 1 DAGs
[2024-06-18T13:06:40.222+0530] {logging_mixin.py:188} INFO - [2024-06-18T13:06:40.221+0530] {dag.py:3954} INFO - Setting next_dagrun for example_bash_decorator to None, run_after=None
[2024-06-18T13:06:40.243+0530] {processor.py:183} INFO - Processing /home/kiit/airflow-env/lib/python3.8/site-packages/airflow/example_dags/example_bash_decorator.py took 0.058 seconds
[2024-06-18T13:07:27.102+0530] {processor.py:161} INFO - Started process (PID=25476) to work on /home/kiit/airflow-env/lib/python3.8/site-packages/airflow/example_dags/example_bash_decorator.py
[2024-06-18T13:07:27.104+0530] {processor.py:830} INFO - Processing file /home/kiit/airflow-env/lib/python3.8/site-packages/airflow/example_dags/example_bash_decorator.py for tasks to queue
[2024-06-18T13:07:27.105+0530] {logging_mixin.py:188} INFO - [2024-06-18T13:07:27.105+0530] {dagbag.py:545} INFO - Filling up the DagBag from /home/kiit/airflow-env/lib/python3.8/site-packages/airflow/example_dags/example_bash_decorator.py
[2024-06-18T13:07:27.117+0530] {processor.py:840} INFO - DAG(s) 'example_bash_decorator' retrieved from /home/kiit/airflow-env/lib/python3.8/site-packages/airflow/example_dags/example_bash_decorator.py
[2024-06-18T13:07:27.134+0530] {logging_mixin.py:188} INFO - [2024-06-18T13:07:27.134+0530] {dag.py:3096} INFO - Sync 1 DAGs
[2024-06-18T13:07:27.221+0530] {logging_mixin.py:188} INFO - [2024-06-18T13:07:27.221+0530] {dag.py:3954} INFO - Setting next_dagrun for example_bash_decorator to None, run_after=None
[2024-06-18T13:07:27.242+0530] {processor.py:183} INFO - Processing /home/kiit/airflow-env/lib/python3.8/site-packages/airflow/example_dags/example_bash_decorator.py took 0.146 seconds
[2024-06-18T13:08:23.974+0530] {processor.py:161} INFO - Started process (PID=25528) to work on /home/kiit/airflow-env/lib/python3.8/site-packages/airflow/example_dags/example_bash_decorator.py
[2024-06-18T13:08:23.975+0530] {processor.py:830} INFO - Processing file /home/kiit/airflow-env/lib/python3.8/site-packages/airflow/example_dags/example_bash_decorator.py for tasks to queue
[2024-06-18T13:08:23.977+0530] {logging_mixin.py:188} INFO - [2024-06-18T13:08:23.977+0530] {dagbag.py:545} INFO - Filling up the DagBag from /home/kiit/airflow-env/lib/python3.8/site-packages/airflow/example_dags/example_bash_decorator.py
[2024-06-18T13:08:23.991+0530] {processor.py:840} INFO - DAG(s) 'example_bash_decorator' retrieved from /home/kiit/airflow-env/lib/python3.8/site-packages/airflow/example_dags/example_bash_decorator.py
[2024-06-18T13:08:24.016+0530] {logging_mixin.py:188} INFO - [2024-06-18T13:08:24.015+0530] {dag.py:3096} INFO - Sync 1 DAGs
[2024-06-18T13:08:24.027+0530] {logging_mixin.py:188} INFO - [2024-06-18T13:08:24.027+0530] {dag.py:3954} INFO - Setting next_dagrun for example_bash_decorator to None, run_after=None
[2024-06-18T13:08:24.050+0530] {processor.py:183} INFO - Processing /home/kiit/airflow-env/lib/python3.8/site-packages/airflow/example_dags/example_bash_decorator.py took 0.084 seconds
[2024-06-18T13:09:11.692+0530] {processor.py:161} INFO - Started process (PID=25586) to work on /home/kiit/airflow-env/lib/python3.8/site-packages/airflow/example_dags/example_bash_decorator.py
[2024-06-18T13:09:11.699+0530] {processor.py:830} INFO - Processing file /home/kiit/airflow-env/lib/python3.8/site-packages/airflow/example_dags/example_bash_decorator.py for tasks to queue
[2024-06-18T13:09:11.701+0530] {logging_mixin.py:188} INFO - [2024-06-18T13:09:11.700+0530] {dagbag.py:545} INFO - Filling up the DagBag from /home/kiit/airflow-env/lib/python3.8/site-packages/airflow/example_dags/example_bash_decorator.py
[2024-06-18T13:09:11.712+0530] {processor.py:840} INFO - DAG(s) 'example_bash_decorator' retrieved from /home/kiit/airflow-env/lib/python3.8/site-packages/airflow/example_dags/example_bash_decorator.py
[2024-06-18T13:09:11.728+0530] {logging_mixin.py:188} INFO - [2024-06-18T13:09:11.728+0530] {dag.py:3096} INFO - Sync 1 DAGs
[2024-06-18T13:09:11.737+0530] {logging_mixin.py:188} INFO - [2024-06-18T13:09:11.737+0530] {dag.py:3954} INFO - Setting next_dagrun for example_bash_decorator to None, run_after=None
[2024-06-18T13:09:11.754+0530] {processor.py:183} INFO - Processing /home/kiit/airflow-env/lib/python3.8/site-packages/airflow/example_dags/example_bash_decorator.py took 0.066 seconds
[2024-06-18T13:10:01.150+0530] {processor.py:161} INFO - Started process (PID=25645) to work on /home/kiit/airflow-env/lib/python3.8/site-packages/airflow/example_dags/example_bash_decorator.py
[2024-06-18T13:10:01.152+0530] {processor.py:830} INFO - Processing file /home/kiit/airflow-env/lib/python3.8/site-packages/airflow/example_dags/example_bash_decorator.py for tasks to queue
[2024-06-18T13:10:01.153+0530] {logging_mixin.py:188} INFO - [2024-06-18T13:10:01.153+0530] {dagbag.py:545} INFO - Filling up the DagBag from /home/kiit/airflow-env/lib/python3.8/site-packages/airflow/example_dags/example_bash_decorator.py
[2024-06-18T13:10:01.165+0530] {processor.py:840} INFO - DAG(s) 'example_bash_decorator' retrieved from /home/kiit/airflow-env/lib/python3.8/site-packages/airflow/example_dags/example_bash_decorator.py
[2024-06-18T13:10:01.186+0530] {logging_mixin.py:188} INFO - [2024-06-18T13:10:01.186+0530] {dag.py:3096} INFO - Sync 1 DAGs
[2024-06-18T13:10:01.201+0530] {logging_mixin.py:188} INFO - [2024-06-18T13:10:01.200+0530] {dag.py:3954} INFO - Setting next_dagrun for example_bash_decorator to None, run_after=None
[2024-06-18T13:10:01.229+0530] {processor.py:183} INFO - Processing /home/kiit/airflow-env/lib/python3.8/site-packages/airflow/example_dags/example_bash_decorator.py took 0.086 seconds
[2024-06-18T13:10:46.547+0530] {processor.py:161} INFO - Started process (PID=25695) to work on /home/kiit/airflow-env/lib/python3.8/site-packages/airflow/example_dags/example_bash_decorator.py
[2024-06-18T13:10:46.549+0530] {processor.py:830} INFO - Processing file /home/kiit/airflow-env/lib/python3.8/site-packages/airflow/example_dags/example_bash_decorator.py for tasks to queue
[2024-06-18T13:10:46.553+0530] {logging_mixin.py:188} INFO - [2024-06-18T13:10:46.552+0530] {dagbag.py:545} INFO - Filling up the DagBag from /home/kiit/airflow-env/lib/python3.8/site-packages/airflow/example_dags/example_bash_decorator.py
[2024-06-18T13:10:46.636+0530] {processor.py:840} INFO - DAG(s) 'example_bash_decorator' retrieved from /home/kiit/airflow-env/lib/python3.8/site-packages/airflow/example_dags/example_bash_decorator.py
[2024-06-18T13:10:46.749+0530] {logging_mixin.py:188} INFO - [2024-06-18T13:10:46.749+0530] {dag.py:3096} INFO - Sync 1 DAGs
[2024-06-18T13:10:46.784+0530] {logging_mixin.py:188} INFO - [2024-06-18T13:10:46.784+0530] {dag.py:3954} INFO - Setting next_dagrun for example_bash_decorator to None, run_after=None
[2024-06-18T13:10:46.874+0530] {processor.py:183} INFO - Processing /home/kiit/airflow-env/lib/python3.8/site-packages/airflow/example_dags/example_bash_decorator.py took 0.360 seconds
[2024-06-18T13:11:33.084+0530] {processor.py:161} INFO - Started process (PID=25748) to work on /home/kiit/airflow-env/lib/python3.8/site-packages/airflow/example_dags/example_bash_decorator.py
[2024-06-18T13:11:33.086+0530] {processor.py:830} INFO - Processing file /home/kiit/airflow-env/lib/python3.8/site-packages/airflow/example_dags/example_bash_decorator.py for tasks to queue
[2024-06-18T13:11:33.087+0530] {logging_mixin.py:188} INFO - [2024-06-18T13:11:33.086+0530] {dagbag.py:545} INFO - Filling up the DagBag from /home/kiit/airflow-env/lib/python3.8/site-packages/airflow/example_dags/example_bash_decorator.py
[2024-06-18T13:11:33.097+0530] {processor.py:840} INFO - DAG(s) 'example_bash_decorator' retrieved from /home/kiit/airflow-env/lib/python3.8/site-packages/airflow/example_dags/example_bash_decorator.py
[2024-06-18T13:11:33.110+0530] {logging_mixin.py:188} INFO - [2024-06-18T13:11:33.110+0530] {dag.py:3096} INFO - Sync 1 DAGs
[2024-06-18T13:11:33.118+0530] {logging_mixin.py:188} INFO - [2024-06-18T13:11:33.118+0530] {dag.py:3954} INFO - Setting next_dagrun for example_bash_decorator to None, run_after=None
[2024-06-18T13:11:33.138+0530] {processor.py:183} INFO - Processing /home/kiit/airflow-env/lib/python3.8/site-packages/airflow/example_dags/example_bash_decorator.py took 0.059 seconds
[2024-06-18T13:12:15.781+0530] {processor.py:161} INFO - Started process (PID=25797) to work on /home/kiit/airflow-env/lib/python3.8/site-packages/airflow/example_dags/example_bash_decorator.py
[2024-06-18T13:12:15.782+0530] {processor.py:830} INFO - Processing file /home/kiit/airflow-env/lib/python3.8/site-packages/airflow/example_dags/example_bash_decorator.py for tasks to queue
[2024-06-18T13:12:15.783+0530] {logging_mixin.py:188} INFO - [2024-06-18T13:12:15.783+0530] {dagbag.py:545} INFO - Filling up the DagBag from /home/kiit/airflow-env/lib/python3.8/site-packages/airflow/example_dags/example_bash_decorator.py
[2024-06-18T13:12:15.792+0530] {processor.py:840} INFO - DAG(s) 'example_bash_decorator' retrieved from /home/kiit/airflow-env/lib/python3.8/site-packages/airflow/example_dags/example_bash_decorator.py
[2024-06-18T13:12:15.803+0530] {logging_mixin.py:188} INFO - [2024-06-18T13:12:15.803+0530] {dag.py:3096} INFO - Sync 1 DAGs
[2024-06-18T13:12:15.814+0530] {logging_mixin.py:188} INFO - [2024-06-18T13:12:15.813+0530] {dag.py:3954} INFO - Setting next_dagrun for example_bash_decorator to None, run_after=None
[2024-06-18T13:12:15.833+0530] {processor.py:183} INFO - Processing /home/kiit/airflow-env/lib/python3.8/site-packages/airflow/example_dags/example_bash_decorator.py took 0.056 seconds
[2024-06-18T13:12:55.769+0530] {processor.py:161} INFO - Started process (PID=25847) to work on /home/kiit/airflow-env/lib/python3.8/site-packages/airflow/example_dags/example_bash_decorator.py
[2024-06-18T13:12:55.777+0530] {processor.py:830} INFO - Processing file /home/kiit/airflow-env/lib/python3.8/site-packages/airflow/example_dags/example_bash_decorator.py for tasks to queue
[2024-06-18T13:12:55.779+0530] {logging_mixin.py:188} INFO - [2024-06-18T13:12:55.778+0530] {dagbag.py:545} INFO - Filling up the DagBag from /home/kiit/airflow-env/lib/python3.8/site-packages/airflow/example_dags/example_bash_decorator.py
[2024-06-18T13:12:55.790+0530] {processor.py:840} INFO - DAG(s) 'example_bash_decorator' retrieved from /home/kiit/airflow-env/lib/python3.8/site-packages/airflow/example_dags/example_bash_decorator.py
[2024-06-18T13:12:55.804+0530] {logging_mixin.py:188} INFO - [2024-06-18T13:12:55.803+0530] {dag.py:3096} INFO - Sync 1 DAGs
[2024-06-18T13:12:55.812+0530] {logging_mixin.py:188} INFO - [2024-06-18T13:12:55.812+0530] {dag.py:3954} INFO - Setting next_dagrun for example_bash_decorator to None, run_after=None
[2024-06-18T13:12:55.830+0530] {processor.py:183} INFO - Processing /home/kiit/airflow-env/lib/python3.8/site-packages/airflow/example_dags/example_bash_decorator.py took 0.066 seconds
[2024-06-18T13:13:33.296+0530] {processor.py:161} INFO - Started process (PID=25893) to work on /home/kiit/airflow-env/lib/python3.8/site-packages/airflow/example_dags/example_bash_decorator.py
[2024-06-18T13:13:33.296+0530] {processor.py:830} INFO - Processing file /home/kiit/airflow-env/lib/python3.8/site-packages/airflow/example_dags/example_bash_decorator.py for tasks to queue
[2024-06-18T13:13:33.297+0530] {logging_mixin.py:188} INFO - [2024-06-18T13:13:33.297+0530] {dagbag.py:545} INFO - Filling up the DagBag from /home/kiit/airflow-env/lib/python3.8/site-packages/airflow/example_dags/example_bash_decorator.py
[2024-06-18T13:13:33.306+0530] {processor.py:840} INFO - DAG(s) 'example_bash_decorator' retrieved from /home/kiit/airflow-env/lib/python3.8/site-packages/airflow/example_dags/example_bash_decorator.py
[2024-06-18T13:13:33.321+0530] {logging_mixin.py:188} INFO - [2024-06-18T13:13:33.320+0530] {dag.py:3096} INFO - Sync 1 DAGs
[2024-06-18T13:13:33.330+0530] {logging_mixin.py:188} INFO - [2024-06-18T13:13:33.330+0530] {dag.py:3954} INFO - Setting next_dagrun for example_bash_decorator to None, run_after=None
[2024-06-18T13:13:33.353+0530] {processor.py:183} INFO - Processing /home/kiit/airflow-env/lib/python3.8/site-packages/airflow/example_dags/example_bash_decorator.py took 0.062 seconds
[2024-06-18T13:14:26.953+0530] {processor.py:161} INFO - Started process (PID=25963) to work on /home/kiit/airflow-env/lib/python3.8/site-packages/airflow/example_dags/example_bash_decorator.py
[2024-06-18T13:14:26.954+0530] {processor.py:830} INFO - Processing file /home/kiit/airflow-env/lib/python3.8/site-packages/airflow/example_dags/example_bash_decorator.py for tasks to queue
[2024-06-18T13:14:26.956+0530] {logging_mixin.py:188} INFO - [2024-06-18T13:14:26.955+0530] {dagbag.py:545} INFO - Filling up the DagBag from /home/kiit/airflow-env/lib/python3.8/site-packages/airflow/example_dags/example_bash_decorator.py
[2024-06-18T13:14:26.966+0530] {processor.py:840} INFO - DAG(s) 'example_bash_decorator' retrieved from /home/kiit/airflow-env/lib/python3.8/site-packages/airflow/example_dags/example_bash_decorator.py
[2024-06-18T13:14:26.978+0530] {logging_mixin.py:188} INFO - [2024-06-18T13:14:26.978+0530] {dag.py:3096} INFO - Sync 1 DAGs
[2024-06-18T13:14:26.989+0530] {logging_mixin.py:188} INFO - [2024-06-18T13:14:26.988+0530] {dag.py:3954} INFO - Setting next_dagrun for example_bash_decorator to None, run_after=None
[2024-06-18T13:14:27.010+0530] {processor.py:183} INFO - Processing /home/kiit/airflow-env/lib/python3.8/site-packages/airflow/example_dags/example_bash_decorator.py took 0.063 seconds
[2024-06-18T13:15:07.464+0530] {processor.py:161} INFO - Started process (PID=26010) to work on /home/kiit/airflow-env/lib/python3.8/site-packages/airflow/example_dags/example_bash_decorator.py
[2024-06-18T13:15:07.467+0530] {processor.py:830} INFO - Processing file /home/kiit/airflow-env/lib/python3.8/site-packages/airflow/example_dags/example_bash_decorator.py for tasks to queue
[2024-06-18T13:15:07.469+0530] {logging_mixin.py:188} INFO - [2024-06-18T13:15:07.469+0530] {dagbag.py:545} INFO - Filling up the DagBag from /home/kiit/airflow-env/lib/python3.8/site-packages/airflow/example_dags/example_bash_decorator.py
[2024-06-18T13:15:07.500+0530] {processor.py:840} INFO - DAG(s) 'example_bash_decorator' retrieved from /home/kiit/airflow-env/lib/python3.8/site-packages/airflow/example_dags/example_bash_decorator.py
[2024-06-18T13:15:07.553+0530] {logging_mixin.py:188} INFO - [2024-06-18T13:15:07.553+0530] {dag.py:3096} INFO - Sync 1 DAGs
[2024-06-18T13:15:07.589+0530] {logging_mixin.py:188} INFO - [2024-06-18T13:15:07.589+0530] {dag.py:3954} INFO - Setting next_dagrun for example_bash_decorator to None, run_after=None
[2024-06-18T13:15:07.644+0530] {processor.py:183} INFO - Processing /home/kiit/airflow-env/lib/python3.8/site-packages/airflow/example_dags/example_bash_decorator.py took 0.197 seconds
[2024-06-18T13:15:50.433+0530] {processor.py:161} INFO - Started process (PID=26062) to work on /home/kiit/airflow-env/lib/python3.8/site-packages/airflow/example_dags/example_bash_decorator.py
[2024-06-18T13:15:50.434+0530] {processor.py:830} INFO - Processing file /home/kiit/airflow-env/lib/python3.8/site-packages/airflow/example_dags/example_bash_decorator.py for tasks to queue
[2024-06-18T13:15:50.435+0530] {logging_mixin.py:188} INFO - [2024-06-18T13:15:50.435+0530] {dagbag.py:545} INFO - Filling up the DagBag from /home/kiit/airflow-env/lib/python3.8/site-packages/airflow/example_dags/example_bash_decorator.py
[2024-06-18T13:15:50.444+0530] {processor.py:840} INFO - DAG(s) 'example_bash_decorator' retrieved from /home/kiit/airflow-env/lib/python3.8/site-packages/airflow/example_dags/example_bash_decorator.py
[2024-06-18T13:15:50.459+0530] {logging_mixin.py:188} INFO - [2024-06-18T13:15:50.458+0530] {dag.py:3096} INFO - Sync 1 DAGs
[2024-06-18T13:15:50.469+0530] {logging_mixin.py:188} INFO - [2024-06-18T13:15:50.468+0530] {dag.py:3954} INFO - Setting next_dagrun for example_bash_decorator to None, run_after=None
[2024-06-18T13:15:50.487+0530] {processor.py:183} INFO - Processing /home/kiit/airflow-env/lib/python3.8/site-packages/airflow/example_dags/example_bash_decorator.py took 0.060 seconds
[2024-06-18T13:16:28.608+0530] {processor.py:161} INFO - Started process (PID=26108) to work on /home/kiit/airflow-env/lib/python3.8/site-packages/airflow/example_dags/example_bash_decorator.py
[2024-06-18T13:16:28.609+0530] {processor.py:830} INFO - Processing file /home/kiit/airflow-env/lib/python3.8/site-packages/airflow/example_dags/example_bash_decorator.py for tasks to queue
[2024-06-18T13:16:28.611+0530] {logging_mixin.py:188} INFO - [2024-06-18T13:16:28.611+0530] {dagbag.py:545} INFO - Filling up the DagBag from /home/kiit/airflow-env/lib/python3.8/site-packages/airflow/example_dags/example_bash_decorator.py
[2024-06-18T13:16:28.624+0530] {processor.py:840} INFO - DAG(s) 'example_bash_decorator' retrieved from /home/kiit/airflow-env/lib/python3.8/site-packages/airflow/example_dags/example_bash_decorator.py
[2024-06-18T13:16:28.639+0530] {logging_mixin.py:188} INFO - [2024-06-18T13:16:28.639+0530] {dag.py:3096} INFO - Sync 1 DAGs
[2024-06-18T13:16:28.651+0530] {logging_mixin.py:188} INFO - [2024-06-18T13:16:28.650+0530] {dag.py:3954} INFO - Setting next_dagrun for example_bash_decorator to None, run_after=None
[2024-06-18T13:16:28.672+0530] {processor.py:183} INFO - Processing /home/kiit/airflow-env/lib/python3.8/site-packages/airflow/example_dags/example_bash_decorator.py took 0.069 seconds
[2024-06-18T13:17:07.239+0530] {processor.py:161} INFO - Started process (PID=26155) to work on /home/kiit/airflow-env/lib/python3.8/site-packages/airflow/example_dags/example_bash_decorator.py
[2024-06-18T13:17:07.240+0530] {processor.py:830} INFO - Processing file /home/kiit/airflow-env/lib/python3.8/site-packages/airflow/example_dags/example_bash_decorator.py for tasks to queue
[2024-06-18T13:17:07.242+0530] {logging_mixin.py:188} INFO - [2024-06-18T13:17:07.242+0530] {dagbag.py:545} INFO - Filling up the DagBag from /home/kiit/airflow-env/lib/python3.8/site-packages/airflow/example_dags/example_bash_decorator.py
[2024-06-18T13:17:07.254+0530] {processor.py:840} INFO - DAG(s) 'example_bash_decorator' retrieved from /home/kiit/airflow-env/lib/python3.8/site-packages/airflow/example_dags/example_bash_decorator.py
[2024-06-18T13:17:07.268+0530] {logging_mixin.py:188} INFO - [2024-06-18T13:17:07.268+0530] {dag.py:3096} INFO - Sync 1 DAGs
[2024-06-18T13:17:07.276+0530] {logging_mixin.py:188} INFO - [2024-06-18T13:17:07.276+0530] {dag.py:3954} INFO - Setting next_dagrun for example_bash_decorator to None, run_after=None
[2024-06-18T13:17:07.293+0530] {processor.py:183} INFO - Processing /home/kiit/airflow-env/lib/python3.8/site-packages/airflow/example_dags/example_bash_decorator.py took 0.058 seconds
[2024-06-18T13:17:48.812+0530] {processor.py:161} INFO - Started process (PID=26204) to work on /home/kiit/airflow-env/lib/python3.8/site-packages/airflow/example_dags/example_bash_decorator.py
[2024-06-18T13:17:48.814+0530] {processor.py:830} INFO - Processing file /home/kiit/airflow-env/lib/python3.8/site-packages/airflow/example_dags/example_bash_decorator.py for tasks to queue
[2024-06-18T13:17:48.815+0530] {logging_mixin.py:188} INFO - [2024-06-18T13:17:48.814+0530] {dagbag.py:545} INFO - Filling up the DagBag from /home/kiit/airflow-env/lib/python3.8/site-packages/airflow/example_dags/example_bash_decorator.py
[2024-06-18T13:17:48.824+0530] {processor.py:840} INFO - DAG(s) 'example_bash_decorator' retrieved from /home/kiit/airflow-env/lib/python3.8/site-packages/airflow/example_dags/example_bash_decorator.py
[2024-06-18T13:17:48.838+0530] {logging_mixin.py:188} INFO - [2024-06-18T13:17:48.838+0530] {dag.py:3096} INFO - Sync 1 DAGs
[2024-06-18T13:17:48.847+0530] {logging_mixin.py:188} INFO - [2024-06-18T13:17:48.846+0530] {dag.py:3954} INFO - Setting next_dagrun for example_bash_decorator to None, run_after=None
[2024-06-18T13:17:48.865+0530] {processor.py:183} INFO - Processing /home/kiit/airflow-env/lib/python3.8/site-packages/airflow/example_dags/example_bash_decorator.py took 0.059 seconds
[2024-06-18T13:18:30.523+0530] {processor.py:161} INFO - Started process (PID=26253) to work on /home/kiit/airflow-env/lib/python3.8/site-packages/airflow/example_dags/example_bash_decorator.py
[2024-06-18T13:18:30.523+0530] {processor.py:830} INFO - Processing file /home/kiit/airflow-env/lib/python3.8/site-packages/airflow/example_dags/example_bash_decorator.py for tasks to queue
[2024-06-18T13:18:30.525+0530] {logging_mixin.py:188} INFO - [2024-06-18T13:18:30.524+0530] {dagbag.py:545} INFO - Filling up the DagBag from /home/kiit/airflow-env/lib/python3.8/site-packages/airflow/example_dags/example_bash_decorator.py
[2024-06-18T13:18:30.535+0530] {processor.py:840} INFO - DAG(s) 'example_bash_decorator' retrieved from /home/kiit/airflow-env/lib/python3.8/site-packages/airflow/example_dags/example_bash_decorator.py
[2024-06-18T13:18:30.550+0530] {logging_mixin.py:188} INFO - [2024-06-18T13:18:30.549+0530] {dag.py:3096} INFO - Sync 1 DAGs
[2024-06-18T13:18:30.559+0530] {logging_mixin.py:188} INFO - [2024-06-18T13:18:30.559+0530] {dag.py:3954} INFO - Setting next_dagrun for example_bash_decorator to None, run_after=None
[2024-06-18T13:18:30.580+0530] {processor.py:183} INFO - Processing /home/kiit/airflow-env/lib/python3.8/site-packages/airflow/example_dags/example_bash_decorator.py took 0.063 seconds
[2024-06-18T13:19:13.055+0530] {processor.py:161} INFO - Started process (PID=26304) to work on /home/kiit/airflow-env/lib/python3.8/site-packages/airflow/example_dags/example_bash_decorator.py
[2024-06-18T13:19:13.056+0530] {processor.py:830} INFO - Processing file /home/kiit/airflow-env/lib/python3.8/site-packages/airflow/example_dags/example_bash_decorator.py for tasks to queue
[2024-06-18T13:19:13.058+0530] {logging_mixin.py:188} INFO - [2024-06-18T13:19:13.058+0530] {dagbag.py:545} INFO - Filling up the DagBag from /home/kiit/airflow-env/lib/python3.8/site-packages/airflow/example_dags/example_bash_decorator.py
[2024-06-18T13:19:13.068+0530] {processor.py:840} INFO - DAG(s) 'example_bash_decorator' retrieved from /home/kiit/airflow-env/lib/python3.8/site-packages/airflow/example_dags/example_bash_decorator.py
[2024-06-18T13:19:13.081+0530] {logging_mixin.py:188} INFO - [2024-06-18T13:19:13.081+0530] {dag.py:3096} INFO - Sync 1 DAGs
[2024-06-18T13:19:13.089+0530] {logging_mixin.py:188} INFO - [2024-06-18T13:19:13.088+0530] {dag.py:3954} INFO - Setting next_dagrun for example_bash_decorator to None, run_after=None
[2024-06-18T13:19:13.106+0530] {processor.py:183} INFO - Processing /home/kiit/airflow-env/lib/python3.8/site-packages/airflow/example_dags/example_bash_decorator.py took 0.055 seconds
[2024-06-18T13:19:52.369+0530] {processor.py:161} INFO - Started process (PID=26351) to work on /home/kiit/airflow-env/lib/python3.8/site-packages/airflow/example_dags/example_bash_decorator.py
[2024-06-18T13:19:52.370+0530] {processor.py:830} INFO - Processing file /home/kiit/airflow-env/lib/python3.8/site-packages/airflow/example_dags/example_bash_decorator.py for tasks to queue
[2024-06-18T13:19:52.371+0530] {logging_mixin.py:188} INFO - [2024-06-18T13:19:52.371+0530] {dagbag.py:545} INFO - Filling up the DagBag from /home/kiit/airflow-env/lib/python3.8/site-packages/airflow/example_dags/example_bash_decorator.py
[2024-06-18T13:19:52.380+0530] {processor.py:840} INFO - DAG(s) 'example_bash_decorator' retrieved from /home/kiit/airflow-env/lib/python3.8/site-packages/airflow/example_dags/example_bash_decorator.py
[2024-06-18T13:19:52.396+0530] {logging_mixin.py:188} INFO - [2024-06-18T13:19:52.396+0530] {dag.py:3096} INFO - Sync 1 DAGs
[2024-06-18T13:19:52.406+0530] {logging_mixin.py:188} INFO - [2024-06-18T13:19:52.405+0530] {dag.py:3954} INFO - Setting next_dagrun for example_bash_decorator to None, run_after=None
[2024-06-18T13:19:52.427+0530] {processor.py:183} INFO - Processing /home/kiit/airflow-env/lib/python3.8/site-packages/airflow/example_dags/example_bash_decorator.py took 0.063 seconds
[2024-06-18T13:20:29.077+0530] {processor.py:161} INFO - Started process (PID=26397) to work on /home/kiit/airflow-env/lib/python3.8/site-packages/airflow/example_dags/example_bash_decorator.py
[2024-06-18T13:20:29.078+0530] {processor.py:830} INFO - Processing file /home/kiit/airflow-env/lib/python3.8/site-packages/airflow/example_dags/example_bash_decorator.py for tasks to queue
[2024-06-18T13:20:29.079+0530] {logging_mixin.py:188} INFO - [2024-06-18T13:20:29.079+0530] {dagbag.py:545} INFO - Filling up the DagBag from /home/kiit/airflow-env/lib/python3.8/site-packages/airflow/example_dags/example_bash_decorator.py
[2024-06-18T13:20:29.089+0530] {processor.py:840} INFO - DAG(s) 'example_bash_decorator' retrieved from /home/kiit/airflow-env/lib/python3.8/site-packages/airflow/example_dags/example_bash_decorator.py
[2024-06-18T13:20:29.105+0530] {logging_mixin.py:188} INFO - [2024-06-18T13:20:29.105+0530] {dag.py:3096} INFO - Sync 1 DAGs
[2024-06-18T13:20:29.117+0530] {logging_mixin.py:188} INFO - [2024-06-18T13:20:29.116+0530] {dag.py:3954} INFO - Setting next_dagrun for example_bash_decorator to None, run_after=None
[2024-06-18T13:20:29.135+0530] {processor.py:183} INFO - Processing /home/kiit/airflow-env/lib/python3.8/site-packages/airflow/example_dags/example_bash_decorator.py took 0.063 seconds
[2024-06-18T13:21:08.774+0530] {processor.py:161} INFO - Started process (PID=26445) to work on /home/kiit/airflow-env/lib/python3.8/site-packages/airflow/example_dags/example_bash_decorator.py
[2024-06-18T13:21:08.775+0530] {processor.py:830} INFO - Processing file /home/kiit/airflow-env/lib/python3.8/site-packages/airflow/example_dags/example_bash_decorator.py for tasks to queue
[2024-06-18T13:21:08.777+0530] {logging_mixin.py:188} INFO - [2024-06-18T13:21:08.776+0530] {dagbag.py:545} INFO - Filling up the DagBag from /home/kiit/airflow-env/lib/python3.8/site-packages/airflow/example_dags/example_bash_decorator.py
[2024-06-18T13:21:08.789+0530] {processor.py:840} INFO - DAG(s) 'example_bash_decorator' retrieved from /home/kiit/airflow-env/lib/python3.8/site-packages/airflow/example_dags/example_bash_decorator.py
[2024-06-18T13:21:08.807+0530] {logging_mixin.py:188} INFO - [2024-06-18T13:21:08.807+0530] {dag.py:3096} INFO - Sync 1 DAGs
[2024-06-18T13:21:08.817+0530] {logging_mixin.py:188} INFO - [2024-06-18T13:21:08.817+0530] {dag.py:3954} INFO - Setting next_dagrun for example_bash_decorator to None, run_after=None
[2024-06-18T13:21:08.836+0530] {processor.py:183} INFO - Processing /home/kiit/airflow-env/lib/python3.8/site-packages/airflow/example_dags/example_bash_decorator.py took 0.067 seconds
[2024-06-18T13:21:46.765+0530] {processor.py:161} INFO - Started process (PID=26492) to work on /home/kiit/airflow-env/lib/python3.8/site-packages/airflow/example_dags/example_bash_decorator.py
[2024-06-18T13:21:46.766+0530] {processor.py:830} INFO - Processing file /home/kiit/airflow-env/lib/python3.8/site-packages/airflow/example_dags/example_bash_decorator.py for tasks to queue
[2024-06-18T13:21:46.767+0530] {logging_mixin.py:188} INFO - [2024-06-18T13:21:46.767+0530] {dagbag.py:545} INFO - Filling up the DagBag from /home/kiit/airflow-env/lib/python3.8/site-packages/airflow/example_dags/example_bash_decorator.py
[2024-06-18T13:21:46.779+0530] {processor.py:840} INFO - DAG(s) 'example_bash_decorator' retrieved from /home/kiit/airflow-env/lib/python3.8/site-packages/airflow/example_dags/example_bash_decorator.py
[2024-06-18T13:21:46.795+0530] {logging_mixin.py:188} INFO - [2024-06-18T13:21:46.795+0530] {dag.py:3096} INFO - Sync 1 DAGs
[2024-06-18T13:21:46.805+0530] {logging_mixin.py:188} INFO - [2024-06-18T13:21:46.805+0530] {dag.py:3954} INFO - Setting next_dagrun for example_bash_decorator to None, run_after=None
[2024-06-18T13:21:46.822+0530] {processor.py:183} INFO - Processing /home/kiit/airflow-env/lib/python3.8/site-packages/airflow/example_dags/example_bash_decorator.py took 0.064 seconds
[2024-06-18T13:22:25.505+0530] {processor.py:161} INFO - Started process (PID=26538) to work on /home/kiit/airflow-env/lib/python3.8/site-packages/airflow/example_dags/example_bash_decorator.py
[2024-06-18T13:22:25.506+0530] {processor.py:830} INFO - Processing file /home/kiit/airflow-env/lib/python3.8/site-packages/airflow/example_dags/example_bash_decorator.py for tasks to queue
[2024-06-18T13:22:25.507+0530] {logging_mixin.py:188} INFO - [2024-06-18T13:22:25.507+0530] {dagbag.py:545} INFO - Filling up the DagBag from /home/kiit/airflow-env/lib/python3.8/site-packages/airflow/example_dags/example_bash_decorator.py
[2024-06-18T13:22:25.517+0530] {processor.py:840} INFO - DAG(s) 'example_bash_decorator' retrieved from /home/kiit/airflow-env/lib/python3.8/site-packages/airflow/example_dags/example_bash_decorator.py
[2024-06-18T13:22:25.530+0530] {logging_mixin.py:188} INFO - [2024-06-18T13:22:25.530+0530] {dag.py:3096} INFO - Sync 1 DAGs
[2024-06-18T13:22:25.539+0530] {logging_mixin.py:188} INFO - [2024-06-18T13:22:25.538+0530] {dag.py:3954} INFO - Setting next_dagrun for example_bash_decorator to None, run_after=None
[2024-06-18T13:22:25.556+0530] {processor.py:183} INFO - Processing /home/kiit/airflow-env/lib/python3.8/site-packages/airflow/example_dags/example_bash_decorator.py took 0.057 seconds
[2024-06-18T13:23:02.202+0530] {processor.py:161} INFO - Started process (PID=26585) to work on /home/kiit/airflow-env/lib/python3.8/site-packages/airflow/example_dags/example_bash_decorator.py
[2024-06-18T13:23:02.203+0530] {processor.py:830} INFO - Processing file /home/kiit/airflow-env/lib/python3.8/site-packages/airflow/example_dags/example_bash_decorator.py for tasks to queue
[2024-06-18T13:23:02.204+0530] {logging_mixin.py:188} INFO - [2024-06-18T13:23:02.204+0530] {dagbag.py:545} INFO - Filling up the DagBag from /home/kiit/airflow-env/lib/python3.8/site-packages/airflow/example_dags/example_bash_decorator.py
[2024-06-18T13:23:02.217+0530] {processor.py:840} INFO - DAG(s) 'example_bash_decorator' retrieved from /home/kiit/airflow-env/lib/python3.8/site-packages/airflow/example_dags/example_bash_decorator.py
[2024-06-18T13:23:02.233+0530] {logging_mixin.py:188} INFO - [2024-06-18T13:23:02.233+0530] {dag.py:3096} INFO - Sync 1 DAGs
[2024-06-18T13:23:02.244+0530] {logging_mixin.py:188} INFO - [2024-06-18T13:23:02.243+0530] {dag.py:3954} INFO - Setting next_dagrun for example_bash_decorator to None, run_after=None
[2024-06-18T13:23:02.266+0530] {processor.py:183} INFO - Processing /home/kiit/airflow-env/lib/python3.8/site-packages/airflow/example_dags/example_bash_decorator.py took 0.069 seconds
[2024-06-18T13:23:40.041+0530] {processor.py:161} INFO - Started process (PID=26632) to work on /home/kiit/airflow-env/lib/python3.8/site-packages/airflow/example_dags/example_bash_decorator.py
[2024-06-18T13:23:40.048+0530] {processor.py:830} INFO - Processing file /home/kiit/airflow-env/lib/python3.8/site-packages/airflow/example_dags/example_bash_decorator.py for tasks to queue
[2024-06-18T13:23:40.049+0530] {logging_mixin.py:188} INFO - [2024-06-18T13:23:40.049+0530] {dagbag.py:545} INFO - Filling up the DagBag from /home/kiit/airflow-env/lib/python3.8/site-packages/airflow/example_dags/example_bash_decorator.py
[2024-06-18T13:23:40.057+0530] {processor.py:840} INFO - DAG(s) 'example_bash_decorator' retrieved from /home/kiit/airflow-env/lib/python3.8/site-packages/airflow/example_dags/example_bash_decorator.py
[2024-06-18T13:23:40.069+0530] {logging_mixin.py:188} INFO - [2024-06-18T13:23:40.069+0530] {dag.py:3096} INFO - Sync 1 DAGs
[2024-06-18T13:23:40.076+0530] {logging_mixin.py:188} INFO - [2024-06-18T13:23:40.076+0530] {dag.py:3954} INFO - Setting next_dagrun for example_bash_decorator to None, run_after=None
[2024-06-18T13:23:40.092+0530] {processor.py:183} INFO - Processing /home/kiit/airflow-env/lib/python3.8/site-packages/airflow/example_dags/example_bash_decorator.py took 0.056 seconds
[2024-06-18T13:24:20.261+0530] {processor.py:161} INFO - Started process (PID=26679) to work on /home/kiit/airflow-env/lib/python3.8/site-packages/airflow/example_dags/example_bash_decorator.py
[2024-06-18T13:24:20.262+0530] {processor.py:830} INFO - Processing file /home/kiit/airflow-env/lib/python3.8/site-packages/airflow/example_dags/example_bash_decorator.py for tasks to queue
[2024-06-18T13:24:20.263+0530] {logging_mixin.py:188} INFO - [2024-06-18T13:24:20.263+0530] {dagbag.py:545} INFO - Filling up the DagBag from /home/kiit/airflow-env/lib/python3.8/site-packages/airflow/example_dags/example_bash_decorator.py
[2024-06-18T13:24:20.272+0530] {processor.py:840} INFO - DAG(s) 'example_bash_decorator' retrieved from /home/kiit/airflow-env/lib/python3.8/site-packages/airflow/example_dags/example_bash_decorator.py
[2024-06-18T13:24:20.283+0530] {logging_mixin.py:188} INFO - [2024-06-18T13:24:20.283+0530] {dag.py:3096} INFO - Sync 1 DAGs
[2024-06-18T13:24:20.290+0530] {logging_mixin.py:188} INFO - [2024-06-18T13:24:20.290+0530] {dag.py:3954} INFO - Setting next_dagrun for example_bash_decorator to None, run_after=None
[2024-06-18T13:24:20.309+0530] {processor.py:183} INFO - Processing /home/kiit/airflow-env/lib/python3.8/site-packages/airflow/example_dags/example_bash_decorator.py took 0.053 seconds
[2024-06-18T13:25:00.911+0530] {processor.py:161} INFO - Started process (PID=26732) to work on /home/kiit/airflow-env/lib/python3.8/site-packages/airflow/example_dags/example_bash_decorator.py
[2024-06-18T13:25:00.913+0530] {processor.py:830} INFO - Processing file /home/kiit/airflow-env/lib/python3.8/site-packages/airflow/example_dags/example_bash_decorator.py for tasks to queue
[2024-06-18T13:25:00.915+0530] {logging_mixin.py:188} INFO - [2024-06-18T13:25:00.914+0530] {dagbag.py:545} INFO - Filling up the DagBag from /home/kiit/airflow-env/lib/python3.8/site-packages/airflow/example_dags/example_bash_decorator.py
[2024-06-18T13:25:00.932+0530] {processor.py:840} INFO - DAG(s) 'example_bash_decorator' retrieved from /home/kiit/airflow-env/lib/python3.8/site-packages/airflow/example_dags/example_bash_decorator.py
[2024-06-18T13:25:00.957+0530] {logging_mixin.py:188} INFO - [2024-06-18T13:25:00.957+0530] {dag.py:3096} INFO - Sync 1 DAGs
[2024-06-18T13:25:00.971+0530] {logging_mixin.py:188} INFO - [2024-06-18T13:25:00.970+0530] {dag.py:3954} INFO - Setting next_dagrun for example_bash_decorator to None, run_after=None
[2024-06-18T13:25:00.997+0530] {processor.py:183} INFO - Processing /home/kiit/airflow-env/lib/python3.8/site-packages/airflow/example_dags/example_bash_decorator.py took 0.093 seconds
[2024-06-18T13:25:56.341+0530] {processor.py:161} INFO - Started process (PID=26798) to work on /home/kiit/airflow-env/lib/python3.8/site-packages/airflow/example_dags/example_bash_decorator.py
[2024-06-18T13:25:56.343+0530] {processor.py:830} INFO - Processing file /home/kiit/airflow-env/lib/python3.8/site-packages/airflow/example_dags/example_bash_decorator.py for tasks to queue
[2024-06-18T13:25:56.344+0530] {logging_mixin.py:188} INFO - [2024-06-18T13:25:56.344+0530] {dagbag.py:545} INFO - Filling up the DagBag from /home/kiit/airflow-env/lib/python3.8/site-packages/airflow/example_dags/example_bash_decorator.py
[2024-06-18T13:25:56.357+0530] {processor.py:840} INFO - DAG(s) 'example_bash_decorator' retrieved from /home/kiit/airflow-env/lib/python3.8/site-packages/airflow/example_dags/example_bash_decorator.py
[2024-06-18T13:25:56.376+0530] {logging_mixin.py:188} INFO - [2024-06-18T13:25:56.376+0530] {dag.py:3096} INFO - Sync 1 DAGs
[2024-06-18T13:25:56.387+0530] {logging_mixin.py:188} INFO - [2024-06-18T13:25:56.387+0530] {dag.py:3954} INFO - Setting next_dagrun for example_bash_decorator to None, run_after=None
[2024-06-18T13:25:56.413+0530] {processor.py:183} INFO - Processing /home/kiit/airflow-env/lib/python3.8/site-packages/airflow/example_dags/example_bash_decorator.py took 0.078 seconds
[2024-06-18T13:26:36.829+0530] {processor.py:161} INFO - Started process (PID=26846) to work on /home/kiit/airflow-env/lib/python3.8/site-packages/airflow/example_dags/example_bash_decorator.py
[2024-06-18T13:26:36.831+0530] {processor.py:830} INFO - Processing file /home/kiit/airflow-env/lib/python3.8/site-packages/airflow/example_dags/example_bash_decorator.py for tasks to queue
[2024-06-18T13:26:36.833+0530] {logging_mixin.py:188} INFO - [2024-06-18T13:26:36.832+0530] {dagbag.py:545} INFO - Filling up the DagBag from /home/kiit/airflow-env/lib/python3.8/site-packages/airflow/example_dags/example_bash_decorator.py
[2024-06-18T13:26:36.846+0530] {processor.py:840} INFO - DAG(s) 'example_bash_decorator' retrieved from /home/kiit/airflow-env/lib/python3.8/site-packages/airflow/example_dags/example_bash_decorator.py
[2024-06-18T13:26:36.865+0530] {logging_mixin.py:188} INFO - [2024-06-18T13:26:36.865+0530] {dag.py:3096} INFO - Sync 1 DAGs
[2024-06-18T13:26:36.878+0530] {logging_mixin.py:188} INFO - [2024-06-18T13:26:36.877+0530] {dag.py:3954} INFO - Setting next_dagrun for example_bash_decorator to None, run_after=None
[2024-06-18T13:26:36.903+0530] {processor.py:183} INFO - Processing /home/kiit/airflow-env/lib/python3.8/site-packages/airflow/example_dags/example_bash_decorator.py took 0.080 seconds
[2024-06-18T13:27:29.138+0530] {processor.py:161} INFO - Started process (PID=26900) to work on /home/kiit/airflow-env/lib/python3.8/site-packages/airflow/example_dags/example_bash_decorator.py
[2024-06-18T13:27:29.139+0530] {processor.py:830} INFO - Processing file /home/kiit/airflow-env/lib/python3.8/site-packages/airflow/example_dags/example_bash_decorator.py for tasks to queue
[2024-06-18T13:27:29.141+0530] {logging_mixin.py:188} INFO - [2024-06-18T13:27:29.141+0530] {dagbag.py:545} INFO - Filling up the DagBag from /home/kiit/airflow-env/lib/python3.8/site-packages/airflow/example_dags/example_bash_decorator.py
[2024-06-18T13:27:29.153+0530] {processor.py:840} INFO - DAG(s) 'example_bash_decorator' retrieved from /home/kiit/airflow-env/lib/python3.8/site-packages/airflow/example_dags/example_bash_decorator.py
[2024-06-18T13:27:29.167+0530] {logging_mixin.py:188} INFO - [2024-06-18T13:27:29.167+0530] {dag.py:3096} INFO - Sync 1 DAGs
[2024-06-18T13:27:29.174+0530] {logging_mixin.py:188} INFO - [2024-06-18T13:27:29.174+0530] {dag.py:3954} INFO - Setting next_dagrun for example_bash_decorator to None, run_after=None
[2024-06-18T13:27:29.194+0530] {processor.py:183} INFO - Processing /home/kiit/airflow-env/lib/python3.8/site-packages/airflow/example_dags/example_bash_decorator.py took 0.060 seconds
[2024-06-18T13:28:26.534+0530] {processor.py:161} INFO - Started process (PID=26950) to work on /home/kiit/airflow-env/lib/python3.8/site-packages/airflow/example_dags/example_bash_decorator.py
[2024-06-18T13:28:26.536+0530] {processor.py:830} INFO - Processing file /home/kiit/airflow-env/lib/python3.8/site-packages/airflow/example_dags/example_bash_decorator.py for tasks to queue
[2024-06-18T13:28:26.538+0530] {logging_mixin.py:188} INFO - [2024-06-18T13:28:26.537+0530] {dagbag.py:545} INFO - Filling up the DagBag from /home/kiit/airflow-env/lib/python3.8/site-packages/airflow/example_dags/example_bash_decorator.py
[2024-06-18T13:28:26.556+0530] {processor.py:840} INFO - DAG(s) 'example_bash_decorator' retrieved from /home/kiit/airflow-env/lib/python3.8/site-packages/airflow/example_dags/example_bash_decorator.py
[2024-06-18T13:28:26.585+0530] {logging_mixin.py:188} INFO - [2024-06-18T13:28:26.585+0530] {dag.py:3096} INFO - Sync 1 DAGs
[2024-06-18T13:28:26.608+0530] {logging_mixin.py:188} INFO - [2024-06-18T13:28:26.607+0530] {dag.py:3954} INFO - Setting next_dagrun for example_bash_decorator to None, run_after=None
[2024-06-18T13:28:26.635+0530] {processor.py:183} INFO - Processing /home/kiit/airflow-env/lib/python3.8/site-packages/airflow/example_dags/example_bash_decorator.py took 0.112 seconds
[2024-06-18T13:29:19.414+0530] {processor.py:161} INFO - Started process (PID=26994) to work on /home/kiit/airflow-env/lib/python3.8/site-packages/airflow/example_dags/example_bash_decorator.py
[2024-06-18T13:29:19.417+0530] {processor.py:830} INFO - Processing file /home/kiit/airflow-env/lib/python3.8/site-packages/airflow/example_dags/example_bash_decorator.py for tasks to queue
[2024-06-18T13:29:19.421+0530] {logging_mixin.py:188} INFO - [2024-06-18T13:29:19.420+0530] {dagbag.py:545} INFO - Filling up the DagBag from /home/kiit/airflow-env/lib/python3.8/site-packages/airflow/example_dags/example_bash_decorator.py
[2024-06-18T13:29:19.451+0530] {processor.py:840} INFO - DAG(s) 'example_bash_decorator' retrieved from /home/kiit/airflow-env/lib/python3.8/site-packages/airflow/example_dags/example_bash_decorator.py
[2024-06-18T13:29:19.489+0530] {logging_mixin.py:188} INFO - [2024-06-18T13:29:19.488+0530] {dag.py:3096} INFO - Sync 1 DAGs
[2024-06-18T13:29:19.510+0530] {logging_mixin.py:188} INFO - [2024-06-18T13:29:19.509+0530] {dag.py:3954} INFO - Setting next_dagrun for example_bash_decorator to None, run_after=None
[2024-06-18T13:29:19.542+0530] {processor.py:183} INFO - Processing /home/kiit/airflow-env/lib/python3.8/site-packages/airflow/example_dags/example_bash_decorator.py took 0.137 seconds
[2024-06-18T13:30:14.116+0530] {processor.py:161} INFO - Started process (PID=27068) to work on /home/kiit/airflow-env/lib/python3.8/site-packages/airflow/example_dags/example_bash_decorator.py
[2024-06-18T13:30:14.118+0530] {processor.py:830} INFO - Processing file /home/kiit/airflow-env/lib/python3.8/site-packages/airflow/example_dags/example_bash_decorator.py for tasks to queue
[2024-06-18T13:30:14.119+0530] {logging_mixin.py:188} INFO - [2024-06-18T13:30:14.119+0530] {dagbag.py:545} INFO - Filling up the DagBag from /home/kiit/airflow-env/lib/python3.8/site-packages/airflow/example_dags/example_bash_decorator.py
[2024-06-18T13:30:14.131+0530] {processor.py:840} INFO - DAG(s) 'example_bash_decorator' retrieved from /home/kiit/airflow-env/lib/python3.8/site-packages/airflow/example_dags/example_bash_decorator.py
[2024-06-18T13:30:14.150+0530] {logging_mixin.py:188} INFO - [2024-06-18T13:30:14.149+0530] {dag.py:3096} INFO - Sync 1 DAGs
[2024-06-18T13:30:14.161+0530] {logging_mixin.py:188} INFO - [2024-06-18T13:30:14.160+0530] {dag.py:3954} INFO - Setting next_dagrun for example_bash_decorator to None, run_after=None
[2024-06-18T13:30:14.179+0530] {processor.py:183} INFO - Processing /home/kiit/airflow-env/lib/python3.8/site-packages/airflow/example_dags/example_bash_decorator.py took 0.070 seconds
[2024-06-18T13:31:03.791+0530] {processor.py:161} INFO - Started process (PID=27129) to work on /home/kiit/airflow-env/lib/python3.8/site-packages/airflow/example_dags/example_bash_decorator.py
[2024-06-18T13:31:03.795+0530] {processor.py:830} INFO - Processing file /home/kiit/airflow-env/lib/python3.8/site-packages/airflow/example_dags/example_bash_decorator.py for tasks to queue
[2024-06-18T13:31:03.800+0530] {logging_mixin.py:188} INFO - [2024-06-18T13:31:03.799+0530] {dagbag.py:545} INFO - Filling up the DagBag from /home/kiit/airflow-env/lib/python3.8/site-packages/airflow/example_dags/example_bash_decorator.py
[2024-06-18T13:31:03.849+0530] {processor.py:840} INFO - DAG(s) 'example_bash_decorator' retrieved from /home/kiit/airflow-env/lib/python3.8/site-packages/airflow/example_dags/example_bash_decorator.py
[2024-06-18T13:31:03.916+0530] {logging_mixin.py:188} INFO - [2024-06-18T13:31:03.915+0530] {dag.py:3096} INFO - Sync 1 DAGs
[2024-06-18T13:31:03.958+0530] {logging_mixin.py:188} INFO - [2024-06-18T13:31:03.957+0530] {dag.py:3954} INFO - Setting next_dagrun for example_bash_decorator to None, run_after=None
[2024-06-18T13:31:04.040+0530] {processor.py:183} INFO - Processing /home/kiit/airflow-env/lib/python3.8/site-packages/airflow/example_dags/example_bash_decorator.py took 0.276 seconds
[2024-06-18T13:32:00.131+0530] {processor.py:161} INFO - Started process (PID=27507) to work on /home/kiit/airflow-env/lib/python3.8/site-packages/airflow/example_dags/example_bash_decorator.py
[2024-06-18T13:32:00.137+0530] {processor.py:830} INFO - Processing file /home/kiit/airflow-env/lib/python3.8/site-packages/airflow/example_dags/example_bash_decorator.py for tasks to queue
[2024-06-18T13:32:00.141+0530] {logging_mixin.py:188} INFO - [2024-06-18T13:32:00.141+0530] {dagbag.py:545} INFO - Filling up the DagBag from /home/kiit/airflow-env/lib/python3.8/site-packages/airflow/example_dags/example_bash_decorator.py
[2024-06-18T13:32:00.167+0530] {processor.py:840} INFO - DAG(s) 'example_bash_decorator' retrieved from /home/kiit/airflow-env/lib/python3.8/site-packages/airflow/example_dags/example_bash_decorator.py
[2024-06-18T13:32:00.224+0530] {logging_mixin.py:188} INFO - [2024-06-18T13:32:00.224+0530] {dag.py:3096} INFO - Sync 1 DAGs
[2024-06-18T13:32:00.240+0530] {logging_mixin.py:188} INFO - [2024-06-18T13:32:00.239+0530] {dag.py:3954} INFO - Setting next_dagrun for example_bash_decorator to None, run_after=None
[2024-06-18T13:32:00.279+0530] {processor.py:183} INFO - Processing /home/kiit/airflow-env/lib/python3.8/site-packages/airflow/example_dags/example_bash_decorator.py took 0.156 seconds
[2024-06-18T13:32:41.780+0530] {processor.py:161} INFO - Started process (PID=28143) to work on /home/kiit/airflow-env/lib/python3.8/site-packages/airflow/example_dags/example_bash_decorator.py
[2024-06-18T13:32:41.782+0530] {processor.py:830} INFO - Processing file /home/kiit/airflow-env/lib/python3.8/site-packages/airflow/example_dags/example_bash_decorator.py for tasks to queue
[2024-06-18T13:32:41.783+0530] {logging_mixin.py:188} INFO - [2024-06-18T13:32:41.783+0530] {dagbag.py:545} INFO - Filling up the DagBag from /home/kiit/airflow-env/lib/python3.8/site-packages/airflow/example_dags/example_bash_decorator.py
[2024-06-18T13:32:41.794+0530] {processor.py:840} INFO - DAG(s) 'example_bash_decorator' retrieved from /home/kiit/airflow-env/lib/python3.8/site-packages/airflow/example_dags/example_bash_decorator.py
[2024-06-18T13:32:41.813+0530] {logging_mixin.py:188} INFO - [2024-06-18T13:32:41.813+0530] {dag.py:3096} INFO - Sync 1 DAGs
[2024-06-18T13:32:41.823+0530] {logging_mixin.py:188} INFO - [2024-06-18T13:32:41.823+0530] {dag.py:3954} INFO - Setting next_dagrun for example_bash_decorator to None, run_after=None
[2024-06-18T13:32:41.843+0530] {processor.py:183} INFO - Processing /home/kiit/airflow-env/lib/python3.8/site-packages/airflow/example_dags/example_bash_decorator.py took 0.072 seconds
[2024-06-18T13:33:22.141+0530] {processor.py:161} INFO - Started process (PID=28719) to work on /home/kiit/airflow-env/lib/python3.8/site-packages/airflow/example_dags/example_bash_decorator.py
[2024-06-18T13:33:22.142+0530] {processor.py:830} INFO - Processing file /home/kiit/airflow-env/lib/python3.8/site-packages/airflow/example_dags/example_bash_decorator.py for tasks to queue
[2024-06-18T13:33:22.143+0530] {logging_mixin.py:188} INFO - [2024-06-18T13:33:22.143+0530] {dagbag.py:545} INFO - Filling up the DagBag from /home/kiit/airflow-env/lib/python3.8/site-packages/airflow/example_dags/example_bash_decorator.py
[2024-06-18T13:33:22.155+0530] {processor.py:840} INFO - DAG(s) 'example_bash_decorator' retrieved from /home/kiit/airflow-env/lib/python3.8/site-packages/airflow/example_dags/example_bash_decorator.py
[2024-06-18T13:33:22.172+0530] {logging_mixin.py:188} INFO - [2024-06-18T13:33:22.172+0530] {dag.py:3096} INFO - Sync 1 DAGs
[2024-06-18T13:33:22.181+0530] {logging_mixin.py:188} INFO - [2024-06-18T13:33:22.181+0530] {dag.py:3954} INFO - Setting next_dagrun for example_bash_decorator to None, run_after=None
[2024-06-18T13:33:22.204+0530] {processor.py:183} INFO - Processing /home/kiit/airflow-env/lib/python3.8/site-packages/airflow/example_dags/example_bash_decorator.py took 0.069 seconds
[2024-06-18T13:34:04.581+0530] {processor.py:161} INFO - Started process (PID=30423) to work on /home/kiit/airflow-env/lib/python3.8/site-packages/airflow/example_dags/example_bash_decorator.py
[2024-06-18T13:34:04.582+0530] {processor.py:830} INFO - Processing file /home/kiit/airflow-env/lib/python3.8/site-packages/airflow/example_dags/example_bash_decorator.py for tasks to queue
[2024-06-18T13:34:04.584+0530] {logging_mixin.py:188} INFO - [2024-06-18T13:34:04.583+0530] {dagbag.py:545} INFO - Filling up the DagBag from /home/kiit/airflow-env/lib/python3.8/site-packages/airflow/example_dags/example_bash_decorator.py
[2024-06-18T13:34:04.593+0530] {processor.py:840} INFO - DAG(s) 'example_bash_decorator' retrieved from /home/kiit/airflow-env/lib/python3.8/site-packages/airflow/example_dags/example_bash_decorator.py
[2024-06-18T13:34:04.606+0530] {logging_mixin.py:188} INFO - [2024-06-18T13:34:04.606+0530] {dag.py:3096} INFO - Sync 1 DAGs
[2024-06-18T13:34:04.614+0530] {logging_mixin.py:188} INFO - [2024-06-18T13:34:04.614+0530] {dag.py:3954} INFO - Setting next_dagrun for example_bash_decorator to None, run_after=None
[2024-06-18T13:34:04.630+0530] {processor.py:183} INFO - Processing /home/kiit/airflow-env/lib/python3.8/site-packages/airflow/example_dags/example_bash_decorator.py took 0.057 seconds
[2024-06-18T13:34:44.547+0530] {processor.py:161} INFO - Started process (PID=30473) to work on /home/kiit/airflow-env/lib/python3.8/site-packages/airflow/example_dags/example_bash_decorator.py
[2024-06-18T13:34:44.554+0530] {processor.py:830} INFO - Processing file /home/kiit/airflow-env/lib/python3.8/site-packages/airflow/example_dags/example_bash_decorator.py for tasks to queue
[2024-06-18T13:34:44.556+0530] {logging_mixin.py:188} INFO - [2024-06-18T13:34:44.556+0530] {dagbag.py:545} INFO - Filling up the DagBag from /home/kiit/airflow-env/lib/python3.8/site-packages/airflow/example_dags/example_bash_decorator.py
[2024-06-18T13:34:44.565+0530] {processor.py:840} INFO - DAG(s) 'example_bash_decorator' retrieved from /home/kiit/airflow-env/lib/python3.8/site-packages/airflow/example_dags/example_bash_decorator.py
[2024-06-18T13:34:44.577+0530] {logging_mixin.py:188} INFO - [2024-06-18T13:34:44.577+0530] {dag.py:3096} INFO - Sync 1 DAGs
[2024-06-18T13:34:44.585+0530] {logging_mixin.py:188} INFO - [2024-06-18T13:34:44.585+0530] {dag.py:3954} INFO - Setting next_dagrun for example_bash_decorator to None, run_after=None
[2024-06-18T13:34:44.606+0530] {processor.py:183} INFO - Processing /home/kiit/airflow-env/lib/python3.8/site-packages/airflow/example_dags/example_bash_decorator.py took 0.065 seconds
[2024-06-18T13:35:24.689+0530] {processor.py:161} INFO - Started process (PID=30520) to work on /home/kiit/airflow-env/lib/python3.8/site-packages/airflow/example_dags/example_bash_decorator.py
[2024-06-18T13:35:24.690+0530] {processor.py:830} INFO - Processing file /home/kiit/airflow-env/lib/python3.8/site-packages/airflow/example_dags/example_bash_decorator.py for tasks to queue
[2024-06-18T13:35:24.691+0530] {logging_mixin.py:188} INFO - [2024-06-18T13:35:24.691+0530] {dagbag.py:545} INFO - Filling up the DagBag from /home/kiit/airflow-env/lib/python3.8/site-packages/airflow/example_dags/example_bash_decorator.py
[2024-06-18T13:35:24.705+0530] {processor.py:840} INFO - DAG(s) 'example_bash_decorator' retrieved from /home/kiit/airflow-env/lib/python3.8/site-packages/airflow/example_dags/example_bash_decorator.py
[2024-06-18T13:35:24.724+0530] {logging_mixin.py:188} INFO - [2024-06-18T13:35:24.724+0530] {dag.py:3096} INFO - Sync 1 DAGs
[2024-06-18T13:35:24.732+0530] {logging_mixin.py:188} INFO - [2024-06-18T13:35:24.732+0530] {dag.py:3954} INFO - Setting next_dagrun for example_bash_decorator to None, run_after=None
[2024-06-18T13:35:24.752+0530] {processor.py:183} INFO - Processing /home/kiit/airflow-env/lib/python3.8/site-packages/airflow/example_dags/example_bash_decorator.py took 0.067 seconds
[2024-06-18T13:36:08.115+0530] {processor.py:161} INFO - Started process (PID=30570) to work on /home/kiit/airflow-env/lib/python3.8/site-packages/airflow/example_dags/example_bash_decorator.py
[2024-06-18T13:36:08.116+0530] {processor.py:830} INFO - Processing file /home/kiit/airflow-env/lib/python3.8/site-packages/airflow/example_dags/example_bash_decorator.py for tasks to queue
[2024-06-18T13:36:08.118+0530] {logging_mixin.py:188} INFO - [2024-06-18T13:36:08.118+0530] {dagbag.py:545} INFO - Filling up the DagBag from /home/kiit/airflow-env/lib/python3.8/site-packages/airflow/example_dags/example_bash_decorator.py
[2024-06-18T13:36:08.128+0530] {processor.py:840} INFO - DAG(s) 'example_bash_decorator' retrieved from /home/kiit/airflow-env/lib/python3.8/site-packages/airflow/example_dags/example_bash_decorator.py
[2024-06-18T13:36:08.141+0530] {logging_mixin.py:188} INFO - [2024-06-18T13:36:08.141+0530] {dag.py:3096} INFO - Sync 1 DAGs
[2024-06-18T13:36:08.150+0530] {logging_mixin.py:188} INFO - [2024-06-18T13:36:08.149+0530] {dag.py:3954} INFO - Setting next_dagrun for example_bash_decorator to None, run_after=None
[2024-06-18T13:36:08.168+0530] {processor.py:183} INFO - Processing /home/kiit/airflow-env/lib/python3.8/site-packages/airflow/example_dags/example_bash_decorator.py took 0.058 seconds
[2024-06-18T13:36:51.251+0530] {processor.py:161} INFO - Started process (PID=30621) to work on /home/kiit/airflow-env/lib/python3.8/site-packages/airflow/example_dags/example_bash_decorator.py
[2024-06-18T13:36:51.258+0530] {processor.py:830} INFO - Processing file /home/kiit/airflow-env/lib/python3.8/site-packages/airflow/example_dags/example_bash_decorator.py for tasks to queue
[2024-06-18T13:36:51.260+0530] {logging_mixin.py:188} INFO - [2024-06-18T13:36:51.260+0530] {dagbag.py:545} INFO - Filling up the DagBag from /home/kiit/airflow-env/lib/python3.8/site-packages/airflow/example_dags/example_bash_decorator.py
[2024-06-18T13:36:51.273+0530] {processor.py:840} INFO - DAG(s) 'example_bash_decorator' retrieved from /home/kiit/airflow-env/lib/python3.8/site-packages/airflow/example_dags/example_bash_decorator.py
[2024-06-18T13:36:51.292+0530] {logging_mixin.py:188} INFO - [2024-06-18T13:36:51.292+0530] {dag.py:3096} INFO - Sync 1 DAGs
[2024-06-18T13:36:51.299+0530] {logging_mixin.py:188} INFO - [2024-06-18T13:36:51.298+0530] {dag.py:3954} INFO - Setting next_dagrun for example_bash_decorator to None, run_after=None
[2024-06-18T13:36:51.317+0530] {processor.py:183} INFO - Processing /home/kiit/airflow-env/lib/python3.8/site-packages/airflow/example_dags/example_bash_decorator.py took 0.070 seconds
[2024-06-18T13:37:31.773+0530] {processor.py:161} INFO - Started process (PID=30669) to work on /home/kiit/airflow-env/lib/python3.8/site-packages/airflow/example_dags/example_bash_decorator.py
[2024-06-18T13:37:31.774+0530] {processor.py:830} INFO - Processing file /home/kiit/airflow-env/lib/python3.8/site-packages/airflow/example_dags/example_bash_decorator.py for tasks to queue
[2024-06-18T13:37:31.775+0530] {logging_mixin.py:188} INFO - [2024-06-18T13:37:31.775+0530] {dagbag.py:545} INFO - Filling up the DagBag from /home/kiit/airflow-env/lib/python3.8/site-packages/airflow/example_dags/example_bash_decorator.py
[2024-06-18T13:37:31.785+0530] {processor.py:840} INFO - DAG(s) 'example_bash_decorator' retrieved from /home/kiit/airflow-env/lib/python3.8/site-packages/airflow/example_dags/example_bash_decorator.py
[2024-06-18T13:37:31.802+0530] {logging_mixin.py:188} INFO - [2024-06-18T13:37:31.801+0530] {dag.py:3096} INFO - Sync 1 DAGs
[2024-06-18T13:37:31.812+0530] {logging_mixin.py:188} INFO - [2024-06-18T13:37:31.812+0530] {dag.py:3954} INFO - Setting next_dagrun for example_bash_decorator to None, run_after=None
[2024-06-18T13:37:31.839+0530] {processor.py:183} INFO - Processing /home/kiit/airflow-env/lib/python3.8/site-packages/airflow/example_dags/example_bash_decorator.py took 0.073 seconds
[2024-06-18T13:38:19.860+0530] {processor.py:161} INFO - Started process (PID=30720) to work on /home/kiit/airflow-env/lib/python3.8/site-packages/airflow/example_dags/example_bash_decorator.py
[2024-06-18T13:38:19.863+0530] {processor.py:830} INFO - Processing file /home/kiit/airflow-env/lib/python3.8/site-packages/airflow/example_dags/example_bash_decorator.py for tasks to queue
[2024-06-18T13:38:19.866+0530] {logging_mixin.py:188} INFO - [2024-06-18T13:38:19.865+0530] {dagbag.py:545} INFO - Filling up the DagBag from /home/kiit/airflow-env/lib/python3.8/site-packages/airflow/example_dags/example_bash_decorator.py
[2024-06-18T13:38:19.899+0530] {processor.py:840} INFO - DAG(s) 'example_bash_decorator' retrieved from /home/kiit/airflow-env/lib/python3.8/site-packages/airflow/example_dags/example_bash_decorator.py
[2024-06-18T13:38:19.934+0530] {logging_mixin.py:188} INFO - [2024-06-18T13:38:19.933+0530] {dag.py:3096} INFO - Sync 1 DAGs
[2024-06-18T13:38:19.956+0530] {logging_mixin.py:188} INFO - [2024-06-18T13:38:19.955+0530] {dag.py:3954} INFO - Setting next_dagrun for example_bash_decorator to None, run_after=None
[2024-06-18T13:38:20.001+0530] {processor.py:183} INFO - Processing /home/kiit/airflow-env/lib/python3.8/site-packages/airflow/example_dags/example_bash_decorator.py took 0.154 seconds
[2024-06-18T13:39:14.142+0530] {processor.py:161} INFO - Started process (PID=30780) to work on /home/kiit/airflow-env/lib/python3.8/site-packages/airflow/example_dags/example_bash_decorator.py
[2024-06-18T13:39:14.143+0530] {processor.py:830} INFO - Processing file /home/kiit/airflow-env/lib/python3.8/site-packages/airflow/example_dags/example_bash_decorator.py for tasks to queue
[2024-06-18T13:39:14.145+0530] {logging_mixin.py:188} INFO - [2024-06-18T13:39:14.145+0530] {dagbag.py:545} INFO - Filling up the DagBag from /home/kiit/airflow-env/lib/python3.8/site-packages/airflow/example_dags/example_bash_decorator.py
[2024-06-18T13:39:14.155+0530] {processor.py:840} INFO - DAG(s) 'example_bash_decorator' retrieved from /home/kiit/airflow-env/lib/python3.8/site-packages/airflow/example_dags/example_bash_decorator.py
[2024-06-18T13:39:14.171+0530] {logging_mixin.py:188} INFO - [2024-06-18T13:39:14.170+0530] {dag.py:3096} INFO - Sync 1 DAGs
[2024-06-18T13:39:14.179+0530] {logging_mixin.py:188} INFO - [2024-06-18T13:39:14.179+0530] {dag.py:3954} INFO - Setting next_dagrun for example_bash_decorator to None, run_after=None
[2024-06-18T13:39:14.197+0530] {processor.py:183} INFO - Processing /home/kiit/airflow-env/lib/python3.8/site-packages/airflow/example_dags/example_bash_decorator.py took 0.061 seconds
[2024-06-18T13:39:54.278+0530] {processor.py:161} INFO - Started process (PID=30828) to work on /home/kiit/airflow-env/lib/python3.8/site-packages/airflow/example_dags/example_bash_decorator.py
[2024-06-18T13:39:54.285+0530] {processor.py:830} INFO - Processing file /home/kiit/airflow-env/lib/python3.8/site-packages/airflow/example_dags/example_bash_decorator.py for tasks to queue
[2024-06-18T13:39:54.287+0530] {logging_mixin.py:188} INFO - [2024-06-18T13:39:54.287+0530] {dagbag.py:545} INFO - Filling up the DagBag from /home/kiit/airflow-env/lib/python3.8/site-packages/airflow/example_dags/example_bash_decorator.py
[2024-06-18T13:39:54.298+0530] {processor.py:840} INFO - DAG(s) 'example_bash_decorator' retrieved from /home/kiit/airflow-env/lib/python3.8/site-packages/airflow/example_dags/example_bash_decorator.py
[2024-06-18T13:39:54.314+0530] {logging_mixin.py:188} INFO - [2024-06-18T13:39:54.314+0530] {dag.py:3096} INFO - Sync 1 DAGs
[2024-06-18T13:39:54.326+0530] {logging_mixin.py:188} INFO - [2024-06-18T13:39:54.326+0530] {dag.py:3954} INFO - Setting next_dagrun for example_bash_decorator to None, run_after=None
[2024-06-18T13:39:54.346+0530] {processor.py:183} INFO - Processing /home/kiit/airflow-env/lib/python3.8/site-packages/airflow/example_dags/example_bash_decorator.py took 0.075 seconds
[2024-06-18T13:40:35.463+0530] {processor.py:161} INFO - Started process (PID=30943) to work on /home/kiit/airflow-env/lib/python3.8/site-packages/airflow/example_dags/example_bash_decorator.py
[2024-06-18T13:40:35.465+0530] {processor.py:830} INFO - Processing file /home/kiit/airflow-env/lib/python3.8/site-packages/airflow/example_dags/example_bash_decorator.py for tasks to queue
[2024-06-18T13:40:35.466+0530] {logging_mixin.py:188} INFO - [2024-06-18T13:40:35.466+0530] {dagbag.py:545} INFO - Filling up the DagBag from /home/kiit/airflow-env/lib/python3.8/site-packages/airflow/example_dags/example_bash_decorator.py
[2024-06-18T13:40:35.476+0530] {processor.py:840} INFO - DAG(s) 'example_bash_decorator' retrieved from /home/kiit/airflow-env/lib/python3.8/site-packages/airflow/example_dags/example_bash_decorator.py
[2024-06-18T13:40:35.488+0530] {logging_mixin.py:188} INFO - [2024-06-18T13:40:35.487+0530] {dag.py:3096} INFO - Sync 1 DAGs
[2024-06-18T13:40:35.496+0530] {logging_mixin.py:188} INFO - [2024-06-18T13:40:35.496+0530] {dag.py:3954} INFO - Setting next_dagrun for example_bash_decorator to None, run_after=None
[2024-06-18T13:40:35.514+0530] {processor.py:183} INFO - Processing /home/kiit/airflow-env/lib/python3.8/site-packages/airflow/example_dags/example_bash_decorator.py took 0.055 seconds
[2024-06-18T13:41:16.116+0530] {processor.py:161} INFO - Started process (PID=30992) to work on /home/kiit/airflow-env/lib/python3.8/site-packages/airflow/example_dags/example_bash_decorator.py
[2024-06-18T13:41:16.124+0530] {processor.py:830} INFO - Processing file /home/kiit/airflow-env/lib/python3.8/site-packages/airflow/example_dags/example_bash_decorator.py for tasks to queue
[2024-06-18T13:41:16.126+0530] {logging_mixin.py:188} INFO - [2024-06-18T13:41:16.125+0530] {dagbag.py:545} INFO - Filling up the DagBag from /home/kiit/airflow-env/lib/python3.8/site-packages/airflow/example_dags/example_bash_decorator.py
[2024-06-18T13:41:16.137+0530] {processor.py:840} INFO - DAG(s) 'example_bash_decorator' retrieved from /home/kiit/airflow-env/lib/python3.8/site-packages/airflow/example_dags/example_bash_decorator.py
[2024-06-18T13:41:16.150+0530] {logging_mixin.py:188} INFO - [2024-06-18T13:41:16.149+0530] {dag.py:3096} INFO - Sync 1 DAGs
[2024-06-18T13:41:16.159+0530] {logging_mixin.py:188} INFO - [2024-06-18T13:41:16.159+0530] {dag.py:3954} INFO - Setting next_dagrun for example_bash_decorator to None, run_after=None
[2024-06-18T13:41:16.176+0530] {processor.py:183} INFO - Processing /home/kiit/airflow-env/lib/python3.8/site-packages/airflow/example_dags/example_bash_decorator.py took 0.065 seconds
[2024-06-18T15:05:49.377+0530] {processor.py:161} INFO - Started process (PID=33608) to work on /home/kiit/airflow-env/lib/python3.8/site-packages/airflow/example_dags/example_bash_decorator.py
[2024-06-18T15:05:49.378+0530] {processor.py:830} INFO - Processing file /home/kiit/airflow-env/lib/python3.8/site-packages/airflow/example_dags/example_bash_decorator.py for tasks to queue
[2024-06-18T15:05:49.380+0530] {logging_mixin.py:188} INFO - [2024-06-18T15:05:49.380+0530] {dagbag.py:545} INFO - Filling up the DagBag from /home/kiit/airflow-env/lib/python3.8/site-packages/airflow/example_dags/example_bash_decorator.py
[2024-06-18T15:05:49.395+0530] {processor.py:840} INFO - DAG(s) 'example_bash_decorator' retrieved from /home/kiit/airflow-env/lib/python3.8/site-packages/airflow/example_dags/example_bash_decorator.py
[2024-06-18T15:05:49.408+0530] {logging_mixin.py:188} INFO - [2024-06-18T15:05:49.408+0530] {dag.py:3096} INFO - Sync 1 DAGs
[2024-06-18T15:05:49.422+0530] {logging_mixin.py:188} INFO - [2024-06-18T15:05:49.422+0530] {dag.py:3954} INFO - Setting next_dagrun for example_bash_decorator to None, run_after=None
[2024-06-18T15:05:49.448+0530] {processor.py:183} INFO - Processing /home/kiit/airflow-env/lib/python3.8/site-packages/airflow/example_dags/example_bash_decorator.py took 0.078 seconds
[2024-06-18T15:06:21.106+0530] {processor.py:161} INFO - Started process (PID=33669) to work on /home/kiit/airflow-env/lib/python3.8/site-packages/airflow/example_dags/example_bash_decorator.py
[2024-06-18T15:06:21.107+0530] {processor.py:830} INFO - Processing file /home/kiit/airflow-env/lib/python3.8/site-packages/airflow/example_dags/example_bash_decorator.py for tasks to queue
[2024-06-18T15:06:21.109+0530] {logging_mixin.py:188} INFO - [2024-06-18T15:06:21.108+0530] {dagbag.py:545} INFO - Filling up the DagBag from /home/kiit/airflow-env/lib/python3.8/site-packages/airflow/example_dags/example_bash_decorator.py
[2024-06-18T15:06:21.124+0530] {processor.py:840} INFO - DAG(s) 'example_bash_decorator' retrieved from /home/kiit/airflow-env/lib/python3.8/site-packages/airflow/example_dags/example_bash_decorator.py
[2024-06-18T15:06:21.326+0530] {logging_mixin.py:188} INFO - [2024-06-18T15:06:21.326+0530] {dag.py:3096} INFO - Sync 1 DAGs
[2024-06-18T15:06:21.338+0530] {logging_mixin.py:188} INFO - [2024-06-18T15:06:21.337+0530] {dag.py:3954} INFO - Setting next_dagrun for example_bash_decorator to None, run_after=None
[2024-06-18T15:06:21.464+0530] {processor.py:183} INFO - Processing /home/kiit/airflow-env/lib/python3.8/site-packages/airflow/example_dags/example_bash_decorator.py took 0.367 seconds
[2024-06-18T15:06:52.672+0530] {processor.py:161} INFO - Started process (PID=33728) to work on /home/kiit/airflow-env/lib/python3.8/site-packages/airflow/example_dags/example_bash_decorator.py
[2024-06-18T15:06:52.680+0530] {processor.py:830} INFO - Processing file /home/kiit/airflow-env/lib/python3.8/site-packages/airflow/example_dags/example_bash_decorator.py for tasks to queue
[2024-06-18T15:06:52.681+0530] {logging_mixin.py:188} INFO - [2024-06-18T15:06:52.681+0530] {dagbag.py:545} INFO - Filling up the DagBag from /home/kiit/airflow-env/lib/python3.8/site-packages/airflow/example_dags/example_bash_decorator.py
[2024-06-18T15:06:52.768+0530] {processor.py:840} INFO - DAG(s) 'example_bash_decorator' retrieved from /home/kiit/airflow-env/lib/python3.8/site-packages/airflow/example_dags/example_bash_decorator.py
[2024-06-18T15:06:52.787+0530] {logging_mixin.py:188} INFO - [2024-06-18T15:06:52.787+0530] {dag.py:3096} INFO - Sync 1 DAGs
[2024-06-18T15:06:52.797+0530] {logging_mixin.py:188} INFO - [2024-06-18T15:06:52.796+0530] {dag.py:3954} INFO - Setting next_dagrun for example_bash_decorator to None, run_after=None
[2024-06-18T15:06:52.823+0530] {processor.py:183} INFO - Processing /home/kiit/airflow-env/lib/python3.8/site-packages/airflow/example_dags/example_bash_decorator.py took 0.155 seconds
[2024-06-18T15:07:22.950+0530] {processor.py:161} INFO - Started process (PID=33787) to work on /home/kiit/airflow-env/lib/python3.8/site-packages/airflow/example_dags/example_bash_decorator.py
[2024-06-18T15:07:22.950+0530] {processor.py:830} INFO - Processing file /home/kiit/airflow-env/lib/python3.8/site-packages/airflow/example_dags/example_bash_decorator.py for tasks to queue
[2024-06-18T15:07:22.952+0530] {logging_mixin.py:188} INFO - [2024-06-18T15:07:22.952+0530] {dagbag.py:545} INFO - Filling up the DagBag from /home/kiit/airflow-env/lib/python3.8/site-packages/airflow/example_dags/example_bash_decorator.py
[2024-06-18T15:07:22.965+0530] {processor.py:840} INFO - DAG(s) 'example_bash_decorator' retrieved from /home/kiit/airflow-env/lib/python3.8/site-packages/airflow/example_dags/example_bash_decorator.py
[2024-06-18T15:07:22.989+0530] {logging_mixin.py:188} INFO - [2024-06-18T15:07:22.988+0530] {dag.py:3096} INFO - Sync 1 DAGs
[2024-06-18T15:07:22.999+0530] {logging_mixin.py:188} INFO - [2024-06-18T15:07:22.999+0530] {dag.py:3954} INFO - Setting next_dagrun for example_bash_decorator to None, run_after=None
[2024-06-18T15:07:23.022+0530] {processor.py:183} INFO - Processing /home/kiit/airflow-env/lib/python3.8/site-packages/airflow/example_dags/example_bash_decorator.py took 0.078 seconds
[2024-06-18T15:07:53.694+0530] {processor.py:161} INFO - Started process (PID=33846) to work on /home/kiit/airflow-env/lib/python3.8/site-packages/airflow/example_dags/example_bash_decorator.py
[2024-06-18T15:07:53.695+0530] {processor.py:830} INFO - Processing file /home/kiit/airflow-env/lib/python3.8/site-packages/airflow/example_dags/example_bash_decorator.py for tasks to queue
[2024-06-18T15:07:53.697+0530] {logging_mixin.py:188} INFO - [2024-06-18T15:07:53.697+0530] {dagbag.py:545} INFO - Filling up the DagBag from /home/kiit/airflow-env/lib/python3.8/site-packages/airflow/example_dags/example_bash_decorator.py
[2024-06-18T15:07:53.711+0530] {processor.py:840} INFO - DAG(s) 'example_bash_decorator' retrieved from /home/kiit/airflow-env/lib/python3.8/site-packages/airflow/example_dags/example_bash_decorator.py
[2024-06-18T15:07:53.734+0530] {logging_mixin.py:188} INFO - [2024-06-18T15:07:53.733+0530] {dag.py:3096} INFO - Sync 1 DAGs
[2024-06-18T15:07:53.744+0530] {logging_mixin.py:188} INFO - [2024-06-18T15:07:53.744+0530] {dag.py:3954} INFO - Setting next_dagrun for example_bash_decorator to None, run_after=None
[2024-06-18T15:07:53.767+0530] {processor.py:183} INFO - Processing /home/kiit/airflow-env/lib/python3.8/site-packages/airflow/example_dags/example_bash_decorator.py took 0.078 seconds
[2024-06-18T15:08:24.671+0530] {processor.py:161} INFO - Started process (PID=33905) to work on /home/kiit/airflow-env/lib/python3.8/site-packages/airflow/example_dags/example_bash_decorator.py
[2024-06-18T15:08:24.672+0530] {processor.py:830} INFO - Processing file /home/kiit/airflow-env/lib/python3.8/site-packages/airflow/example_dags/example_bash_decorator.py for tasks to queue
[2024-06-18T15:08:24.674+0530] {logging_mixin.py:188} INFO - [2024-06-18T15:08:24.673+0530] {dagbag.py:545} INFO - Filling up the DagBag from /home/kiit/airflow-env/lib/python3.8/site-packages/airflow/example_dags/example_bash_decorator.py
[2024-06-18T15:08:24.693+0530] {processor.py:840} INFO - DAG(s) 'example_bash_decorator' retrieved from /home/kiit/airflow-env/lib/python3.8/site-packages/airflow/example_dags/example_bash_decorator.py
[2024-06-18T15:08:24.722+0530] {logging_mixin.py:188} INFO - [2024-06-18T15:08:24.721+0530] {dag.py:3096} INFO - Sync 1 DAGs
[2024-06-18T15:08:24.736+0530] {logging_mixin.py:188} INFO - [2024-06-18T15:08:24.735+0530] {dag.py:3954} INFO - Setting next_dagrun for example_bash_decorator to None, run_after=None
[2024-06-18T15:08:24.759+0530] {processor.py:183} INFO - Processing /home/kiit/airflow-env/lib/python3.8/site-packages/airflow/example_dags/example_bash_decorator.py took 0.098 seconds
[2024-06-18T15:08:55.661+0530] {processor.py:161} INFO - Started process (PID=33965) to work on /home/kiit/airflow-env/lib/python3.8/site-packages/airflow/example_dags/example_bash_decorator.py
[2024-06-18T15:08:55.662+0530] {processor.py:830} INFO - Processing file /home/kiit/airflow-env/lib/python3.8/site-packages/airflow/example_dags/example_bash_decorator.py for tasks to queue
[2024-06-18T15:08:55.664+0530] {logging_mixin.py:188} INFO - [2024-06-18T15:08:55.663+0530] {dagbag.py:545} INFO - Filling up the DagBag from /home/kiit/airflow-env/lib/python3.8/site-packages/airflow/example_dags/example_bash_decorator.py
[2024-06-18T15:08:55.677+0530] {processor.py:840} INFO - DAG(s) 'example_bash_decorator' retrieved from /home/kiit/airflow-env/lib/python3.8/site-packages/airflow/example_dags/example_bash_decorator.py
[2024-06-18T15:08:55.702+0530] {logging_mixin.py:188} INFO - [2024-06-18T15:08:55.702+0530] {dag.py:3096} INFO - Sync 1 DAGs
[2024-06-18T15:08:55.713+0530] {logging_mixin.py:188} INFO - [2024-06-18T15:08:55.713+0530] {dag.py:3954} INFO - Setting next_dagrun for example_bash_decorator to None, run_after=None
[2024-06-18T15:08:55.738+0530] {processor.py:183} INFO - Processing /home/kiit/airflow-env/lib/python3.8/site-packages/airflow/example_dags/example_bash_decorator.py took 0.085 seconds
[2024-06-18T15:09:26.118+0530] {processor.py:161} INFO - Started process (PID=34025) to work on /home/kiit/airflow-env/lib/python3.8/site-packages/airflow/example_dags/example_bash_decorator.py
[2024-06-18T15:09:26.119+0530] {processor.py:830} INFO - Processing file /home/kiit/airflow-env/lib/python3.8/site-packages/airflow/example_dags/example_bash_decorator.py for tasks to queue
[2024-06-18T15:09:26.120+0530] {logging_mixin.py:188} INFO - [2024-06-18T15:09:26.120+0530] {dagbag.py:545} INFO - Filling up the DagBag from /home/kiit/airflow-env/lib/python3.8/site-packages/airflow/example_dags/example_bash_decorator.py
[2024-06-18T15:09:26.130+0530] {processor.py:840} INFO - DAG(s) 'example_bash_decorator' retrieved from /home/kiit/airflow-env/lib/python3.8/site-packages/airflow/example_dags/example_bash_decorator.py
[2024-06-18T15:09:26.148+0530] {logging_mixin.py:188} INFO - [2024-06-18T15:09:26.148+0530] {dag.py:3096} INFO - Sync 1 DAGs
[2024-06-18T15:09:26.158+0530] {logging_mixin.py:188} INFO - [2024-06-18T15:09:26.158+0530] {dag.py:3954} INFO - Setting next_dagrun for example_bash_decorator to None, run_after=None
[2024-06-18T15:09:26.178+0530] {processor.py:183} INFO - Processing /home/kiit/airflow-env/lib/python3.8/site-packages/airflow/example_dags/example_bash_decorator.py took 0.066 seconds
[2024-06-18T15:09:56.401+0530] {processor.py:161} INFO - Started process (PID=34084) to work on /home/kiit/airflow-env/lib/python3.8/site-packages/airflow/example_dags/example_bash_decorator.py
[2024-06-18T15:09:56.402+0530] {processor.py:830} INFO - Processing file /home/kiit/airflow-env/lib/python3.8/site-packages/airflow/example_dags/example_bash_decorator.py for tasks to queue
[2024-06-18T15:09:56.404+0530] {logging_mixin.py:188} INFO - [2024-06-18T15:09:56.403+0530] {dagbag.py:545} INFO - Filling up the DagBag from /home/kiit/airflow-env/lib/python3.8/site-packages/airflow/example_dags/example_bash_decorator.py
[2024-06-18T15:09:56.415+0530] {processor.py:840} INFO - DAG(s) 'example_bash_decorator' retrieved from /home/kiit/airflow-env/lib/python3.8/site-packages/airflow/example_dags/example_bash_decorator.py
[2024-06-18T15:09:56.436+0530] {logging_mixin.py:188} INFO - [2024-06-18T15:09:56.436+0530] {dag.py:3096} INFO - Sync 1 DAGs
[2024-06-18T15:09:56.444+0530] {logging_mixin.py:188} INFO - [2024-06-18T15:09:56.444+0530] {dag.py:3954} INFO - Setting next_dagrun for example_bash_decorator to None, run_after=None
[2024-06-18T15:09:56.469+0530] {processor.py:183} INFO - Processing /home/kiit/airflow-env/lib/python3.8/site-packages/airflow/example_dags/example_bash_decorator.py took 0.073 seconds
[2024-06-18T15:10:26.583+0530] {processor.py:161} INFO - Started process (PID=34144) to work on /home/kiit/airflow-env/lib/python3.8/site-packages/airflow/example_dags/example_bash_decorator.py
[2024-06-18T15:10:26.584+0530] {processor.py:830} INFO - Processing file /home/kiit/airflow-env/lib/python3.8/site-packages/airflow/example_dags/example_bash_decorator.py for tasks to queue
[2024-06-18T15:10:26.586+0530] {logging_mixin.py:188} INFO - [2024-06-18T15:10:26.585+0530] {dagbag.py:545} INFO - Filling up the DagBag from /home/kiit/airflow-env/lib/python3.8/site-packages/airflow/example_dags/example_bash_decorator.py
[2024-06-18T15:10:26.597+0530] {processor.py:840} INFO - DAG(s) 'example_bash_decorator' retrieved from /home/kiit/airflow-env/lib/python3.8/site-packages/airflow/example_dags/example_bash_decorator.py
[2024-06-18T15:10:26.615+0530] {logging_mixin.py:188} INFO - [2024-06-18T15:10:26.615+0530] {dag.py:3096} INFO - Sync 1 DAGs
[2024-06-18T15:10:26.625+0530] {logging_mixin.py:188} INFO - [2024-06-18T15:10:26.625+0530] {dag.py:3954} INFO - Setting next_dagrun for example_bash_decorator to None, run_after=None
[2024-06-18T15:10:26.647+0530] {processor.py:183} INFO - Processing /home/kiit/airflow-env/lib/python3.8/site-packages/airflow/example_dags/example_bash_decorator.py took 0.069 seconds
[2024-06-18T15:10:57.007+0530] {processor.py:161} INFO - Started process (PID=34203) to work on /home/kiit/airflow-env/lib/python3.8/site-packages/airflow/example_dags/example_bash_decorator.py
[2024-06-18T15:10:57.008+0530] {processor.py:830} INFO - Processing file /home/kiit/airflow-env/lib/python3.8/site-packages/airflow/example_dags/example_bash_decorator.py for tasks to queue
[2024-06-18T15:10:57.009+0530] {logging_mixin.py:188} INFO - [2024-06-18T15:10:57.009+0530] {dagbag.py:545} INFO - Filling up the DagBag from /home/kiit/airflow-env/lib/python3.8/site-packages/airflow/example_dags/example_bash_decorator.py
[2024-06-18T15:10:57.021+0530] {processor.py:840} INFO - DAG(s) 'example_bash_decorator' retrieved from /home/kiit/airflow-env/lib/python3.8/site-packages/airflow/example_dags/example_bash_decorator.py
[2024-06-18T15:10:57.040+0530] {logging_mixin.py:188} INFO - [2024-06-18T15:10:57.040+0530] {dag.py:3096} INFO - Sync 1 DAGs
[2024-06-18T15:10:57.049+0530] {logging_mixin.py:188} INFO - [2024-06-18T15:10:57.049+0530] {dag.py:3954} INFO - Setting next_dagrun for example_bash_decorator to None, run_after=None
[2024-06-18T15:10:57.073+0530] {processor.py:183} INFO - Processing /home/kiit/airflow-env/lib/python3.8/site-packages/airflow/example_dags/example_bash_decorator.py took 0.072 seconds
[2024-06-18T15:11:27.189+0530] {processor.py:161} INFO - Started process (PID=34262) to work on /home/kiit/airflow-env/lib/python3.8/site-packages/airflow/example_dags/example_bash_decorator.py
[2024-06-18T15:11:27.190+0530] {processor.py:830} INFO - Processing file /home/kiit/airflow-env/lib/python3.8/site-packages/airflow/example_dags/example_bash_decorator.py for tasks to queue
[2024-06-18T15:11:27.191+0530] {logging_mixin.py:188} INFO - [2024-06-18T15:11:27.191+0530] {dagbag.py:545} INFO - Filling up the DagBag from /home/kiit/airflow-env/lib/python3.8/site-packages/airflow/example_dags/example_bash_decorator.py
[2024-06-18T15:11:27.202+0530] {processor.py:840} INFO - DAG(s) 'example_bash_decorator' retrieved from /home/kiit/airflow-env/lib/python3.8/site-packages/airflow/example_dags/example_bash_decorator.py
[2024-06-18T15:11:27.222+0530] {logging_mixin.py:188} INFO - [2024-06-18T15:11:27.221+0530] {dag.py:3096} INFO - Sync 1 DAGs
[2024-06-18T15:11:27.232+0530] {logging_mixin.py:188} INFO - [2024-06-18T15:11:27.232+0530] {dag.py:3954} INFO - Setting next_dagrun for example_bash_decorator to None, run_after=None
[2024-06-18T15:11:27.255+0530] {processor.py:183} INFO - Processing /home/kiit/airflow-env/lib/python3.8/site-packages/airflow/example_dags/example_bash_decorator.py took 0.071 seconds
[2024-06-18T15:11:57.365+0530] {processor.py:161} INFO - Started process (PID=34321) to work on /home/kiit/airflow-env/lib/python3.8/site-packages/airflow/example_dags/example_bash_decorator.py
[2024-06-18T15:11:57.366+0530] {processor.py:830} INFO - Processing file /home/kiit/airflow-env/lib/python3.8/site-packages/airflow/example_dags/example_bash_decorator.py for tasks to queue
[2024-06-18T15:11:57.367+0530] {logging_mixin.py:188} INFO - [2024-06-18T15:11:57.367+0530] {dagbag.py:545} INFO - Filling up the DagBag from /home/kiit/airflow-env/lib/python3.8/site-packages/airflow/example_dags/example_bash_decorator.py
[2024-06-18T15:11:57.377+0530] {processor.py:840} INFO - DAG(s) 'example_bash_decorator' retrieved from /home/kiit/airflow-env/lib/python3.8/site-packages/airflow/example_dags/example_bash_decorator.py
[2024-06-18T15:11:57.397+0530] {logging_mixin.py:188} INFO - [2024-06-18T15:11:57.397+0530] {dag.py:3096} INFO - Sync 1 DAGs
[2024-06-18T15:11:57.406+0530] {logging_mixin.py:188} INFO - [2024-06-18T15:11:57.405+0530] {dag.py:3954} INFO - Setting next_dagrun for example_bash_decorator to None, run_after=None
[2024-06-18T15:11:57.428+0530] {processor.py:183} INFO - Processing /home/kiit/airflow-env/lib/python3.8/site-packages/airflow/example_dags/example_bash_decorator.py took 0.069 seconds
[2024-06-18T15:12:27.718+0530] {processor.py:161} INFO - Started process (PID=34381) to work on /home/kiit/airflow-env/lib/python3.8/site-packages/airflow/example_dags/example_bash_decorator.py
[2024-06-18T15:12:27.719+0530] {processor.py:830} INFO - Processing file /home/kiit/airflow-env/lib/python3.8/site-packages/airflow/example_dags/example_bash_decorator.py for tasks to queue
[2024-06-18T15:12:27.720+0530] {logging_mixin.py:188} INFO - [2024-06-18T15:12:27.720+0530] {dagbag.py:545} INFO - Filling up the DagBag from /home/kiit/airflow-env/lib/python3.8/site-packages/airflow/example_dags/example_bash_decorator.py
[2024-06-18T15:12:27.730+0530] {processor.py:840} INFO - DAG(s) 'example_bash_decorator' retrieved from /home/kiit/airflow-env/lib/python3.8/site-packages/airflow/example_dags/example_bash_decorator.py
[2024-06-18T15:12:27.750+0530] {logging_mixin.py:188} INFO - [2024-06-18T15:12:27.750+0530] {dag.py:3096} INFO - Sync 1 DAGs
[2024-06-18T15:12:27.760+0530] {logging_mixin.py:188} INFO - [2024-06-18T15:12:27.760+0530] {dag.py:3954} INFO - Setting next_dagrun for example_bash_decorator to None, run_after=None
[2024-06-18T15:12:27.779+0530] {processor.py:183} INFO - Processing /home/kiit/airflow-env/lib/python3.8/site-packages/airflow/example_dags/example_bash_decorator.py took 0.067 seconds
[2024-06-18T15:12:58.049+0530] {processor.py:161} INFO - Started process (PID=34440) to work on /home/kiit/airflow-env/lib/python3.8/site-packages/airflow/example_dags/example_bash_decorator.py
[2024-06-18T15:12:58.050+0530] {processor.py:830} INFO - Processing file /home/kiit/airflow-env/lib/python3.8/site-packages/airflow/example_dags/example_bash_decorator.py for tasks to queue
[2024-06-18T15:12:58.052+0530] {logging_mixin.py:188} INFO - [2024-06-18T15:12:58.051+0530] {dagbag.py:545} INFO - Filling up the DagBag from /home/kiit/airflow-env/lib/python3.8/site-packages/airflow/example_dags/example_bash_decorator.py
[2024-06-18T15:12:58.064+0530] {processor.py:840} INFO - DAG(s) 'example_bash_decorator' retrieved from /home/kiit/airflow-env/lib/python3.8/site-packages/airflow/example_dags/example_bash_decorator.py
[2024-06-18T15:12:58.082+0530] {logging_mixin.py:188} INFO - [2024-06-18T15:12:58.082+0530] {dag.py:3096} INFO - Sync 1 DAGs
[2024-06-18T15:12:58.091+0530] {logging_mixin.py:188} INFO - [2024-06-18T15:12:58.091+0530] {dag.py:3954} INFO - Setting next_dagrun for example_bash_decorator to None, run_after=None
[2024-06-18T15:12:58.112+0530] {processor.py:183} INFO - Processing /home/kiit/airflow-env/lib/python3.8/site-packages/airflow/example_dags/example_bash_decorator.py took 0.068 seconds
[2024-06-18T15:13:28.330+0530] {processor.py:161} INFO - Started process (PID=34499) to work on /home/kiit/airflow-env/lib/python3.8/site-packages/airflow/example_dags/example_bash_decorator.py
[2024-06-18T15:13:28.331+0530] {processor.py:830} INFO - Processing file /home/kiit/airflow-env/lib/python3.8/site-packages/airflow/example_dags/example_bash_decorator.py for tasks to queue
[2024-06-18T15:13:28.332+0530] {logging_mixin.py:188} INFO - [2024-06-18T15:13:28.332+0530] {dagbag.py:545} INFO - Filling up the DagBag from /home/kiit/airflow-env/lib/python3.8/site-packages/airflow/example_dags/example_bash_decorator.py
[2024-06-18T15:13:28.342+0530] {processor.py:840} INFO - DAG(s) 'example_bash_decorator' retrieved from /home/kiit/airflow-env/lib/python3.8/site-packages/airflow/example_dags/example_bash_decorator.py
[2024-06-18T15:13:28.363+0530] {logging_mixin.py:188} INFO - [2024-06-18T15:13:28.363+0530] {dag.py:3096} INFO - Sync 1 DAGs
[2024-06-18T15:13:28.373+0530] {logging_mixin.py:188} INFO - [2024-06-18T15:13:28.373+0530] {dag.py:3954} INFO - Setting next_dagrun for example_bash_decorator to None, run_after=None
[2024-06-18T15:13:28.393+0530] {processor.py:183} INFO - Processing /home/kiit/airflow-env/lib/python3.8/site-packages/airflow/example_dags/example_bash_decorator.py took 0.068 seconds
[2024-06-18T15:13:58.612+0530] {processor.py:161} INFO - Started process (PID=34558) to work on /home/kiit/airflow-env/lib/python3.8/site-packages/airflow/example_dags/example_bash_decorator.py
[2024-06-18T15:13:58.613+0530] {processor.py:830} INFO - Processing file /home/kiit/airflow-env/lib/python3.8/site-packages/airflow/example_dags/example_bash_decorator.py for tasks to queue
[2024-06-18T15:13:58.614+0530] {logging_mixin.py:188} INFO - [2024-06-18T15:13:58.614+0530] {dagbag.py:545} INFO - Filling up the DagBag from /home/kiit/airflow-env/lib/python3.8/site-packages/airflow/example_dags/example_bash_decorator.py
[2024-06-18T15:13:58.624+0530] {processor.py:840} INFO - DAG(s) 'example_bash_decorator' retrieved from /home/kiit/airflow-env/lib/python3.8/site-packages/airflow/example_dags/example_bash_decorator.py
[2024-06-18T15:13:58.644+0530] {logging_mixin.py:188} INFO - [2024-06-18T15:13:58.644+0530] {dag.py:3096} INFO - Sync 1 DAGs
[2024-06-18T15:13:58.653+0530] {logging_mixin.py:188} INFO - [2024-06-18T15:13:58.653+0530] {dag.py:3954} INFO - Setting next_dagrun for example_bash_decorator to None, run_after=None
[2024-06-18T15:13:58.673+0530] {processor.py:183} INFO - Processing /home/kiit/airflow-env/lib/python3.8/site-packages/airflow/example_dags/example_bash_decorator.py took 0.066 seconds
[2024-06-18T15:14:28.963+0530] {processor.py:161} INFO - Started process (PID=34617) to work on /home/kiit/airflow-env/lib/python3.8/site-packages/airflow/example_dags/example_bash_decorator.py
[2024-06-18T15:14:28.964+0530] {processor.py:830} INFO - Processing file /home/kiit/airflow-env/lib/python3.8/site-packages/airflow/example_dags/example_bash_decorator.py for tasks to queue
[2024-06-18T15:14:28.965+0530] {logging_mixin.py:188} INFO - [2024-06-18T15:14:28.965+0530] {dagbag.py:545} INFO - Filling up the DagBag from /home/kiit/airflow-env/lib/python3.8/site-packages/airflow/example_dags/example_bash_decorator.py
[2024-06-18T15:14:28.975+0530] {processor.py:840} INFO - DAG(s) 'example_bash_decorator' retrieved from /home/kiit/airflow-env/lib/python3.8/site-packages/airflow/example_dags/example_bash_decorator.py
[2024-06-18T15:14:28.995+0530] {logging_mixin.py:188} INFO - [2024-06-18T15:14:28.995+0530] {dag.py:3096} INFO - Sync 1 DAGs
[2024-06-18T15:14:29.003+0530] {logging_mixin.py:188} INFO - [2024-06-18T15:14:29.003+0530] {dag.py:3954} INFO - Setting next_dagrun for example_bash_decorator to None, run_after=None
[2024-06-18T15:14:29.024+0530] {processor.py:183} INFO - Processing /home/kiit/airflow-env/lib/python3.8/site-packages/airflow/example_dags/example_bash_decorator.py took 0.066 seconds
[2024-06-18T15:14:59.298+0530] {processor.py:161} INFO - Started process (PID=34676) to work on /home/kiit/airflow-env/lib/python3.8/site-packages/airflow/example_dags/example_bash_decorator.py
[2024-06-18T15:14:59.299+0530] {processor.py:830} INFO - Processing file /home/kiit/airflow-env/lib/python3.8/site-packages/airflow/example_dags/example_bash_decorator.py for tasks to queue
[2024-06-18T15:14:59.300+0530] {logging_mixin.py:188} INFO - [2024-06-18T15:14:59.300+0530] {dagbag.py:545} INFO - Filling up the DagBag from /home/kiit/airflow-env/lib/python3.8/site-packages/airflow/example_dags/example_bash_decorator.py
[2024-06-18T15:14:59.312+0530] {processor.py:840} INFO - DAG(s) 'example_bash_decorator' retrieved from /home/kiit/airflow-env/lib/python3.8/site-packages/airflow/example_dags/example_bash_decorator.py
[2024-06-18T15:14:59.333+0530] {logging_mixin.py:188} INFO - [2024-06-18T15:14:59.333+0530] {dag.py:3096} INFO - Sync 1 DAGs
[2024-06-18T15:14:59.343+0530] {logging_mixin.py:188} INFO - [2024-06-18T15:14:59.343+0530] {dag.py:3954} INFO - Setting next_dagrun for example_bash_decorator to None, run_after=None
[2024-06-18T15:14:59.364+0530] {processor.py:183} INFO - Processing /home/kiit/airflow-env/lib/python3.8/site-packages/airflow/example_dags/example_bash_decorator.py took 0.071 seconds
[2024-06-18T15:15:29.544+0530] {processor.py:161} INFO - Started process (PID=34735) to work on /home/kiit/airflow-env/lib/python3.8/site-packages/airflow/example_dags/example_bash_decorator.py
[2024-06-18T15:15:29.545+0530] {processor.py:830} INFO - Processing file /home/kiit/airflow-env/lib/python3.8/site-packages/airflow/example_dags/example_bash_decorator.py for tasks to queue
[2024-06-18T15:15:29.547+0530] {logging_mixin.py:188} INFO - [2024-06-18T15:15:29.547+0530] {dagbag.py:545} INFO - Filling up the DagBag from /home/kiit/airflow-env/lib/python3.8/site-packages/airflow/example_dags/example_bash_decorator.py
[2024-06-18T15:15:29.560+0530] {processor.py:840} INFO - DAG(s) 'example_bash_decorator' retrieved from /home/kiit/airflow-env/lib/python3.8/site-packages/airflow/example_dags/example_bash_decorator.py
[2024-06-18T15:15:29.579+0530] {logging_mixin.py:188} INFO - [2024-06-18T15:15:29.579+0530] {dag.py:3096} INFO - Sync 1 DAGs
[2024-06-18T15:15:29.589+0530] {logging_mixin.py:188} INFO - [2024-06-18T15:15:29.589+0530] {dag.py:3954} INFO - Setting next_dagrun for example_bash_decorator to None, run_after=None
[2024-06-18T15:15:29.607+0530] {processor.py:183} INFO - Processing /home/kiit/airflow-env/lib/python3.8/site-packages/airflow/example_dags/example_bash_decorator.py took 0.069 seconds
[2024-06-18T15:15:59.777+0530] {processor.py:161} INFO - Started process (PID=34794) to work on /home/kiit/airflow-env/lib/python3.8/site-packages/airflow/example_dags/example_bash_decorator.py
[2024-06-18T15:15:59.778+0530] {processor.py:830} INFO - Processing file /home/kiit/airflow-env/lib/python3.8/site-packages/airflow/example_dags/example_bash_decorator.py for tasks to queue
[2024-06-18T15:15:59.780+0530] {logging_mixin.py:188} INFO - [2024-06-18T15:15:59.779+0530] {dagbag.py:545} INFO - Filling up the DagBag from /home/kiit/airflow-env/lib/python3.8/site-packages/airflow/example_dags/example_bash_decorator.py
[2024-06-18T15:15:59.789+0530] {processor.py:840} INFO - DAG(s) 'example_bash_decorator' retrieved from /home/kiit/airflow-env/lib/python3.8/site-packages/airflow/example_dags/example_bash_decorator.py
[2024-06-18T15:15:59.807+0530] {logging_mixin.py:188} INFO - [2024-06-18T15:15:59.807+0530] {dag.py:3096} INFO - Sync 1 DAGs
[2024-06-18T15:15:59.817+0530] {logging_mixin.py:188} INFO - [2024-06-18T15:15:59.817+0530] {dag.py:3954} INFO - Setting next_dagrun for example_bash_decorator to None, run_after=None
[2024-06-18T15:15:59.838+0530] {processor.py:183} INFO - Processing /home/kiit/airflow-env/lib/python3.8/site-packages/airflow/example_dags/example_bash_decorator.py took 0.068 seconds
[2024-06-18T15:16:30.280+0530] {processor.py:161} INFO - Started process (PID=34877) to work on /home/kiit/airflow-env/lib/python3.8/site-packages/airflow/example_dags/example_bash_decorator.py
[2024-06-18T15:16:30.281+0530] {processor.py:830} INFO - Processing file /home/kiit/airflow-env/lib/python3.8/site-packages/airflow/example_dags/example_bash_decorator.py for tasks to queue
[2024-06-18T15:16:30.282+0530] {logging_mixin.py:188} INFO - [2024-06-18T15:16:30.282+0530] {dagbag.py:545} INFO - Filling up the DagBag from /home/kiit/airflow-env/lib/python3.8/site-packages/airflow/example_dags/example_bash_decorator.py
[2024-06-18T15:16:30.296+0530] {processor.py:840} INFO - DAG(s) 'example_bash_decorator' retrieved from /home/kiit/airflow-env/lib/python3.8/site-packages/airflow/example_dags/example_bash_decorator.py
[2024-06-18T15:16:30.370+0530] {logging_mixin.py:188} INFO - [2024-06-18T15:16:30.370+0530] {dag.py:3096} INFO - Sync 1 DAGs
[2024-06-18T15:16:30.379+0530] {logging_mixin.py:188} INFO - [2024-06-18T15:16:30.379+0530] {dag.py:3954} INFO - Setting next_dagrun for example_bash_decorator to None, run_after=None
[2024-06-18T15:16:30.408+0530] {processor.py:183} INFO - Processing /home/kiit/airflow-env/lib/python3.8/site-packages/airflow/example_dags/example_bash_decorator.py took 0.134 seconds
