[2024-06-18T13:05:40.025+0530] {processor.py:161} INFO - Started process (PID=25339) to work on /home/kiit/airflow-env/lib/python3.8/site-packages/airflow/example_dags/example_branch_operator_decorator.py
[2024-06-18T13:05:40.027+0530] {processor.py:830} INFO - Processing file /home/kiit/airflow-env/lib/python3.8/site-packages/airflow/example_dags/example_branch_operator_decorator.py for tasks to queue
[2024-06-18T13:05:40.030+0530] {logging_mixin.py:188} INFO - [2024-06-18T13:05:40.029+0530] {dagbag.py:545} INFO - Filling up the DagBag from /home/kiit/airflow-env/lib/python3.8/site-packages/airflow/example_dags/example_branch_operator_decorator.py
[2024-06-18T13:05:40.034+0530] {processor.py:842} WARNING - No viable dags retrieved from /home/kiit/airflow-env/lib/python3.8/site-packages/airflow/example_dags/example_branch_operator_decorator.py
[2024-06-18T13:05:40.053+0530] {processor.py:183} INFO - Processing /home/kiit/airflow-env/lib/python3.8/site-packages/airflow/example_dags/example_branch_operator_decorator.py took 0.037 seconds
[2024-06-18T13:06:37.322+0530] {processor.py:161} INFO - Started process (PID=25414) to work on /home/kiit/airflow-env/lib/python3.8/site-packages/airflow/example_dags/example_branch_operator_decorator.py
[2024-06-18T13:06:37.323+0530] {processor.py:830} INFO - Processing file /home/kiit/airflow-env/lib/python3.8/site-packages/airflow/example_dags/example_branch_operator_decorator.py for tasks to queue
[2024-06-18T13:06:37.324+0530] {logging_mixin.py:188} INFO - [2024-06-18T13:06:37.324+0530] {dagbag.py:545} INFO - Filling up the DagBag from /home/kiit/airflow-env/lib/python3.8/site-packages/airflow/example_dags/example_branch_operator_decorator.py
[2024-06-18T13:06:37.327+0530] {processor.py:842} WARNING - No viable dags retrieved from /home/kiit/airflow-env/lib/python3.8/site-packages/airflow/example_dags/example_branch_operator_decorator.py
[2024-06-18T13:06:37.337+0530] {processor.py:183} INFO - Processing /home/kiit/airflow-env/lib/python3.8/site-packages/airflow/example_dags/example_branch_operator_decorator.py took 0.019 seconds
[2024-06-18T13:07:23.851+0530] {processor.py:161} INFO - Started process (PID=25472) to work on /home/kiit/airflow-env/lib/python3.8/site-packages/airflow/example_dags/example_branch_operator_decorator.py
[2024-06-18T13:07:23.852+0530] {processor.py:830} INFO - Processing file /home/kiit/airflow-env/lib/python3.8/site-packages/airflow/example_dags/example_branch_operator_decorator.py for tasks to queue
[2024-06-18T13:07:23.854+0530] {logging_mixin.py:188} INFO - [2024-06-18T13:07:23.853+0530] {dagbag.py:545} INFO - Filling up the DagBag from /home/kiit/airflow-env/lib/python3.8/site-packages/airflow/example_dags/example_branch_operator_decorator.py
[2024-06-18T13:07:23.856+0530] {processor.py:842} WARNING - No viable dags retrieved from /home/kiit/airflow-env/lib/python3.8/site-packages/airflow/example_dags/example_branch_operator_decorator.py
[2024-06-18T13:07:23.862+0530] {processor.py:183} INFO - Processing /home/kiit/airflow-env/lib/python3.8/site-packages/airflow/example_dags/example_branch_operator_decorator.py took 0.015 seconds
[2024-06-18T13:08:20.206+0530] {processor.py:161} INFO - Started process (PID=25524) to work on /home/kiit/airflow-env/lib/python3.8/site-packages/airflow/example_dags/example_branch_operator_decorator.py
[2024-06-18T13:08:20.213+0530] {processor.py:830} INFO - Processing file /home/kiit/airflow-env/lib/python3.8/site-packages/airflow/example_dags/example_branch_operator_decorator.py for tasks to queue
[2024-06-18T13:08:20.214+0530] {logging_mixin.py:188} INFO - [2024-06-18T13:08:20.214+0530] {dagbag.py:545} INFO - Filling up the DagBag from /home/kiit/airflow-env/lib/python3.8/site-packages/airflow/example_dags/example_branch_operator_decorator.py
[2024-06-18T13:08:20.217+0530] {processor.py:842} WARNING - No viable dags retrieved from /home/kiit/airflow-env/lib/python3.8/site-packages/airflow/example_dags/example_branch_operator_decorator.py
[2024-06-18T13:08:20.226+0530] {processor.py:183} INFO - Processing /home/kiit/airflow-env/lib/python3.8/site-packages/airflow/example_dags/example_branch_operator_decorator.py took 0.024 seconds
[2024-06-18T13:09:07.064+0530] {processor.py:161} INFO - Started process (PID=25582) to work on /home/kiit/airflow-env/lib/python3.8/site-packages/airflow/example_dags/example_branch_operator_decorator.py
[2024-06-18T13:09:07.067+0530] {processor.py:830} INFO - Processing file /home/kiit/airflow-env/lib/python3.8/site-packages/airflow/example_dags/example_branch_operator_decorator.py for tasks to queue
[2024-06-18T13:09:07.068+0530] {logging_mixin.py:188} INFO - [2024-06-18T13:09:07.068+0530] {dagbag.py:545} INFO - Filling up the DagBag from /home/kiit/airflow-env/lib/python3.8/site-packages/airflow/example_dags/example_branch_operator_decorator.py
[2024-06-18T13:09:07.071+0530] {processor.py:842} WARNING - No viable dags retrieved from /home/kiit/airflow-env/lib/python3.8/site-packages/airflow/example_dags/example_branch_operator_decorator.py
[2024-06-18T13:09:07.078+0530] {processor.py:183} INFO - Processing /home/kiit/airflow-env/lib/python3.8/site-packages/airflow/example_dags/example_branch_operator_decorator.py took 0.019 seconds
[2024-06-18T13:09:56.937+0530] {processor.py:161} INFO - Started process (PID=25641) to work on /home/kiit/airflow-env/lib/python3.8/site-packages/airflow/example_dags/example_branch_operator_decorator.py
[2024-06-18T13:09:56.939+0530] {processor.py:830} INFO - Processing file /home/kiit/airflow-env/lib/python3.8/site-packages/airflow/example_dags/example_branch_operator_decorator.py for tasks to queue
[2024-06-18T13:09:56.941+0530] {logging_mixin.py:188} INFO - [2024-06-18T13:09:56.940+0530] {dagbag.py:545} INFO - Filling up the DagBag from /home/kiit/airflow-env/lib/python3.8/site-packages/airflow/example_dags/example_branch_operator_decorator.py
[2024-06-18T13:09:56.944+0530] {processor.py:842} WARNING - No viable dags retrieved from /home/kiit/airflow-env/lib/python3.8/site-packages/airflow/example_dags/example_branch_operator_decorator.py
[2024-06-18T13:09:56.955+0530] {processor.py:183} INFO - Processing /home/kiit/airflow-env/lib/python3.8/site-packages/airflow/example_dags/example_branch_operator_decorator.py took 0.025 seconds
[2024-06-18T13:10:42.009+0530] {processor.py:161} INFO - Started process (PID=25691) to work on /home/kiit/airflow-env/lib/python3.8/site-packages/airflow/example_dags/example_branch_operator_decorator.py
[2024-06-18T13:10:42.011+0530] {processor.py:830} INFO - Processing file /home/kiit/airflow-env/lib/python3.8/site-packages/airflow/example_dags/example_branch_operator_decorator.py for tasks to queue
[2024-06-18T13:10:42.013+0530] {logging_mixin.py:188} INFO - [2024-06-18T13:10:42.013+0530] {dagbag.py:545} INFO - Filling up the DagBag from /home/kiit/airflow-env/lib/python3.8/site-packages/airflow/example_dags/example_branch_operator_decorator.py
[2024-06-18T13:10:42.017+0530] {processor.py:842} WARNING - No viable dags retrieved from /home/kiit/airflow-env/lib/python3.8/site-packages/airflow/example_dags/example_branch_operator_decorator.py
[2024-06-18T13:10:42.028+0530] {processor.py:183} INFO - Processing /home/kiit/airflow-env/lib/python3.8/site-packages/airflow/example_dags/example_branch_operator_decorator.py took 0.026 seconds
[2024-06-18T13:11:29.394+0530] {processor.py:161} INFO - Started process (PID=25744) to work on /home/kiit/airflow-env/lib/python3.8/site-packages/airflow/example_dags/example_branch_operator_decorator.py
[2024-06-18T13:11:29.396+0530] {processor.py:830} INFO - Processing file /home/kiit/airflow-env/lib/python3.8/site-packages/airflow/example_dags/example_branch_operator_decorator.py for tasks to queue
[2024-06-18T13:11:29.398+0530] {logging_mixin.py:188} INFO - [2024-06-18T13:11:29.397+0530] {dagbag.py:545} INFO - Filling up the DagBag from /home/kiit/airflow-env/lib/python3.8/site-packages/airflow/example_dags/example_branch_operator_decorator.py
[2024-06-18T13:11:29.401+0530] {processor.py:842} WARNING - No viable dags retrieved from /home/kiit/airflow-env/lib/python3.8/site-packages/airflow/example_dags/example_branch_operator_decorator.py
[2024-06-18T13:11:29.410+0530] {processor.py:183} INFO - Processing /home/kiit/airflow-env/lib/python3.8/site-packages/airflow/example_dags/example_branch_operator_decorator.py took 0.022 seconds
[2024-06-18T13:12:11.772+0530] {processor.py:161} INFO - Started process (PID=25793) to work on /home/kiit/airflow-env/lib/python3.8/site-packages/airflow/example_dags/example_branch_operator_decorator.py
[2024-06-18T13:12:11.773+0530] {processor.py:830} INFO - Processing file /home/kiit/airflow-env/lib/python3.8/site-packages/airflow/example_dags/example_branch_operator_decorator.py for tasks to queue
[2024-06-18T13:12:11.774+0530] {logging_mixin.py:188} INFO - [2024-06-18T13:12:11.774+0530] {dagbag.py:545} INFO - Filling up the DagBag from /home/kiit/airflow-env/lib/python3.8/site-packages/airflow/example_dags/example_branch_operator_decorator.py
[2024-06-18T13:12:11.776+0530] {processor.py:842} WARNING - No viable dags retrieved from /home/kiit/airflow-env/lib/python3.8/site-packages/airflow/example_dags/example_branch_operator_decorator.py
[2024-06-18T13:12:11.785+0530] {processor.py:183} INFO - Processing /home/kiit/airflow-env/lib/python3.8/site-packages/airflow/example_dags/example_branch_operator_decorator.py took 0.018 seconds
[2024-06-18T13:12:51.772+0530] {processor.py:161} INFO - Started process (PID=25843) to work on /home/kiit/airflow-env/lib/python3.8/site-packages/airflow/example_dags/example_branch_operator_decorator.py
[2024-06-18T13:12:51.772+0530] {processor.py:830} INFO - Processing file /home/kiit/airflow-env/lib/python3.8/site-packages/airflow/example_dags/example_branch_operator_decorator.py for tasks to queue
[2024-06-18T13:12:51.774+0530] {logging_mixin.py:188} INFO - [2024-06-18T13:12:51.774+0530] {dagbag.py:545} INFO - Filling up the DagBag from /home/kiit/airflow-env/lib/python3.8/site-packages/airflow/example_dags/example_branch_operator_decorator.py
[2024-06-18T13:12:51.776+0530] {processor.py:842} WARNING - No viable dags retrieved from /home/kiit/airflow-env/lib/python3.8/site-packages/airflow/example_dags/example_branch_operator_decorator.py
[2024-06-18T13:12:51.785+0530] {processor.py:183} INFO - Processing /home/kiit/airflow-env/lib/python3.8/site-packages/airflow/example_dags/example_branch_operator_decorator.py took 0.019 seconds
[2024-06-18T13:13:29.230+0530] {processor.py:161} INFO - Started process (PID=25889) to work on /home/kiit/airflow-env/lib/python3.8/site-packages/airflow/example_dags/example_branch_operator_decorator.py
[2024-06-18T13:13:29.231+0530] {processor.py:830} INFO - Processing file /home/kiit/airflow-env/lib/python3.8/site-packages/airflow/example_dags/example_branch_operator_decorator.py for tasks to queue
[2024-06-18T13:13:29.232+0530] {logging_mixin.py:188} INFO - [2024-06-18T13:13:29.232+0530] {dagbag.py:545} INFO - Filling up the DagBag from /home/kiit/airflow-env/lib/python3.8/site-packages/airflow/example_dags/example_branch_operator_decorator.py
[2024-06-18T13:13:29.234+0530] {processor.py:842} WARNING - No viable dags retrieved from /home/kiit/airflow-env/lib/python3.8/site-packages/airflow/example_dags/example_branch_operator_decorator.py
[2024-06-18T13:13:29.241+0530] {processor.py:183} INFO - Processing /home/kiit/airflow-env/lib/python3.8/site-packages/airflow/example_dags/example_branch_operator_decorator.py took 0.016 seconds
[2024-06-18T13:14:07.844+0530] {processor.py:161} INFO - Started process (PID=25936) to work on /home/kiit/airflow-env/lib/python3.8/site-packages/airflow/example_dags/example_branch_operator_decorator.py
[2024-06-18T13:14:07.844+0530] {processor.py:830} INFO - Processing file /home/kiit/airflow-env/lib/python3.8/site-packages/airflow/example_dags/example_branch_operator_decorator.py for tasks to queue
[2024-06-18T13:14:07.845+0530] {logging_mixin.py:188} INFO - [2024-06-18T13:14:07.845+0530] {dagbag.py:545} INFO - Filling up the DagBag from /home/kiit/airflow-env/lib/python3.8/site-packages/airflow/example_dags/example_branch_operator_decorator.py
[2024-06-18T13:14:07.847+0530] {processor.py:842} WARNING - No viable dags retrieved from /home/kiit/airflow-env/lib/python3.8/site-packages/airflow/example_dags/example_branch_operator_decorator.py
[2024-06-18T13:14:07.853+0530] {processor.py:183} INFO - Processing /home/kiit/airflow-env/lib/python3.8/site-packages/airflow/example_dags/example_branch_operator_decorator.py took 0.014 seconds
[2024-06-18T13:14:46.398+0530] {processor.py:161} INFO - Started process (PID=25983) to work on /home/kiit/airflow-env/lib/python3.8/site-packages/airflow/example_dags/example_branch_operator_decorator.py
[2024-06-18T13:14:46.404+0530] {processor.py:830} INFO - Processing file /home/kiit/airflow-env/lib/python3.8/site-packages/airflow/example_dags/example_branch_operator_decorator.py for tasks to queue
[2024-06-18T13:14:46.406+0530] {logging_mixin.py:188} INFO - [2024-06-18T13:14:46.405+0530] {dagbag.py:545} INFO - Filling up the DagBag from /home/kiit/airflow-env/lib/python3.8/site-packages/airflow/example_dags/example_branch_operator_decorator.py
[2024-06-18T13:14:46.408+0530] {processor.py:842} WARNING - No viable dags retrieved from /home/kiit/airflow-env/lib/python3.8/site-packages/airflow/example_dags/example_branch_operator_decorator.py
[2024-06-18T13:14:46.414+0530] {processor.py:183} INFO - Processing /home/kiit/airflow-env/lib/python3.8/site-packages/airflow/example_dags/example_branch_operator_decorator.py took 0.021 seconds
[2024-06-18T13:15:28.465+0530] {processor.py:161} INFO - Started process (PID=26032) to work on /home/kiit/airflow-env/lib/python3.8/site-packages/airflow/example_dags/example_branch_operator_decorator.py
[2024-06-18T13:15:28.466+0530] {processor.py:830} INFO - Processing file /home/kiit/airflow-env/lib/python3.8/site-packages/airflow/example_dags/example_branch_operator_decorator.py for tasks to queue
[2024-06-18T13:15:28.468+0530] {logging_mixin.py:188} INFO - [2024-06-18T13:15:28.467+0530] {dagbag.py:545} INFO - Filling up the DagBag from /home/kiit/airflow-env/lib/python3.8/site-packages/airflow/example_dags/example_branch_operator_decorator.py
[2024-06-18T13:15:28.473+0530] {processor.py:842} WARNING - No viable dags retrieved from /home/kiit/airflow-env/lib/python3.8/site-packages/airflow/example_dags/example_branch_operator_decorator.py
[2024-06-18T13:15:28.486+0530] {processor.py:183} INFO - Processing /home/kiit/airflow-env/lib/python3.8/site-packages/airflow/example_dags/example_branch_operator_decorator.py took 0.029 seconds
[2024-06-18T13:16:09.559+0530] {processor.py:161} INFO - Started process (PID=26081) to work on /home/kiit/airflow-env/lib/python3.8/site-packages/airflow/example_dags/example_branch_operator_decorator.py
[2024-06-18T13:16:09.560+0530] {processor.py:830} INFO - Processing file /home/kiit/airflow-env/lib/python3.8/site-packages/airflow/example_dags/example_branch_operator_decorator.py for tasks to queue
[2024-06-18T13:16:09.561+0530] {logging_mixin.py:188} INFO - [2024-06-18T13:16:09.560+0530] {dagbag.py:545} INFO - Filling up the DagBag from /home/kiit/airflow-env/lib/python3.8/site-packages/airflow/example_dags/example_branch_operator_decorator.py
[2024-06-18T13:16:09.562+0530] {processor.py:842} WARNING - No viable dags retrieved from /home/kiit/airflow-env/lib/python3.8/site-packages/airflow/example_dags/example_branch_operator_decorator.py
[2024-06-18T13:16:09.569+0530] {processor.py:183} INFO - Processing /home/kiit/airflow-env/lib/python3.8/site-packages/airflow/example_dags/example_branch_operator_decorator.py took 0.015 seconds
[2024-06-18T13:16:47.706+0530] {processor.py:161} INFO - Started process (PID=26129) to work on /home/kiit/airflow-env/lib/python3.8/site-packages/airflow/example_dags/example_branch_operator_decorator.py
[2024-06-18T13:16:47.707+0530] {processor.py:830} INFO - Processing file /home/kiit/airflow-env/lib/python3.8/site-packages/airflow/example_dags/example_branch_operator_decorator.py for tasks to queue
[2024-06-18T13:16:47.708+0530] {logging_mixin.py:188} INFO - [2024-06-18T13:16:47.708+0530] {dagbag.py:545} INFO - Filling up the DagBag from /home/kiit/airflow-env/lib/python3.8/site-packages/airflow/example_dags/example_branch_operator_decorator.py
[2024-06-18T13:16:47.710+0530] {processor.py:842} WARNING - No viable dags retrieved from /home/kiit/airflow-env/lib/python3.8/site-packages/airflow/example_dags/example_branch_operator_decorator.py
[2024-06-18T13:16:47.717+0530] {processor.py:183} INFO - Processing /home/kiit/airflow-env/lib/python3.8/site-packages/airflow/example_dags/example_branch_operator_decorator.py took 0.015 seconds
[2024-06-18T13:17:26.063+0530] {processor.py:161} INFO - Started process (PID=26174) to work on /home/kiit/airflow-env/lib/python3.8/site-packages/airflow/example_dags/example_branch_operator_decorator.py
[2024-06-18T13:17:26.064+0530] {processor.py:830} INFO - Processing file /home/kiit/airflow-env/lib/python3.8/site-packages/airflow/example_dags/example_branch_operator_decorator.py for tasks to queue
[2024-06-18T13:17:26.065+0530] {logging_mixin.py:188} INFO - [2024-06-18T13:17:26.065+0530] {dagbag.py:545} INFO - Filling up the DagBag from /home/kiit/airflow-env/lib/python3.8/site-packages/airflow/example_dags/example_branch_operator_decorator.py
[2024-06-18T13:17:26.067+0530] {processor.py:842} WARNING - No viable dags retrieved from /home/kiit/airflow-env/lib/python3.8/site-packages/airflow/example_dags/example_branch_operator_decorator.py
[2024-06-18T13:17:26.074+0530] {processor.py:183} INFO - Processing /home/kiit/airflow-env/lib/python3.8/site-packages/airflow/example_dags/example_branch_operator_decorator.py took 0.016 seconds
[2024-06-18T13:18:06.538+0530] {processor.py:161} INFO - Started process (PID=26223) to work on /home/kiit/airflow-env/lib/python3.8/site-packages/airflow/example_dags/example_branch_operator_decorator.py
[2024-06-18T13:18:06.539+0530] {processor.py:830} INFO - Processing file /home/kiit/airflow-env/lib/python3.8/site-packages/airflow/example_dags/example_branch_operator_decorator.py for tasks to queue
[2024-06-18T13:18:06.541+0530] {logging_mixin.py:188} INFO - [2024-06-18T13:18:06.540+0530] {dagbag.py:545} INFO - Filling up the DagBag from /home/kiit/airflow-env/lib/python3.8/site-packages/airflow/example_dags/example_branch_operator_decorator.py
[2024-06-18T13:18:06.543+0530] {processor.py:842} WARNING - No viable dags retrieved from /home/kiit/airflow-env/lib/python3.8/site-packages/airflow/example_dags/example_branch_operator_decorator.py
[2024-06-18T13:18:06.552+0530] {processor.py:183} INFO - Processing /home/kiit/airflow-env/lib/python3.8/site-packages/airflow/example_dags/example_branch_operator_decorator.py took 0.019 seconds
[2024-06-18T13:18:51.655+0530] {processor.py:161} INFO - Started process (PID=26274) to work on /home/kiit/airflow-env/lib/python3.8/site-packages/airflow/example_dags/example_branch_operator_decorator.py
[2024-06-18T13:18:51.656+0530] {processor.py:830} INFO - Processing file /home/kiit/airflow-env/lib/python3.8/site-packages/airflow/example_dags/example_branch_operator_decorator.py for tasks to queue
[2024-06-18T13:18:51.658+0530] {logging_mixin.py:188} INFO - [2024-06-18T13:18:51.657+0530] {dagbag.py:545} INFO - Filling up the DagBag from /home/kiit/airflow-env/lib/python3.8/site-packages/airflow/example_dags/example_branch_operator_decorator.py
[2024-06-18T13:18:51.660+0530] {processor.py:842} WARNING - No viable dags retrieved from /home/kiit/airflow-env/lib/python3.8/site-packages/airflow/example_dags/example_branch_operator_decorator.py
[2024-06-18T13:18:51.668+0530] {processor.py:183} INFO - Processing /home/kiit/airflow-env/lib/python3.8/site-packages/airflow/example_dags/example_branch_operator_decorator.py took 0.018 seconds
[2024-06-18T13:19:32.097+0530] {processor.py:161} INFO - Started process (PID=26323) to work on /home/kiit/airflow-env/lib/python3.8/site-packages/airflow/example_dags/example_branch_operator_decorator.py
[2024-06-18T13:19:32.098+0530] {processor.py:830} INFO - Processing file /home/kiit/airflow-env/lib/python3.8/site-packages/airflow/example_dags/example_branch_operator_decorator.py for tasks to queue
[2024-06-18T13:19:32.099+0530] {logging_mixin.py:188} INFO - [2024-06-18T13:19:32.099+0530] {dagbag.py:545} INFO - Filling up the DagBag from /home/kiit/airflow-env/lib/python3.8/site-packages/airflow/example_dags/example_branch_operator_decorator.py
[2024-06-18T13:19:32.101+0530] {processor.py:842} WARNING - No viable dags retrieved from /home/kiit/airflow-env/lib/python3.8/site-packages/airflow/example_dags/example_branch_operator_decorator.py
[2024-06-18T13:19:32.108+0530] {processor.py:183} INFO - Processing /home/kiit/airflow-env/lib/python3.8/site-packages/airflow/example_dags/example_branch_operator_decorator.py took 0.016 seconds
[2024-06-18T13:20:10.302+0530] {processor.py:161} INFO - Started process (PID=26371) to work on /home/kiit/airflow-env/lib/python3.8/site-packages/airflow/example_dags/example_branch_operator_decorator.py
[2024-06-18T13:20:10.303+0530] {processor.py:830} INFO - Processing file /home/kiit/airflow-env/lib/python3.8/site-packages/airflow/example_dags/example_branch_operator_decorator.py for tasks to queue
[2024-06-18T13:20:10.304+0530] {logging_mixin.py:188} INFO - [2024-06-18T13:20:10.304+0530] {dagbag.py:545} INFO - Filling up the DagBag from /home/kiit/airflow-env/lib/python3.8/site-packages/airflow/example_dags/example_branch_operator_decorator.py
[2024-06-18T13:20:10.306+0530] {processor.py:842} WARNING - No viable dags retrieved from /home/kiit/airflow-env/lib/python3.8/site-packages/airflow/example_dags/example_branch_operator_decorator.py
[2024-06-18T13:20:10.313+0530] {processor.py:183} INFO - Processing /home/kiit/airflow-env/lib/python3.8/site-packages/airflow/example_dags/example_branch_operator_decorator.py took 0.016 seconds
[2024-06-18T13:20:48.448+0530] {processor.py:161} INFO - Started process (PID=26417) to work on /home/kiit/airflow-env/lib/python3.8/site-packages/airflow/example_dags/example_branch_operator_decorator.py
[2024-06-18T13:20:48.448+0530] {processor.py:830} INFO - Processing file /home/kiit/airflow-env/lib/python3.8/site-packages/airflow/example_dags/example_branch_operator_decorator.py for tasks to queue
[2024-06-18T13:20:48.449+0530] {logging_mixin.py:188} INFO - [2024-06-18T13:20:48.449+0530] {dagbag.py:545} INFO - Filling up the DagBag from /home/kiit/airflow-env/lib/python3.8/site-packages/airflow/example_dags/example_branch_operator_decorator.py
[2024-06-18T13:20:48.452+0530] {processor.py:842} WARNING - No viable dags retrieved from /home/kiit/airflow-env/lib/python3.8/site-packages/airflow/example_dags/example_branch_operator_decorator.py
[2024-06-18T13:20:48.458+0530] {processor.py:183} INFO - Processing /home/kiit/airflow-env/lib/python3.8/site-packages/airflow/example_dags/example_branch_operator_decorator.py took 0.016 seconds
[2024-06-18T13:21:26.179+0530] {processor.py:161} INFO - Started process (PID=26464) to work on /home/kiit/airflow-env/lib/python3.8/site-packages/airflow/example_dags/example_branch_operator_decorator.py
[2024-06-18T13:21:26.181+0530] {processor.py:830} INFO - Processing file /home/kiit/airflow-env/lib/python3.8/site-packages/airflow/example_dags/example_branch_operator_decorator.py for tasks to queue
[2024-06-18T13:21:26.183+0530] {logging_mixin.py:188} INFO - [2024-06-18T13:21:26.182+0530] {dagbag.py:545} INFO - Filling up the DagBag from /home/kiit/airflow-env/lib/python3.8/site-packages/airflow/example_dags/example_branch_operator_decorator.py
[2024-06-18T13:21:26.185+0530] {processor.py:842} WARNING - No viable dags retrieved from /home/kiit/airflow-env/lib/python3.8/site-packages/airflow/example_dags/example_branch_operator_decorator.py
[2024-06-18T13:21:26.194+0530] {processor.py:183} INFO - Processing /home/kiit/airflow-env/lib/python3.8/site-packages/airflow/example_dags/example_branch_operator_decorator.py took 0.019 seconds
[2024-06-18T13:22:04.112+0530] {processor.py:161} INFO - Started process (PID=26510) to work on /home/kiit/airflow-env/lib/python3.8/site-packages/airflow/example_dags/example_branch_operator_decorator.py
[2024-06-18T13:22:04.113+0530] {processor.py:830} INFO - Processing file /home/kiit/airflow-env/lib/python3.8/site-packages/airflow/example_dags/example_branch_operator_decorator.py for tasks to queue
[2024-06-18T13:22:04.115+0530] {logging_mixin.py:188} INFO - [2024-06-18T13:22:04.114+0530] {dagbag.py:545} INFO - Filling up the DagBag from /home/kiit/airflow-env/lib/python3.8/site-packages/airflow/example_dags/example_branch_operator_decorator.py
[2024-06-18T13:22:04.117+0530] {processor.py:842} WARNING - No viable dags retrieved from /home/kiit/airflow-env/lib/python3.8/site-packages/airflow/example_dags/example_branch_operator_decorator.py
[2024-06-18T13:22:04.126+0530] {processor.py:183} INFO - Processing /home/kiit/airflow-env/lib/python3.8/site-packages/airflow/example_dags/example_branch_operator_decorator.py took 0.019 seconds
[2024-06-18T13:22:42.236+0530] {processor.py:161} INFO - Started process (PID=26558) to work on /home/kiit/airflow-env/lib/python3.8/site-packages/airflow/example_dags/example_branch_operator_decorator.py
[2024-06-18T13:22:42.237+0530] {processor.py:830} INFO - Processing file /home/kiit/airflow-env/lib/python3.8/site-packages/airflow/example_dags/example_branch_operator_decorator.py for tasks to queue
[2024-06-18T13:22:42.238+0530] {logging_mixin.py:188} INFO - [2024-06-18T13:22:42.238+0530] {dagbag.py:545} INFO - Filling up the DagBag from /home/kiit/airflow-env/lib/python3.8/site-packages/airflow/example_dags/example_branch_operator_decorator.py
[2024-06-18T13:22:42.242+0530] {processor.py:842} WARNING - No viable dags retrieved from /home/kiit/airflow-env/lib/python3.8/site-packages/airflow/example_dags/example_branch_operator_decorator.py
[2024-06-18T13:22:42.253+0530] {processor.py:183} INFO - Processing /home/kiit/airflow-env/lib/python3.8/site-packages/airflow/example_dags/example_branch_operator_decorator.py took 0.025 seconds
[2024-06-18T13:23:19.392+0530] {processor.py:161} INFO - Started process (PID=26602) to work on /home/kiit/airflow-env/lib/python3.8/site-packages/airflow/example_dags/example_branch_operator_decorator.py
[2024-06-18T13:23:19.393+0530] {processor.py:830} INFO - Processing file /home/kiit/airflow-env/lib/python3.8/site-packages/airflow/example_dags/example_branch_operator_decorator.py for tasks to queue
[2024-06-18T13:23:19.394+0530] {logging_mixin.py:188} INFO - [2024-06-18T13:23:19.393+0530] {dagbag.py:545} INFO - Filling up the DagBag from /home/kiit/airflow-env/lib/python3.8/site-packages/airflow/example_dags/example_branch_operator_decorator.py
[2024-06-18T13:23:19.395+0530] {processor.py:842} WARNING - No viable dags retrieved from /home/kiit/airflow-env/lib/python3.8/site-packages/airflow/example_dags/example_branch_operator_decorator.py
[2024-06-18T13:23:19.402+0530] {processor.py:183} INFO - Processing /home/kiit/airflow-env/lib/python3.8/site-packages/airflow/example_dags/example_branch_operator_decorator.py took 0.015 seconds
[2024-06-18T13:23:57.799+0530] {processor.py:161} INFO - Started process (PID=26650) to work on /home/kiit/airflow-env/lib/python3.8/site-packages/airflow/example_dags/example_branch_operator_decorator.py
[2024-06-18T13:23:57.806+0530] {processor.py:830} INFO - Processing file /home/kiit/airflow-env/lib/python3.8/site-packages/airflow/example_dags/example_branch_operator_decorator.py for tasks to queue
[2024-06-18T13:23:57.807+0530] {logging_mixin.py:188} INFO - [2024-06-18T13:23:57.807+0530] {dagbag.py:545} INFO - Filling up the DagBag from /home/kiit/airflow-env/lib/python3.8/site-packages/airflow/example_dags/example_branch_operator_decorator.py
[2024-06-18T13:23:57.809+0530] {processor.py:842} WARNING - No viable dags retrieved from /home/kiit/airflow-env/lib/python3.8/site-packages/airflow/example_dags/example_branch_operator_decorator.py
[2024-06-18T13:23:57.816+0530] {processor.py:183} INFO - Processing /home/kiit/airflow-env/lib/python3.8/site-packages/airflow/example_dags/example_branch_operator_decorator.py took 0.021 seconds
[2024-06-18T13:24:38.329+0530] {processor.py:161} INFO - Started process (PID=26698) to work on /home/kiit/airflow-env/lib/python3.8/site-packages/airflow/example_dags/example_branch_operator_decorator.py
[2024-06-18T13:24:38.330+0530] {processor.py:830} INFO - Processing file /home/kiit/airflow-env/lib/python3.8/site-packages/airflow/example_dags/example_branch_operator_decorator.py for tasks to queue
[2024-06-18T13:24:38.332+0530] {logging_mixin.py:188} INFO - [2024-06-18T13:24:38.331+0530] {dagbag.py:545} INFO - Filling up the DagBag from /home/kiit/airflow-env/lib/python3.8/site-packages/airflow/example_dags/example_branch_operator_decorator.py
[2024-06-18T13:24:38.334+0530] {processor.py:842} WARNING - No viable dags retrieved from /home/kiit/airflow-env/lib/python3.8/site-packages/airflow/example_dags/example_branch_operator_decorator.py
[2024-06-18T13:24:38.343+0530] {processor.py:183} INFO - Processing /home/kiit/airflow-env/lib/python3.8/site-packages/airflow/example_dags/example_branch_operator_decorator.py took 0.020 seconds
[2024-06-18T13:25:16.529+0530] {processor.py:161} INFO - Started process (PID=26750) to work on /home/kiit/airflow-env/lib/python3.8/site-packages/airflow/example_dags/example_branch_operator_decorator.py
[2024-06-18T13:25:16.531+0530] {processor.py:830} INFO - Processing file /home/kiit/airflow-env/lib/python3.8/site-packages/airflow/example_dags/example_branch_operator_decorator.py for tasks to queue
[2024-06-18T13:25:16.532+0530] {logging_mixin.py:188} INFO - [2024-06-18T13:25:16.532+0530] {dagbag.py:545} INFO - Filling up the DagBag from /home/kiit/airflow-env/lib/python3.8/site-packages/airflow/example_dags/example_branch_operator_decorator.py
[2024-06-18T13:25:16.536+0530] {processor.py:842} WARNING - No viable dags retrieved from /home/kiit/airflow-env/lib/python3.8/site-packages/airflow/example_dags/example_branch_operator_decorator.py
[2024-06-18T13:25:16.544+0530] {processor.py:183} INFO - Processing /home/kiit/airflow-env/lib/python3.8/site-packages/airflow/example_dags/example_branch_operator_decorator.py took 0.019 seconds
[2024-06-18T13:25:52.960+0530] {processor.py:161} INFO - Started process (PID=26795) to work on /home/kiit/airflow-env/lib/python3.8/site-packages/airflow/example_dags/example_branch_operator_decorator.py
[2024-06-18T13:25:52.961+0530] {processor.py:830} INFO - Processing file /home/kiit/airflow-env/lib/python3.8/site-packages/airflow/example_dags/example_branch_operator_decorator.py for tasks to queue
[2024-06-18T13:25:52.962+0530] {logging_mixin.py:188} INFO - [2024-06-18T13:25:52.962+0530] {dagbag.py:545} INFO - Filling up the DagBag from /home/kiit/airflow-env/lib/python3.8/site-packages/airflow/example_dags/example_branch_operator_decorator.py
[2024-06-18T13:25:52.965+0530] {processor.py:842} WARNING - No viable dags retrieved from /home/kiit/airflow-env/lib/python3.8/site-packages/airflow/example_dags/example_branch_operator_decorator.py
[2024-06-18T13:25:52.974+0530] {processor.py:183} INFO - Processing /home/kiit/airflow-env/lib/python3.8/site-packages/airflow/example_dags/example_branch_operator_decorator.py took 0.021 seconds
[2024-06-18T13:26:34.092+0530] {processor.py:161} INFO - Started process (PID=26843) to work on /home/kiit/airflow-env/lib/python3.8/site-packages/airflow/example_dags/example_branch_operator_decorator.py
[2024-06-18T13:26:34.093+0530] {processor.py:830} INFO - Processing file /home/kiit/airflow-env/lib/python3.8/site-packages/airflow/example_dags/example_branch_operator_decorator.py for tasks to queue
[2024-06-18T13:26:34.095+0530] {logging_mixin.py:188} INFO - [2024-06-18T13:26:34.094+0530] {dagbag.py:545} INFO - Filling up the DagBag from /home/kiit/airflow-env/lib/python3.8/site-packages/airflow/example_dags/example_branch_operator_decorator.py
[2024-06-18T13:26:34.097+0530] {processor.py:842} WARNING - No viable dags retrieved from /home/kiit/airflow-env/lib/python3.8/site-packages/airflow/example_dags/example_branch_operator_decorator.py
[2024-06-18T13:26:34.107+0530] {processor.py:183} INFO - Processing /home/kiit/airflow-env/lib/python3.8/site-packages/airflow/example_dags/example_branch_operator_decorator.py took 0.021 seconds
[2024-06-18T13:27:26.845+0530] {processor.py:161} INFO - Started process (PID=26897) to work on /home/kiit/airflow-env/lib/python3.8/site-packages/airflow/example_dags/example_branch_operator_decorator.py
[2024-06-18T13:27:26.847+0530] {processor.py:830} INFO - Processing file /home/kiit/airflow-env/lib/python3.8/site-packages/airflow/example_dags/example_branch_operator_decorator.py for tasks to queue
[2024-06-18T13:27:26.848+0530] {logging_mixin.py:188} INFO - [2024-06-18T13:27:26.848+0530] {dagbag.py:545} INFO - Filling up the DagBag from /home/kiit/airflow-env/lib/python3.8/site-packages/airflow/example_dags/example_branch_operator_decorator.py
[2024-06-18T13:27:26.850+0530] {processor.py:842} WARNING - No viable dags retrieved from /home/kiit/airflow-env/lib/python3.8/site-packages/airflow/example_dags/example_branch_operator_decorator.py
[2024-06-18T13:27:26.857+0530] {processor.py:183} INFO - Processing /home/kiit/airflow-env/lib/python3.8/site-packages/airflow/example_dags/example_branch_operator_decorator.py took 0.016 seconds
[2024-06-18T13:28:23.793+0530] {processor.py:161} INFO - Started process (PID=26947) to work on /home/kiit/airflow-env/lib/python3.8/site-packages/airflow/example_dags/example_branch_operator_decorator.py
[2024-06-18T13:28:23.794+0530] {processor.py:830} INFO - Processing file /home/kiit/airflow-env/lib/python3.8/site-packages/airflow/example_dags/example_branch_operator_decorator.py for tasks to queue
[2024-06-18T13:28:23.796+0530] {logging_mixin.py:188} INFO - [2024-06-18T13:28:23.795+0530] {dagbag.py:545} INFO - Filling up the DagBag from /home/kiit/airflow-env/lib/python3.8/site-packages/airflow/example_dags/example_branch_operator_decorator.py
[2024-06-18T13:28:23.799+0530] {processor.py:842} WARNING - No viable dags retrieved from /home/kiit/airflow-env/lib/python3.8/site-packages/airflow/example_dags/example_branch_operator_decorator.py
[2024-06-18T13:28:23.813+0530] {processor.py:183} INFO - Processing /home/kiit/airflow-env/lib/python3.8/site-packages/airflow/example_dags/example_branch_operator_decorator.py took 0.029 seconds
[2024-06-18T13:29:14.063+0530] {processor.py:161} INFO - Started process (PID=26990) to work on /home/kiit/airflow-env/lib/python3.8/site-packages/airflow/example_dags/example_branch_operator_decorator.py
[2024-06-18T13:29:14.066+0530] {processor.py:830} INFO - Processing file /home/kiit/airflow-env/lib/python3.8/site-packages/airflow/example_dags/example_branch_operator_decorator.py for tasks to queue
[2024-06-18T13:29:14.069+0530] {logging_mixin.py:188} INFO - [2024-06-18T13:29:14.068+0530] {dagbag.py:545} INFO - Filling up the DagBag from /home/kiit/airflow-env/lib/python3.8/site-packages/airflow/example_dags/example_branch_operator_decorator.py
[2024-06-18T13:29:14.076+0530] {processor.py:842} WARNING - No viable dags retrieved from /home/kiit/airflow-env/lib/python3.8/site-packages/airflow/example_dags/example_branch_operator_decorator.py
[2024-06-18T13:29:14.095+0530] {processor.py:183} INFO - Processing /home/kiit/airflow-env/lib/python3.8/site-packages/airflow/example_dags/example_branch_operator_decorator.py took 0.046 seconds
[2024-06-18T13:30:10.102+0530] {processor.py:161} INFO - Started process (PID=27056) to work on /home/kiit/airflow-env/lib/python3.8/site-packages/airflow/example_dags/example_branch_operator_decorator.py
[2024-06-18T13:30:10.103+0530] {processor.py:830} INFO - Processing file /home/kiit/airflow-env/lib/python3.8/site-packages/airflow/example_dags/example_branch_operator_decorator.py for tasks to queue
[2024-06-18T13:30:10.105+0530] {logging_mixin.py:188} INFO - [2024-06-18T13:30:10.104+0530] {dagbag.py:545} INFO - Filling up the DagBag from /home/kiit/airflow-env/lib/python3.8/site-packages/airflow/example_dags/example_branch_operator_decorator.py
[2024-06-18T13:30:10.107+0530] {processor.py:842} WARNING - No viable dags retrieved from /home/kiit/airflow-env/lib/python3.8/site-packages/airflow/example_dags/example_branch_operator_decorator.py
[2024-06-18T13:30:10.117+0530] {processor.py:183} INFO - Processing /home/kiit/airflow-env/lib/python3.8/site-packages/airflow/example_dags/example_branch_operator_decorator.py took 0.019 seconds
[2024-06-18T13:30:58.969+0530] {processor.py:161} INFO - Started process (PID=27125) to work on /home/kiit/airflow-env/lib/python3.8/site-packages/airflow/example_dags/example_branch_operator_decorator.py
[2024-06-18T13:30:58.972+0530] {processor.py:830} INFO - Processing file /home/kiit/airflow-env/lib/python3.8/site-packages/airflow/example_dags/example_branch_operator_decorator.py for tasks to queue
[2024-06-18T13:30:58.978+0530] {logging_mixin.py:188} INFO - [2024-06-18T13:30:58.976+0530] {dagbag.py:545} INFO - Filling up the DagBag from /home/kiit/airflow-env/lib/python3.8/site-packages/airflow/example_dags/example_branch_operator_decorator.py
[2024-06-18T13:30:58.985+0530] {processor.py:842} WARNING - No viable dags retrieved from /home/kiit/airflow-env/lib/python3.8/site-packages/airflow/example_dags/example_branch_operator_decorator.py
[2024-06-18T13:30:59.016+0530] {processor.py:183} INFO - Processing /home/kiit/airflow-env/lib/python3.8/site-packages/airflow/example_dags/example_branch_operator_decorator.py took 0.067 seconds
[2024-06-18T13:31:56.338+0530] {processor.py:161} INFO - Started process (PID=27456) to work on /home/kiit/airflow-env/lib/python3.8/site-packages/airflow/example_dags/example_branch_operator_decorator.py
[2024-06-18T13:31:56.339+0530] {processor.py:830} INFO - Processing file /home/kiit/airflow-env/lib/python3.8/site-packages/airflow/example_dags/example_branch_operator_decorator.py for tasks to queue
[2024-06-18T13:31:56.341+0530] {logging_mixin.py:188} INFO - [2024-06-18T13:31:56.341+0530] {dagbag.py:545} INFO - Filling up the DagBag from /home/kiit/airflow-env/lib/python3.8/site-packages/airflow/example_dags/example_branch_operator_decorator.py
[2024-06-18T13:31:56.344+0530] {processor.py:842} WARNING - No viable dags retrieved from /home/kiit/airflow-env/lib/python3.8/site-packages/airflow/example_dags/example_branch_operator_decorator.py
[2024-06-18T13:31:56.355+0530] {processor.py:183} INFO - Processing /home/kiit/airflow-env/lib/python3.8/site-packages/airflow/example_dags/example_branch_operator_decorator.py took 0.023 seconds
[2024-06-18T13:32:37.323+0530] {processor.py:161} INFO - Started process (PID=28139) to work on /home/kiit/airflow-env/lib/python3.8/site-packages/airflow/example_dags/example_branch_operator_decorator.py
[2024-06-18T13:32:37.324+0530] {processor.py:830} INFO - Processing file /home/kiit/airflow-env/lib/python3.8/site-packages/airflow/example_dags/example_branch_operator_decorator.py for tasks to queue
[2024-06-18T13:32:37.326+0530] {logging_mixin.py:188} INFO - [2024-06-18T13:32:37.325+0530] {dagbag.py:545} INFO - Filling up the DagBag from /home/kiit/airflow-env/lib/python3.8/site-packages/airflow/example_dags/example_branch_operator_decorator.py
[2024-06-18T13:32:37.329+0530] {processor.py:842} WARNING - No viable dags retrieved from /home/kiit/airflow-env/lib/python3.8/site-packages/airflow/example_dags/example_branch_operator_decorator.py
[2024-06-18T13:32:37.336+0530] {processor.py:183} INFO - Processing /home/kiit/airflow-env/lib/python3.8/site-packages/airflow/example_dags/example_branch_operator_decorator.py took 0.018 seconds
[2024-06-18T13:33:19.009+0530] {processor.py:161} INFO - Started process (PID=28715) to work on /home/kiit/airflow-env/lib/python3.8/site-packages/airflow/example_dags/example_branch_operator_decorator.py
[2024-06-18T13:33:19.015+0530] {processor.py:830} INFO - Processing file /home/kiit/airflow-env/lib/python3.8/site-packages/airflow/example_dags/example_branch_operator_decorator.py for tasks to queue
[2024-06-18T13:33:19.016+0530] {logging_mixin.py:188} INFO - [2024-06-18T13:33:19.016+0530] {dagbag.py:545} INFO - Filling up the DagBag from /home/kiit/airflow-env/lib/python3.8/site-packages/airflow/example_dags/example_branch_operator_decorator.py
[2024-06-18T13:33:19.019+0530] {processor.py:842} WARNING - No viable dags retrieved from /home/kiit/airflow-env/lib/python3.8/site-packages/airflow/example_dags/example_branch_operator_decorator.py
[2024-06-18T13:33:19.028+0530] {processor.py:183} INFO - Processing /home/kiit/airflow-env/lib/python3.8/site-packages/airflow/example_dags/example_branch_operator_decorator.py took 0.026 seconds
[2024-06-18T13:34:00.858+0530] {processor.py:161} INFO - Started process (PID=30419) to work on /home/kiit/airflow-env/lib/python3.8/site-packages/airflow/example_dags/example_branch_operator_decorator.py
[2024-06-18T13:34:00.860+0530] {processor.py:830} INFO - Processing file /home/kiit/airflow-env/lib/python3.8/site-packages/airflow/example_dags/example_branch_operator_decorator.py for tasks to queue
[2024-06-18T13:34:00.862+0530] {logging_mixin.py:188} INFO - [2024-06-18T13:34:00.861+0530] {dagbag.py:545} INFO - Filling up the DagBag from /home/kiit/airflow-env/lib/python3.8/site-packages/airflow/example_dags/example_branch_operator_decorator.py
[2024-06-18T13:34:00.864+0530] {processor.py:842} WARNING - No viable dags retrieved from /home/kiit/airflow-env/lib/python3.8/site-packages/airflow/example_dags/example_branch_operator_decorator.py
[2024-06-18T13:34:00.872+0530] {processor.py:183} INFO - Processing /home/kiit/airflow-env/lib/python3.8/site-packages/airflow/example_dags/example_branch_operator_decorator.py took 0.018 seconds
[2024-06-18T13:34:39.992+0530] {processor.py:161} INFO - Started process (PID=30469) to work on /home/kiit/airflow-env/lib/python3.8/site-packages/airflow/example_dags/example_branch_operator_decorator.py
[2024-06-18T13:34:39.994+0530] {processor.py:830} INFO - Processing file /home/kiit/airflow-env/lib/python3.8/site-packages/airflow/example_dags/example_branch_operator_decorator.py for tasks to queue
[2024-06-18T13:34:39.995+0530] {logging_mixin.py:188} INFO - [2024-06-18T13:34:39.995+0530] {dagbag.py:545} INFO - Filling up the DagBag from /home/kiit/airflow-env/lib/python3.8/site-packages/airflow/example_dags/example_branch_operator_decorator.py
[2024-06-18T13:34:39.998+0530] {processor.py:842} WARNING - No viable dags retrieved from /home/kiit/airflow-env/lib/python3.8/site-packages/airflow/example_dags/example_branch_operator_decorator.py
[2024-06-18T13:34:40.008+0530] {processor.py:183} INFO - Processing /home/kiit/airflow-env/lib/python3.8/site-packages/airflow/example_dags/example_branch_operator_decorator.py took 0.023 seconds
[2024-06-18T13:35:20.264+0530] {processor.py:161} INFO - Started process (PID=30516) to work on /home/kiit/airflow-env/lib/python3.8/site-packages/airflow/example_dags/example_branch_operator_decorator.py
[2024-06-18T13:35:20.265+0530] {processor.py:830} INFO - Processing file /home/kiit/airflow-env/lib/python3.8/site-packages/airflow/example_dags/example_branch_operator_decorator.py for tasks to queue
[2024-06-18T13:35:20.267+0530] {logging_mixin.py:188} INFO - [2024-06-18T13:35:20.266+0530] {dagbag.py:545} INFO - Filling up the DagBag from /home/kiit/airflow-env/lib/python3.8/site-packages/airflow/example_dags/example_branch_operator_decorator.py
[2024-06-18T13:35:20.269+0530] {processor.py:842} WARNING - No viable dags retrieved from /home/kiit/airflow-env/lib/python3.8/site-packages/airflow/example_dags/example_branch_operator_decorator.py
[2024-06-18T13:35:20.278+0530] {processor.py:183} INFO - Processing /home/kiit/airflow-env/lib/python3.8/site-packages/airflow/example_dags/example_branch_operator_decorator.py took 0.019 seconds
[2024-06-18T13:36:04.207+0530] {processor.py:161} INFO - Started process (PID=30566) to work on /home/kiit/airflow-env/lib/python3.8/site-packages/airflow/example_dags/example_branch_operator_decorator.py
[2024-06-18T13:36:04.209+0530] {processor.py:830} INFO - Processing file /home/kiit/airflow-env/lib/python3.8/site-packages/airflow/example_dags/example_branch_operator_decorator.py for tasks to queue
[2024-06-18T13:36:04.211+0530] {logging_mixin.py:188} INFO - [2024-06-18T13:36:04.211+0530] {dagbag.py:545} INFO - Filling up the DagBag from /home/kiit/airflow-env/lib/python3.8/site-packages/airflow/example_dags/example_branch_operator_decorator.py
[2024-06-18T13:36:04.213+0530] {processor.py:842} WARNING - No viable dags retrieved from /home/kiit/airflow-env/lib/python3.8/site-packages/airflow/example_dags/example_branch_operator_decorator.py
[2024-06-18T13:36:04.220+0530] {processor.py:183} INFO - Processing /home/kiit/airflow-env/lib/python3.8/site-packages/airflow/example_dags/example_branch_operator_decorator.py took 0.019 seconds
[2024-06-18T13:36:47.259+0530] {processor.py:161} INFO - Started process (PID=30617) to work on /home/kiit/airflow-env/lib/python3.8/site-packages/airflow/example_dags/example_branch_operator_decorator.py
[2024-06-18T13:36:47.267+0530] {processor.py:830} INFO - Processing file /home/kiit/airflow-env/lib/python3.8/site-packages/airflow/example_dags/example_branch_operator_decorator.py for tasks to queue
[2024-06-18T13:36:47.270+0530] {logging_mixin.py:188} INFO - [2024-06-18T13:36:47.270+0530] {dagbag.py:545} INFO - Filling up the DagBag from /home/kiit/airflow-env/lib/python3.8/site-packages/airflow/example_dags/example_branch_operator_decorator.py
[2024-06-18T13:36:47.274+0530] {processor.py:842} WARNING - No viable dags retrieved from /home/kiit/airflow-env/lib/python3.8/site-packages/airflow/example_dags/example_branch_operator_decorator.py
[2024-06-18T13:36:47.284+0530] {processor.py:183} INFO - Processing /home/kiit/airflow-env/lib/python3.8/site-packages/airflow/example_dags/example_branch_operator_decorator.py took 0.036 seconds
[2024-06-18T13:37:27.455+0530] {processor.py:161} INFO - Started process (PID=30665) to work on /home/kiit/airflow-env/lib/python3.8/site-packages/airflow/example_dags/example_branch_operator_decorator.py
[2024-06-18T13:37:27.456+0530] {processor.py:830} INFO - Processing file /home/kiit/airflow-env/lib/python3.8/site-packages/airflow/example_dags/example_branch_operator_decorator.py for tasks to queue
[2024-06-18T13:37:27.457+0530] {logging_mixin.py:188} INFO - [2024-06-18T13:37:27.457+0530] {dagbag.py:545} INFO - Filling up the DagBag from /home/kiit/airflow-env/lib/python3.8/site-packages/airflow/example_dags/example_branch_operator_decorator.py
[2024-06-18T13:37:27.459+0530] {processor.py:842} WARNING - No viable dags retrieved from /home/kiit/airflow-env/lib/python3.8/site-packages/airflow/example_dags/example_branch_operator_decorator.py
[2024-06-18T13:37:27.467+0530] {processor.py:183} INFO - Processing /home/kiit/airflow-env/lib/python3.8/site-packages/airflow/example_dags/example_branch_operator_decorator.py took 0.019 seconds
[2024-06-18T13:38:14.833+0530] {processor.py:161} INFO - Started process (PID=30716) to work on /home/kiit/airflow-env/lib/python3.8/site-packages/airflow/example_dags/example_branch_operator_decorator.py
[2024-06-18T13:38:14.835+0530] {processor.py:830} INFO - Processing file /home/kiit/airflow-env/lib/python3.8/site-packages/airflow/example_dags/example_branch_operator_decorator.py for tasks to queue
[2024-06-18T13:38:14.838+0530] {logging_mixin.py:188} INFO - [2024-06-18T13:38:14.838+0530] {dagbag.py:545} INFO - Filling up the DagBag from /home/kiit/airflow-env/lib/python3.8/site-packages/airflow/example_dags/example_branch_operator_decorator.py
[2024-06-18T13:38:14.842+0530] {processor.py:842} WARNING - No viable dags retrieved from /home/kiit/airflow-env/lib/python3.8/site-packages/airflow/example_dags/example_branch_operator_decorator.py
[2024-06-18T13:38:14.855+0530] {processor.py:183} INFO - Processing /home/kiit/airflow-env/lib/python3.8/site-packages/airflow/example_dags/example_branch_operator_decorator.py took 0.035 seconds
[2024-06-18T13:39:11.148+0530] {processor.py:161} INFO - Started process (PID=30776) to work on /home/kiit/airflow-env/lib/python3.8/site-packages/airflow/example_dags/example_branch_operator_decorator.py
[2024-06-18T13:39:11.155+0530] {processor.py:830} INFO - Processing file /home/kiit/airflow-env/lib/python3.8/site-packages/airflow/example_dags/example_branch_operator_decorator.py for tasks to queue
[2024-06-18T13:39:11.156+0530] {logging_mixin.py:188} INFO - [2024-06-18T13:39:11.156+0530] {dagbag.py:545} INFO - Filling up the DagBag from /home/kiit/airflow-env/lib/python3.8/site-packages/airflow/example_dags/example_branch_operator_decorator.py
[2024-06-18T13:39:11.158+0530] {processor.py:842} WARNING - No viable dags retrieved from /home/kiit/airflow-env/lib/python3.8/site-packages/airflow/example_dags/example_branch_operator_decorator.py
[2024-06-18T13:39:11.166+0530] {processor.py:183} INFO - Processing /home/kiit/airflow-env/lib/python3.8/site-packages/airflow/example_dags/example_branch_operator_decorator.py took 0.024 seconds
[2024-06-18T13:39:50.918+0530] {processor.py:161} INFO - Started process (PID=30824) to work on /home/kiit/airflow-env/lib/python3.8/site-packages/airflow/example_dags/example_branch_operator_decorator.py
[2024-06-18T13:39:50.919+0530] {processor.py:830} INFO - Processing file /home/kiit/airflow-env/lib/python3.8/site-packages/airflow/example_dags/example_branch_operator_decorator.py for tasks to queue
[2024-06-18T13:39:50.921+0530] {logging_mixin.py:188} INFO - [2024-06-18T13:39:50.920+0530] {dagbag.py:545} INFO - Filling up the DagBag from /home/kiit/airflow-env/lib/python3.8/site-packages/airflow/example_dags/example_branch_operator_decorator.py
[2024-06-18T13:39:50.923+0530] {processor.py:842} WARNING - No viable dags retrieved from /home/kiit/airflow-env/lib/python3.8/site-packages/airflow/example_dags/example_branch_operator_decorator.py
[2024-06-18T13:39:50.929+0530] {processor.py:183} INFO - Processing /home/kiit/airflow-env/lib/python3.8/site-packages/airflow/example_dags/example_branch_operator_decorator.py took 0.020 seconds
[2024-06-18T13:40:32.324+0530] {processor.py:161} INFO - Started process (PID=30939) to work on /home/kiit/airflow-env/lib/python3.8/site-packages/airflow/example_dags/example_branch_operator_decorator.py
[2024-06-18T13:40:32.325+0530] {processor.py:830} INFO - Processing file /home/kiit/airflow-env/lib/python3.8/site-packages/airflow/example_dags/example_branch_operator_decorator.py for tasks to queue
[2024-06-18T13:40:32.326+0530] {logging_mixin.py:188} INFO - [2024-06-18T13:40:32.326+0530] {dagbag.py:545} INFO - Filling up the DagBag from /home/kiit/airflow-env/lib/python3.8/site-packages/airflow/example_dags/example_branch_operator_decorator.py
[2024-06-18T13:40:32.328+0530] {processor.py:842} WARNING - No viable dags retrieved from /home/kiit/airflow-env/lib/python3.8/site-packages/airflow/example_dags/example_branch_operator_decorator.py
[2024-06-18T13:40:32.335+0530] {processor.py:183} INFO - Processing /home/kiit/airflow-env/lib/python3.8/site-packages/airflow/example_dags/example_branch_operator_decorator.py took 0.015 seconds
[2024-06-18T13:41:12.489+0530] {processor.py:161} INFO - Started process (PID=30988) to work on /home/kiit/airflow-env/lib/python3.8/site-packages/airflow/example_dags/example_branch_operator_decorator.py
[2024-06-18T13:41:12.496+0530] {processor.py:830} INFO - Processing file /home/kiit/airflow-env/lib/python3.8/site-packages/airflow/example_dags/example_branch_operator_decorator.py for tasks to queue
[2024-06-18T13:41:12.500+0530] {logging_mixin.py:188} INFO - [2024-06-18T13:41:12.499+0530] {dagbag.py:545} INFO - Filling up the DagBag from /home/kiit/airflow-env/lib/python3.8/site-packages/airflow/example_dags/example_branch_operator_decorator.py
[2024-06-18T13:41:12.503+0530] {processor.py:842} WARNING - No viable dags retrieved from /home/kiit/airflow-env/lib/python3.8/site-packages/airflow/example_dags/example_branch_operator_decorator.py
[2024-06-18T13:41:12.510+0530] {processor.py:183} INFO - Processing /home/kiit/airflow-env/lib/python3.8/site-packages/airflow/example_dags/example_branch_operator_decorator.py took 0.026 seconds
[2024-06-18T13:41:53.595+0530] {processor.py:161} INFO - Started process (PID=31037) to work on /home/kiit/airflow-env/lib/python3.8/site-packages/airflow/example_dags/example_branch_operator_decorator.py
[2024-06-18T13:41:53.597+0530] {processor.py:830} INFO - Processing file /home/kiit/airflow-env/lib/python3.8/site-packages/airflow/example_dags/example_branch_operator_decorator.py for tasks to queue
[2024-06-18T13:41:53.598+0530] {logging_mixin.py:188} INFO - [2024-06-18T13:41:53.598+0530] {dagbag.py:545} INFO - Filling up the DagBag from /home/kiit/airflow-env/lib/python3.8/site-packages/airflow/example_dags/example_branch_operator_decorator.py
[2024-06-18T13:41:53.601+0530] {processor.py:842} WARNING - No viable dags retrieved from /home/kiit/airflow-env/lib/python3.8/site-packages/airflow/example_dags/example_branch_operator_decorator.py
[2024-06-18T13:41:53.608+0530] {processor.py:183} INFO - Processing /home/kiit/airflow-env/lib/python3.8/site-packages/airflow/example_dags/example_branch_operator_decorator.py took 0.016 seconds
[2024-06-18T15:05:49.167+0530] {processor.py:161} INFO - Started process (PID=33604) to work on /home/kiit/airflow-env/lib/python3.8/site-packages/airflow/example_dags/example_branch_operator_decorator.py
[2024-06-18T15:05:49.169+0530] {processor.py:830} INFO - Processing file /home/kiit/airflow-env/lib/python3.8/site-packages/airflow/example_dags/example_branch_operator_decorator.py for tasks to queue
[2024-06-18T15:05:49.171+0530] {logging_mixin.py:188} INFO - [2024-06-18T15:05:49.170+0530] {dagbag.py:545} INFO - Filling up the DagBag from /home/kiit/airflow-env/lib/python3.8/site-packages/airflow/example_dags/example_branch_operator_decorator.py
[2024-06-18T15:05:49.174+0530] {processor.py:842} WARNING - No viable dags retrieved from /home/kiit/airflow-env/lib/python3.8/site-packages/airflow/example_dags/example_branch_operator_decorator.py
[2024-06-18T15:05:49.190+0530] {processor.py:183} INFO - Processing /home/kiit/airflow-env/lib/python3.8/site-packages/airflow/example_dags/example_branch_operator_decorator.py took 0.029 seconds
[2024-06-18T15:06:20.686+0530] {processor.py:161} INFO - Started process (PID=33665) to work on /home/kiit/airflow-env/lib/python3.8/site-packages/airflow/example_dags/example_branch_operator_decorator.py
[2024-06-18T15:06:20.688+0530] {processor.py:830} INFO - Processing file /home/kiit/airflow-env/lib/python3.8/site-packages/airflow/example_dags/example_branch_operator_decorator.py for tasks to queue
[2024-06-18T15:06:20.691+0530] {logging_mixin.py:188} INFO - [2024-06-18T15:06:20.690+0530] {dagbag.py:545} INFO - Filling up the DagBag from /home/kiit/airflow-env/lib/python3.8/site-packages/airflow/example_dags/example_branch_operator_decorator.py
[2024-06-18T15:06:20.695+0530] {processor.py:842} WARNING - No viable dags retrieved from /home/kiit/airflow-env/lib/python3.8/site-packages/airflow/example_dags/example_branch_operator_decorator.py
[2024-06-18T15:06:20.714+0530] {processor.py:183} INFO - Processing /home/kiit/airflow-env/lib/python3.8/site-packages/airflow/example_dags/example_branch_operator_decorator.py took 0.039 seconds
[2024-06-18T15:06:50.982+0530] {processor.py:161} INFO - Started process (PID=33724) to work on /home/kiit/airflow-env/lib/python3.8/site-packages/airflow/example_dags/example_branch_operator_decorator.py
[2024-06-18T15:06:50.983+0530] {processor.py:830} INFO - Processing file /home/kiit/airflow-env/lib/python3.8/site-packages/airflow/example_dags/example_branch_operator_decorator.py for tasks to queue
[2024-06-18T15:06:50.984+0530] {logging_mixin.py:188} INFO - [2024-06-18T15:06:50.984+0530] {dagbag.py:545} INFO - Filling up the DagBag from /home/kiit/airflow-env/lib/python3.8/site-packages/airflow/example_dags/example_branch_operator_decorator.py
[2024-06-18T15:06:50.986+0530] {processor.py:842} WARNING - No viable dags retrieved from /home/kiit/airflow-env/lib/python3.8/site-packages/airflow/example_dags/example_branch_operator_decorator.py
[2024-06-18T15:06:51.001+0530] {processor.py:183} INFO - Processing /home/kiit/airflow-env/lib/python3.8/site-packages/airflow/example_dags/example_branch_operator_decorator.py took 0.025 seconds
[2024-06-18T15:07:21.760+0530] {processor.py:161} INFO - Started process (PID=33783) to work on /home/kiit/airflow-env/lib/python3.8/site-packages/airflow/example_dags/example_branch_operator_decorator.py
[2024-06-18T15:07:21.761+0530] {processor.py:830} INFO - Processing file /home/kiit/airflow-env/lib/python3.8/site-packages/airflow/example_dags/example_branch_operator_decorator.py for tasks to queue
[2024-06-18T15:07:21.762+0530] {logging_mixin.py:188} INFO - [2024-06-18T15:07:21.762+0530] {dagbag.py:545} INFO - Filling up the DagBag from /home/kiit/airflow-env/lib/python3.8/site-packages/airflow/example_dags/example_branch_operator_decorator.py
[2024-06-18T15:07:21.764+0530] {processor.py:842} WARNING - No viable dags retrieved from /home/kiit/airflow-env/lib/python3.8/site-packages/airflow/example_dags/example_branch_operator_decorator.py
[2024-06-18T15:07:21.778+0530] {processor.py:183} INFO - Processing /home/kiit/airflow-env/lib/python3.8/site-packages/airflow/example_dags/example_branch_operator_decorator.py took 0.024 seconds
[2024-06-18T15:07:52.520+0530] {processor.py:161} INFO - Started process (PID=33842) to work on /home/kiit/airflow-env/lib/python3.8/site-packages/airflow/example_dags/example_branch_operator_decorator.py
[2024-06-18T15:07:52.521+0530] {processor.py:830} INFO - Processing file /home/kiit/airflow-env/lib/python3.8/site-packages/airflow/example_dags/example_branch_operator_decorator.py for tasks to queue
[2024-06-18T15:07:52.523+0530] {logging_mixin.py:188} INFO - [2024-06-18T15:07:52.522+0530] {dagbag.py:545} INFO - Filling up the DagBag from /home/kiit/airflow-env/lib/python3.8/site-packages/airflow/example_dags/example_branch_operator_decorator.py
[2024-06-18T15:07:52.525+0530] {processor.py:842} WARNING - No viable dags retrieved from /home/kiit/airflow-env/lib/python3.8/site-packages/airflow/example_dags/example_branch_operator_decorator.py
[2024-06-18T15:07:52.537+0530] {processor.py:183} INFO - Processing /home/kiit/airflow-env/lib/python3.8/site-packages/airflow/example_dags/example_branch_operator_decorator.py took 0.021 seconds
[2024-06-18T15:08:23.436+0530] {processor.py:161} INFO - Started process (PID=33901) to work on /home/kiit/airflow-env/lib/python3.8/site-packages/airflow/example_dags/example_branch_operator_decorator.py
[2024-06-18T15:08:23.437+0530] {processor.py:830} INFO - Processing file /home/kiit/airflow-env/lib/python3.8/site-packages/airflow/example_dags/example_branch_operator_decorator.py for tasks to queue
[2024-06-18T15:08:23.438+0530] {logging_mixin.py:188} INFO - [2024-06-18T15:08:23.438+0530] {dagbag.py:545} INFO - Filling up the DagBag from /home/kiit/airflow-env/lib/python3.8/site-packages/airflow/example_dags/example_branch_operator_decorator.py
[2024-06-18T15:08:23.440+0530] {processor.py:842} WARNING - No viable dags retrieved from /home/kiit/airflow-env/lib/python3.8/site-packages/airflow/example_dags/example_branch_operator_decorator.py
[2024-06-18T15:08:23.453+0530] {processor.py:183} INFO - Processing /home/kiit/airflow-env/lib/python3.8/site-packages/airflow/example_dags/example_branch_operator_decorator.py took 0.022 seconds
[2024-06-18T15:08:54.441+0530] {processor.py:161} INFO - Started process (PID=33961) to work on /home/kiit/airflow-env/lib/python3.8/site-packages/airflow/example_dags/example_branch_operator_decorator.py
[2024-06-18T15:08:54.442+0530] {processor.py:830} INFO - Processing file /home/kiit/airflow-env/lib/python3.8/site-packages/airflow/example_dags/example_branch_operator_decorator.py for tasks to queue
[2024-06-18T15:08:54.443+0530] {logging_mixin.py:188} INFO - [2024-06-18T15:08:54.443+0530] {dagbag.py:545} INFO - Filling up the DagBag from /home/kiit/airflow-env/lib/python3.8/site-packages/airflow/example_dags/example_branch_operator_decorator.py
[2024-06-18T15:08:54.445+0530] {processor.py:842} WARNING - No viable dags retrieved from /home/kiit/airflow-env/lib/python3.8/site-packages/airflow/example_dags/example_branch_operator_decorator.py
[2024-06-18T15:08:54.456+0530] {processor.py:183} INFO - Processing /home/kiit/airflow-env/lib/python3.8/site-packages/airflow/example_dags/example_branch_operator_decorator.py took 0.022 seconds
[2024-06-18T15:09:24.908+0530] {processor.py:161} INFO - Started process (PID=34021) to work on /home/kiit/airflow-env/lib/python3.8/site-packages/airflow/example_dags/example_branch_operator_decorator.py
[2024-06-18T15:09:24.909+0530] {processor.py:830} INFO - Processing file /home/kiit/airflow-env/lib/python3.8/site-packages/airflow/example_dags/example_branch_operator_decorator.py for tasks to queue
[2024-06-18T15:09:24.911+0530] {logging_mixin.py:188} INFO - [2024-06-18T15:09:24.910+0530] {dagbag.py:545} INFO - Filling up the DagBag from /home/kiit/airflow-env/lib/python3.8/site-packages/airflow/example_dags/example_branch_operator_decorator.py
[2024-06-18T15:09:24.913+0530] {processor.py:842} WARNING - No viable dags retrieved from /home/kiit/airflow-env/lib/python3.8/site-packages/airflow/example_dags/example_branch_operator_decorator.py
[2024-06-18T15:09:24.926+0530] {processor.py:183} INFO - Processing /home/kiit/airflow-env/lib/python3.8/site-packages/airflow/example_dags/example_branch_operator_decorator.py took 0.025 seconds
[2024-06-18T15:09:55.202+0530] {processor.py:161} INFO - Started process (PID=34080) to work on /home/kiit/airflow-env/lib/python3.8/site-packages/airflow/example_dags/example_branch_operator_decorator.py
[2024-06-18T15:09:55.203+0530] {processor.py:830} INFO - Processing file /home/kiit/airflow-env/lib/python3.8/site-packages/airflow/example_dags/example_branch_operator_decorator.py for tasks to queue
[2024-06-18T15:09:55.204+0530] {logging_mixin.py:188} INFO - [2024-06-18T15:09:55.204+0530] {dagbag.py:545} INFO - Filling up the DagBag from /home/kiit/airflow-env/lib/python3.8/site-packages/airflow/example_dags/example_branch_operator_decorator.py
[2024-06-18T15:09:55.206+0530] {processor.py:842} WARNING - No viable dags retrieved from /home/kiit/airflow-env/lib/python3.8/site-packages/airflow/example_dags/example_branch_operator_decorator.py
[2024-06-18T15:09:55.217+0530] {processor.py:183} INFO - Processing /home/kiit/airflow-env/lib/python3.8/site-packages/airflow/example_dags/example_branch_operator_decorator.py took 0.021 seconds
[2024-06-18T15:10:25.393+0530] {processor.py:161} INFO - Started process (PID=34139) to work on /home/kiit/airflow-env/lib/python3.8/site-packages/airflow/example_dags/example_branch_operator_decorator.py
[2024-06-18T15:10:25.394+0530] {processor.py:830} INFO - Processing file /home/kiit/airflow-env/lib/python3.8/site-packages/airflow/example_dags/example_branch_operator_decorator.py for tasks to queue
[2024-06-18T15:10:25.395+0530] {logging_mixin.py:188} INFO - [2024-06-18T15:10:25.395+0530] {dagbag.py:545} INFO - Filling up the DagBag from /home/kiit/airflow-env/lib/python3.8/site-packages/airflow/example_dags/example_branch_operator_decorator.py
[2024-06-18T15:10:25.398+0530] {processor.py:842} WARNING - No viable dags retrieved from /home/kiit/airflow-env/lib/python3.8/site-packages/airflow/example_dags/example_branch_operator_decorator.py
[2024-06-18T15:10:25.410+0530] {processor.py:183} INFO - Processing /home/kiit/airflow-env/lib/python3.8/site-packages/airflow/example_dags/example_branch_operator_decorator.py took 0.022 seconds
[2024-06-18T15:10:55.813+0530] {processor.py:161} INFO - Started process (PID=34199) to work on /home/kiit/airflow-env/lib/python3.8/site-packages/airflow/example_dags/example_branch_operator_decorator.py
[2024-06-18T15:10:55.815+0530] {processor.py:830} INFO - Processing file /home/kiit/airflow-env/lib/python3.8/site-packages/airflow/example_dags/example_branch_operator_decorator.py for tasks to queue
[2024-06-18T15:10:55.818+0530] {logging_mixin.py:188} INFO - [2024-06-18T15:10:55.817+0530] {dagbag.py:545} INFO - Filling up the DagBag from /home/kiit/airflow-env/lib/python3.8/site-packages/airflow/example_dags/example_branch_operator_decorator.py
[2024-06-18T15:10:55.821+0530] {processor.py:842} WARNING - No viable dags retrieved from /home/kiit/airflow-env/lib/python3.8/site-packages/airflow/example_dags/example_branch_operator_decorator.py
[2024-06-18T15:10:55.836+0530] {processor.py:183} INFO - Processing /home/kiit/airflow-env/lib/python3.8/site-packages/airflow/example_dags/example_branch_operator_decorator.py took 0.030 seconds
[2024-06-18T15:11:26.020+0530] {processor.py:161} INFO - Started process (PID=34258) to work on /home/kiit/airflow-env/lib/python3.8/site-packages/airflow/example_dags/example_branch_operator_decorator.py
[2024-06-18T15:11:26.020+0530] {processor.py:830} INFO - Processing file /home/kiit/airflow-env/lib/python3.8/site-packages/airflow/example_dags/example_branch_operator_decorator.py for tasks to queue
[2024-06-18T15:11:26.022+0530] {logging_mixin.py:188} INFO - [2024-06-18T15:11:26.021+0530] {dagbag.py:545} INFO - Filling up the DagBag from /home/kiit/airflow-env/lib/python3.8/site-packages/airflow/example_dags/example_branch_operator_decorator.py
[2024-06-18T15:11:26.023+0530] {processor.py:842} WARNING - No viable dags retrieved from /home/kiit/airflow-env/lib/python3.8/site-packages/airflow/example_dags/example_branch_operator_decorator.py
[2024-06-18T15:11:26.037+0530] {processor.py:183} INFO - Processing /home/kiit/airflow-env/lib/python3.8/site-packages/airflow/example_dags/example_branch_operator_decorator.py took 0.022 seconds
[2024-06-18T15:11:57.171+0530] {processor.py:161} INFO - Started process (PID=34317) to work on /home/kiit/airflow-env/lib/python3.8/site-packages/airflow/example_dags/example_branch_operator_decorator.py
[2024-06-18T15:11:57.173+0530] {processor.py:830} INFO - Processing file /home/kiit/airflow-env/lib/python3.8/site-packages/airflow/example_dags/example_branch_operator_decorator.py for tasks to queue
[2024-06-18T15:11:57.175+0530] {logging_mixin.py:188} INFO - [2024-06-18T15:11:57.175+0530] {dagbag.py:545} INFO - Filling up the DagBag from /home/kiit/airflow-env/lib/python3.8/site-packages/airflow/example_dags/example_branch_operator_decorator.py
[2024-06-18T15:11:57.177+0530] {processor.py:842} WARNING - No viable dags retrieved from /home/kiit/airflow-env/lib/python3.8/site-packages/airflow/example_dags/example_branch_operator_decorator.py
[2024-06-18T15:11:57.193+0530] {processor.py:183} INFO - Processing /home/kiit/airflow-env/lib/python3.8/site-packages/airflow/example_dags/example_branch_operator_decorator.py took 0.027 seconds
[2024-06-18T15:12:27.522+0530] {processor.py:161} INFO - Started process (PID=34377) to work on /home/kiit/airflow-env/lib/python3.8/site-packages/airflow/example_dags/example_branch_operator_decorator.py
[2024-06-18T15:12:27.523+0530] {processor.py:830} INFO - Processing file /home/kiit/airflow-env/lib/python3.8/site-packages/airflow/example_dags/example_branch_operator_decorator.py for tasks to queue
[2024-06-18T15:12:27.524+0530] {logging_mixin.py:188} INFO - [2024-06-18T15:12:27.524+0530] {dagbag.py:545} INFO - Filling up the DagBag from /home/kiit/airflow-env/lib/python3.8/site-packages/airflow/example_dags/example_branch_operator_decorator.py
[2024-06-18T15:12:27.526+0530] {processor.py:842} WARNING - No viable dags retrieved from /home/kiit/airflow-env/lib/python3.8/site-packages/airflow/example_dags/example_branch_operator_decorator.py
[2024-06-18T15:12:27.541+0530] {processor.py:183} INFO - Processing /home/kiit/airflow-env/lib/python3.8/site-packages/airflow/example_dags/example_branch_operator_decorator.py took 0.025 seconds
[2024-06-18T15:12:57.862+0530] {processor.py:161} INFO - Started process (PID=34436) to work on /home/kiit/airflow-env/lib/python3.8/site-packages/airflow/example_dags/example_branch_operator_decorator.py
[2024-06-18T15:12:57.863+0530] {processor.py:830} INFO - Processing file /home/kiit/airflow-env/lib/python3.8/site-packages/airflow/example_dags/example_branch_operator_decorator.py for tasks to queue
[2024-06-18T15:12:57.864+0530] {logging_mixin.py:188} INFO - [2024-06-18T15:12:57.864+0530] {dagbag.py:545} INFO - Filling up the DagBag from /home/kiit/airflow-env/lib/python3.8/site-packages/airflow/example_dags/example_branch_operator_decorator.py
[2024-06-18T15:12:57.866+0530] {processor.py:842} WARNING - No viable dags retrieved from /home/kiit/airflow-env/lib/python3.8/site-packages/airflow/example_dags/example_branch_operator_decorator.py
[2024-06-18T15:12:57.880+0530] {processor.py:183} INFO - Processing /home/kiit/airflow-env/lib/python3.8/site-packages/airflow/example_dags/example_branch_operator_decorator.py took 0.024 seconds
[2024-06-18T15:13:27.964+0530] {processor.py:161} INFO - Started process (PID=34487) to work on /home/kiit/airflow-env/lib/python3.8/site-packages/airflow/example_dags/example_branch_operator_decorator.py
[2024-06-18T15:13:27.966+0530] {processor.py:830} INFO - Processing file /home/kiit/airflow-env/lib/python3.8/site-packages/airflow/example_dags/example_branch_operator_decorator.py for tasks to queue
[2024-06-18T15:13:27.967+0530] {logging_mixin.py:188} INFO - [2024-06-18T15:13:27.967+0530] {dagbag.py:545} INFO - Filling up the DagBag from /home/kiit/airflow-env/lib/python3.8/site-packages/airflow/example_dags/example_branch_operator_decorator.py
[2024-06-18T15:13:27.968+0530] {processor.py:842} WARNING - No viable dags retrieved from /home/kiit/airflow-env/lib/python3.8/site-packages/airflow/example_dags/example_branch_operator_decorator.py
[2024-06-18T15:13:27.983+0530] {processor.py:183} INFO - Processing /home/kiit/airflow-env/lib/python3.8/site-packages/airflow/example_dags/example_branch_operator_decorator.py took 0.023 seconds
[2024-06-18T15:13:58.306+0530] {processor.py:161} INFO - Started process (PID=34546) to work on /home/kiit/airflow-env/lib/python3.8/site-packages/airflow/example_dags/example_branch_operator_decorator.py
[2024-06-18T15:13:58.307+0530] {processor.py:830} INFO - Processing file /home/kiit/airflow-env/lib/python3.8/site-packages/airflow/example_dags/example_branch_operator_decorator.py for tasks to queue
[2024-06-18T15:13:58.308+0530] {logging_mixin.py:188} INFO - [2024-06-18T15:13:58.308+0530] {dagbag.py:545} INFO - Filling up the DagBag from /home/kiit/airflow-env/lib/python3.8/site-packages/airflow/example_dags/example_branch_operator_decorator.py
[2024-06-18T15:13:58.311+0530] {processor.py:842} WARNING - No viable dags retrieved from /home/kiit/airflow-env/lib/python3.8/site-packages/airflow/example_dags/example_branch_operator_decorator.py
[2024-06-18T15:13:58.322+0530] {processor.py:183} INFO - Processing /home/kiit/airflow-env/lib/python3.8/site-packages/airflow/example_dags/example_branch_operator_decorator.py took 0.022 seconds
[2024-06-18T15:14:28.555+0530] {processor.py:161} INFO - Started process (PID=34605) to work on /home/kiit/airflow-env/lib/python3.8/site-packages/airflow/example_dags/example_branch_operator_decorator.py
[2024-06-18T15:14:28.557+0530] {processor.py:830} INFO - Processing file /home/kiit/airflow-env/lib/python3.8/site-packages/airflow/example_dags/example_branch_operator_decorator.py for tasks to queue
[2024-06-18T15:14:28.558+0530] {logging_mixin.py:188} INFO - [2024-06-18T15:14:28.557+0530] {dagbag.py:545} INFO - Filling up the DagBag from /home/kiit/airflow-env/lib/python3.8/site-packages/airflow/example_dags/example_branch_operator_decorator.py
[2024-06-18T15:14:28.561+0530] {processor.py:842} WARNING - No viable dags retrieved from /home/kiit/airflow-env/lib/python3.8/site-packages/airflow/example_dags/example_branch_operator_decorator.py
[2024-06-18T15:14:28.574+0530] {processor.py:183} INFO - Processing /home/kiit/airflow-env/lib/python3.8/site-packages/airflow/example_dags/example_branch_operator_decorator.py took 0.023 seconds
[2024-06-18T15:14:58.901+0530] {processor.py:161} INFO - Started process (PID=34664) to work on /home/kiit/airflow-env/lib/python3.8/site-packages/airflow/example_dags/example_branch_operator_decorator.py
[2024-06-18T15:14:58.902+0530] {processor.py:830} INFO - Processing file /home/kiit/airflow-env/lib/python3.8/site-packages/airflow/example_dags/example_branch_operator_decorator.py for tasks to queue
[2024-06-18T15:14:58.903+0530] {logging_mixin.py:188} INFO - [2024-06-18T15:14:58.903+0530] {dagbag.py:545} INFO - Filling up the DagBag from /home/kiit/airflow-env/lib/python3.8/site-packages/airflow/example_dags/example_branch_operator_decorator.py
[2024-06-18T15:14:58.905+0530] {processor.py:842} WARNING - No viable dags retrieved from /home/kiit/airflow-env/lib/python3.8/site-packages/airflow/example_dags/example_branch_operator_decorator.py
[2024-06-18T15:14:58.919+0530] {processor.py:183} INFO - Processing /home/kiit/airflow-env/lib/python3.8/site-packages/airflow/example_dags/example_branch_operator_decorator.py took 0.023 seconds
[2024-06-18T15:15:29.232+0530] {processor.py:161} INFO - Started process (PID=34723) to work on /home/kiit/airflow-env/lib/python3.8/site-packages/airflow/example_dags/example_branch_operator_decorator.py
[2024-06-18T15:15:29.233+0530] {processor.py:830} INFO - Processing file /home/kiit/airflow-env/lib/python3.8/site-packages/airflow/example_dags/example_branch_operator_decorator.py for tasks to queue
[2024-06-18T15:15:29.234+0530] {logging_mixin.py:188} INFO - [2024-06-18T15:15:29.234+0530] {dagbag.py:545} INFO - Filling up the DagBag from /home/kiit/airflow-env/lib/python3.8/site-packages/airflow/example_dags/example_branch_operator_decorator.py
[2024-06-18T15:15:29.236+0530] {processor.py:842} WARNING - No viable dags retrieved from /home/kiit/airflow-env/lib/python3.8/site-packages/airflow/example_dags/example_branch_operator_decorator.py
[2024-06-18T15:15:29.249+0530] {processor.py:183} INFO - Processing /home/kiit/airflow-env/lib/python3.8/site-packages/airflow/example_dags/example_branch_operator_decorator.py took 0.022 seconds
[2024-06-18T15:15:59.474+0530] {processor.py:161} INFO - Started process (PID=34782) to work on /home/kiit/airflow-env/lib/python3.8/site-packages/airflow/example_dags/example_branch_operator_decorator.py
[2024-06-18T15:15:59.475+0530] {processor.py:830} INFO - Processing file /home/kiit/airflow-env/lib/python3.8/site-packages/airflow/example_dags/example_branch_operator_decorator.py for tasks to queue
[2024-06-18T15:15:59.476+0530] {logging_mixin.py:188} INFO - [2024-06-18T15:15:59.476+0530] {dagbag.py:545} INFO - Filling up the DagBag from /home/kiit/airflow-env/lib/python3.8/site-packages/airflow/example_dags/example_branch_operator_decorator.py
[2024-06-18T15:15:59.478+0530] {processor.py:842} WARNING - No viable dags retrieved from /home/kiit/airflow-env/lib/python3.8/site-packages/airflow/example_dags/example_branch_operator_decorator.py
[2024-06-18T15:15:59.489+0530] {processor.py:183} INFO - Processing /home/kiit/airflow-env/lib/python3.8/site-packages/airflow/example_dags/example_branch_operator_decorator.py took 0.020 seconds
[2024-06-18T15:16:29.949+0530] {processor.py:161} INFO - Started process (PID=34865) to work on /home/kiit/airflow-env/lib/python3.8/site-packages/airflow/example_dags/example_branch_operator_decorator.py
[2024-06-18T15:16:29.950+0530] {processor.py:830} INFO - Processing file /home/kiit/airflow-env/lib/python3.8/site-packages/airflow/example_dags/example_branch_operator_decorator.py for tasks to queue
[2024-06-18T15:16:29.952+0530] {logging_mixin.py:188} INFO - [2024-06-18T15:16:29.951+0530] {dagbag.py:545} INFO - Filling up the DagBag from /home/kiit/airflow-env/lib/python3.8/site-packages/airflow/example_dags/example_branch_operator_decorator.py
[2024-06-18T15:16:29.954+0530] {processor.py:842} WARNING - No viable dags retrieved from /home/kiit/airflow-env/lib/python3.8/site-packages/airflow/example_dags/example_branch_operator_decorator.py
[2024-06-18T15:16:29.966+0530] {processor.py:183} INFO - Processing /home/kiit/airflow-env/lib/python3.8/site-packages/airflow/example_dags/example_branch_operator_decorator.py took 0.021 seconds
