[2024-06-18T13:06:11.830+0530] {processor.py:161} INFO - Started process (PID=25366) to work on /home/kiit/airflow-env/lib/python3.8/site-packages/airflow/example_dags/example_task_group_decorator.py
[2024-06-18T13:06:11.831+0530] {processor.py:830} INFO - Processing file /home/kiit/airflow-env/lib/python3.8/site-packages/airflow/example_dags/example_task_group_decorator.py for tasks to queue
[2024-06-18T13:06:11.833+0530] {logging_mixin.py:188} INFO - [2024-06-18T13:06:11.832+0530] {dagbag.py:545} INFO - Filling up the DagBag from /home/kiit/airflow-env/lib/python3.8/site-packages/airflow/example_dags/example_task_group_decorator.py
[2024-06-18T13:06:11.845+0530] {processor.py:840} INFO - DAG(s) 'example_task_group_decorator' retrieved from /home/kiit/airflow-env/lib/python3.8/site-packages/airflow/example_dags/example_task_group_decorator.py
[2024-06-18T13:06:11.924+0530] {logging_mixin.py:188} INFO - [2024-06-18T13:06:11.923+0530] {dag.py:3096} INFO - Sync 1 DAGs
[2024-06-18T13:06:12.001+0530] {logging_mixin.py:188} INFO - [2024-06-18T13:06:12.000+0530] {dag.py:3954} INFO - Setting next_dagrun for example_task_group_decorator to 2024-06-17 00:00:00+00:00, run_after=2024-06-18 00:00:00+00:00
[2024-06-18T13:06:12.027+0530] {processor.py:183} INFO - Processing /home/kiit/airflow-env/lib/python3.8/site-packages/airflow/example_dags/example_task_group_decorator.py took 0.202 seconds
[2024-06-18T13:07:04.349+0530] {processor.py:161} INFO - Started process (PID=25446) to work on /home/kiit/airflow-env/lib/python3.8/site-packages/airflow/example_dags/example_task_group_decorator.py
[2024-06-18T13:07:04.350+0530] {processor.py:830} INFO - Processing file /home/kiit/airflow-env/lib/python3.8/site-packages/airflow/example_dags/example_task_group_decorator.py for tasks to queue
[2024-06-18T13:07:04.351+0530] {logging_mixin.py:188} INFO - [2024-06-18T13:07:04.351+0530] {dagbag.py:545} INFO - Filling up the DagBag from /home/kiit/airflow-env/lib/python3.8/site-packages/airflow/example_dags/example_task_group_decorator.py
[2024-06-18T13:07:04.361+0530] {processor.py:840} INFO - DAG(s) 'example_task_group_decorator' retrieved from /home/kiit/airflow-env/lib/python3.8/site-packages/airflow/example_dags/example_task_group_decorator.py
[2024-06-18T13:07:04.375+0530] {logging_mixin.py:188} INFO - [2024-06-18T13:07:04.375+0530] {dag.py:3096} INFO - Sync 1 DAGs
[2024-06-18T13:07:04.394+0530] {logging_mixin.py:188} INFO - [2024-06-18T13:07:04.393+0530] {dag.py:3954} INFO - Setting next_dagrun for example_task_group_decorator to 2024-06-17 00:00:00+00:00, run_after=2024-06-18 00:00:00+00:00
[2024-06-18T13:07:04.482+0530] {processor.py:183} INFO - Processing /home/kiit/airflow-env/lib/python3.8/site-packages/airflow/example_dags/example_task_group_decorator.py took 0.137 seconds
[2024-06-18T13:08:06.603+0530] {processor.py:161} INFO - Started process (PID=25504) to work on /home/kiit/airflow-env/lib/python3.8/site-packages/airflow/example_dags/example_task_group_decorator.py
[2024-06-18T13:08:06.608+0530] {processor.py:830} INFO - Processing file /home/kiit/airflow-env/lib/python3.8/site-packages/airflow/example_dags/example_task_group_decorator.py for tasks to queue
[2024-06-18T13:08:06.621+0530] {logging_mixin.py:188} INFO - [2024-06-18T13:08:06.620+0530] {dagbag.py:545} INFO - Filling up the DagBag from /home/kiit/airflow-env/lib/python3.8/site-packages/airflow/example_dags/example_task_group_decorator.py
[2024-06-18T13:08:06.729+0530] {processor.py:840} INFO - DAG(s) 'example_task_group_decorator' retrieved from /home/kiit/airflow-env/lib/python3.8/site-packages/airflow/example_dags/example_task_group_decorator.py
[2024-06-18T13:08:06.841+0530] {logging_mixin.py:188} INFO - [2024-06-18T13:08:06.840+0530] {dag.py:3096} INFO - Sync 1 DAGs
[2024-06-18T13:08:06.918+0530] {logging_mixin.py:188} INFO - [2024-06-18T13:08:06.917+0530] {dag.py:3954} INFO - Setting next_dagrun for example_task_group_decorator to 2024-06-17 00:00:00+00:00, run_after=2024-06-18 00:00:00+00:00
[2024-06-18T13:08:06.993+0530] {processor.py:183} INFO - Processing /home/kiit/airflow-env/lib/python3.8/site-packages/airflow/example_dags/example_task_group_decorator.py took 0.442 seconds
[2024-06-18T13:08:56.786+0530] {processor.py:161} INFO - Started process (PID=25563) to work on /home/kiit/airflow-env/lib/python3.8/site-packages/airflow/example_dags/example_task_group_decorator.py
[2024-06-18T13:08:56.787+0530] {processor.py:830} INFO - Processing file /home/kiit/airflow-env/lib/python3.8/site-packages/airflow/example_dags/example_task_group_decorator.py for tasks to queue
[2024-06-18T13:08:56.788+0530] {logging_mixin.py:188} INFO - [2024-06-18T13:08:56.788+0530] {dagbag.py:545} INFO - Filling up the DagBag from /home/kiit/airflow-env/lib/python3.8/site-packages/airflow/example_dags/example_task_group_decorator.py
[2024-06-18T13:08:56.797+0530] {processor.py:840} INFO - DAG(s) 'example_task_group_decorator' retrieved from /home/kiit/airflow-env/lib/python3.8/site-packages/airflow/example_dags/example_task_group_decorator.py
[2024-06-18T13:08:56.811+0530] {logging_mixin.py:188} INFO - [2024-06-18T13:08:56.810+0530] {dag.py:3096} INFO - Sync 1 DAGs
[2024-06-18T13:08:56.823+0530] {logging_mixin.py:188} INFO - [2024-06-18T13:08:56.823+0530] {dag.py:3954} INFO - Setting next_dagrun for example_task_group_decorator to 2024-06-17 00:00:00+00:00, run_after=2024-06-18 00:00:00+00:00
[2024-06-18T13:08:56.842+0530] {processor.py:183} INFO - Processing /home/kiit/airflow-env/lib/python3.8/site-packages/airflow/example_dags/example_task_group_decorator.py took 0.060 seconds
[2024-06-18T13:09:48.315+0530] {processor.py:161} INFO - Started process (PID=25633) to work on /home/kiit/airflow-env/lib/python3.8/site-packages/airflow/example_dags/example_task_group_decorator.py
[2024-06-18T13:09:48.316+0530] {processor.py:830} INFO - Processing file /home/kiit/airflow-env/lib/python3.8/site-packages/airflow/example_dags/example_task_group_decorator.py for tasks to queue
[2024-06-18T13:09:48.318+0530] {logging_mixin.py:188} INFO - [2024-06-18T13:09:48.318+0530] {dagbag.py:545} INFO - Filling up the DagBag from /home/kiit/airflow-env/lib/python3.8/site-packages/airflow/example_dags/example_task_group_decorator.py
[2024-06-18T13:09:48.327+0530] {processor.py:840} INFO - DAG(s) 'example_task_group_decorator' retrieved from /home/kiit/airflow-env/lib/python3.8/site-packages/airflow/example_dags/example_task_group_decorator.py
[2024-06-18T13:09:48.344+0530] {logging_mixin.py:188} INFO - [2024-06-18T13:09:48.344+0530] {dag.py:3096} INFO - Sync 1 DAGs
[2024-06-18T13:09:48.357+0530] {logging_mixin.py:188} INFO - [2024-06-18T13:09:48.357+0530] {dag.py:3954} INFO - Setting next_dagrun for example_task_group_decorator to 2024-06-17 00:00:00+00:00, run_after=2024-06-18 00:00:00+00:00
[2024-06-18T13:09:48.377+0530] {processor.py:183} INFO - Processing /home/kiit/airflow-env/lib/python3.8/site-packages/airflow/example_dags/example_task_group_decorator.py took 0.067 seconds
[2024-06-18T13:10:59.014+0530] {processor.py:161} INFO - Started process (PID=25706) to work on /home/kiit/airflow-env/lib/python3.8/site-packages/airflow/example_dags/example_task_group_decorator.py
[2024-06-18T13:10:59.015+0530] {processor.py:830} INFO - Processing file /home/kiit/airflow-env/lib/python3.8/site-packages/airflow/example_dags/example_task_group_decorator.py for tasks to queue
[2024-06-18T13:10:59.018+0530] {logging_mixin.py:188} INFO - [2024-06-18T13:10:59.017+0530] {dagbag.py:545} INFO - Filling up the DagBag from /home/kiit/airflow-env/lib/python3.8/site-packages/airflow/example_dags/example_task_group_decorator.py
[2024-06-18T13:10:59.029+0530] {processor.py:840} INFO - DAG(s) 'example_task_group_decorator' retrieved from /home/kiit/airflow-env/lib/python3.8/site-packages/airflow/example_dags/example_task_group_decorator.py
[2024-06-18T13:10:59.048+0530] {logging_mixin.py:188} INFO - [2024-06-18T13:10:59.048+0530] {dag.py:3096} INFO - Sync 1 DAGs
[2024-06-18T13:10:59.065+0530] {logging_mixin.py:188} INFO - [2024-06-18T13:10:59.065+0530] {dag.py:3954} INFO - Setting next_dagrun for example_task_group_decorator to 2024-06-17 00:00:00+00:00, run_after=2024-06-18 00:00:00+00:00
[2024-06-18T13:10:59.084+0530] {processor.py:183} INFO - Processing /home/kiit/airflow-env/lib/python3.8/site-packages/airflow/example_dags/example_task_group_decorator.py took 0.076 seconds
[2024-06-18T13:12:03.349+0530] {processor.py:161} INFO - Started process (PID=25785) to work on /home/kiit/airflow-env/lib/python3.8/site-packages/airflow/example_dags/example_task_group_decorator.py
[2024-06-18T13:12:03.350+0530] {processor.py:830} INFO - Processing file /home/kiit/airflow-env/lib/python3.8/site-packages/airflow/example_dags/example_task_group_decorator.py for tasks to queue
[2024-06-18T13:12:03.352+0530] {logging_mixin.py:188} INFO - [2024-06-18T13:12:03.352+0530] {dagbag.py:545} INFO - Filling up the DagBag from /home/kiit/airflow-env/lib/python3.8/site-packages/airflow/example_dags/example_task_group_decorator.py
[2024-06-18T13:12:03.364+0530] {processor.py:840} INFO - DAG(s) 'example_task_group_decorator' retrieved from /home/kiit/airflow-env/lib/python3.8/site-packages/airflow/example_dags/example_task_group_decorator.py
[2024-06-18T13:12:03.382+0530] {logging_mixin.py:188} INFO - [2024-06-18T13:12:03.382+0530] {dag.py:3096} INFO - Sync 1 DAGs
[2024-06-18T13:12:03.397+0530] {logging_mixin.py:188} INFO - [2024-06-18T13:12:03.397+0530] {dag.py:3954} INFO - Setting next_dagrun for example_task_group_decorator to 2024-06-17 00:00:00+00:00, run_after=2024-06-18 00:00:00+00:00
[2024-06-18T13:12:03.419+0530] {processor.py:183} INFO - Processing /home/kiit/airflow-env/lib/python3.8/site-packages/airflow/example_dags/example_task_group_decorator.py took 0.075 seconds
[2024-06-18T13:13:03.184+0530] {processor.py:161} INFO - Started process (PID=25854) to work on /home/kiit/airflow-env/lib/python3.8/site-packages/airflow/example_dags/example_task_group_decorator.py
[2024-06-18T13:13:03.186+0530] {processor.py:830} INFO - Processing file /home/kiit/airflow-env/lib/python3.8/site-packages/airflow/example_dags/example_task_group_decorator.py for tasks to queue
[2024-06-18T13:13:03.187+0530] {logging_mixin.py:188} INFO - [2024-06-18T13:13:03.187+0530] {dagbag.py:545} INFO - Filling up the DagBag from /home/kiit/airflow-env/lib/python3.8/site-packages/airflow/example_dags/example_task_group_decorator.py
[2024-06-18T13:13:03.198+0530] {processor.py:840} INFO - DAG(s) 'example_task_group_decorator' retrieved from /home/kiit/airflow-env/lib/python3.8/site-packages/airflow/example_dags/example_task_group_decorator.py
[2024-06-18T13:13:03.216+0530] {logging_mixin.py:188} INFO - [2024-06-18T13:13:03.216+0530] {dag.py:3096} INFO - Sync 1 DAGs
[2024-06-18T13:13:03.234+0530] {logging_mixin.py:188} INFO - [2024-06-18T13:13:03.234+0530] {dag.py:3954} INFO - Setting next_dagrun for example_task_group_decorator to 2024-06-17 00:00:00+00:00, run_after=2024-06-18 00:00:00+00:00
[2024-06-18T13:13:03.254+0530] {processor.py:183} INFO - Processing /home/kiit/airflow-env/lib/python3.8/site-packages/airflow/example_dags/example_task_group_decorator.py took 0.075 seconds
[2024-06-18T13:14:00.118+0530] {processor.py:161} INFO - Started process (PID=25928) to work on /home/kiit/airflow-env/lib/python3.8/site-packages/airflow/example_dags/example_task_group_decorator.py
[2024-06-18T13:14:00.119+0530] {processor.py:830} INFO - Processing file /home/kiit/airflow-env/lib/python3.8/site-packages/airflow/example_dags/example_task_group_decorator.py for tasks to queue
[2024-06-18T13:14:00.121+0530] {logging_mixin.py:188} INFO - [2024-06-18T13:14:00.120+0530] {dagbag.py:545} INFO - Filling up the DagBag from /home/kiit/airflow-env/lib/python3.8/site-packages/airflow/example_dags/example_task_group_decorator.py
[2024-06-18T13:14:00.132+0530] {processor.py:840} INFO - DAG(s) 'example_task_group_decorator' retrieved from /home/kiit/airflow-env/lib/python3.8/site-packages/airflow/example_dags/example_task_group_decorator.py
[2024-06-18T13:14:00.153+0530] {logging_mixin.py:188} INFO - [2024-06-18T13:14:00.153+0530] {dag.py:3096} INFO - Sync 1 DAGs
[2024-06-18T13:14:00.171+0530] {logging_mixin.py:188} INFO - [2024-06-18T13:14:00.171+0530] {dag.py:3954} INFO - Setting next_dagrun for example_task_group_decorator to 2024-06-17 00:00:00+00:00, run_after=2024-06-18 00:00:00+00:00
[2024-06-18T13:14:00.192+0530] {processor.py:183} INFO - Processing /home/kiit/airflow-env/lib/python3.8/site-packages/airflow/example_dags/example_task_group_decorator.py took 0.079 seconds
[2024-06-18T13:14:58.468+0530] {processor.py:161} INFO - Started process (PID=25995) to work on /home/kiit/airflow-env/lib/python3.8/site-packages/airflow/example_dags/example_task_group_decorator.py
[2024-06-18T13:14:58.470+0530] {processor.py:830} INFO - Processing file /home/kiit/airflow-env/lib/python3.8/site-packages/airflow/example_dags/example_task_group_decorator.py for tasks to queue
[2024-06-18T13:14:58.473+0530] {logging_mixin.py:188} INFO - [2024-06-18T13:14:58.472+0530] {dagbag.py:545} INFO - Filling up the DagBag from /home/kiit/airflow-env/lib/python3.8/site-packages/airflow/example_dags/example_task_group_decorator.py
[2024-06-18T13:14:58.508+0530] {processor.py:840} INFO - DAG(s) 'example_task_group_decorator' retrieved from /home/kiit/airflow-env/lib/python3.8/site-packages/airflow/example_dags/example_task_group_decorator.py
[2024-06-18T13:14:58.561+0530] {logging_mixin.py:188} INFO - [2024-06-18T13:14:58.561+0530] {dag.py:3096} INFO - Sync 1 DAGs
[2024-06-18T13:14:58.610+0530] {logging_mixin.py:188} INFO - [2024-06-18T13:14:58.610+0530] {dag.py:3954} INFO - Setting next_dagrun for example_task_group_decorator to 2024-06-17 00:00:00+00:00, run_after=2024-06-18 00:00:00+00:00
[2024-06-18T13:14:58.664+0530] {processor.py:183} INFO - Processing /home/kiit/airflow-env/lib/python3.8/site-packages/airflow/example_dags/example_task_group_decorator.py took 0.213 seconds
[2024-06-18T13:16:01.331+0530] {processor.py:161} INFO - Started process (PID=26073) to work on /home/kiit/airflow-env/lib/python3.8/site-packages/airflow/example_dags/example_task_group_decorator.py
[2024-06-18T13:16:01.332+0530] {processor.py:830} INFO - Processing file /home/kiit/airflow-env/lib/python3.8/site-packages/airflow/example_dags/example_task_group_decorator.py for tasks to queue
[2024-06-18T13:16:01.334+0530] {logging_mixin.py:188} INFO - [2024-06-18T13:16:01.334+0530] {dagbag.py:545} INFO - Filling up the DagBag from /home/kiit/airflow-env/lib/python3.8/site-packages/airflow/example_dags/example_task_group_decorator.py
[2024-06-18T13:16:01.346+0530] {processor.py:840} INFO - DAG(s) 'example_task_group_decorator' retrieved from /home/kiit/airflow-env/lib/python3.8/site-packages/airflow/example_dags/example_task_group_decorator.py
[2024-06-18T13:16:01.363+0530] {logging_mixin.py:188} INFO - [2024-06-18T13:16:01.363+0530] {dag.py:3096} INFO - Sync 1 DAGs
[2024-06-18T13:16:01.383+0530] {logging_mixin.py:188} INFO - [2024-06-18T13:16:01.383+0530] {dag.py:3954} INFO - Setting next_dagrun for example_task_group_decorator to 2024-06-17 00:00:00+00:00, run_after=2024-06-18 00:00:00+00:00
[2024-06-18T13:16:01.409+0530] {processor.py:183} INFO - Processing /home/kiit/airflow-env/lib/python3.8/site-packages/airflow/example_dags/example_task_group_decorator.py took 0.086 seconds
[2024-06-18T13:16:57.992+0530] {processor.py:161} INFO - Started process (PID=26139) to work on /home/kiit/airflow-env/lib/python3.8/site-packages/airflow/example_dags/example_task_group_decorator.py
[2024-06-18T13:16:57.993+0530] {processor.py:830} INFO - Processing file /home/kiit/airflow-env/lib/python3.8/site-packages/airflow/example_dags/example_task_group_decorator.py for tasks to queue
[2024-06-18T13:16:57.994+0530] {logging_mixin.py:188} INFO - [2024-06-18T13:16:57.993+0530] {dagbag.py:545} INFO - Filling up the DagBag from /home/kiit/airflow-env/lib/python3.8/site-packages/airflow/example_dags/example_task_group_decorator.py
[2024-06-18T13:16:58.014+0530] {processor.py:840} INFO - DAG(s) 'example_task_group_decorator' retrieved from /home/kiit/airflow-env/lib/python3.8/site-packages/airflow/example_dags/example_task_group_decorator.py
[2024-06-18T13:16:58.040+0530] {logging_mixin.py:188} INFO - [2024-06-18T13:16:58.039+0530] {dag.py:3096} INFO - Sync 1 DAGs
[2024-06-18T13:16:58.079+0530] {logging_mixin.py:188} INFO - [2024-06-18T13:16:58.079+0530] {dag.py:3954} INFO - Setting next_dagrun for example_task_group_decorator to 2024-06-17 00:00:00+00:00, run_after=2024-06-18 00:00:00+00:00
[2024-06-18T13:16:58.166+0530] {processor.py:183} INFO - Processing /home/kiit/airflow-env/lib/python3.8/site-packages/airflow/example_dags/example_task_group_decorator.py took 0.179 seconds
[2024-06-18T13:17:59.338+0530] {processor.py:161} INFO - Started process (PID=26215) to work on /home/kiit/airflow-env/lib/python3.8/site-packages/airflow/example_dags/example_task_group_decorator.py
[2024-06-18T13:17:59.340+0530] {processor.py:830} INFO - Processing file /home/kiit/airflow-env/lib/python3.8/site-packages/airflow/example_dags/example_task_group_decorator.py for tasks to queue
[2024-06-18T13:17:59.341+0530] {logging_mixin.py:188} INFO - [2024-06-18T13:17:59.341+0530] {dagbag.py:545} INFO - Filling up the DagBag from /home/kiit/airflow-env/lib/python3.8/site-packages/airflow/example_dags/example_task_group_decorator.py
[2024-06-18T13:17:59.355+0530] {processor.py:840} INFO - DAG(s) 'example_task_group_decorator' retrieved from /home/kiit/airflow-env/lib/python3.8/site-packages/airflow/example_dags/example_task_group_decorator.py
[2024-06-18T13:17:59.376+0530] {logging_mixin.py:188} INFO - [2024-06-18T13:17:59.376+0530] {dag.py:3096} INFO - Sync 1 DAGs
[2024-06-18T13:17:59.394+0530] {logging_mixin.py:188} INFO - [2024-06-18T13:17:59.394+0530] {dag.py:3954} INFO - Setting next_dagrun for example_task_group_decorator to 2024-06-17 00:00:00+00:00, run_after=2024-06-18 00:00:00+00:00
[2024-06-18T13:17:59.420+0530] {processor.py:183} INFO - Processing /home/kiit/airflow-env/lib/python3.8/site-packages/airflow/example_dags/example_task_group_decorator.py took 0.087 seconds
[2024-06-18T13:19:05.195+0530] {processor.py:161} INFO - Started process (PID=26288) to work on /home/kiit/airflow-env/lib/python3.8/site-packages/airflow/example_dags/example_task_group_decorator.py
[2024-06-18T13:19:05.196+0530] {processor.py:830} INFO - Processing file /home/kiit/airflow-env/lib/python3.8/site-packages/airflow/example_dags/example_task_group_decorator.py for tasks to queue
[2024-06-18T13:19:05.198+0530] {logging_mixin.py:188} INFO - [2024-06-18T13:19:05.198+0530] {dagbag.py:545} INFO - Filling up the DagBag from /home/kiit/airflow-env/lib/python3.8/site-packages/airflow/example_dags/example_task_group_decorator.py
[2024-06-18T13:19:05.211+0530] {processor.py:840} INFO - DAG(s) 'example_task_group_decorator' retrieved from /home/kiit/airflow-env/lib/python3.8/site-packages/airflow/example_dags/example_task_group_decorator.py
[2024-06-18T13:19:05.232+0530] {logging_mixin.py:188} INFO - [2024-06-18T13:19:05.232+0530] {dag.py:3096} INFO - Sync 1 DAGs
[2024-06-18T13:19:05.249+0530] {logging_mixin.py:188} INFO - [2024-06-18T13:19:05.248+0530] {dag.py:3954} INFO - Setting next_dagrun for example_task_group_decorator to 2024-06-17 00:00:00+00:00, run_after=2024-06-18 00:00:00+00:00
[2024-06-18T13:19:05.271+0530] {processor.py:183} INFO - Processing /home/kiit/airflow-env/lib/python3.8/site-packages/airflow/example_dags/example_task_group_decorator.py took 0.080 seconds
[2024-06-18T13:20:02.505+0530] {processor.py:161} INFO - Started process (PID=26363) to work on /home/kiit/airflow-env/lib/python3.8/site-packages/airflow/example_dags/example_task_group_decorator.py
[2024-06-18T13:20:02.506+0530] {processor.py:830} INFO - Processing file /home/kiit/airflow-env/lib/python3.8/site-packages/airflow/example_dags/example_task_group_decorator.py for tasks to queue
[2024-06-18T13:20:02.508+0530] {logging_mixin.py:188} INFO - [2024-06-18T13:20:02.507+0530] {dagbag.py:545} INFO - Filling up the DagBag from /home/kiit/airflow-env/lib/python3.8/site-packages/airflow/example_dags/example_task_group_decorator.py
[2024-06-18T13:20:02.521+0530] {processor.py:840} INFO - DAG(s) 'example_task_group_decorator' retrieved from /home/kiit/airflow-env/lib/python3.8/site-packages/airflow/example_dags/example_task_group_decorator.py
[2024-06-18T13:20:02.541+0530] {logging_mixin.py:188} INFO - [2024-06-18T13:20:02.541+0530] {dag.py:3096} INFO - Sync 1 DAGs
[2024-06-18T13:20:02.558+0530] {logging_mixin.py:188} INFO - [2024-06-18T13:20:02.558+0530] {dag.py:3954} INFO - Setting next_dagrun for example_task_group_decorator to 2024-06-17 00:00:00+00:00, run_after=2024-06-18 00:00:00+00:00
[2024-06-18T13:20:02.578+0530] {processor.py:183} INFO - Processing /home/kiit/airflow-env/lib/python3.8/site-packages/airflow/example_dags/example_task_group_decorator.py took 0.080 seconds
[2024-06-18T13:20:59.340+0530] {processor.py:161} INFO - Started process (PID=26429) to work on /home/kiit/airflow-env/lib/python3.8/site-packages/airflow/example_dags/example_task_group_decorator.py
[2024-06-18T13:20:59.341+0530] {processor.py:830} INFO - Processing file /home/kiit/airflow-env/lib/python3.8/site-packages/airflow/example_dags/example_task_group_decorator.py for tasks to queue
[2024-06-18T13:20:59.342+0530] {logging_mixin.py:188} INFO - [2024-06-18T13:20:59.342+0530] {dagbag.py:545} INFO - Filling up the DagBag from /home/kiit/airflow-env/lib/python3.8/site-packages/airflow/example_dags/example_task_group_decorator.py
[2024-06-18T13:20:59.352+0530] {processor.py:840} INFO - DAG(s) 'example_task_group_decorator' retrieved from /home/kiit/airflow-env/lib/python3.8/site-packages/airflow/example_dags/example_task_group_decorator.py
[2024-06-18T13:20:59.369+0530] {logging_mixin.py:188} INFO - [2024-06-18T13:20:59.369+0530] {dag.py:3096} INFO - Sync 1 DAGs
[2024-06-18T13:20:59.388+0530] {logging_mixin.py:188} INFO - [2024-06-18T13:20:59.387+0530] {dag.py:3954} INFO - Setting next_dagrun for example_task_group_decorator to 2024-06-17 00:00:00+00:00, run_after=2024-06-18 00:00:00+00:00
[2024-06-18T13:20:59.410+0530] {processor.py:183} INFO - Processing /home/kiit/airflow-env/lib/python3.8/site-packages/airflow/example_dags/example_task_group_decorator.py took 0.075 seconds
[2024-06-18T13:21:55.900+0530] {processor.py:161} INFO - Started process (PID=26502) to work on /home/kiit/airflow-env/lib/python3.8/site-packages/airflow/example_dags/example_task_group_decorator.py
[2024-06-18T13:21:55.901+0530] {processor.py:830} INFO - Processing file /home/kiit/airflow-env/lib/python3.8/site-packages/airflow/example_dags/example_task_group_decorator.py for tasks to queue
[2024-06-18T13:21:55.903+0530] {logging_mixin.py:188} INFO - [2024-06-18T13:21:55.902+0530] {dagbag.py:545} INFO - Filling up the DagBag from /home/kiit/airflow-env/lib/python3.8/site-packages/airflow/example_dags/example_task_group_decorator.py
[2024-06-18T13:21:55.914+0530] {processor.py:840} INFO - DAG(s) 'example_task_group_decorator' retrieved from /home/kiit/airflow-env/lib/python3.8/site-packages/airflow/example_dags/example_task_group_decorator.py
[2024-06-18T13:21:55.931+0530] {logging_mixin.py:188} INFO - [2024-06-18T13:21:55.931+0530] {dag.py:3096} INFO - Sync 1 DAGs
[2024-06-18T13:21:55.945+0530] {logging_mixin.py:188} INFO - [2024-06-18T13:21:55.945+0530] {dag.py:3954} INFO - Setting next_dagrun for example_task_group_decorator to 2024-06-17 00:00:00+00:00, run_after=2024-06-18 00:00:00+00:00
[2024-06-18T13:21:55.968+0530] {processor.py:183} INFO - Processing /home/kiit/airflow-env/lib/python3.8/site-packages/airflow/example_dags/example_task_group_decorator.py took 0.074 seconds
[2024-06-18T13:22:53.676+0530] {processor.py:161} INFO - Started process (PID=26569) to work on /home/kiit/airflow-env/lib/python3.8/site-packages/airflow/example_dags/example_task_group_decorator.py
[2024-06-18T13:22:53.677+0530] {processor.py:830} INFO - Processing file /home/kiit/airflow-env/lib/python3.8/site-packages/airflow/example_dags/example_task_group_decorator.py for tasks to queue
[2024-06-18T13:22:53.678+0530] {logging_mixin.py:188} INFO - [2024-06-18T13:22:53.678+0530] {dagbag.py:545} INFO - Filling up the DagBag from /home/kiit/airflow-env/lib/python3.8/site-packages/airflow/example_dags/example_task_group_decorator.py
[2024-06-18T13:22:53.691+0530] {processor.py:840} INFO - DAG(s) 'example_task_group_decorator' retrieved from /home/kiit/airflow-env/lib/python3.8/site-packages/airflow/example_dags/example_task_group_decorator.py
[2024-06-18T13:22:53.708+0530] {logging_mixin.py:188} INFO - [2024-06-18T13:22:53.708+0530] {dag.py:3096} INFO - Sync 1 DAGs
[2024-06-18T13:22:53.723+0530] {logging_mixin.py:188} INFO - [2024-06-18T13:22:53.722+0530] {dag.py:3954} INFO - Setting next_dagrun for example_task_group_decorator to 2024-06-17 00:00:00+00:00, run_after=2024-06-18 00:00:00+00:00
[2024-06-18T13:22:53.741+0530] {processor.py:183} INFO - Processing /home/kiit/airflow-env/lib/python3.8/site-packages/airflow/example_dags/example_task_group_decorator.py took 0.070 seconds
[2024-06-18T13:23:50.554+0530] {processor.py:161} INFO - Started process (PID=26642) to work on /home/kiit/airflow-env/lib/python3.8/site-packages/airflow/example_dags/example_task_group_decorator.py
[2024-06-18T13:23:50.561+0530] {processor.py:830} INFO - Processing file /home/kiit/airflow-env/lib/python3.8/site-packages/airflow/example_dags/example_task_group_decorator.py for tasks to queue
[2024-06-18T13:23:50.562+0530] {logging_mixin.py:188} INFO - [2024-06-18T13:23:50.562+0530] {dagbag.py:545} INFO - Filling up the DagBag from /home/kiit/airflow-env/lib/python3.8/site-packages/airflow/example_dags/example_task_group_decorator.py
[2024-06-18T13:23:50.571+0530] {processor.py:840} INFO - DAG(s) 'example_task_group_decorator' retrieved from /home/kiit/airflow-env/lib/python3.8/site-packages/airflow/example_dags/example_task_group_decorator.py
[2024-06-18T13:23:50.584+0530] {logging_mixin.py:188} INFO - [2024-06-18T13:23:50.583+0530] {dag.py:3096} INFO - Sync 1 DAGs
[2024-06-18T13:23:50.595+0530] {logging_mixin.py:188} INFO - [2024-06-18T13:23:50.595+0530] {dag.py:3954} INFO - Setting next_dagrun for example_task_group_decorator to 2024-06-17 00:00:00+00:00, run_after=2024-06-18 00:00:00+00:00
[2024-06-18T13:23:50.616+0530] {processor.py:183} INFO - Processing /home/kiit/airflow-env/lib/python3.8/site-packages/airflow/example_dags/example_task_group_decorator.py took 0.066 seconds
[2024-06-18T13:24:50.721+0530] {processor.py:161} INFO - Started process (PID=26711) to work on /home/kiit/airflow-env/lib/python3.8/site-packages/airflow/example_dags/example_task_group_decorator.py
[2024-06-18T13:24:50.723+0530] {processor.py:830} INFO - Processing file /home/kiit/airflow-env/lib/python3.8/site-packages/airflow/example_dags/example_task_group_decorator.py for tasks to queue
[2024-06-18T13:24:50.724+0530] {logging_mixin.py:188} INFO - [2024-06-18T13:24:50.724+0530] {dagbag.py:545} INFO - Filling up the DagBag from /home/kiit/airflow-env/lib/python3.8/site-packages/airflow/example_dags/example_task_group_decorator.py
[2024-06-18T13:24:50.733+0530] {processor.py:840} INFO - DAG(s) 'example_task_group_decorator' retrieved from /home/kiit/airflow-env/lib/python3.8/site-packages/airflow/example_dags/example_task_group_decorator.py
[2024-06-18T13:24:50.747+0530] {logging_mixin.py:188} INFO - [2024-06-18T13:24:50.747+0530] {dag.py:3096} INFO - Sync 1 DAGs
[2024-06-18T13:24:50.762+0530] {logging_mixin.py:188} INFO - [2024-06-18T13:24:50.762+0530] {dag.py:3954} INFO - Setting next_dagrun for example_task_group_decorator to 2024-06-17 00:00:00+00:00, run_after=2024-06-18 00:00:00+00:00
[2024-06-18T13:24:50.779+0530] {processor.py:183} INFO - Processing /home/kiit/airflow-env/lib/python3.8/site-packages/airflow/example_dags/example_task_group_decorator.py took 0.062 seconds
[2024-06-18T13:25:44.941+0530] {processor.py:161} INFO - Started process (PID=26787) to work on /home/kiit/airflow-env/lib/python3.8/site-packages/airflow/example_dags/example_task_group_decorator.py
[2024-06-18T13:25:44.943+0530] {processor.py:830} INFO - Processing file /home/kiit/airflow-env/lib/python3.8/site-packages/airflow/example_dags/example_task_group_decorator.py for tasks to queue
[2024-06-18T13:25:44.945+0530] {logging_mixin.py:188} INFO - [2024-06-18T13:25:44.944+0530] {dagbag.py:545} INFO - Filling up the DagBag from /home/kiit/airflow-env/lib/python3.8/site-packages/airflow/example_dags/example_task_group_decorator.py
[2024-06-18T13:25:44.957+0530] {processor.py:840} INFO - DAG(s) 'example_task_group_decorator' retrieved from /home/kiit/airflow-env/lib/python3.8/site-packages/airflow/example_dags/example_task_group_decorator.py
[2024-06-18T13:25:44.974+0530] {logging_mixin.py:188} INFO - [2024-06-18T13:25:44.974+0530] {dag.py:3096} INFO - Sync 1 DAGs
[2024-06-18T13:25:44.988+0530] {logging_mixin.py:188} INFO - [2024-06-18T13:25:44.987+0530] {dag.py:3954} INFO - Setting next_dagrun for example_task_group_decorator to 2024-06-17 00:00:00+00:00, run_after=2024-06-18 00:00:00+00:00
[2024-06-18T13:25:45.009+0530] {processor.py:183} INFO - Processing /home/kiit/airflow-env/lib/python3.8/site-packages/airflow/example_dags/example_task_group_decorator.py took 0.074 seconds
[2024-06-18T13:26:49.607+0530] {processor.py:161} INFO - Started process (PID=26856) to work on /home/kiit/airflow-env/lib/python3.8/site-packages/airflow/example_dags/example_task_group_decorator.py
[2024-06-18T13:26:49.612+0530] {processor.py:830} INFO - Processing file /home/kiit/airflow-env/lib/python3.8/site-packages/airflow/example_dags/example_task_group_decorator.py for tasks to queue
[2024-06-18T13:26:49.622+0530] {logging_mixin.py:188} INFO - [2024-06-18T13:26:49.617+0530] {dagbag.py:545} INFO - Filling up the DagBag from /home/kiit/airflow-env/lib/python3.8/site-packages/airflow/example_dags/example_task_group_decorator.py
[2024-06-18T13:26:49.715+0530] {processor.py:840} INFO - DAG(s) 'example_task_group_decorator' retrieved from /home/kiit/airflow-env/lib/python3.8/site-packages/airflow/example_dags/example_task_group_decorator.py
[2024-06-18T13:26:49.869+0530] {logging_mixin.py:188} INFO - [2024-06-18T13:26:49.868+0530] {dag.py:3096} INFO - Sync 1 DAGs
[2024-06-18T13:26:49.992+0530] {logging_mixin.py:188} INFO - [2024-06-18T13:26:49.991+0530] {dag.py:3954} INFO - Setting next_dagrun for example_task_group_decorator to 2024-06-17 00:00:00+00:00, run_after=2024-06-18 00:00:00+00:00
[2024-06-18T13:26:50.128+0530] {processor.py:183} INFO - Processing /home/kiit/airflow-env/lib/python3.8/site-packages/airflow/example_dags/example_task_group_decorator.py took 0.584 seconds
[2024-06-18T13:27:38.411+0530] {processor.py:161} INFO - Started process (PID=26910) to work on /home/kiit/airflow-env/lib/python3.8/site-packages/airflow/example_dags/example_task_group_decorator.py
[2024-06-18T13:27:38.413+0530] {processor.py:830} INFO - Processing file /home/kiit/airflow-env/lib/python3.8/site-packages/airflow/example_dags/example_task_group_decorator.py for tasks to queue
[2024-06-18T13:27:38.415+0530] {logging_mixin.py:188} INFO - [2024-06-18T13:27:38.414+0530] {dagbag.py:545} INFO - Filling up the DagBag from /home/kiit/airflow-env/lib/python3.8/site-packages/airflow/example_dags/example_task_group_decorator.py
[2024-06-18T13:27:38.430+0530] {processor.py:840} INFO - DAG(s) 'example_task_group_decorator' retrieved from /home/kiit/airflow-env/lib/python3.8/site-packages/airflow/example_dags/example_task_group_decorator.py
[2024-06-18T13:27:38.457+0530] {logging_mixin.py:188} INFO - [2024-06-18T13:27:38.456+0530] {dag.py:3096} INFO - Sync 1 DAGs
[2024-06-18T13:27:38.479+0530] {logging_mixin.py:188} INFO - [2024-06-18T13:27:38.479+0530] {dag.py:3954} INFO - Setting next_dagrun for example_task_group_decorator to 2024-06-17 00:00:00+00:00, run_after=2024-06-18 00:00:00+00:00
[2024-06-18T13:27:38.506+0530] {processor.py:183} INFO - Processing /home/kiit/airflow-env/lib/python3.8/site-packages/airflow/example_dags/example_task_group_decorator.py took 0.106 seconds
[2024-06-18T13:28:44.489+0530] {processor.py:161} INFO - Started process (PID=26961) to work on /home/kiit/airflow-env/lib/python3.8/site-packages/airflow/example_dags/example_task_group_decorator.py
[2024-06-18T13:28:44.500+0530] {processor.py:830} INFO - Processing file /home/kiit/airflow-env/lib/python3.8/site-packages/airflow/example_dags/example_task_group_decorator.py for tasks to queue
[2024-06-18T13:28:44.506+0530] {logging_mixin.py:188} INFO - [2024-06-18T13:28:44.505+0530] {dagbag.py:545} INFO - Filling up the DagBag from /home/kiit/airflow-env/lib/python3.8/site-packages/airflow/example_dags/example_task_group_decorator.py
[2024-06-18T13:28:44.584+0530] {processor.py:840} INFO - DAG(s) 'example_task_group_decorator' retrieved from /home/kiit/airflow-env/lib/python3.8/site-packages/airflow/example_dags/example_task_group_decorator.py
[2024-06-18T13:28:44.688+0530] {logging_mixin.py:188} INFO - [2024-06-18T13:28:44.687+0530] {dag.py:3096} INFO - Sync 1 DAGs
[2024-06-18T13:28:44.762+0530] {logging_mixin.py:188} INFO - [2024-06-18T13:28:44.762+0530] {dag.py:3954} INFO - Setting next_dagrun for example_task_group_decorator to 2024-06-17 00:00:00+00:00, run_after=2024-06-18 00:00:00+00:00
[2024-06-18T13:28:44.840+0530] {processor.py:183} INFO - Processing /home/kiit/airflow-env/lib/python3.8/site-packages/airflow/example_dags/example_task_group_decorator.py took 0.387 seconds
[2024-06-18T13:29:51.967+0530] {processor.py:161} INFO - Started process (PID=27039) to work on /home/kiit/airflow-env/lib/python3.8/site-packages/airflow/example_dags/example_task_group_decorator.py
[2024-06-18T13:29:51.976+0530] {processor.py:830} INFO - Processing file /home/kiit/airflow-env/lib/python3.8/site-packages/airflow/example_dags/example_task_group_decorator.py for tasks to queue
[2024-06-18T13:29:51.978+0530] {logging_mixin.py:188} INFO - [2024-06-18T13:29:51.977+0530] {dagbag.py:545} INFO - Filling up the DagBag from /home/kiit/airflow-env/lib/python3.8/site-packages/airflow/example_dags/example_task_group_decorator.py
[2024-06-18T13:29:51.994+0530] {processor.py:840} INFO - DAG(s) 'example_task_group_decorator' retrieved from /home/kiit/airflow-env/lib/python3.8/site-packages/airflow/example_dags/example_task_group_decorator.py
[2024-06-18T13:29:52.017+0530] {logging_mixin.py:188} INFO - [2024-06-18T13:29:52.016+0530] {dag.py:3096} INFO - Sync 1 DAGs
[2024-06-18T13:29:52.040+0530] {logging_mixin.py:188} INFO - [2024-06-18T13:29:52.039+0530] {dag.py:3954} INFO - Setting next_dagrun for example_task_group_decorator to 2024-06-17 00:00:00+00:00, run_after=2024-06-18 00:00:00+00:00
[2024-06-18T13:29:52.064+0530] {processor.py:183} INFO - Processing /home/kiit/airflow-env/lib/python3.8/site-packages/airflow/example_dags/example_task_group_decorator.py took 0.104 seconds
[2024-06-18T13:30:43.377+0530] {processor.py:161} INFO - Started process (PID=27112) to work on /home/kiit/airflow-env/lib/python3.8/site-packages/airflow/example_dags/example_task_group_decorator.py
[2024-06-18T13:30:43.379+0530] {processor.py:830} INFO - Processing file /home/kiit/airflow-env/lib/python3.8/site-packages/airflow/example_dags/example_task_group_decorator.py for tasks to queue
[2024-06-18T13:30:43.382+0530] {logging_mixin.py:188} INFO - [2024-06-18T13:30:43.381+0530] {dagbag.py:545} INFO - Filling up the DagBag from /home/kiit/airflow-env/lib/python3.8/site-packages/airflow/example_dags/example_task_group_decorator.py
[2024-06-18T13:30:43.407+0530] {processor.py:840} INFO - DAG(s) 'example_task_group_decorator' retrieved from /home/kiit/airflow-env/lib/python3.8/site-packages/airflow/example_dags/example_task_group_decorator.py
[2024-06-18T13:30:43.441+0530] {logging_mixin.py:188} INFO - [2024-06-18T13:30:43.441+0530] {dag.py:3096} INFO - Sync 1 DAGs
[2024-06-18T13:30:43.470+0530] {logging_mixin.py:188} INFO - [2024-06-18T13:30:43.470+0530] {dag.py:3954} INFO - Setting next_dagrun for example_task_group_decorator to 2024-06-17 00:00:00+00:00, run_after=2024-06-18 00:00:00+00:00
[2024-06-18T13:30:43.507+0530] {processor.py:183} INFO - Processing /home/kiit/airflow-env/lib/python3.8/site-packages/airflow/example_dags/example_task_group_decorator.py took 0.140 seconds
[2024-06-18T13:31:41.438+0530] {processor.py:161} INFO - Started process (PID=27437) to work on /home/kiit/airflow-env/lib/python3.8/site-packages/airflow/example_dags/example_task_group_decorator.py
[2024-06-18T13:31:41.440+0530] {processor.py:830} INFO - Processing file /home/kiit/airflow-env/lib/python3.8/site-packages/airflow/example_dags/example_task_group_decorator.py for tasks to queue
[2024-06-18T13:31:41.444+0530] {logging_mixin.py:188} INFO - [2024-06-18T13:31:41.443+0530] {dagbag.py:545} INFO - Filling up the DagBag from /home/kiit/airflow-env/lib/python3.8/site-packages/airflow/example_dags/example_task_group_decorator.py
[2024-06-18T13:31:41.478+0530] {processor.py:840} INFO - DAG(s) 'example_task_group_decorator' retrieved from /home/kiit/airflow-env/lib/python3.8/site-packages/airflow/example_dags/example_task_group_decorator.py
[2024-06-18T13:31:41.526+0530] {logging_mixin.py:188} INFO - [2024-06-18T13:31:41.525+0530] {dag.py:3096} INFO - Sync 1 DAGs
[2024-06-18T13:31:41.569+0530] {logging_mixin.py:188} INFO - [2024-06-18T13:31:41.567+0530] {dag.py:3954} INFO - Setting next_dagrun for example_task_group_decorator to 2024-06-17 00:00:00+00:00, run_after=2024-06-18 00:00:00+00:00
[2024-06-18T13:31:41.608+0530] {processor.py:183} INFO - Processing /home/kiit/airflow-env/lib/python3.8/site-packages/airflow/example_dags/example_task_group_decorator.py took 0.184 seconds
[2024-06-18T13:32:30.509+0530] {processor.py:161} INFO - Started process (PID=27789) to work on /home/kiit/airflow-env/lib/python3.8/site-packages/airflow/example_dags/example_task_group_decorator.py
[2024-06-18T13:32:30.510+0530] {processor.py:830} INFO - Processing file /home/kiit/airflow-env/lib/python3.8/site-packages/airflow/example_dags/example_task_group_decorator.py for tasks to queue
[2024-06-18T13:32:30.512+0530] {logging_mixin.py:188} INFO - [2024-06-18T13:32:30.511+0530] {dagbag.py:545} INFO - Filling up the DagBag from /home/kiit/airflow-env/lib/python3.8/site-packages/airflow/example_dags/example_task_group_decorator.py
[2024-06-18T13:32:30.526+0530] {processor.py:840} INFO - DAG(s) 'example_task_group_decorator' retrieved from /home/kiit/airflow-env/lib/python3.8/site-packages/airflow/example_dags/example_task_group_decorator.py
[2024-06-18T13:32:30.547+0530] {logging_mixin.py:188} INFO - [2024-06-18T13:32:30.547+0530] {dag.py:3096} INFO - Sync 1 DAGs
[2024-06-18T13:32:30.565+0530] {logging_mixin.py:188} INFO - [2024-06-18T13:32:30.565+0530] {dag.py:3954} INFO - Setting next_dagrun for example_task_group_decorator to 2024-06-17 00:00:00+00:00, run_after=2024-06-18 00:00:00+00:00
[2024-06-18T13:32:30.591+0530] {processor.py:183} INFO - Processing /home/kiit/airflow-env/lib/python3.8/site-packages/airflow/example_dags/example_task_group_decorator.py took 0.088 seconds
[2024-06-18T13:33:33.568+0530] {processor.py:161} INFO - Started process (PID=29144) to work on /home/kiit/airflow-env/lib/python3.8/site-packages/airflow/example_dags/example_task_group_decorator.py
[2024-06-18T13:33:33.569+0530] {processor.py:830} INFO - Processing file /home/kiit/airflow-env/lib/python3.8/site-packages/airflow/example_dags/example_task_group_decorator.py for tasks to queue
[2024-06-18T13:33:33.570+0530] {logging_mixin.py:188} INFO - [2024-06-18T13:33:33.570+0530] {dagbag.py:545} INFO - Filling up the DagBag from /home/kiit/airflow-env/lib/python3.8/site-packages/airflow/example_dags/example_task_group_decorator.py
[2024-06-18T13:33:33.580+0530] {processor.py:840} INFO - DAG(s) 'example_task_group_decorator' retrieved from /home/kiit/airflow-env/lib/python3.8/site-packages/airflow/example_dags/example_task_group_decorator.py
[2024-06-18T13:33:33.594+0530] {logging_mixin.py:188} INFO - [2024-06-18T13:33:33.594+0530] {dag.py:3096} INFO - Sync 1 DAGs
[2024-06-18T13:33:33.612+0530] {logging_mixin.py:188} INFO - [2024-06-18T13:33:33.611+0530] {dag.py:3954} INFO - Setting next_dagrun for example_task_group_decorator to 2024-06-17 00:00:00+00:00, run_after=2024-06-18 00:00:00+00:00
[2024-06-18T13:33:33.630+0530] {processor.py:183} INFO - Processing /home/kiit/airflow-env/lib/python3.8/site-packages/airflow/example_dags/example_task_group_decorator.py took 0.069 seconds
[2024-06-18T13:34:33.010+0530] {processor.py:161} INFO - Started process (PID=30462) to work on /home/kiit/airflow-env/lib/python3.8/site-packages/airflow/example_dags/example_task_group_decorator.py
[2024-06-18T13:34:33.017+0530] {processor.py:830} INFO - Processing file /home/kiit/airflow-env/lib/python3.8/site-packages/airflow/example_dags/example_task_group_decorator.py for tasks to queue
[2024-06-18T13:34:33.019+0530] {logging_mixin.py:188} INFO - [2024-06-18T13:34:33.019+0530] {dagbag.py:545} INFO - Filling up the DagBag from /home/kiit/airflow-env/lib/python3.8/site-packages/airflow/example_dags/example_task_group_decorator.py
[2024-06-18T13:34:33.032+0530] {processor.py:840} INFO - DAG(s) 'example_task_group_decorator' retrieved from /home/kiit/airflow-env/lib/python3.8/site-packages/airflow/example_dags/example_task_group_decorator.py
[2024-06-18T13:34:33.047+0530] {logging_mixin.py:188} INFO - [2024-06-18T13:34:33.046+0530] {dag.py:3096} INFO - Sync 1 DAGs
[2024-06-18T13:34:33.060+0530] {logging_mixin.py:188} INFO - [2024-06-18T13:34:33.059+0530] {dag.py:3954} INFO - Setting next_dagrun for example_task_group_decorator to 2024-06-17 00:00:00+00:00, run_after=2024-06-18 00:00:00+00:00
[2024-06-18T13:34:33.080+0530] {processor.py:183} INFO - Processing /home/kiit/airflow-env/lib/python3.8/site-packages/airflow/example_dags/example_task_group_decorator.py took 0.075 seconds
[2024-06-18T13:35:34.973+0530] {processor.py:161} INFO - Started process (PID=30530) to work on /home/kiit/airflow-env/lib/python3.8/site-packages/airflow/example_dags/example_task_group_decorator.py
[2024-06-18T13:35:34.974+0530] {processor.py:830} INFO - Processing file /home/kiit/airflow-env/lib/python3.8/site-packages/airflow/example_dags/example_task_group_decorator.py for tasks to queue
[2024-06-18T13:35:34.976+0530] {logging_mixin.py:188} INFO - [2024-06-18T13:35:34.976+0530] {dagbag.py:545} INFO - Filling up the DagBag from /home/kiit/airflow-env/lib/python3.8/site-packages/airflow/example_dags/example_task_group_decorator.py
[2024-06-18T13:35:34.989+0530] {processor.py:840} INFO - DAG(s) 'example_task_group_decorator' retrieved from /home/kiit/airflow-env/lib/python3.8/site-packages/airflow/example_dags/example_task_group_decorator.py
[2024-06-18T13:35:35.011+0530] {logging_mixin.py:188} INFO - [2024-06-18T13:35:35.010+0530] {dag.py:3096} INFO - Sync 1 DAGs
[2024-06-18T13:35:35.026+0530] {logging_mixin.py:188} INFO - [2024-06-18T13:35:35.026+0530] {dag.py:3954} INFO - Setting next_dagrun for example_task_group_decorator to 2024-06-17 00:00:00+00:00, run_after=2024-06-18 00:00:00+00:00
[2024-06-18T13:35:35.047+0530] {processor.py:183} INFO - Processing /home/kiit/airflow-env/lib/python3.8/site-packages/airflow/example_dags/example_task_group_decorator.py took 0.081 seconds
[2024-06-18T13:36:39.545+0530] {processor.py:161} INFO - Started process (PID=30609) to work on /home/kiit/airflow-env/lib/python3.8/site-packages/airflow/example_dags/example_task_group_decorator.py
[2024-06-18T13:36:39.552+0530] {processor.py:830} INFO - Processing file /home/kiit/airflow-env/lib/python3.8/site-packages/airflow/example_dags/example_task_group_decorator.py for tasks to queue
[2024-06-18T13:36:39.553+0530] {logging_mixin.py:188} INFO - [2024-06-18T13:36:39.553+0530] {dagbag.py:545} INFO - Filling up the DagBag from /home/kiit/airflow-env/lib/python3.8/site-packages/airflow/example_dags/example_task_group_decorator.py
[2024-06-18T13:36:39.563+0530] {processor.py:840} INFO - DAG(s) 'example_task_group_decorator' retrieved from /home/kiit/airflow-env/lib/python3.8/site-packages/airflow/example_dags/example_task_group_decorator.py
[2024-06-18T13:36:39.579+0530] {logging_mixin.py:188} INFO - [2024-06-18T13:36:39.579+0530] {dag.py:3096} INFO - Sync 1 DAGs
[2024-06-18T13:36:39.593+0530] {logging_mixin.py:188} INFO - [2024-06-18T13:36:39.592+0530] {dag.py:3954} INFO - Setting next_dagrun for example_task_group_decorator to 2024-06-17 00:00:00+00:00, run_after=2024-06-18 00:00:00+00:00
[2024-06-18T13:36:39.611+0530] {processor.py:183} INFO - Processing /home/kiit/airflow-env/lib/python3.8/site-packages/airflow/example_dags/example_task_group_decorator.py took 0.070 seconds
[2024-06-18T13:37:41.361+0530] {processor.py:161} INFO - Started process (PID=30678) to work on /home/kiit/airflow-env/lib/python3.8/site-packages/airflow/example_dags/example_task_group_decorator.py
[2024-06-18T13:37:41.363+0530] {processor.py:830} INFO - Processing file /home/kiit/airflow-env/lib/python3.8/site-packages/airflow/example_dags/example_task_group_decorator.py for tasks to queue
[2024-06-18T13:37:41.366+0530] {logging_mixin.py:188} INFO - [2024-06-18T13:37:41.366+0530] {dagbag.py:545} INFO - Filling up the DagBag from /home/kiit/airflow-env/lib/python3.8/site-packages/airflow/example_dags/example_task_group_decorator.py
[2024-06-18T13:37:41.391+0530] {processor.py:840} INFO - DAG(s) 'example_task_group_decorator' retrieved from /home/kiit/airflow-env/lib/python3.8/site-packages/airflow/example_dags/example_task_group_decorator.py
[2024-06-18T13:37:41.413+0530] {logging_mixin.py:188} INFO - [2024-06-18T13:37:41.413+0530] {dag.py:3096} INFO - Sync 1 DAGs
[2024-06-18T13:37:41.429+0530] {logging_mixin.py:188} INFO - [2024-06-18T13:37:41.429+0530] {dag.py:3954} INFO - Setting next_dagrun for example_task_group_decorator to 2024-06-17 00:00:00+00:00, run_after=2024-06-18 00:00:00+00:00
[2024-06-18T13:37:41.455+0530] {processor.py:183} INFO - Processing /home/kiit/airflow-env/lib/python3.8/site-packages/airflow/example_dags/example_task_group_decorator.py took 0.107 seconds
[2024-06-18T13:38:56.110+0530] {processor.py:161} INFO - Started process (PID=30761) to work on /home/kiit/airflow-env/lib/python3.8/site-packages/airflow/example_dags/example_task_group_decorator.py
[2024-06-18T13:38:56.111+0530] {processor.py:830} INFO - Processing file /home/kiit/airflow-env/lib/python3.8/site-packages/airflow/example_dags/example_task_group_decorator.py for tasks to queue
[2024-06-18T13:38:56.113+0530] {logging_mixin.py:188} INFO - [2024-06-18T13:38:56.113+0530] {dagbag.py:545} INFO - Filling up the DagBag from /home/kiit/airflow-env/lib/python3.8/site-packages/airflow/example_dags/example_task_group_decorator.py
[2024-06-18T13:38:56.123+0530] {processor.py:840} INFO - DAG(s) 'example_task_group_decorator' retrieved from /home/kiit/airflow-env/lib/python3.8/site-packages/airflow/example_dags/example_task_group_decorator.py
[2024-06-18T13:38:56.139+0530] {logging_mixin.py:188} INFO - [2024-06-18T13:38:56.139+0530] {dag.py:3096} INFO - Sync 1 DAGs
[2024-06-18T13:38:56.154+0530] {logging_mixin.py:188} INFO - [2024-06-18T13:38:56.154+0530] {dag.py:3954} INFO - Setting next_dagrun for example_task_group_decorator to 2024-06-17 00:00:00+00:00, run_after=2024-06-18 00:00:00+00:00
[2024-06-18T13:38:56.172+0530] {processor.py:183} INFO - Processing /home/kiit/airflow-env/lib/python3.8/site-packages/airflow/example_dags/example_task_group_decorator.py took 0.070 seconds
[2024-06-18T13:39:55.928+0530] {processor.py:161} INFO - Started process (PID=30830) to work on /home/kiit/airflow-env/lib/python3.8/site-packages/airflow/example_dags/example_task_group_decorator.py
[2024-06-18T13:39:55.935+0530] {processor.py:830} INFO - Processing file /home/kiit/airflow-env/lib/python3.8/site-packages/airflow/example_dags/example_task_group_decorator.py for tasks to queue
[2024-06-18T13:39:55.937+0530] {logging_mixin.py:188} INFO - [2024-06-18T13:39:55.937+0530] {dagbag.py:545} INFO - Filling up the DagBag from /home/kiit/airflow-env/lib/python3.8/site-packages/airflow/example_dags/example_task_group_decorator.py
[2024-06-18T13:39:55.946+0530] {processor.py:840} INFO - DAG(s) 'example_task_group_decorator' retrieved from /home/kiit/airflow-env/lib/python3.8/site-packages/airflow/example_dags/example_task_group_decorator.py
[2024-06-18T13:39:55.959+0530] {logging_mixin.py:188} INFO - [2024-06-18T13:39:55.959+0530] {dag.py:3096} INFO - Sync 1 DAGs
[2024-06-18T13:39:55.972+0530] {logging_mixin.py:188} INFO - [2024-06-18T13:39:55.972+0530] {dag.py:3954} INFO - Setting next_dagrun for example_task_group_decorator to 2024-06-17 00:00:00+00:00, run_after=2024-06-18 00:00:00+00:00
[2024-06-18T13:39:55.992+0530] {processor.py:183} INFO - Processing /home/kiit/airflow-env/lib/python3.8/site-packages/airflow/example_dags/example_task_group_decorator.py took 0.070 seconds
[2024-06-18T13:40:43.119+0530] {processor.py:161} INFO - Started process (PID=30951) to work on /home/kiit/airflow-env/lib/python3.8/site-packages/airflow/example_dags/example_task_group_decorator.py
[2024-06-18T13:40:43.127+0530] {processor.py:830} INFO - Processing file /home/kiit/airflow-env/lib/python3.8/site-packages/airflow/example_dags/example_task_group_decorator.py for tasks to queue
[2024-06-18T13:40:43.129+0530] {logging_mixin.py:188} INFO - [2024-06-18T13:40:43.128+0530] {dagbag.py:545} INFO - Filling up the DagBag from /home/kiit/airflow-env/lib/python3.8/site-packages/airflow/example_dags/example_task_group_decorator.py
[2024-06-18T13:40:43.143+0530] {processor.py:840} INFO - DAG(s) 'example_task_group_decorator' retrieved from /home/kiit/airflow-env/lib/python3.8/site-packages/airflow/example_dags/example_task_group_decorator.py
[2024-06-18T13:40:43.155+0530] {logging_mixin.py:188} INFO - [2024-06-18T13:40:43.155+0530] {dag.py:3096} INFO - Sync 1 DAGs
[2024-06-18T13:40:43.167+0530] {logging_mixin.py:188} INFO - [2024-06-18T13:40:43.167+0530] {dag.py:3954} INFO - Setting next_dagrun for example_task_group_decorator to 2024-06-17 00:00:00+00:00, run_after=2024-06-18 00:00:00+00:00
[2024-06-18T13:40:43.184+0530] {processor.py:183} INFO - Processing /home/kiit/airflow-env/lib/python3.8/site-packages/airflow/example_dags/example_task_group_decorator.py took 0.069 seconds
[2024-06-18T13:41:45.560+0530] {processor.py:161} INFO - Started process (PID=31028) to work on /home/kiit/airflow-env/lib/python3.8/site-packages/airflow/example_dags/example_task_group_decorator.py
[2024-06-18T13:41:45.568+0530] {processor.py:830} INFO - Processing file /home/kiit/airflow-env/lib/python3.8/site-packages/airflow/example_dags/example_task_group_decorator.py for tasks to queue
[2024-06-18T13:41:45.570+0530] {logging_mixin.py:188} INFO - [2024-06-18T13:41:45.569+0530] {dagbag.py:545} INFO - Filling up the DagBag from /home/kiit/airflow-env/lib/python3.8/site-packages/airflow/example_dags/example_task_group_decorator.py
[2024-06-18T13:41:45.579+0530] {processor.py:840} INFO - DAG(s) 'example_task_group_decorator' retrieved from /home/kiit/airflow-env/lib/python3.8/site-packages/airflow/example_dags/example_task_group_decorator.py
[2024-06-18T13:41:45.591+0530] {logging_mixin.py:188} INFO - [2024-06-18T13:41:45.591+0530] {dag.py:3096} INFO - Sync 1 DAGs
[2024-06-18T13:41:45.602+0530] {logging_mixin.py:188} INFO - [2024-06-18T13:41:45.602+0530] {dag.py:3954} INFO - Setting next_dagrun for example_task_group_decorator to 2024-06-17 00:00:00+00:00, run_after=2024-06-18 00:00:00+00:00
[2024-06-18T13:41:45.621+0530] {processor.py:183} INFO - Processing /home/kiit/airflow-env/lib/python3.8/site-packages/airflow/example_dags/example_task_group_decorator.py took 0.065 seconds
[2024-06-18T15:05:50.514+0530] {processor.py:161} INFO - Started process (PID=33633) to work on /home/kiit/airflow-env/lib/python3.8/site-packages/airflow/example_dags/example_task_group_decorator.py
[2024-06-18T15:05:50.516+0530] {processor.py:830} INFO - Processing file /home/kiit/airflow-env/lib/python3.8/site-packages/airflow/example_dags/example_task_group_decorator.py for tasks to queue
[2024-06-18T15:05:50.518+0530] {logging_mixin.py:188} INFO - [2024-06-18T15:05:50.517+0530] {dagbag.py:545} INFO - Filling up the DagBag from /home/kiit/airflow-env/lib/python3.8/site-packages/airflow/example_dags/example_task_group_decorator.py
[2024-06-18T15:05:50.537+0530] {processor.py:840} INFO - DAG(s) 'example_task_group_decorator' retrieved from /home/kiit/airflow-env/lib/python3.8/site-packages/airflow/example_dags/example_task_group_decorator.py
[2024-06-18T15:05:50.549+0530] {logging_mixin.py:188} INFO - [2024-06-18T15:05:50.549+0530] {dag.py:3096} INFO - Sync 1 DAGs
[2024-06-18T15:05:50.573+0530] {logging_mixin.py:188} INFO - [2024-06-18T15:05:50.572+0530] {dag.py:3954} INFO - Setting next_dagrun for example_task_group_decorator to 2024-06-17 00:00:00+00:00, run_after=2024-06-18 00:00:00+00:00
[2024-06-18T15:05:50.597+0530] {processor.py:183} INFO - Processing /home/kiit/airflow-env/lib/python3.8/site-packages/airflow/example_dags/example_task_group_decorator.py took 0.090 seconds
[2024-06-18T15:06:25.242+0530] {processor.py:161} INFO - Started process (PID=33692) to work on /home/kiit/airflow-env/lib/python3.8/site-packages/airflow/example_dags/example_task_group_decorator.py
[2024-06-18T15:06:25.243+0530] {processor.py:830} INFO - Processing file /home/kiit/airflow-env/lib/python3.8/site-packages/airflow/example_dags/example_task_group_decorator.py for tasks to queue
[2024-06-18T15:06:25.245+0530] {logging_mixin.py:188} INFO - [2024-06-18T15:06:25.245+0530] {dagbag.py:545} INFO - Filling up the DagBag from /home/kiit/airflow-env/lib/python3.8/site-packages/airflow/example_dags/example_task_group_decorator.py
[2024-06-18T15:06:25.265+0530] {processor.py:840} INFO - DAG(s) 'example_task_group_decorator' retrieved from /home/kiit/airflow-env/lib/python3.8/site-packages/airflow/example_dags/example_task_group_decorator.py
[2024-06-18T15:06:25.550+0530] {logging_mixin.py:188} INFO - [2024-06-18T15:06:25.550+0530] {dag.py:3096} INFO - Sync 1 DAGs
[2024-06-18T15:06:25.583+0530] {logging_mixin.py:188} INFO - [2024-06-18T15:06:25.583+0530] {dag.py:3954} INFO - Setting next_dagrun for example_task_group_decorator to 2024-06-17 00:00:00+00:00, run_after=2024-06-18 00:00:00+00:00
[2024-06-18T15:06:25.635+0530] {processor.py:183} INFO - Processing /home/kiit/airflow-env/lib/python3.8/site-packages/airflow/example_dags/example_task_group_decorator.py took 0.403 seconds
[2024-06-18T15:06:56.240+0530] {processor.py:161} INFO - Started process (PID=33751) to work on /home/kiit/airflow-env/lib/python3.8/site-packages/airflow/example_dags/example_task_group_decorator.py
[2024-06-18T15:06:56.241+0530] {processor.py:830} INFO - Processing file /home/kiit/airflow-env/lib/python3.8/site-packages/airflow/example_dags/example_task_group_decorator.py for tasks to queue
[2024-06-18T15:06:56.242+0530] {logging_mixin.py:188} INFO - [2024-06-18T15:06:56.242+0530] {dagbag.py:545} INFO - Filling up the DagBag from /home/kiit/airflow-env/lib/python3.8/site-packages/airflow/example_dags/example_task_group_decorator.py
[2024-06-18T15:06:56.256+0530] {processor.py:840} INFO - DAG(s) 'example_task_group_decorator' retrieved from /home/kiit/airflow-env/lib/python3.8/site-packages/airflow/example_dags/example_task_group_decorator.py
[2024-06-18T15:06:56.285+0530] {logging_mixin.py:188} INFO - [2024-06-18T15:06:56.285+0530] {dag.py:3096} INFO - Sync 1 DAGs
[2024-06-18T15:06:56.307+0530] {logging_mixin.py:188} INFO - [2024-06-18T15:06:56.307+0530] {dag.py:3954} INFO - Setting next_dagrun for example_task_group_decorator to 2024-06-17 00:00:00+00:00, run_after=2024-06-18 00:00:00+00:00
[2024-06-18T15:06:56.335+0530] {processor.py:183} INFO - Processing /home/kiit/airflow-env/lib/python3.8/site-packages/airflow/example_dags/example_task_group_decorator.py took 0.100 seconds
[2024-06-18T15:07:27.122+0530] {processor.py:161} INFO - Started process (PID=33810) to work on /home/kiit/airflow-env/lib/python3.8/site-packages/airflow/example_dags/example_task_group_decorator.py
[2024-06-18T15:07:27.123+0530] {processor.py:830} INFO - Processing file /home/kiit/airflow-env/lib/python3.8/site-packages/airflow/example_dags/example_task_group_decorator.py for tasks to queue
[2024-06-18T15:07:27.124+0530] {logging_mixin.py:188} INFO - [2024-06-18T15:07:27.124+0530] {dagbag.py:545} INFO - Filling up the DagBag from /home/kiit/airflow-env/lib/python3.8/site-packages/airflow/example_dags/example_task_group_decorator.py
[2024-06-18T15:07:27.135+0530] {processor.py:840} INFO - DAG(s) 'example_task_group_decorator' retrieved from /home/kiit/airflow-env/lib/python3.8/site-packages/airflow/example_dags/example_task_group_decorator.py
[2024-06-18T15:07:27.157+0530] {logging_mixin.py:188} INFO - [2024-06-18T15:07:27.156+0530] {dag.py:3096} INFO - Sync 1 DAGs
[2024-06-18T15:07:27.172+0530] {logging_mixin.py:188} INFO - [2024-06-18T15:07:27.172+0530] {dag.py:3954} INFO - Setting next_dagrun for example_task_group_decorator to 2024-06-17 00:00:00+00:00, run_after=2024-06-18 00:00:00+00:00
[2024-06-18T15:07:27.193+0530] {processor.py:183} INFO - Processing /home/kiit/airflow-env/lib/python3.8/site-packages/airflow/example_dags/example_task_group_decorator.py took 0.076 seconds
[2024-06-18T15:07:57.872+0530] {processor.py:161} INFO - Started process (PID=33869) to work on /home/kiit/airflow-env/lib/python3.8/site-packages/airflow/example_dags/example_task_group_decorator.py
[2024-06-18T15:07:57.873+0530] {processor.py:830} INFO - Processing file /home/kiit/airflow-env/lib/python3.8/site-packages/airflow/example_dags/example_task_group_decorator.py for tasks to queue
[2024-06-18T15:07:57.874+0530] {logging_mixin.py:188} INFO - [2024-06-18T15:07:57.874+0530] {dagbag.py:545} INFO - Filling up the DagBag from /home/kiit/airflow-env/lib/python3.8/site-packages/airflow/example_dags/example_task_group_decorator.py
[2024-06-18T15:07:57.883+0530] {processor.py:840} INFO - DAG(s) 'example_task_group_decorator' retrieved from /home/kiit/airflow-env/lib/python3.8/site-packages/airflow/example_dags/example_task_group_decorator.py
[2024-06-18T15:07:57.904+0530] {logging_mixin.py:188} INFO - [2024-06-18T15:07:57.904+0530] {dag.py:3096} INFO - Sync 1 DAGs
[2024-06-18T15:07:57.919+0530] {logging_mixin.py:188} INFO - [2024-06-18T15:07:57.919+0530] {dag.py:3954} INFO - Setting next_dagrun for example_task_group_decorator to 2024-06-17 00:00:00+00:00, run_after=2024-06-18 00:00:00+00:00
[2024-06-18T15:07:57.942+0530] {processor.py:183} INFO - Processing /home/kiit/airflow-env/lib/python3.8/site-packages/airflow/example_dags/example_task_group_decorator.py took 0.076 seconds
[2024-06-18T15:08:28.038+0530] {processor.py:161} INFO - Started process (PID=33928) to work on /home/kiit/airflow-env/lib/python3.8/site-packages/airflow/example_dags/example_task_group_decorator.py
[2024-06-18T15:08:28.040+0530] {processor.py:830} INFO - Processing file /home/kiit/airflow-env/lib/python3.8/site-packages/airflow/example_dags/example_task_group_decorator.py for tasks to queue
[2024-06-18T15:08:28.042+0530] {logging_mixin.py:188} INFO - [2024-06-18T15:08:28.041+0530] {dagbag.py:545} INFO - Filling up the DagBag from /home/kiit/airflow-env/lib/python3.8/site-packages/airflow/example_dags/example_task_group_decorator.py
[2024-06-18T15:08:28.060+0530] {processor.py:840} INFO - DAG(s) 'example_task_group_decorator' retrieved from /home/kiit/airflow-env/lib/python3.8/site-packages/airflow/example_dags/example_task_group_decorator.py
[2024-06-18T15:08:28.098+0530] {logging_mixin.py:188} INFO - [2024-06-18T15:08:28.097+0530] {dag.py:3096} INFO - Sync 1 DAGs
[2024-06-18T15:08:28.124+0530] {logging_mixin.py:188} INFO - [2024-06-18T15:08:28.124+0530] {dag.py:3954} INFO - Setting next_dagrun for example_task_group_decorator to 2024-06-17 00:00:00+00:00, run_after=2024-06-18 00:00:00+00:00
[2024-06-18T15:08:28.160+0530] {processor.py:183} INFO - Processing /home/kiit/airflow-env/lib/python3.8/site-packages/airflow/example_dags/example_task_group_decorator.py took 0.132 seconds
[2024-06-18T15:08:58.781+0530] {processor.py:161} INFO - Started process (PID=33988) to work on /home/kiit/airflow-env/lib/python3.8/site-packages/airflow/example_dags/example_task_group_decorator.py
[2024-06-18T15:08:58.782+0530] {processor.py:830} INFO - Processing file /home/kiit/airflow-env/lib/python3.8/site-packages/airflow/example_dags/example_task_group_decorator.py for tasks to queue
[2024-06-18T15:08:58.783+0530] {logging_mixin.py:188} INFO - [2024-06-18T15:08:58.783+0530] {dagbag.py:545} INFO - Filling up the DagBag from /home/kiit/airflow-env/lib/python3.8/site-packages/airflow/example_dags/example_task_group_decorator.py
[2024-06-18T15:08:58.796+0530] {processor.py:840} INFO - DAG(s) 'example_task_group_decorator' retrieved from /home/kiit/airflow-env/lib/python3.8/site-packages/airflow/example_dags/example_task_group_decorator.py
[2024-06-18T15:08:58.821+0530] {logging_mixin.py:188} INFO - [2024-06-18T15:08:58.820+0530] {dag.py:3096} INFO - Sync 1 DAGs
[2024-06-18T15:08:58.839+0530] {logging_mixin.py:188} INFO - [2024-06-18T15:08:58.839+0530] {dag.py:3954} INFO - Setting next_dagrun for example_task_group_decorator to 2024-06-17 00:00:00+00:00, run_after=2024-06-18 00:00:00+00:00
[2024-06-18T15:08:58.863+0530] {processor.py:183} INFO - Processing /home/kiit/airflow-env/lib/python3.8/site-packages/airflow/example_dags/example_task_group_decorator.py took 0.088 seconds
[2024-06-18T15:09:29.106+0530] {processor.py:161} INFO - Started process (PID=34048) to work on /home/kiit/airflow-env/lib/python3.8/site-packages/airflow/example_dags/example_task_group_decorator.py
[2024-06-18T15:09:29.107+0530] {processor.py:830} INFO - Processing file /home/kiit/airflow-env/lib/python3.8/site-packages/airflow/example_dags/example_task_group_decorator.py for tasks to queue
[2024-06-18T15:09:29.108+0530] {logging_mixin.py:188} INFO - [2024-06-18T15:09:29.108+0530] {dagbag.py:545} INFO - Filling up the DagBag from /home/kiit/airflow-env/lib/python3.8/site-packages/airflow/example_dags/example_task_group_decorator.py
[2024-06-18T15:09:29.120+0530] {processor.py:840} INFO - DAG(s) 'example_task_group_decorator' retrieved from /home/kiit/airflow-env/lib/python3.8/site-packages/airflow/example_dags/example_task_group_decorator.py
[2024-06-18T15:09:29.146+0530] {logging_mixin.py:188} INFO - [2024-06-18T15:09:29.146+0530] {dag.py:3096} INFO - Sync 1 DAGs
[2024-06-18T15:09:29.164+0530] {logging_mixin.py:188} INFO - [2024-06-18T15:09:29.163+0530] {dag.py:3954} INFO - Setting next_dagrun for example_task_group_decorator to 2024-06-17 00:00:00+00:00, run_after=2024-06-18 00:00:00+00:00
[2024-06-18T15:09:29.187+0530] {processor.py:183} INFO - Processing /home/kiit/airflow-env/lib/python3.8/site-packages/airflow/example_dags/example_task_group_decorator.py took 0.086 seconds
[2024-06-18T15:09:59.324+0530] {processor.py:161} INFO - Started process (PID=34107) to work on /home/kiit/airflow-env/lib/python3.8/site-packages/airflow/example_dags/example_task_group_decorator.py
[2024-06-18T15:09:59.325+0530] {processor.py:830} INFO - Processing file /home/kiit/airflow-env/lib/python3.8/site-packages/airflow/example_dags/example_task_group_decorator.py for tasks to queue
[2024-06-18T15:09:59.326+0530] {logging_mixin.py:188} INFO - [2024-06-18T15:09:59.326+0530] {dagbag.py:545} INFO - Filling up the DagBag from /home/kiit/airflow-env/lib/python3.8/site-packages/airflow/example_dags/example_task_group_decorator.py
[2024-06-18T15:09:59.336+0530] {processor.py:840} INFO - DAG(s) 'example_task_group_decorator' retrieved from /home/kiit/airflow-env/lib/python3.8/site-packages/airflow/example_dags/example_task_group_decorator.py
[2024-06-18T15:09:59.355+0530] {logging_mixin.py:188} INFO - [2024-06-18T15:09:59.355+0530] {dag.py:3096} INFO - Sync 1 DAGs
[2024-06-18T15:09:59.371+0530] {logging_mixin.py:188} INFO - [2024-06-18T15:09:59.370+0530] {dag.py:3954} INFO - Setting next_dagrun for example_task_group_decorator to 2024-06-17 00:00:00+00:00, run_after=2024-06-18 00:00:00+00:00
[2024-06-18T15:09:59.389+0530] {processor.py:183} INFO - Processing /home/kiit/airflow-env/lib/python3.8/site-packages/airflow/example_dags/example_task_group_decorator.py took 0.070 seconds
[2024-06-18T15:10:29.602+0530] {processor.py:161} INFO - Started process (PID=34167) to work on /home/kiit/airflow-env/lib/python3.8/site-packages/airflow/example_dags/example_task_group_decorator.py
[2024-06-18T15:10:29.602+0530] {processor.py:830} INFO - Processing file /home/kiit/airflow-env/lib/python3.8/site-packages/airflow/example_dags/example_task_group_decorator.py for tasks to queue
[2024-06-18T15:10:29.603+0530] {logging_mixin.py:188} INFO - [2024-06-18T15:10:29.603+0530] {dagbag.py:545} INFO - Filling up the DagBag from /home/kiit/airflow-env/lib/python3.8/site-packages/airflow/example_dags/example_task_group_decorator.py
[2024-06-18T15:10:29.612+0530] {processor.py:840} INFO - DAG(s) 'example_task_group_decorator' retrieved from /home/kiit/airflow-env/lib/python3.8/site-packages/airflow/example_dags/example_task_group_decorator.py
[2024-06-18T15:10:29.630+0530] {logging_mixin.py:188} INFO - [2024-06-18T15:10:29.630+0530] {dag.py:3096} INFO - Sync 1 DAGs
[2024-06-18T15:10:29.643+0530] {logging_mixin.py:188} INFO - [2024-06-18T15:10:29.643+0530] {dag.py:3954} INFO - Setting next_dagrun for example_task_group_decorator to 2024-06-17 00:00:00+00:00, run_after=2024-06-18 00:00:00+00:00
[2024-06-18T15:10:29.660+0530] {processor.py:183} INFO - Processing /home/kiit/airflow-env/lib/python3.8/site-packages/airflow/example_dags/example_task_group_decorator.py took 0.063 seconds
[2024-06-18T15:10:59.952+0530] {processor.py:161} INFO - Started process (PID=34226) to work on /home/kiit/airflow-env/lib/python3.8/site-packages/airflow/example_dags/example_task_group_decorator.py
[2024-06-18T15:10:59.953+0530] {processor.py:830} INFO - Processing file /home/kiit/airflow-env/lib/python3.8/site-packages/airflow/example_dags/example_task_group_decorator.py for tasks to queue
[2024-06-18T15:10:59.954+0530] {logging_mixin.py:188} INFO - [2024-06-18T15:10:59.954+0530] {dagbag.py:545} INFO - Filling up the DagBag from /home/kiit/airflow-env/lib/python3.8/site-packages/airflow/example_dags/example_task_group_decorator.py
[2024-06-18T15:10:59.966+0530] {processor.py:840} INFO - DAG(s) 'example_task_group_decorator' retrieved from /home/kiit/airflow-env/lib/python3.8/site-packages/airflow/example_dags/example_task_group_decorator.py
[2024-06-18T15:10:59.987+0530] {logging_mixin.py:188} INFO - [2024-06-18T15:10:59.986+0530] {dag.py:3096} INFO - Sync 1 DAGs
[2024-06-18T15:11:00.002+0530] {logging_mixin.py:188} INFO - [2024-06-18T15:11:00.001+0530] {dag.py:3954} INFO - Setting next_dagrun for example_task_group_decorator to 2024-06-17 00:00:00+00:00, run_after=2024-06-18 00:00:00+00:00
[2024-06-18T15:11:00.029+0530] {processor.py:183} INFO - Processing /home/kiit/airflow-env/lib/python3.8/site-packages/airflow/example_dags/example_task_group_decorator.py took 0.082 seconds
[2024-06-18T15:11:30.123+0530] {processor.py:161} INFO - Started process (PID=34285) to work on /home/kiit/airflow-env/lib/python3.8/site-packages/airflow/example_dags/example_task_group_decorator.py
[2024-06-18T15:11:30.123+0530] {processor.py:830} INFO - Processing file /home/kiit/airflow-env/lib/python3.8/site-packages/airflow/example_dags/example_task_group_decorator.py for tasks to queue
[2024-06-18T15:11:30.125+0530] {logging_mixin.py:188} INFO - [2024-06-18T15:11:30.125+0530] {dagbag.py:545} INFO - Filling up the DagBag from /home/kiit/airflow-env/lib/python3.8/site-packages/airflow/example_dags/example_task_group_decorator.py
[2024-06-18T15:11:30.135+0530] {processor.py:840} INFO - DAG(s) 'example_task_group_decorator' retrieved from /home/kiit/airflow-env/lib/python3.8/site-packages/airflow/example_dags/example_task_group_decorator.py
[2024-06-18T15:11:30.153+0530] {logging_mixin.py:188} INFO - [2024-06-18T15:11:30.153+0530] {dag.py:3096} INFO - Sync 1 DAGs
[2024-06-18T15:11:30.170+0530] {logging_mixin.py:188} INFO - [2024-06-18T15:11:30.170+0530] {dag.py:3954} INFO - Setting next_dagrun for example_task_group_decorator to 2024-06-17 00:00:00+00:00, run_after=2024-06-18 00:00:00+00:00
[2024-06-18T15:11:30.187+0530] {processor.py:183} INFO - Processing /home/kiit/airflow-env/lib/python3.8/site-packages/airflow/example_dags/example_task_group_decorator.py took 0.070 seconds
[2024-06-18T15:12:00.339+0530] {processor.py:161} INFO - Started process (PID=34344) to work on /home/kiit/airflow-env/lib/python3.8/site-packages/airflow/example_dags/example_task_group_decorator.py
[2024-06-18T15:12:00.341+0530] {processor.py:830} INFO - Processing file /home/kiit/airflow-env/lib/python3.8/site-packages/airflow/example_dags/example_task_group_decorator.py for tasks to queue
[2024-06-18T15:12:00.342+0530] {logging_mixin.py:188} INFO - [2024-06-18T15:12:00.342+0530] {dagbag.py:545} INFO - Filling up the DagBag from /home/kiit/airflow-env/lib/python3.8/site-packages/airflow/example_dags/example_task_group_decorator.py
[2024-06-18T15:12:00.353+0530] {processor.py:840} INFO - DAG(s) 'example_task_group_decorator' retrieved from /home/kiit/airflow-env/lib/python3.8/site-packages/airflow/example_dags/example_task_group_decorator.py
[2024-06-18T15:12:00.371+0530] {logging_mixin.py:188} INFO - [2024-06-18T15:12:00.370+0530] {dag.py:3096} INFO - Sync 1 DAGs
[2024-06-18T15:12:00.384+0530] {logging_mixin.py:188} INFO - [2024-06-18T15:12:00.384+0530] {dag.py:3954} INFO - Setting next_dagrun for example_task_group_decorator to 2024-06-17 00:00:00+00:00, run_after=2024-06-18 00:00:00+00:00
[2024-06-18T15:12:00.403+0530] {processor.py:183} INFO - Processing /home/kiit/airflow-env/lib/python3.8/site-packages/airflow/example_dags/example_task_group_decorator.py took 0.068 seconds
[2024-06-18T15:12:30.704+0530] {processor.py:161} INFO - Started process (PID=34404) to work on /home/kiit/airflow-env/lib/python3.8/site-packages/airflow/example_dags/example_task_group_decorator.py
[2024-06-18T15:12:30.705+0530] {processor.py:830} INFO - Processing file /home/kiit/airflow-env/lib/python3.8/site-packages/airflow/example_dags/example_task_group_decorator.py for tasks to queue
[2024-06-18T15:12:30.706+0530] {logging_mixin.py:188} INFO - [2024-06-18T15:12:30.706+0530] {dagbag.py:545} INFO - Filling up the DagBag from /home/kiit/airflow-env/lib/python3.8/site-packages/airflow/example_dags/example_task_group_decorator.py
[2024-06-18T15:12:30.717+0530] {processor.py:840} INFO - DAG(s) 'example_task_group_decorator' retrieved from /home/kiit/airflow-env/lib/python3.8/site-packages/airflow/example_dags/example_task_group_decorator.py
[2024-06-18T15:12:30.737+0530] {logging_mixin.py:188} INFO - [2024-06-18T15:12:30.736+0530] {dag.py:3096} INFO - Sync 1 DAGs
[2024-06-18T15:12:30.752+0530] {logging_mixin.py:188} INFO - [2024-06-18T15:12:30.752+0530] {dag.py:3954} INFO - Setting next_dagrun for example_task_group_decorator to 2024-06-17 00:00:00+00:00, run_after=2024-06-18 00:00:00+00:00
[2024-06-18T15:12:30.774+0530] {processor.py:183} INFO - Processing /home/kiit/airflow-env/lib/python3.8/site-packages/airflow/example_dags/example_task_group_decorator.py took 0.076 seconds
[2024-06-18T15:13:00.989+0530] {processor.py:161} INFO - Started process (PID=34463) to work on /home/kiit/airflow-env/lib/python3.8/site-packages/airflow/example_dags/example_task_group_decorator.py
[2024-06-18T15:13:00.990+0530] {processor.py:830} INFO - Processing file /home/kiit/airflow-env/lib/python3.8/site-packages/airflow/example_dags/example_task_group_decorator.py for tasks to queue
[2024-06-18T15:13:00.991+0530] {logging_mixin.py:188} INFO - [2024-06-18T15:13:00.991+0530] {dagbag.py:545} INFO - Filling up the DagBag from /home/kiit/airflow-env/lib/python3.8/site-packages/airflow/example_dags/example_task_group_decorator.py
[2024-06-18T15:13:01.000+0530] {processor.py:840} INFO - DAG(s) 'example_task_group_decorator' retrieved from /home/kiit/airflow-env/lib/python3.8/site-packages/airflow/example_dags/example_task_group_decorator.py
[2024-06-18T15:13:01.024+0530] {logging_mixin.py:188} INFO - [2024-06-18T15:13:01.024+0530] {dag.py:3096} INFO - Sync 1 DAGs
[2024-06-18T15:13:01.038+0530] {logging_mixin.py:188} INFO - [2024-06-18T15:13:01.037+0530] {dag.py:3954} INFO - Setting next_dagrun for example_task_group_decorator to 2024-06-17 00:00:00+00:00, run_after=2024-06-18 00:00:00+00:00
[2024-06-18T15:13:01.060+0530] {processor.py:183} INFO - Processing /home/kiit/airflow-env/lib/python3.8/site-packages/airflow/example_dags/example_task_group_decorator.py took 0.076 seconds
[2024-06-18T15:13:31.263+0530] {processor.py:161} INFO - Started process (PID=34522) to work on /home/kiit/airflow-env/lib/python3.8/site-packages/airflow/example_dags/example_task_group_decorator.py
[2024-06-18T15:13:31.264+0530] {processor.py:830} INFO - Processing file /home/kiit/airflow-env/lib/python3.8/site-packages/airflow/example_dags/example_task_group_decorator.py for tasks to queue
[2024-06-18T15:13:31.265+0530] {logging_mixin.py:188} INFO - [2024-06-18T15:13:31.265+0530] {dagbag.py:545} INFO - Filling up the DagBag from /home/kiit/airflow-env/lib/python3.8/site-packages/airflow/example_dags/example_task_group_decorator.py
[2024-06-18T15:13:31.274+0530] {processor.py:840} INFO - DAG(s) 'example_task_group_decorator' retrieved from /home/kiit/airflow-env/lib/python3.8/site-packages/airflow/example_dags/example_task_group_decorator.py
[2024-06-18T15:13:31.291+0530] {logging_mixin.py:188} INFO - [2024-06-18T15:13:31.291+0530] {dag.py:3096} INFO - Sync 1 DAGs
[2024-06-18T15:13:31.305+0530] {logging_mixin.py:188} INFO - [2024-06-18T15:13:31.305+0530] {dag.py:3954} INFO - Setting next_dagrun for example_task_group_decorator to 2024-06-17 00:00:00+00:00, run_after=2024-06-18 00:00:00+00:00
[2024-06-18T15:13:31.327+0530] {processor.py:183} INFO - Processing /home/kiit/airflow-env/lib/python3.8/site-packages/airflow/example_dags/example_task_group_decorator.py took 0.068 seconds
[2024-06-18T15:14:01.563+0530] {processor.py:161} INFO - Started process (PID=34581) to work on /home/kiit/airflow-env/lib/python3.8/site-packages/airflow/example_dags/example_task_group_decorator.py
[2024-06-18T15:14:01.564+0530] {processor.py:830} INFO - Processing file /home/kiit/airflow-env/lib/python3.8/site-packages/airflow/example_dags/example_task_group_decorator.py for tasks to queue
[2024-06-18T15:14:01.565+0530] {logging_mixin.py:188} INFO - [2024-06-18T15:14:01.565+0530] {dagbag.py:545} INFO - Filling up the DagBag from /home/kiit/airflow-env/lib/python3.8/site-packages/airflow/example_dags/example_task_group_decorator.py
[2024-06-18T15:14:01.577+0530] {processor.py:840} INFO - DAG(s) 'example_task_group_decorator' retrieved from /home/kiit/airflow-env/lib/python3.8/site-packages/airflow/example_dags/example_task_group_decorator.py
[2024-06-18T15:14:01.598+0530] {logging_mixin.py:188} INFO - [2024-06-18T15:14:01.598+0530] {dag.py:3096} INFO - Sync 1 DAGs
[2024-06-18T15:14:01.614+0530] {logging_mixin.py:188} INFO - [2024-06-18T15:14:01.614+0530] {dag.py:3954} INFO - Setting next_dagrun for example_task_group_decorator to 2024-06-17 00:00:00+00:00, run_after=2024-06-18 00:00:00+00:00
[2024-06-18T15:14:01.639+0530] {processor.py:183} INFO - Processing /home/kiit/airflow-env/lib/python3.8/site-packages/airflow/example_dags/example_task_group_decorator.py took 0.080 seconds
[2024-06-18T15:14:31.902+0530] {processor.py:161} INFO - Started process (PID=34640) to work on /home/kiit/airflow-env/lib/python3.8/site-packages/airflow/example_dags/example_task_group_decorator.py
[2024-06-18T15:14:31.903+0530] {processor.py:830} INFO - Processing file /home/kiit/airflow-env/lib/python3.8/site-packages/airflow/example_dags/example_task_group_decorator.py for tasks to queue
[2024-06-18T15:14:31.904+0530] {logging_mixin.py:188} INFO - [2024-06-18T15:14:31.904+0530] {dagbag.py:545} INFO - Filling up the DagBag from /home/kiit/airflow-env/lib/python3.8/site-packages/airflow/example_dags/example_task_group_decorator.py
[2024-06-18T15:14:31.915+0530] {processor.py:840} INFO - DAG(s) 'example_task_group_decorator' retrieved from /home/kiit/airflow-env/lib/python3.8/site-packages/airflow/example_dags/example_task_group_decorator.py
[2024-06-18T15:14:31.936+0530] {logging_mixin.py:188} INFO - [2024-06-18T15:14:31.935+0530] {dag.py:3096} INFO - Sync 1 DAGs
[2024-06-18T15:14:31.952+0530] {logging_mixin.py:188} INFO - [2024-06-18T15:14:31.951+0530] {dag.py:3954} INFO - Setting next_dagrun for example_task_group_decorator to 2024-06-17 00:00:00+00:00, run_after=2024-06-18 00:00:00+00:00
[2024-06-18T15:14:31.972+0530] {processor.py:183} INFO - Processing /home/kiit/airflow-env/lib/python3.8/site-packages/airflow/example_dags/example_task_group_decorator.py took 0.074 seconds
[2024-06-18T15:15:02.242+0530] {processor.py:161} INFO - Started process (PID=34699) to work on /home/kiit/airflow-env/lib/python3.8/site-packages/airflow/example_dags/example_task_group_decorator.py
[2024-06-18T15:15:02.243+0530] {processor.py:830} INFO - Processing file /home/kiit/airflow-env/lib/python3.8/site-packages/airflow/example_dags/example_task_group_decorator.py for tasks to queue
[2024-06-18T15:15:02.244+0530] {logging_mixin.py:188} INFO - [2024-06-18T15:15:02.244+0530] {dagbag.py:545} INFO - Filling up the DagBag from /home/kiit/airflow-env/lib/python3.8/site-packages/airflow/example_dags/example_task_group_decorator.py
[2024-06-18T15:15:02.254+0530] {processor.py:840} INFO - DAG(s) 'example_task_group_decorator' retrieved from /home/kiit/airflow-env/lib/python3.8/site-packages/airflow/example_dags/example_task_group_decorator.py
[2024-06-18T15:15:02.277+0530] {logging_mixin.py:188} INFO - [2024-06-18T15:15:02.277+0530] {dag.py:3096} INFO - Sync 1 DAGs
[2024-06-18T15:15:02.293+0530] {logging_mixin.py:188} INFO - [2024-06-18T15:15:02.293+0530] {dag.py:3954} INFO - Setting next_dagrun for example_task_group_decorator to 2024-06-17 00:00:00+00:00, run_after=2024-06-18 00:00:00+00:00
[2024-06-18T15:15:02.316+0530] {processor.py:183} INFO - Processing /home/kiit/airflow-env/lib/python3.8/site-packages/airflow/example_dags/example_task_group_decorator.py took 0.081 seconds
[2024-06-18T15:15:32.510+0530] {processor.py:161} INFO - Started process (PID=34758) to work on /home/kiit/airflow-env/lib/python3.8/site-packages/airflow/example_dags/example_task_group_decorator.py
[2024-06-18T15:15:32.511+0530] {processor.py:830} INFO - Processing file /home/kiit/airflow-env/lib/python3.8/site-packages/airflow/example_dags/example_task_group_decorator.py for tasks to queue
[2024-06-18T15:15:32.513+0530] {logging_mixin.py:188} INFO - [2024-06-18T15:15:32.513+0530] {dagbag.py:545} INFO - Filling up the DagBag from /home/kiit/airflow-env/lib/python3.8/site-packages/airflow/example_dags/example_task_group_decorator.py
[2024-06-18T15:15:32.523+0530] {processor.py:840} INFO - DAG(s) 'example_task_group_decorator' retrieved from /home/kiit/airflow-env/lib/python3.8/site-packages/airflow/example_dags/example_task_group_decorator.py
[2024-06-18T15:15:32.544+0530] {logging_mixin.py:188} INFO - [2024-06-18T15:15:32.544+0530] {dag.py:3096} INFO - Sync 1 DAGs
[2024-06-18T15:15:32.560+0530] {logging_mixin.py:188} INFO - [2024-06-18T15:15:32.560+0530] {dag.py:3954} INFO - Setting next_dagrun for example_task_group_decorator to 2024-06-17 00:00:00+00:00, run_after=2024-06-18 00:00:00+00:00
[2024-06-18T15:15:32.590+0530] {processor.py:183} INFO - Processing /home/kiit/airflow-env/lib/python3.8/site-packages/airflow/example_dags/example_task_group_decorator.py took 0.085 seconds
[2024-06-18T15:16:02.802+0530] {processor.py:161} INFO - Started process (PID=34817) to work on /home/kiit/airflow-env/lib/python3.8/site-packages/airflow/example_dags/example_task_group_decorator.py
[2024-06-18T15:16:02.803+0530] {processor.py:830} INFO - Processing file /home/kiit/airflow-env/lib/python3.8/site-packages/airflow/example_dags/example_task_group_decorator.py for tasks to queue
[2024-06-18T15:16:02.804+0530] {logging_mixin.py:188} INFO - [2024-06-18T15:16:02.804+0530] {dagbag.py:545} INFO - Filling up the DagBag from /home/kiit/airflow-env/lib/python3.8/site-packages/airflow/example_dags/example_task_group_decorator.py
[2024-06-18T15:16:02.816+0530] {processor.py:840} INFO - DAG(s) 'example_task_group_decorator' retrieved from /home/kiit/airflow-env/lib/python3.8/site-packages/airflow/example_dags/example_task_group_decorator.py
[2024-06-18T15:16:02.836+0530] {logging_mixin.py:188} INFO - [2024-06-18T15:16:02.836+0530] {dag.py:3096} INFO - Sync 1 DAGs
[2024-06-18T15:16:02.854+0530] {logging_mixin.py:188} INFO - [2024-06-18T15:16:02.853+0530] {dag.py:3954} INFO - Setting next_dagrun for example_task_group_decorator to 2024-06-17 00:00:00+00:00, run_after=2024-06-18 00:00:00+00:00
[2024-06-18T15:16:02.872+0530] {processor.py:183} INFO - Processing /home/kiit/airflow-env/lib/python3.8/site-packages/airflow/example_dags/example_task_group_decorator.py took 0.075 seconds
[2024-06-18T15:16:32.991+0530] {processor.py:161} INFO - Started process (PID=34900) to work on /home/kiit/airflow-env/lib/python3.8/site-packages/airflow/example_dags/example_task_group_decorator.py
[2024-06-18T15:16:32.992+0530] {processor.py:830} INFO - Processing file /home/kiit/airflow-env/lib/python3.8/site-packages/airflow/example_dags/example_task_group_decorator.py for tasks to queue
[2024-06-18T15:16:32.994+0530] {logging_mixin.py:188} INFO - [2024-06-18T15:16:32.994+0530] {dagbag.py:545} INFO - Filling up the DagBag from /home/kiit/airflow-env/lib/python3.8/site-packages/airflow/example_dags/example_task_group_decorator.py
[2024-06-18T15:16:33.006+0530] {processor.py:840} INFO - DAG(s) 'example_task_group_decorator' retrieved from /home/kiit/airflow-env/lib/python3.8/site-packages/airflow/example_dags/example_task_group_decorator.py
[2024-06-18T15:16:33.082+0530] {logging_mixin.py:188} INFO - [2024-06-18T15:16:33.081+0530] {dag.py:3096} INFO - Sync 1 DAGs
[2024-06-18T15:16:33.095+0530] {logging_mixin.py:188} INFO - [2024-06-18T15:16:33.095+0530] {dag.py:3954} INFO - Setting next_dagrun for example_task_group_decorator to 2024-06-17 00:00:00+00:00, run_after=2024-06-18 00:00:00+00:00
[2024-06-18T15:16:33.119+0530] {processor.py:183} INFO - Processing /home/kiit/airflow-env/lib/python3.8/site-packages/airflow/example_dags/example_task_group_decorator.py took 0.134 seconds
