[2024-06-18T13:06:17.961+0530] {processor.py:161} INFO - Started process (PID=25387) to work on /home/kiit/airflow-env/lib/python3.8/site-packages/airflow/example_dags/example_latest_only_with_trigger.py
[2024-06-18T13:06:17.962+0530] {processor.py:830} INFO - Processing file /home/kiit/airflow-env/lib/python3.8/site-packages/airflow/example_dags/example_latest_only_with_trigger.py for tasks to queue
[2024-06-18T13:06:17.963+0530] {logging_mixin.py:188} INFO - [2024-06-18T13:06:17.963+0530] {dagbag.py:545} INFO - Filling up the DagBag from /home/kiit/airflow-env/lib/python3.8/site-packages/airflow/example_dags/example_latest_only_with_trigger.py
[2024-06-18T13:06:17.969+0530] {processor.py:840} INFO - DAG(s) 'latest_only_with_trigger' retrieved from /home/kiit/airflow-env/lib/python3.8/site-packages/airflow/example_dags/example_latest_only_with_trigger.py
[2024-06-18T13:06:18.031+0530] {logging_mixin.py:188} INFO - [2024-06-18T13:06:18.031+0530] {dag.py:3096} INFO - Sync 1 DAGs
[2024-06-18T13:06:18.106+0530] {logging_mixin.py:188} INFO - [2024-06-18T13:06:18.106+0530] {dag.py:3954} INFO - Setting next_dagrun for latest_only_with_trigger to 2024-06-18 00:00:00+00:00, run_after=2024-06-18 04:00:00+00:00
[2024-06-18T13:06:18.124+0530] {processor.py:183} INFO - Processing /home/kiit/airflow-env/lib/python3.8/site-packages/airflow/example_dags/example_latest_only_with_trigger.py took 0.167 seconds
[2024-06-18T13:07:08.888+0530] {processor.py:161} INFO - Started process (PID=25451) to work on /home/kiit/airflow-env/lib/python3.8/site-packages/airflow/example_dags/example_latest_only_with_trigger.py
[2024-06-18T13:07:08.889+0530] {processor.py:830} INFO - Processing file /home/kiit/airflow-env/lib/python3.8/site-packages/airflow/example_dags/example_latest_only_with_trigger.py for tasks to queue
[2024-06-18T13:07:08.891+0530] {logging_mixin.py:188} INFO - [2024-06-18T13:07:08.891+0530] {dagbag.py:545} INFO - Filling up the DagBag from /home/kiit/airflow-env/lib/python3.8/site-packages/airflow/example_dags/example_latest_only_with_trigger.py
[2024-06-18T13:07:08.895+0530] {processor.py:840} INFO - DAG(s) 'latest_only_with_trigger' retrieved from /home/kiit/airflow-env/lib/python3.8/site-packages/airflow/example_dags/example_latest_only_with_trigger.py
[2024-06-18T13:07:08.907+0530] {logging_mixin.py:188} INFO - [2024-06-18T13:07:08.907+0530] {dag.py:3096} INFO - Sync 1 DAGs
[2024-06-18T13:07:08.918+0530] {logging_mixin.py:188} INFO - [2024-06-18T13:07:08.918+0530] {dag.py:3954} INFO - Setting next_dagrun for latest_only_with_trigger to 2024-06-18 00:00:00+00:00, run_after=2024-06-18 04:00:00+00:00
[2024-06-18T13:07:09.020+0530] {processor.py:183} INFO - Processing /home/kiit/airflow-env/lib/python3.8/site-packages/airflow/example_dags/example_latest_only_with_trigger.py took 0.137 seconds
[2024-06-18T13:08:31.831+0530] {processor.py:161} INFO - Started process (PID=25537) to work on /home/kiit/airflow-env/lib/python3.8/site-packages/airflow/example_dags/example_latest_only_with_trigger.py
[2024-06-18T13:08:31.836+0530] {processor.py:830} INFO - Processing file /home/kiit/airflow-env/lib/python3.8/site-packages/airflow/example_dags/example_latest_only_with_trigger.py for tasks to queue
[2024-06-18T13:08:31.837+0530] {logging_mixin.py:188} INFO - [2024-06-18T13:08:31.837+0530] {dagbag.py:545} INFO - Filling up the DagBag from /home/kiit/airflow-env/lib/python3.8/site-packages/airflow/example_dags/example_latest_only_with_trigger.py
[2024-06-18T13:08:31.841+0530] {processor.py:840} INFO - DAG(s) 'latest_only_with_trigger' retrieved from /home/kiit/airflow-env/lib/python3.8/site-packages/airflow/example_dags/example_latest_only_with_trigger.py
[2024-06-18T13:08:31.851+0530] {logging_mixin.py:188} INFO - [2024-06-18T13:08:31.851+0530] {dag.py:3096} INFO - Sync 1 DAGs
[2024-06-18T13:08:31.863+0530] {logging_mixin.py:188} INFO - [2024-06-18T13:08:31.863+0530] {dag.py:3954} INFO - Setting next_dagrun for latest_only_with_trigger to 2024-06-18 00:00:00+00:00, run_after=2024-06-18 04:00:00+00:00
[2024-06-18T13:08:31.881+0530] {processor.py:183} INFO - Processing /home/kiit/airflow-env/lib/python3.8/site-packages/airflow/example_dags/example_latest_only_with_trigger.py took 0.054 seconds
[2024-06-18T13:09:27.016+0530] {processor.py:161} INFO - Started process (PID=25602) to work on /home/kiit/airflow-env/lib/python3.8/site-packages/airflow/example_dags/example_latest_only_with_trigger.py
[2024-06-18T13:09:27.017+0530] {processor.py:830} INFO - Processing file /home/kiit/airflow-env/lib/python3.8/site-packages/airflow/example_dags/example_latest_only_with_trigger.py for tasks to queue
[2024-06-18T13:09:27.019+0530] {logging_mixin.py:188} INFO - [2024-06-18T13:09:27.019+0530] {dagbag.py:545} INFO - Filling up the DagBag from /home/kiit/airflow-env/lib/python3.8/site-packages/airflow/example_dags/example_latest_only_with_trigger.py
[2024-06-18T13:09:27.023+0530] {processor.py:840} INFO - DAG(s) 'latest_only_with_trigger' retrieved from /home/kiit/airflow-env/lib/python3.8/site-packages/airflow/example_dags/example_latest_only_with_trigger.py
[2024-06-18T13:09:27.036+0530] {logging_mixin.py:188} INFO - [2024-06-18T13:09:27.035+0530] {dag.py:3096} INFO - Sync 1 DAGs
[2024-06-18T13:09:27.050+0530] {logging_mixin.py:188} INFO - [2024-06-18T13:09:27.049+0530] {dag.py:3954} INFO - Setting next_dagrun for latest_only_with_trigger to 2024-06-18 00:00:00+00:00, run_after=2024-06-18 04:00:00+00:00
[2024-06-18T13:09:27.066+0530] {processor.py:183} INFO - Processing /home/kiit/airflow-env/lib/python3.8/site-packages/airflow/example_dags/example_latest_only_with_trigger.py took 0.055 seconds
[2024-06-18T13:10:28.743+0530] {processor.py:161} INFO - Started process (PID=25677) to work on /home/kiit/airflow-env/lib/python3.8/site-packages/airflow/example_dags/example_latest_only_with_trigger.py
[2024-06-18T13:10:28.744+0530] {processor.py:830} INFO - Processing file /home/kiit/airflow-env/lib/python3.8/site-packages/airflow/example_dags/example_latest_only_with_trigger.py for tasks to queue
[2024-06-18T13:10:28.746+0530] {logging_mixin.py:188} INFO - [2024-06-18T13:10:28.745+0530] {dagbag.py:545} INFO - Filling up the DagBag from /home/kiit/airflow-env/lib/python3.8/site-packages/airflow/example_dags/example_latest_only_with_trigger.py
[2024-06-18T13:10:28.750+0530] {processor.py:840} INFO - DAG(s) 'latest_only_with_trigger' retrieved from /home/kiit/airflow-env/lib/python3.8/site-packages/airflow/example_dags/example_latest_only_with_trigger.py
[2024-06-18T13:10:28.761+0530] {logging_mixin.py:188} INFO - [2024-06-18T13:10:28.761+0530] {dag.py:3096} INFO - Sync 1 DAGs
[2024-06-18T13:10:28.775+0530] {logging_mixin.py:188} INFO - [2024-06-18T13:10:28.775+0530] {dag.py:3954} INFO - Setting next_dagrun for latest_only_with_trigger to 2024-06-18 00:00:00+00:00, run_after=2024-06-18 04:00:00+00:00
[2024-06-18T13:10:28.795+0530] {processor.py:183} INFO - Processing /home/kiit/airflow-env/lib/python3.8/site-packages/airflow/example_dags/example_latest_only_with_trigger.py took 0.057 seconds
[2024-06-18T13:11:22.485+0530] {processor.py:161} INFO - Started process (PID=25735) to work on /home/kiit/airflow-env/lib/python3.8/site-packages/airflow/example_dags/example_latest_only_with_trigger.py
[2024-06-18T13:11:22.486+0530] {processor.py:830} INFO - Processing file /home/kiit/airflow-env/lib/python3.8/site-packages/airflow/example_dags/example_latest_only_with_trigger.py for tasks to queue
[2024-06-18T13:11:22.488+0530] {logging_mixin.py:188} INFO - [2024-06-18T13:11:22.488+0530] {dagbag.py:545} INFO - Filling up the DagBag from /home/kiit/airflow-env/lib/python3.8/site-packages/airflow/example_dags/example_latest_only_with_trigger.py
[2024-06-18T13:11:22.494+0530] {processor.py:840} INFO - DAG(s) 'latest_only_with_trigger' retrieved from /home/kiit/airflow-env/lib/python3.8/site-packages/airflow/example_dags/example_latest_only_with_trigger.py
[2024-06-18T13:11:22.509+0530] {logging_mixin.py:188} INFO - [2024-06-18T13:11:22.509+0530] {dag.py:3096} INFO - Sync 1 DAGs
[2024-06-18T13:11:22.528+0530] {logging_mixin.py:188} INFO - [2024-06-18T13:11:22.528+0530] {dag.py:3954} INFO - Setting next_dagrun for latest_only_with_trigger to 2024-06-18 00:00:00+00:00, run_after=2024-06-18 04:00:00+00:00
[2024-06-18T13:11:22.554+0530] {processor.py:183} INFO - Processing /home/kiit/airflow-env/lib/python3.8/site-packages/airflow/example_dags/example_latest_only_with_trigger.py took 0.075 seconds
[2024-06-18T13:12:24.307+0530] {processor.py:161} INFO - Started process (PID=25806) to work on /home/kiit/airflow-env/lib/python3.8/site-packages/airflow/example_dags/example_latest_only_with_trigger.py
[2024-06-18T13:12:24.308+0530] {processor.py:830} INFO - Processing file /home/kiit/airflow-env/lib/python3.8/site-packages/airflow/example_dags/example_latest_only_with_trigger.py for tasks to queue
[2024-06-18T13:12:24.310+0530] {logging_mixin.py:188} INFO - [2024-06-18T13:12:24.309+0530] {dagbag.py:545} INFO - Filling up the DagBag from /home/kiit/airflow-env/lib/python3.8/site-packages/airflow/example_dags/example_latest_only_with_trigger.py
[2024-06-18T13:12:24.314+0530] {processor.py:840} INFO - DAG(s) 'latest_only_with_trigger' retrieved from /home/kiit/airflow-env/lib/python3.8/site-packages/airflow/example_dags/example_latest_only_with_trigger.py
[2024-06-18T13:12:24.324+0530] {logging_mixin.py:188} INFO - [2024-06-18T13:12:24.324+0530] {dag.py:3096} INFO - Sync 1 DAGs
[2024-06-18T13:12:24.338+0530] {logging_mixin.py:188} INFO - [2024-06-18T13:12:24.338+0530] {dag.py:3954} INFO - Setting next_dagrun for latest_only_with_trigger to 2024-06-18 00:00:00+00:00, run_after=2024-06-18 04:00:00+00:00
[2024-06-18T13:12:24.358+0530] {processor.py:183} INFO - Processing /home/kiit/airflow-env/lib/python3.8/site-packages/airflow/example_dags/example_latest_only_with_trigger.py took 0.055 seconds
[2024-06-18T13:13:21.881+0530] {processor.py:161} INFO - Started process (PID=25880) to work on /home/kiit/airflow-env/lib/python3.8/site-packages/airflow/example_dags/example_latest_only_with_trigger.py
[2024-06-18T13:13:21.882+0530] {processor.py:830} INFO - Processing file /home/kiit/airflow-env/lib/python3.8/site-packages/airflow/example_dags/example_latest_only_with_trigger.py for tasks to queue
[2024-06-18T13:13:21.883+0530] {logging_mixin.py:188} INFO - [2024-06-18T13:13:21.883+0530] {dagbag.py:545} INFO - Filling up the DagBag from /home/kiit/airflow-env/lib/python3.8/site-packages/airflow/example_dags/example_latest_only_with_trigger.py
[2024-06-18T13:13:21.888+0530] {processor.py:840} INFO - DAG(s) 'latest_only_with_trigger' retrieved from /home/kiit/airflow-env/lib/python3.8/site-packages/airflow/example_dags/example_latest_only_with_trigger.py
[2024-06-18T13:13:21.899+0530] {logging_mixin.py:188} INFO - [2024-06-18T13:13:21.898+0530] {dag.py:3096} INFO - Sync 1 DAGs
[2024-06-18T13:13:21.912+0530] {logging_mixin.py:188} INFO - [2024-06-18T13:13:21.912+0530] {dag.py:3954} INFO - Setting next_dagrun for latest_only_with_trigger to 2024-06-18 00:00:00+00:00, run_after=2024-06-18 04:00:00+00:00
[2024-06-18T13:13:21.930+0530] {processor.py:183} INFO - Processing /home/kiit/airflow-env/lib/python3.8/site-packages/airflow/example_dags/example_latest_only_with_trigger.py took 0.054 seconds
[2024-06-18T13:14:17.972+0530] {processor.py:161} INFO - Started process (PID=25947) to work on /home/kiit/airflow-env/lib/python3.8/site-packages/airflow/example_dags/example_latest_only_with_trigger.py
[2024-06-18T13:14:17.973+0530] {processor.py:830} INFO - Processing file /home/kiit/airflow-env/lib/python3.8/site-packages/airflow/example_dags/example_latest_only_with_trigger.py for tasks to queue
[2024-06-18T13:14:17.975+0530] {logging_mixin.py:188} INFO - [2024-06-18T13:14:17.974+0530] {dagbag.py:545} INFO - Filling up the DagBag from /home/kiit/airflow-env/lib/python3.8/site-packages/airflow/example_dags/example_latest_only_with_trigger.py
[2024-06-18T13:14:17.979+0530] {processor.py:840} INFO - DAG(s) 'latest_only_with_trigger' retrieved from /home/kiit/airflow-env/lib/python3.8/site-packages/airflow/example_dags/example_latest_only_with_trigger.py
[2024-06-18T13:14:17.990+0530] {logging_mixin.py:188} INFO - [2024-06-18T13:14:17.990+0530] {dag.py:3096} INFO - Sync 1 DAGs
[2024-06-18T13:14:18.009+0530] {logging_mixin.py:188} INFO - [2024-06-18T13:14:18.009+0530] {dag.py:3954} INFO - Setting next_dagrun for latest_only_with_trigger to 2024-06-18 00:00:00+00:00, run_after=2024-06-18 04:00:00+00:00
[2024-06-18T13:14:18.032+0530] {processor.py:183} INFO - Processing /home/kiit/airflow-env/lib/python3.8/site-packages/airflow/example_dags/example_latest_only_with_trigger.py took 0.065 seconds
[2024-06-18T13:15:20.204+0530] {processor.py:161} INFO - Started process (PID=26023) to work on /home/kiit/airflow-env/lib/python3.8/site-packages/airflow/example_dags/example_latest_only_with_trigger.py
[2024-06-18T13:15:20.206+0530] {processor.py:830} INFO - Processing file /home/kiit/airflow-env/lib/python3.8/site-packages/airflow/example_dags/example_latest_only_with_trigger.py for tasks to queue
[2024-06-18T13:15:20.208+0530] {logging_mixin.py:188} INFO - [2024-06-18T13:15:20.207+0530] {dagbag.py:545} INFO - Filling up the DagBag from /home/kiit/airflow-env/lib/python3.8/site-packages/airflow/example_dags/example_latest_only_with_trigger.py
[2024-06-18T13:15:20.214+0530] {processor.py:840} INFO - DAG(s) 'latest_only_with_trigger' retrieved from /home/kiit/airflow-env/lib/python3.8/site-packages/airflow/example_dags/example_latest_only_with_trigger.py
[2024-06-18T13:15:20.229+0530] {logging_mixin.py:188} INFO - [2024-06-18T13:15:20.229+0530] {dag.py:3096} INFO - Sync 1 DAGs
[2024-06-18T13:15:20.245+0530] {logging_mixin.py:188} INFO - [2024-06-18T13:15:20.245+0530] {dag.py:3954} INFO - Setting next_dagrun for latest_only_with_trigger to 2024-06-18 00:00:00+00:00, run_after=2024-06-18 04:00:00+00:00
[2024-06-18T13:15:20.271+0530] {processor.py:183} INFO - Processing /home/kiit/airflow-env/lib/python3.8/site-packages/airflow/example_dags/example_latest_only_with_trigger.py took 0.074 seconds
[2024-06-18T13:16:20.709+0530] {processor.py:161} INFO - Started process (PID=26092) to work on /home/kiit/airflow-env/lib/python3.8/site-packages/airflow/example_dags/example_latest_only_with_trigger.py
[2024-06-18T13:16:20.710+0530] {processor.py:830} INFO - Processing file /home/kiit/airflow-env/lib/python3.8/site-packages/airflow/example_dags/example_latest_only_with_trigger.py for tasks to queue
[2024-06-18T13:16:20.711+0530] {logging_mixin.py:188} INFO - [2024-06-18T13:16:20.710+0530] {dagbag.py:545} INFO - Filling up the DagBag from /home/kiit/airflow-env/lib/python3.8/site-packages/airflow/example_dags/example_latest_only_with_trigger.py
[2024-06-18T13:16:20.715+0530] {processor.py:840} INFO - DAG(s) 'latest_only_with_trigger' retrieved from /home/kiit/airflow-env/lib/python3.8/site-packages/airflow/example_dags/example_latest_only_with_trigger.py
[2024-06-18T13:16:20.725+0530] {logging_mixin.py:188} INFO - [2024-06-18T13:16:20.725+0530] {dag.py:3096} INFO - Sync 1 DAGs
[2024-06-18T13:16:20.737+0530] {logging_mixin.py:188} INFO - [2024-06-18T13:16:20.737+0530] {dag.py:3954} INFO - Setting next_dagrun for latest_only_with_trigger to 2024-06-18 00:00:00+00:00, run_after=2024-06-18 04:00:00+00:00
[2024-06-18T13:16:20.757+0530] {processor.py:183} INFO - Processing /home/kiit/airflow-env/lib/python3.8/site-packages/airflow/example_dags/example_latest_only_with_trigger.py took 0.052 seconds
[2024-06-18T13:17:18.035+0530] {processor.py:161} INFO - Started process (PID=26165) to work on /home/kiit/airflow-env/lib/python3.8/site-packages/airflow/example_dags/example_latest_only_with_trigger.py
[2024-06-18T13:17:18.036+0530] {processor.py:830} INFO - Processing file /home/kiit/airflow-env/lib/python3.8/site-packages/airflow/example_dags/example_latest_only_with_trigger.py for tasks to queue
[2024-06-18T13:17:18.038+0530] {logging_mixin.py:188} INFO - [2024-06-18T13:17:18.037+0530] {dagbag.py:545} INFO - Filling up the DagBag from /home/kiit/airflow-env/lib/python3.8/site-packages/airflow/example_dags/example_latest_only_with_trigger.py
[2024-06-18T13:17:18.044+0530] {processor.py:840} INFO - DAG(s) 'latest_only_with_trigger' retrieved from /home/kiit/airflow-env/lib/python3.8/site-packages/airflow/example_dags/example_latest_only_with_trigger.py
[2024-06-18T13:17:18.059+0530] {logging_mixin.py:188} INFO - [2024-06-18T13:17:18.059+0530] {dag.py:3096} INFO - Sync 1 DAGs
[2024-06-18T13:17:18.072+0530] {logging_mixin.py:188} INFO - [2024-06-18T13:17:18.072+0530] {dag.py:3954} INFO - Setting next_dagrun for latest_only_with_trigger to 2024-06-18 00:00:00+00:00, run_after=2024-06-18 04:00:00+00:00
[2024-06-18T13:17:18.093+0530] {processor.py:183} INFO - Processing /home/kiit/airflow-env/lib/python3.8/site-packages/airflow/example_dags/example_latest_only_with_trigger.py took 0.063 seconds
[2024-06-18T13:18:20.316+0530] {processor.py:161} INFO - Started process (PID=26236) to work on /home/kiit/airflow-env/lib/python3.8/site-packages/airflow/example_dags/example_latest_only_with_trigger.py
[2024-06-18T13:18:20.318+0530] {processor.py:830} INFO - Processing file /home/kiit/airflow-env/lib/python3.8/site-packages/airflow/example_dags/example_latest_only_with_trigger.py for tasks to queue
[2024-06-18T13:18:20.319+0530] {logging_mixin.py:188} INFO - [2024-06-18T13:18:20.319+0530] {dagbag.py:545} INFO - Filling up the DagBag from /home/kiit/airflow-env/lib/python3.8/site-packages/airflow/example_dags/example_latest_only_with_trigger.py
[2024-06-18T13:18:20.324+0530] {processor.py:840} INFO - DAG(s) 'latest_only_with_trigger' retrieved from /home/kiit/airflow-env/lib/python3.8/site-packages/airflow/example_dags/example_latest_only_with_trigger.py
[2024-06-18T13:18:20.337+0530] {logging_mixin.py:188} INFO - [2024-06-18T13:18:20.337+0530] {dag.py:3096} INFO - Sync 1 DAGs
[2024-06-18T13:18:20.354+0530] {logging_mixin.py:188} INFO - [2024-06-18T13:18:20.353+0530] {dag.py:3954} INFO - Setting next_dagrun for latest_only_with_trigger to 2024-06-18 00:00:00+00:00, run_after=2024-06-18 04:00:00+00:00
[2024-06-18T13:18:20.374+0530] {processor.py:183} INFO - Processing /home/kiit/airflow-env/lib/python3.8/site-packages/airflow/example_dags/example_latest_only_with_trigger.py took 0.063 seconds
[2024-06-18T13:19:22.625+0530] {processor.py:161} INFO - Started process (PID=26314) to work on /home/kiit/airflow-env/lib/python3.8/site-packages/airflow/example_dags/example_latest_only_with_trigger.py
[2024-06-18T13:19:22.627+0530] {processor.py:830} INFO - Processing file /home/kiit/airflow-env/lib/python3.8/site-packages/airflow/example_dags/example_latest_only_with_trigger.py for tasks to queue
[2024-06-18T13:19:22.628+0530] {logging_mixin.py:188} INFO - [2024-06-18T13:19:22.628+0530] {dagbag.py:545} INFO - Filling up the DagBag from /home/kiit/airflow-env/lib/python3.8/site-packages/airflow/example_dags/example_latest_only_with_trigger.py
[2024-06-18T13:19:22.633+0530] {processor.py:840} INFO - DAG(s) 'latest_only_with_trigger' retrieved from /home/kiit/airflow-env/lib/python3.8/site-packages/airflow/example_dags/example_latest_only_with_trigger.py
[2024-06-18T13:19:22.644+0530] {logging_mixin.py:188} INFO - [2024-06-18T13:19:22.643+0530] {dag.py:3096} INFO - Sync 1 DAGs
[2024-06-18T13:19:22.656+0530] {logging_mixin.py:188} INFO - [2024-06-18T13:19:22.656+0530] {dag.py:3954} INFO - Setting next_dagrun for latest_only_with_trigger to 2024-06-18 00:00:00+00:00, run_after=2024-06-18 04:00:00+00:00
[2024-06-18T13:19:22.673+0530] {processor.py:183} INFO - Processing /home/kiit/airflow-env/lib/python3.8/site-packages/airflow/example_dags/example_latest_only_with_trigger.py took 0.054 seconds
[2024-06-18T13:20:19.452+0530] {processor.py:161} INFO - Started process (PID=26380) to work on /home/kiit/airflow-env/lib/python3.8/site-packages/airflow/example_dags/example_latest_only_with_trigger.py
[2024-06-18T13:20:19.454+0530] {processor.py:830} INFO - Processing file /home/kiit/airflow-env/lib/python3.8/site-packages/airflow/example_dags/example_latest_only_with_trigger.py for tasks to queue
[2024-06-18T13:20:19.456+0530] {logging_mixin.py:188} INFO - [2024-06-18T13:20:19.455+0530] {dagbag.py:545} INFO - Filling up the DagBag from /home/kiit/airflow-env/lib/python3.8/site-packages/airflow/example_dags/example_latest_only_with_trigger.py
[2024-06-18T13:20:19.463+0530] {processor.py:840} INFO - DAG(s) 'latest_only_with_trigger' retrieved from /home/kiit/airflow-env/lib/python3.8/site-packages/airflow/example_dags/example_latest_only_with_trigger.py
[2024-06-18T13:20:19.479+0530] {logging_mixin.py:188} INFO - [2024-06-18T13:20:19.478+0530] {dag.py:3096} INFO - Sync 1 DAGs
[2024-06-18T13:20:19.497+0530] {logging_mixin.py:188} INFO - [2024-06-18T13:20:19.497+0530] {dag.py:3954} INFO - Setting next_dagrun for latest_only_with_trigger to 2024-06-18 00:00:00+00:00, run_after=2024-06-18 04:00:00+00:00
[2024-06-18T13:20:19.524+0530] {processor.py:183} INFO - Processing /home/kiit/airflow-env/lib/python3.8/site-packages/airflow/example_dags/example_latest_only_with_trigger.py took 0.077 seconds
[2024-06-18T13:21:18.251+0530] {processor.py:161} INFO - Started process (PID=26455) to work on /home/kiit/airflow-env/lib/python3.8/site-packages/airflow/example_dags/example_latest_only_with_trigger.py
[2024-06-18T13:21:18.252+0530] {processor.py:830} INFO - Processing file /home/kiit/airflow-env/lib/python3.8/site-packages/airflow/example_dags/example_latest_only_with_trigger.py for tasks to queue
[2024-06-18T13:21:18.254+0530] {logging_mixin.py:188} INFO - [2024-06-18T13:21:18.253+0530] {dagbag.py:545} INFO - Filling up the DagBag from /home/kiit/airflow-env/lib/python3.8/site-packages/airflow/example_dags/example_latest_only_with_trigger.py
[2024-06-18T13:21:18.258+0530] {processor.py:840} INFO - DAG(s) 'latest_only_with_trigger' retrieved from /home/kiit/airflow-env/lib/python3.8/site-packages/airflow/example_dags/example_latest_only_with_trigger.py
[2024-06-18T13:21:18.273+0530] {logging_mixin.py:188} INFO - [2024-06-18T13:21:18.272+0530] {dag.py:3096} INFO - Sync 1 DAGs
[2024-06-18T13:21:18.285+0530] {logging_mixin.py:188} INFO - [2024-06-18T13:21:18.285+0530] {dag.py:3954} INFO - Setting next_dagrun for latest_only_with_trigger to 2024-06-18 00:00:00+00:00, run_after=2024-06-18 04:00:00+00:00
[2024-06-18T13:21:18.304+0530] {processor.py:183} INFO - Processing /home/kiit/airflow-env/lib/python3.8/site-packages/airflow/example_dags/example_latest_only_with_trigger.py took 0.057 seconds
[2024-06-18T13:22:15.372+0530] {processor.py:161} INFO - Started process (PID=26521) to work on /home/kiit/airflow-env/lib/python3.8/site-packages/airflow/example_dags/example_latest_only_with_trigger.py
[2024-06-18T13:22:15.374+0530] {processor.py:830} INFO - Processing file /home/kiit/airflow-env/lib/python3.8/site-packages/airflow/example_dags/example_latest_only_with_trigger.py for tasks to queue
[2024-06-18T13:22:15.375+0530] {logging_mixin.py:188} INFO - [2024-06-18T13:22:15.375+0530] {dagbag.py:545} INFO - Filling up the DagBag from /home/kiit/airflow-env/lib/python3.8/site-packages/airflow/example_dags/example_latest_only_with_trigger.py
[2024-06-18T13:22:15.380+0530] {processor.py:840} INFO - DAG(s) 'latest_only_with_trigger' retrieved from /home/kiit/airflow-env/lib/python3.8/site-packages/airflow/example_dags/example_latest_only_with_trigger.py
[2024-06-18T13:22:15.395+0530] {logging_mixin.py:188} INFO - [2024-06-18T13:22:15.395+0530] {dag.py:3096} INFO - Sync 1 DAGs
[2024-06-18T13:22:15.410+0530] {logging_mixin.py:188} INFO - [2024-06-18T13:22:15.410+0530] {dag.py:3954} INFO - Setting next_dagrun for latest_only_with_trigger to 2024-06-18 00:00:00+00:00, run_after=2024-06-18 04:00:00+00:00
[2024-06-18T13:22:15.434+0530] {processor.py:183} INFO - Processing /home/kiit/airflow-env/lib/python3.8/site-packages/airflow/example_dags/example_latest_only_with_trigger.py took 0.067 seconds
[2024-06-18T13:23:09.772+0530] {processor.py:161} INFO - Started process (PID=26593) to work on /home/kiit/airflow-env/lib/python3.8/site-packages/airflow/example_dags/example_latest_only_with_trigger.py
[2024-06-18T13:23:09.774+0530] {processor.py:830} INFO - Processing file /home/kiit/airflow-env/lib/python3.8/site-packages/airflow/example_dags/example_latest_only_with_trigger.py for tasks to queue
[2024-06-18T13:23:09.775+0530] {logging_mixin.py:188} INFO - [2024-06-18T13:23:09.775+0530] {dagbag.py:545} INFO - Filling up the DagBag from /home/kiit/airflow-env/lib/python3.8/site-packages/airflow/example_dags/example_latest_only_with_trigger.py
[2024-06-18T13:23:09.781+0530] {processor.py:840} INFO - DAG(s) 'latest_only_with_trigger' retrieved from /home/kiit/airflow-env/lib/python3.8/site-packages/airflow/example_dags/example_latest_only_with_trigger.py
[2024-06-18T13:23:09.795+0530] {logging_mixin.py:188} INFO - [2024-06-18T13:23:09.795+0530] {dag.py:3096} INFO - Sync 1 DAGs
[2024-06-18T13:23:09.811+0530] {logging_mixin.py:188} INFO - [2024-06-18T13:23:09.811+0530] {dag.py:3954} INFO - Setting next_dagrun for latest_only_with_trigger to 2024-06-18 00:00:00+00:00, run_after=2024-06-18 04:00:00+00:00
[2024-06-18T13:23:09.834+0530] {processor.py:183} INFO - Processing /home/kiit/airflow-env/lib/python3.8/site-packages/airflow/example_dags/example_latest_only_with_trigger.py took 0.066 seconds
[2024-06-18T13:24:09.062+0530] {processor.py:161} INFO - Started process (PID=26661) to work on /home/kiit/airflow-env/lib/python3.8/site-packages/airflow/example_dags/example_latest_only_with_trigger.py
[2024-06-18T13:24:09.064+0530] {processor.py:830} INFO - Processing file /home/kiit/airflow-env/lib/python3.8/site-packages/airflow/example_dags/example_latest_only_with_trigger.py for tasks to queue
[2024-06-18T13:24:09.066+0530] {logging_mixin.py:188} INFO - [2024-06-18T13:24:09.066+0530] {dagbag.py:545} INFO - Filling up the DagBag from /home/kiit/airflow-env/lib/python3.8/site-packages/airflow/example_dags/example_latest_only_with_trigger.py
[2024-06-18T13:24:09.070+0530] {processor.py:840} INFO - DAG(s) 'latest_only_with_trigger' retrieved from /home/kiit/airflow-env/lib/python3.8/site-packages/airflow/example_dags/example_latest_only_with_trigger.py
[2024-06-18T13:24:09.082+0530] {logging_mixin.py:188} INFO - [2024-06-18T13:24:09.082+0530] {dag.py:3096} INFO - Sync 1 DAGs
[2024-06-18T13:24:09.094+0530] {logging_mixin.py:188} INFO - [2024-06-18T13:24:09.094+0530] {dag.py:3954} INFO - Setting next_dagrun for latest_only_with_trigger to 2024-06-18 00:00:00+00:00, run_after=2024-06-18 04:00:00+00:00
[2024-06-18T13:24:09.111+0530] {processor.py:183} INFO - Processing /home/kiit/airflow-env/lib/python3.8/site-packages/airflow/example_dags/example_latest_only_with_trigger.py took 0.053 seconds
[2024-06-18T13:25:07.797+0530] {processor.py:161} INFO - Started process (PID=26741) to work on /home/kiit/airflow-env/lib/python3.8/site-packages/airflow/example_dags/example_latest_only_with_trigger.py
[2024-06-18T13:25:07.799+0530] {processor.py:830} INFO - Processing file /home/kiit/airflow-env/lib/python3.8/site-packages/airflow/example_dags/example_latest_only_with_trigger.py for tasks to queue
[2024-06-18T13:25:07.801+0530] {logging_mixin.py:188} INFO - [2024-06-18T13:25:07.800+0530] {dagbag.py:545} INFO - Filling up the DagBag from /home/kiit/airflow-env/lib/python3.8/site-packages/airflow/example_dags/example_latest_only_with_trigger.py
[2024-06-18T13:25:07.806+0530] {processor.py:840} INFO - DAG(s) 'latest_only_with_trigger' retrieved from /home/kiit/airflow-env/lib/python3.8/site-packages/airflow/example_dags/example_latest_only_with_trigger.py
[2024-06-18T13:25:07.821+0530] {logging_mixin.py:188} INFO - [2024-06-18T13:25:07.821+0530] {dag.py:3096} INFO - Sync 1 DAGs
[2024-06-18T13:25:07.841+0530] {logging_mixin.py:188} INFO - [2024-06-18T13:25:07.841+0530] {dag.py:3954} INFO - Setting next_dagrun for latest_only_with_trigger to 2024-06-18 00:00:00+00:00, run_after=2024-06-18 04:00:00+00:00
[2024-06-18T13:25:07.872+0530] {processor.py:183} INFO - Processing /home/kiit/airflow-env/lib/python3.8/site-packages/airflow/example_dags/example_latest_only_with_trigger.py took 0.081 seconds
[2024-06-18T13:26:04.382+0530] {processor.py:161} INFO - Started process (PID=26806) to work on /home/kiit/airflow-env/lib/python3.8/site-packages/airflow/example_dags/example_latest_only_with_trigger.py
[2024-06-18T13:26:04.383+0530] {processor.py:830} INFO - Processing file /home/kiit/airflow-env/lib/python3.8/site-packages/airflow/example_dags/example_latest_only_with_trigger.py for tasks to queue
[2024-06-18T13:26:04.385+0530] {logging_mixin.py:188} INFO - [2024-06-18T13:26:04.385+0530] {dagbag.py:545} INFO - Filling up the DagBag from /home/kiit/airflow-env/lib/python3.8/site-packages/airflow/example_dags/example_latest_only_with_trigger.py
[2024-06-18T13:26:04.390+0530] {processor.py:840} INFO - DAG(s) 'latest_only_with_trigger' retrieved from /home/kiit/airflow-env/lib/python3.8/site-packages/airflow/example_dags/example_latest_only_with_trigger.py
[2024-06-18T13:26:04.406+0530] {logging_mixin.py:188} INFO - [2024-06-18T13:26:04.406+0530] {dag.py:3096} INFO - Sync 1 DAGs
[2024-06-18T13:26:04.421+0530] {logging_mixin.py:188} INFO - [2024-06-18T13:26:04.421+0530] {dag.py:3954} INFO - Setting next_dagrun for latest_only_with_trigger to 2024-06-18 00:00:00+00:00, run_after=2024-06-18 04:00:00+00:00
[2024-06-18T13:26:04.441+0530] {processor.py:183} INFO - Processing /home/kiit/airflow-env/lib/python3.8/site-packages/airflow/example_dags/example_latest_only_with_trigger.py took 0.065 seconds
[2024-06-18T13:27:17.706+0530] {processor.py:161} INFO - Started process (PID=26887) to work on /home/kiit/airflow-env/lib/python3.8/site-packages/airflow/example_dags/example_latest_only_with_trigger.py
[2024-06-18T13:27:17.708+0530] {processor.py:830} INFO - Processing file /home/kiit/airflow-env/lib/python3.8/site-packages/airflow/example_dags/example_latest_only_with_trigger.py for tasks to queue
[2024-06-18T13:27:17.709+0530] {logging_mixin.py:188} INFO - [2024-06-18T13:27:17.709+0530] {dagbag.py:545} INFO - Filling up the DagBag from /home/kiit/airflow-env/lib/python3.8/site-packages/airflow/example_dags/example_latest_only_with_trigger.py
[2024-06-18T13:27:17.715+0530] {processor.py:840} INFO - DAG(s) 'latest_only_with_trigger' retrieved from /home/kiit/airflow-env/lib/python3.8/site-packages/airflow/example_dags/example_latest_only_with_trigger.py
[2024-06-18T13:27:17.728+0530] {logging_mixin.py:188} INFO - [2024-06-18T13:27:17.728+0530] {dag.py:3096} INFO - Sync 1 DAGs
[2024-06-18T13:27:17.742+0530] {logging_mixin.py:188} INFO - [2024-06-18T13:27:17.742+0530] {dag.py:3954} INFO - Setting next_dagrun for latest_only_with_trigger to 2024-06-18 00:00:00+00:00, run_after=2024-06-18 04:00:00+00:00
[2024-06-18T13:27:17.761+0530] {processor.py:183} INFO - Processing /home/kiit/airflow-env/lib/python3.8/site-packages/airflow/example_dags/example_latest_only_with_trigger.py took 0.061 seconds
[2024-06-18T13:28:48.451+0530] {processor.py:161} INFO - Started process (PID=26964) to work on /home/kiit/airflow-env/lib/python3.8/site-packages/airflow/example_dags/example_latest_only_with_trigger.py
[2024-06-18T13:28:48.454+0530] {processor.py:830} INFO - Processing file /home/kiit/airflow-env/lib/python3.8/site-packages/airflow/example_dags/example_latest_only_with_trigger.py for tasks to queue
[2024-06-18T13:28:48.462+0530] {logging_mixin.py:188} INFO - [2024-06-18T13:28:48.458+0530] {dagbag.py:545} INFO - Filling up the DagBag from /home/kiit/airflow-env/lib/python3.8/site-packages/airflow/example_dags/example_latest_only_with_trigger.py
[2024-06-18T13:28:48.483+0530] {processor.py:840} INFO - DAG(s) 'latest_only_with_trigger' retrieved from /home/kiit/airflow-env/lib/python3.8/site-packages/airflow/example_dags/example_latest_only_with_trigger.py
[2024-06-18T13:28:48.538+0530] {logging_mixin.py:188} INFO - [2024-06-18T13:28:48.537+0530] {dag.py:3096} INFO - Sync 1 DAGs
[2024-06-18T13:28:48.608+0530] {logging_mixin.py:188} INFO - [2024-06-18T13:28:48.607+0530] {dag.py:3954} INFO - Setting next_dagrun for latest_only_with_trigger to 2024-06-18 00:00:00+00:00, run_after=2024-06-18 04:00:00+00:00
[2024-06-18T13:28:48.683+0530] {processor.py:183} INFO - Processing /home/kiit/airflow-env/lib/python3.8/site-packages/airflow/example_dags/example_latest_only_with_trigger.py took 0.253 seconds
[2024-06-18T13:29:55.017+0530] {processor.py:161} INFO - Started process (PID=27042) to work on /home/kiit/airflow-env/lib/python3.8/site-packages/airflow/example_dags/example_latest_only_with_trigger.py
[2024-06-18T13:29:55.020+0530] {processor.py:830} INFO - Processing file /home/kiit/airflow-env/lib/python3.8/site-packages/airflow/example_dags/example_latest_only_with_trigger.py for tasks to queue
[2024-06-18T13:29:55.025+0530] {logging_mixin.py:188} INFO - [2024-06-18T13:29:55.024+0530] {dagbag.py:545} INFO - Filling up the DagBag from /home/kiit/airflow-env/lib/python3.8/site-packages/airflow/example_dags/example_latest_only_with_trigger.py
[2024-06-18T13:29:55.038+0530] {processor.py:840} INFO - DAG(s) 'latest_only_with_trigger' retrieved from /home/kiit/airflow-env/lib/python3.8/site-packages/airflow/example_dags/example_latest_only_with_trigger.py
[2024-06-18T13:29:55.074+0530] {logging_mixin.py:188} INFO - [2024-06-18T13:29:55.074+0530] {dag.py:3096} INFO - Sync 1 DAGs
[2024-06-18T13:29:55.124+0530] {logging_mixin.py:188} INFO - [2024-06-18T13:29:55.123+0530] {dag.py:3954} INFO - Setting next_dagrun for latest_only_with_trigger to 2024-06-18 00:00:00+00:00, run_after=2024-06-18 04:00:00+00:00
[2024-06-18T13:29:55.178+0530] {processor.py:183} INFO - Processing /home/kiit/airflow-env/lib/python3.8/site-packages/airflow/example_dags/example_latest_only_with_trigger.py took 0.178 seconds
[2024-06-18T13:30:46.904+0530] {processor.py:161} INFO - Started process (PID=27116) to work on /home/kiit/airflow-env/lib/python3.8/site-packages/airflow/example_dags/example_latest_only_with_trigger.py
[2024-06-18T13:30:46.908+0530] {processor.py:830} INFO - Processing file /home/kiit/airflow-env/lib/python3.8/site-packages/airflow/example_dags/example_latest_only_with_trigger.py for tasks to queue
[2024-06-18T13:30:46.912+0530] {logging_mixin.py:188} INFO - [2024-06-18T13:30:46.911+0530] {dagbag.py:545} INFO - Filling up the DagBag from /home/kiit/airflow-env/lib/python3.8/site-packages/airflow/example_dags/example_latest_only_with_trigger.py
[2024-06-18T13:30:46.928+0530] {processor.py:840} INFO - DAG(s) 'latest_only_with_trigger' retrieved from /home/kiit/airflow-env/lib/python3.8/site-packages/airflow/example_dags/example_latest_only_with_trigger.py
[2024-06-18T13:30:46.982+0530] {logging_mixin.py:188} INFO - [2024-06-18T13:30:46.981+0530] {dag.py:3096} INFO - Sync 1 DAGs
[2024-06-18T13:30:47.044+0530] {logging_mixin.py:188} INFO - [2024-06-18T13:30:47.043+0530] {dag.py:3954} INFO - Setting next_dagrun for latest_only_with_trigger to 2024-06-18 04:00:00+00:00, run_after=2024-06-18 08:00:00+00:00
[2024-06-18T13:30:47.131+0530] {processor.py:183} INFO - Processing /home/kiit/airflow-env/lib/python3.8/site-packages/airflow/example_dags/example_latest_only_with_trigger.py took 0.251 seconds
[2024-06-18T13:31:46.710+0530] {processor.py:161} INFO - Started process (PID=27443) to work on /home/kiit/airflow-env/lib/python3.8/site-packages/airflow/example_dags/example_latest_only_with_trigger.py
[2024-06-18T13:31:46.712+0530] {processor.py:830} INFO - Processing file /home/kiit/airflow-env/lib/python3.8/site-packages/airflow/example_dags/example_latest_only_with_trigger.py for tasks to queue
[2024-06-18T13:31:46.715+0530] {logging_mixin.py:188} INFO - [2024-06-18T13:31:46.715+0530] {dagbag.py:545} INFO - Filling up the DagBag from /home/kiit/airflow-env/lib/python3.8/site-packages/airflow/example_dags/example_latest_only_with_trigger.py
[2024-06-18T13:31:46.720+0530] {processor.py:840} INFO - DAG(s) 'latest_only_with_trigger' retrieved from /home/kiit/airflow-env/lib/python3.8/site-packages/airflow/example_dags/example_latest_only_with_trigger.py
[2024-06-18T13:31:46.731+0530] {logging_mixin.py:188} INFO - [2024-06-18T13:31:46.731+0530] {dag.py:3096} INFO - Sync 1 DAGs
[2024-06-18T13:31:46.749+0530] {logging_mixin.py:188} INFO - [2024-06-18T13:31:46.749+0530] {dag.py:3954} INFO - Setting next_dagrun for latest_only_with_trigger to 2024-06-18 04:00:00+00:00, run_after=2024-06-18 08:00:00+00:00
[2024-06-18T13:31:46.770+0530] {processor.py:183} INFO - Processing /home/kiit/airflow-env/lib/python3.8/site-packages/airflow/example_dags/example_latest_only_with_trigger.py took 0.066 seconds
[2024-06-18T13:32:48.400+0530] {processor.py:161} INFO - Started process (PID=28150) to work on /home/kiit/airflow-env/lib/python3.8/site-packages/airflow/example_dags/example_latest_only_with_trigger.py
[2024-06-18T13:32:48.409+0530] {processor.py:830} INFO - Processing file /home/kiit/airflow-env/lib/python3.8/site-packages/airflow/example_dags/example_latest_only_with_trigger.py for tasks to queue
[2024-06-18T13:32:48.411+0530] {logging_mixin.py:188} INFO - [2024-06-18T13:32:48.411+0530] {dagbag.py:545} INFO - Filling up the DagBag from /home/kiit/airflow-env/lib/python3.8/site-packages/airflow/example_dags/example_latest_only_with_trigger.py
[2024-06-18T13:32:48.427+0530] {processor.py:840} INFO - DAG(s) 'latest_only_with_trigger' retrieved from /home/kiit/airflow-env/lib/python3.8/site-packages/airflow/example_dags/example_latest_only_with_trigger.py
[2024-06-18T13:32:48.470+0530] {logging_mixin.py:188} INFO - [2024-06-18T13:32:48.470+0530] {dag.py:3096} INFO - Sync 1 DAGs
[2024-06-18T13:32:48.493+0530] {logging_mixin.py:188} INFO - [2024-06-18T13:32:48.492+0530] {dag.py:3954} INFO - Setting next_dagrun for latest_only_with_trigger to 2024-06-18 04:00:00+00:00, run_after=2024-06-18 08:00:00+00:00
[2024-06-18T13:32:48.517+0530] {processor.py:183} INFO - Processing /home/kiit/airflow-env/lib/python3.8/site-packages/airflow/example_dags/example_latest_only_with_trigger.py took 0.123 seconds
[2024-06-18T13:33:52.842+0530] {processor.py:161} INFO - Started process (PID=30277) to work on /home/kiit/airflow-env/lib/python3.8/site-packages/airflow/example_dags/example_latest_only_with_trigger.py
[2024-06-18T13:33:52.843+0530] {processor.py:830} INFO - Processing file /home/kiit/airflow-env/lib/python3.8/site-packages/airflow/example_dags/example_latest_only_with_trigger.py for tasks to queue
[2024-06-18T13:33:52.845+0530] {logging_mixin.py:188} INFO - [2024-06-18T13:33:52.844+0530] {dagbag.py:545} INFO - Filling up the DagBag from /home/kiit/airflow-env/lib/python3.8/site-packages/airflow/example_dags/example_latest_only_with_trigger.py
[2024-06-18T13:33:52.849+0530] {processor.py:840} INFO - DAG(s) 'latest_only_with_trigger' retrieved from /home/kiit/airflow-env/lib/python3.8/site-packages/airflow/example_dags/example_latest_only_with_trigger.py
[2024-06-18T13:33:52.861+0530] {logging_mixin.py:188} INFO - [2024-06-18T13:33:52.860+0530] {dag.py:3096} INFO - Sync 1 DAGs
[2024-06-18T13:33:52.874+0530] {logging_mixin.py:188} INFO - [2024-06-18T13:33:52.874+0530] {dag.py:3954} INFO - Setting next_dagrun for latest_only_with_trigger to 2024-06-18 04:00:00+00:00, run_after=2024-06-18 08:00:00+00:00
[2024-06-18T13:33:52.890+0530] {processor.py:183} INFO - Processing /home/kiit/airflow-env/lib/python3.8/site-packages/airflow/example_dags/example_latest_only_with_trigger.py took 0.052 seconds
[2024-06-18T13:34:51.136+0530] {processor.py:161} INFO - Started process (PID=30480) to work on /home/kiit/airflow-env/lib/python3.8/site-packages/airflow/example_dags/example_latest_only_with_trigger.py
[2024-06-18T13:34:51.143+0530] {processor.py:830} INFO - Processing file /home/kiit/airflow-env/lib/python3.8/site-packages/airflow/example_dags/example_latest_only_with_trigger.py for tasks to queue
[2024-06-18T13:34:51.145+0530] {logging_mixin.py:188} INFO - [2024-06-18T13:34:51.144+0530] {dagbag.py:545} INFO - Filling up the DagBag from /home/kiit/airflow-env/lib/python3.8/site-packages/airflow/example_dags/example_latest_only_with_trigger.py
[2024-06-18T13:34:51.149+0530] {processor.py:840} INFO - DAG(s) 'latest_only_with_trigger' retrieved from /home/kiit/airflow-env/lib/python3.8/site-packages/airflow/example_dags/example_latest_only_with_trigger.py
[2024-06-18T13:34:51.161+0530] {logging_mixin.py:188} INFO - [2024-06-18T13:34:51.161+0530] {dag.py:3096} INFO - Sync 1 DAGs
[2024-06-18T13:34:51.176+0530] {logging_mixin.py:188} INFO - [2024-06-18T13:34:51.175+0530] {dag.py:3954} INFO - Setting next_dagrun for latest_only_with_trigger to 2024-06-18 04:00:00+00:00, run_after=2024-06-18 08:00:00+00:00
[2024-06-18T13:34:51.195+0530] {processor.py:183} INFO - Processing /home/kiit/airflow-env/lib/python3.8/site-packages/airflow/example_dags/example_latest_only_with_trigger.py took 0.065 seconds
[2024-06-18T13:35:54.498+0530] {processor.py:161} INFO - Started process (PID=30557) to work on /home/kiit/airflow-env/lib/python3.8/site-packages/airflow/example_dags/example_latest_only_with_trigger.py
[2024-06-18T13:35:54.499+0530] {processor.py:830} INFO - Processing file /home/kiit/airflow-env/lib/python3.8/site-packages/airflow/example_dags/example_latest_only_with_trigger.py for tasks to queue
[2024-06-18T13:35:54.501+0530] {logging_mixin.py:188} INFO - [2024-06-18T13:35:54.501+0530] {dagbag.py:545} INFO - Filling up the DagBag from /home/kiit/airflow-env/lib/python3.8/site-packages/airflow/example_dags/example_latest_only_with_trigger.py
[2024-06-18T13:35:54.505+0530] {processor.py:840} INFO - DAG(s) 'latest_only_with_trigger' retrieved from /home/kiit/airflow-env/lib/python3.8/site-packages/airflow/example_dags/example_latest_only_with_trigger.py
[2024-06-18T13:35:54.518+0530] {logging_mixin.py:188} INFO - [2024-06-18T13:35:54.518+0530] {dag.py:3096} INFO - Sync 1 DAGs
[2024-06-18T13:35:54.541+0530] {logging_mixin.py:188} INFO - [2024-06-18T13:35:54.540+0530] {dag.py:3954} INFO - Setting next_dagrun for latest_only_with_trigger to 2024-06-18 04:00:00+00:00, run_after=2024-06-18 08:00:00+00:00
[2024-06-18T13:35:54.561+0530] {processor.py:183} INFO - Processing /home/kiit/airflow-env/lib/python3.8/site-packages/airflow/example_dags/example_latest_only_with_trigger.py took 0.068 seconds
[2024-06-18T13:36:58.705+0530] {processor.py:161} INFO - Started process (PID=30628) to work on /home/kiit/airflow-env/lib/python3.8/site-packages/airflow/example_dags/example_latest_only_with_trigger.py
[2024-06-18T13:36:58.712+0530] {processor.py:830} INFO - Processing file /home/kiit/airflow-env/lib/python3.8/site-packages/airflow/example_dags/example_latest_only_with_trigger.py for tasks to queue
[2024-06-18T13:36:58.714+0530] {logging_mixin.py:188} INFO - [2024-06-18T13:36:58.714+0530] {dagbag.py:545} INFO - Filling up the DagBag from /home/kiit/airflow-env/lib/python3.8/site-packages/airflow/example_dags/example_latest_only_with_trigger.py
[2024-06-18T13:36:58.718+0530] {processor.py:840} INFO - DAG(s) 'latest_only_with_trigger' retrieved from /home/kiit/airflow-env/lib/python3.8/site-packages/airflow/example_dags/example_latest_only_with_trigger.py
[2024-06-18T13:36:58.729+0530] {logging_mixin.py:188} INFO - [2024-06-18T13:36:58.729+0530] {dag.py:3096} INFO - Sync 1 DAGs
[2024-06-18T13:36:58.741+0530] {logging_mixin.py:188} INFO - [2024-06-18T13:36:58.741+0530] {dag.py:3954} INFO - Setting next_dagrun for latest_only_with_trigger to 2024-06-18 04:00:00+00:00, run_after=2024-06-18 08:00:00+00:00
[2024-06-18T13:36:58.764+0530] {processor.py:183} INFO - Processing /home/kiit/airflow-env/lib/python3.8/site-packages/airflow/example_dags/example_latest_only_with_trigger.py took 0.064 seconds
[2024-06-18T13:38:05.445+0530] {processor.py:161} INFO - Started process (PID=30707) to work on /home/kiit/airflow-env/lib/python3.8/site-packages/airflow/example_dags/example_latest_only_with_trigger.py
[2024-06-18T13:38:05.447+0530] {processor.py:830} INFO - Processing file /home/kiit/airflow-env/lib/python3.8/site-packages/airflow/example_dags/example_latest_only_with_trigger.py for tasks to queue
[2024-06-18T13:38:05.451+0530] {logging_mixin.py:188} INFO - [2024-06-18T13:38:05.451+0530] {dagbag.py:545} INFO - Filling up the DagBag from /home/kiit/airflow-env/lib/python3.8/site-packages/airflow/example_dags/example_latest_only_with_trigger.py
[2024-06-18T13:38:05.456+0530] {processor.py:840} INFO - DAG(s) 'latest_only_with_trigger' retrieved from /home/kiit/airflow-env/lib/python3.8/site-packages/airflow/example_dags/example_latest_only_with_trigger.py
[2024-06-18T13:38:05.473+0530] {logging_mixin.py:188} INFO - [2024-06-18T13:38:05.473+0530] {dag.py:3096} INFO - Sync 1 DAGs
[2024-06-18T13:38:05.496+0530] {logging_mixin.py:188} INFO - [2024-06-18T13:38:05.496+0530] {dag.py:3954} INFO - Setting next_dagrun for latest_only_with_trigger to 2024-06-18 04:00:00+00:00, run_after=2024-06-18 08:00:00+00:00
[2024-06-18T13:38:05.527+0530] {processor.py:183} INFO - Processing /home/kiit/airflow-env/lib/python3.8/site-packages/airflow/example_dags/example_latest_only_with_trigger.py took 0.086 seconds
[2024-06-18T13:39:01.251+0530] {processor.py:161} INFO - Started process (PID=30766) to work on /home/kiit/airflow-env/lib/python3.8/site-packages/airflow/example_dags/example_latest_only_with_trigger.py
[2024-06-18T13:39:01.252+0530] {processor.py:830} INFO - Processing file /home/kiit/airflow-env/lib/python3.8/site-packages/airflow/example_dags/example_latest_only_with_trigger.py for tasks to queue
[2024-06-18T13:39:01.255+0530] {logging_mixin.py:188} INFO - [2024-06-18T13:39:01.254+0530] {dagbag.py:545} INFO - Filling up the DagBag from /home/kiit/airflow-env/lib/python3.8/site-packages/airflow/example_dags/example_latest_only_with_trigger.py
[2024-06-18T13:39:01.259+0530] {processor.py:840} INFO - DAG(s) 'latest_only_with_trigger' retrieved from /home/kiit/airflow-env/lib/python3.8/site-packages/airflow/example_dags/example_latest_only_with_trigger.py
[2024-06-18T13:39:01.283+0530] {logging_mixin.py:188} INFO - [2024-06-18T13:39:01.283+0530] {dag.py:3096} INFO - Sync 1 DAGs
[2024-06-18T13:39:01.306+0530] {logging_mixin.py:188} INFO - [2024-06-18T13:39:01.306+0530] {dag.py:3954} INFO - Setting next_dagrun for latest_only_with_trigger to 2024-06-18 04:00:00+00:00, run_after=2024-06-18 08:00:00+00:00
[2024-06-18T13:39:01.332+0530] {processor.py:183} INFO - Processing /home/kiit/airflow-env/lib/python3.8/site-packages/airflow/example_dags/example_latest_only_with_trigger.py took 0.087 seconds
[2024-06-18T13:40:01.217+0530] {processor.py:161} INFO - Started process (PID=30835) to work on /home/kiit/airflow-env/lib/python3.8/site-packages/airflow/example_dags/example_latest_only_with_trigger.py
[2024-06-18T13:40:01.224+0530] {processor.py:830} INFO - Processing file /home/kiit/airflow-env/lib/python3.8/site-packages/airflow/example_dags/example_latest_only_with_trigger.py for tasks to queue
[2024-06-18T13:40:01.226+0530] {logging_mixin.py:188} INFO - [2024-06-18T13:40:01.225+0530] {dagbag.py:545} INFO - Filling up the DagBag from /home/kiit/airflow-env/lib/python3.8/site-packages/airflow/example_dags/example_latest_only_with_trigger.py
[2024-06-18T13:40:01.229+0530] {processor.py:840} INFO - DAG(s) 'latest_only_with_trigger' retrieved from /home/kiit/airflow-env/lib/python3.8/site-packages/airflow/example_dags/example_latest_only_with_trigger.py
[2024-06-18T13:40:01.239+0530] {logging_mixin.py:188} INFO - [2024-06-18T13:40:01.239+0530] {dag.py:3096} INFO - Sync 1 DAGs
[2024-06-18T13:40:01.253+0530] {logging_mixin.py:188} INFO - [2024-06-18T13:40:01.253+0530] {dag.py:3954} INFO - Setting next_dagrun for latest_only_with_trigger to 2024-06-18 04:00:00+00:00, run_after=2024-06-18 08:00:00+00:00
[2024-06-18T13:40:01.270+0530] {processor.py:183} INFO - Processing /home/kiit/airflow-env/lib/python3.8/site-packages/airflow/example_dags/example_latest_only_with_trigger.py took 0.059 seconds
[2024-06-18T13:41:03.311+0530] {processor.py:161} INFO - Started process (PID=30978) to work on /home/kiit/airflow-env/lib/python3.8/site-packages/airflow/example_dags/example_latest_only_with_trigger.py
[2024-06-18T13:41:03.318+0530] {processor.py:830} INFO - Processing file /home/kiit/airflow-env/lib/python3.8/site-packages/airflow/example_dags/example_latest_only_with_trigger.py for tasks to queue
[2024-06-18T13:41:03.320+0530] {logging_mixin.py:188} INFO - [2024-06-18T13:41:03.319+0530] {dagbag.py:545} INFO - Filling up the DagBag from /home/kiit/airflow-env/lib/python3.8/site-packages/airflow/example_dags/example_latest_only_with_trigger.py
[2024-06-18T13:41:03.324+0530] {processor.py:840} INFO - DAG(s) 'latest_only_with_trigger' retrieved from /home/kiit/airflow-env/lib/python3.8/site-packages/airflow/example_dags/example_latest_only_with_trigger.py
[2024-06-18T13:41:03.336+0530] {logging_mixin.py:188} INFO - [2024-06-18T13:41:03.335+0530] {dag.py:3096} INFO - Sync 1 DAGs
[2024-06-18T13:41:03.350+0530] {logging_mixin.py:188} INFO - [2024-06-18T13:41:03.350+0530] {dag.py:3954} INFO - Setting next_dagrun for latest_only_with_trigger to 2024-06-18 04:00:00+00:00, run_after=2024-06-18 08:00:00+00:00
[2024-06-18T13:41:03.369+0530] {processor.py:183} INFO - Processing /home/kiit/airflow-env/lib/python3.8/site-packages/airflow/example_dags/example_latest_only_with_trigger.py took 0.063 seconds
[2024-06-18T15:05:50.746+0530] {processor.py:161} INFO - Started process (PID=33638) to work on /home/kiit/airflow-env/lib/python3.8/site-packages/airflow/example_dags/example_latest_only_with_trigger.py
[2024-06-18T15:05:50.747+0530] {processor.py:830} INFO - Processing file /home/kiit/airflow-env/lib/python3.8/site-packages/airflow/example_dags/example_latest_only_with_trigger.py for tasks to queue
[2024-06-18T15:05:50.749+0530] {logging_mixin.py:188} INFO - [2024-06-18T15:05:50.749+0530] {dagbag.py:545} INFO - Filling up the DagBag from /home/kiit/airflow-env/lib/python3.8/site-packages/airflow/example_dags/example_latest_only_with_trigger.py
[2024-06-18T15:05:50.759+0530] {processor.py:840} INFO - DAG(s) 'latest_only_with_trigger' retrieved from /home/kiit/airflow-env/lib/python3.8/site-packages/airflow/example_dags/example_latest_only_with_trigger.py
[2024-06-18T15:05:50.771+0530] {logging_mixin.py:188} INFO - [2024-06-18T15:05:50.771+0530] {dag.py:3096} INFO - Sync 1 DAGs
[2024-06-18T15:05:50.794+0530] {logging_mixin.py:188} INFO - [2024-06-18T15:05:50.794+0530] {dag.py:3954} INFO - Setting next_dagrun for latest_only_with_trigger to 2024-06-18 04:00:00+00:00, run_after=2024-06-18 08:00:00+00:00
[2024-06-18T15:05:50.820+0530] {processor.py:183} INFO - Processing /home/kiit/airflow-env/lib/python3.8/site-packages/airflow/example_dags/example_latest_only_with_trigger.py took 0.081 seconds
[2024-06-18T15:06:26.379+0530] {processor.py:161} INFO - Started process (PID=33697) to work on /home/kiit/airflow-env/lib/python3.8/site-packages/airflow/example_dags/example_latest_only_with_trigger.py
[2024-06-18T15:06:26.381+0530] {processor.py:830} INFO - Processing file /home/kiit/airflow-env/lib/python3.8/site-packages/airflow/example_dags/example_latest_only_with_trigger.py for tasks to queue
[2024-06-18T15:06:26.385+0530] {logging_mixin.py:188} INFO - [2024-06-18T15:06:26.384+0530] {dagbag.py:545} INFO - Filling up the DagBag from /home/kiit/airflow-env/lib/python3.8/site-packages/airflow/example_dags/example_latest_only_with_trigger.py
[2024-06-18T15:06:26.399+0530] {processor.py:840} INFO - DAG(s) 'latest_only_with_trigger' retrieved from /home/kiit/airflow-env/lib/python3.8/site-packages/airflow/example_dags/example_latest_only_with_trigger.py
[2024-06-18T15:06:26.792+0530] {logging_mixin.py:188} INFO - [2024-06-18T15:06:26.792+0530] {dag.py:3096} INFO - Sync 1 DAGs
[2024-06-18T15:06:26.814+0530] {logging_mixin.py:188} INFO - [2024-06-18T15:06:26.814+0530] {dag.py:3954} INFO - Setting next_dagrun for latest_only_with_trigger to 2024-06-18 04:00:00+00:00, run_after=2024-06-18 08:00:00+00:00
[2024-06-18T15:06:26.895+0530] {processor.py:183} INFO - Processing /home/kiit/airflow-env/lib/python3.8/site-packages/airflow/example_dags/example_latest_only_with_trigger.py took 0.539 seconds
[2024-06-18T15:06:57.524+0530] {processor.py:161} INFO - Started process (PID=33756) to work on /home/kiit/airflow-env/lib/python3.8/site-packages/airflow/example_dags/example_latest_only_with_trigger.py
[2024-06-18T15:06:57.525+0530] {processor.py:830} INFO - Processing file /home/kiit/airflow-env/lib/python3.8/site-packages/airflow/example_dags/example_latest_only_with_trigger.py for tasks to queue
[2024-06-18T15:06:57.527+0530] {logging_mixin.py:188} INFO - [2024-06-18T15:06:57.527+0530] {dagbag.py:545} INFO - Filling up the DagBag from /home/kiit/airflow-env/lib/python3.8/site-packages/airflow/example_dags/example_latest_only_with_trigger.py
[2024-06-18T15:06:57.533+0530] {processor.py:840} INFO - DAG(s) 'latest_only_with_trigger' retrieved from /home/kiit/airflow-env/lib/python3.8/site-packages/airflow/example_dags/example_latest_only_with_trigger.py
[2024-06-18T15:06:57.561+0530] {logging_mixin.py:188} INFO - [2024-06-18T15:06:57.560+0530] {dag.py:3096} INFO - Sync 1 DAGs
[2024-06-18T15:06:57.594+0530] {logging_mixin.py:188} INFO - [2024-06-18T15:06:57.594+0530] {dag.py:3954} INFO - Setting next_dagrun for latest_only_with_trigger to 2024-06-18 04:00:00+00:00, run_after=2024-06-18 08:00:00+00:00
[2024-06-18T15:06:57.636+0530] {processor.py:183} INFO - Processing /home/kiit/airflow-env/lib/python3.8/site-packages/airflow/example_dags/example_latest_only_with_trigger.py took 0.121 seconds
[2024-06-18T15:07:28.342+0530] {processor.py:161} INFO - Started process (PID=33815) to work on /home/kiit/airflow-env/lib/python3.8/site-packages/airflow/example_dags/example_latest_only_with_trigger.py
[2024-06-18T15:07:28.343+0530] {processor.py:830} INFO - Processing file /home/kiit/airflow-env/lib/python3.8/site-packages/airflow/example_dags/example_latest_only_with_trigger.py for tasks to queue
[2024-06-18T15:07:28.345+0530] {logging_mixin.py:188} INFO - [2024-06-18T15:07:28.345+0530] {dagbag.py:545} INFO - Filling up the DagBag from /home/kiit/airflow-env/lib/python3.8/site-packages/airflow/example_dags/example_latest_only_with_trigger.py
[2024-06-18T15:07:28.350+0530] {processor.py:840} INFO - DAG(s) 'latest_only_with_trigger' retrieved from /home/kiit/airflow-env/lib/python3.8/site-packages/airflow/example_dags/example_latest_only_with_trigger.py
[2024-06-18T15:07:28.371+0530] {logging_mixin.py:188} INFO - [2024-06-18T15:07:28.371+0530] {dag.py:3096} INFO - Sync 1 DAGs
[2024-06-18T15:07:28.393+0530] {logging_mixin.py:188} INFO - [2024-06-18T15:07:28.393+0530] {dag.py:3954} INFO - Setting next_dagrun for latest_only_with_trigger to 2024-06-18 04:00:00+00:00, run_after=2024-06-18 08:00:00+00:00
[2024-06-18T15:07:28.418+0530] {processor.py:183} INFO - Processing /home/kiit/airflow-env/lib/python3.8/site-packages/airflow/example_dags/example_latest_only_with_trigger.py took 0.082 seconds
[2024-06-18T15:07:59.069+0530] {processor.py:161} INFO - Started process (PID=33874) to work on /home/kiit/airflow-env/lib/python3.8/site-packages/airflow/example_dags/example_latest_only_with_trigger.py
[2024-06-18T15:07:59.072+0530] {processor.py:830} INFO - Processing file /home/kiit/airflow-env/lib/python3.8/site-packages/airflow/example_dags/example_latest_only_with_trigger.py for tasks to queue
[2024-06-18T15:07:59.074+0530] {logging_mixin.py:188} INFO - [2024-06-18T15:07:59.074+0530] {dagbag.py:545} INFO - Filling up the DagBag from /home/kiit/airflow-env/lib/python3.8/site-packages/airflow/example_dags/example_latest_only_with_trigger.py
[2024-06-18T15:07:59.078+0530] {processor.py:840} INFO - DAG(s) 'latest_only_with_trigger' retrieved from /home/kiit/airflow-env/lib/python3.8/site-packages/airflow/example_dags/example_latest_only_with_trigger.py
[2024-06-18T15:07:59.096+0530] {logging_mixin.py:188} INFO - [2024-06-18T15:07:59.096+0530] {dag.py:3096} INFO - Sync 1 DAGs
[2024-06-18T15:07:59.114+0530] {logging_mixin.py:188} INFO - [2024-06-18T15:07:59.113+0530] {dag.py:3954} INFO - Setting next_dagrun for latest_only_with_trigger to 2024-06-18 04:00:00+00:00, run_after=2024-06-18 08:00:00+00:00
[2024-06-18T15:07:59.140+0530] {processor.py:183} INFO - Processing /home/kiit/airflow-env/lib/python3.8/site-packages/airflow/example_dags/example_latest_only_with_trigger.py took 0.076 seconds
[2024-06-18T15:08:29.267+0530] {processor.py:161} INFO - Started process (PID=33933) to work on /home/kiit/airflow-env/lib/python3.8/site-packages/airflow/example_dags/example_latest_only_with_trigger.py
[2024-06-18T15:08:29.268+0530] {processor.py:830} INFO - Processing file /home/kiit/airflow-env/lib/python3.8/site-packages/airflow/example_dags/example_latest_only_with_trigger.py for tasks to queue
[2024-06-18T15:08:29.271+0530] {logging_mixin.py:188} INFO - [2024-06-18T15:08:29.271+0530] {dagbag.py:545} INFO - Filling up the DagBag from /home/kiit/airflow-env/lib/python3.8/site-packages/airflow/example_dags/example_latest_only_with_trigger.py
[2024-06-18T15:08:29.278+0530] {processor.py:840} INFO - DAG(s) 'latest_only_with_trigger' retrieved from /home/kiit/airflow-env/lib/python3.8/site-packages/airflow/example_dags/example_latest_only_with_trigger.py
[2024-06-18T15:08:29.310+0530] {logging_mixin.py:188} INFO - [2024-06-18T15:08:29.310+0530] {dag.py:3096} INFO - Sync 1 DAGs
[2024-06-18T15:08:29.340+0530] {logging_mixin.py:188} INFO - [2024-06-18T15:08:29.339+0530] {dag.py:3954} INFO - Setting next_dagrun for latest_only_with_trigger to 2024-06-18 04:00:00+00:00, run_after=2024-06-18 08:00:00+00:00
[2024-06-18T15:08:29.374+0530] {processor.py:183} INFO - Processing /home/kiit/airflow-env/lib/python3.8/site-packages/airflow/example_dags/example_latest_only_with_trigger.py took 0.115 seconds
[2024-06-18T15:08:59.931+0530] {processor.py:161} INFO - Started process (PID=33993) to work on /home/kiit/airflow-env/lib/python3.8/site-packages/airflow/example_dags/example_latest_only_with_trigger.py
[2024-06-18T15:08:59.932+0530] {processor.py:830} INFO - Processing file /home/kiit/airflow-env/lib/python3.8/site-packages/airflow/example_dags/example_latest_only_with_trigger.py for tasks to queue
[2024-06-18T15:08:59.933+0530] {logging_mixin.py:188} INFO - [2024-06-18T15:08:59.933+0530] {dagbag.py:545} INFO - Filling up the DagBag from /home/kiit/airflow-env/lib/python3.8/site-packages/airflow/example_dags/example_latest_only_with_trigger.py
[2024-06-18T15:08:59.937+0530] {processor.py:840} INFO - DAG(s) 'latest_only_with_trigger' retrieved from /home/kiit/airflow-env/lib/python3.8/site-packages/airflow/example_dags/example_latest_only_with_trigger.py
[2024-06-18T15:08:59.956+0530] {logging_mixin.py:188} INFO - [2024-06-18T15:08:59.955+0530] {dag.py:3096} INFO - Sync 1 DAGs
[2024-06-18T15:08:59.973+0530] {logging_mixin.py:188} INFO - [2024-06-18T15:08:59.972+0530] {dag.py:3954} INFO - Setting next_dagrun for latest_only_with_trigger to 2024-06-18 04:00:00+00:00, run_after=2024-06-18 08:00:00+00:00
[2024-06-18T15:08:59.998+0530] {processor.py:183} INFO - Processing /home/kiit/airflow-env/lib/python3.8/site-packages/airflow/example_dags/example_latest_only_with_trigger.py took 0.072 seconds
[2024-06-18T15:09:30.254+0530] {processor.py:161} INFO - Started process (PID=34053) to work on /home/kiit/airflow-env/lib/python3.8/site-packages/airflow/example_dags/example_latest_only_with_trigger.py
[2024-06-18T15:09:30.254+0530] {processor.py:830} INFO - Processing file /home/kiit/airflow-env/lib/python3.8/site-packages/airflow/example_dags/example_latest_only_with_trigger.py for tasks to queue
[2024-06-18T15:09:30.256+0530] {logging_mixin.py:188} INFO - [2024-06-18T15:09:30.255+0530] {dagbag.py:545} INFO - Filling up the DagBag from /home/kiit/airflow-env/lib/python3.8/site-packages/airflow/example_dags/example_latest_only_with_trigger.py
[2024-06-18T15:09:30.259+0530] {processor.py:840} INFO - DAG(s) 'latest_only_with_trigger' retrieved from /home/kiit/airflow-env/lib/python3.8/site-packages/airflow/example_dags/example_latest_only_with_trigger.py
[2024-06-18T15:09:30.275+0530] {logging_mixin.py:188} INFO - [2024-06-18T15:09:30.275+0530] {dag.py:3096} INFO - Sync 1 DAGs
[2024-06-18T15:09:30.288+0530] {logging_mixin.py:188} INFO - [2024-06-18T15:09:30.288+0530] {dag.py:3954} INFO - Setting next_dagrun for latest_only_with_trigger to 2024-06-18 04:00:00+00:00, run_after=2024-06-18 08:00:00+00:00
[2024-06-18T15:09:30.310+0530] {processor.py:183} INFO - Processing /home/kiit/airflow-env/lib/python3.8/site-packages/airflow/example_dags/example_latest_only_with_trigger.py took 0.061 seconds
[2024-06-18T15:10:00.466+0530] {processor.py:161} INFO - Started process (PID=34112) to work on /home/kiit/airflow-env/lib/python3.8/site-packages/airflow/example_dags/example_latest_only_with_trigger.py
[2024-06-18T15:10:00.467+0530] {processor.py:830} INFO - Processing file /home/kiit/airflow-env/lib/python3.8/site-packages/airflow/example_dags/example_latest_only_with_trigger.py for tasks to queue
[2024-06-18T15:10:00.468+0530] {logging_mixin.py:188} INFO - [2024-06-18T15:10:00.468+0530] {dagbag.py:545} INFO - Filling up the DagBag from /home/kiit/airflow-env/lib/python3.8/site-packages/airflow/example_dags/example_latest_only_with_trigger.py
[2024-06-18T15:10:00.472+0530] {processor.py:840} INFO - DAG(s) 'latest_only_with_trigger' retrieved from /home/kiit/airflow-env/lib/python3.8/site-packages/airflow/example_dags/example_latest_only_with_trigger.py
[2024-06-18T15:10:00.487+0530] {logging_mixin.py:188} INFO - [2024-06-18T15:10:00.487+0530] {dag.py:3096} INFO - Sync 1 DAGs
[2024-06-18T15:10:00.504+0530] {logging_mixin.py:188} INFO - [2024-06-18T15:10:00.503+0530] {dag.py:3954} INFO - Setting next_dagrun for latest_only_with_trigger to 2024-06-18 04:00:00+00:00, run_after=2024-06-18 08:00:00+00:00
[2024-06-18T15:10:00.522+0530] {processor.py:183} INFO - Processing /home/kiit/airflow-env/lib/python3.8/site-packages/airflow/example_dags/example_latest_only_with_trigger.py took 0.063 seconds
[2024-06-18T15:10:30.775+0530] {processor.py:161} INFO - Started process (PID=34172) to work on /home/kiit/airflow-env/lib/python3.8/site-packages/airflow/example_dags/example_latest_only_with_trigger.py
[2024-06-18T15:10:30.776+0530] {processor.py:830} INFO - Processing file /home/kiit/airflow-env/lib/python3.8/site-packages/airflow/example_dags/example_latest_only_with_trigger.py for tasks to queue
[2024-06-18T15:10:30.778+0530] {logging_mixin.py:188} INFO - [2024-06-18T15:10:30.777+0530] {dagbag.py:545} INFO - Filling up the DagBag from /home/kiit/airflow-env/lib/python3.8/site-packages/airflow/example_dags/example_latest_only_with_trigger.py
[2024-06-18T15:10:30.781+0530] {processor.py:840} INFO - DAG(s) 'latest_only_with_trigger' retrieved from /home/kiit/airflow-env/lib/python3.8/site-packages/airflow/example_dags/example_latest_only_with_trigger.py
[2024-06-18T15:10:30.800+0530] {logging_mixin.py:188} INFO - [2024-06-18T15:10:30.799+0530] {dag.py:3096} INFO - Sync 1 DAGs
[2024-06-18T15:10:30.819+0530] {logging_mixin.py:188} INFO - [2024-06-18T15:10:30.819+0530] {dag.py:3954} INFO - Setting next_dagrun for latest_only_with_trigger to 2024-06-18 04:00:00+00:00, run_after=2024-06-18 08:00:00+00:00
[2024-06-18T15:10:30.842+0530] {processor.py:183} INFO - Processing /home/kiit/airflow-env/lib/python3.8/site-packages/airflow/example_dags/example_latest_only_with_trigger.py took 0.072 seconds
[2024-06-18T15:11:01.092+0530] {processor.py:161} INFO - Started process (PID=34231) to work on /home/kiit/airflow-env/lib/python3.8/site-packages/airflow/example_dags/example_latest_only_with_trigger.py
[2024-06-18T15:11:01.097+0530] {processor.py:830} INFO - Processing file /home/kiit/airflow-env/lib/python3.8/site-packages/airflow/example_dags/example_latest_only_with_trigger.py for tasks to queue
[2024-06-18T15:11:01.099+0530] {logging_mixin.py:188} INFO - [2024-06-18T15:11:01.098+0530] {dagbag.py:545} INFO - Filling up the DagBag from /home/kiit/airflow-env/lib/python3.8/site-packages/airflow/example_dags/example_latest_only_with_trigger.py
[2024-06-18T15:11:01.103+0530] {processor.py:840} INFO - DAG(s) 'latest_only_with_trigger' retrieved from /home/kiit/airflow-env/lib/python3.8/site-packages/airflow/example_dags/example_latest_only_with_trigger.py
[2024-06-18T15:11:01.120+0530] {logging_mixin.py:188} INFO - [2024-06-18T15:11:01.120+0530] {dag.py:3096} INFO - Sync 1 DAGs
[2024-06-18T15:11:01.134+0530] {logging_mixin.py:188} INFO - [2024-06-18T15:11:01.134+0530] {dag.py:3954} INFO - Setting next_dagrun for latest_only_with_trigger to 2024-06-18 04:00:00+00:00, run_after=2024-06-18 08:00:00+00:00
[2024-06-18T15:11:01.155+0530] {processor.py:183} INFO - Processing /home/kiit/airflow-env/lib/python3.8/site-packages/airflow/example_dags/example_latest_only_with_trigger.py took 0.067 seconds
[2024-06-18T15:11:31.252+0530] {processor.py:161} INFO - Started process (PID=34290) to work on /home/kiit/airflow-env/lib/python3.8/site-packages/airflow/example_dags/example_latest_only_with_trigger.py
[2024-06-18T15:11:31.253+0530] {processor.py:830} INFO - Processing file /home/kiit/airflow-env/lib/python3.8/site-packages/airflow/example_dags/example_latest_only_with_trigger.py for tasks to queue
[2024-06-18T15:11:31.254+0530] {logging_mixin.py:188} INFO - [2024-06-18T15:11:31.254+0530] {dagbag.py:545} INFO - Filling up the DagBag from /home/kiit/airflow-env/lib/python3.8/site-packages/airflow/example_dags/example_latest_only_with_trigger.py
[2024-06-18T15:11:31.257+0530] {processor.py:840} INFO - DAG(s) 'latest_only_with_trigger' retrieved from /home/kiit/airflow-env/lib/python3.8/site-packages/airflow/example_dags/example_latest_only_with_trigger.py
[2024-06-18T15:11:31.275+0530] {logging_mixin.py:188} INFO - [2024-06-18T15:11:31.275+0530] {dag.py:3096} INFO - Sync 1 DAGs
[2024-06-18T15:11:31.290+0530] {logging_mixin.py:188} INFO - [2024-06-18T15:11:31.290+0530] {dag.py:3954} INFO - Setting next_dagrun for latest_only_with_trigger to 2024-06-18 04:00:00+00:00, run_after=2024-06-18 08:00:00+00:00
[2024-06-18T15:11:31.312+0530] {processor.py:183} INFO - Processing /home/kiit/airflow-env/lib/python3.8/site-packages/airflow/example_dags/example_latest_only_with_trigger.py took 0.066 seconds
[2024-06-18T15:12:01.515+0530] {processor.py:161} INFO - Started process (PID=34349) to work on /home/kiit/airflow-env/lib/python3.8/site-packages/airflow/example_dags/example_latest_only_with_trigger.py
[2024-06-18T15:12:01.516+0530] {processor.py:830} INFO - Processing file /home/kiit/airflow-env/lib/python3.8/site-packages/airflow/example_dags/example_latest_only_with_trigger.py for tasks to queue
[2024-06-18T15:12:01.517+0530] {logging_mixin.py:188} INFO - [2024-06-18T15:12:01.517+0530] {dagbag.py:545} INFO - Filling up the DagBag from /home/kiit/airflow-env/lib/python3.8/site-packages/airflow/example_dags/example_latest_only_with_trigger.py
[2024-06-18T15:12:01.524+0530] {processor.py:840} INFO - DAG(s) 'latest_only_with_trigger' retrieved from /home/kiit/airflow-env/lib/python3.8/site-packages/airflow/example_dags/example_latest_only_with_trigger.py
[2024-06-18T15:12:01.546+0530] {logging_mixin.py:188} INFO - [2024-06-18T15:12:01.545+0530] {dag.py:3096} INFO - Sync 1 DAGs
[2024-06-18T15:12:01.562+0530] {logging_mixin.py:188} INFO - [2024-06-18T15:12:01.562+0530] {dag.py:3954} INFO - Setting next_dagrun for latest_only_with_trigger to 2024-06-18 04:00:00+00:00, run_after=2024-06-18 08:00:00+00:00
[2024-06-18T15:12:01.588+0530] {processor.py:183} INFO - Processing /home/kiit/airflow-env/lib/python3.8/site-packages/airflow/example_dags/example_latest_only_with_trigger.py took 0.080 seconds
[2024-06-18T15:12:31.842+0530] {processor.py:161} INFO - Started process (PID=34409) to work on /home/kiit/airflow-env/lib/python3.8/site-packages/airflow/example_dags/example_latest_only_with_trigger.py
[2024-06-18T15:12:31.842+0530] {processor.py:830} INFO - Processing file /home/kiit/airflow-env/lib/python3.8/site-packages/airflow/example_dags/example_latest_only_with_trigger.py for tasks to queue
[2024-06-18T15:12:31.843+0530] {logging_mixin.py:188} INFO - [2024-06-18T15:12:31.843+0530] {dagbag.py:545} INFO - Filling up the DagBag from /home/kiit/airflow-env/lib/python3.8/site-packages/airflow/example_dags/example_latest_only_with_trigger.py
[2024-06-18T15:12:31.847+0530] {processor.py:840} INFO - DAG(s) 'latest_only_with_trigger' retrieved from /home/kiit/airflow-env/lib/python3.8/site-packages/airflow/example_dags/example_latest_only_with_trigger.py
[2024-06-18T15:12:31.866+0530] {logging_mixin.py:188} INFO - [2024-06-18T15:12:31.866+0530] {dag.py:3096} INFO - Sync 1 DAGs
[2024-06-18T15:12:31.881+0530] {logging_mixin.py:188} INFO - [2024-06-18T15:12:31.881+0530] {dag.py:3954} INFO - Setting next_dagrun for latest_only_with_trigger to 2024-06-18 04:00:00+00:00, run_after=2024-06-18 08:00:00+00:00
[2024-06-18T15:12:31.908+0530] {processor.py:183} INFO - Processing /home/kiit/airflow-env/lib/python3.8/site-packages/airflow/example_dags/example_latest_only_with_trigger.py took 0.072 seconds
[2024-06-18T15:13:02.123+0530] {processor.py:161} INFO - Started process (PID=34468) to work on /home/kiit/airflow-env/lib/python3.8/site-packages/airflow/example_dags/example_latest_only_with_trigger.py
[2024-06-18T15:13:02.124+0530] {processor.py:830} INFO - Processing file /home/kiit/airflow-env/lib/python3.8/site-packages/airflow/example_dags/example_latest_only_with_trigger.py for tasks to queue
[2024-06-18T15:13:02.125+0530] {logging_mixin.py:188} INFO - [2024-06-18T15:13:02.125+0530] {dagbag.py:545} INFO - Filling up the DagBag from /home/kiit/airflow-env/lib/python3.8/site-packages/airflow/example_dags/example_latest_only_with_trigger.py
[2024-06-18T15:13:02.131+0530] {processor.py:840} INFO - DAG(s) 'latest_only_with_trigger' retrieved from /home/kiit/airflow-env/lib/python3.8/site-packages/airflow/example_dags/example_latest_only_with_trigger.py
[2024-06-18T15:13:02.148+0530] {logging_mixin.py:188} INFO - [2024-06-18T15:13:02.147+0530] {dag.py:3096} INFO - Sync 1 DAGs
[2024-06-18T15:13:02.163+0530] {logging_mixin.py:188} INFO - [2024-06-18T15:13:02.163+0530] {dag.py:3954} INFO - Setting next_dagrun for latest_only_with_trigger to 2024-06-18 04:00:00+00:00, run_after=2024-06-18 08:00:00+00:00
[2024-06-18T15:13:02.187+0530] {processor.py:183} INFO - Processing /home/kiit/airflow-env/lib/python3.8/site-packages/airflow/example_dags/example_latest_only_with_trigger.py took 0.070 seconds
[2024-06-18T15:13:32.438+0530] {processor.py:161} INFO - Started process (PID=34527) to work on /home/kiit/airflow-env/lib/python3.8/site-packages/airflow/example_dags/example_latest_only_with_trigger.py
[2024-06-18T15:13:32.439+0530] {processor.py:830} INFO - Processing file /home/kiit/airflow-env/lib/python3.8/site-packages/airflow/example_dags/example_latest_only_with_trigger.py for tasks to queue
[2024-06-18T15:13:32.441+0530] {logging_mixin.py:188} INFO - [2024-06-18T15:13:32.440+0530] {dagbag.py:545} INFO - Filling up the DagBag from /home/kiit/airflow-env/lib/python3.8/site-packages/airflow/example_dags/example_latest_only_with_trigger.py
[2024-06-18T15:13:32.446+0530] {processor.py:840} INFO - DAG(s) 'latest_only_with_trigger' retrieved from /home/kiit/airflow-env/lib/python3.8/site-packages/airflow/example_dags/example_latest_only_with_trigger.py
[2024-06-18T15:13:32.465+0530] {logging_mixin.py:188} INFO - [2024-06-18T15:13:32.465+0530] {dag.py:3096} INFO - Sync 1 DAGs
[2024-06-18T15:13:32.482+0530] {logging_mixin.py:188} INFO - [2024-06-18T15:13:32.482+0530] {dag.py:3954} INFO - Setting next_dagrun for latest_only_with_trigger to 2024-06-18 04:00:00+00:00, run_after=2024-06-18 08:00:00+00:00
[2024-06-18T15:13:32.505+0530] {processor.py:183} INFO - Processing /home/kiit/airflow-env/lib/python3.8/site-packages/airflow/example_dags/example_latest_only_with_trigger.py took 0.073 seconds
[2024-06-18T15:14:02.716+0530] {processor.py:161} INFO - Started process (PID=34586) to work on /home/kiit/airflow-env/lib/python3.8/site-packages/airflow/example_dags/example_latest_only_with_trigger.py
[2024-06-18T15:14:02.717+0530] {processor.py:830} INFO - Processing file /home/kiit/airflow-env/lib/python3.8/site-packages/airflow/example_dags/example_latest_only_with_trigger.py for tasks to queue
[2024-06-18T15:14:02.719+0530] {logging_mixin.py:188} INFO - [2024-06-18T15:14:02.718+0530] {dagbag.py:545} INFO - Filling up the DagBag from /home/kiit/airflow-env/lib/python3.8/site-packages/airflow/example_dags/example_latest_only_with_trigger.py
[2024-06-18T15:14:02.723+0530] {processor.py:840} INFO - DAG(s) 'latest_only_with_trigger' retrieved from /home/kiit/airflow-env/lib/python3.8/site-packages/airflow/example_dags/example_latest_only_with_trigger.py
[2024-06-18T15:14:02.742+0530] {logging_mixin.py:188} INFO - [2024-06-18T15:14:02.742+0530] {dag.py:3096} INFO - Sync 1 DAGs
[2024-06-18T15:14:02.757+0530] {logging_mixin.py:188} INFO - [2024-06-18T15:14:02.757+0530] {dag.py:3954} INFO - Setting next_dagrun for latest_only_with_trigger to 2024-06-18 04:00:00+00:00, run_after=2024-06-18 08:00:00+00:00
[2024-06-18T15:14:02.779+0530] {processor.py:183} INFO - Processing /home/kiit/airflow-env/lib/python3.8/site-packages/airflow/example_dags/example_latest_only_with_trigger.py took 0.068 seconds
[2024-06-18T15:14:33.040+0530] {processor.py:161} INFO - Started process (PID=34645) to work on /home/kiit/airflow-env/lib/python3.8/site-packages/airflow/example_dags/example_latest_only_with_trigger.py
[2024-06-18T15:14:33.041+0530] {processor.py:830} INFO - Processing file /home/kiit/airflow-env/lib/python3.8/site-packages/airflow/example_dags/example_latest_only_with_trigger.py for tasks to queue
[2024-06-18T15:14:33.043+0530] {logging_mixin.py:188} INFO - [2024-06-18T15:14:33.043+0530] {dagbag.py:545} INFO - Filling up the DagBag from /home/kiit/airflow-env/lib/python3.8/site-packages/airflow/example_dags/example_latest_only_with_trigger.py
[2024-06-18T15:14:33.049+0530] {processor.py:840} INFO - DAG(s) 'latest_only_with_trigger' retrieved from /home/kiit/airflow-env/lib/python3.8/site-packages/airflow/example_dags/example_latest_only_with_trigger.py
[2024-06-18T15:14:33.068+0530] {logging_mixin.py:188} INFO - [2024-06-18T15:14:33.067+0530] {dag.py:3096} INFO - Sync 1 DAGs
[2024-06-18T15:14:33.083+0530] {logging_mixin.py:188} INFO - [2024-06-18T15:14:33.083+0530] {dag.py:3954} INFO - Setting next_dagrun for latest_only_with_trigger to 2024-06-18 04:00:00+00:00, run_after=2024-06-18 08:00:00+00:00
[2024-06-18T15:14:33.105+0530] {processor.py:183} INFO - Processing /home/kiit/airflow-env/lib/python3.8/site-packages/airflow/example_dags/example_latest_only_with_trigger.py took 0.070 seconds
[2024-06-18T15:15:03.392+0530] {processor.py:161} INFO - Started process (PID=34704) to work on /home/kiit/airflow-env/lib/python3.8/site-packages/airflow/example_dags/example_latest_only_with_trigger.py
[2024-06-18T15:15:03.392+0530] {processor.py:830} INFO - Processing file /home/kiit/airflow-env/lib/python3.8/site-packages/airflow/example_dags/example_latest_only_with_trigger.py for tasks to queue
[2024-06-18T15:15:03.394+0530] {logging_mixin.py:188} INFO - [2024-06-18T15:15:03.394+0530] {dagbag.py:545} INFO - Filling up the DagBag from /home/kiit/airflow-env/lib/python3.8/site-packages/airflow/example_dags/example_latest_only_with_trigger.py
[2024-06-18T15:15:03.398+0530] {processor.py:840} INFO - DAG(s) 'latest_only_with_trigger' retrieved from /home/kiit/airflow-env/lib/python3.8/site-packages/airflow/example_dags/example_latest_only_with_trigger.py
[2024-06-18T15:15:03.414+0530] {logging_mixin.py:188} INFO - [2024-06-18T15:15:03.414+0530] {dag.py:3096} INFO - Sync 1 DAGs
[2024-06-18T15:15:03.430+0530] {logging_mixin.py:188} INFO - [2024-06-18T15:15:03.429+0530] {dag.py:3954} INFO - Setting next_dagrun for latest_only_with_trigger to 2024-06-18 04:00:00+00:00, run_after=2024-06-18 08:00:00+00:00
[2024-06-18T15:15:03.458+0530] {processor.py:183} INFO - Processing /home/kiit/airflow-env/lib/python3.8/site-packages/airflow/example_dags/example_latest_only_with_trigger.py took 0.072 seconds
[2024-06-18T15:15:33.658+0530] {processor.py:161} INFO - Started process (PID=34763) to work on /home/kiit/airflow-env/lib/python3.8/site-packages/airflow/example_dags/example_latest_only_with_trigger.py
[2024-06-18T15:15:33.663+0530] {processor.py:830} INFO - Processing file /home/kiit/airflow-env/lib/python3.8/site-packages/airflow/example_dags/example_latest_only_with_trigger.py for tasks to queue
[2024-06-18T15:15:33.664+0530] {logging_mixin.py:188} INFO - [2024-06-18T15:15:33.664+0530] {dagbag.py:545} INFO - Filling up the DagBag from /home/kiit/airflow-env/lib/python3.8/site-packages/airflow/example_dags/example_latest_only_with_trigger.py
[2024-06-18T15:15:33.670+0530] {processor.py:840} INFO - DAG(s) 'latest_only_with_trigger' retrieved from /home/kiit/airflow-env/lib/python3.8/site-packages/airflow/example_dags/example_latest_only_with_trigger.py
[2024-06-18T15:15:33.687+0530] {logging_mixin.py:188} INFO - [2024-06-18T15:15:33.687+0530] {dag.py:3096} INFO - Sync 1 DAGs
[2024-06-18T15:15:33.701+0530] {logging_mixin.py:188} INFO - [2024-06-18T15:15:33.701+0530] {dag.py:3954} INFO - Setting next_dagrun for latest_only_with_trigger to 2024-06-18 04:00:00+00:00, run_after=2024-06-18 08:00:00+00:00
[2024-06-18T15:15:33.722+0530] {processor.py:183} INFO - Processing /home/kiit/airflow-env/lib/python3.8/site-packages/airflow/example_dags/example_latest_only_with_trigger.py took 0.069 seconds
[2024-06-18T15:16:03.941+0530] {processor.py:161} INFO - Started process (PID=34822) to work on /home/kiit/airflow-env/lib/python3.8/site-packages/airflow/example_dags/example_latest_only_with_trigger.py
[2024-06-18T15:16:03.942+0530] {processor.py:830} INFO - Processing file /home/kiit/airflow-env/lib/python3.8/site-packages/airflow/example_dags/example_latest_only_with_trigger.py for tasks to queue
[2024-06-18T15:16:03.944+0530] {logging_mixin.py:188} INFO - [2024-06-18T15:16:03.944+0530] {dagbag.py:545} INFO - Filling up the DagBag from /home/kiit/airflow-env/lib/python3.8/site-packages/airflow/example_dags/example_latest_only_with_trigger.py
[2024-06-18T15:16:03.950+0530] {processor.py:840} INFO - DAG(s) 'latest_only_with_trigger' retrieved from /home/kiit/airflow-env/lib/python3.8/site-packages/airflow/example_dags/example_latest_only_with_trigger.py
[2024-06-18T15:16:03.968+0530] {logging_mixin.py:188} INFO - [2024-06-18T15:16:03.967+0530] {dag.py:3096} INFO - Sync 1 DAGs
[2024-06-18T15:16:03.984+0530] {logging_mixin.py:188} INFO - [2024-06-18T15:16:03.983+0530] {dag.py:3954} INFO - Setting next_dagrun for latest_only_with_trigger to 2024-06-18 04:00:00+00:00, run_after=2024-06-18 08:00:00+00:00
[2024-06-18T15:16:04.009+0530] {processor.py:183} INFO - Processing /home/kiit/airflow-env/lib/python3.8/site-packages/airflow/example_dags/example_latest_only_with_trigger.py took 0.074 seconds
[2024-06-18T15:16:34.193+0530] {processor.py:161} INFO - Started process (PID=34905) to work on /home/kiit/airflow-env/lib/python3.8/site-packages/airflow/example_dags/example_latest_only_with_trigger.py
[2024-06-18T15:16:34.194+0530] {processor.py:830} INFO - Processing file /home/kiit/airflow-env/lib/python3.8/site-packages/airflow/example_dags/example_latest_only_with_trigger.py for tasks to queue
[2024-06-18T15:16:34.195+0530] {logging_mixin.py:188} INFO - [2024-06-18T15:16:34.195+0530] {dagbag.py:545} INFO - Filling up the DagBag from /home/kiit/airflow-env/lib/python3.8/site-packages/airflow/example_dags/example_latest_only_with_trigger.py
[2024-06-18T15:16:34.199+0530] {processor.py:840} INFO - DAG(s) 'latest_only_with_trigger' retrieved from /home/kiit/airflow-env/lib/python3.8/site-packages/airflow/example_dags/example_latest_only_with_trigger.py
[2024-06-18T15:16:34.272+0530] {logging_mixin.py:188} INFO - [2024-06-18T15:16:34.272+0530] {dag.py:3096} INFO - Sync 1 DAGs
[2024-06-18T15:16:34.285+0530] {logging_mixin.py:188} INFO - [2024-06-18T15:16:34.285+0530] {dag.py:3954} INFO - Setting next_dagrun for latest_only_with_trigger to 2024-06-18 04:00:00+00:00, run_after=2024-06-18 08:00:00+00:00
[2024-06-18T15:16:34.315+0530] {processor.py:183} INFO - Processing /home/kiit/airflow-env/lib/python3.8/site-packages/airflow/example_dags/example_latest_only_with_trigger.py took 0.129 seconds
