[2024-06-18T13:06:02.129+0530] {processor.py:161} INFO - Started process (PID=25359) to work on /home/kiit/airflow-env/lib/python3.8/site-packages/airflow/example_dags/example_python_operator.py
[2024-06-18T13:06:02.130+0530] {processor.py:830} INFO - Processing file /home/kiit/airflow-env/lib/python3.8/site-packages/airflow/example_dags/example_python_operator.py for tasks to queue
[2024-06-18T13:06:02.134+0530] {logging_mixin.py:188} INFO - [2024-06-18T13:06:02.134+0530] {dagbag.py:545} INFO - Filling up the DagBag from /home/kiit/airflow-env/lib/python3.8/site-packages/airflow/example_dags/example_python_operator.py
[2024-06-18T13:06:02.145+0530] {logging_mixin.py:188} INFO - [2024-06-18T13:06:02.145+0530] {example_python_operator.py:93} WARNING - The virtalenv_python example task requires virtualenv, please install it.
[2024-06-18T13:06:02.149+0530] {processor.py:840} INFO - DAG(s) 'example_python_operator' retrieved from /home/kiit/airflow-env/lib/python3.8/site-packages/airflow/example_dags/example_python_operator.py
[2024-06-18T13:06:02.443+0530] {logging_mixin.py:188} INFO - [2024-06-18T13:06:02.442+0530] {dag.py:3096} INFO - Sync 1 DAGs
[2024-06-18T13:06:02.469+0530] {logging_mixin.py:188} INFO - [2024-06-18T13:06:02.469+0530] {dag.py:3954} INFO - Setting next_dagrun for example_python_operator to None, run_after=None
[2024-06-18T13:06:02.668+0530] {processor.py:183} INFO - Processing /home/kiit/airflow-env/lib/python3.8/site-packages/airflow/example_dags/example_python_operator.py took 0.547 seconds
[2024-06-18T13:06:56.751+0530] {processor.py:161} INFO - Started process (PID=25439) to work on /home/kiit/airflow-env/lib/python3.8/site-packages/airflow/example_dags/example_python_operator.py
[2024-06-18T13:06:56.752+0530] {processor.py:830} INFO - Processing file /home/kiit/airflow-env/lib/python3.8/site-packages/airflow/example_dags/example_python_operator.py for tasks to queue
[2024-06-18T13:06:56.754+0530] {logging_mixin.py:188} INFO - [2024-06-18T13:06:56.754+0530] {dagbag.py:545} INFO - Filling up the DagBag from /home/kiit/airflow-env/lib/python3.8/site-packages/airflow/example_dags/example_python_operator.py
[2024-06-18T13:06:56.762+0530] {logging_mixin.py:188} INFO - [2024-06-18T13:06:56.761+0530] {example_python_operator.py:93} WARNING - The virtalenv_python example task requires virtualenv, please install it.
[2024-06-18T13:06:56.762+0530] {processor.py:840} INFO - DAG(s) 'example_python_operator' retrieved from /home/kiit/airflow-env/lib/python3.8/site-packages/airflow/example_dags/example_python_operator.py
[2024-06-18T13:06:56.777+0530] {logging_mixin.py:188} INFO - [2024-06-18T13:06:56.777+0530] {dag.py:3096} INFO - Sync 1 DAGs
[2024-06-18T13:06:56.786+0530] {logging_mixin.py:188} INFO - [2024-06-18T13:06:56.786+0530] {dag.py:3954} INFO - Setting next_dagrun for example_python_operator to None, run_after=None
[2024-06-18T13:06:56.805+0530] {processor.py:183} INFO - Processing /home/kiit/airflow-env/lib/python3.8/site-packages/airflow/example_dags/example_python_operator.py took 0.059 seconds
[2024-06-18T13:07:56.041+0530] {processor.py:161} INFO - Started process (PID=25497) to work on /home/kiit/airflow-env/lib/python3.8/site-packages/airflow/example_dags/example_python_operator.py
[2024-06-18T13:07:56.061+0530] {processor.py:830} INFO - Processing file /home/kiit/airflow-env/lib/python3.8/site-packages/airflow/example_dags/example_python_operator.py for tasks to queue
[2024-06-18T13:07:56.069+0530] {logging_mixin.py:188} INFO - [2024-06-18T13:07:56.068+0530] {dagbag.py:545} INFO - Filling up the DagBag from /home/kiit/airflow-env/lib/python3.8/site-packages/airflow/example_dags/example_python_operator.py
[2024-06-18T13:07:56.135+0530] {logging_mixin.py:188} INFO - [2024-06-18T13:07:56.134+0530] {example_python_operator.py:93} WARNING - The virtalenv_python example task requires virtualenv, please install it.
[2024-06-18T13:07:56.136+0530] {processor.py:840} INFO - DAG(s) 'example_python_operator' retrieved from /home/kiit/airflow-env/lib/python3.8/site-packages/airflow/example_dags/example_python_operator.py
[2024-06-18T13:07:56.310+0530] {logging_mixin.py:188} INFO - [2024-06-18T13:07:56.309+0530] {dag.py:3096} INFO - Sync 1 DAGs
[2024-06-18T13:07:56.434+0530] {logging_mixin.py:188} INFO - [2024-06-18T13:07:56.424+0530] {dag.py:3954} INFO - Setting next_dagrun for example_python_operator to None, run_after=None
[2024-06-18T13:07:56.626+0530] {processor.py:183} INFO - Processing /home/kiit/airflow-env/lib/python3.8/site-packages/airflow/example_dags/example_python_operator.py took 0.640 seconds
[2024-06-18T13:08:51.034+0530] {processor.py:161} INFO - Started process (PID=25556) to work on /home/kiit/airflow-env/lib/python3.8/site-packages/airflow/example_dags/example_python_operator.py
[2024-06-18T13:08:51.035+0530] {processor.py:830} INFO - Processing file /home/kiit/airflow-env/lib/python3.8/site-packages/airflow/example_dags/example_python_operator.py for tasks to queue
[2024-06-18T13:08:51.036+0530] {logging_mixin.py:188} INFO - [2024-06-18T13:08:51.036+0530] {dagbag.py:545} INFO - Filling up the DagBag from /home/kiit/airflow-env/lib/python3.8/site-packages/airflow/example_dags/example_python_operator.py
[2024-06-18T13:08:51.041+0530] {logging_mixin.py:188} INFO - [2024-06-18T13:08:51.041+0530] {example_python_operator.py:93} WARNING - The virtalenv_python example task requires virtualenv, please install it.
[2024-06-18T13:08:51.041+0530] {processor.py:840} INFO - DAG(s) 'example_python_operator' retrieved from /home/kiit/airflow-env/lib/python3.8/site-packages/airflow/example_dags/example_python_operator.py
[2024-06-18T13:08:51.053+0530] {logging_mixin.py:188} INFO - [2024-06-18T13:08:51.053+0530] {dag.py:3096} INFO - Sync 1 DAGs
[2024-06-18T13:08:51.061+0530] {logging_mixin.py:188} INFO - [2024-06-18T13:08:51.061+0530] {dag.py:3954} INFO - Setting next_dagrun for example_python_operator to None, run_after=None
[2024-06-18T13:08:51.081+0530] {processor.py:183} INFO - Processing /home/kiit/airflow-env/lib/python3.8/site-packages/airflow/example_dags/example_python_operator.py took 0.051 seconds
[2024-06-18T13:09:41.524+0530] {processor.py:161} INFO - Started process (PID=25626) to work on /home/kiit/airflow-env/lib/python3.8/site-packages/airflow/example_dags/example_python_operator.py
[2024-06-18T13:09:41.526+0530] {processor.py:830} INFO - Processing file /home/kiit/airflow-env/lib/python3.8/site-packages/airflow/example_dags/example_python_operator.py for tasks to queue
[2024-06-18T13:09:41.527+0530] {logging_mixin.py:188} INFO - [2024-06-18T13:09:41.527+0530] {dagbag.py:545} INFO - Filling up the DagBag from /home/kiit/airflow-env/lib/python3.8/site-packages/airflow/example_dags/example_python_operator.py
[2024-06-18T13:09:41.532+0530] {logging_mixin.py:188} INFO - [2024-06-18T13:09:41.532+0530] {example_python_operator.py:93} WARNING - The virtalenv_python example task requires virtualenv, please install it.
[2024-06-18T13:09:41.532+0530] {processor.py:840} INFO - DAG(s) 'example_python_operator' retrieved from /home/kiit/airflow-env/lib/python3.8/site-packages/airflow/example_dags/example_python_operator.py
[2024-06-18T13:09:41.544+0530] {logging_mixin.py:188} INFO - [2024-06-18T13:09:41.544+0530] {dag.py:3096} INFO - Sync 1 DAGs
[2024-06-18T13:09:41.552+0530] {logging_mixin.py:188} INFO - [2024-06-18T13:09:41.551+0530] {dag.py:3954} INFO - Setting next_dagrun for example_python_operator to None, run_after=None
[2024-06-18T13:09:41.572+0530] {processor.py:183} INFO - Processing /home/kiit/airflow-env/lib/python3.8/site-packages/airflow/example_dags/example_python_operator.py took 0.053 seconds
[2024-06-18T13:10:25.195+0530] {processor.py:161} INFO - Started process (PID=25673) to work on /home/kiit/airflow-env/lib/python3.8/site-packages/airflow/example_dags/example_python_operator.py
[2024-06-18T13:10:25.196+0530] {processor.py:830} INFO - Processing file /home/kiit/airflow-env/lib/python3.8/site-packages/airflow/example_dags/example_python_operator.py for tasks to queue
[2024-06-18T13:10:25.198+0530] {logging_mixin.py:188} INFO - [2024-06-18T13:10:25.197+0530] {dagbag.py:545} INFO - Filling up the DagBag from /home/kiit/airflow-env/lib/python3.8/site-packages/airflow/example_dags/example_python_operator.py
[2024-06-18T13:10:25.202+0530] {logging_mixin.py:188} INFO - [2024-06-18T13:10:25.202+0530] {example_python_operator.py:93} WARNING - The virtalenv_python example task requires virtualenv, please install it.
[2024-06-18T13:10:25.203+0530] {processor.py:840} INFO - DAG(s) 'example_python_operator' retrieved from /home/kiit/airflow-env/lib/python3.8/site-packages/airflow/example_dags/example_python_operator.py
[2024-06-18T13:10:25.214+0530] {logging_mixin.py:188} INFO - [2024-06-18T13:10:25.214+0530] {dag.py:3096} INFO - Sync 1 DAGs
[2024-06-18T13:10:25.223+0530] {logging_mixin.py:188} INFO - [2024-06-18T13:10:25.223+0530] {dag.py:3954} INFO - Setting next_dagrun for example_python_operator to None, run_after=None
[2024-06-18T13:10:25.242+0530] {processor.py:183} INFO - Processing /home/kiit/airflow-env/lib/python3.8/site-packages/airflow/example_dags/example_python_operator.py took 0.051 seconds
[2024-06-18T13:11:17.824+0530] {processor.py:161} INFO - Started process (PID=25731) to work on /home/kiit/airflow-env/lib/python3.8/site-packages/airflow/example_dags/example_python_operator.py
[2024-06-18T13:11:17.826+0530] {processor.py:830} INFO - Processing file /home/kiit/airflow-env/lib/python3.8/site-packages/airflow/example_dags/example_python_operator.py for tasks to queue
[2024-06-18T13:11:17.829+0530] {logging_mixin.py:188} INFO - [2024-06-18T13:11:17.828+0530] {dagbag.py:545} INFO - Filling up the DagBag from /home/kiit/airflow-env/lib/python3.8/site-packages/airflow/example_dags/example_python_operator.py
[2024-06-18T13:11:17.845+0530] {logging_mixin.py:188} INFO - [2024-06-18T13:11:17.844+0530] {example_python_operator.py:93} WARNING - The virtalenv_python example task requires virtualenv, please install it.
[2024-06-18T13:11:17.849+0530] {processor.py:840} INFO - DAG(s) 'example_python_operator' retrieved from /home/kiit/airflow-env/lib/python3.8/site-packages/airflow/example_dags/example_python_operator.py
[2024-06-18T13:11:17.891+0530] {logging_mixin.py:188} INFO - [2024-06-18T13:11:17.891+0530] {dag.py:3096} INFO - Sync 1 DAGs
[2024-06-18T13:11:17.920+0530] {logging_mixin.py:188} INFO - [2024-06-18T13:11:17.918+0530] {dag.py:3954} INFO - Setting next_dagrun for example_python_operator to None, run_after=None
[2024-06-18T13:11:17.976+0530] {processor.py:183} INFO - Processing /home/kiit/airflow-env/lib/python3.8/site-packages/airflow/example_dags/example_python_operator.py took 0.167 seconds
[2024-06-18T13:12:19.780+0530] {processor.py:161} INFO - Started process (PID=25802) to work on /home/kiit/airflow-env/lib/python3.8/site-packages/airflow/example_dags/example_python_operator.py
[2024-06-18T13:12:19.781+0530] {processor.py:830} INFO - Processing file /home/kiit/airflow-env/lib/python3.8/site-packages/airflow/example_dags/example_python_operator.py for tasks to queue
[2024-06-18T13:12:19.782+0530] {logging_mixin.py:188} INFO - [2024-06-18T13:12:19.782+0530] {dagbag.py:545} INFO - Filling up the DagBag from /home/kiit/airflow-env/lib/python3.8/site-packages/airflow/example_dags/example_python_operator.py
[2024-06-18T13:12:19.787+0530] {logging_mixin.py:188} INFO - [2024-06-18T13:12:19.787+0530] {example_python_operator.py:93} WARNING - The virtalenv_python example task requires virtualenv, please install it.
[2024-06-18T13:12:19.787+0530] {processor.py:840} INFO - DAG(s) 'example_python_operator' retrieved from /home/kiit/airflow-env/lib/python3.8/site-packages/airflow/example_dags/example_python_operator.py
[2024-06-18T13:12:19.798+0530] {logging_mixin.py:188} INFO - [2024-06-18T13:12:19.798+0530] {dag.py:3096} INFO - Sync 1 DAGs
[2024-06-18T13:12:19.806+0530] {logging_mixin.py:188} INFO - [2024-06-18T13:12:19.806+0530] {dag.py:3954} INFO - Setting next_dagrun for example_python_operator to None, run_after=None
[2024-06-18T13:12:19.824+0530] {processor.py:183} INFO - Processing /home/kiit/airflow-env/lib/python3.8/site-packages/airflow/example_dags/example_python_operator.py took 0.048 seconds
[2024-06-18T13:13:18.307+0530] {processor.py:161} INFO - Started process (PID=25876) to work on /home/kiit/airflow-env/lib/python3.8/site-packages/airflow/example_dags/example_python_operator.py
[2024-06-18T13:13:18.308+0530] {processor.py:830} INFO - Processing file /home/kiit/airflow-env/lib/python3.8/site-packages/airflow/example_dags/example_python_operator.py for tasks to queue
[2024-06-18T13:13:18.310+0530] {logging_mixin.py:188} INFO - [2024-06-18T13:13:18.309+0530] {dagbag.py:545} INFO - Filling up the DagBag from /home/kiit/airflow-env/lib/python3.8/site-packages/airflow/example_dags/example_python_operator.py
[2024-06-18T13:13:18.316+0530] {logging_mixin.py:188} INFO - [2024-06-18T13:13:18.315+0530] {example_python_operator.py:93} WARNING - The virtalenv_python example task requires virtualenv, please install it.
[2024-06-18T13:13:18.316+0530] {processor.py:840} INFO - DAG(s) 'example_python_operator' retrieved from /home/kiit/airflow-env/lib/python3.8/site-packages/airflow/example_dags/example_python_operator.py
[2024-06-18T13:13:18.330+0530] {logging_mixin.py:188} INFO - [2024-06-18T13:13:18.330+0530] {dag.py:3096} INFO - Sync 1 DAGs
[2024-06-18T13:13:18.339+0530] {logging_mixin.py:188} INFO - [2024-06-18T13:13:18.338+0530] {dag.py:3954} INFO - Setting next_dagrun for example_python_operator to None, run_after=None
[2024-06-18T13:13:18.358+0530] {processor.py:183} INFO - Processing /home/kiit/airflow-env/lib/python3.8/site-packages/airflow/example_dags/example_python_operator.py took 0.056 seconds
[2024-06-18T13:14:14.411+0530] {processor.py:161} INFO - Started process (PID=25943) to work on /home/kiit/airflow-env/lib/python3.8/site-packages/airflow/example_dags/example_python_operator.py
[2024-06-18T13:14:14.418+0530] {processor.py:830} INFO - Processing file /home/kiit/airflow-env/lib/python3.8/site-packages/airflow/example_dags/example_python_operator.py for tasks to queue
[2024-06-18T13:14:14.419+0530] {logging_mixin.py:188} INFO - [2024-06-18T13:14:14.419+0530] {dagbag.py:545} INFO - Filling up the DagBag from /home/kiit/airflow-env/lib/python3.8/site-packages/airflow/example_dags/example_python_operator.py
[2024-06-18T13:14:14.424+0530] {logging_mixin.py:188} INFO - [2024-06-18T13:14:14.424+0530] {example_python_operator.py:93} WARNING - The virtalenv_python example task requires virtualenv, please install it.
[2024-06-18T13:14:14.424+0530] {processor.py:840} INFO - DAG(s) 'example_python_operator' retrieved from /home/kiit/airflow-env/lib/python3.8/site-packages/airflow/example_dags/example_python_operator.py
[2024-06-18T13:14:14.436+0530] {logging_mixin.py:188} INFO - [2024-06-18T13:14:14.436+0530] {dag.py:3096} INFO - Sync 1 DAGs
[2024-06-18T13:14:14.443+0530] {logging_mixin.py:188} INFO - [2024-06-18T13:14:14.443+0530] {dag.py:3954} INFO - Setting next_dagrun for example_python_operator to None, run_after=None
[2024-06-18T13:14:14.464+0530] {processor.py:183} INFO - Processing /home/kiit/airflow-env/lib/python3.8/site-packages/airflow/example_dags/example_python_operator.py took 0.058 seconds
[2024-06-18T13:15:17.286+0530] {processor.py:161} INFO - Started process (PID=26019) to work on /home/kiit/airflow-env/lib/python3.8/site-packages/airflow/example_dags/example_python_operator.py
[2024-06-18T13:15:17.287+0530] {processor.py:830} INFO - Processing file /home/kiit/airflow-env/lib/python3.8/site-packages/airflow/example_dags/example_python_operator.py for tasks to queue
[2024-06-18T13:15:17.289+0530] {logging_mixin.py:188} INFO - [2024-06-18T13:15:17.288+0530] {dagbag.py:545} INFO - Filling up the DagBag from /home/kiit/airflow-env/lib/python3.8/site-packages/airflow/example_dags/example_python_operator.py
[2024-06-18T13:15:17.294+0530] {logging_mixin.py:188} INFO - [2024-06-18T13:15:17.294+0530] {example_python_operator.py:93} WARNING - The virtalenv_python example task requires virtualenv, please install it.
[2024-06-18T13:15:17.294+0530] {processor.py:840} INFO - DAG(s) 'example_python_operator' retrieved from /home/kiit/airflow-env/lib/python3.8/site-packages/airflow/example_dags/example_python_operator.py
[2024-06-18T13:15:17.306+0530] {logging_mixin.py:188} INFO - [2024-06-18T13:15:17.306+0530] {dag.py:3096} INFO - Sync 1 DAGs
[2024-06-18T13:15:17.315+0530] {logging_mixin.py:188} INFO - [2024-06-18T13:15:17.314+0530] {dag.py:3954} INFO - Setting next_dagrun for example_python_operator to None, run_after=None
[2024-06-18T13:15:17.340+0530] {processor.py:183} INFO - Processing /home/kiit/airflow-env/lib/python3.8/site-packages/airflow/example_dags/example_python_operator.py took 0.060 seconds
[2024-06-18T13:16:16.863+0530] {processor.py:161} INFO - Started process (PID=26088) to work on /home/kiit/airflow-env/lib/python3.8/site-packages/airflow/example_dags/example_python_operator.py
[2024-06-18T13:16:16.864+0530] {processor.py:830} INFO - Processing file /home/kiit/airflow-env/lib/python3.8/site-packages/airflow/example_dags/example_python_operator.py for tasks to queue
[2024-06-18T13:16:16.866+0530] {logging_mixin.py:188} INFO - [2024-06-18T13:16:16.866+0530] {dagbag.py:545} INFO - Filling up the DagBag from /home/kiit/airflow-env/lib/python3.8/site-packages/airflow/example_dags/example_python_operator.py
[2024-06-18T13:16:16.871+0530] {logging_mixin.py:188} INFO - [2024-06-18T13:16:16.870+0530] {example_python_operator.py:93} WARNING - The virtalenv_python example task requires virtualenv, please install it.
[2024-06-18T13:16:16.871+0530] {processor.py:840} INFO - DAG(s) 'example_python_operator' retrieved from /home/kiit/airflow-env/lib/python3.8/site-packages/airflow/example_dags/example_python_operator.py
[2024-06-18T13:16:16.883+0530] {logging_mixin.py:188} INFO - [2024-06-18T13:16:16.883+0530] {dag.py:3096} INFO - Sync 1 DAGs
[2024-06-18T13:16:16.892+0530] {logging_mixin.py:188} INFO - [2024-06-18T13:16:16.892+0530] {dag.py:3954} INFO - Setting next_dagrun for example_python_operator to None, run_after=None
[2024-06-18T13:16:16.912+0530] {processor.py:183} INFO - Processing /home/kiit/airflow-env/lib/python3.8/site-packages/airflow/example_dags/example_python_operator.py took 0.055 seconds
[2024-06-18T13:17:13.507+0530] {processor.py:161} INFO - Started process (PID=26161) to work on /home/kiit/airflow-env/lib/python3.8/site-packages/airflow/example_dags/example_python_operator.py
[2024-06-18T13:17:13.508+0530] {processor.py:830} INFO - Processing file /home/kiit/airflow-env/lib/python3.8/site-packages/airflow/example_dags/example_python_operator.py for tasks to queue
[2024-06-18T13:17:13.509+0530] {logging_mixin.py:188} INFO - [2024-06-18T13:17:13.509+0530] {dagbag.py:545} INFO - Filling up the DagBag from /home/kiit/airflow-env/lib/python3.8/site-packages/airflow/example_dags/example_python_operator.py
[2024-06-18T13:17:13.515+0530] {logging_mixin.py:188} INFO - [2024-06-18T13:17:13.515+0530] {example_python_operator.py:93} WARNING - The virtalenv_python example task requires virtualenv, please install it.
[2024-06-18T13:17:13.515+0530] {processor.py:840} INFO - DAG(s) 'example_python_operator' retrieved from /home/kiit/airflow-env/lib/python3.8/site-packages/airflow/example_dags/example_python_operator.py
[2024-06-18T13:17:13.529+0530] {logging_mixin.py:188} INFO - [2024-06-18T13:17:13.529+0530] {dag.py:3096} INFO - Sync 1 DAGs
[2024-06-18T13:17:13.537+0530] {logging_mixin.py:188} INFO - [2024-06-18T13:17:13.537+0530] {dag.py:3954} INFO - Setting next_dagrun for example_python_operator to None, run_after=None
[2024-06-18T13:17:13.556+0530] {processor.py:183} INFO - Processing /home/kiit/airflow-env/lib/python3.8/site-packages/airflow/example_dags/example_python_operator.py took 0.053 seconds
[2024-06-18T13:18:16.316+0530] {processor.py:161} INFO - Started process (PID=26232) to work on /home/kiit/airflow-env/lib/python3.8/site-packages/airflow/example_dags/example_python_operator.py
[2024-06-18T13:18:16.317+0530] {processor.py:830} INFO - Processing file /home/kiit/airflow-env/lib/python3.8/site-packages/airflow/example_dags/example_python_operator.py for tasks to queue
[2024-06-18T13:18:16.318+0530] {logging_mixin.py:188} INFO - [2024-06-18T13:18:16.318+0530] {dagbag.py:545} INFO - Filling up the DagBag from /home/kiit/airflow-env/lib/python3.8/site-packages/airflow/example_dags/example_python_operator.py
[2024-06-18T13:18:16.323+0530] {logging_mixin.py:188} INFO - [2024-06-18T13:18:16.323+0530] {example_python_operator.py:93} WARNING - The virtalenv_python example task requires virtualenv, please install it.
[2024-06-18T13:18:16.323+0530] {processor.py:840} INFO - DAG(s) 'example_python_operator' retrieved from /home/kiit/airflow-env/lib/python3.8/site-packages/airflow/example_dags/example_python_operator.py
[2024-06-18T13:18:16.338+0530] {logging_mixin.py:188} INFO - [2024-06-18T13:18:16.338+0530] {dag.py:3096} INFO - Sync 1 DAGs
[2024-06-18T13:18:16.349+0530] {logging_mixin.py:188} INFO - [2024-06-18T13:18:16.348+0530] {dag.py:3954} INFO - Setting next_dagrun for example_python_operator to None, run_after=None
[2024-06-18T13:18:16.369+0530] {processor.py:183} INFO - Processing /home/kiit/airflow-env/lib/python3.8/site-packages/airflow/example_dags/example_python_operator.py took 0.059 seconds
[2024-06-18T13:19:01.382+0530] {processor.py:161} INFO - Started process (PID=26284) to work on /home/kiit/airflow-env/lib/python3.8/site-packages/airflow/example_dags/example_python_operator.py
[2024-06-18T13:19:01.383+0530] {processor.py:830} INFO - Processing file /home/kiit/airflow-env/lib/python3.8/site-packages/airflow/example_dags/example_python_operator.py for tasks to queue
[2024-06-18T13:19:01.384+0530] {logging_mixin.py:188} INFO - [2024-06-18T13:19:01.384+0530] {dagbag.py:545} INFO - Filling up the DagBag from /home/kiit/airflow-env/lib/python3.8/site-packages/airflow/example_dags/example_python_operator.py
[2024-06-18T13:19:01.389+0530] {logging_mixin.py:188} INFO - [2024-06-18T13:19:01.389+0530] {example_python_operator.py:93} WARNING - The virtalenv_python example task requires virtualenv, please install it.
[2024-06-18T13:19:01.390+0530] {processor.py:840} INFO - DAG(s) 'example_python_operator' retrieved from /home/kiit/airflow-env/lib/python3.8/site-packages/airflow/example_dags/example_python_operator.py
[2024-06-18T13:19:01.402+0530] {logging_mixin.py:188} INFO - [2024-06-18T13:19:01.402+0530] {dag.py:3096} INFO - Sync 1 DAGs
[2024-06-18T13:19:01.410+0530] {logging_mixin.py:188} INFO - [2024-06-18T13:19:01.410+0530] {dag.py:3954} INFO - Setting next_dagrun for example_python_operator to None, run_after=None
[2024-06-18T13:19:01.429+0530] {processor.py:183} INFO - Processing /home/kiit/airflow-env/lib/python3.8/site-packages/airflow/example_dags/example_python_operator.py took 0.053 seconds
[2024-06-18T13:19:58.943+0530] {processor.py:161} INFO - Started process (PID=26359) to work on /home/kiit/airflow-env/lib/python3.8/site-packages/airflow/example_dags/example_python_operator.py
[2024-06-18T13:19:58.944+0530] {processor.py:830} INFO - Processing file /home/kiit/airflow-env/lib/python3.8/site-packages/airflow/example_dags/example_python_operator.py for tasks to queue
[2024-06-18T13:19:58.945+0530] {logging_mixin.py:188} INFO - [2024-06-18T13:19:58.944+0530] {dagbag.py:545} INFO - Filling up the DagBag from /home/kiit/airflow-env/lib/python3.8/site-packages/airflow/example_dags/example_python_operator.py
[2024-06-18T13:19:58.950+0530] {logging_mixin.py:188} INFO - [2024-06-18T13:19:58.949+0530] {example_python_operator.py:93} WARNING - The virtalenv_python example task requires virtualenv, please install it.
[2024-06-18T13:19:58.951+0530] {processor.py:840} INFO - DAG(s) 'example_python_operator' retrieved from /home/kiit/airflow-env/lib/python3.8/site-packages/airflow/example_dags/example_python_operator.py
[2024-06-18T13:19:58.965+0530] {logging_mixin.py:188} INFO - [2024-06-18T13:19:58.965+0530] {dag.py:3096} INFO - Sync 1 DAGs
[2024-06-18T13:19:58.975+0530] {logging_mixin.py:188} INFO - [2024-06-18T13:19:58.975+0530] {dag.py:3954} INFO - Setting next_dagrun for example_python_operator to None, run_after=None
[2024-06-18T13:19:58.994+0530] {processor.py:183} INFO - Processing /home/kiit/airflow-env/lib/python3.8/site-packages/airflow/example_dags/example_python_operator.py took 0.057 seconds
[2024-06-18T13:20:55.339+0530] {processor.py:161} INFO - Started process (PID=26425) to work on /home/kiit/airflow-env/lib/python3.8/site-packages/airflow/example_dags/example_python_operator.py
[2024-06-18T13:20:55.340+0530] {processor.py:830} INFO - Processing file /home/kiit/airflow-env/lib/python3.8/site-packages/airflow/example_dags/example_python_operator.py for tasks to queue
[2024-06-18T13:20:55.342+0530] {logging_mixin.py:188} INFO - [2024-06-18T13:20:55.341+0530] {dagbag.py:545} INFO - Filling up the DagBag from /home/kiit/airflow-env/lib/python3.8/site-packages/airflow/example_dags/example_python_operator.py
[2024-06-18T13:20:55.347+0530] {logging_mixin.py:188} INFO - [2024-06-18T13:20:55.347+0530] {example_python_operator.py:93} WARNING - The virtalenv_python example task requires virtualenv, please install it.
[2024-06-18T13:20:55.347+0530] {processor.py:840} INFO - DAG(s) 'example_python_operator' retrieved from /home/kiit/airflow-env/lib/python3.8/site-packages/airflow/example_dags/example_python_operator.py
[2024-06-18T13:20:55.359+0530] {logging_mixin.py:188} INFO - [2024-06-18T13:20:55.359+0530] {dag.py:3096} INFO - Sync 1 DAGs
[2024-06-18T13:20:55.367+0530] {logging_mixin.py:188} INFO - [2024-06-18T13:20:55.367+0530] {dag.py:3954} INFO - Setting next_dagrun for example_python_operator to None, run_after=None
[2024-06-18T13:20:55.386+0530] {processor.py:183} INFO - Processing /home/kiit/airflow-env/lib/python3.8/site-packages/airflow/example_dags/example_python_operator.py took 0.052 seconds
[2024-06-18T13:21:53.035+0530] {processor.py:161} INFO - Started process (PID=26498) to work on /home/kiit/airflow-env/lib/python3.8/site-packages/airflow/example_dags/example_python_operator.py
[2024-06-18T13:21:53.036+0530] {processor.py:830} INFO - Processing file /home/kiit/airflow-env/lib/python3.8/site-packages/airflow/example_dags/example_python_operator.py for tasks to queue
[2024-06-18T13:21:53.037+0530] {logging_mixin.py:188} INFO - [2024-06-18T13:21:53.037+0530] {dagbag.py:545} INFO - Filling up the DagBag from /home/kiit/airflow-env/lib/python3.8/site-packages/airflow/example_dags/example_python_operator.py
[2024-06-18T13:21:53.043+0530] {logging_mixin.py:188} INFO - [2024-06-18T13:21:53.043+0530] {example_python_operator.py:93} WARNING - The virtalenv_python example task requires virtualenv, please install it.
[2024-06-18T13:21:53.044+0530] {processor.py:840} INFO - DAG(s) 'example_python_operator' retrieved from /home/kiit/airflow-env/lib/python3.8/site-packages/airflow/example_dags/example_python_operator.py
[2024-06-18T13:21:53.057+0530] {logging_mixin.py:188} INFO - [2024-06-18T13:21:53.057+0530] {dag.py:3096} INFO - Sync 1 DAGs
[2024-06-18T13:21:53.068+0530] {logging_mixin.py:188} INFO - [2024-06-18T13:21:53.067+0530] {dag.py:3954} INFO - Setting next_dagrun for example_python_operator to None, run_after=None
[2024-06-18T13:21:53.092+0530] {processor.py:183} INFO - Processing /home/kiit/airflow-env/lib/python3.8/site-packages/airflow/example_dags/example_python_operator.py took 0.062 seconds
[2024-06-18T13:22:49.660+0530] {processor.py:161} INFO - Started process (PID=26565) to work on /home/kiit/airflow-env/lib/python3.8/site-packages/airflow/example_dags/example_python_operator.py
[2024-06-18T13:22:49.661+0530] {processor.py:830} INFO - Processing file /home/kiit/airflow-env/lib/python3.8/site-packages/airflow/example_dags/example_python_operator.py for tasks to queue
[2024-06-18T13:22:49.662+0530] {logging_mixin.py:188} INFO - [2024-06-18T13:22:49.662+0530] {dagbag.py:545} INFO - Filling up the DagBag from /home/kiit/airflow-env/lib/python3.8/site-packages/airflow/example_dags/example_python_operator.py
[2024-06-18T13:22:49.669+0530] {logging_mixin.py:188} INFO - [2024-06-18T13:22:49.669+0530] {example_python_operator.py:93} WARNING - The virtalenv_python example task requires virtualenv, please install it.
[2024-06-18T13:22:49.670+0530] {processor.py:840} INFO - DAG(s) 'example_python_operator' retrieved from /home/kiit/airflow-env/lib/python3.8/site-packages/airflow/example_dags/example_python_operator.py
[2024-06-18T13:22:49.681+0530] {logging_mixin.py:188} INFO - [2024-06-18T13:22:49.681+0530] {dag.py:3096} INFO - Sync 1 DAGs
[2024-06-18T13:22:49.689+0530] {logging_mixin.py:188} INFO - [2024-06-18T13:22:49.689+0530] {dag.py:3954} INFO - Setting next_dagrun for example_python_operator to None, run_after=None
[2024-06-18T13:22:49.709+0530] {processor.py:183} INFO - Processing /home/kiit/airflow-env/lib/python3.8/site-packages/airflow/example_dags/example_python_operator.py took 0.054 seconds
[2024-06-18T13:23:46.544+0530] {processor.py:161} INFO - Started process (PID=26638) to work on /home/kiit/airflow-env/lib/python3.8/site-packages/airflow/example_dags/example_python_operator.py
[2024-06-18T13:23:46.545+0530] {processor.py:830} INFO - Processing file /home/kiit/airflow-env/lib/python3.8/site-packages/airflow/example_dags/example_python_operator.py for tasks to queue
[2024-06-18T13:23:46.547+0530] {logging_mixin.py:188} INFO - [2024-06-18T13:23:46.546+0530] {dagbag.py:545} INFO - Filling up the DagBag from /home/kiit/airflow-env/lib/python3.8/site-packages/airflow/example_dags/example_python_operator.py
[2024-06-18T13:23:46.552+0530] {logging_mixin.py:188} INFO - [2024-06-18T13:23:46.552+0530] {example_python_operator.py:93} WARNING - The virtalenv_python example task requires virtualenv, please install it.
[2024-06-18T13:23:46.552+0530] {processor.py:840} INFO - DAG(s) 'example_python_operator' retrieved from /home/kiit/airflow-env/lib/python3.8/site-packages/airflow/example_dags/example_python_operator.py
[2024-06-18T13:23:46.563+0530] {logging_mixin.py:188} INFO - [2024-06-18T13:23:46.563+0530] {dag.py:3096} INFO - Sync 1 DAGs
[2024-06-18T13:23:46.571+0530] {logging_mixin.py:188} INFO - [2024-06-18T13:23:46.571+0530] {dag.py:3954} INFO - Setting next_dagrun for example_python_operator to None, run_after=None
[2024-06-18T13:23:46.590+0530] {processor.py:183} INFO - Processing /home/kiit/airflow-env/lib/python3.8/site-packages/airflow/example_dags/example_python_operator.py took 0.050 seconds
[2024-06-18T13:24:46.193+0530] {processor.py:161} INFO - Started process (PID=26707) to work on /home/kiit/airflow-env/lib/python3.8/site-packages/airflow/example_dags/example_python_operator.py
[2024-06-18T13:24:46.195+0530] {processor.py:830} INFO - Processing file /home/kiit/airflow-env/lib/python3.8/site-packages/airflow/example_dags/example_python_operator.py for tasks to queue
[2024-06-18T13:24:46.196+0530] {logging_mixin.py:188} INFO - [2024-06-18T13:24:46.196+0530] {dagbag.py:545} INFO - Filling up the DagBag from /home/kiit/airflow-env/lib/python3.8/site-packages/airflow/example_dags/example_python_operator.py
[2024-06-18T13:24:46.201+0530] {logging_mixin.py:188} INFO - [2024-06-18T13:24:46.201+0530] {example_python_operator.py:93} WARNING - The virtalenv_python example task requires virtualenv, please install it.
[2024-06-18T13:24:46.201+0530] {processor.py:840} INFO - DAG(s) 'example_python_operator' retrieved from /home/kiit/airflow-env/lib/python3.8/site-packages/airflow/example_dags/example_python_operator.py
[2024-06-18T13:24:46.213+0530] {logging_mixin.py:188} INFO - [2024-06-18T13:24:46.213+0530] {dag.py:3096} INFO - Sync 1 DAGs
[2024-06-18T13:24:46.220+0530] {logging_mixin.py:188} INFO - [2024-06-18T13:24:46.220+0530] {dag.py:3954} INFO - Setting next_dagrun for example_python_operator to None, run_after=None
[2024-06-18T13:24:46.238+0530] {processor.py:183} INFO - Processing /home/kiit/airflow-env/lib/python3.8/site-packages/airflow/example_dags/example_python_operator.py took 0.049 seconds
[2024-06-18T13:25:41.206+0530] {processor.py:161} INFO - Started process (PID=26783) to work on /home/kiit/airflow-env/lib/python3.8/site-packages/airflow/example_dags/example_python_operator.py
[2024-06-18T13:25:41.213+0530] {processor.py:830} INFO - Processing file /home/kiit/airflow-env/lib/python3.8/site-packages/airflow/example_dags/example_python_operator.py for tasks to queue
[2024-06-18T13:25:41.215+0530] {logging_mixin.py:188} INFO - [2024-06-18T13:25:41.214+0530] {dagbag.py:545} INFO - Filling up the DagBag from /home/kiit/airflow-env/lib/python3.8/site-packages/airflow/example_dags/example_python_operator.py
[2024-06-18T13:25:41.220+0530] {logging_mixin.py:188} INFO - [2024-06-18T13:25:41.220+0530] {example_python_operator.py:93} WARNING - The virtalenv_python example task requires virtualenv, please install it.
[2024-06-18T13:25:41.221+0530] {processor.py:840} INFO - DAG(s) 'example_python_operator' retrieved from /home/kiit/airflow-env/lib/python3.8/site-packages/airflow/example_dags/example_python_operator.py
[2024-06-18T13:25:41.235+0530] {logging_mixin.py:188} INFO - [2024-06-18T13:25:41.235+0530] {dag.py:3096} INFO - Sync 1 DAGs
[2024-06-18T13:25:41.248+0530] {logging_mixin.py:188} INFO - [2024-06-18T13:25:41.247+0530] {dag.py:3954} INFO - Setting next_dagrun for example_python_operator to None, run_after=None
[2024-06-18T13:25:41.279+0530] {processor.py:183} INFO - Processing /home/kiit/airflow-env/lib/python3.8/site-packages/airflow/example_dags/example_python_operator.py took 0.079 seconds
[2024-06-18T13:26:43.189+0530] {processor.py:161} INFO - Started process (PID=26852) to work on /home/kiit/airflow-env/lib/python3.8/site-packages/airflow/example_dags/example_python_operator.py
[2024-06-18T13:26:43.194+0530] {processor.py:830} INFO - Processing file /home/kiit/airflow-env/lib/python3.8/site-packages/airflow/example_dags/example_python_operator.py for tasks to queue
[2024-06-18T13:26:43.205+0530] {logging_mixin.py:188} INFO - [2024-06-18T13:26:43.203+0530] {dagbag.py:545} INFO - Filling up the DagBag from /home/kiit/airflow-env/lib/python3.8/site-packages/airflow/example_dags/example_python_operator.py
[2024-06-18T13:26:43.236+0530] {logging_mixin.py:188} INFO - [2024-06-18T13:26:43.236+0530] {example_python_operator.py:93} WARNING - The virtalenv_python example task requires virtualenv, please install it.
[2024-06-18T13:26:43.238+0530] {processor.py:840} INFO - DAG(s) 'example_python_operator' retrieved from /home/kiit/airflow-env/lib/python3.8/site-packages/airflow/example_dags/example_python_operator.py
[2024-06-18T13:26:43.332+0530] {logging_mixin.py:188} INFO - [2024-06-18T13:26:43.331+0530] {dag.py:3096} INFO - Sync 1 DAGs
[2024-06-18T13:26:43.401+0530] {logging_mixin.py:188} INFO - [2024-06-18T13:26:43.400+0530] {dag.py:3954} INFO - Setting next_dagrun for example_python_operator to None, run_after=None
[2024-06-18T13:26:43.508+0530] {processor.py:183} INFO - Processing /home/kiit/airflow-env/lib/python3.8/site-packages/airflow/example_dags/example_python_operator.py took 0.348 seconds
[2024-06-18T13:27:34.270+0530] {processor.py:161} INFO - Started process (PID=26906) to work on /home/kiit/airflow-env/lib/python3.8/site-packages/airflow/example_dags/example_python_operator.py
[2024-06-18T13:27:34.272+0530] {processor.py:830} INFO - Processing file /home/kiit/airflow-env/lib/python3.8/site-packages/airflow/example_dags/example_python_operator.py for tasks to queue
[2024-06-18T13:27:34.273+0530] {logging_mixin.py:188} INFO - [2024-06-18T13:27:34.273+0530] {dagbag.py:545} INFO - Filling up the DagBag from /home/kiit/airflow-env/lib/python3.8/site-packages/airflow/example_dags/example_python_operator.py
[2024-06-18T13:27:34.279+0530] {logging_mixin.py:188} INFO - [2024-06-18T13:27:34.279+0530] {example_python_operator.py:93} WARNING - The virtalenv_python example task requires virtualenv, please install it.
[2024-06-18T13:27:34.280+0530] {processor.py:840} INFO - DAG(s) 'example_python_operator' retrieved from /home/kiit/airflow-env/lib/python3.8/site-packages/airflow/example_dags/example_python_operator.py
[2024-06-18T13:27:34.294+0530] {logging_mixin.py:188} INFO - [2024-06-18T13:27:34.294+0530] {dag.py:3096} INFO - Sync 1 DAGs
[2024-06-18T13:27:34.305+0530] {logging_mixin.py:188} INFO - [2024-06-18T13:27:34.305+0530] {dag.py:3954} INFO - Setting next_dagrun for example_python_operator to None, run_after=None
[2024-06-18T13:27:34.326+0530] {processor.py:183} INFO - Processing /home/kiit/airflow-env/lib/python3.8/site-packages/airflow/example_dags/example_python_operator.py took 0.062 seconds
[2024-06-18T13:28:34.781+0530] {processor.py:161} INFO - Started process (PID=26956) to work on /home/kiit/airflow-env/lib/python3.8/site-packages/airflow/example_dags/example_python_operator.py
[2024-06-18T13:28:34.785+0530] {processor.py:830} INFO - Processing file /home/kiit/airflow-env/lib/python3.8/site-packages/airflow/example_dags/example_python_operator.py for tasks to queue
[2024-06-18T13:28:34.790+0530] {logging_mixin.py:188} INFO - [2024-06-18T13:28:34.789+0530] {dagbag.py:545} INFO - Filling up the DagBag from /home/kiit/airflow-env/lib/python3.8/site-packages/airflow/example_dags/example_python_operator.py
[2024-06-18T13:28:34.851+0530] {logging_mixin.py:188} INFO - [2024-06-18T13:28:34.850+0530] {example_python_operator.py:93} WARNING - The virtalenv_python example task requires virtualenv, please install it.
[2024-06-18T13:28:34.854+0530] {processor.py:840} INFO - DAG(s) 'example_python_operator' retrieved from /home/kiit/airflow-env/lib/python3.8/site-packages/airflow/example_dags/example_python_operator.py
[2024-06-18T13:28:35.009+0530] {logging_mixin.py:188} INFO - [2024-06-18T13:28:35.009+0530] {dag.py:3096} INFO - Sync 1 DAGs
[2024-06-18T13:28:35.119+0530] {logging_mixin.py:188} INFO - [2024-06-18T13:28:35.118+0530] {dag.py:3954} INFO - Setting next_dagrun for example_python_operator to None, run_after=None
[2024-06-18T13:28:35.333+0530] {processor.py:183} INFO - Processing /home/kiit/airflow-env/lib/python3.8/site-packages/airflow/example_dags/example_python_operator.py took 0.578 seconds
[2024-06-18T13:29:45.985+0530] {processor.py:161} INFO - Started process (PID=27034) to work on /home/kiit/airflow-env/lib/python3.8/site-packages/airflow/example_dags/example_python_operator.py
[2024-06-18T13:29:45.989+0530] {processor.py:830} INFO - Processing file /home/kiit/airflow-env/lib/python3.8/site-packages/airflow/example_dags/example_python_operator.py for tasks to queue
[2024-06-18T13:29:45.995+0530] {logging_mixin.py:188} INFO - [2024-06-18T13:29:45.993+0530] {dagbag.py:545} INFO - Filling up the DagBag from /home/kiit/airflow-env/lib/python3.8/site-packages/airflow/example_dags/example_python_operator.py
[2024-06-18T13:29:46.019+0530] {logging_mixin.py:188} INFO - [2024-06-18T13:29:46.018+0530] {example_python_operator.py:93} WARNING - The virtalenv_python example task requires virtualenv, please install it.
[2024-06-18T13:29:46.021+0530] {processor.py:840} INFO - DAG(s) 'example_python_operator' retrieved from /home/kiit/airflow-env/lib/python3.8/site-packages/airflow/example_dags/example_python_operator.py
[2024-06-18T13:29:46.077+0530] {logging_mixin.py:188} INFO - [2024-06-18T13:29:46.076+0530] {dag.py:3096} INFO - Sync 1 DAGs
[2024-06-18T13:29:46.112+0530] {logging_mixin.py:188} INFO - [2024-06-18T13:29:46.111+0530] {dag.py:3954} INFO - Setting next_dagrun for example_python_operator to None, run_after=None
[2024-06-18T13:29:46.193+0530] {processor.py:183} INFO - Processing /home/kiit/airflow-env/lib/python3.8/site-packages/airflow/example_dags/example_python_operator.py took 0.232 seconds
[2024-06-18T13:30:38.092+0530] {processor.py:161} INFO - Started process (PID=27107) to work on /home/kiit/airflow-env/lib/python3.8/site-packages/airflow/example_dags/example_python_operator.py
[2024-06-18T13:30:38.094+0530] {processor.py:830} INFO - Processing file /home/kiit/airflow-env/lib/python3.8/site-packages/airflow/example_dags/example_python_operator.py for tasks to queue
[2024-06-18T13:30:38.095+0530] {logging_mixin.py:188} INFO - [2024-06-18T13:30:38.095+0530] {dagbag.py:545} INFO - Filling up the DagBag from /home/kiit/airflow-env/lib/python3.8/site-packages/airflow/example_dags/example_python_operator.py
[2024-06-18T13:30:38.102+0530] {logging_mixin.py:188} INFO - [2024-06-18T13:30:38.101+0530] {example_python_operator.py:93} WARNING - The virtalenv_python example task requires virtualenv, please install it.
[2024-06-18T13:30:38.102+0530] {processor.py:840} INFO - DAG(s) 'example_python_operator' retrieved from /home/kiit/airflow-env/lib/python3.8/site-packages/airflow/example_dags/example_python_operator.py
[2024-06-18T13:30:38.121+0530] {logging_mixin.py:188} INFO - [2024-06-18T13:30:38.120+0530] {dag.py:3096} INFO - Sync 1 DAGs
[2024-06-18T13:30:38.133+0530] {logging_mixin.py:188} INFO - [2024-06-18T13:30:38.133+0530] {dag.py:3954} INFO - Setting next_dagrun for example_python_operator to None, run_after=None
[2024-06-18T13:30:38.155+0530] {processor.py:183} INFO - Processing /home/kiit/airflow-env/lib/python3.8/site-packages/airflow/example_dags/example_python_operator.py took 0.074 seconds
[2024-06-18T13:31:34.376+0530] {processor.py:161} INFO - Started process (PID=27163) to work on /home/kiit/airflow-env/lib/python3.8/site-packages/airflow/example_dags/example_python_operator.py
[2024-06-18T13:31:34.377+0530] {processor.py:830} INFO - Processing file /home/kiit/airflow-env/lib/python3.8/site-packages/airflow/example_dags/example_python_operator.py for tasks to queue
[2024-06-18T13:31:34.379+0530] {logging_mixin.py:188} INFO - [2024-06-18T13:31:34.378+0530] {dagbag.py:545} INFO - Filling up the DagBag from /home/kiit/airflow-env/lib/python3.8/site-packages/airflow/example_dags/example_python_operator.py
[2024-06-18T13:31:34.385+0530] {logging_mixin.py:188} INFO - [2024-06-18T13:31:34.384+0530] {example_python_operator.py:93} WARNING - The virtalenv_python example task requires virtualenv, please install it.
[2024-06-18T13:31:34.385+0530] {processor.py:840} INFO - DAG(s) 'example_python_operator' retrieved from /home/kiit/airflow-env/lib/python3.8/site-packages/airflow/example_dags/example_python_operator.py
[2024-06-18T13:31:34.402+0530] {logging_mixin.py:188} INFO - [2024-06-18T13:31:34.402+0530] {dag.py:3096} INFO - Sync 1 DAGs
[2024-06-18T13:31:34.412+0530] {logging_mixin.py:188} INFO - [2024-06-18T13:31:34.411+0530] {dag.py:3954} INFO - Setting next_dagrun for example_python_operator to None, run_after=None
[2024-06-18T13:31:34.436+0530] {processor.py:183} INFO - Processing /home/kiit/airflow-env/lib/python3.8/site-packages/airflow/example_dags/example_python_operator.py took 0.065 seconds
[2024-06-18T13:32:23.959+0530] {processor.py:161} INFO - Started process (PID=27769) to work on /home/kiit/airflow-env/lib/python3.8/site-packages/airflow/example_dags/example_python_operator.py
[2024-06-18T13:32:23.960+0530] {processor.py:830} INFO - Processing file /home/kiit/airflow-env/lib/python3.8/site-packages/airflow/example_dags/example_python_operator.py for tasks to queue
[2024-06-18T13:32:23.961+0530] {logging_mixin.py:188} INFO - [2024-06-18T13:32:23.961+0530] {dagbag.py:545} INFO - Filling up the DagBag from /home/kiit/airflow-env/lib/python3.8/site-packages/airflow/example_dags/example_python_operator.py
[2024-06-18T13:32:23.968+0530] {logging_mixin.py:188} INFO - [2024-06-18T13:32:23.968+0530] {example_python_operator.py:93} WARNING - The virtalenv_python example task requires virtualenv, please install it.
[2024-06-18T13:32:23.968+0530] {processor.py:840} INFO - DAG(s) 'example_python_operator' retrieved from /home/kiit/airflow-env/lib/python3.8/site-packages/airflow/example_dags/example_python_operator.py
[2024-06-18T13:32:23.984+0530] {logging_mixin.py:188} INFO - [2024-06-18T13:32:23.984+0530] {dag.py:3096} INFO - Sync 1 DAGs
[2024-06-18T13:32:23.993+0530] {logging_mixin.py:188} INFO - [2024-06-18T13:32:23.992+0530] {dag.py:3954} INFO - Setting next_dagrun for example_python_operator to None, run_after=None
[2024-06-18T13:32:24.011+0530] {processor.py:183} INFO - Processing /home/kiit/airflow-env/lib/python3.8/site-packages/airflow/example_dags/example_python_operator.py took 0.057 seconds
[2024-06-18T13:33:26.149+0530] {processor.py:161} INFO - Started process (PID=28723) to work on /home/kiit/airflow-env/lib/python3.8/site-packages/airflow/example_dags/example_python_operator.py
[2024-06-18T13:33:26.150+0530] {processor.py:830} INFO - Processing file /home/kiit/airflow-env/lib/python3.8/site-packages/airflow/example_dags/example_python_operator.py for tasks to queue
[2024-06-18T13:33:26.152+0530] {logging_mixin.py:188} INFO - [2024-06-18T13:33:26.152+0530] {dagbag.py:545} INFO - Filling up the DagBag from /home/kiit/airflow-env/lib/python3.8/site-packages/airflow/example_dags/example_python_operator.py
[2024-06-18T13:33:26.158+0530] {logging_mixin.py:188} INFO - [2024-06-18T13:33:26.157+0530] {example_python_operator.py:93} WARNING - The virtalenv_python example task requires virtualenv, please install it.
[2024-06-18T13:33:26.158+0530] {processor.py:840} INFO - DAG(s) 'example_python_operator' retrieved from /home/kiit/airflow-env/lib/python3.8/site-packages/airflow/example_dags/example_python_operator.py
[2024-06-18T13:33:26.172+0530] {logging_mixin.py:188} INFO - [2024-06-18T13:33:26.172+0530] {dag.py:3096} INFO - Sync 1 DAGs
[2024-06-18T13:33:26.182+0530] {logging_mixin.py:188} INFO - [2024-06-18T13:33:26.182+0530] {dag.py:3954} INFO - Setting next_dagrun for example_python_operator to None, run_after=None
[2024-06-18T13:33:26.209+0530] {processor.py:183} INFO - Processing /home/kiit/airflow-env/lib/python3.8/site-packages/airflow/example_dags/example_python_operator.py took 0.067 seconds
[2024-06-18T13:34:11.260+0530] {processor.py:161} INFO - Started process (PID=30431) to work on /home/kiit/airflow-env/lib/python3.8/site-packages/airflow/example_dags/example_python_operator.py
[2024-06-18T13:34:11.266+0530] {processor.py:830} INFO - Processing file /home/kiit/airflow-env/lib/python3.8/site-packages/airflow/example_dags/example_python_operator.py for tasks to queue
[2024-06-18T13:34:11.267+0530] {logging_mixin.py:188} INFO - [2024-06-18T13:34:11.267+0530] {dagbag.py:545} INFO - Filling up the DagBag from /home/kiit/airflow-env/lib/python3.8/site-packages/airflow/example_dags/example_python_operator.py
[2024-06-18T13:34:11.272+0530] {logging_mixin.py:188} INFO - [2024-06-18T13:34:11.272+0530] {example_python_operator.py:93} WARNING - The virtalenv_python example task requires virtualenv, please install it.
[2024-06-18T13:34:11.272+0530] {processor.py:840} INFO - DAG(s) 'example_python_operator' retrieved from /home/kiit/airflow-env/lib/python3.8/site-packages/airflow/example_dags/example_python_operator.py
[2024-06-18T13:34:11.284+0530] {logging_mixin.py:188} INFO - [2024-06-18T13:34:11.283+0530] {dag.py:3096} INFO - Sync 1 DAGs
[2024-06-18T13:34:11.291+0530] {logging_mixin.py:188} INFO - [2024-06-18T13:34:11.291+0530] {dag.py:3954} INFO - Setting next_dagrun for example_python_operator to None, run_after=None
[2024-06-18T13:34:11.309+0530] {processor.py:183} INFO - Processing /home/kiit/airflow-env/lib/python3.8/site-packages/airflow/example_dags/example_python_operator.py took 0.054 seconds
[2024-06-18T13:35:10.263+0530] {processor.py:161} INFO - Started process (PID=30506) to work on /home/kiit/airflow-env/lib/python3.8/site-packages/airflow/example_dags/example_python_operator.py
[2024-06-18T13:35:10.271+0530] {processor.py:830} INFO - Processing file /home/kiit/airflow-env/lib/python3.8/site-packages/airflow/example_dags/example_python_operator.py for tasks to queue
[2024-06-18T13:35:10.272+0530] {logging_mixin.py:188} INFO - [2024-06-18T13:35:10.272+0530] {dagbag.py:545} INFO - Filling up the DagBag from /home/kiit/airflow-env/lib/python3.8/site-packages/airflow/example_dags/example_python_operator.py
[2024-06-18T13:35:10.277+0530] {logging_mixin.py:188} INFO - [2024-06-18T13:35:10.277+0530] {example_python_operator.py:93} WARNING - The virtalenv_python example task requires virtualenv, please install it.
[2024-06-18T13:35:10.278+0530] {processor.py:840} INFO - DAG(s) 'example_python_operator' retrieved from /home/kiit/airflow-env/lib/python3.8/site-packages/airflow/example_dags/example_python_operator.py
[2024-06-18T13:35:10.294+0530] {logging_mixin.py:188} INFO - [2024-06-18T13:35:10.294+0530] {dag.py:3096} INFO - Sync 1 DAGs
[2024-06-18T13:35:10.304+0530] {logging_mixin.py:188} INFO - [2024-06-18T13:35:10.304+0530] {dag.py:3954} INFO - Setting next_dagrun for example_python_operator to None, run_after=None
[2024-06-18T13:35:10.327+0530] {processor.py:183} INFO - Processing /home/kiit/airflow-env/lib/python3.8/site-packages/airflow/example_dags/example_python_operator.py took 0.069 seconds
[2024-06-18T13:36:15.243+0530] {processor.py:161} INFO - Started process (PID=30577) to work on /home/kiit/airflow-env/lib/python3.8/site-packages/airflow/example_dags/example_python_operator.py
[2024-06-18T13:36:15.244+0530] {processor.py:830} INFO - Processing file /home/kiit/airflow-env/lib/python3.8/site-packages/airflow/example_dags/example_python_operator.py for tasks to queue
[2024-06-18T13:36:15.246+0530] {logging_mixin.py:188} INFO - [2024-06-18T13:36:15.246+0530] {dagbag.py:545} INFO - Filling up the DagBag from /home/kiit/airflow-env/lib/python3.8/site-packages/airflow/example_dags/example_python_operator.py
[2024-06-18T13:36:15.253+0530] {logging_mixin.py:188} INFO - [2024-06-18T13:36:15.253+0530] {example_python_operator.py:93} WARNING - The virtalenv_python example task requires virtualenv, please install it.
[2024-06-18T13:36:15.254+0530] {processor.py:840} INFO - DAG(s) 'example_python_operator' retrieved from /home/kiit/airflow-env/lib/python3.8/site-packages/airflow/example_dags/example_python_operator.py
[2024-06-18T13:36:15.268+0530] {logging_mixin.py:188} INFO - [2024-06-18T13:36:15.267+0530] {dag.py:3096} INFO - Sync 1 DAGs
[2024-06-18T13:36:15.277+0530] {logging_mixin.py:188} INFO - [2024-06-18T13:36:15.277+0530] {dag.py:3954} INFO - Setting next_dagrun for example_python_operator to None, run_after=None
[2024-06-18T13:36:15.297+0530] {processor.py:183} INFO - Processing /home/kiit/airflow-env/lib/python3.8/site-packages/airflow/example_dags/example_python_operator.py took 0.064 seconds
[2024-06-18T13:37:16.765+0530] {processor.py:161} INFO - Started process (PID=30654) to work on /home/kiit/airflow-env/lib/python3.8/site-packages/airflow/example_dags/example_python_operator.py
[2024-06-18T13:37:16.767+0530] {processor.py:830} INFO - Processing file /home/kiit/airflow-env/lib/python3.8/site-packages/airflow/example_dags/example_python_operator.py for tasks to queue
[2024-06-18T13:37:16.770+0530] {logging_mixin.py:188} INFO - [2024-06-18T13:37:16.769+0530] {dagbag.py:545} INFO - Filling up the DagBag from /home/kiit/airflow-env/lib/python3.8/site-packages/airflow/example_dags/example_python_operator.py
[2024-06-18T13:37:16.781+0530] {logging_mixin.py:188} INFO - [2024-06-18T13:37:16.781+0530] {example_python_operator.py:93} WARNING - The virtalenv_python example task requires virtualenv, please install it.
[2024-06-18T13:37:16.782+0530] {processor.py:840} INFO - DAG(s) 'example_python_operator' retrieved from /home/kiit/airflow-env/lib/python3.8/site-packages/airflow/example_dags/example_python_operator.py
[2024-06-18T13:37:16.796+0530] {logging_mixin.py:188} INFO - [2024-06-18T13:37:16.795+0530] {dag.py:3096} INFO - Sync 1 DAGs
[2024-06-18T13:37:16.807+0530] {logging_mixin.py:188} INFO - [2024-06-18T13:37:16.807+0530] {dag.py:3954} INFO - Setting next_dagrun for example_python_operator to None, run_after=None
[2024-06-18T13:37:16.829+0530] {processor.py:183} INFO - Processing /home/kiit/airflow-env/lib/python3.8/site-packages/airflow/example_dags/example_python_operator.py took 0.076 seconds
[2024-06-18T13:38:27.154+0530] {processor.py:161} INFO - Started process (PID=30726) to work on /home/kiit/airflow-env/lib/python3.8/site-packages/airflow/example_dags/example_python_operator.py
[2024-06-18T13:38:27.157+0530] {processor.py:830} INFO - Processing file /home/kiit/airflow-env/lib/python3.8/site-packages/airflow/example_dags/example_python_operator.py for tasks to queue
[2024-06-18T13:38:27.161+0530] {logging_mixin.py:188} INFO - [2024-06-18T13:38:27.160+0530] {dagbag.py:545} INFO - Filling up the DagBag from /home/kiit/airflow-env/lib/python3.8/site-packages/airflow/example_dags/example_python_operator.py
[2024-06-18T13:38:27.189+0530] {logging_mixin.py:188} INFO - [2024-06-18T13:38:27.189+0530] {example_python_operator.py:93} WARNING - The virtalenv_python example task requires virtualenv, please install it.
[2024-06-18T13:38:27.191+0530] {processor.py:840} INFO - DAG(s) 'example_python_operator' retrieved from /home/kiit/airflow-env/lib/python3.8/site-packages/airflow/example_dags/example_python_operator.py
[2024-06-18T13:38:27.252+0530] {logging_mixin.py:188} INFO - [2024-06-18T13:38:27.251+0530] {dag.py:3096} INFO - Sync 1 DAGs
[2024-06-18T13:38:27.289+0530] {logging_mixin.py:188} INFO - [2024-06-18T13:38:27.288+0530] {dag.py:3954} INFO - Setting next_dagrun for example_python_operator to None, run_after=None
[2024-06-18T13:38:27.356+0530] {processor.py:183} INFO - Processing /home/kiit/airflow-env/lib/python3.8/site-packages/airflow/example_dags/example_python_operator.py took 0.219 seconds
[2024-06-18T13:39:18.971+0530] {processor.py:161} INFO - Started process (PID=30785) to work on /home/kiit/airflow-env/lib/python3.8/site-packages/airflow/example_dags/example_python_operator.py
[2024-06-18T13:39:18.972+0530] {processor.py:830} INFO - Processing file /home/kiit/airflow-env/lib/python3.8/site-packages/airflow/example_dags/example_python_operator.py for tasks to queue
[2024-06-18T13:39:18.974+0530] {logging_mixin.py:188} INFO - [2024-06-18T13:39:18.973+0530] {dagbag.py:545} INFO - Filling up the DagBag from /home/kiit/airflow-env/lib/python3.8/site-packages/airflow/example_dags/example_python_operator.py
[2024-06-18T13:39:18.980+0530] {logging_mixin.py:188} INFO - [2024-06-18T13:39:18.979+0530] {example_python_operator.py:93} WARNING - The virtalenv_python example task requires virtualenv, please install it.
[2024-06-18T13:39:18.980+0530] {processor.py:840} INFO - DAG(s) 'example_python_operator' retrieved from /home/kiit/airflow-env/lib/python3.8/site-packages/airflow/example_dags/example_python_operator.py
[2024-06-18T13:39:18.993+0530] {logging_mixin.py:188} INFO - [2024-06-18T13:39:18.992+0530] {dag.py:3096} INFO - Sync 1 DAGs
[2024-06-18T13:39:19.000+0530] {logging_mixin.py:188} INFO - [2024-06-18T13:39:18.999+0530] {dag.py:3954} INFO - Setting next_dagrun for example_python_operator to None, run_after=None
[2024-06-18T13:39:19.019+0530] {processor.py:183} INFO - Processing /home/kiit/airflow-env/lib/python3.8/site-packages/airflow/example_dags/example_python_operator.py took 0.052 seconds
[2024-06-18T13:40:19.690+0530] {processor.py:161} INFO - Started process (PID=30927) to work on /home/kiit/airflow-env/lib/python3.8/site-packages/airflow/example_dags/example_python_operator.py
[2024-06-18T13:40:19.697+0530] {processor.py:830} INFO - Processing file /home/kiit/airflow-env/lib/python3.8/site-packages/airflow/example_dags/example_python_operator.py for tasks to queue
[2024-06-18T13:40:19.699+0530] {logging_mixin.py:188} INFO - [2024-06-18T13:40:19.698+0530] {dagbag.py:545} INFO - Filling up the DagBag from /home/kiit/airflow-env/lib/python3.8/site-packages/airflow/example_dags/example_python_operator.py
[2024-06-18T13:40:19.703+0530] {logging_mixin.py:188} INFO - [2024-06-18T13:40:19.703+0530] {example_python_operator.py:93} WARNING - The virtalenv_python example task requires virtualenv, please install it.
[2024-06-18T13:40:19.704+0530] {processor.py:840} INFO - DAG(s) 'example_python_operator' retrieved from /home/kiit/airflow-env/lib/python3.8/site-packages/airflow/example_dags/example_python_operator.py
[2024-06-18T13:40:19.717+0530] {logging_mixin.py:188} INFO - [2024-06-18T13:40:19.717+0530] {dag.py:3096} INFO - Sync 1 DAGs
[2024-06-18T13:40:19.724+0530] {logging_mixin.py:188} INFO - [2024-06-18T13:40:19.724+0530] {dag.py:3954} INFO - Setting next_dagrun for example_python_operator to None, run_after=None
[2024-06-18T13:40:19.740+0530] {processor.py:183} INFO - Processing /home/kiit/airflow-env/lib/python3.8/site-packages/airflow/example_dags/example_python_operator.py took 0.054 seconds
[2024-06-18T13:41:21.650+0530] {processor.py:161} INFO - Started process (PID=30997) to work on /home/kiit/airflow-env/lib/python3.8/site-packages/airflow/example_dags/example_python_operator.py
[2024-06-18T13:41:21.657+0530] {processor.py:830} INFO - Processing file /home/kiit/airflow-env/lib/python3.8/site-packages/airflow/example_dags/example_python_operator.py for tasks to queue
[2024-06-18T13:41:21.659+0530] {logging_mixin.py:188} INFO - [2024-06-18T13:41:21.659+0530] {dagbag.py:545} INFO - Filling up the DagBag from /home/kiit/airflow-env/lib/python3.8/site-packages/airflow/example_dags/example_python_operator.py
[2024-06-18T13:41:21.664+0530] {logging_mixin.py:188} INFO - [2024-06-18T13:41:21.664+0530] {example_python_operator.py:93} WARNING - The virtalenv_python example task requires virtualenv, please install it.
[2024-06-18T13:41:21.665+0530] {processor.py:840} INFO - DAG(s) 'example_python_operator' retrieved from /home/kiit/airflow-env/lib/python3.8/site-packages/airflow/example_dags/example_python_operator.py
[2024-06-18T13:41:21.678+0530] {logging_mixin.py:188} INFO - [2024-06-18T13:41:21.678+0530] {dag.py:3096} INFO - Sync 1 DAGs
[2024-06-18T13:41:21.687+0530] {logging_mixin.py:188} INFO - [2024-06-18T13:41:21.686+0530] {dag.py:3954} INFO - Setting next_dagrun for example_python_operator to None, run_after=None
[2024-06-18T13:41:21.709+0530] {processor.py:183} INFO - Processing /home/kiit/airflow-env/lib/python3.8/site-packages/airflow/example_dags/example_python_operator.py took 0.064 seconds
[2024-06-18T15:05:50.158+0530] {processor.py:161} INFO - Started process (PID=33626) to work on /home/kiit/airflow-env/lib/python3.8/site-packages/airflow/example_dags/example_python_operator.py
[2024-06-18T15:05:50.161+0530] {processor.py:830} INFO - Processing file /home/kiit/airflow-env/lib/python3.8/site-packages/airflow/example_dags/example_python_operator.py for tasks to queue
[2024-06-18T15:05:50.163+0530] {logging_mixin.py:188} INFO - [2024-06-18T15:05:50.162+0530] {dagbag.py:545} INFO - Filling up the DagBag from /home/kiit/airflow-env/lib/python3.8/site-packages/airflow/example_dags/example_python_operator.py
[2024-06-18T15:05:50.171+0530] {logging_mixin.py:188} INFO - [2024-06-18T15:05:50.171+0530] {example_python_operator.py:93} WARNING - The virtalenv_python example task requires virtualenv, please install it.
[2024-06-18T15:05:50.175+0530] {processor.py:840} INFO - DAG(s) 'example_python_operator' retrieved from /home/kiit/airflow-env/lib/python3.8/site-packages/airflow/example_dags/example_python_operator.py
[2024-06-18T15:05:50.189+0530] {logging_mixin.py:188} INFO - [2024-06-18T15:05:50.188+0530] {dag.py:3096} INFO - Sync 1 DAGs
[2024-06-18T15:05:50.203+0530] {logging_mixin.py:188} INFO - [2024-06-18T15:05:50.203+0530] {dag.py:3954} INFO - Setting next_dagrun for example_python_operator to None, run_after=None
[2024-06-18T15:05:50.231+0530] {processor.py:183} INFO - Processing /home/kiit/airflow-env/lib/python3.8/site-packages/airflow/example_dags/example_python_operator.py took 0.080 seconds
[2024-06-18T15:06:23.880+0530] {processor.py:161} INFO - Started process (PID=33685) to work on /home/kiit/airflow-env/lib/python3.8/site-packages/airflow/example_dags/example_python_operator.py
[2024-06-18T15:06:23.881+0530] {processor.py:830} INFO - Processing file /home/kiit/airflow-env/lib/python3.8/site-packages/airflow/example_dags/example_python_operator.py for tasks to queue
[2024-06-18T15:06:23.882+0530] {logging_mixin.py:188} INFO - [2024-06-18T15:06:23.882+0530] {dagbag.py:545} INFO - Filling up the DagBag from /home/kiit/airflow-env/lib/python3.8/site-packages/airflow/example_dags/example_python_operator.py
[2024-06-18T15:06:23.890+0530] {logging_mixin.py:188} INFO - [2024-06-18T15:06:23.889+0530] {example_python_operator.py:93} WARNING - The virtalenv_python example task requires virtualenv, please install it.
[2024-06-18T15:06:23.890+0530] {processor.py:840} INFO - DAG(s) 'example_python_operator' retrieved from /home/kiit/airflow-env/lib/python3.8/site-packages/airflow/example_dags/example_python_operator.py
[2024-06-18T15:06:24.084+0530] {logging_mixin.py:188} INFO - [2024-06-18T15:06:24.084+0530] {dag.py:3096} INFO - Sync 1 DAGs
[2024-06-18T15:06:24.095+0530] {logging_mixin.py:188} INFO - [2024-06-18T15:06:24.095+0530] {dag.py:3954} INFO - Setting next_dagrun for example_python_operator to None, run_after=None
[2024-06-18T15:06:24.132+0530] {processor.py:183} INFO - Processing /home/kiit/airflow-env/lib/python3.8/site-packages/airflow/example_dags/example_python_operator.py took 0.257 seconds
[2024-06-18T15:06:54.948+0530] {processor.py:161} INFO - Started process (PID=33744) to work on /home/kiit/airflow-env/lib/python3.8/site-packages/airflow/example_dags/example_python_operator.py
[2024-06-18T15:06:54.949+0530] {processor.py:830} INFO - Processing file /home/kiit/airflow-env/lib/python3.8/site-packages/airflow/example_dags/example_python_operator.py for tasks to queue
[2024-06-18T15:06:54.952+0530] {logging_mixin.py:188} INFO - [2024-06-18T15:06:54.951+0530] {dagbag.py:545} INFO - Filling up the DagBag from /home/kiit/airflow-env/lib/python3.8/site-packages/airflow/example_dags/example_python_operator.py
[2024-06-18T15:06:54.957+0530] {logging_mixin.py:188} INFO - [2024-06-18T15:06:54.957+0530] {example_python_operator.py:93} WARNING - The virtalenv_python example task requires virtualenv, please install it.
[2024-06-18T15:06:54.957+0530] {processor.py:840} INFO - DAG(s) 'example_python_operator' retrieved from /home/kiit/airflow-env/lib/python3.8/site-packages/airflow/example_dags/example_python_operator.py
[2024-06-18T15:06:54.981+0530] {logging_mixin.py:188} INFO - [2024-06-18T15:06:54.981+0530] {dag.py:3096} INFO - Sync 1 DAGs
[2024-06-18T15:06:54.991+0530] {logging_mixin.py:188} INFO - [2024-06-18T15:06:54.991+0530] {dag.py:3954} INFO - Setting next_dagrun for example_python_operator to None, run_after=None
[2024-06-18T15:06:55.022+0530] {processor.py:183} INFO - Processing /home/kiit/airflow-env/lib/python3.8/site-packages/airflow/example_dags/example_python_operator.py took 0.081 seconds
[2024-06-18T15:07:25.780+0530] {processor.py:161} INFO - Started process (PID=33803) to work on /home/kiit/airflow-env/lib/python3.8/site-packages/airflow/example_dags/example_python_operator.py
[2024-06-18T15:07:25.781+0530] {processor.py:830} INFO - Processing file /home/kiit/airflow-env/lib/python3.8/site-packages/airflow/example_dags/example_python_operator.py for tasks to queue
[2024-06-18T15:07:25.782+0530] {logging_mixin.py:188} INFO - [2024-06-18T15:07:25.782+0530] {dagbag.py:545} INFO - Filling up the DagBag from /home/kiit/airflow-env/lib/python3.8/site-packages/airflow/example_dags/example_python_operator.py
[2024-06-18T15:07:25.788+0530] {logging_mixin.py:188} INFO - [2024-06-18T15:07:25.788+0530] {example_python_operator.py:93} WARNING - The virtalenv_python example task requires virtualenv, please install it.
[2024-06-18T15:07:25.788+0530] {processor.py:840} INFO - DAG(s) 'example_python_operator' retrieved from /home/kiit/airflow-env/lib/python3.8/site-packages/airflow/example_dags/example_python_operator.py
[2024-06-18T15:07:25.809+0530] {logging_mixin.py:188} INFO - [2024-06-18T15:07:25.809+0530] {dag.py:3096} INFO - Sync 1 DAGs
[2024-06-18T15:07:25.819+0530] {logging_mixin.py:188} INFO - [2024-06-18T15:07:25.818+0530] {dag.py:3954} INFO - Setting next_dagrun for example_python_operator to None, run_after=None
[2024-06-18T15:07:25.845+0530] {processor.py:183} INFO - Processing /home/kiit/airflow-env/lib/python3.8/site-packages/airflow/example_dags/example_python_operator.py took 0.070 seconds
[2024-06-18T15:07:56.531+0530] {processor.py:161} INFO - Started process (PID=33862) to work on /home/kiit/airflow-env/lib/python3.8/site-packages/airflow/example_dags/example_python_operator.py
[2024-06-18T15:07:56.532+0530] {processor.py:830} INFO - Processing file /home/kiit/airflow-env/lib/python3.8/site-packages/airflow/example_dags/example_python_operator.py for tasks to queue
[2024-06-18T15:07:56.533+0530] {logging_mixin.py:188} INFO - [2024-06-18T15:07:56.533+0530] {dagbag.py:545} INFO - Filling up the DagBag from /home/kiit/airflow-env/lib/python3.8/site-packages/airflow/example_dags/example_python_operator.py
[2024-06-18T15:07:56.538+0530] {logging_mixin.py:188} INFO - [2024-06-18T15:07:56.538+0530] {example_python_operator.py:93} WARNING - The virtalenv_python example task requires virtualenv, please install it.
[2024-06-18T15:07:56.539+0530] {processor.py:840} INFO - DAG(s) 'example_python_operator' retrieved from /home/kiit/airflow-env/lib/python3.8/site-packages/airflow/example_dags/example_python_operator.py
[2024-06-18T15:07:56.559+0530] {logging_mixin.py:188} INFO - [2024-06-18T15:07:56.559+0530] {dag.py:3096} INFO - Sync 1 DAGs
[2024-06-18T15:07:56.568+0530] {logging_mixin.py:188} INFO - [2024-06-18T15:07:56.568+0530] {dag.py:3954} INFO - Setting next_dagrun for example_python_operator to None, run_after=None
[2024-06-18T15:07:56.591+0530] {processor.py:183} INFO - Processing /home/kiit/airflow-env/lib/python3.8/site-packages/airflow/example_dags/example_python_operator.py took 0.066 seconds
[2024-06-18T15:08:26.693+0530] {processor.py:161} INFO - Started process (PID=33921) to work on /home/kiit/airflow-env/lib/python3.8/site-packages/airflow/example_dags/example_python_operator.py
[2024-06-18T15:08:26.694+0530] {processor.py:830} INFO - Processing file /home/kiit/airflow-env/lib/python3.8/site-packages/airflow/example_dags/example_python_operator.py for tasks to queue
[2024-06-18T15:08:26.697+0530] {logging_mixin.py:188} INFO - [2024-06-18T15:08:26.697+0530] {dagbag.py:545} INFO - Filling up the DagBag from /home/kiit/airflow-env/lib/python3.8/site-packages/airflow/example_dags/example_python_operator.py
[2024-06-18T15:08:26.707+0530] {logging_mixin.py:188} INFO - [2024-06-18T15:08:26.707+0530] {example_python_operator.py:93} WARNING - The virtalenv_python example task requires virtualenv, please install it.
[2024-06-18T15:08:26.708+0530] {processor.py:840} INFO - DAG(s) 'example_python_operator' retrieved from /home/kiit/airflow-env/lib/python3.8/site-packages/airflow/example_dags/example_python_operator.py
[2024-06-18T15:08:26.734+0530] {logging_mixin.py:188} INFO - [2024-06-18T15:08:26.734+0530] {dag.py:3096} INFO - Sync 1 DAGs
[2024-06-18T15:08:26.753+0530] {logging_mixin.py:188} INFO - [2024-06-18T15:08:26.752+0530] {dag.py:3954} INFO - Setting next_dagrun for example_python_operator to None, run_after=None
[2024-06-18T15:08:26.781+0530] {processor.py:183} INFO - Processing /home/kiit/airflow-env/lib/python3.8/site-packages/airflow/example_dags/example_python_operator.py took 0.097 seconds
[2024-06-18T15:08:57.488+0530] {processor.py:161} INFO - Started process (PID=33982) to work on /home/kiit/airflow-env/lib/python3.8/site-packages/airflow/example_dags/example_python_operator.py
[2024-06-18T15:08:57.490+0530] {processor.py:830} INFO - Processing file /home/kiit/airflow-env/lib/python3.8/site-packages/airflow/example_dags/example_python_operator.py for tasks to queue
[2024-06-18T15:08:57.491+0530] {logging_mixin.py:188} INFO - [2024-06-18T15:08:57.491+0530] {dagbag.py:545} INFO - Filling up the DagBag from /home/kiit/airflow-env/lib/python3.8/site-packages/airflow/example_dags/example_python_operator.py
[2024-06-18T15:08:57.498+0530] {logging_mixin.py:188} INFO - [2024-06-18T15:08:57.498+0530] {example_python_operator.py:93} WARNING - The virtalenv_python example task requires virtualenv, please install it.
[2024-06-18T15:08:57.499+0530] {processor.py:840} INFO - DAG(s) 'example_python_operator' retrieved from /home/kiit/airflow-env/lib/python3.8/site-packages/airflow/example_dags/example_python_operator.py
[2024-06-18T15:08:57.517+0530] {logging_mixin.py:188} INFO - [2024-06-18T15:08:57.517+0530] {dag.py:3096} INFO - Sync 1 DAGs
[2024-06-18T15:08:57.527+0530] {logging_mixin.py:188} INFO - [2024-06-18T15:08:57.527+0530] {dag.py:3954} INFO - Setting next_dagrun for example_python_operator to None, run_after=None
[2024-06-18T15:08:57.548+0530] {processor.py:183} INFO - Processing /home/kiit/airflow-env/lib/python3.8/site-packages/airflow/example_dags/example_python_operator.py took 0.066 seconds
[2024-06-18T15:09:27.834+0530] {processor.py:161} INFO - Started process (PID=34042) to work on /home/kiit/airflow-env/lib/python3.8/site-packages/airflow/example_dags/example_python_operator.py
[2024-06-18T15:09:27.835+0530] {processor.py:830} INFO - Processing file /home/kiit/airflow-env/lib/python3.8/site-packages/airflow/example_dags/example_python_operator.py for tasks to queue
[2024-06-18T15:09:27.836+0530] {logging_mixin.py:188} INFO - [2024-06-18T15:09:27.836+0530] {dagbag.py:545} INFO - Filling up the DagBag from /home/kiit/airflow-env/lib/python3.8/site-packages/airflow/example_dags/example_python_operator.py
[2024-06-18T15:09:27.841+0530] {logging_mixin.py:188} INFO - [2024-06-18T15:09:27.841+0530] {example_python_operator.py:93} WARNING - The virtalenv_python example task requires virtualenv, please install it.
[2024-06-18T15:09:27.841+0530] {processor.py:840} INFO - DAG(s) 'example_python_operator' retrieved from /home/kiit/airflow-env/lib/python3.8/site-packages/airflow/example_dags/example_python_operator.py
[2024-06-18T15:09:27.858+0530] {logging_mixin.py:188} INFO - [2024-06-18T15:09:27.857+0530] {dag.py:3096} INFO - Sync 1 DAGs
[2024-06-18T15:09:27.867+0530] {logging_mixin.py:188} INFO - [2024-06-18T15:09:27.867+0530] {dag.py:3954} INFO - Setting next_dagrun for example_python_operator to None, run_after=None
[2024-06-18T15:09:27.892+0530] {processor.py:183} INFO - Processing /home/kiit/airflow-env/lib/python3.8/site-packages/airflow/example_dags/example_python_operator.py took 0.064 seconds
[2024-06-18T15:09:58.058+0530] {processor.py:161} INFO - Started process (PID=34100) to work on /home/kiit/airflow-env/lib/python3.8/site-packages/airflow/example_dags/example_python_operator.py
[2024-06-18T15:09:58.059+0530] {processor.py:830} INFO - Processing file /home/kiit/airflow-env/lib/python3.8/site-packages/airflow/example_dags/example_python_operator.py for tasks to queue
[2024-06-18T15:09:58.061+0530] {logging_mixin.py:188} INFO - [2024-06-18T15:09:58.060+0530] {dagbag.py:545} INFO - Filling up the DagBag from /home/kiit/airflow-env/lib/python3.8/site-packages/airflow/example_dags/example_python_operator.py
[2024-06-18T15:09:58.066+0530] {logging_mixin.py:188} INFO - [2024-06-18T15:09:58.066+0530] {example_python_operator.py:93} WARNING - The virtalenv_python example task requires virtualenv, please install it.
[2024-06-18T15:09:58.067+0530] {processor.py:840} INFO - DAG(s) 'example_python_operator' retrieved from /home/kiit/airflow-env/lib/python3.8/site-packages/airflow/example_dags/example_python_operator.py
[2024-06-18T15:09:58.085+0530] {logging_mixin.py:188} INFO - [2024-06-18T15:09:58.085+0530] {dag.py:3096} INFO - Sync 1 DAGs
[2024-06-18T15:09:58.095+0530] {logging_mixin.py:188} INFO - [2024-06-18T15:09:58.095+0530] {dag.py:3954} INFO - Setting next_dagrun for example_python_operator to None, run_after=None
[2024-06-18T15:09:58.114+0530] {processor.py:183} INFO - Processing /home/kiit/airflow-env/lib/python3.8/site-packages/airflow/example_dags/example_python_operator.py took 0.060 seconds
[2024-06-18T15:10:28.306+0530] {processor.py:161} INFO - Started process (PID=34160) to work on /home/kiit/airflow-env/lib/python3.8/site-packages/airflow/example_dags/example_python_operator.py
[2024-06-18T15:10:28.307+0530] {processor.py:830} INFO - Processing file /home/kiit/airflow-env/lib/python3.8/site-packages/airflow/example_dags/example_python_operator.py for tasks to queue
[2024-06-18T15:10:28.309+0530] {logging_mixin.py:188} INFO - [2024-06-18T15:10:28.308+0530] {dagbag.py:545} INFO - Filling up the DagBag from /home/kiit/airflow-env/lib/python3.8/site-packages/airflow/example_dags/example_python_operator.py
[2024-06-18T15:10:28.315+0530] {logging_mixin.py:188} INFO - [2024-06-18T15:10:28.315+0530] {example_python_operator.py:93} WARNING - The virtalenv_python example task requires virtualenv, please install it.
[2024-06-18T15:10:28.316+0530] {processor.py:840} INFO - DAG(s) 'example_python_operator' retrieved from /home/kiit/airflow-env/lib/python3.8/site-packages/airflow/example_dags/example_python_operator.py
[2024-06-18T15:10:28.337+0530] {logging_mixin.py:188} INFO - [2024-06-18T15:10:28.336+0530] {dag.py:3096} INFO - Sync 1 DAGs
[2024-06-18T15:10:28.348+0530] {logging_mixin.py:188} INFO - [2024-06-18T15:10:28.348+0530] {dag.py:3954} INFO - Setting next_dagrun for example_python_operator to None, run_after=None
[2024-06-18T15:10:28.370+0530] {processor.py:183} INFO - Processing /home/kiit/airflow-env/lib/python3.8/site-packages/airflow/example_dags/example_python_operator.py took 0.069 seconds
[2024-06-18T15:10:58.657+0530] {processor.py:161} INFO - Started process (PID=34219) to work on /home/kiit/airflow-env/lib/python3.8/site-packages/airflow/example_dags/example_python_operator.py
[2024-06-18T15:10:58.658+0530] {processor.py:830} INFO - Processing file /home/kiit/airflow-env/lib/python3.8/site-packages/airflow/example_dags/example_python_operator.py for tasks to queue
[2024-06-18T15:10:58.659+0530] {logging_mixin.py:188} INFO - [2024-06-18T15:10:58.659+0530] {dagbag.py:545} INFO - Filling up the DagBag from /home/kiit/airflow-env/lib/python3.8/site-packages/airflow/example_dags/example_python_operator.py
[2024-06-18T15:10:58.665+0530] {logging_mixin.py:188} INFO - [2024-06-18T15:10:58.665+0530] {example_python_operator.py:93} WARNING - The virtalenv_python example task requires virtualenv, please install it.
[2024-06-18T15:10:58.666+0530] {processor.py:840} INFO - DAG(s) 'example_python_operator' retrieved from /home/kiit/airflow-env/lib/python3.8/site-packages/airflow/example_dags/example_python_operator.py
[2024-06-18T15:10:58.683+0530] {logging_mixin.py:188} INFO - [2024-06-18T15:10:58.683+0530] {dag.py:3096} INFO - Sync 1 DAGs
[2024-06-18T15:10:58.693+0530] {logging_mixin.py:188} INFO - [2024-06-18T15:10:58.692+0530] {dag.py:3954} INFO - Setting next_dagrun for example_python_operator to None, run_after=None
[2024-06-18T15:10:58.713+0530] {processor.py:183} INFO - Processing /home/kiit/airflow-env/lib/python3.8/site-packages/airflow/example_dags/example_python_operator.py took 0.061 seconds
[2024-06-18T15:11:28.827+0530] {processor.py:161} INFO - Started process (PID=34278) to work on /home/kiit/airflow-env/lib/python3.8/site-packages/airflow/example_dags/example_python_operator.py
[2024-06-18T15:11:28.828+0530] {processor.py:830} INFO - Processing file /home/kiit/airflow-env/lib/python3.8/site-packages/airflow/example_dags/example_python_operator.py for tasks to queue
[2024-06-18T15:11:28.830+0530] {logging_mixin.py:188} INFO - [2024-06-18T15:11:28.829+0530] {dagbag.py:545} INFO - Filling up the DagBag from /home/kiit/airflow-env/lib/python3.8/site-packages/airflow/example_dags/example_python_operator.py
[2024-06-18T15:11:28.834+0530] {logging_mixin.py:188} INFO - [2024-06-18T15:11:28.834+0530] {example_python_operator.py:93} WARNING - The virtalenv_python example task requires virtualenv, please install it.
[2024-06-18T15:11:28.835+0530] {processor.py:840} INFO - DAG(s) 'example_python_operator' retrieved from /home/kiit/airflow-env/lib/python3.8/site-packages/airflow/example_dags/example_python_operator.py
[2024-06-18T15:11:28.852+0530] {logging_mixin.py:188} INFO - [2024-06-18T15:11:28.852+0530] {dag.py:3096} INFO - Sync 1 DAGs
[2024-06-18T15:11:28.861+0530] {logging_mixin.py:188} INFO - [2024-06-18T15:11:28.861+0530] {dag.py:3954} INFO - Setting next_dagrun for example_python_operator to None, run_after=None
[2024-06-18T15:11:28.882+0530] {processor.py:183} INFO - Processing /home/kiit/airflow-env/lib/python3.8/site-packages/airflow/example_dags/example_python_operator.py took 0.060 seconds
[2024-06-18T15:11:59.038+0530] {processor.py:161} INFO - Started process (PID=34337) to work on /home/kiit/airflow-env/lib/python3.8/site-packages/airflow/example_dags/example_python_operator.py
[2024-06-18T15:11:59.040+0530] {processor.py:830} INFO - Processing file /home/kiit/airflow-env/lib/python3.8/site-packages/airflow/example_dags/example_python_operator.py for tasks to queue
[2024-06-18T15:11:59.041+0530] {logging_mixin.py:188} INFO - [2024-06-18T15:11:59.041+0530] {dagbag.py:545} INFO - Filling up the DagBag from /home/kiit/airflow-env/lib/python3.8/site-packages/airflow/example_dags/example_python_operator.py
[2024-06-18T15:11:59.048+0530] {logging_mixin.py:188} INFO - [2024-06-18T15:11:59.048+0530] {example_python_operator.py:93} WARNING - The virtalenv_python example task requires virtualenv, please install it.
[2024-06-18T15:11:59.048+0530] {processor.py:840} INFO - DAG(s) 'example_python_operator' retrieved from /home/kiit/airflow-env/lib/python3.8/site-packages/airflow/example_dags/example_python_operator.py
[2024-06-18T15:11:59.068+0530] {logging_mixin.py:188} INFO - [2024-06-18T15:11:59.068+0530] {dag.py:3096} INFO - Sync 1 DAGs
[2024-06-18T15:11:59.077+0530] {logging_mixin.py:188} INFO - [2024-06-18T15:11:59.077+0530] {dag.py:3954} INFO - Setting next_dagrun for example_python_operator to None, run_after=None
[2024-06-18T15:11:59.098+0530] {processor.py:183} INFO - Processing /home/kiit/airflow-env/lib/python3.8/site-packages/airflow/example_dags/example_python_operator.py took 0.067 seconds
[2024-06-18T15:12:29.380+0530] {processor.py:161} INFO - Started process (PID=34397) to work on /home/kiit/airflow-env/lib/python3.8/site-packages/airflow/example_dags/example_python_operator.py
[2024-06-18T15:12:29.381+0530] {processor.py:830} INFO - Processing file /home/kiit/airflow-env/lib/python3.8/site-packages/airflow/example_dags/example_python_operator.py for tasks to queue
[2024-06-18T15:12:29.382+0530] {logging_mixin.py:188} INFO - [2024-06-18T15:12:29.382+0530] {dagbag.py:545} INFO - Filling up the DagBag from /home/kiit/airflow-env/lib/python3.8/site-packages/airflow/example_dags/example_python_operator.py
[2024-06-18T15:12:29.389+0530] {logging_mixin.py:188} INFO - [2024-06-18T15:12:29.389+0530] {example_python_operator.py:93} WARNING - The virtalenv_python example task requires virtualenv, please install it.
[2024-06-18T15:12:29.389+0530] {processor.py:840} INFO - DAG(s) 'example_python_operator' retrieved from /home/kiit/airflow-env/lib/python3.8/site-packages/airflow/example_dags/example_python_operator.py
[2024-06-18T15:12:29.411+0530] {logging_mixin.py:188} INFO - [2024-06-18T15:12:29.411+0530] {dag.py:3096} INFO - Sync 1 DAGs
[2024-06-18T15:12:29.423+0530] {logging_mixin.py:188} INFO - [2024-06-18T15:12:29.422+0530] {dag.py:3954} INFO - Setting next_dagrun for example_python_operator to None, run_after=None
[2024-06-18T15:12:29.442+0530] {processor.py:183} INFO - Processing /home/kiit/airflow-env/lib/python3.8/site-packages/airflow/example_dags/example_python_operator.py took 0.067 seconds
[2024-06-18T15:12:59.702+0530] {processor.py:161} INFO - Started process (PID=34456) to work on /home/kiit/airflow-env/lib/python3.8/site-packages/airflow/example_dags/example_python_operator.py
[2024-06-18T15:12:59.703+0530] {processor.py:830} INFO - Processing file /home/kiit/airflow-env/lib/python3.8/site-packages/airflow/example_dags/example_python_operator.py for tasks to queue
[2024-06-18T15:12:59.704+0530] {logging_mixin.py:188} INFO - [2024-06-18T15:12:59.704+0530] {dagbag.py:545} INFO - Filling up the DagBag from /home/kiit/airflow-env/lib/python3.8/site-packages/airflow/example_dags/example_python_operator.py
[2024-06-18T15:12:59.709+0530] {logging_mixin.py:188} INFO - [2024-06-18T15:12:59.709+0530] {example_python_operator.py:93} WARNING - The virtalenv_python example task requires virtualenv, please install it.
[2024-06-18T15:12:59.710+0530] {processor.py:840} INFO - DAG(s) 'example_python_operator' retrieved from /home/kiit/airflow-env/lib/python3.8/site-packages/airflow/example_dags/example_python_operator.py
[2024-06-18T15:12:59.727+0530] {logging_mixin.py:188} INFO - [2024-06-18T15:12:59.727+0530] {dag.py:3096} INFO - Sync 1 DAGs
[2024-06-18T15:12:59.737+0530] {logging_mixin.py:188} INFO - [2024-06-18T15:12:59.737+0530] {dag.py:3954} INFO - Setting next_dagrun for example_python_operator to None, run_after=None
[2024-06-18T15:12:59.756+0530] {processor.py:183} INFO - Processing /home/kiit/airflow-env/lib/python3.8/site-packages/airflow/example_dags/example_python_operator.py took 0.059 seconds
[2024-06-18T15:13:29.979+0530] {processor.py:161} INFO - Started process (PID=34515) to work on /home/kiit/airflow-env/lib/python3.8/site-packages/airflow/example_dags/example_python_operator.py
[2024-06-18T15:13:29.981+0530] {processor.py:830} INFO - Processing file /home/kiit/airflow-env/lib/python3.8/site-packages/airflow/example_dags/example_python_operator.py for tasks to queue
[2024-06-18T15:13:29.982+0530] {logging_mixin.py:188} INFO - [2024-06-18T15:13:29.982+0530] {dagbag.py:545} INFO - Filling up the DagBag from /home/kiit/airflow-env/lib/python3.8/site-packages/airflow/example_dags/example_python_operator.py
[2024-06-18T15:13:29.988+0530] {logging_mixin.py:188} INFO - [2024-06-18T15:13:29.988+0530] {example_python_operator.py:93} WARNING - The virtalenv_python example task requires virtualenv, please install it.
[2024-06-18T15:13:29.988+0530] {processor.py:840} INFO - DAG(s) 'example_python_operator' retrieved from /home/kiit/airflow-env/lib/python3.8/site-packages/airflow/example_dags/example_python_operator.py
[2024-06-18T15:13:30.007+0530] {logging_mixin.py:188} INFO - [2024-06-18T15:13:30.007+0530] {dag.py:3096} INFO - Sync 1 DAGs
[2024-06-18T15:13:30.017+0530] {logging_mixin.py:188} INFO - [2024-06-18T15:13:30.017+0530] {dag.py:3954} INFO - Setting next_dagrun for example_python_operator to None, run_after=None
[2024-06-18T15:13:30.037+0530] {processor.py:183} INFO - Processing /home/kiit/airflow-env/lib/python3.8/site-packages/airflow/example_dags/example_python_operator.py took 0.062 seconds
[2024-06-18T15:14:00.269+0530] {processor.py:161} INFO - Started process (PID=34574) to work on /home/kiit/airflow-env/lib/python3.8/site-packages/airflow/example_dags/example_python_operator.py
[2024-06-18T15:14:00.270+0530] {processor.py:830} INFO - Processing file /home/kiit/airflow-env/lib/python3.8/site-packages/airflow/example_dags/example_python_operator.py for tasks to queue
[2024-06-18T15:14:00.271+0530] {logging_mixin.py:188} INFO - [2024-06-18T15:14:00.271+0530] {dagbag.py:545} INFO - Filling up the DagBag from /home/kiit/airflow-env/lib/python3.8/site-packages/airflow/example_dags/example_python_operator.py
[2024-06-18T15:14:00.276+0530] {logging_mixin.py:188} INFO - [2024-06-18T15:14:00.275+0530] {example_python_operator.py:93} WARNING - The virtalenv_python example task requires virtualenv, please install it.
[2024-06-18T15:14:00.276+0530] {processor.py:840} INFO - DAG(s) 'example_python_operator' retrieved from /home/kiit/airflow-env/lib/python3.8/site-packages/airflow/example_dags/example_python_operator.py
[2024-06-18T15:14:00.293+0530] {logging_mixin.py:188} INFO - [2024-06-18T15:14:00.293+0530] {dag.py:3096} INFO - Sync 1 DAGs
[2024-06-18T15:14:00.302+0530] {logging_mixin.py:188} INFO - [2024-06-18T15:14:00.302+0530] {dag.py:3954} INFO - Setting next_dagrun for example_python_operator to None, run_after=None
[2024-06-18T15:14:00.321+0530] {processor.py:183} INFO - Processing /home/kiit/airflow-env/lib/python3.8/site-packages/airflow/example_dags/example_python_operator.py took 0.057 seconds
[2024-06-18T15:14:30.604+0530] {processor.py:161} INFO - Started process (PID=34633) to work on /home/kiit/airflow-env/lib/python3.8/site-packages/airflow/example_dags/example_python_operator.py
[2024-06-18T15:14:30.605+0530] {processor.py:830} INFO - Processing file /home/kiit/airflow-env/lib/python3.8/site-packages/airflow/example_dags/example_python_operator.py for tasks to queue
[2024-06-18T15:14:30.606+0530] {logging_mixin.py:188} INFO - [2024-06-18T15:14:30.606+0530] {dagbag.py:545} INFO - Filling up the DagBag from /home/kiit/airflow-env/lib/python3.8/site-packages/airflow/example_dags/example_python_operator.py
[2024-06-18T15:14:30.612+0530] {logging_mixin.py:188} INFO - [2024-06-18T15:14:30.612+0530] {example_python_operator.py:93} WARNING - The virtalenv_python example task requires virtualenv, please install it.
[2024-06-18T15:14:30.613+0530] {processor.py:840} INFO - DAG(s) 'example_python_operator' retrieved from /home/kiit/airflow-env/lib/python3.8/site-packages/airflow/example_dags/example_python_operator.py
[2024-06-18T15:14:30.629+0530] {logging_mixin.py:188} INFO - [2024-06-18T15:14:30.629+0530] {dag.py:3096} INFO - Sync 1 DAGs
[2024-06-18T15:14:30.638+0530] {logging_mixin.py:188} INFO - [2024-06-18T15:14:30.638+0530] {dag.py:3954} INFO - Setting next_dagrun for example_python_operator to None, run_after=None
[2024-06-18T15:14:30.658+0530] {processor.py:183} INFO - Processing /home/kiit/airflow-env/lib/python3.8/site-packages/airflow/example_dags/example_python_operator.py took 0.059 seconds
[2024-06-18T15:15:00.965+0530] {processor.py:161} INFO - Started process (PID=34692) to work on /home/kiit/airflow-env/lib/python3.8/site-packages/airflow/example_dags/example_python_operator.py
[2024-06-18T15:15:00.966+0530] {processor.py:830} INFO - Processing file /home/kiit/airflow-env/lib/python3.8/site-packages/airflow/example_dags/example_python_operator.py for tasks to queue
[2024-06-18T15:15:00.967+0530] {logging_mixin.py:188} INFO - [2024-06-18T15:15:00.967+0530] {dagbag.py:545} INFO - Filling up the DagBag from /home/kiit/airflow-env/lib/python3.8/site-packages/airflow/example_dags/example_python_operator.py
[2024-06-18T15:15:00.972+0530] {logging_mixin.py:188} INFO - [2024-06-18T15:15:00.972+0530] {example_python_operator.py:93} WARNING - The virtalenv_python example task requires virtualenv, please install it.
[2024-06-18T15:15:00.972+0530] {processor.py:840} INFO - DAG(s) 'example_python_operator' retrieved from /home/kiit/airflow-env/lib/python3.8/site-packages/airflow/example_dags/example_python_operator.py
[2024-06-18T15:15:00.989+0530] {logging_mixin.py:188} INFO - [2024-06-18T15:15:00.989+0530] {dag.py:3096} INFO - Sync 1 DAGs
[2024-06-18T15:15:00.998+0530] {logging_mixin.py:188} INFO - [2024-06-18T15:15:00.998+0530] {dag.py:3954} INFO - Setting next_dagrun for example_python_operator to None, run_after=None
[2024-06-18T15:15:01.022+0530] {processor.py:183} INFO - Processing /home/kiit/airflow-env/lib/python3.8/site-packages/airflow/example_dags/example_python_operator.py took 0.061 seconds
[2024-06-18T15:15:31.221+0530] {processor.py:161} INFO - Started process (PID=34751) to work on /home/kiit/airflow-env/lib/python3.8/site-packages/airflow/example_dags/example_python_operator.py
[2024-06-18T15:15:31.222+0530] {processor.py:830} INFO - Processing file /home/kiit/airflow-env/lib/python3.8/site-packages/airflow/example_dags/example_python_operator.py for tasks to queue
[2024-06-18T15:15:31.224+0530] {logging_mixin.py:188} INFO - [2024-06-18T15:15:31.224+0530] {dagbag.py:545} INFO - Filling up the DagBag from /home/kiit/airflow-env/lib/python3.8/site-packages/airflow/example_dags/example_python_operator.py
[2024-06-18T15:15:31.229+0530] {logging_mixin.py:188} INFO - [2024-06-18T15:15:31.229+0530] {example_python_operator.py:93} WARNING - The virtalenv_python example task requires virtualenv, please install it.
[2024-06-18T15:15:31.230+0530] {processor.py:840} INFO - DAG(s) 'example_python_operator' retrieved from /home/kiit/airflow-env/lib/python3.8/site-packages/airflow/example_dags/example_python_operator.py
[2024-06-18T15:15:31.248+0530] {logging_mixin.py:188} INFO - [2024-06-18T15:15:31.248+0530] {dag.py:3096} INFO - Sync 1 DAGs
[2024-06-18T15:15:31.256+0530] {logging_mixin.py:188} INFO - [2024-06-18T15:15:31.256+0530] {dag.py:3954} INFO - Setting next_dagrun for example_python_operator to None, run_after=None
[2024-06-18T15:15:31.275+0530] {processor.py:183} INFO - Processing /home/kiit/airflow-env/lib/python3.8/site-packages/airflow/example_dags/example_python_operator.py took 0.058 seconds
[2024-06-18T15:16:01.485+0530] {processor.py:161} INFO - Started process (PID=34810) to work on /home/kiit/airflow-env/lib/python3.8/site-packages/airflow/example_dags/example_python_operator.py
[2024-06-18T15:16:01.486+0530] {processor.py:830} INFO - Processing file /home/kiit/airflow-env/lib/python3.8/site-packages/airflow/example_dags/example_python_operator.py for tasks to queue
[2024-06-18T15:16:01.487+0530] {logging_mixin.py:188} INFO - [2024-06-18T15:16:01.487+0530] {dagbag.py:545} INFO - Filling up the DagBag from /home/kiit/airflow-env/lib/python3.8/site-packages/airflow/example_dags/example_python_operator.py
[2024-06-18T15:16:01.492+0530] {logging_mixin.py:188} INFO - [2024-06-18T15:16:01.492+0530] {example_python_operator.py:93} WARNING - The virtalenv_python example task requires virtualenv, please install it.
[2024-06-18T15:16:01.493+0530] {processor.py:840} INFO - DAG(s) 'example_python_operator' retrieved from /home/kiit/airflow-env/lib/python3.8/site-packages/airflow/example_dags/example_python_operator.py
[2024-06-18T15:16:01.512+0530] {logging_mixin.py:188} INFO - [2024-06-18T15:16:01.511+0530] {dag.py:3096} INFO - Sync 1 DAGs
[2024-06-18T15:16:01.529+0530] {logging_mixin.py:188} INFO - [2024-06-18T15:16:01.529+0530] {dag.py:3954} INFO - Setting next_dagrun for example_python_operator to None, run_after=None
[2024-06-18T15:16:01.555+0530] {processor.py:183} INFO - Processing /home/kiit/airflow-env/lib/python3.8/site-packages/airflow/example_dags/example_python_operator.py took 0.074 seconds
[2024-06-18T15:16:32.470+0530] {processor.py:161} INFO - Started process (PID=34893) to work on /home/kiit/airflow-env/lib/python3.8/site-packages/airflow/example_dags/example_python_operator.py
[2024-06-18T15:16:32.471+0530] {processor.py:830} INFO - Processing file /home/kiit/airflow-env/lib/python3.8/site-packages/airflow/example_dags/example_python_operator.py for tasks to queue
[2024-06-18T15:16:32.472+0530] {logging_mixin.py:188} INFO - [2024-06-18T15:16:32.472+0530] {dagbag.py:545} INFO - Filling up the DagBag from /home/kiit/airflow-env/lib/python3.8/site-packages/airflow/example_dags/example_python_operator.py
[2024-06-18T15:16:32.477+0530] {logging_mixin.py:188} INFO - [2024-06-18T15:16:32.477+0530] {example_python_operator.py:93} WARNING - The virtalenv_python example task requires virtualenv, please install it.
[2024-06-18T15:16:32.477+0530] {processor.py:840} INFO - DAG(s) 'example_python_operator' retrieved from /home/kiit/airflow-env/lib/python3.8/site-packages/airflow/example_dags/example_python_operator.py
[2024-06-18T15:16:32.550+0530] {logging_mixin.py:188} INFO - [2024-06-18T15:16:32.550+0530] {dag.py:3096} INFO - Sync 1 DAGs
[2024-06-18T15:16:32.559+0530] {logging_mixin.py:188} INFO - [2024-06-18T15:16:32.559+0530] {dag.py:3954} INFO - Setting next_dagrun for example_python_operator to None, run_after=None
[2024-06-18T15:16:32.581+0530] {processor.py:183} INFO - Processing /home/kiit/airflow-env/lib/python3.8/site-packages/airflow/example_dags/example_python_operator.py took 0.118 seconds
