[2024-06-18T13:05:36.266+0530] {processor.py:161} INFO - Started process (PID=25335) to work on /home/kiit/airflow-env/lib/python3.8/site-packages/airflow/example_dags/example_kubernetes_executor.py
[2024-06-18T13:05:36.267+0530] {processor.py:830} INFO - Processing file /home/kiit/airflow-env/lib/python3.8/site-packages/airflow/example_dags/example_kubernetes_executor.py for tasks to queue
[2024-06-18T13:05:36.269+0530] {logging_mixin.py:188} INFO - [2024-06-18T13:05:36.269+0530] {dagbag.py:545} INFO - Filling up the DagBag from /home/kiit/airflow-env/lib/python3.8/site-packages/airflow/example_dags/example_kubernetes_executor.py
[2024-06-18T13:05:36.274+0530] {logging_mixin.py:188} INFO - [2024-06-18T13:05:36.273+0530] {example_kubernetes_executor.py:39} WARNING - The example_kubernetes_executor example DAG requires the kubernetes provider. Please install it with: pip install apache-airflow[cncf.kubernetes]
[2024-06-18T13:05:36.274+0530] {processor.py:842} WARNING - No viable dags retrieved from /home/kiit/airflow-env/lib/python3.8/site-packages/airflow/example_dags/example_kubernetes_executor.py
[2024-06-18T13:05:36.287+0530] {processor.py:183} INFO - Processing /home/kiit/airflow-env/lib/python3.8/site-packages/airflow/example_dags/example_kubernetes_executor.py took 0.029 seconds
[2024-06-18T13:06:33.314+0530] {processor.py:161} INFO - Started process (PID=25410) to work on /home/kiit/airflow-env/lib/python3.8/site-packages/airflow/example_dags/example_kubernetes_executor.py
[2024-06-18T13:06:33.316+0530] {processor.py:830} INFO - Processing file /home/kiit/airflow-env/lib/python3.8/site-packages/airflow/example_dags/example_kubernetes_executor.py for tasks to queue
[2024-06-18T13:06:33.317+0530] {logging_mixin.py:188} INFO - [2024-06-18T13:06:33.317+0530] {dagbag.py:545} INFO - Filling up the DagBag from /home/kiit/airflow-env/lib/python3.8/site-packages/airflow/example_dags/example_kubernetes_executor.py
[2024-06-18T13:06:33.319+0530] {logging_mixin.py:188} INFO - [2024-06-18T13:06:33.319+0530] {example_kubernetes_executor.py:39} WARNING - The example_kubernetes_executor example DAG requires the kubernetes provider. Please install it with: pip install apache-airflow[cncf.kubernetes]
[2024-06-18T13:06:33.319+0530] {processor.py:842} WARNING - No viable dags retrieved from /home/kiit/airflow-env/lib/python3.8/site-packages/airflow/example_dags/example_kubernetes_executor.py
[2024-06-18T13:06:33.329+0530] {processor.py:183} INFO - Processing /home/kiit/airflow-env/lib/python3.8/site-packages/airflow/example_dags/example_kubernetes_executor.py took 0.019 seconds
[2024-06-18T13:07:19.124+0530] {processor.py:161} INFO - Started process (PID=25468) to work on /home/kiit/airflow-env/lib/python3.8/site-packages/airflow/example_dags/example_kubernetes_executor.py
[2024-06-18T13:07:19.131+0530] {processor.py:830} INFO - Processing file /home/kiit/airflow-env/lib/python3.8/site-packages/airflow/example_dags/example_kubernetes_executor.py for tasks to queue
[2024-06-18T13:07:19.133+0530] {logging_mixin.py:188} INFO - [2024-06-18T13:07:19.132+0530] {dagbag.py:545} INFO - Filling up the DagBag from /home/kiit/airflow-env/lib/python3.8/site-packages/airflow/example_dags/example_kubernetes_executor.py
[2024-06-18T13:07:19.134+0530] {logging_mixin.py:188} INFO - [2024-06-18T13:07:19.134+0530] {example_kubernetes_executor.py:39} WARNING - The example_kubernetes_executor example DAG requires the kubernetes provider. Please install it with: pip install apache-airflow[cncf.kubernetes]
[2024-06-18T13:07:19.135+0530] {processor.py:842} WARNING - No viable dags retrieved from /home/kiit/airflow-env/lib/python3.8/site-packages/airflow/example_dags/example_kubernetes_executor.py
[2024-06-18T13:07:19.141+0530] {processor.py:183} INFO - Processing /home/kiit/airflow-env/lib/python3.8/site-packages/airflow/example_dags/example_kubernetes_executor.py took 0.021 seconds
[2024-06-18T13:08:15.647+0530] {processor.py:161} INFO - Started process (PID=25520) to work on /home/kiit/airflow-env/lib/python3.8/site-packages/airflow/example_dags/example_kubernetes_executor.py
[2024-06-18T13:08:15.649+0530] {processor.py:830} INFO - Processing file /home/kiit/airflow-env/lib/python3.8/site-packages/airflow/example_dags/example_kubernetes_executor.py for tasks to queue
[2024-06-18T13:08:15.650+0530] {logging_mixin.py:188} INFO - [2024-06-18T13:08:15.650+0530] {dagbag.py:545} INFO - Filling up the DagBag from /home/kiit/airflow-env/lib/python3.8/site-packages/airflow/example_dags/example_kubernetes_executor.py
[2024-06-18T13:08:15.654+0530] {logging_mixin.py:188} INFO - [2024-06-18T13:08:15.654+0530] {example_kubernetes_executor.py:39} WARNING - The example_kubernetes_executor example DAG requires the kubernetes provider. Please install it with: pip install apache-airflow[cncf.kubernetes]
[2024-06-18T13:08:15.654+0530] {processor.py:842} WARNING - No viable dags retrieved from /home/kiit/airflow-env/lib/python3.8/site-packages/airflow/example_dags/example_kubernetes_executor.py
[2024-06-18T13:08:15.666+0530] {processor.py:183} INFO - Processing /home/kiit/airflow-env/lib/python3.8/site-packages/airflow/example_dags/example_kubernetes_executor.py took 0.026 seconds
[2024-06-18T13:09:03.354+0530] {processor.py:161} INFO - Started process (PID=25578) to work on /home/kiit/airflow-env/lib/python3.8/site-packages/airflow/example_dags/example_kubernetes_executor.py
[2024-06-18T13:09:03.355+0530] {processor.py:830} INFO - Processing file /home/kiit/airflow-env/lib/python3.8/site-packages/airflow/example_dags/example_kubernetes_executor.py for tasks to queue
[2024-06-18T13:09:03.357+0530] {logging_mixin.py:188} INFO - [2024-06-18T13:09:03.356+0530] {dagbag.py:545} INFO - Filling up the DagBag from /home/kiit/airflow-env/lib/python3.8/site-packages/airflow/example_dags/example_kubernetes_executor.py
[2024-06-18T13:09:03.358+0530] {logging_mixin.py:188} INFO - [2024-06-18T13:09:03.358+0530] {example_kubernetes_executor.py:39} WARNING - The example_kubernetes_executor example DAG requires the kubernetes provider. Please install it with: pip install apache-airflow[cncf.kubernetes]
[2024-06-18T13:09:03.358+0530] {processor.py:842} WARNING - No viable dags retrieved from /home/kiit/airflow-env/lib/python3.8/site-packages/airflow/example_dags/example_kubernetes_executor.py
[2024-06-18T13:09:03.366+0530] {processor.py:183} INFO - Processing /home/kiit/airflow-env/lib/python3.8/site-packages/airflow/example_dags/example_kubernetes_executor.py took 0.018 seconds
[2024-06-18T13:09:52.813+0530] {processor.py:161} INFO - Started process (PID=25637) to work on /home/kiit/airflow-env/lib/python3.8/site-packages/airflow/example_dags/example_kubernetes_executor.py
[2024-06-18T13:09:52.824+0530] {processor.py:830} INFO - Processing file /home/kiit/airflow-env/lib/python3.8/site-packages/airflow/example_dags/example_kubernetes_executor.py for tasks to queue
[2024-06-18T13:09:52.827+0530] {logging_mixin.py:188} INFO - [2024-06-18T13:09:52.826+0530] {dagbag.py:545} INFO - Filling up the DagBag from /home/kiit/airflow-env/lib/python3.8/site-packages/airflow/example_dags/example_kubernetes_executor.py
[2024-06-18T13:09:52.842+0530] {logging_mixin.py:188} INFO - [2024-06-18T13:09:52.842+0530] {example_kubernetes_executor.py:39} WARNING - The example_kubernetes_executor example DAG requires the kubernetes provider. Please install it with: pip install apache-airflow[cncf.kubernetes]
[2024-06-18T13:09:52.843+0530] {processor.py:842} WARNING - No viable dags retrieved from /home/kiit/airflow-env/lib/python3.8/site-packages/airflow/example_dags/example_kubernetes_executor.py
[2024-06-18T13:09:52.891+0530] {processor.py:183} INFO - Processing /home/kiit/airflow-env/lib/python3.8/site-packages/airflow/example_dags/example_kubernetes_executor.py took 0.099 seconds
[2024-06-18T13:10:37.749+0530] {processor.py:161} INFO - Started process (PID=25687) to work on /home/kiit/airflow-env/lib/python3.8/site-packages/airflow/example_dags/example_kubernetes_executor.py
[2024-06-18T13:10:37.750+0530] {processor.py:830} INFO - Processing file /home/kiit/airflow-env/lib/python3.8/site-packages/airflow/example_dags/example_kubernetes_executor.py for tasks to queue
[2024-06-18T13:10:37.761+0530] {logging_mixin.py:188} INFO - [2024-06-18T13:10:37.761+0530] {dagbag.py:545} INFO - Filling up the DagBag from /home/kiit/airflow-env/lib/python3.8/site-packages/airflow/example_dags/example_kubernetes_executor.py
[2024-06-18T13:10:37.765+0530] {logging_mixin.py:188} INFO - [2024-06-18T13:10:37.765+0530] {example_kubernetes_executor.py:39} WARNING - The example_kubernetes_executor example DAG requires the kubernetes provider. Please install it with: pip install apache-airflow[cncf.kubernetes]
[2024-06-18T13:10:37.765+0530] {processor.py:842} WARNING - No viable dags retrieved from /home/kiit/airflow-env/lib/python3.8/site-packages/airflow/example_dags/example_kubernetes_executor.py
[2024-06-18T13:10:37.786+0530] {processor.py:183} INFO - Processing /home/kiit/airflow-env/lib/python3.8/site-packages/airflow/example_dags/example_kubernetes_executor.py took 0.044 seconds
[2024-06-18T13:11:26.699+0530] {processor.py:161} INFO - Started process (PID=25740) to work on /home/kiit/airflow-env/lib/python3.8/site-packages/airflow/example_dags/example_kubernetes_executor.py
[2024-06-18T13:11:26.701+0530] {processor.py:830} INFO - Processing file /home/kiit/airflow-env/lib/python3.8/site-packages/airflow/example_dags/example_kubernetes_executor.py for tasks to queue
[2024-06-18T13:11:26.703+0530] {logging_mixin.py:188} INFO - [2024-06-18T13:11:26.702+0530] {dagbag.py:545} INFO - Filling up the DagBag from /home/kiit/airflow-env/lib/python3.8/site-packages/airflow/example_dags/example_kubernetes_executor.py
[2024-06-18T13:11:26.706+0530] {logging_mixin.py:188} INFO - [2024-06-18T13:11:26.706+0530] {example_kubernetes_executor.py:39} WARNING - The example_kubernetes_executor example DAG requires the kubernetes provider. Please install it with: pip install apache-airflow[cncf.kubernetes]
[2024-06-18T13:11:26.708+0530] {processor.py:842} WARNING - No viable dags retrieved from /home/kiit/airflow-env/lib/python3.8/site-packages/airflow/example_dags/example_kubernetes_executor.py
[2024-06-18T13:11:26.719+0530] {processor.py:183} INFO - Processing /home/kiit/airflow-env/lib/python3.8/site-packages/airflow/example_dags/example_kubernetes_executor.py took 0.026 seconds
[2024-06-18T13:12:07.503+0530] {processor.py:161} INFO - Started process (PID=25789) to work on /home/kiit/airflow-env/lib/python3.8/site-packages/airflow/example_dags/example_kubernetes_executor.py
[2024-06-18T13:12:07.504+0530] {processor.py:830} INFO - Processing file /home/kiit/airflow-env/lib/python3.8/site-packages/airflow/example_dags/example_kubernetes_executor.py for tasks to queue
[2024-06-18T13:12:07.505+0530] {logging_mixin.py:188} INFO - [2024-06-18T13:12:07.505+0530] {dagbag.py:545} INFO - Filling up the DagBag from /home/kiit/airflow-env/lib/python3.8/site-packages/airflow/example_dags/example_kubernetes_executor.py
[2024-06-18T13:12:07.507+0530] {logging_mixin.py:188} INFO - [2024-06-18T13:12:07.507+0530] {example_kubernetes_executor.py:39} WARNING - The example_kubernetes_executor example DAG requires the kubernetes provider. Please install it with: pip install apache-airflow[cncf.kubernetes]
[2024-06-18T13:12:07.507+0530] {processor.py:842} WARNING - No viable dags retrieved from /home/kiit/airflow-env/lib/python3.8/site-packages/airflow/example_dags/example_kubernetes_executor.py
[2024-06-18T13:12:07.515+0530] {processor.py:183} INFO - Processing /home/kiit/airflow-env/lib/python3.8/site-packages/airflow/example_dags/example_kubernetes_executor.py took 0.016 seconds
[2024-06-18T13:12:48.025+0530] {processor.py:161} INFO - Started process (PID=25839) to work on /home/kiit/airflow-env/lib/python3.8/site-packages/airflow/example_dags/example_kubernetes_executor.py
[2024-06-18T13:12:48.032+0530] {processor.py:830} INFO - Processing file /home/kiit/airflow-env/lib/python3.8/site-packages/airflow/example_dags/example_kubernetes_executor.py for tasks to queue
[2024-06-18T13:12:48.033+0530] {logging_mixin.py:188} INFO - [2024-06-18T13:12:48.033+0530] {dagbag.py:545} INFO - Filling up the DagBag from /home/kiit/airflow-env/lib/python3.8/site-packages/airflow/example_dags/example_kubernetes_executor.py
[2024-06-18T13:12:48.035+0530] {logging_mixin.py:188} INFO - [2024-06-18T13:12:48.035+0530] {example_kubernetes_executor.py:39} WARNING - The example_kubernetes_executor example DAG requires the kubernetes provider. Please install it with: pip install apache-airflow[cncf.kubernetes]
[2024-06-18T13:12:48.035+0530] {processor.py:842} WARNING - No viable dags retrieved from /home/kiit/airflow-env/lib/python3.8/site-packages/airflow/example_dags/example_kubernetes_executor.py
[2024-06-18T13:12:48.042+0530] {processor.py:183} INFO - Processing /home/kiit/airflow-env/lib/python3.8/site-packages/airflow/example_dags/example_kubernetes_executor.py took 0.021 seconds
[2024-06-18T13:13:27.017+0530] {processor.py:161} INFO - Started process (PID=25885) to work on /home/kiit/airflow-env/lib/python3.8/site-packages/airflow/example_dags/example_kubernetes_executor.py
[2024-06-18T13:13:27.024+0530] {processor.py:830} INFO - Processing file /home/kiit/airflow-env/lib/python3.8/site-packages/airflow/example_dags/example_kubernetes_executor.py for tasks to queue
[2024-06-18T13:13:27.026+0530] {logging_mixin.py:188} INFO - [2024-06-18T13:13:27.026+0530] {dagbag.py:545} INFO - Filling up the DagBag from /home/kiit/airflow-env/lib/python3.8/site-packages/airflow/example_dags/example_kubernetes_executor.py
[2024-06-18T13:13:27.028+0530] {logging_mixin.py:188} INFO - [2024-06-18T13:13:27.028+0530] {example_kubernetes_executor.py:39} WARNING - The example_kubernetes_executor example DAG requires the kubernetes provider. Please install it with: pip install apache-airflow[cncf.kubernetes]
[2024-06-18T13:13:27.028+0530] {processor.py:842} WARNING - No viable dags retrieved from /home/kiit/airflow-env/lib/python3.8/site-packages/airflow/example_dags/example_kubernetes_executor.py
[2024-06-18T13:13:27.036+0530] {processor.py:183} INFO - Processing /home/kiit/airflow-env/lib/python3.8/site-packages/airflow/example_dags/example_kubernetes_executor.py took 0.023 seconds
[2024-06-18T13:14:04.131+0530] {processor.py:161} INFO - Started process (PID=25932) to work on /home/kiit/airflow-env/lib/python3.8/site-packages/airflow/example_dags/example_kubernetes_executor.py
[2024-06-18T13:14:04.132+0530] {processor.py:830} INFO - Processing file /home/kiit/airflow-env/lib/python3.8/site-packages/airflow/example_dags/example_kubernetes_executor.py for tasks to queue
[2024-06-18T13:14:04.133+0530] {logging_mixin.py:188} INFO - [2024-06-18T13:14:04.133+0530] {dagbag.py:545} INFO - Filling up the DagBag from /home/kiit/airflow-env/lib/python3.8/site-packages/airflow/example_dags/example_kubernetes_executor.py
[2024-06-18T13:14:04.135+0530] {logging_mixin.py:188} INFO - [2024-06-18T13:14:04.135+0530] {example_kubernetes_executor.py:39} WARNING - The example_kubernetes_executor example DAG requires the kubernetes provider. Please install it with: pip install apache-airflow[cncf.kubernetes]
[2024-06-18T13:14:04.135+0530] {processor.py:842} WARNING - No viable dags retrieved from /home/kiit/airflow-env/lib/python3.8/site-packages/airflow/example_dags/example_kubernetes_executor.py
[2024-06-18T13:14:04.142+0530] {processor.py:183} INFO - Processing /home/kiit/airflow-env/lib/python3.8/site-packages/airflow/example_dags/example_kubernetes_executor.py took 0.016 seconds
[2024-06-18T13:14:42.398+0530] {processor.py:161} INFO - Started process (PID=25979) to work on /home/kiit/airflow-env/lib/python3.8/site-packages/airflow/example_dags/example_kubernetes_executor.py
[2024-06-18T13:14:42.400+0530] {processor.py:830} INFO - Processing file /home/kiit/airflow-env/lib/python3.8/site-packages/airflow/example_dags/example_kubernetes_executor.py for tasks to queue
[2024-06-18T13:14:42.401+0530] {logging_mixin.py:188} INFO - [2024-06-18T13:14:42.401+0530] {dagbag.py:545} INFO - Filling up the DagBag from /home/kiit/airflow-env/lib/python3.8/site-packages/airflow/example_dags/example_kubernetes_executor.py
[2024-06-18T13:14:42.403+0530] {logging_mixin.py:188} INFO - [2024-06-18T13:14:42.403+0530] {example_kubernetes_executor.py:39} WARNING - The example_kubernetes_executor example DAG requires the kubernetes provider. Please install it with: pip install apache-airflow[cncf.kubernetes]
[2024-06-18T13:14:42.403+0530] {processor.py:842} WARNING - No viable dags retrieved from /home/kiit/airflow-env/lib/python3.8/site-packages/airflow/example_dags/example_kubernetes_executor.py
[2024-06-18T13:14:42.411+0530] {processor.py:183} INFO - Processing /home/kiit/airflow-env/lib/python3.8/site-packages/airflow/example_dags/example_kubernetes_executor.py took 0.018 seconds
[2024-06-18T13:15:25.158+0530] {processor.py:161} INFO - Started process (PID=26028) to work on /home/kiit/airflow-env/lib/python3.8/site-packages/airflow/example_dags/example_kubernetes_executor.py
[2024-06-18T13:15:25.159+0530] {processor.py:830} INFO - Processing file /home/kiit/airflow-env/lib/python3.8/site-packages/airflow/example_dags/example_kubernetes_executor.py for tasks to queue
[2024-06-18T13:15:25.160+0530] {logging_mixin.py:188} INFO - [2024-06-18T13:15:25.160+0530] {dagbag.py:545} INFO - Filling up the DagBag from /home/kiit/airflow-env/lib/python3.8/site-packages/airflow/example_dags/example_kubernetes_executor.py
[2024-06-18T13:15:25.162+0530] {logging_mixin.py:188} INFO - [2024-06-18T13:15:25.162+0530] {example_kubernetes_executor.py:39} WARNING - The example_kubernetes_executor example DAG requires the kubernetes provider. Please install it with: pip install apache-airflow[cncf.kubernetes]
[2024-06-18T13:15:25.162+0530] {processor.py:842} WARNING - No viable dags retrieved from /home/kiit/airflow-env/lib/python3.8/site-packages/airflow/example_dags/example_kubernetes_executor.py
[2024-06-18T13:15:25.170+0530] {processor.py:183} INFO - Processing /home/kiit/airflow-env/lib/python3.8/site-packages/airflow/example_dags/example_kubernetes_executor.py took 0.018 seconds
[2024-06-18T13:16:05.570+0530] {processor.py:161} INFO - Started process (PID=26077) to work on /home/kiit/airflow-env/lib/python3.8/site-packages/airflow/example_dags/example_kubernetes_executor.py
[2024-06-18T13:16:05.572+0530] {processor.py:830} INFO - Processing file /home/kiit/airflow-env/lib/python3.8/site-packages/airflow/example_dags/example_kubernetes_executor.py for tasks to queue
[2024-06-18T13:16:05.574+0530] {logging_mixin.py:188} INFO - [2024-06-18T13:16:05.573+0530] {dagbag.py:545} INFO - Filling up the DagBag from /home/kiit/airflow-env/lib/python3.8/site-packages/airflow/example_dags/example_kubernetes_executor.py
[2024-06-18T13:16:05.576+0530] {logging_mixin.py:188} INFO - [2024-06-18T13:16:05.576+0530] {example_kubernetes_executor.py:39} WARNING - The example_kubernetes_executor example DAG requires the kubernetes provider. Please install it with: pip install apache-airflow[cncf.kubernetes]
[2024-06-18T13:16:05.576+0530] {processor.py:842} WARNING - No viable dags retrieved from /home/kiit/airflow-env/lib/python3.8/site-packages/airflow/example_dags/example_kubernetes_executor.py
[2024-06-18T13:16:05.587+0530] {processor.py:183} INFO - Processing /home/kiit/airflow-env/lib/python3.8/site-packages/airflow/example_dags/example_kubernetes_executor.py took 0.026 seconds
[2024-06-18T13:16:43.706+0530] {processor.py:161} INFO - Started process (PID=26125) to work on /home/kiit/airflow-env/lib/python3.8/site-packages/airflow/example_dags/example_kubernetes_executor.py
[2024-06-18T13:16:43.707+0530] {processor.py:830} INFO - Processing file /home/kiit/airflow-env/lib/python3.8/site-packages/airflow/example_dags/example_kubernetes_executor.py for tasks to queue
[2024-06-18T13:16:43.708+0530] {logging_mixin.py:188} INFO - [2024-06-18T13:16:43.707+0530] {dagbag.py:545} INFO - Filling up the DagBag from /home/kiit/airflow-env/lib/python3.8/site-packages/airflow/example_dags/example_kubernetes_executor.py
[2024-06-18T13:16:43.709+0530] {logging_mixin.py:188} INFO - [2024-06-18T13:16:43.709+0530] {example_kubernetes_executor.py:39} WARNING - The example_kubernetes_executor example DAG requires the kubernetes provider. Please install it with: pip install apache-airflow[cncf.kubernetes]
[2024-06-18T13:16:43.709+0530] {processor.py:842} WARNING - No viable dags retrieved from /home/kiit/airflow-env/lib/python3.8/site-packages/airflow/example_dags/example_kubernetes_executor.py
[2024-06-18T13:16:43.717+0530] {processor.py:183} INFO - Processing /home/kiit/airflow-env/lib/python3.8/site-packages/airflow/example_dags/example_kubernetes_executor.py took 0.015 seconds
[2024-06-18T13:17:22.374+0530] {processor.py:161} INFO - Started process (PID=26170) to work on /home/kiit/airflow-env/lib/python3.8/site-packages/airflow/example_dags/example_kubernetes_executor.py
[2024-06-18T13:17:22.375+0530] {processor.py:830} INFO - Processing file /home/kiit/airflow-env/lib/python3.8/site-packages/airflow/example_dags/example_kubernetes_executor.py for tasks to queue
[2024-06-18T13:17:22.376+0530] {logging_mixin.py:188} INFO - [2024-06-18T13:17:22.376+0530] {dagbag.py:545} INFO - Filling up the DagBag from /home/kiit/airflow-env/lib/python3.8/site-packages/airflow/example_dags/example_kubernetes_executor.py
[2024-06-18T13:17:22.379+0530] {logging_mixin.py:188} INFO - [2024-06-18T13:17:22.379+0530] {example_kubernetes_executor.py:39} WARNING - The example_kubernetes_executor example DAG requires the kubernetes provider. Please install it with: pip install apache-airflow[cncf.kubernetes]
[2024-06-18T13:17:22.379+0530] {processor.py:842} WARNING - No viable dags retrieved from /home/kiit/airflow-env/lib/python3.8/site-packages/airflow/example_dags/example_kubernetes_executor.py
[2024-06-18T13:17:22.388+0530] {processor.py:183} INFO - Processing /home/kiit/airflow-env/lib/python3.8/site-packages/airflow/example_dags/example_kubernetes_executor.py took 0.019 seconds
[2024-06-18T13:18:03.252+0530] {processor.py:161} INFO - Started process (PID=26219) to work on /home/kiit/airflow-env/lib/python3.8/site-packages/airflow/example_dags/example_kubernetes_executor.py
[2024-06-18T13:18:03.254+0530] {processor.py:830} INFO - Processing file /home/kiit/airflow-env/lib/python3.8/site-packages/airflow/example_dags/example_kubernetes_executor.py for tasks to queue
[2024-06-18T13:18:03.255+0530] {logging_mixin.py:188} INFO - [2024-06-18T13:18:03.255+0530] {dagbag.py:545} INFO - Filling up the DagBag from /home/kiit/airflow-env/lib/python3.8/site-packages/airflow/example_dags/example_kubernetes_executor.py
[2024-06-18T13:18:03.258+0530] {logging_mixin.py:188} INFO - [2024-06-18T13:18:03.257+0530] {example_kubernetes_executor.py:39} WARNING - The example_kubernetes_executor example DAG requires the kubernetes provider. Please install it with: pip install apache-airflow[cncf.kubernetes]
[2024-06-18T13:18:03.258+0530] {processor.py:842} WARNING - No viable dags retrieved from /home/kiit/airflow-env/lib/python3.8/site-packages/airflow/example_dags/example_kubernetes_executor.py
[2024-06-18T13:18:03.266+0530] {processor.py:183} INFO - Processing /home/kiit/airflow-env/lib/python3.8/site-packages/airflow/example_dags/example_kubernetes_executor.py took 0.019 seconds
[2024-06-18T13:18:48.221+0530] {processor.py:161} INFO - Started process (PID=26270) to work on /home/kiit/airflow-env/lib/python3.8/site-packages/airflow/example_dags/example_kubernetes_executor.py
[2024-06-18T13:18:48.222+0530] {processor.py:830} INFO - Processing file /home/kiit/airflow-env/lib/python3.8/site-packages/airflow/example_dags/example_kubernetes_executor.py for tasks to queue
[2024-06-18T13:18:48.223+0530] {logging_mixin.py:188} INFO - [2024-06-18T13:18:48.223+0530] {dagbag.py:545} INFO - Filling up the DagBag from /home/kiit/airflow-env/lib/python3.8/site-packages/airflow/example_dags/example_kubernetes_executor.py
[2024-06-18T13:18:48.226+0530] {logging_mixin.py:188} INFO - [2024-06-18T13:18:48.226+0530] {example_kubernetes_executor.py:39} WARNING - The example_kubernetes_executor example DAG requires the kubernetes provider. Please install it with: pip install apache-airflow[cncf.kubernetes]
[2024-06-18T13:18:48.226+0530] {processor.py:842} WARNING - No viable dags retrieved from /home/kiit/airflow-env/lib/python3.8/site-packages/airflow/example_dags/example_kubernetes_executor.py
[2024-06-18T13:18:48.235+0530] {processor.py:183} INFO - Processing /home/kiit/airflow-env/lib/python3.8/site-packages/airflow/example_dags/example_kubernetes_executor.py took 0.019 seconds
[2024-06-18T13:19:28.105+0530] {processor.py:161} INFO - Started process (PID=26319) to work on /home/kiit/airflow-env/lib/python3.8/site-packages/airflow/example_dags/example_kubernetes_executor.py
[2024-06-18T13:19:28.107+0530] {processor.py:830} INFO - Processing file /home/kiit/airflow-env/lib/python3.8/site-packages/airflow/example_dags/example_kubernetes_executor.py for tasks to queue
[2024-06-18T13:19:28.108+0530] {logging_mixin.py:188} INFO - [2024-06-18T13:19:28.108+0530] {dagbag.py:545} INFO - Filling up the DagBag from /home/kiit/airflow-env/lib/python3.8/site-packages/airflow/example_dags/example_kubernetes_executor.py
[2024-06-18T13:19:28.110+0530] {logging_mixin.py:188} INFO - [2024-06-18T13:19:28.110+0530] {example_kubernetes_executor.py:39} WARNING - The example_kubernetes_executor example DAG requires the kubernetes provider. Please install it with: pip install apache-airflow[cncf.kubernetes]
[2024-06-18T13:19:28.110+0530] {processor.py:842} WARNING - No viable dags retrieved from /home/kiit/airflow-env/lib/python3.8/site-packages/airflow/example_dags/example_kubernetes_executor.py
[2024-06-18T13:19:28.117+0530] {processor.py:183} INFO - Processing /home/kiit/airflow-env/lib/python3.8/site-packages/airflow/example_dags/example_kubernetes_executor.py took 0.017 seconds
[2024-06-18T13:20:06.351+0530] {processor.py:161} INFO - Started process (PID=26367) to work on /home/kiit/airflow-env/lib/python3.8/site-packages/airflow/example_dags/example_kubernetes_executor.py
[2024-06-18T13:20:06.352+0530] {processor.py:830} INFO - Processing file /home/kiit/airflow-env/lib/python3.8/site-packages/airflow/example_dags/example_kubernetes_executor.py for tasks to queue
[2024-06-18T13:20:06.354+0530] {logging_mixin.py:188} INFO - [2024-06-18T13:20:06.353+0530] {dagbag.py:545} INFO - Filling up the DagBag from /home/kiit/airflow-env/lib/python3.8/site-packages/airflow/example_dags/example_kubernetes_executor.py
[2024-06-18T13:20:06.356+0530] {logging_mixin.py:188} INFO - [2024-06-18T13:20:06.355+0530] {example_kubernetes_executor.py:39} WARNING - The example_kubernetes_executor example DAG requires the kubernetes provider. Please install it with: pip install apache-airflow[cncf.kubernetes]
[2024-06-18T13:20:06.356+0530] {processor.py:842} WARNING - No viable dags retrieved from /home/kiit/airflow-env/lib/python3.8/site-packages/airflow/example_dags/example_kubernetes_executor.py
[2024-06-18T13:20:06.362+0530] {processor.py:183} INFO - Processing /home/kiit/airflow-env/lib/python3.8/site-packages/airflow/example_dags/example_kubernetes_executor.py took 0.017 seconds
[2024-06-18T13:20:43.913+0530] {processor.py:161} INFO - Started process (PID=26413) to work on /home/kiit/airflow-env/lib/python3.8/site-packages/airflow/example_dags/example_kubernetes_executor.py
[2024-06-18T13:20:43.914+0530] {processor.py:830} INFO - Processing file /home/kiit/airflow-env/lib/python3.8/site-packages/airflow/example_dags/example_kubernetes_executor.py for tasks to queue
[2024-06-18T13:20:43.915+0530] {logging_mixin.py:188} INFO - [2024-06-18T13:20:43.915+0530] {dagbag.py:545} INFO - Filling up the DagBag from /home/kiit/airflow-env/lib/python3.8/site-packages/airflow/example_dags/example_kubernetes_executor.py
[2024-06-18T13:20:43.918+0530] {logging_mixin.py:188} INFO - [2024-06-18T13:20:43.918+0530] {example_kubernetes_executor.py:39} WARNING - The example_kubernetes_executor example DAG requires the kubernetes provider. Please install it with: pip install apache-airflow[cncf.kubernetes]
[2024-06-18T13:20:43.919+0530] {processor.py:842} WARNING - No viable dags retrieved from /home/kiit/airflow-env/lib/python3.8/site-packages/airflow/example_dags/example_kubernetes_executor.py
[2024-06-18T13:20:43.925+0530] {processor.py:183} INFO - Processing /home/kiit/airflow-env/lib/python3.8/site-packages/airflow/example_dags/example_kubernetes_executor.py took 0.018 seconds
[2024-06-18T13:21:23.390+0530] {processor.py:161} INFO - Started process (PID=26460) to work on /home/kiit/airflow-env/lib/python3.8/site-packages/airflow/example_dags/example_kubernetes_executor.py
[2024-06-18T13:21:23.391+0530] {processor.py:830} INFO - Processing file /home/kiit/airflow-env/lib/python3.8/site-packages/airflow/example_dags/example_kubernetes_executor.py for tasks to queue
[2024-06-18T13:21:23.392+0530] {logging_mixin.py:188} INFO - [2024-06-18T13:21:23.392+0530] {dagbag.py:545} INFO - Filling up the DagBag from /home/kiit/airflow-env/lib/python3.8/site-packages/airflow/example_dags/example_kubernetes_executor.py
[2024-06-18T13:21:23.394+0530] {logging_mixin.py:188} INFO - [2024-06-18T13:21:23.394+0530] {example_kubernetes_executor.py:39} WARNING - The example_kubernetes_executor example DAG requires the kubernetes provider. Please install it with: pip install apache-airflow[cncf.kubernetes]
[2024-06-18T13:21:23.394+0530] {processor.py:842} WARNING - No viable dags retrieved from /home/kiit/airflow-env/lib/python3.8/site-packages/airflow/example_dags/example_kubernetes_executor.py
[2024-06-18T13:21:23.402+0530] {processor.py:183} INFO - Processing /home/kiit/airflow-env/lib/python3.8/site-packages/airflow/example_dags/example_kubernetes_executor.py took 0.016 seconds
[2024-06-18T13:22:00.446+0530] {processor.py:161} INFO - Started process (PID=26506) to work on /home/kiit/airflow-env/lib/python3.8/site-packages/airflow/example_dags/example_kubernetes_executor.py
[2024-06-18T13:22:00.447+0530] {processor.py:830} INFO - Processing file /home/kiit/airflow-env/lib/python3.8/site-packages/airflow/example_dags/example_kubernetes_executor.py for tasks to queue
[2024-06-18T13:22:00.449+0530] {logging_mixin.py:188} INFO - [2024-06-18T13:22:00.448+0530] {dagbag.py:545} INFO - Filling up the DagBag from /home/kiit/airflow-env/lib/python3.8/site-packages/airflow/example_dags/example_kubernetes_executor.py
[2024-06-18T13:22:00.451+0530] {logging_mixin.py:188} INFO - [2024-06-18T13:22:00.451+0530] {example_kubernetes_executor.py:39} WARNING - The example_kubernetes_executor example DAG requires the kubernetes provider. Please install it with: pip install apache-airflow[cncf.kubernetes]
[2024-06-18T13:22:00.451+0530] {processor.py:842} WARNING - No viable dags retrieved from /home/kiit/airflow-env/lib/python3.8/site-packages/airflow/example_dags/example_kubernetes_executor.py
[2024-06-18T13:22:00.459+0530] {processor.py:183} INFO - Processing /home/kiit/airflow-env/lib/python3.8/site-packages/airflow/example_dags/example_kubernetes_executor.py took 0.019 seconds
[2024-06-18T13:22:39.361+0530] {processor.py:161} INFO - Started process (PID=26554) to work on /home/kiit/airflow-env/lib/python3.8/site-packages/airflow/example_dags/example_kubernetes_executor.py
[2024-06-18T13:22:39.362+0530] {processor.py:830} INFO - Processing file /home/kiit/airflow-env/lib/python3.8/site-packages/airflow/example_dags/example_kubernetes_executor.py for tasks to queue
[2024-06-18T13:22:39.364+0530] {logging_mixin.py:188} INFO - [2024-06-18T13:22:39.363+0530] {dagbag.py:545} INFO - Filling up the DagBag from /home/kiit/airflow-env/lib/python3.8/site-packages/airflow/example_dags/example_kubernetes_executor.py
[2024-06-18T13:22:39.366+0530] {logging_mixin.py:188} INFO - [2024-06-18T13:22:39.365+0530] {example_kubernetes_executor.py:39} WARNING - The example_kubernetes_executor example DAG requires the kubernetes provider. Please install it with: pip install apache-airflow[cncf.kubernetes]
[2024-06-18T13:22:39.366+0530] {processor.py:842} WARNING - No viable dags retrieved from /home/kiit/airflow-env/lib/python3.8/site-packages/airflow/example_dags/example_kubernetes_executor.py
[2024-06-18T13:22:39.373+0530] {processor.py:183} INFO - Processing /home/kiit/airflow-env/lib/python3.8/site-packages/airflow/example_dags/example_kubernetes_executor.py took 0.017 seconds
[2024-06-18T13:23:15.142+0530] {processor.py:161} INFO - Started process (PID=26598) to work on /home/kiit/airflow-env/lib/python3.8/site-packages/airflow/example_dags/example_kubernetes_executor.py
[2024-06-18T13:23:15.143+0530] {processor.py:830} INFO - Processing file /home/kiit/airflow-env/lib/python3.8/site-packages/airflow/example_dags/example_kubernetes_executor.py for tasks to queue
[2024-06-18T13:23:15.145+0530] {logging_mixin.py:188} INFO - [2024-06-18T13:23:15.145+0530] {dagbag.py:545} INFO - Filling up the DagBag from /home/kiit/airflow-env/lib/python3.8/site-packages/airflow/example_dags/example_kubernetes_executor.py
[2024-06-18T13:23:15.147+0530] {logging_mixin.py:188} INFO - [2024-06-18T13:23:15.147+0530] {example_kubernetes_executor.py:39} WARNING - The example_kubernetes_executor example DAG requires the kubernetes provider. Please install it with: pip install apache-airflow[cncf.kubernetes]
[2024-06-18T13:23:15.148+0530] {processor.py:842} WARNING - No viable dags retrieved from /home/kiit/airflow-env/lib/python3.8/site-packages/airflow/example_dags/example_kubernetes_executor.py
[2024-06-18T13:23:15.157+0530] {processor.py:183} INFO - Processing /home/kiit/airflow-env/lib/python3.8/site-packages/airflow/example_dags/example_kubernetes_executor.py took 0.021 seconds
[2024-06-18T13:23:54.552+0530] {processor.py:161} INFO - Started process (PID=26646) to work on /home/kiit/airflow-env/lib/python3.8/site-packages/airflow/example_dags/example_kubernetes_executor.py
[2024-06-18T13:23:54.553+0530] {processor.py:830} INFO - Processing file /home/kiit/airflow-env/lib/python3.8/site-packages/airflow/example_dags/example_kubernetes_executor.py for tasks to queue
[2024-06-18T13:23:54.554+0530] {logging_mixin.py:188} INFO - [2024-06-18T13:23:54.554+0530] {dagbag.py:545} INFO - Filling up the DagBag from /home/kiit/airflow-env/lib/python3.8/site-packages/airflow/example_dags/example_kubernetes_executor.py
[2024-06-18T13:23:54.556+0530] {logging_mixin.py:188} INFO - [2024-06-18T13:23:54.556+0530] {example_kubernetes_executor.py:39} WARNING - The example_kubernetes_executor example DAG requires the kubernetes provider. Please install it with: pip install apache-airflow[cncf.kubernetes]
[2024-06-18T13:23:54.556+0530] {processor.py:842} WARNING - No viable dags retrieved from /home/kiit/airflow-env/lib/python3.8/site-packages/airflow/example_dags/example_kubernetes_executor.py
[2024-06-18T13:23:54.563+0530] {processor.py:183} INFO - Processing /home/kiit/airflow-env/lib/python3.8/site-packages/airflow/example_dags/example_kubernetes_executor.py took 0.015 seconds
[2024-06-18T13:24:35.080+0530] {processor.py:161} INFO - Started process (PID=26694) to work on /home/kiit/airflow-env/lib/python3.8/site-packages/airflow/example_dags/example_kubernetes_executor.py
[2024-06-18T13:24:35.081+0530] {processor.py:830} INFO - Processing file /home/kiit/airflow-env/lib/python3.8/site-packages/airflow/example_dags/example_kubernetes_executor.py for tasks to queue
[2024-06-18T13:24:35.082+0530] {logging_mixin.py:188} INFO - [2024-06-18T13:24:35.082+0530] {dagbag.py:545} INFO - Filling up the DagBag from /home/kiit/airflow-env/lib/python3.8/site-packages/airflow/example_dags/example_kubernetes_executor.py
[2024-06-18T13:24:35.085+0530] {logging_mixin.py:188} INFO - [2024-06-18T13:24:35.085+0530] {example_kubernetes_executor.py:39} WARNING - The example_kubernetes_executor example DAG requires the kubernetes provider. Please install it with: pip install apache-airflow[cncf.kubernetes]
[2024-06-18T13:24:35.085+0530] {processor.py:842} WARNING - No viable dags retrieved from /home/kiit/airflow-env/lib/python3.8/site-packages/airflow/example_dags/example_kubernetes_executor.py
[2024-06-18T13:24:35.092+0530] {processor.py:183} INFO - Processing /home/kiit/airflow-env/lib/python3.8/site-packages/airflow/example_dags/example_kubernetes_executor.py took 0.016 seconds
[2024-06-18T13:25:12.966+0530] {processor.py:161} INFO - Started process (PID=26746) to work on /home/kiit/airflow-env/lib/python3.8/site-packages/airflow/example_dags/example_kubernetes_executor.py
[2024-06-18T13:25:12.969+0530] {processor.py:830} INFO - Processing file /home/kiit/airflow-env/lib/python3.8/site-packages/airflow/example_dags/example_kubernetes_executor.py for tasks to queue
[2024-06-18T13:25:12.972+0530] {logging_mixin.py:188} INFO - [2024-06-18T13:25:12.971+0530] {dagbag.py:545} INFO - Filling up the DagBag from /home/kiit/airflow-env/lib/python3.8/site-packages/airflow/example_dags/example_kubernetes_executor.py
[2024-06-18T13:25:12.975+0530] {logging_mixin.py:188} INFO - [2024-06-18T13:25:12.975+0530] {example_kubernetes_executor.py:39} WARNING - The example_kubernetes_executor example DAG requires the kubernetes provider. Please install it with: pip install apache-airflow[cncf.kubernetes]
[2024-06-18T13:25:12.976+0530] {processor.py:842} WARNING - No viable dags retrieved from /home/kiit/airflow-env/lib/python3.8/site-packages/airflow/example_dags/example_kubernetes_executor.py
[2024-06-18T13:25:12.989+0530] {processor.py:183} INFO - Processing /home/kiit/airflow-env/lib/python3.8/site-packages/airflow/example_dags/example_kubernetes_executor.py took 0.032 seconds
[2024-06-18T13:25:48.963+0530] {processor.py:161} INFO - Started process (PID=26791) to work on /home/kiit/airflow-env/lib/python3.8/site-packages/airflow/example_dags/example_kubernetes_executor.py
[2024-06-18T13:25:48.964+0530] {processor.py:830} INFO - Processing file /home/kiit/airflow-env/lib/python3.8/site-packages/airflow/example_dags/example_kubernetes_executor.py for tasks to queue
[2024-06-18T13:25:48.966+0530] {logging_mixin.py:188} INFO - [2024-06-18T13:25:48.966+0530] {dagbag.py:545} INFO - Filling up the DagBag from /home/kiit/airflow-env/lib/python3.8/site-packages/airflow/example_dags/example_kubernetes_executor.py
[2024-06-18T13:25:48.968+0530] {logging_mixin.py:188} INFO - [2024-06-18T13:25:48.968+0530] {example_kubernetes_executor.py:39} WARNING - The example_kubernetes_executor example DAG requires the kubernetes provider. Please install it with: pip install apache-airflow[cncf.kubernetes]
[2024-06-18T13:25:48.968+0530] {processor.py:842} WARNING - No viable dags retrieved from /home/kiit/airflow-env/lib/python3.8/site-packages/airflow/example_dags/example_kubernetes_executor.py
[2024-06-18T13:25:48.977+0530] {processor.py:183} INFO - Processing /home/kiit/airflow-env/lib/python3.8/site-packages/airflow/example_dags/example_kubernetes_executor.py took 0.022 seconds
[2024-06-18T13:26:29.290+0530] {processor.py:161} INFO - Started process (PID=26839) to work on /home/kiit/airflow-env/lib/python3.8/site-packages/airflow/example_dags/example_kubernetes_executor.py
[2024-06-18T13:26:29.290+0530] {processor.py:830} INFO - Processing file /home/kiit/airflow-env/lib/python3.8/site-packages/airflow/example_dags/example_kubernetes_executor.py for tasks to queue
[2024-06-18T13:26:29.292+0530] {logging_mixin.py:188} INFO - [2024-06-18T13:26:29.292+0530] {dagbag.py:545} INFO - Filling up the DagBag from /home/kiit/airflow-env/lib/python3.8/site-packages/airflow/example_dags/example_kubernetes_executor.py
[2024-06-18T13:26:29.296+0530] {logging_mixin.py:188} INFO - [2024-06-18T13:26:29.296+0530] {example_kubernetes_executor.py:39} WARNING - The example_kubernetes_executor example DAG requires the kubernetes provider. Please install it with: pip install apache-airflow[cncf.kubernetes]
[2024-06-18T13:26:29.296+0530] {processor.py:842} WARNING - No viable dags retrieved from /home/kiit/airflow-env/lib/python3.8/site-packages/airflow/example_dags/example_kubernetes_executor.py
[2024-06-18T13:26:29.306+0530] {processor.py:183} INFO - Processing /home/kiit/airflow-env/lib/python3.8/site-packages/airflow/example_dags/example_kubernetes_executor.py took 0.022 seconds
[2024-06-18T13:27:22.846+0530] {processor.py:161} INFO - Started process (PID=26893) to work on /home/kiit/airflow-env/lib/python3.8/site-packages/airflow/example_dags/example_kubernetes_executor.py
[2024-06-18T13:27:22.847+0530] {processor.py:830} INFO - Processing file /home/kiit/airflow-env/lib/python3.8/site-packages/airflow/example_dags/example_kubernetes_executor.py for tasks to queue
[2024-06-18T13:27:22.848+0530] {logging_mixin.py:188} INFO - [2024-06-18T13:27:22.848+0530] {dagbag.py:545} INFO - Filling up the DagBag from /home/kiit/airflow-env/lib/python3.8/site-packages/airflow/example_dags/example_kubernetes_executor.py
[2024-06-18T13:27:22.850+0530] {logging_mixin.py:188} INFO - [2024-06-18T13:27:22.850+0530] {example_kubernetes_executor.py:39} WARNING - The example_kubernetes_executor example DAG requires the kubernetes provider. Please install it with: pip install apache-airflow[cncf.kubernetes]
[2024-06-18T13:27:22.850+0530] {processor.py:842} WARNING - No viable dags retrieved from /home/kiit/airflow-env/lib/python3.8/site-packages/airflow/example_dags/example_kubernetes_executor.py
[2024-06-18T13:27:22.857+0530] {processor.py:183} INFO - Processing /home/kiit/airflow-env/lib/python3.8/site-packages/airflow/example_dags/example_kubernetes_executor.py took 0.015 seconds
[2024-06-18T13:28:18.301+0530] {processor.py:161} INFO - Started process (PID=26943) to work on /home/kiit/airflow-env/lib/python3.8/site-packages/airflow/example_dags/example_kubernetes_executor.py
[2024-06-18T13:28:18.305+0530] {processor.py:830} INFO - Processing file /home/kiit/airflow-env/lib/python3.8/site-packages/airflow/example_dags/example_kubernetes_executor.py for tasks to queue
[2024-06-18T13:28:18.317+0530] {logging_mixin.py:188} INFO - [2024-06-18T13:28:18.309+0530] {dagbag.py:545} INFO - Filling up the DagBag from /home/kiit/airflow-env/lib/python3.8/site-packages/airflow/example_dags/example_kubernetes_executor.py
[2024-06-18T13:28:18.336+0530] {logging_mixin.py:188} INFO - [2024-06-18T13:28:18.335+0530] {example_kubernetes_executor.py:39} WARNING - The example_kubernetes_executor example DAG requires the kubernetes provider. Please install it with: pip install apache-airflow[cncf.kubernetes]
[2024-06-18T13:28:18.337+0530] {processor.py:842} WARNING - No viable dags retrieved from /home/kiit/airflow-env/lib/python3.8/site-packages/airflow/example_dags/example_kubernetes_executor.py
[2024-06-18T13:28:18.405+0530] {processor.py:183} INFO - Processing /home/kiit/airflow-env/lib/python3.8/site-packages/airflow/example_dags/example_kubernetes_executor.py took 0.163 seconds
[2024-06-18T13:29:09.099+0530] {processor.py:161} INFO - Started process (PID=26986) to work on /home/kiit/airflow-env/lib/python3.8/site-packages/airflow/example_dags/example_kubernetes_executor.py
[2024-06-18T13:29:09.113+0530] {processor.py:830} INFO - Processing file /home/kiit/airflow-env/lib/python3.8/site-packages/airflow/example_dags/example_kubernetes_executor.py for tasks to queue
[2024-06-18T13:29:09.128+0530] {logging_mixin.py:188} INFO - [2024-06-18T13:29:09.118+0530] {dagbag.py:545} INFO - Filling up the DagBag from /home/kiit/airflow-env/lib/python3.8/site-packages/airflow/example_dags/example_kubernetes_executor.py
[2024-06-18T13:29:09.159+0530] {logging_mixin.py:188} INFO - [2024-06-18T13:29:09.148+0530] {example_kubernetes_executor.py:39} WARNING - The example_kubernetes_executor example DAG requires the kubernetes provider. Please install it with: pip install apache-airflow[cncf.kubernetes]
[2024-06-18T13:29:09.160+0530] {processor.py:842} WARNING - No viable dags retrieved from /home/kiit/airflow-env/lib/python3.8/site-packages/airflow/example_dags/example_kubernetes_executor.py
[2024-06-18T13:29:09.247+0530] {processor.py:183} INFO - Processing /home/kiit/airflow-env/lib/python3.8/site-packages/airflow/example_dags/example_kubernetes_executor.py took 0.188 seconds
[2024-06-18T13:30:06.407+0530] {processor.py:161} INFO - Started process (PID=27052) to work on /home/kiit/airflow-env/lib/python3.8/site-packages/airflow/example_dags/example_kubernetes_executor.py
[2024-06-18T13:30:06.414+0530] {processor.py:830} INFO - Processing file /home/kiit/airflow-env/lib/python3.8/site-packages/airflow/example_dags/example_kubernetes_executor.py for tasks to queue
[2024-06-18T13:30:06.416+0530] {logging_mixin.py:188} INFO - [2024-06-18T13:30:06.416+0530] {dagbag.py:545} INFO - Filling up the DagBag from /home/kiit/airflow-env/lib/python3.8/site-packages/airflow/example_dags/example_kubernetes_executor.py
[2024-06-18T13:30:06.419+0530] {logging_mixin.py:188} INFO - [2024-06-18T13:30:06.418+0530] {example_kubernetes_executor.py:39} WARNING - The example_kubernetes_executor example DAG requires the kubernetes provider. Please install it with: pip install apache-airflow[cncf.kubernetes]
[2024-06-18T13:30:06.419+0530] {processor.py:842} WARNING - No viable dags retrieved from /home/kiit/airflow-env/lib/python3.8/site-packages/airflow/example_dags/example_kubernetes_executor.py
[2024-06-18T13:30:06.428+0530] {processor.py:183} INFO - Processing /home/kiit/airflow-env/lib/python3.8/site-packages/airflow/example_dags/example_kubernetes_executor.py took 0.026 seconds
[2024-06-18T13:30:53.307+0530] {processor.py:161} INFO - Started process (PID=27121) to work on /home/kiit/airflow-env/lib/python3.8/site-packages/airflow/example_dags/example_kubernetes_executor.py
[2024-06-18T13:30:53.309+0530] {processor.py:830} INFO - Processing file /home/kiit/airflow-env/lib/python3.8/site-packages/airflow/example_dags/example_kubernetes_executor.py for tasks to queue
[2024-06-18T13:30:53.313+0530] {logging_mixin.py:188} INFO - [2024-06-18T13:30:53.312+0530] {dagbag.py:545} INFO - Filling up the DagBag from /home/kiit/airflow-env/lib/python3.8/site-packages/airflow/example_dags/example_kubernetes_executor.py
[2024-06-18T13:30:53.323+0530] {logging_mixin.py:188} INFO - [2024-06-18T13:30:53.322+0530] {example_kubernetes_executor.py:39} WARNING - The example_kubernetes_executor example DAG requires the kubernetes provider. Please install it with: pip install apache-airflow[cncf.kubernetes]
[2024-06-18T13:30:53.324+0530] {processor.py:842} WARNING - No viable dags retrieved from /home/kiit/airflow-env/lib/python3.8/site-packages/airflow/example_dags/example_kubernetes_executor.py
[2024-06-18T13:30:53.348+0530] {processor.py:183} INFO - Processing /home/kiit/airflow-env/lib/python3.8/site-packages/airflow/example_dags/example_kubernetes_executor.py took 0.059 seconds
[2024-06-18T13:31:51.799+0530] {processor.py:161} INFO - Started process (PID=27448) to work on /home/kiit/airflow-env/lib/python3.8/site-packages/airflow/example_dags/example_kubernetes_executor.py
[2024-06-18T13:31:51.802+0530] {processor.py:830} INFO - Processing file /home/kiit/airflow-env/lib/python3.8/site-packages/airflow/example_dags/example_kubernetes_executor.py for tasks to queue
[2024-06-18T13:31:51.804+0530] {logging_mixin.py:188} INFO - [2024-06-18T13:31:51.803+0530] {dagbag.py:545} INFO - Filling up the DagBag from /home/kiit/airflow-env/lib/python3.8/site-packages/airflow/example_dags/example_kubernetes_executor.py
[2024-06-18T13:31:51.806+0530] {logging_mixin.py:188} INFO - [2024-06-18T13:31:51.806+0530] {example_kubernetes_executor.py:39} WARNING - The example_kubernetes_executor example DAG requires the kubernetes provider. Please install it with: pip install apache-airflow[cncf.kubernetes]
[2024-06-18T13:31:51.806+0530] {processor.py:842} WARNING - No viable dags retrieved from /home/kiit/airflow-env/lib/python3.8/site-packages/airflow/example_dags/example_kubernetes_executor.py
[2024-06-18T13:31:51.816+0530] {processor.py:183} INFO - Processing /home/kiit/airflow-env/lib/python3.8/site-packages/airflow/example_dags/example_kubernetes_executor.py took 0.025 seconds
[2024-06-18T13:32:33.110+0530] {processor.py:161} INFO - Started process (PID=28128) to work on /home/kiit/airflow-env/lib/python3.8/site-packages/airflow/example_dags/example_kubernetes_executor.py
[2024-06-18T13:32:33.112+0530] {processor.py:830} INFO - Processing file /home/kiit/airflow-env/lib/python3.8/site-packages/airflow/example_dags/example_kubernetes_executor.py for tasks to queue
[2024-06-18T13:32:33.114+0530] {logging_mixin.py:188} INFO - [2024-06-18T13:32:33.113+0530] {dagbag.py:545} INFO - Filling up the DagBag from /home/kiit/airflow-env/lib/python3.8/site-packages/airflow/example_dags/example_kubernetes_executor.py
[2024-06-18T13:32:33.117+0530] {logging_mixin.py:188} INFO - [2024-06-18T13:32:33.117+0530] {example_kubernetes_executor.py:39} WARNING - The example_kubernetes_executor example DAG requires the kubernetes provider. Please install it with: pip install apache-airflow[cncf.kubernetes]
[2024-06-18T13:32:33.117+0530] {processor.py:842} WARNING - No viable dags retrieved from /home/kiit/airflow-env/lib/python3.8/site-packages/airflow/example_dags/example_kubernetes_executor.py
[2024-06-18T13:32:33.132+0530] {processor.py:183} INFO - Processing /home/kiit/airflow-env/lib/python3.8/site-packages/airflow/example_dags/example_kubernetes_executor.py took 0.030 seconds
[2024-06-18T13:33:14.497+0530] {processor.py:161} INFO - Started process (PID=28486) to work on /home/kiit/airflow-env/lib/python3.8/site-packages/airflow/example_dags/example_kubernetes_executor.py
[2024-06-18T13:33:14.499+0530] {processor.py:830} INFO - Processing file /home/kiit/airflow-env/lib/python3.8/site-packages/airflow/example_dags/example_kubernetes_executor.py for tasks to queue
[2024-06-18T13:33:14.501+0530] {logging_mixin.py:188} INFO - [2024-06-18T13:33:14.501+0530] {dagbag.py:545} INFO - Filling up the DagBag from /home/kiit/airflow-env/lib/python3.8/site-packages/airflow/example_dags/example_kubernetes_executor.py
[2024-06-18T13:33:14.506+0530] {logging_mixin.py:188} INFO - [2024-06-18T13:33:14.506+0530] {example_kubernetes_executor.py:39} WARNING - The example_kubernetes_executor example DAG requires the kubernetes provider. Please install it with: pip install apache-airflow[cncf.kubernetes]
[2024-06-18T13:33:14.507+0530] {processor.py:842} WARNING - No viable dags retrieved from /home/kiit/airflow-env/lib/python3.8/site-packages/airflow/example_dags/example_kubernetes_executor.py
[2024-06-18T13:33:14.521+0530] {processor.py:183} INFO - Processing /home/kiit/airflow-env/lib/python3.8/site-packages/airflow/example_dags/example_kubernetes_executor.py took 0.032 seconds
[2024-06-18T13:33:58.106+0530] {processor.py:161} INFO - Started process (PID=30410) to work on /home/kiit/airflow-env/lib/python3.8/site-packages/airflow/example_dags/example_kubernetes_executor.py
[2024-06-18T13:33:58.107+0530] {processor.py:830} INFO - Processing file /home/kiit/airflow-env/lib/python3.8/site-packages/airflow/example_dags/example_kubernetes_executor.py for tasks to queue
[2024-06-18T13:33:58.111+0530] {logging_mixin.py:188} INFO - [2024-06-18T13:33:58.111+0530] {dagbag.py:545} INFO - Filling up the DagBag from /home/kiit/airflow-env/lib/python3.8/site-packages/airflow/example_dags/example_kubernetes_executor.py
[2024-06-18T13:33:58.114+0530] {logging_mixin.py:188} INFO - [2024-06-18T13:33:58.114+0530] {example_kubernetes_executor.py:39} WARNING - The example_kubernetes_executor example DAG requires the kubernetes provider. Please install it with: pip install apache-airflow[cncf.kubernetes]
[2024-06-18T13:33:58.115+0530] {processor.py:842} WARNING - No viable dags retrieved from /home/kiit/airflow-env/lib/python3.8/site-packages/airflow/example_dags/example_kubernetes_executor.py
[2024-06-18T13:33:58.129+0530] {processor.py:183} INFO - Processing /home/kiit/airflow-env/lib/python3.8/site-packages/airflow/example_dags/example_kubernetes_executor.py took 0.031 seconds
[2024-06-18T13:34:35.993+0530] {processor.py:161} INFO - Started process (PID=30465) to work on /home/kiit/airflow-env/lib/python3.8/site-packages/airflow/example_dags/example_kubernetes_executor.py
[2024-06-18T13:34:35.994+0530] {processor.py:830} INFO - Processing file /home/kiit/airflow-env/lib/python3.8/site-packages/airflow/example_dags/example_kubernetes_executor.py for tasks to queue
[2024-06-18T13:34:35.995+0530] {logging_mixin.py:188} INFO - [2024-06-18T13:34:35.995+0530] {dagbag.py:545} INFO - Filling up the DagBag from /home/kiit/airflow-env/lib/python3.8/site-packages/airflow/example_dags/example_kubernetes_executor.py
[2024-06-18T13:34:35.997+0530] {logging_mixin.py:188} INFO - [2024-06-18T13:34:35.997+0530] {example_kubernetes_executor.py:39} WARNING - The example_kubernetes_executor example DAG requires the kubernetes provider. Please install it with: pip install apache-airflow[cncf.kubernetes]
[2024-06-18T13:34:35.998+0530] {processor.py:842} WARNING - No viable dags retrieved from /home/kiit/airflow-env/lib/python3.8/site-packages/airflow/example_dags/example_kubernetes_executor.py
[2024-06-18T13:34:36.005+0530] {processor.py:183} INFO - Processing /home/kiit/airflow-env/lib/python3.8/site-packages/airflow/example_dags/example_kubernetes_executor.py took 0.018 seconds
[2024-06-18T13:35:16.655+0530] {processor.py:161} INFO - Started process (PID=30512) to work on /home/kiit/airflow-env/lib/python3.8/site-packages/airflow/example_dags/example_kubernetes_executor.py
[2024-06-18T13:35:16.656+0530] {processor.py:830} INFO - Processing file /home/kiit/airflow-env/lib/python3.8/site-packages/airflow/example_dags/example_kubernetes_executor.py for tasks to queue
[2024-06-18T13:35:16.658+0530] {logging_mixin.py:188} INFO - [2024-06-18T13:35:16.658+0530] {dagbag.py:545} INFO - Filling up the DagBag from /home/kiit/airflow-env/lib/python3.8/site-packages/airflow/example_dags/example_kubernetes_executor.py
[2024-06-18T13:35:16.662+0530] {logging_mixin.py:188} INFO - [2024-06-18T13:35:16.662+0530] {example_kubernetes_executor.py:39} WARNING - The example_kubernetes_executor example DAG requires the kubernetes provider. Please install it with: pip install apache-airflow[cncf.kubernetes]
[2024-06-18T13:35:16.662+0530] {processor.py:842} WARNING - No viable dags retrieved from /home/kiit/airflow-env/lib/python3.8/site-packages/airflow/example_dags/example_kubernetes_executor.py
[2024-06-18T13:35:16.672+0530] {processor.py:183} INFO - Processing /home/kiit/airflow-env/lib/python3.8/site-packages/airflow/example_dags/example_kubernetes_executor.py took 0.023 seconds
[2024-06-18T13:35:59.642+0530] {processor.py:161} INFO - Started process (PID=30562) to work on /home/kiit/airflow-env/lib/python3.8/site-packages/airflow/example_dags/example_kubernetes_executor.py
[2024-06-18T13:35:59.643+0530] {processor.py:830} INFO - Processing file /home/kiit/airflow-env/lib/python3.8/site-packages/airflow/example_dags/example_kubernetes_executor.py for tasks to queue
[2024-06-18T13:35:59.644+0530] {logging_mixin.py:188} INFO - [2024-06-18T13:35:59.644+0530] {dagbag.py:545} INFO - Filling up the DagBag from /home/kiit/airflow-env/lib/python3.8/site-packages/airflow/example_dags/example_kubernetes_executor.py
[2024-06-18T13:35:59.647+0530] {logging_mixin.py:188} INFO - [2024-06-18T13:35:59.647+0530] {example_kubernetes_executor.py:39} WARNING - The example_kubernetes_executor example DAG requires the kubernetes provider. Please install it with: pip install apache-airflow[cncf.kubernetes]
[2024-06-18T13:35:59.647+0530] {processor.py:842} WARNING - No viable dags retrieved from /home/kiit/airflow-env/lib/python3.8/site-packages/airflow/example_dags/example_kubernetes_executor.py
[2024-06-18T13:35:59.656+0530] {processor.py:183} INFO - Processing /home/kiit/airflow-env/lib/python3.8/site-packages/airflow/example_dags/example_kubernetes_executor.py took 0.020 seconds
[2024-06-18T13:36:42.918+0530] {processor.py:161} INFO - Started process (PID=30613) to work on /home/kiit/airflow-env/lib/python3.8/site-packages/airflow/example_dags/example_kubernetes_executor.py
[2024-06-18T13:36:42.924+0530] {processor.py:830} INFO - Processing file /home/kiit/airflow-env/lib/python3.8/site-packages/airflow/example_dags/example_kubernetes_executor.py for tasks to queue
[2024-06-18T13:36:42.926+0530] {logging_mixin.py:188} INFO - [2024-06-18T13:36:42.925+0530] {dagbag.py:545} INFO - Filling up the DagBag from /home/kiit/airflow-env/lib/python3.8/site-packages/airflow/example_dags/example_kubernetes_executor.py
[2024-06-18T13:36:42.928+0530] {logging_mixin.py:188} INFO - [2024-06-18T13:36:42.927+0530] {example_kubernetes_executor.py:39} WARNING - The example_kubernetes_executor example DAG requires the kubernetes provider. Please install it with: pip install apache-airflow[cncf.kubernetes]
[2024-06-18T13:36:42.928+0530] {processor.py:842} WARNING - No viable dags retrieved from /home/kiit/airflow-env/lib/python3.8/site-packages/airflow/example_dags/example_kubernetes_executor.py
[2024-06-18T13:36:42.934+0530] {processor.py:183} INFO - Processing /home/kiit/airflow-env/lib/python3.8/site-packages/airflow/example_dags/example_kubernetes_executor.py took 0.021 seconds
[2024-06-18T13:37:23.458+0530] {processor.py:161} INFO - Started process (PID=30661) to work on /home/kiit/airflow-env/lib/python3.8/site-packages/airflow/example_dags/example_kubernetes_executor.py
[2024-06-18T13:37:23.460+0530] {processor.py:830} INFO - Processing file /home/kiit/airflow-env/lib/python3.8/site-packages/airflow/example_dags/example_kubernetes_executor.py for tasks to queue
[2024-06-18T13:37:23.461+0530] {logging_mixin.py:188} INFO - [2024-06-18T13:37:23.461+0530] {dagbag.py:545} INFO - Filling up the DagBag from /home/kiit/airflow-env/lib/python3.8/site-packages/airflow/example_dags/example_kubernetes_executor.py
[2024-06-18T13:37:23.464+0530] {logging_mixin.py:188} INFO - [2024-06-18T13:37:23.464+0530] {example_kubernetes_executor.py:39} WARNING - The example_kubernetes_executor example DAG requires the kubernetes provider. Please install it with: pip install apache-airflow[cncf.kubernetes]
[2024-06-18T13:37:23.464+0530] {processor.py:842} WARNING - No viable dags retrieved from /home/kiit/airflow-env/lib/python3.8/site-packages/airflow/example_dags/example_kubernetes_executor.py
[2024-06-18T13:37:23.474+0530] {processor.py:183} INFO - Processing /home/kiit/airflow-env/lib/python3.8/site-packages/airflow/example_dags/example_kubernetes_executor.py took 0.023 seconds
[2024-06-18T13:38:10.826+0530] {processor.py:161} INFO - Started process (PID=30712) to work on /home/kiit/airflow-env/lib/python3.8/site-packages/airflow/example_dags/example_kubernetes_executor.py
[2024-06-18T13:38:10.827+0530] {processor.py:830} INFO - Processing file /home/kiit/airflow-env/lib/python3.8/site-packages/airflow/example_dags/example_kubernetes_executor.py for tasks to queue
[2024-06-18T13:38:10.830+0530] {logging_mixin.py:188} INFO - [2024-06-18T13:38:10.829+0530] {dagbag.py:545} INFO - Filling up the DagBag from /home/kiit/airflow-env/lib/python3.8/site-packages/airflow/example_dags/example_kubernetes_executor.py
[2024-06-18T13:38:10.835+0530] {logging_mixin.py:188} INFO - [2024-06-18T13:38:10.835+0530] {example_kubernetes_executor.py:39} WARNING - The example_kubernetes_executor example DAG requires the kubernetes provider. Please install it with: pip install apache-airflow[cncf.kubernetes]
[2024-06-18T13:38:10.835+0530] {processor.py:842} WARNING - No viable dags retrieved from /home/kiit/airflow-env/lib/python3.8/site-packages/airflow/example_dags/example_kubernetes_executor.py
[2024-06-18T13:38:10.845+0530] {processor.py:183} INFO - Processing /home/kiit/airflow-env/lib/python3.8/site-packages/airflow/example_dags/example_kubernetes_executor.py took 0.030 seconds
[2024-06-18T13:39:07.551+0530] {processor.py:161} INFO - Started process (PID=30772) to work on /home/kiit/airflow-env/lib/python3.8/site-packages/airflow/example_dags/example_kubernetes_executor.py
[2024-06-18T13:39:07.558+0530] {processor.py:830} INFO - Processing file /home/kiit/airflow-env/lib/python3.8/site-packages/airflow/example_dags/example_kubernetes_executor.py for tasks to queue
[2024-06-18T13:39:07.560+0530] {logging_mixin.py:188} INFO - [2024-06-18T13:39:07.560+0530] {dagbag.py:545} INFO - Filling up the DagBag from /home/kiit/airflow-env/lib/python3.8/site-packages/airflow/example_dags/example_kubernetes_executor.py
[2024-06-18T13:39:07.563+0530] {logging_mixin.py:188} INFO - [2024-06-18T13:39:07.562+0530] {example_kubernetes_executor.py:39} WARNING - The example_kubernetes_executor example DAG requires the kubernetes provider. Please install it with: pip install apache-airflow[cncf.kubernetes]
[2024-06-18T13:39:07.563+0530] {processor.py:842} WARNING - No viable dags retrieved from /home/kiit/airflow-env/lib/python3.8/site-packages/airflow/example_dags/example_kubernetes_executor.py
[2024-06-18T13:39:07.574+0530] {processor.py:183} INFO - Processing /home/kiit/airflow-env/lib/python3.8/site-packages/airflow/example_dags/example_kubernetes_executor.py took 0.029 seconds
[2024-06-18T13:39:46.807+0530] {processor.py:161} INFO - Started process (PID=30820) to work on /home/kiit/airflow-env/lib/python3.8/site-packages/airflow/example_dags/example_kubernetes_executor.py
[2024-06-18T13:39:46.809+0530] {processor.py:830} INFO - Processing file /home/kiit/airflow-env/lib/python3.8/site-packages/airflow/example_dags/example_kubernetes_executor.py for tasks to queue
[2024-06-18T13:39:46.810+0530] {logging_mixin.py:188} INFO - [2024-06-18T13:39:46.810+0530] {dagbag.py:545} INFO - Filling up the DagBag from /home/kiit/airflow-env/lib/python3.8/site-packages/airflow/example_dags/example_kubernetes_executor.py
[2024-06-18T13:39:46.812+0530] {logging_mixin.py:188} INFO - [2024-06-18T13:39:46.812+0530] {example_kubernetes_executor.py:39} WARNING - The example_kubernetes_executor example DAG requires the kubernetes provider. Please install it with: pip install apache-airflow[cncf.kubernetes]
[2024-06-18T13:39:46.812+0530] {processor.py:842} WARNING - No viable dags retrieved from /home/kiit/airflow-env/lib/python3.8/site-packages/airflow/example_dags/example_kubernetes_executor.py
[2024-06-18T13:39:46.819+0530] {processor.py:183} INFO - Processing /home/kiit/airflow-env/lib/python3.8/site-packages/airflow/example_dags/example_kubernetes_executor.py took 0.016 seconds
[2024-06-18T13:40:27.716+0530] {processor.py:161} INFO - Started process (PID=30935) to work on /home/kiit/airflow-env/lib/python3.8/site-packages/airflow/example_dags/example_kubernetes_executor.py
[2024-06-18T13:40:27.717+0530] {processor.py:830} INFO - Processing file /home/kiit/airflow-env/lib/python3.8/site-packages/airflow/example_dags/example_kubernetes_executor.py for tasks to queue
[2024-06-18T13:40:27.719+0530] {logging_mixin.py:188} INFO - [2024-06-18T13:40:27.718+0530] {dagbag.py:545} INFO - Filling up the DagBag from /home/kiit/airflow-env/lib/python3.8/site-packages/airflow/example_dags/example_kubernetes_executor.py
[2024-06-18T13:40:27.721+0530] {logging_mixin.py:188} INFO - [2024-06-18T13:40:27.721+0530] {example_kubernetes_executor.py:39} WARNING - The example_kubernetes_executor example DAG requires the kubernetes provider. Please install it with: pip install apache-airflow[cncf.kubernetes]
[2024-06-18T13:40:27.721+0530] {processor.py:842} WARNING - No viable dags retrieved from /home/kiit/airflow-env/lib/python3.8/site-packages/airflow/example_dags/example_kubernetes_executor.py
[2024-06-18T13:40:27.728+0530] {processor.py:183} INFO - Processing /home/kiit/airflow-env/lib/python3.8/site-packages/airflow/example_dags/example_kubernetes_executor.py took 0.018 seconds
[2024-06-18T13:41:09.388+0530] {processor.py:161} INFO - Started process (PID=30984) to work on /home/kiit/airflow-env/lib/python3.8/site-packages/airflow/example_dags/example_kubernetes_executor.py
[2024-06-18T13:41:09.389+0530] {processor.py:830} INFO - Processing file /home/kiit/airflow-env/lib/python3.8/site-packages/airflow/example_dags/example_kubernetes_executor.py for tasks to queue
[2024-06-18T13:41:09.390+0530] {logging_mixin.py:188} INFO - [2024-06-18T13:41:09.390+0530] {dagbag.py:545} INFO - Filling up the DagBag from /home/kiit/airflow-env/lib/python3.8/site-packages/airflow/example_dags/example_kubernetes_executor.py
[2024-06-18T13:41:09.393+0530] {logging_mixin.py:188} INFO - [2024-06-18T13:41:09.392+0530] {example_kubernetes_executor.py:39} WARNING - The example_kubernetes_executor example DAG requires the kubernetes provider. Please install it with: pip install apache-airflow[cncf.kubernetes]
[2024-06-18T13:41:09.393+0530] {processor.py:842} WARNING - No viable dags retrieved from /home/kiit/airflow-env/lib/python3.8/site-packages/airflow/example_dags/example_kubernetes_executor.py
[2024-06-18T13:41:09.403+0530] {processor.py:183} INFO - Processing /home/kiit/airflow-env/lib/python3.8/site-packages/airflow/example_dags/example_kubernetes_executor.py took 0.023 seconds
[2024-06-18T13:41:49.971+0530] {processor.py:161} INFO - Started process (PID=31033) to work on /home/kiit/airflow-env/lib/python3.8/site-packages/airflow/example_dags/example_kubernetes_executor.py
[2024-06-18T13:41:49.978+0530] {processor.py:830} INFO - Processing file /home/kiit/airflow-env/lib/python3.8/site-packages/airflow/example_dags/example_kubernetes_executor.py for tasks to queue
[2024-06-18T13:41:49.980+0530] {logging_mixin.py:188} INFO - [2024-06-18T13:41:49.979+0530] {dagbag.py:545} INFO - Filling up the DagBag from /home/kiit/airflow-env/lib/python3.8/site-packages/airflow/example_dags/example_kubernetes_executor.py
[2024-06-18T13:41:49.982+0530] {logging_mixin.py:188} INFO - [2024-06-18T13:41:49.982+0530] {example_kubernetes_executor.py:39} WARNING - The example_kubernetes_executor example DAG requires the kubernetes provider. Please install it with: pip install apache-airflow[cncf.kubernetes]
[2024-06-18T13:41:49.982+0530] {processor.py:842} WARNING - No viable dags retrieved from /home/kiit/airflow-env/lib/python3.8/site-packages/airflow/example_dags/example_kubernetes_executor.py
[2024-06-18T13:41:49.993+0530] {processor.py:183} INFO - Processing /home/kiit/airflow-env/lib/python3.8/site-packages/airflow/example_dags/example_kubernetes_executor.py took 0.027 seconds
[2024-06-18T15:05:48.999+0530] {processor.py:161} INFO - Started process (PID=33600) to work on /home/kiit/airflow-env/lib/python3.8/site-packages/airflow/example_dags/example_kubernetes_executor.py
[2024-06-18T15:05:49.000+0530] {processor.py:830} INFO - Processing file /home/kiit/airflow-env/lib/python3.8/site-packages/airflow/example_dags/example_kubernetes_executor.py for tasks to queue
[2024-06-18T15:05:49.002+0530] {logging_mixin.py:188} INFO - [2024-06-18T15:05:49.002+0530] {dagbag.py:545} INFO - Filling up the DagBag from /home/kiit/airflow-env/lib/python3.8/site-packages/airflow/example_dags/example_kubernetes_executor.py
[2024-06-18T15:05:49.006+0530] {logging_mixin.py:188} INFO - [2024-06-18T15:05:49.006+0530] {example_kubernetes_executor.py:39} WARNING - The example_kubernetes_executor example DAG requires the kubernetes provider. Please install it with: pip install apache-airflow[cncf.kubernetes]
[2024-06-18T15:05:49.006+0530] {processor.py:842} WARNING - No viable dags retrieved from /home/kiit/airflow-env/lib/python3.8/site-packages/airflow/example_dags/example_kubernetes_executor.py
[2024-06-18T15:05:49.023+0530] {processor.py:183} INFO - Processing /home/kiit/airflow-env/lib/python3.8/site-packages/airflow/example_dags/example_kubernetes_executor.py took 0.032 seconds
[2024-06-18T15:06:20.240+0530] {processor.py:161} INFO - Started process (PID=33661) to work on /home/kiit/airflow-env/lib/python3.8/site-packages/airflow/example_dags/example_kubernetes_executor.py
[2024-06-18T15:06:20.241+0530] {processor.py:830} INFO - Processing file /home/kiit/airflow-env/lib/python3.8/site-packages/airflow/example_dags/example_kubernetes_executor.py for tasks to queue
[2024-06-18T15:06:20.242+0530] {logging_mixin.py:188} INFO - [2024-06-18T15:06:20.242+0530] {dagbag.py:545} INFO - Filling up the DagBag from /home/kiit/airflow-env/lib/python3.8/site-packages/airflow/example_dags/example_kubernetes_executor.py
[2024-06-18T15:06:20.245+0530] {logging_mixin.py:188} INFO - [2024-06-18T15:06:20.245+0530] {example_kubernetes_executor.py:39} WARNING - The example_kubernetes_executor example DAG requires the kubernetes provider. Please install it with: pip install apache-airflow[cncf.kubernetes]
[2024-06-18T15:06:20.245+0530] {processor.py:842} WARNING - No viable dags retrieved from /home/kiit/airflow-env/lib/python3.8/site-packages/airflow/example_dags/example_kubernetes_executor.py
[2024-06-18T15:06:20.262+0530] {processor.py:183} INFO - Processing /home/kiit/airflow-env/lib/python3.8/site-packages/airflow/example_dags/example_kubernetes_executor.py took 0.029 seconds
[2024-06-18T15:06:50.552+0530] {processor.py:161} INFO - Started process (PID=33719) to work on /home/kiit/airflow-env/lib/python3.8/site-packages/airflow/example_dags/example_kubernetes_executor.py
[2024-06-18T15:06:50.553+0530] {processor.py:830} INFO - Processing file /home/kiit/airflow-env/lib/python3.8/site-packages/airflow/example_dags/example_kubernetes_executor.py for tasks to queue
[2024-06-18T15:06:50.555+0530] {logging_mixin.py:188} INFO - [2024-06-18T15:06:50.555+0530] {dagbag.py:545} INFO - Filling up the DagBag from /home/kiit/airflow-env/lib/python3.8/site-packages/airflow/example_dags/example_kubernetes_executor.py
[2024-06-18T15:06:50.557+0530] {logging_mixin.py:188} INFO - [2024-06-18T15:06:50.557+0530] {example_kubernetes_executor.py:39} WARNING - The example_kubernetes_executor example DAG requires the kubernetes provider. Please install it with: pip install apache-airflow[cncf.kubernetes]
[2024-06-18T15:06:50.557+0530] {processor.py:842} WARNING - No viable dags retrieved from /home/kiit/airflow-env/lib/python3.8/site-packages/airflow/example_dags/example_kubernetes_executor.py
[2024-06-18T15:06:50.571+0530] {processor.py:183} INFO - Processing /home/kiit/airflow-env/lib/python3.8/site-packages/airflow/example_dags/example_kubernetes_executor.py took 0.024 seconds
[2024-06-18T15:07:21.593+0530] {processor.py:161} INFO - Started process (PID=33779) to work on /home/kiit/airflow-env/lib/python3.8/site-packages/airflow/example_dags/example_kubernetes_executor.py
[2024-06-18T15:07:21.594+0530] {processor.py:830} INFO - Processing file /home/kiit/airflow-env/lib/python3.8/site-packages/airflow/example_dags/example_kubernetes_executor.py for tasks to queue
[2024-06-18T15:07:21.595+0530] {logging_mixin.py:188} INFO - [2024-06-18T15:07:21.595+0530] {dagbag.py:545} INFO - Filling up the DagBag from /home/kiit/airflow-env/lib/python3.8/site-packages/airflow/example_dags/example_kubernetes_executor.py
[2024-06-18T15:07:21.597+0530] {logging_mixin.py:188} INFO - [2024-06-18T15:07:21.597+0530] {example_kubernetes_executor.py:39} WARNING - The example_kubernetes_executor example DAG requires the kubernetes provider. Please install it with: pip install apache-airflow[cncf.kubernetes]
[2024-06-18T15:07:21.598+0530] {processor.py:842} WARNING - No viable dags retrieved from /home/kiit/airflow-env/lib/python3.8/site-packages/airflow/example_dags/example_kubernetes_executor.py
[2024-06-18T15:07:21.612+0530] {processor.py:183} INFO - Processing /home/kiit/airflow-env/lib/python3.8/site-packages/airflow/example_dags/example_kubernetes_executor.py took 0.025 seconds
[2024-06-18T15:07:52.368+0530] {processor.py:161} INFO - Started process (PID=33838) to work on /home/kiit/airflow-env/lib/python3.8/site-packages/airflow/example_dags/example_kubernetes_executor.py
[2024-06-18T15:07:52.369+0530] {processor.py:830} INFO - Processing file /home/kiit/airflow-env/lib/python3.8/site-packages/airflow/example_dags/example_kubernetes_executor.py for tasks to queue
[2024-06-18T15:07:52.371+0530] {logging_mixin.py:188} INFO - [2024-06-18T15:07:52.371+0530] {dagbag.py:545} INFO - Filling up the DagBag from /home/kiit/airflow-env/lib/python3.8/site-packages/airflow/example_dags/example_kubernetes_executor.py
[2024-06-18T15:07:52.373+0530] {logging_mixin.py:188} INFO - [2024-06-18T15:07:52.373+0530] {example_kubernetes_executor.py:39} WARNING - The example_kubernetes_executor example DAG requires the kubernetes provider. Please install it with: pip install apache-airflow[cncf.kubernetes]
[2024-06-18T15:07:52.373+0530] {processor.py:842} WARNING - No viable dags retrieved from /home/kiit/airflow-env/lib/python3.8/site-packages/airflow/example_dags/example_kubernetes_executor.py
[2024-06-18T15:07:52.388+0530] {processor.py:183} INFO - Processing /home/kiit/airflow-env/lib/python3.8/site-packages/airflow/example_dags/example_kubernetes_executor.py took 0.026 seconds
[2024-06-18T15:08:23.270+0530] {processor.py:161} INFO - Started process (PID=33897) to work on /home/kiit/airflow-env/lib/python3.8/site-packages/airflow/example_dags/example_kubernetes_executor.py
[2024-06-18T15:08:23.271+0530] {processor.py:830} INFO - Processing file /home/kiit/airflow-env/lib/python3.8/site-packages/airflow/example_dags/example_kubernetes_executor.py for tasks to queue
[2024-06-18T15:08:23.272+0530] {logging_mixin.py:188} INFO - [2024-06-18T15:08:23.272+0530] {dagbag.py:545} INFO - Filling up the DagBag from /home/kiit/airflow-env/lib/python3.8/site-packages/airflow/example_dags/example_kubernetes_executor.py
[2024-06-18T15:08:23.274+0530] {logging_mixin.py:188} INFO - [2024-06-18T15:08:23.274+0530] {example_kubernetes_executor.py:39} WARNING - The example_kubernetes_executor example DAG requires the kubernetes provider. Please install it with: pip install apache-airflow[cncf.kubernetes]
[2024-06-18T15:08:23.275+0530] {processor.py:842} WARNING - No viable dags retrieved from /home/kiit/airflow-env/lib/python3.8/site-packages/airflow/example_dags/example_kubernetes_executor.py
[2024-06-18T15:08:23.290+0530] {processor.py:183} INFO - Processing /home/kiit/airflow-env/lib/python3.8/site-packages/airflow/example_dags/example_kubernetes_executor.py took 0.027 seconds
[2024-06-18T15:08:54.282+0530] {processor.py:161} INFO - Started process (PID=33957) to work on /home/kiit/airflow-env/lib/python3.8/site-packages/airflow/example_dags/example_kubernetes_executor.py
[2024-06-18T15:08:54.284+0530] {processor.py:830} INFO - Processing file /home/kiit/airflow-env/lib/python3.8/site-packages/airflow/example_dags/example_kubernetes_executor.py for tasks to queue
[2024-06-18T15:08:54.285+0530] {logging_mixin.py:188} INFO - [2024-06-18T15:08:54.285+0530] {dagbag.py:545} INFO - Filling up the DagBag from /home/kiit/airflow-env/lib/python3.8/site-packages/airflow/example_dags/example_kubernetes_executor.py
[2024-06-18T15:08:54.287+0530] {logging_mixin.py:188} INFO - [2024-06-18T15:08:54.287+0530] {example_kubernetes_executor.py:39} WARNING - The example_kubernetes_executor example DAG requires the kubernetes provider. Please install it with: pip install apache-airflow[cncf.kubernetes]
[2024-06-18T15:08:54.288+0530] {processor.py:842} WARNING - No viable dags retrieved from /home/kiit/airflow-env/lib/python3.8/site-packages/airflow/example_dags/example_kubernetes_executor.py
[2024-06-18T15:08:54.302+0530] {processor.py:183} INFO - Processing /home/kiit/airflow-env/lib/python3.8/site-packages/airflow/example_dags/example_kubernetes_executor.py took 0.026 seconds
[2024-06-18T15:09:24.764+0530] {processor.py:161} INFO - Started process (PID=34017) to work on /home/kiit/airflow-env/lib/python3.8/site-packages/airflow/example_dags/example_kubernetes_executor.py
[2024-06-18T15:09:24.765+0530] {processor.py:830} INFO - Processing file /home/kiit/airflow-env/lib/python3.8/site-packages/airflow/example_dags/example_kubernetes_executor.py for tasks to queue
[2024-06-18T15:09:24.767+0530] {logging_mixin.py:188} INFO - [2024-06-18T15:09:24.766+0530] {dagbag.py:545} INFO - Filling up the DagBag from /home/kiit/airflow-env/lib/python3.8/site-packages/airflow/example_dags/example_kubernetes_executor.py
[2024-06-18T15:09:24.768+0530] {logging_mixin.py:188} INFO - [2024-06-18T15:09:24.768+0530] {example_kubernetes_executor.py:39} WARNING - The example_kubernetes_executor example DAG requires the kubernetes provider. Please install it with: pip install apache-airflow[cncf.kubernetes]
[2024-06-18T15:09:24.769+0530] {processor.py:842} WARNING - No viable dags retrieved from /home/kiit/airflow-env/lib/python3.8/site-packages/airflow/example_dags/example_kubernetes_executor.py
[2024-06-18T15:09:24.782+0530] {processor.py:183} INFO - Processing /home/kiit/airflow-env/lib/python3.8/site-packages/airflow/example_dags/example_kubernetes_executor.py took 0.022 seconds
[2024-06-18T15:09:55.037+0530] {processor.py:161} INFO - Started process (PID=34075) to work on /home/kiit/airflow-env/lib/python3.8/site-packages/airflow/example_dags/example_kubernetes_executor.py
[2024-06-18T15:09:55.038+0530] {processor.py:830} INFO - Processing file /home/kiit/airflow-env/lib/python3.8/site-packages/airflow/example_dags/example_kubernetes_executor.py for tasks to queue
[2024-06-18T15:09:55.039+0530] {logging_mixin.py:188} INFO - [2024-06-18T15:09:55.039+0530] {dagbag.py:545} INFO - Filling up the DagBag from /home/kiit/airflow-env/lib/python3.8/site-packages/airflow/example_dags/example_kubernetes_executor.py
[2024-06-18T15:09:55.041+0530] {logging_mixin.py:188} INFO - [2024-06-18T15:09:55.041+0530] {example_kubernetes_executor.py:39} WARNING - The example_kubernetes_executor example DAG requires the kubernetes provider. Please install it with: pip install apache-airflow[cncf.kubernetes]
[2024-06-18T15:09:55.041+0530] {processor.py:842} WARNING - No viable dags retrieved from /home/kiit/airflow-env/lib/python3.8/site-packages/airflow/example_dags/example_kubernetes_executor.py
[2024-06-18T15:09:55.053+0530] {processor.py:183} INFO - Processing /home/kiit/airflow-env/lib/python3.8/site-packages/airflow/example_dags/example_kubernetes_executor.py took 0.021 seconds
[2024-06-18T15:10:25.143+0530] {processor.py:161} INFO - Started process (PID=34134) to work on /home/kiit/airflow-env/lib/python3.8/site-packages/airflow/example_dags/example_kubernetes_executor.py
[2024-06-18T15:10:25.144+0530] {processor.py:830} INFO - Processing file /home/kiit/airflow-env/lib/python3.8/site-packages/airflow/example_dags/example_kubernetes_executor.py for tasks to queue
[2024-06-18T15:10:25.145+0530] {logging_mixin.py:188} INFO - [2024-06-18T15:10:25.145+0530] {dagbag.py:545} INFO - Filling up the DagBag from /home/kiit/airflow-env/lib/python3.8/site-packages/airflow/example_dags/example_kubernetes_executor.py
[2024-06-18T15:10:25.149+0530] {logging_mixin.py:188} INFO - [2024-06-18T15:10:25.149+0530] {example_kubernetes_executor.py:39} WARNING - The example_kubernetes_executor example DAG requires the kubernetes provider. Please install it with: pip install apache-airflow[cncf.kubernetes]
[2024-06-18T15:10:25.149+0530] {processor.py:842} WARNING - No viable dags retrieved from /home/kiit/airflow-env/lib/python3.8/site-packages/airflow/example_dags/example_kubernetes_executor.py
[2024-06-18T15:10:25.165+0530] {processor.py:183} INFO - Processing /home/kiit/airflow-env/lib/python3.8/site-packages/airflow/example_dags/example_kubernetes_executor.py took 0.028 seconds
[2024-06-18T15:10:55.674+0530] {processor.py:161} INFO - Started process (PID=34195) to work on /home/kiit/airflow-env/lib/python3.8/site-packages/airflow/example_dags/example_kubernetes_executor.py
[2024-06-18T15:10:55.675+0530] {processor.py:830} INFO - Processing file /home/kiit/airflow-env/lib/python3.8/site-packages/airflow/example_dags/example_kubernetes_executor.py for tasks to queue
[2024-06-18T15:10:55.676+0530] {logging_mixin.py:188} INFO - [2024-06-18T15:10:55.676+0530] {dagbag.py:545} INFO - Filling up the DagBag from /home/kiit/airflow-env/lib/python3.8/site-packages/airflow/example_dags/example_kubernetes_executor.py
[2024-06-18T15:10:55.679+0530] {logging_mixin.py:188} INFO - [2024-06-18T15:10:55.679+0530] {example_kubernetes_executor.py:39} WARNING - The example_kubernetes_executor example DAG requires the kubernetes provider. Please install it with: pip install apache-airflow[cncf.kubernetes]
[2024-06-18T15:10:55.679+0530] {processor.py:842} WARNING - No viable dags retrieved from /home/kiit/airflow-env/lib/python3.8/site-packages/airflow/example_dags/example_kubernetes_executor.py
[2024-06-18T15:10:55.692+0530] {processor.py:183} INFO - Processing /home/kiit/airflow-env/lib/python3.8/site-packages/airflow/example_dags/example_kubernetes_executor.py took 0.024 seconds
[2024-06-18T15:11:25.864+0530] {processor.py:161} INFO - Started process (PID=34254) to work on /home/kiit/airflow-env/lib/python3.8/site-packages/airflow/example_dags/example_kubernetes_executor.py
[2024-06-18T15:11:25.865+0530] {processor.py:830} INFO - Processing file /home/kiit/airflow-env/lib/python3.8/site-packages/airflow/example_dags/example_kubernetes_executor.py for tasks to queue
[2024-06-18T15:11:25.866+0530] {logging_mixin.py:188} INFO - [2024-06-18T15:11:25.866+0530] {dagbag.py:545} INFO - Filling up the DagBag from /home/kiit/airflow-env/lib/python3.8/site-packages/airflow/example_dags/example_kubernetes_executor.py
[2024-06-18T15:11:25.868+0530] {logging_mixin.py:188} INFO - [2024-06-18T15:11:25.868+0530] {example_kubernetes_executor.py:39} WARNING - The example_kubernetes_executor example DAG requires the kubernetes provider. Please install it with: pip install apache-airflow[cncf.kubernetes]
[2024-06-18T15:11:25.868+0530] {processor.py:842} WARNING - No viable dags retrieved from /home/kiit/airflow-env/lib/python3.8/site-packages/airflow/example_dags/example_kubernetes_executor.py
[2024-06-18T15:11:25.881+0530] {processor.py:183} INFO - Processing /home/kiit/airflow-env/lib/python3.8/site-packages/airflow/example_dags/example_kubernetes_executor.py took 0.023 seconds
[2024-06-18T15:11:55.924+0530] {processor.py:161} INFO - Started process (PID=34305) to work on /home/kiit/airflow-env/lib/python3.8/site-packages/airflow/example_dags/example_kubernetes_executor.py
[2024-06-18T15:11:55.925+0530] {processor.py:830} INFO - Processing file /home/kiit/airflow-env/lib/python3.8/site-packages/airflow/example_dags/example_kubernetes_executor.py for tasks to queue
[2024-06-18T15:11:55.926+0530] {logging_mixin.py:188} INFO - [2024-06-18T15:11:55.926+0530] {dagbag.py:545} INFO - Filling up the DagBag from /home/kiit/airflow-env/lib/python3.8/site-packages/airflow/example_dags/example_kubernetes_executor.py
[2024-06-18T15:11:55.928+0530] {logging_mixin.py:188} INFO - [2024-06-18T15:11:55.928+0530] {example_kubernetes_executor.py:39} WARNING - The example_kubernetes_executor example DAG requires the kubernetes provider. Please install it with: pip install apache-airflow[cncf.kubernetes]
[2024-06-18T15:11:55.928+0530] {processor.py:842} WARNING - No viable dags retrieved from /home/kiit/airflow-env/lib/python3.8/site-packages/airflow/example_dags/example_kubernetes_executor.py
[2024-06-18T15:11:55.942+0530] {processor.py:183} INFO - Processing /home/kiit/airflow-env/lib/python3.8/site-packages/airflow/example_dags/example_kubernetes_executor.py took 0.024 seconds
[2024-06-18T15:12:26.233+0530] {processor.py:161} INFO - Started process (PID=34365) to work on /home/kiit/airflow-env/lib/python3.8/site-packages/airflow/example_dags/example_kubernetes_executor.py
[2024-06-18T15:12:26.234+0530] {processor.py:830} INFO - Processing file /home/kiit/airflow-env/lib/python3.8/site-packages/airflow/example_dags/example_kubernetes_executor.py for tasks to queue
[2024-06-18T15:12:26.236+0530] {logging_mixin.py:188} INFO - [2024-06-18T15:12:26.235+0530] {dagbag.py:545} INFO - Filling up the DagBag from /home/kiit/airflow-env/lib/python3.8/site-packages/airflow/example_dags/example_kubernetes_executor.py
[2024-06-18T15:12:26.237+0530] {logging_mixin.py:188} INFO - [2024-06-18T15:12:26.237+0530] {example_kubernetes_executor.py:39} WARNING - The example_kubernetes_executor example DAG requires the kubernetes provider. Please install it with: pip install apache-airflow[cncf.kubernetes]
[2024-06-18T15:12:26.238+0530] {processor.py:842} WARNING - No viable dags retrieved from /home/kiit/airflow-env/lib/python3.8/site-packages/airflow/example_dags/example_kubernetes_executor.py
[2024-06-18T15:12:26.252+0530] {processor.py:183} INFO - Processing /home/kiit/airflow-env/lib/python3.8/site-packages/airflow/example_dags/example_kubernetes_executor.py took 0.026 seconds
[2024-06-18T15:12:56.577+0530] {processor.py:161} INFO - Started process (PID=34424) to work on /home/kiit/airflow-env/lib/python3.8/site-packages/airflow/example_dags/example_kubernetes_executor.py
[2024-06-18T15:12:56.578+0530] {processor.py:830} INFO - Processing file /home/kiit/airflow-env/lib/python3.8/site-packages/airflow/example_dags/example_kubernetes_executor.py for tasks to queue
[2024-06-18T15:12:56.580+0530] {logging_mixin.py:188} INFO - [2024-06-18T15:12:56.580+0530] {dagbag.py:545} INFO - Filling up the DagBag from /home/kiit/airflow-env/lib/python3.8/site-packages/airflow/example_dags/example_kubernetes_executor.py
[2024-06-18T15:12:56.584+0530] {logging_mixin.py:188} INFO - [2024-06-18T15:12:56.583+0530] {example_kubernetes_executor.py:39} WARNING - The example_kubernetes_executor example DAG requires the kubernetes provider. Please install it with: pip install apache-airflow[cncf.kubernetes]
[2024-06-18T15:12:56.584+0530] {processor.py:842} WARNING - No viable dags retrieved from /home/kiit/airflow-env/lib/python3.8/site-packages/airflow/example_dags/example_kubernetes_executor.py
[2024-06-18T15:12:56.600+0530] {processor.py:183} INFO - Processing /home/kiit/airflow-env/lib/python3.8/site-packages/airflow/example_dags/example_kubernetes_executor.py took 0.030 seconds
[2024-06-18T15:13:26.799+0530] {processor.py:161} INFO - Started process (PID=34483) to work on /home/kiit/airflow-env/lib/python3.8/site-packages/airflow/example_dags/example_kubernetes_executor.py
[2024-06-18T15:13:26.801+0530] {processor.py:830} INFO - Processing file /home/kiit/airflow-env/lib/python3.8/site-packages/airflow/example_dags/example_kubernetes_executor.py for tasks to queue
[2024-06-18T15:13:26.802+0530] {logging_mixin.py:188} INFO - [2024-06-18T15:13:26.802+0530] {dagbag.py:545} INFO - Filling up the DagBag from /home/kiit/airflow-env/lib/python3.8/site-packages/airflow/example_dags/example_kubernetes_executor.py
[2024-06-18T15:13:26.805+0530] {logging_mixin.py:188} INFO - [2024-06-18T15:13:26.805+0530] {example_kubernetes_executor.py:39} WARNING - The example_kubernetes_executor example DAG requires the kubernetes provider. Please install it with: pip install apache-airflow[cncf.kubernetes]
[2024-06-18T15:13:26.806+0530] {processor.py:842} WARNING - No viable dags retrieved from /home/kiit/airflow-env/lib/python3.8/site-packages/airflow/example_dags/example_kubernetes_executor.py
[2024-06-18T15:13:26.818+0530] {processor.py:183} INFO - Processing /home/kiit/airflow-env/lib/python3.8/site-packages/airflow/example_dags/example_kubernetes_executor.py took 0.024 seconds
[2024-06-18T15:13:57.155+0530] {processor.py:161} INFO - Started process (PID=34542) to work on /home/kiit/airflow-env/lib/python3.8/site-packages/airflow/example_dags/example_kubernetes_executor.py
[2024-06-18T15:13:57.156+0530] {processor.py:830} INFO - Processing file /home/kiit/airflow-env/lib/python3.8/site-packages/airflow/example_dags/example_kubernetes_executor.py for tasks to queue
[2024-06-18T15:13:57.157+0530] {logging_mixin.py:188} INFO - [2024-06-18T15:13:57.157+0530] {dagbag.py:545} INFO - Filling up the DagBag from /home/kiit/airflow-env/lib/python3.8/site-packages/airflow/example_dags/example_kubernetes_executor.py
[2024-06-18T15:13:57.159+0530] {logging_mixin.py:188} INFO - [2024-06-18T15:13:57.158+0530] {example_kubernetes_executor.py:39} WARNING - The example_kubernetes_executor example DAG requires the kubernetes provider. Please install it with: pip install apache-airflow[cncf.kubernetes]
[2024-06-18T15:13:57.159+0530] {processor.py:842} WARNING - No viable dags retrieved from /home/kiit/airflow-env/lib/python3.8/site-packages/airflow/example_dags/example_kubernetes_executor.py
[2024-06-18T15:13:57.173+0530] {processor.py:183} INFO - Processing /home/kiit/airflow-env/lib/python3.8/site-packages/airflow/example_dags/example_kubernetes_executor.py took 0.024 seconds
[2024-06-18T15:14:27.403+0530] {processor.py:161} INFO - Started process (PID=34601) to work on /home/kiit/airflow-env/lib/python3.8/site-packages/airflow/example_dags/example_kubernetes_executor.py
[2024-06-18T15:14:27.404+0530] {processor.py:830} INFO - Processing file /home/kiit/airflow-env/lib/python3.8/site-packages/airflow/example_dags/example_kubernetes_executor.py for tasks to queue
[2024-06-18T15:14:27.405+0530] {logging_mixin.py:188} INFO - [2024-06-18T15:14:27.404+0530] {dagbag.py:545} INFO - Filling up the DagBag from /home/kiit/airflow-env/lib/python3.8/site-packages/airflow/example_dags/example_kubernetes_executor.py
[2024-06-18T15:14:27.407+0530] {logging_mixin.py:188} INFO - [2024-06-18T15:14:27.406+0530] {example_kubernetes_executor.py:39} WARNING - The example_kubernetes_executor example DAG requires the kubernetes provider. Please install it with: pip install apache-airflow[cncf.kubernetes]
[2024-06-18T15:14:27.407+0530] {processor.py:842} WARNING - No viable dags retrieved from /home/kiit/airflow-env/lib/python3.8/site-packages/airflow/example_dags/example_kubernetes_executor.py
[2024-06-18T15:14:27.420+0530] {processor.py:183} INFO - Processing /home/kiit/airflow-env/lib/python3.8/site-packages/airflow/example_dags/example_kubernetes_executor.py took 0.022 seconds
[2024-06-18T15:14:57.741+0530] {processor.py:161} INFO - Started process (PID=34660) to work on /home/kiit/airflow-env/lib/python3.8/site-packages/airflow/example_dags/example_kubernetes_executor.py
[2024-06-18T15:14:57.741+0530] {processor.py:830} INFO - Processing file /home/kiit/airflow-env/lib/python3.8/site-packages/airflow/example_dags/example_kubernetes_executor.py for tasks to queue
[2024-06-18T15:14:57.742+0530] {logging_mixin.py:188} INFO - [2024-06-18T15:14:57.742+0530] {dagbag.py:545} INFO - Filling up the DagBag from /home/kiit/airflow-env/lib/python3.8/site-packages/airflow/example_dags/example_kubernetes_executor.py
[2024-06-18T15:14:57.745+0530] {logging_mixin.py:188} INFO - [2024-06-18T15:14:57.745+0530] {example_kubernetes_executor.py:39} WARNING - The example_kubernetes_executor example DAG requires the kubernetes provider. Please install it with: pip install apache-airflow[cncf.kubernetes]
[2024-06-18T15:14:57.745+0530] {processor.py:842} WARNING - No viable dags retrieved from /home/kiit/airflow-env/lib/python3.8/site-packages/airflow/example_dags/example_kubernetes_executor.py
[2024-06-18T15:14:57.757+0530] {processor.py:183} INFO - Processing /home/kiit/airflow-env/lib/python3.8/site-packages/airflow/example_dags/example_kubernetes_executor.py took 0.021 seconds
[2024-06-18T15:15:28.085+0530] {processor.py:161} INFO - Started process (PID=34719) to work on /home/kiit/airflow-env/lib/python3.8/site-packages/airflow/example_dags/example_kubernetes_executor.py
[2024-06-18T15:15:28.086+0530] {processor.py:830} INFO - Processing file /home/kiit/airflow-env/lib/python3.8/site-packages/airflow/example_dags/example_kubernetes_executor.py for tasks to queue
[2024-06-18T15:15:28.087+0530] {logging_mixin.py:188} INFO - [2024-06-18T15:15:28.087+0530] {dagbag.py:545} INFO - Filling up the DagBag from /home/kiit/airflow-env/lib/python3.8/site-packages/airflow/example_dags/example_kubernetes_executor.py
[2024-06-18T15:15:28.089+0530] {logging_mixin.py:188} INFO - [2024-06-18T15:15:28.089+0530] {example_kubernetes_executor.py:39} WARNING - The example_kubernetes_executor example DAG requires the kubernetes provider. Please install it with: pip install apache-airflow[cncf.kubernetes]
[2024-06-18T15:15:28.089+0530] {processor.py:842} WARNING - No viable dags retrieved from /home/kiit/airflow-env/lib/python3.8/site-packages/airflow/example_dags/example_kubernetes_executor.py
[2024-06-18T15:15:28.102+0530] {processor.py:183} INFO - Processing /home/kiit/airflow-env/lib/python3.8/site-packages/airflow/example_dags/example_kubernetes_executor.py took 0.022 seconds
[2024-06-18T15:15:58.346+0530] {processor.py:161} INFO - Started process (PID=34778) to work on /home/kiit/airflow-env/lib/python3.8/site-packages/airflow/example_dags/example_kubernetes_executor.py
[2024-06-18T15:15:58.347+0530] {processor.py:830} INFO - Processing file /home/kiit/airflow-env/lib/python3.8/site-packages/airflow/example_dags/example_kubernetes_executor.py for tasks to queue
[2024-06-18T15:15:58.348+0530] {logging_mixin.py:188} INFO - [2024-06-18T15:15:58.348+0530] {dagbag.py:545} INFO - Filling up the DagBag from /home/kiit/airflow-env/lib/python3.8/site-packages/airflow/example_dags/example_kubernetes_executor.py
[2024-06-18T15:15:58.350+0530] {logging_mixin.py:188} INFO - [2024-06-18T15:15:58.350+0530] {example_kubernetes_executor.py:39} WARNING - The example_kubernetes_executor example DAG requires the kubernetes provider. Please install it with: pip install apache-airflow[cncf.kubernetes]
[2024-06-18T15:15:58.351+0530] {processor.py:842} WARNING - No viable dags retrieved from /home/kiit/airflow-env/lib/python3.8/site-packages/airflow/example_dags/example_kubernetes_executor.py
[2024-06-18T15:15:58.365+0530] {processor.py:183} INFO - Processing /home/kiit/airflow-env/lib/python3.8/site-packages/airflow/example_dags/example_kubernetes_executor.py took 0.025 seconds
[2024-06-18T15:16:28.727+0530] {processor.py:161} INFO - Started process (PID=34861) to work on /home/kiit/airflow-env/lib/python3.8/site-packages/airflow/example_dags/example_kubernetes_executor.py
[2024-06-18T15:16:28.729+0530] {processor.py:830} INFO - Processing file /home/kiit/airflow-env/lib/python3.8/site-packages/airflow/example_dags/example_kubernetes_executor.py for tasks to queue
[2024-06-18T15:16:28.730+0530] {logging_mixin.py:188} INFO - [2024-06-18T15:16:28.730+0530] {dagbag.py:545} INFO - Filling up the DagBag from /home/kiit/airflow-env/lib/python3.8/site-packages/airflow/example_dags/example_kubernetes_executor.py
[2024-06-18T15:16:28.732+0530] {logging_mixin.py:188} INFO - [2024-06-18T15:16:28.732+0530] {example_kubernetes_executor.py:39} WARNING - The example_kubernetes_executor example DAG requires the kubernetes provider. Please install it with: pip install apache-airflow[cncf.kubernetes]
[2024-06-18T15:16:28.732+0530] {processor.py:842} WARNING - No viable dags retrieved from /home/kiit/airflow-env/lib/python3.8/site-packages/airflow/example_dags/example_kubernetes_executor.py
[2024-06-18T15:16:28.745+0530] {processor.py:183} INFO - Processing /home/kiit/airflow-env/lib/python3.8/site-packages/airflow/example_dags/example_kubernetes_executor.py took 0.024 seconds
