[2024-06-18T13:06:06.064+0530] {processor.py:161} INFO - Started process (PID=25362) to work on /home/kiit/airflow-env/lib/python3.8/site-packages/airflow/example_dags/example_nested_branch_dag.py
[2024-06-18T13:06:06.066+0530] {processor.py:830} INFO - Processing file /home/kiit/airflow-env/lib/python3.8/site-packages/airflow/example_dags/example_nested_branch_dag.py for tasks to queue
[2024-06-18T13:06:06.068+0530] {logging_mixin.py:188} INFO - [2024-06-18T13:06:06.068+0530] {dagbag.py:545} INFO - Filling up the DagBag from /home/kiit/airflow-env/lib/python3.8/site-packages/airflow/example_dags/example_nested_branch_dag.py
[2024-06-18T13:06:06.088+0530] {processor.py:840} INFO - DAG(s) 'example_nested_branch_dag' retrieved from /home/kiit/airflow-env/lib/python3.8/site-packages/airflow/example_dags/example_nested_branch_dag.py
[2024-06-18T13:06:06.232+0530] {logging_mixin.py:188} INFO - [2024-06-18T13:06:06.231+0530] {dag.py:3096} INFO - Sync 1 DAGs
[2024-06-18T13:06:06.378+0530] {logging_mixin.py:188} INFO - [2024-06-18T13:06:06.378+0530] {dag.py:3954} INFO - Setting next_dagrun for example_nested_branch_dag to 2024-06-17 00:00:00+00:00, run_after=2024-06-18 00:00:00+00:00
[2024-06-18T13:06:06.422+0530] {processor.py:183} INFO - Processing /home/kiit/airflow-env/lib/python3.8/site-packages/airflow/example_dags/example_nested_branch_dag.py took 0.365 seconds
[2024-06-18T13:06:59.890+0530] {processor.py:161} INFO - Started process (PID=25442) to work on /home/kiit/airflow-env/lib/python3.8/site-packages/airflow/example_dags/example_nested_branch_dag.py
[2024-06-18T13:06:59.897+0530] {processor.py:830} INFO - Processing file /home/kiit/airflow-env/lib/python3.8/site-packages/airflow/example_dags/example_nested_branch_dag.py for tasks to queue
[2024-06-18T13:06:59.899+0530] {logging_mixin.py:188} INFO - [2024-06-18T13:06:59.898+0530] {dagbag.py:545} INFO - Filling up the DagBag from /home/kiit/airflow-env/lib/python3.8/site-packages/airflow/example_dags/example_nested_branch_dag.py
[2024-06-18T13:06:59.906+0530] {processor.py:840} INFO - DAG(s) 'example_nested_branch_dag' retrieved from /home/kiit/airflow-env/lib/python3.8/site-packages/airflow/example_dags/example_nested_branch_dag.py
[2024-06-18T13:06:59.919+0530] {logging_mixin.py:188} INFO - [2024-06-18T13:06:59.918+0530] {dag.py:3096} INFO - Sync 1 DAGs
[2024-06-18T13:06:59.931+0530] {logging_mixin.py:188} INFO - [2024-06-18T13:06:59.931+0530] {dag.py:3954} INFO - Setting next_dagrun for example_nested_branch_dag to 2024-06-17 00:00:00+00:00, run_after=2024-06-18 00:00:00+00:00
[2024-06-18T13:07:00.043+0530] {processor.py:183} INFO - Processing /home/kiit/airflow-env/lib/python3.8/site-packages/airflow/example_dags/example_nested_branch_dag.py took 0.158 seconds
[2024-06-18T13:08:00.634+0530] {processor.py:161} INFO - Started process (PID=25500) to work on /home/kiit/airflow-env/lib/python3.8/site-packages/airflow/example_dags/example_nested_branch_dag.py
[2024-06-18T13:08:00.638+0530] {processor.py:830} INFO - Processing file /home/kiit/airflow-env/lib/python3.8/site-packages/airflow/example_dags/example_nested_branch_dag.py for tasks to queue
[2024-06-18T13:08:00.665+0530] {logging_mixin.py:188} INFO - [2024-06-18T13:08:00.653+0530] {dagbag.py:545} INFO - Filling up the DagBag from /home/kiit/airflow-env/lib/python3.8/site-packages/airflow/example_dags/example_nested_branch_dag.py
[2024-06-18T13:08:00.726+0530] {processor.py:840} INFO - DAG(s) 'example_nested_branch_dag' retrieved from /home/kiit/airflow-env/lib/python3.8/site-packages/airflow/example_dags/example_nested_branch_dag.py
[2024-06-18T13:08:00.831+0530] {logging_mixin.py:188} INFO - [2024-06-18T13:08:00.829+0530] {dag.py:3096} INFO - Sync 1 DAGs
[2024-06-18T13:08:00.912+0530] {logging_mixin.py:188} INFO - [2024-06-18T13:08:00.911+0530] {dag.py:3954} INFO - Setting next_dagrun for example_nested_branch_dag to 2024-06-17 00:00:00+00:00, run_after=2024-06-18 00:00:00+00:00
[2024-06-18T13:08:01.055+0530] {processor.py:183} INFO - Processing /home/kiit/airflow-env/lib/python3.8/site-packages/airflow/example_dags/example_nested_branch_dag.py took 0.481 seconds
[2024-06-18T13:08:53.222+0530] {processor.py:161} INFO - Started process (PID=25559) to work on /home/kiit/airflow-env/lib/python3.8/site-packages/airflow/example_dags/example_nested_branch_dag.py
[2024-06-18T13:08:53.223+0530] {processor.py:830} INFO - Processing file /home/kiit/airflow-env/lib/python3.8/site-packages/airflow/example_dags/example_nested_branch_dag.py for tasks to queue
[2024-06-18T13:08:53.224+0530] {logging_mixin.py:188} INFO - [2024-06-18T13:08:53.224+0530] {dagbag.py:545} INFO - Filling up the DagBag from /home/kiit/airflow-env/lib/python3.8/site-packages/airflow/example_dags/example_nested_branch_dag.py
[2024-06-18T13:08:53.235+0530] {processor.py:840} INFO - DAG(s) 'example_nested_branch_dag' retrieved from /home/kiit/airflow-env/lib/python3.8/site-packages/airflow/example_dags/example_nested_branch_dag.py
[2024-06-18T13:08:53.251+0530] {logging_mixin.py:188} INFO - [2024-06-18T13:08:53.251+0530] {dag.py:3096} INFO - Sync 1 DAGs
[2024-06-18T13:08:53.265+0530] {logging_mixin.py:188} INFO - [2024-06-18T13:08:53.265+0530] {dag.py:3954} INFO - Setting next_dagrun for example_nested_branch_dag to 2024-06-17 00:00:00+00:00, run_after=2024-06-18 00:00:00+00:00
[2024-06-18T13:08:53.284+0530] {processor.py:183} INFO - Processing /home/kiit/airflow-env/lib/python3.8/site-packages/airflow/example_dags/example_nested_branch_dag.py took 0.068 seconds
[2024-06-18T13:09:44.391+0530] {processor.py:161} INFO - Started process (PID=25629) to work on /home/kiit/airflow-env/lib/python3.8/site-packages/airflow/example_dags/example_nested_branch_dag.py
[2024-06-18T13:09:44.393+0530] {processor.py:830} INFO - Processing file /home/kiit/airflow-env/lib/python3.8/site-packages/airflow/example_dags/example_nested_branch_dag.py for tasks to queue
[2024-06-18T13:09:44.394+0530] {logging_mixin.py:188} INFO - [2024-06-18T13:09:44.394+0530] {dagbag.py:545} INFO - Filling up the DagBag from /home/kiit/airflow-env/lib/python3.8/site-packages/airflow/example_dags/example_nested_branch_dag.py
[2024-06-18T13:09:44.402+0530] {processor.py:840} INFO - DAG(s) 'example_nested_branch_dag' retrieved from /home/kiit/airflow-env/lib/python3.8/site-packages/airflow/example_dags/example_nested_branch_dag.py
[2024-06-18T13:09:44.414+0530] {logging_mixin.py:188} INFO - [2024-06-18T13:09:44.414+0530] {dag.py:3096} INFO - Sync 1 DAGs
[2024-06-18T13:09:44.425+0530] {logging_mixin.py:188} INFO - [2024-06-18T13:09:44.425+0530] {dag.py:3954} INFO - Setting next_dagrun for example_nested_branch_dag to 2024-06-17 00:00:00+00:00, run_after=2024-06-18 00:00:00+00:00
[2024-06-18T13:09:44.444+0530] {processor.py:183} INFO - Processing /home/kiit/airflow-env/lib/python3.8/site-packages/airflow/example_dags/example_nested_branch_dag.py took 0.058 seconds
[2024-06-18T13:10:54.935+0530] {processor.py:161} INFO - Started process (PID=25702) to work on /home/kiit/airflow-env/lib/python3.8/site-packages/airflow/example_dags/example_nested_branch_dag.py
[2024-06-18T13:10:54.942+0530] {processor.py:830} INFO - Processing file /home/kiit/airflow-env/lib/python3.8/site-packages/airflow/example_dags/example_nested_branch_dag.py for tasks to queue
[2024-06-18T13:10:54.946+0530] {logging_mixin.py:188} INFO - [2024-06-18T13:10:54.946+0530] {dagbag.py:545} INFO - Filling up the DagBag from /home/kiit/airflow-env/lib/python3.8/site-packages/airflow/example_dags/example_nested_branch_dag.py
[2024-06-18T13:10:54.973+0530] {processor.py:840} INFO - DAG(s) 'example_nested_branch_dag' retrieved from /home/kiit/airflow-env/lib/python3.8/site-packages/airflow/example_dags/example_nested_branch_dag.py
[2024-06-18T13:10:55.028+0530] {logging_mixin.py:188} INFO - [2024-06-18T13:10:55.027+0530] {dag.py:3096} INFO - Sync 1 DAGs
[2024-06-18T13:10:55.076+0530] {logging_mixin.py:188} INFO - [2024-06-18T13:10:55.076+0530] {dag.py:3954} INFO - Setting next_dagrun for example_nested_branch_dag to 2024-06-17 00:00:00+00:00, run_after=2024-06-18 00:00:00+00:00
[2024-06-18T13:10:55.121+0530] {processor.py:183} INFO - Processing /home/kiit/airflow-env/lib/python3.8/site-packages/airflow/example_dags/example_nested_branch_dag.py took 0.199 seconds
[2024-06-18T13:11:39.676+0530] {processor.py:161} INFO - Started process (PID=25755) to work on /home/kiit/airflow-env/lib/python3.8/site-packages/airflow/example_dags/example_nested_branch_dag.py
[2024-06-18T13:11:39.677+0530] {processor.py:830} INFO - Processing file /home/kiit/airflow-env/lib/python3.8/site-packages/airflow/example_dags/example_nested_branch_dag.py for tasks to queue
[2024-06-18T13:11:39.679+0530] {logging_mixin.py:188} INFO - [2024-06-18T13:11:39.678+0530] {dagbag.py:545} INFO - Filling up the DagBag from /home/kiit/airflow-env/lib/python3.8/site-packages/airflow/example_dags/example_nested_branch_dag.py
[2024-06-18T13:11:39.688+0530] {processor.py:840} INFO - DAG(s) 'example_nested_branch_dag' retrieved from /home/kiit/airflow-env/lib/python3.8/site-packages/airflow/example_dags/example_nested_branch_dag.py
[2024-06-18T13:11:39.702+0530] {logging_mixin.py:188} INFO - [2024-06-18T13:11:39.702+0530] {dag.py:3096} INFO - Sync 1 DAGs
[2024-06-18T13:11:39.719+0530] {logging_mixin.py:188} INFO - [2024-06-18T13:11:39.719+0530] {dag.py:3954} INFO - Setting next_dagrun for example_nested_branch_dag to 2024-06-17 00:00:00+00:00, run_after=2024-06-18 00:00:00+00:00
[2024-06-18T13:11:39.744+0530] {processor.py:183} INFO - Processing /home/kiit/airflow-env/lib/python3.8/site-packages/airflow/example_dags/example_nested_branch_dag.py took 0.074 seconds
[2024-06-18T13:12:41.491+0530] {processor.py:161} INFO - Started process (PID=25832) to work on /home/kiit/airflow-env/lib/python3.8/site-packages/airflow/example_dags/example_nested_branch_dag.py
[2024-06-18T13:12:41.498+0530] {processor.py:830} INFO - Processing file /home/kiit/airflow-env/lib/python3.8/site-packages/airflow/example_dags/example_nested_branch_dag.py for tasks to queue
[2024-06-18T13:12:41.499+0530] {logging_mixin.py:188} INFO - [2024-06-18T13:12:41.499+0530] {dagbag.py:545} INFO - Filling up the DagBag from /home/kiit/airflow-env/lib/python3.8/site-packages/airflow/example_dags/example_nested_branch_dag.py
[2024-06-18T13:12:41.506+0530] {processor.py:840} INFO - DAG(s) 'example_nested_branch_dag' retrieved from /home/kiit/airflow-env/lib/python3.8/site-packages/airflow/example_dags/example_nested_branch_dag.py
[2024-06-18T13:12:41.516+0530] {logging_mixin.py:188} INFO - [2024-06-18T13:12:41.516+0530] {dag.py:3096} INFO - Sync 1 DAGs
[2024-06-18T13:12:41.530+0530] {logging_mixin.py:188} INFO - [2024-06-18T13:12:41.530+0530] {dag.py:3954} INFO - Setting next_dagrun for example_nested_branch_dag to 2024-06-17 00:00:00+00:00, run_after=2024-06-18 00:00:00+00:00
[2024-06-18T13:12:41.549+0530] {processor.py:183} INFO - Processing /home/kiit/airflow-env/lib/python3.8/site-packages/airflow/example_dags/example_nested_branch_dag.py took 0.063 seconds
[2024-06-18T13:13:39.700+0530] {processor.py:161} INFO - Started process (PID=25900) to work on /home/kiit/airflow-env/lib/python3.8/site-packages/airflow/example_dags/example_nested_branch_dag.py
[2024-06-18T13:13:39.706+0530] {processor.py:830} INFO - Processing file /home/kiit/airflow-env/lib/python3.8/site-packages/airflow/example_dags/example_nested_branch_dag.py for tasks to queue
[2024-06-18T13:13:39.708+0530] {logging_mixin.py:188} INFO - [2024-06-18T13:13:39.707+0530] {dagbag.py:545} INFO - Filling up the DagBag from /home/kiit/airflow-env/lib/python3.8/site-packages/airflow/example_dags/example_nested_branch_dag.py
[2024-06-18T13:13:39.715+0530] {processor.py:840} INFO - DAG(s) 'example_nested_branch_dag' retrieved from /home/kiit/airflow-env/lib/python3.8/site-packages/airflow/example_dags/example_nested_branch_dag.py
[2024-06-18T13:13:39.725+0530] {logging_mixin.py:188} INFO - [2024-06-18T13:13:39.724+0530] {dag.py:3096} INFO - Sync 1 DAGs
[2024-06-18T13:13:39.739+0530] {logging_mixin.py:188} INFO - [2024-06-18T13:13:39.739+0530] {dag.py:3954} INFO - Setting next_dagrun for example_nested_branch_dag to 2024-06-17 00:00:00+00:00, run_after=2024-06-18 00:00:00+00:00
[2024-06-18T13:13:39.756+0530] {processor.py:183} INFO - Processing /home/kiit/airflow-env/lib/python3.8/site-packages/airflow/example_dags/example_nested_branch_dag.py took 0.061 seconds
[2024-06-18T13:14:34.680+0530] {processor.py:161} INFO - Started process (PID=25972) to work on /home/kiit/airflow-env/lib/python3.8/site-packages/airflow/example_dags/example_nested_branch_dag.py
[2024-06-18T13:14:34.681+0530] {processor.py:830} INFO - Processing file /home/kiit/airflow-env/lib/python3.8/site-packages/airflow/example_dags/example_nested_branch_dag.py for tasks to queue
[2024-06-18T13:14:34.682+0530] {logging_mixin.py:188} INFO - [2024-06-18T13:14:34.682+0530] {dagbag.py:545} INFO - Filling up the DagBag from /home/kiit/airflow-env/lib/python3.8/site-packages/airflow/example_dags/example_nested_branch_dag.py
[2024-06-18T13:14:34.689+0530] {processor.py:840} INFO - DAG(s) 'example_nested_branch_dag' retrieved from /home/kiit/airflow-env/lib/python3.8/site-packages/airflow/example_dags/example_nested_branch_dag.py
[2024-06-18T13:14:34.700+0530] {logging_mixin.py:188} INFO - [2024-06-18T13:14:34.700+0530] {dag.py:3096} INFO - Sync 1 DAGs
[2024-06-18T13:14:34.716+0530] {logging_mixin.py:188} INFO - [2024-06-18T13:14:34.715+0530] {dag.py:3954} INFO - Setting next_dagrun for example_nested_branch_dag to 2024-06-17 00:00:00+00:00, run_after=2024-06-18 00:00:00+00:00
[2024-06-18T13:14:34.732+0530] {processor.py:183} INFO - Processing /home/kiit/airflow-env/lib/python3.8/site-packages/airflow/example_dags/example_nested_branch_dag.py took 0.057 seconds
[2024-06-18T13:15:39.162+0530] {processor.py:161} INFO - Started process (PID=26044) to work on /home/kiit/airflow-env/lib/python3.8/site-packages/airflow/example_dags/example_nested_branch_dag.py
[2024-06-18T13:15:39.164+0530] {processor.py:830} INFO - Processing file /home/kiit/airflow-env/lib/python3.8/site-packages/airflow/example_dags/example_nested_branch_dag.py for tasks to queue
[2024-06-18T13:15:39.165+0530] {logging_mixin.py:188} INFO - [2024-06-18T13:15:39.165+0530] {dagbag.py:545} INFO - Filling up the DagBag from /home/kiit/airflow-env/lib/python3.8/site-packages/airflow/example_dags/example_nested_branch_dag.py
[2024-06-18T13:15:39.177+0530] {processor.py:840} INFO - DAG(s) 'example_nested_branch_dag' retrieved from /home/kiit/airflow-env/lib/python3.8/site-packages/airflow/example_dags/example_nested_branch_dag.py
[2024-06-18T13:15:39.197+0530] {logging_mixin.py:188} INFO - [2024-06-18T13:15:39.196+0530] {dag.py:3096} INFO - Sync 1 DAGs
[2024-06-18T13:15:39.221+0530] {logging_mixin.py:188} INFO - [2024-06-18T13:15:39.221+0530] {dag.py:3954} INFO - Setting next_dagrun for example_nested_branch_dag to 2024-06-17 00:00:00+00:00, run_after=2024-06-18 00:00:00+00:00
[2024-06-18T13:15:39.248+0530] {processor.py:183} INFO - Processing /home/kiit/airflow-env/lib/python3.8/site-packages/airflow/example_dags/example_nested_branch_dag.py took 0.095 seconds
[2024-06-18T13:16:37.424+0530] {processor.py:161} INFO - Started process (PID=26118) to work on /home/kiit/airflow-env/lib/python3.8/site-packages/airflow/example_dags/example_nested_branch_dag.py
[2024-06-18T13:16:37.431+0530] {processor.py:830} INFO - Processing file /home/kiit/airflow-env/lib/python3.8/site-packages/airflow/example_dags/example_nested_branch_dag.py for tasks to queue
[2024-06-18T13:16:37.432+0530] {logging_mixin.py:188} INFO - [2024-06-18T13:16:37.432+0530] {dagbag.py:545} INFO - Filling up the DagBag from /home/kiit/airflow-env/lib/python3.8/site-packages/airflow/example_dags/example_nested_branch_dag.py
[2024-06-18T13:16:37.439+0530] {processor.py:840} INFO - DAG(s) 'example_nested_branch_dag' retrieved from /home/kiit/airflow-env/lib/python3.8/site-packages/airflow/example_dags/example_nested_branch_dag.py
[2024-06-18T13:16:37.451+0530] {logging_mixin.py:188} INFO - [2024-06-18T13:16:37.451+0530] {dag.py:3096} INFO - Sync 1 DAGs
[2024-06-18T13:16:37.466+0530] {logging_mixin.py:188} INFO - [2024-06-18T13:16:37.465+0530] {dag.py:3954} INFO - Setting next_dagrun for example_nested_branch_dag to 2024-06-17 00:00:00+00:00, run_after=2024-06-18 00:00:00+00:00
[2024-06-18T13:16:37.486+0530] {processor.py:183} INFO - Processing /home/kiit/airflow-env/lib/python3.8/site-packages/airflow/example_dags/example_nested_branch_dag.py took 0.066 seconds
[2024-06-18T13:17:36.271+0530] {processor.py:161} INFO - Started process (PID=26185) to work on /home/kiit/airflow-env/lib/python3.8/site-packages/airflow/example_dags/example_nested_branch_dag.py
[2024-06-18T13:17:36.272+0530] {processor.py:830} INFO - Processing file /home/kiit/airflow-env/lib/python3.8/site-packages/airflow/example_dags/example_nested_branch_dag.py for tasks to queue
[2024-06-18T13:17:36.273+0530] {logging_mixin.py:188} INFO - [2024-06-18T13:17:36.273+0530] {dagbag.py:545} INFO - Filling up the DagBag from /home/kiit/airflow-env/lib/python3.8/site-packages/airflow/example_dags/example_nested_branch_dag.py
[2024-06-18T13:17:36.283+0530] {processor.py:840} INFO - DAG(s) 'example_nested_branch_dag' retrieved from /home/kiit/airflow-env/lib/python3.8/site-packages/airflow/example_dags/example_nested_branch_dag.py
[2024-06-18T13:17:36.299+0530] {logging_mixin.py:188} INFO - [2024-06-18T13:17:36.299+0530] {dag.py:3096} INFO - Sync 1 DAGs
[2024-06-18T13:17:36.317+0530] {logging_mixin.py:188} INFO - [2024-06-18T13:17:36.317+0530] {dag.py:3954} INFO - Setting next_dagrun for example_nested_branch_dag to 2024-06-17 00:00:00+00:00, run_after=2024-06-18 00:00:00+00:00
[2024-06-18T13:17:36.337+0530] {processor.py:183} INFO - Processing /home/kiit/airflow-env/lib/python3.8/site-packages/airflow/example_dags/example_nested_branch_dag.py took 0.070 seconds
[2024-06-18T13:18:40.809+0530] {processor.py:161} INFO - Started process (PID=26263) to work on /home/kiit/airflow-env/lib/python3.8/site-packages/airflow/example_dags/example_nested_branch_dag.py
[2024-06-18T13:18:40.810+0530] {processor.py:830} INFO - Processing file /home/kiit/airflow-env/lib/python3.8/site-packages/airflow/example_dags/example_nested_branch_dag.py for tasks to queue
[2024-06-18T13:18:40.811+0530] {logging_mixin.py:188} INFO - [2024-06-18T13:18:40.811+0530] {dagbag.py:545} INFO - Filling up the DagBag from /home/kiit/airflow-env/lib/python3.8/site-packages/airflow/example_dags/example_nested_branch_dag.py
[2024-06-18T13:18:40.819+0530] {processor.py:840} INFO - DAG(s) 'example_nested_branch_dag' retrieved from /home/kiit/airflow-env/lib/python3.8/site-packages/airflow/example_dags/example_nested_branch_dag.py
[2024-06-18T13:18:40.832+0530] {logging_mixin.py:188} INFO - [2024-06-18T13:18:40.832+0530] {dag.py:3096} INFO - Sync 1 DAGs
[2024-06-18T13:18:40.849+0530] {logging_mixin.py:188} INFO - [2024-06-18T13:18:40.849+0530] {dag.py:3954} INFO - Setting next_dagrun for example_nested_branch_dag to 2024-06-17 00:00:00+00:00, run_after=2024-06-18 00:00:00+00:00
[2024-06-18T13:18:40.870+0530] {processor.py:183} INFO - Processing /home/kiit/airflow-env/lib/python3.8/site-packages/airflow/example_dags/example_nested_branch_dag.py took 0.066 seconds
[2024-06-18T13:19:41.149+0530] {processor.py:161} INFO - Started process (PID=26332) to work on /home/kiit/airflow-env/lib/python3.8/site-packages/airflow/example_dags/example_nested_branch_dag.py
[2024-06-18T13:19:41.151+0530] {processor.py:830} INFO - Processing file /home/kiit/airflow-env/lib/python3.8/site-packages/airflow/example_dags/example_nested_branch_dag.py for tasks to queue
[2024-06-18T13:19:41.152+0530] {logging_mixin.py:188} INFO - [2024-06-18T13:19:41.152+0530] {dagbag.py:545} INFO - Filling up the DagBag from /home/kiit/airflow-env/lib/python3.8/site-packages/airflow/example_dags/example_nested_branch_dag.py
[2024-06-18T13:19:41.161+0530] {processor.py:840} INFO - DAG(s) 'example_nested_branch_dag' retrieved from /home/kiit/airflow-env/lib/python3.8/site-packages/airflow/example_dags/example_nested_branch_dag.py
[2024-06-18T13:19:41.174+0530] {logging_mixin.py:188} INFO - [2024-06-18T13:19:41.174+0530] {dag.py:3096} INFO - Sync 1 DAGs
[2024-06-18T13:19:41.188+0530] {logging_mixin.py:188} INFO - [2024-06-18T13:19:41.188+0530] {dag.py:3954} INFO - Setting next_dagrun for example_nested_branch_dag to 2024-06-17 00:00:00+00:00, run_after=2024-06-18 00:00:00+00:00
[2024-06-18T13:19:41.205+0530] {processor.py:183} INFO - Processing /home/kiit/airflow-env/lib/python3.8/site-packages/airflow/example_dags/example_nested_branch_dag.py took 0.060 seconds
[2024-06-18T13:20:38.164+0530] {processor.py:161} INFO - Started process (PID=26406) to work on /home/kiit/airflow-env/lib/python3.8/site-packages/airflow/example_dags/example_nested_branch_dag.py
[2024-06-18T13:20:38.165+0530] {processor.py:830} INFO - Processing file /home/kiit/airflow-env/lib/python3.8/site-packages/airflow/example_dags/example_nested_branch_dag.py for tasks to queue
[2024-06-18T13:20:38.167+0530] {logging_mixin.py:188} INFO - [2024-06-18T13:20:38.167+0530] {dagbag.py:545} INFO - Filling up the DagBag from /home/kiit/airflow-env/lib/python3.8/site-packages/airflow/example_dags/example_nested_branch_dag.py
[2024-06-18T13:20:38.176+0530] {processor.py:840} INFO - DAG(s) 'example_nested_branch_dag' retrieved from /home/kiit/airflow-env/lib/python3.8/site-packages/airflow/example_dags/example_nested_branch_dag.py
[2024-06-18T13:20:38.191+0530] {logging_mixin.py:188} INFO - [2024-06-18T13:20:38.190+0530] {dag.py:3096} INFO - Sync 1 DAGs
[2024-06-18T13:20:38.205+0530] {logging_mixin.py:188} INFO - [2024-06-18T13:20:38.205+0530] {dag.py:3954} INFO - Setting next_dagrun for example_nested_branch_dag to 2024-06-17 00:00:00+00:00, run_after=2024-06-18 00:00:00+00:00
[2024-06-18T13:20:38.224+0530] {processor.py:183} INFO - Processing /home/kiit/airflow-env/lib/python3.8/site-packages/airflow/example_dags/example_nested_branch_dag.py took 0.065 seconds
[2024-06-18T13:21:34.849+0530] {processor.py:161} INFO - Started process (PID=26473) to work on /home/kiit/airflow-env/lib/python3.8/site-packages/airflow/example_dags/example_nested_branch_dag.py
[2024-06-18T13:21:34.851+0530] {processor.py:830} INFO - Processing file /home/kiit/airflow-env/lib/python3.8/site-packages/airflow/example_dags/example_nested_branch_dag.py for tasks to queue
[2024-06-18T13:21:34.853+0530] {logging_mixin.py:188} INFO - [2024-06-18T13:21:34.852+0530] {dagbag.py:545} INFO - Filling up the DagBag from /home/kiit/airflow-env/lib/python3.8/site-packages/airflow/example_dags/example_nested_branch_dag.py
[2024-06-18T13:21:34.860+0530] {processor.py:840} INFO - DAG(s) 'example_nested_branch_dag' retrieved from /home/kiit/airflow-env/lib/python3.8/site-packages/airflow/example_dags/example_nested_branch_dag.py
[2024-06-18T13:21:34.874+0530] {logging_mixin.py:188} INFO - [2024-06-18T13:21:34.874+0530] {dag.py:3096} INFO - Sync 1 DAGs
[2024-06-18T13:21:34.892+0530] {logging_mixin.py:188} INFO - [2024-06-18T13:21:34.892+0530] {dag.py:3954} INFO - Setting next_dagrun for example_nested_branch_dag to 2024-06-17 00:00:00+00:00, run_after=2024-06-18 00:00:00+00:00
[2024-06-18T13:21:34.912+0530] {processor.py:183} INFO - Processing /home/kiit/airflow-env/lib/python3.8/site-packages/airflow/example_dags/example_nested_branch_dag.py took 0.067 seconds
[2024-06-18T13:22:33.097+0530] {processor.py:161} INFO - Started process (PID=26547) to work on /home/kiit/airflow-env/lib/python3.8/site-packages/airflow/example_dags/example_nested_branch_dag.py
[2024-06-18T13:22:33.098+0530] {processor.py:830} INFO - Processing file /home/kiit/airflow-env/lib/python3.8/site-packages/airflow/example_dags/example_nested_branch_dag.py for tasks to queue
[2024-06-18T13:22:33.100+0530] {logging_mixin.py:188} INFO - [2024-06-18T13:22:33.100+0530] {dagbag.py:545} INFO - Filling up the DagBag from /home/kiit/airflow-env/lib/python3.8/site-packages/airflow/example_dags/example_nested_branch_dag.py
[2024-06-18T13:22:33.111+0530] {processor.py:840} INFO - DAG(s) 'example_nested_branch_dag' retrieved from /home/kiit/airflow-env/lib/python3.8/site-packages/airflow/example_dags/example_nested_branch_dag.py
[2024-06-18T13:22:33.129+0530] {logging_mixin.py:188} INFO - [2024-06-18T13:22:33.129+0530] {dag.py:3096} INFO - Sync 1 DAGs
[2024-06-18T13:22:33.150+0530] {logging_mixin.py:188} INFO - [2024-06-18T13:22:33.150+0530] {dag.py:3954} INFO - Setting next_dagrun for example_nested_branch_dag to 2024-06-17 00:00:00+00:00, run_after=2024-06-18 00:00:00+00:00
[2024-06-18T13:22:33.173+0530] {processor.py:183} INFO - Processing /home/kiit/airflow-env/lib/python3.8/site-packages/airflow/example_dags/example_nested_branch_dag.py took 0.082 seconds
[2024-06-18T13:23:28.475+0530] {processor.py:161} INFO - Started process (PID=26612) to work on /home/kiit/airflow-env/lib/python3.8/site-packages/airflow/example_dags/example_nested_branch_dag.py
[2024-06-18T13:23:28.482+0530] {processor.py:830} INFO - Processing file /home/kiit/airflow-env/lib/python3.8/site-packages/airflow/example_dags/example_nested_branch_dag.py for tasks to queue
[2024-06-18T13:23:28.483+0530] {logging_mixin.py:188} INFO - [2024-06-18T13:23:28.483+0530] {dagbag.py:545} INFO - Filling up the DagBag from /home/kiit/airflow-env/lib/python3.8/site-packages/airflow/example_dags/example_nested_branch_dag.py
[2024-06-18T13:23:28.490+0530] {processor.py:840} INFO - DAG(s) 'example_nested_branch_dag' retrieved from /home/kiit/airflow-env/lib/python3.8/site-packages/airflow/example_dags/example_nested_branch_dag.py
[2024-06-18T13:23:28.501+0530] {logging_mixin.py:188} INFO - [2024-06-18T13:23:28.500+0530] {dag.py:3096} INFO - Sync 1 DAGs
[2024-06-18T13:23:28.513+0530] {logging_mixin.py:188} INFO - [2024-06-18T13:23:28.513+0530] {dag.py:3954} INFO - Setting next_dagrun for example_nested_branch_dag to 2024-06-17 00:00:00+00:00, run_after=2024-06-18 00:00:00+00:00
[2024-06-18T13:23:28.532+0530] {processor.py:183} INFO - Processing /home/kiit/airflow-env/lib/python3.8/site-packages/airflow/example_dags/example_nested_branch_dag.py took 0.062 seconds
[2024-06-18T13:24:28.190+0530] {processor.py:161} INFO - Started process (PID=26687) to work on /home/kiit/airflow-env/lib/python3.8/site-packages/airflow/example_dags/example_nested_branch_dag.py
[2024-06-18T13:24:28.192+0530] {processor.py:830} INFO - Processing file /home/kiit/airflow-env/lib/python3.8/site-packages/airflow/example_dags/example_nested_branch_dag.py for tasks to queue
[2024-06-18T13:24:28.194+0530] {logging_mixin.py:188} INFO - [2024-06-18T13:24:28.194+0530] {dagbag.py:545} INFO - Filling up the DagBag from /home/kiit/airflow-env/lib/python3.8/site-packages/airflow/example_dags/example_nested_branch_dag.py
[2024-06-18T13:24:28.203+0530] {processor.py:840} INFO - DAG(s) 'example_nested_branch_dag' retrieved from /home/kiit/airflow-env/lib/python3.8/site-packages/airflow/example_dags/example_nested_branch_dag.py
[2024-06-18T13:24:28.218+0530] {logging_mixin.py:188} INFO - [2024-06-18T13:24:28.218+0530] {dag.py:3096} INFO - Sync 1 DAGs
[2024-06-18T13:24:28.233+0530] {logging_mixin.py:188} INFO - [2024-06-18T13:24:28.233+0530] {dag.py:3954} INFO - Setting next_dagrun for example_nested_branch_dag to 2024-06-17 00:00:00+00:00, run_after=2024-06-18 00:00:00+00:00
[2024-06-18T13:24:28.251+0530] {processor.py:183} INFO - Processing /home/kiit/airflow-env/lib/python3.8/site-packages/airflow/example_dags/example_nested_branch_dag.py took 0.066 seconds
[2024-06-18T13:25:25.521+0530] {processor.py:161} INFO - Started process (PID=26759) to work on /home/kiit/airflow-env/lib/python3.8/site-packages/airflow/example_dags/example_nested_branch_dag.py
[2024-06-18T13:25:25.523+0530] {processor.py:830} INFO - Processing file /home/kiit/airflow-env/lib/python3.8/site-packages/airflow/example_dags/example_nested_branch_dag.py for tasks to queue
[2024-06-18T13:25:25.525+0530] {logging_mixin.py:188} INFO - [2024-06-18T13:25:25.524+0530] {dagbag.py:545} INFO - Filling up the DagBag from /home/kiit/airflow-env/lib/python3.8/site-packages/airflow/example_dags/example_nested_branch_dag.py
[2024-06-18T13:25:25.532+0530] {processor.py:840} INFO - DAG(s) 'example_nested_branch_dag' retrieved from /home/kiit/airflow-env/lib/python3.8/site-packages/airflow/example_dags/example_nested_branch_dag.py
[2024-06-18T13:25:25.543+0530] {logging_mixin.py:188} INFO - [2024-06-18T13:25:25.543+0530] {dag.py:3096} INFO - Sync 1 DAGs
[2024-06-18T13:25:25.558+0530] {logging_mixin.py:188} INFO - [2024-06-18T13:25:25.558+0530] {dag.py:3954} INFO - Setting next_dagrun for example_nested_branch_dag to 2024-06-17 00:00:00+00:00, run_after=2024-06-18 00:00:00+00:00
[2024-06-18T13:25:25.575+0530] {processor.py:183} INFO - Processing /home/kiit/airflow-env/lib/python3.8/site-packages/airflow/example_dags/example_nested_branch_dag.py took 0.059 seconds
[2024-06-18T13:26:23.534+0530] {processor.py:161} INFO - Started process (PID=26832) to work on /home/kiit/airflow-env/lib/python3.8/site-packages/airflow/example_dags/example_nested_branch_dag.py
[2024-06-18T13:26:23.535+0530] {processor.py:830} INFO - Processing file /home/kiit/airflow-env/lib/python3.8/site-packages/airflow/example_dags/example_nested_branch_dag.py for tasks to queue
[2024-06-18T13:26:23.536+0530] {logging_mixin.py:188} INFO - [2024-06-18T13:26:23.536+0530] {dagbag.py:545} INFO - Filling up the DagBag from /home/kiit/airflow-env/lib/python3.8/site-packages/airflow/example_dags/example_nested_branch_dag.py
[2024-06-18T13:26:23.543+0530] {processor.py:840} INFO - DAG(s) 'example_nested_branch_dag' retrieved from /home/kiit/airflow-env/lib/python3.8/site-packages/airflow/example_dags/example_nested_branch_dag.py
[2024-06-18T13:26:23.553+0530] {logging_mixin.py:188} INFO - [2024-06-18T13:26:23.553+0530] {dag.py:3096} INFO - Sync 1 DAGs
[2024-06-18T13:26:23.567+0530] {logging_mixin.py:188} INFO - [2024-06-18T13:26:23.567+0530] {dag.py:3954} INFO - Setting next_dagrun for example_nested_branch_dag to 2024-06-17 00:00:00+00:00, run_after=2024-06-18 00:00:00+00:00
[2024-06-18T13:26:23.588+0530] {processor.py:183} INFO - Processing /home/kiit/airflow-env/lib/python3.8/site-packages/airflow/example_dags/example_nested_branch_dag.py took 0.059 seconds
[2024-06-18T13:27:14.811+0530] {processor.py:161} INFO - Started process (PID=26884) to work on /home/kiit/airflow-env/lib/python3.8/site-packages/airflow/example_dags/example_nested_branch_dag.py
[2024-06-18T13:27:14.818+0530] {processor.py:830} INFO - Processing file /home/kiit/airflow-env/lib/python3.8/site-packages/airflow/example_dags/example_nested_branch_dag.py for tasks to queue
[2024-06-18T13:27:14.819+0530] {logging_mixin.py:188} INFO - [2024-06-18T13:27:14.819+0530] {dagbag.py:545} INFO - Filling up the DagBag from /home/kiit/airflow-env/lib/python3.8/site-packages/airflow/example_dags/example_nested_branch_dag.py
[2024-06-18T13:27:14.828+0530] {processor.py:840} INFO - DAG(s) 'example_nested_branch_dag' retrieved from /home/kiit/airflow-env/lib/python3.8/site-packages/airflow/example_dags/example_nested_branch_dag.py
[2024-06-18T13:27:14.843+0530] {logging_mixin.py:188} INFO - [2024-06-18T13:27:14.843+0530] {dag.py:3096} INFO - Sync 1 DAGs
[2024-06-18T13:27:14.860+0530] {logging_mixin.py:188} INFO - [2024-06-18T13:27:14.860+0530] {dag.py:3954} INFO - Setting next_dagrun for example_nested_branch_dag to 2024-06-17 00:00:00+00:00, run_after=2024-06-18 00:00:00+00:00
[2024-06-18T13:27:14.881+0530] {processor.py:183} INFO - Processing /home/kiit/airflow-env/lib/python3.8/site-packages/airflow/example_dags/example_nested_branch_dag.py took 0.075 seconds
[2024-06-18T13:28:36.588+0530] {processor.py:161} INFO - Started process (PID=26957) to work on /home/kiit/airflow-env/lib/python3.8/site-packages/airflow/example_dags/example_nested_branch_dag.py
[2024-06-18T13:28:36.600+0530] {processor.py:830} INFO - Processing file /home/kiit/airflow-env/lib/python3.8/site-packages/airflow/example_dags/example_nested_branch_dag.py for tasks to queue
[2024-06-18T13:28:36.616+0530] {logging_mixin.py:188} INFO - [2024-06-18T13:28:36.605+0530] {dagbag.py:545} INFO - Filling up the DagBag from /home/kiit/airflow-env/lib/python3.8/site-packages/airflow/example_dags/example_nested_branch_dag.py
[2024-06-18T13:28:36.688+0530] {processor.py:840} INFO - DAG(s) 'example_nested_branch_dag' retrieved from /home/kiit/airflow-env/lib/python3.8/site-packages/airflow/example_dags/example_nested_branch_dag.py
[2024-06-18T13:28:36.842+0530] {logging_mixin.py:188} INFO - [2024-06-18T13:28:36.841+0530] {dag.py:3096} INFO - Sync 1 DAGs
[2024-06-18T13:28:37.063+0530] {logging_mixin.py:188} INFO - [2024-06-18T13:28:37.063+0530] {dag.py:3954} INFO - Setting next_dagrun for example_nested_branch_dag to 2024-06-17 00:00:00+00:00, run_after=2024-06-18 00:00:00+00:00
[2024-06-18T13:28:37.427+0530] {processor.py:183} INFO - Processing /home/kiit/airflow-env/lib/python3.8/site-packages/airflow/example_dags/example_nested_branch_dag.py took 0.889 seconds
[2024-06-18T13:29:46.811+0530] {processor.py:161} INFO - Started process (PID=27035) to work on /home/kiit/airflow-env/lib/python3.8/site-packages/airflow/example_dags/example_nested_branch_dag.py
[2024-06-18T13:29:46.814+0530] {processor.py:830} INFO - Processing file /home/kiit/airflow-env/lib/python3.8/site-packages/airflow/example_dags/example_nested_branch_dag.py for tasks to queue
[2024-06-18T13:29:46.821+0530] {logging_mixin.py:188} INFO - [2024-06-18T13:29:46.820+0530] {dagbag.py:545} INFO - Filling up the DagBag from /home/kiit/airflow-env/lib/python3.8/site-packages/airflow/example_dags/example_nested_branch_dag.py
[2024-06-18T13:29:46.857+0530] {processor.py:840} INFO - DAG(s) 'example_nested_branch_dag' retrieved from /home/kiit/airflow-env/lib/python3.8/site-packages/airflow/example_dags/example_nested_branch_dag.py
[2024-06-18T13:29:46.912+0530] {logging_mixin.py:188} INFO - [2024-06-18T13:29:46.911+0530] {dag.py:3096} INFO - Sync 1 DAGs
[2024-06-18T13:29:46.990+0530] {logging_mixin.py:188} INFO - [2024-06-18T13:29:46.989+0530] {dag.py:3954} INFO - Setting next_dagrun for example_nested_branch_dag to 2024-06-17 00:00:00+00:00, run_after=2024-06-18 00:00:00+00:00
[2024-06-18T13:29:47.054+0530] {processor.py:183} INFO - Processing /home/kiit/airflow-env/lib/python3.8/site-packages/airflow/example_dags/example_nested_branch_dag.py took 0.262 seconds
[2024-06-18T13:30:38.687+0530] {processor.py:161} INFO - Started process (PID=27108) to work on /home/kiit/airflow-env/lib/python3.8/site-packages/airflow/example_dags/example_nested_branch_dag.py
[2024-06-18T13:30:38.694+0530] {processor.py:830} INFO - Processing file /home/kiit/airflow-env/lib/python3.8/site-packages/airflow/example_dags/example_nested_branch_dag.py for tasks to queue
[2024-06-18T13:30:38.696+0530] {logging_mixin.py:188} INFO - [2024-06-18T13:30:38.695+0530] {dagbag.py:545} INFO - Filling up the DagBag from /home/kiit/airflow-env/lib/python3.8/site-packages/airflow/example_dags/example_nested_branch_dag.py
[2024-06-18T13:30:38.706+0530] {processor.py:840} INFO - DAG(s) 'example_nested_branch_dag' retrieved from /home/kiit/airflow-env/lib/python3.8/site-packages/airflow/example_dags/example_nested_branch_dag.py
[2024-06-18T13:30:38.728+0530] {logging_mixin.py:188} INFO - [2024-06-18T13:30:38.728+0530] {dag.py:3096} INFO - Sync 1 DAGs
[2024-06-18T13:30:38.747+0530] {logging_mixin.py:188} INFO - [2024-06-18T13:30:38.747+0530] {dag.py:3954} INFO - Setting next_dagrun for example_nested_branch_dag to 2024-06-17 00:00:00+00:00, run_after=2024-06-18 00:00:00+00:00
[2024-06-18T13:30:38.770+0530] {processor.py:183} INFO - Processing /home/kiit/airflow-env/lib/python3.8/site-packages/airflow/example_dags/example_nested_branch_dag.py took 0.089 seconds
[2024-06-18T13:31:37.418+0530] {processor.py:161} INFO - Started process (PID=27426) to work on /home/kiit/airflow-env/lib/python3.8/site-packages/airflow/example_dags/example_nested_branch_dag.py
[2024-06-18T13:31:37.420+0530] {processor.py:830} INFO - Processing file /home/kiit/airflow-env/lib/python3.8/site-packages/airflow/example_dags/example_nested_branch_dag.py for tasks to queue
[2024-06-18T13:31:37.421+0530] {logging_mixin.py:188} INFO - [2024-06-18T13:31:37.421+0530] {dagbag.py:545} INFO - Filling up the DagBag from /home/kiit/airflow-env/lib/python3.8/site-packages/airflow/example_dags/example_nested_branch_dag.py
[2024-06-18T13:31:37.434+0530] {processor.py:840} INFO - DAG(s) 'example_nested_branch_dag' retrieved from /home/kiit/airflow-env/lib/python3.8/site-packages/airflow/example_dags/example_nested_branch_dag.py
[2024-06-18T13:31:37.450+0530] {logging_mixin.py:188} INFO - [2024-06-18T13:31:37.450+0530] {dag.py:3096} INFO - Sync 1 DAGs
[2024-06-18T13:31:37.467+0530] {logging_mixin.py:188} INFO - [2024-06-18T13:31:37.467+0530] {dag.py:3954} INFO - Setting next_dagrun for example_nested_branch_dag to 2024-06-17 00:00:00+00:00, run_after=2024-06-18 00:00:00+00:00
[2024-06-18T13:31:37.487+0530] {processor.py:183} INFO - Processing /home/kiit/airflow-env/lib/python3.8/site-packages/airflow/example_dags/example_nested_branch_dag.py took 0.077 seconds
[2024-06-18T13:32:27.373+0530] {processor.py:161} INFO - Started process (PID=27772) to work on /home/kiit/airflow-env/lib/python3.8/site-packages/airflow/example_dags/example_nested_branch_dag.py
[2024-06-18T13:32:27.380+0530] {processor.py:830} INFO - Processing file /home/kiit/airflow-env/lib/python3.8/site-packages/airflow/example_dags/example_nested_branch_dag.py for tasks to queue
[2024-06-18T13:32:27.383+0530] {logging_mixin.py:188} INFO - [2024-06-18T13:32:27.382+0530] {dagbag.py:545} INFO - Filling up the DagBag from /home/kiit/airflow-env/lib/python3.8/site-packages/airflow/example_dags/example_nested_branch_dag.py
[2024-06-18T13:32:27.395+0530] {processor.py:840} INFO - DAG(s) 'example_nested_branch_dag' retrieved from /home/kiit/airflow-env/lib/python3.8/site-packages/airflow/example_dags/example_nested_branch_dag.py
[2024-06-18T13:32:27.415+0530] {logging_mixin.py:188} INFO - [2024-06-18T13:32:27.415+0530] {dag.py:3096} INFO - Sync 1 DAGs
[2024-06-18T13:32:27.437+0530] {logging_mixin.py:188} INFO - [2024-06-18T13:32:27.436+0530] {dag.py:3954} INFO - Setting next_dagrun for example_nested_branch_dag to 2024-06-17 00:00:00+00:00, run_after=2024-06-18 00:00:00+00:00
[2024-06-18T13:32:27.468+0530] {processor.py:183} INFO - Processing /home/kiit/airflow-env/lib/python3.8/site-packages/airflow/example_dags/example_nested_branch_dag.py took 0.100 seconds
[2024-06-18T13:33:29.145+0530] {processor.py:161} INFO - Started process (PID=29068) to work on /home/kiit/airflow-env/lib/python3.8/site-packages/airflow/example_dags/example_nested_branch_dag.py
[2024-06-18T13:33:29.146+0530] {processor.py:830} INFO - Processing file /home/kiit/airflow-env/lib/python3.8/site-packages/airflow/example_dags/example_nested_branch_dag.py for tasks to queue
[2024-06-18T13:33:29.147+0530] {logging_mixin.py:188} INFO - [2024-06-18T13:33:29.147+0530] {dagbag.py:545} INFO - Filling up the DagBag from /home/kiit/airflow-env/lib/python3.8/site-packages/airflow/example_dags/example_nested_branch_dag.py
[2024-06-18T13:33:29.156+0530] {processor.py:840} INFO - DAG(s) 'example_nested_branch_dag' retrieved from /home/kiit/airflow-env/lib/python3.8/site-packages/airflow/example_dags/example_nested_branch_dag.py
[2024-06-18T13:33:29.171+0530] {logging_mixin.py:188} INFO - [2024-06-18T13:33:29.170+0530] {dag.py:3096} INFO - Sync 1 DAGs
[2024-06-18T13:33:29.189+0530] {logging_mixin.py:188} INFO - [2024-06-18T13:33:29.189+0530] {dag.py:3954} INFO - Setting next_dagrun for example_nested_branch_dag to 2024-06-17 00:00:00+00:00, run_after=2024-06-18 00:00:00+00:00
[2024-06-18T13:33:29.213+0530] {processor.py:183} INFO - Processing /home/kiit/airflow-env/lib/python3.8/site-packages/airflow/example_dags/example_nested_branch_dag.py took 0.074 seconds
[2024-06-18T13:34:29.858+0530] {processor.py:161} INFO - Started process (PID=30458) to work on /home/kiit/airflow-env/lib/python3.8/site-packages/airflow/example_dags/example_nested_branch_dag.py
[2024-06-18T13:34:29.865+0530] {processor.py:830} INFO - Processing file /home/kiit/airflow-env/lib/python3.8/site-packages/airflow/example_dags/example_nested_branch_dag.py for tasks to queue
[2024-06-18T13:34:29.866+0530] {logging_mixin.py:188} INFO - [2024-06-18T13:34:29.866+0530] {dagbag.py:545} INFO - Filling up the DagBag from /home/kiit/airflow-env/lib/python3.8/site-packages/airflow/example_dags/example_nested_branch_dag.py
[2024-06-18T13:34:29.873+0530] {processor.py:840} INFO - DAG(s) 'example_nested_branch_dag' retrieved from /home/kiit/airflow-env/lib/python3.8/site-packages/airflow/example_dags/example_nested_branch_dag.py
[2024-06-18T13:34:29.888+0530] {logging_mixin.py:188} INFO - [2024-06-18T13:34:29.888+0530] {dag.py:3096} INFO - Sync 1 DAGs
[2024-06-18T13:34:29.905+0530] {logging_mixin.py:188} INFO - [2024-06-18T13:34:29.904+0530] {dag.py:3954} INFO - Setting next_dagrun for example_nested_branch_dag to 2024-06-17 00:00:00+00:00, run_after=2024-06-18 00:00:00+00:00
[2024-06-18T13:34:29.925+0530] {processor.py:183} INFO - Processing /home/kiit/airflow-env/lib/python3.8/site-packages/airflow/example_dags/example_nested_branch_dag.py took 0.073 seconds
[2024-06-18T13:35:30.429+0530] {processor.py:161} INFO - Started process (PID=30526) to work on /home/kiit/airflow-env/lib/python3.8/site-packages/airflow/example_dags/example_nested_branch_dag.py
[2024-06-18T13:35:30.431+0530] {processor.py:830} INFO - Processing file /home/kiit/airflow-env/lib/python3.8/site-packages/airflow/example_dags/example_nested_branch_dag.py for tasks to queue
[2024-06-18T13:35:30.432+0530] {logging_mixin.py:188} INFO - [2024-06-18T13:35:30.432+0530] {dagbag.py:545} INFO - Filling up the DagBag from /home/kiit/airflow-env/lib/python3.8/site-packages/airflow/example_dags/example_nested_branch_dag.py
[2024-06-18T13:35:30.444+0530] {processor.py:840} INFO - DAG(s) 'example_nested_branch_dag' retrieved from /home/kiit/airflow-env/lib/python3.8/site-packages/airflow/example_dags/example_nested_branch_dag.py
[2024-06-18T13:35:30.456+0530] {logging_mixin.py:188} INFO - [2024-06-18T13:35:30.456+0530] {dag.py:3096} INFO - Sync 1 DAGs
[2024-06-18T13:35:30.470+0530] {logging_mixin.py:188} INFO - [2024-06-18T13:35:30.470+0530] {dag.py:3954} INFO - Setting next_dagrun for example_nested_branch_dag to 2024-06-17 00:00:00+00:00, run_after=2024-06-18 00:00:00+00:00
[2024-06-18T13:35:30.492+0530] {processor.py:183} INFO - Processing /home/kiit/airflow-env/lib/python3.8/site-packages/airflow/example_dags/example_nested_branch_dag.py took 0.069 seconds
[2024-06-18T13:36:35.808+0530] {processor.py:161} INFO - Started process (PID=30605) to work on /home/kiit/airflow-env/lib/python3.8/site-packages/airflow/example_dags/example_nested_branch_dag.py
[2024-06-18T13:36:35.809+0530] {processor.py:830} INFO - Processing file /home/kiit/airflow-env/lib/python3.8/site-packages/airflow/example_dags/example_nested_branch_dag.py for tasks to queue
[2024-06-18T13:36:35.812+0530] {logging_mixin.py:188} INFO - [2024-06-18T13:36:35.811+0530] {dagbag.py:545} INFO - Filling up the DagBag from /home/kiit/airflow-env/lib/python3.8/site-packages/airflow/example_dags/example_nested_branch_dag.py
[2024-06-18T13:36:35.823+0530] {processor.py:840} INFO - DAG(s) 'example_nested_branch_dag' retrieved from /home/kiit/airflow-env/lib/python3.8/site-packages/airflow/example_dags/example_nested_branch_dag.py
[2024-06-18T13:36:35.839+0530] {logging_mixin.py:188} INFO - [2024-06-18T13:36:35.838+0530] {dag.py:3096} INFO - Sync 1 DAGs
[2024-06-18T13:36:35.856+0530] {logging_mixin.py:188} INFO - [2024-06-18T13:36:35.856+0530] {dag.py:3954} INFO - Setting next_dagrun for example_nested_branch_dag to 2024-06-17 00:00:00+00:00, run_after=2024-06-18 00:00:00+00:00
[2024-06-18T13:36:35.874+0530] {processor.py:183} INFO - Processing /home/kiit/airflow-env/lib/python3.8/site-packages/airflow/example_dags/example_nested_branch_dag.py took 0.071 seconds
[2024-06-18T13:37:36.720+0530] {processor.py:161} INFO - Started process (PID=30674) to work on /home/kiit/airflow-env/lib/python3.8/site-packages/airflow/example_dags/example_nested_branch_dag.py
[2024-06-18T13:37:36.723+0530] {processor.py:830} INFO - Processing file /home/kiit/airflow-env/lib/python3.8/site-packages/airflow/example_dags/example_nested_branch_dag.py for tasks to queue
[2024-06-18T13:37:36.725+0530] {logging_mixin.py:188} INFO - [2024-06-18T13:37:36.725+0530] {dagbag.py:545} INFO - Filling up the DagBag from /home/kiit/airflow-env/lib/python3.8/site-packages/airflow/example_dags/example_nested_branch_dag.py
[2024-06-18T13:37:36.746+0530] {processor.py:840} INFO - DAG(s) 'example_nested_branch_dag' retrieved from /home/kiit/airflow-env/lib/python3.8/site-packages/airflow/example_dags/example_nested_branch_dag.py
[2024-06-18T13:37:36.769+0530] {logging_mixin.py:188} INFO - [2024-06-18T13:37:36.769+0530] {dag.py:3096} INFO - Sync 1 DAGs
[2024-06-18T13:37:36.787+0530] {logging_mixin.py:188} INFO - [2024-06-18T13:37:36.787+0530] {dag.py:3954} INFO - Setting next_dagrun for example_nested_branch_dag to 2024-06-17 00:00:00+00:00, run_after=2024-06-18 00:00:00+00:00
[2024-06-18T13:37:36.812+0530] {processor.py:183} INFO - Processing /home/kiit/airflow-env/lib/python3.8/site-packages/airflow/example_dags/example_nested_branch_dag.py took 0.103 seconds
[2024-06-18T13:38:31.005+0530] {processor.py:161} INFO - Started process (PID=30729) to work on /home/kiit/airflow-env/lib/python3.8/site-packages/airflow/example_dags/example_nested_branch_dag.py
[2024-06-18T13:38:31.012+0530] {processor.py:830} INFO - Processing file /home/kiit/airflow-env/lib/python3.8/site-packages/airflow/example_dags/example_nested_branch_dag.py for tasks to queue
[2024-06-18T13:38:31.017+0530] {logging_mixin.py:188} INFO - [2024-06-18T13:38:31.016+0530] {dagbag.py:545} INFO - Filling up the DagBag from /home/kiit/airflow-env/lib/python3.8/site-packages/airflow/example_dags/example_nested_branch_dag.py
[2024-06-18T13:38:31.064+0530] {processor.py:840} INFO - DAG(s) 'example_nested_branch_dag' retrieved from /home/kiit/airflow-env/lib/python3.8/site-packages/airflow/example_dags/example_nested_branch_dag.py
[2024-06-18T13:38:31.130+0530] {logging_mixin.py:188} INFO - [2024-06-18T13:38:31.129+0530] {dag.py:3096} INFO - Sync 1 DAGs
[2024-06-18T13:38:31.201+0530] {logging_mixin.py:188} INFO - [2024-06-18T13:38:31.200+0530] {dag.py:3954} INFO - Setting next_dagrun for example_nested_branch_dag to 2024-06-17 00:00:00+00:00, run_after=2024-06-18 00:00:00+00:00
[2024-06-18T13:38:31.287+0530] {processor.py:183} INFO - Processing /home/kiit/airflow-env/lib/python3.8/site-packages/airflow/example_dags/example_nested_branch_dag.py took 0.304 seconds
[2024-06-18T13:39:21.847+0530] {processor.py:161} INFO - Started process (PID=30788) to work on /home/kiit/airflow-env/lib/python3.8/site-packages/airflow/example_dags/example_nested_branch_dag.py
[2024-06-18T13:39:21.849+0530] {processor.py:830} INFO - Processing file /home/kiit/airflow-env/lib/python3.8/site-packages/airflow/example_dags/example_nested_branch_dag.py for tasks to queue
[2024-06-18T13:39:21.851+0530] {logging_mixin.py:188} INFO - [2024-06-18T13:39:21.850+0530] {dagbag.py:545} INFO - Filling up the DagBag from /home/kiit/airflow-env/lib/python3.8/site-packages/airflow/example_dags/example_nested_branch_dag.py
[2024-06-18T13:39:21.858+0530] {processor.py:840} INFO - DAG(s) 'example_nested_branch_dag' retrieved from /home/kiit/airflow-env/lib/python3.8/site-packages/airflow/example_dags/example_nested_branch_dag.py
[2024-06-18T13:39:21.869+0530] {logging_mixin.py:188} INFO - [2024-06-18T13:39:21.869+0530] {dag.py:3096} INFO - Sync 1 DAGs
[2024-06-18T13:39:21.882+0530] {logging_mixin.py:188} INFO - [2024-06-18T13:39:21.882+0530] {dag.py:3954} INFO - Setting next_dagrun for example_nested_branch_dag to 2024-06-17 00:00:00+00:00, run_after=2024-06-18 00:00:00+00:00
[2024-06-18T13:39:21.899+0530] {processor.py:183} INFO - Processing /home/kiit/airflow-env/lib/python3.8/site-packages/airflow/example_dags/example_nested_branch_dag.py took 0.057 seconds
[2024-06-18T13:40:23.113+0530] {processor.py:161} INFO - Started process (PID=30930) to work on /home/kiit/airflow-env/lib/python3.8/site-packages/airflow/example_dags/example_nested_branch_dag.py
[2024-06-18T13:40:23.114+0530] {processor.py:830} INFO - Processing file /home/kiit/airflow-env/lib/python3.8/site-packages/airflow/example_dags/example_nested_branch_dag.py for tasks to queue
[2024-06-18T13:40:23.116+0530] {logging_mixin.py:188} INFO - [2024-06-18T13:40:23.116+0530] {dagbag.py:545} INFO - Filling up the DagBag from /home/kiit/airflow-env/lib/python3.8/site-packages/airflow/example_dags/example_nested_branch_dag.py
[2024-06-18T13:40:23.124+0530] {processor.py:840} INFO - DAG(s) 'example_nested_branch_dag' retrieved from /home/kiit/airflow-env/lib/python3.8/site-packages/airflow/example_dags/example_nested_branch_dag.py
[2024-06-18T13:40:23.136+0530] {logging_mixin.py:188} INFO - [2024-06-18T13:40:23.136+0530] {dag.py:3096} INFO - Sync 1 DAGs
[2024-06-18T13:40:23.148+0530] {logging_mixin.py:188} INFO - [2024-06-18T13:40:23.148+0530] {dag.py:3954} INFO - Setting next_dagrun for example_nested_branch_dag to 2024-06-17 00:00:00+00:00, run_after=2024-06-18 00:00:00+00:00
[2024-06-18T13:40:23.165+0530] {processor.py:183} INFO - Processing /home/kiit/airflow-env/lib/python3.8/site-packages/airflow/example_dags/example_nested_branch_dag.py took 0.056 seconds
[2024-06-18T13:41:25.027+0530] {processor.py:161} INFO - Started process (PID=31000) to work on /home/kiit/airflow-env/lib/python3.8/site-packages/airflow/example_dags/example_nested_branch_dag.py
[2024-06-18T13:41:25.035+0530] {processor.py:830} INFO - Processing file /home/kiit/airflow-env/lib/python3.8/site-packages/airflow/example_dags/example_nested_branch_dag.py for tasks to queue
[2024-06-18T13:41:25.037+0530] {logging_mixin.py:188} INFO - [2024-06-18T13:41:25.037+0530] {dagbag.py:545} INFO - Filling up the DagBag from /home/kiit/airflow-env/lib/python3.8/site-packages/airflow/example_dags/example_nested_branch_dag.py
[2024-06-18T13:41:25.046+0530] {processor.py:840} INFO - DAG(s) 'example_nested_branch_dag' retrieved from /home/kiit/airflow-env/lib/python3.8/site-packages/airflow/example_dags/example_nested_branch_dag.py
[2024-06-18T13:41:25.062+0530] {logging_mixin.py:188} INFO - [2024-06-18T13:41:25.062+0530] {dag.py:3096} INFO - Sync 1 DAGs
[2024-06-18T13:41:25.079+0530] {logging_mixin.py:188} INFO - [2024-06-18T13:41:25.079+0530] {dag.py:3954} INFO - Setting next_dagrun for example_nested_branch_dag to 2024-06-17 00:00:00+00:00, run_after=2024-06-18 00:00:00+00:00
[2024-06-18T13:41:25.099+0530] {processor.py:183} INFO - Processing /home/kiit/airflow-env/lib/python3.8/site-packages/airflow/example_dags/example_nested_branch_dag.py took 0.078 seconds
[2024-06-18T15:05:50.307+0530] {processor.py:161} INFO - Started process (PID=33629) to work on /home/kiit/airflow-env/lib/python3.8/site-packages/airflow/example_dags/example_nested_branch_dag.py
[2024-06-18T15:05:50.308+0530] {processor.py:830} INFO - Processing file /home/kiit/airflow-env/lib/python3.8/site-packages/airflow/example_dags/example_nested_branch_dag.py for tasks to queue
[2024-06-18T15:05:50.311+0530] {logging_mixin.py:188} INFO - [2024-06-18T15:05:50.310+0530] {dagbag.py:545} INFO - Filling up the DagBag from /home/kiit/airflow-env/lib/python3.8/site-packages/airflow/example_dags/example_nested_branch_dag.py
[2024-06-18T15:05:50.325+0530] {processor.py:840} INFO - DAG(s) 'example_nested_branch_dag' retrieved from /home/kiit/airflow-env/lib/python3.8/site-packages/airflow/example_dags/example_nested_branch_dag.py
[2024-06-18T15:05:50.338+0530] {logging_mixin.py:188} INFO - [2024-06-18T15:05:50.338+0530] {dag.py:3096} INFO - Sync 1 DAGs
[2024-06-18T15:05:50.364+0530] {logging_mixin.py:188} INFO - [2024-06-18T15:05:50.364+0530] {dag.py:3954} INFO - Setting next_dagrun for example_nested_branch_dag to 2024-06-17 00:00:00+00:00, run_after=2024-06-18 00:00:00+00:00
[2024-06-18T15:05:50.392+0530] {processor.py:183} INFO - Processing /home/kiit/airflow-env/lib/python3.8/site-packages/airflow/example_dags/example_nested_branch_dag.py took 0.092 seconds
[2024-06-18T15:06:24.504+0530] {processor.py:161} INFO - Started process (PID=33688) to work on /home/kiit/airflow-env/lib/python3.8/site-packages/airflow/example_dags/example_nested_branch_dag.py
[2024-06-18T15:06:24.505+0530] {processor.py:830} INFO - Processing file /home/kiit/airflow-env/lib/python3.8/site-packages/airflow/example_dags/example_nested_branch_dag.py for tasks to queue
[2024-06-18T15:06:24.506+0530] {logging_mixin.py:188} INFO - [2024-06-18T15:06:24.506+0530] {dagbag.py:545} INFO - Filling up the DagBag from /home/kiit/airflow-env/lib/python3.8/site-packages/airflow/example_dags/example_nested_branch_dag.py
[2024-06-18T15:06:24.517+0530] {processor.py:840} INFO - DAG(s) 'example_nested_branch_dag' retrieved from /home/kiit/airflow-env/lib/python3.8/site-packages/airflow/example_dags/example_nested_branch_dag.py
[2024-06-18T15:06:24.728+0530] {logging_mixin.py:188} INFO - [2024-06-18T15:06:24.728+0530] {dag.py:3096} INFO - Sync 1 DAGs
[2024-06-18T15:06:24.748+0530] {logging_mixin.py:188} INFO - [2024-06-18T15:06:24.748+0530] {dag.py:3954} INFO - Setting next_dagrun for example_nested_branch_dag to 2024-06-17 00:00:00+00:00, run_after=2024-06-18 00:00:00+00:00
[2024-06-18T15:06:24.789+0530] {processor.py:183} INFO - Processing /home/kiit/airflow-env/lib/python3.8/site-packages/airflow/example_dags/example_nested_branch_dag.py took 0.292 seconds
[2024-06-18T15:06:55.081+0530] {processor.py:161} INFO - Started process (PID=33747) to work on /home/kiit/airflow-env/lib/python3.8/site-packages/airflow/example_dags/example_nested_branch_dag.py
[2024-06-18T15:06:55.082+0530] {processor.py:830} INFO - Processing file /home/kiit/airflow-env/lib/python3.8/site-packages/airflow/example_dags/example_nested_branch_dag.py for tasks to queue
[2024-06-18T15:06:55.084+0530] {logging_mixin.py:188} INFO - [2024-06-18T15:06:55.083+0530] {dagbag.py:545} INFO - Filling up the DagBag from /home/kiit/airflow-env/lib/python3.8/site-packages/airflow/example_dags/example_nested_branch_dag.py
[2024-06-18T15:06:55.093+0530] {processor.py:840} INFO - DAG(s) 'example_nested_branch_dag' retrieved from /home/kiit/airflow-env/lib/python3.8/site-packages/airflow/example_dags/example_nested_branch_dag.py
[2024-06-18T15:06:55.121+0530] {logging_mixin.py:188} INFO - [2024-06-18T15:06:55.120+0530] {dag.py:3096} INFO - Sync 1 DAGs
[2024-06-18T15:06:55.152+0530] {logging_mixin.py:188} INFO - [2024-06-18T15:06:55.152+0530] {dag.py:3954} INFO - Setting next_dagrun for example_nested_branch_dag to 2024-06-17 00:00:00+00:00, run_after=2024-06-18 00:00:00+00:00
[2024-06-18T15:06:55.187+0530] {processor.py:183} INFO - Processing /home/kiit/airflow-env/lib/python3.8/site-packages/airflow/example_dags/example_nested_branch_dag.py took 0.114 seconds
[2024-06-18T15:07:25.891+0530] {processor.py:161} INFO - Started process (PID=33806) to work on /home/kiit/airflow-env/lib/python3.8/site-packages/airflow/example_dags/example_nested_branch_dag.py
[2024-06-18T15:07:25.892+0530] {processor.py:830} INFO - Processing file /home/kiit/airflow-env/lib/python3.8/site-packages/airflow/example_dags/example_nested_branch_dag.py for tasks to queue
[2024-06-18T15:07:25.894+0530] {logging_mixin.py:188} INFO - [2024-06-18T15:07:25.894+0530] {dagbag.py:545} INFO - Filling up the DagBag from /home/kiit/airflow-env/lib/python3.8/site-packages/airflow/example_dags/example_nested_branch_dag.py
[2024-06-18T15:07:25.903+0530] {processor.py:840} INFO - DAG(s) 'example_nested_branch_dag' retrieved from /home/kiit/airflow-env/lib/python3.8/site-packages/airflow/example_dags/example_nested_branch_dag.py
[2024-06-18T15:07:25.926+0530] {logging_mixin.py:188} INFO - [2024-06-18T15:07:25.926+0530] {dag.py:3096} INFO - Sync 1 DAGs
[2024-06-18T15:07:25.948+0530] {logging_mixin.py:188} INFO - [2024-06-18T15:07:25.948+0530] {dag.py:3954} INFO - Setting next_dagrun for example_nested_branch_dag to 2024-06-17 00:00:00+00:00, run_after=2024-06-18 00:00:00+00:00
[2024-06-18T15:07:25.981+0530] {processor.py:183} INFO - Processing /home/kiit/airflow-env/lib/python3.8/site-packages/airflow/example_dags/example_nested_branch_dag.py took 0.097 seconds
[2024-06-18T15:07:56.656+0530] {processor.py:161} INFO - Started process (PID=33865) to work on /home/kiit/airflow-env/lib/python3.8/site-packages/airflow/example_dags/example_nested_branch_dag.py
[2024-06-18T15:07:56.657+0530] {processor.py:830} INFO - Processing file /home/kiit/airflow-env/lib/python3.8/site-packages/airflow/example_dags/example_nested_branch_dag.py for tasks to queue
[2024-06-18T15:07:56.659+0530] {logging_mixin.py:188} INFO - [2024-06-18T15:07:56.659+0530] {dagbag.py:545} INFO - Filling up the DagBag from /home/kiit/airflow-env/lib/python3.8/site-packages/airflow/example_dags/example_nested_branch_dag.py
[2024-06-18T15:07:56.672+0530] {processor.py:840} INFO - DAG(s) 'example_nested_branch_dag' retrieved from /home/kiit/airflow-env/lib/python3.8/site-packages/airflow/example_dags/example_nested_branch_dag.py
[2024-06-18T15:07:56.694+0530] {logging_mixin.py:188} INFO - [2024-06-18T15:07:56.694+0530] {dag.py:3096} INFO - Sync 1 DAGs
[2024-06-18T15:07:56.714+0530] {logging_mixin.py:188} INFO - [2024-06-18T15:07:56.713+0530] {dag.py:3954} INFO - Setting next_dagrun for example_nested_branch_dag to 2024-06-17 00:00:00+00:00, run_after=2024-06-18 00:00:00+00:00
[2024-06-18T15:07:56.738+0530] {processor.py:183} INFO - Processing /home/kiit/airflow-env/lib/python3.8/site-packages/airflow/example_dags/example_nested_branch_dag.py took 0.088 seconds
[2024-06-18T15:08:26.803+0530] {processor.py:161} INFO - Started process (PID=33924) to work on /home/kiit/airflow-env/lib/python3.8/site-packages/airflow/example_dags/example_nested_branch_dag.py
[2024-06-18T15:08:26.804+0530] {processor.py:830} INFO - Processing file /home/kiit/airflow-env/lib/python3.8/site-packages/airflow/example_dags/example_nested_branch_dag.py for tasks to queue
[2024-06-18T15:08:26.805+0530] {logging_mixin.py:188} INFO - [2024-06-18T15:08:26.805+0530] {dagbag.py:545} INFO - Filling up the DagBag from /home/kiit/airflow-env/lib/python3.8/site-packages/airflow/example_dags/example_nested_branch_dag.py
[2024-06-18T15:08:26.815+0530] {processor.py:840} INFO - DAG(s) 'example_nested_branch_dag' retrieved from /home/kiit/airflow-env/lib/python3.8/site-packages/airflow/example_dags/example_nested_branch_dag.py
[2024-06-18T15:08:26.837+0530] {logging_mixin.py:188} INFO - [2024-06-18T15:08:26.837+0530] {dag.py:3096} INFO - Sync 1 DAGs
[2024-06-18T15:08:26.858+0530] {logging_mixin.py:188} INFO - [2024-06-18T15:08:26.858+0530] {dag.py:3954} INFO - Setting next_dagrun for example_nested_branch_dag to 2024-06-17 00:00:00+00:00, run_after=2024-06-18 00:00:00+00:00
[2024-06-18T15:08:26.884+0530] {processor.py:183} INFO - Processing /home/kiit/airflow-env/lib/python3.8/site-packages/airflow/example_dags/example_nested_branch_dag.py took 0.089 seconds
[2024-06-18T15:08:57.569+0530] {processor.py:161} INFO - Started process (PID=33984) to work on /home/kiit/airflow-env/lib/python3.8/site-packages/airflow/example_dags/example_nested_branch_dag.py
[2024-06-18T15:08:57.570+0530] {processor.py:830} INFO - Processing file /home/kiit/airflow-env/lib/python3.8/site-packages/airflow/example_dags/example_nested_branch_dag.py for tasks to queue
[2024-06-18T15:08:57.572+0530] {logging_mixin.py:188} INFO - [2024-06-18T15:08:57.572+0530] {dagbag.py:545} INFO - Filling up the DagBag from /home/kiit/airflow-env/lib/python3.8/site-packages/airflow/example_dags/example_nested_branch_dag.py
[2024-06-18T15:08:57.584+0530] {processor.py:840} INFO - DAG(s) 'example_nested_branch_dag' retrieved from /home/kiit/airflow-env/lib/python3.8/site-packages/airflow/example_dags/example_nested_branch_dag.py
[2024-06-18T15:08:57.606+0530] {logging_mixin.py:188} INFO - [2024-06-18T15:08:57.606+0530] {dag.py:3096} INFO - Sync 1 DAGs
[2024-06-18T15:08:57.625+0530] {logging_mixin.py:188} INFO - [2024-06-18T15:08:57.624+0530] {dag.py:3954} INFO - Setting next_dagrun for example_nested_branch_dag to 2024-06-17 00:00:00+00:00, run_after=2024-06-18 00:00:00+00:00
[2024-06-18T15:08:57.650+0530] {processor.py:183} INFO - Processing /home/kiit/airflow-env/lib/python3.8/site-packages/airflow/example_dags/example_nested_branch_dag.py took 0.087 seconds
[2024-06-18T15:09:27.913+0530] {processor.py:161} INFO - Started process (PID=34044) to work on /home/kiit/airflow-env/lib/python3.8/site-packages/airflow/example_dags/example_nested_branch_dag.py
[2024-06-18T15:09:27.914+0530] {processor.py:830} INFO - Processing file /home/kiit/airflow-env/lib/python3.8/site-packages/airflow/example_dags/example_nested_branch_dag.py for tasks to queue
[2024-06-18T15:09:27.915+0530] {logging_mixin.py:188} INFO - [2024-06-18T15:09:27.915+0530] {dagbag.py:545} INFO - Filling up the DagBag from /home/kiit/airflow-env/lib/python3.8/site-packages/airflow/example_dags/example_nested_branch_dag.py
[2024-06-18T15:09:27.922+0530] {processor.py:840} INFO - DAG(s) 'example_nested_branch_dag' retrieved from /home/kiit/airflow-env/lib/python3.8/site-packages/airflow/example_dags/example_nested_branch_dag.py
[2024-06-18T15:09:27.942+0530] {logging_mixin.py:188} INFO - [2024-06-18T15:09:27.942+0530] {dag.py:3096} INFO - Sync 1 DAGs
[2024-06-18T15:09:27.956+0530] {logging_mixin.py:188} INFO - [2024-06-18T15:09:27.956+0530] {dag.py:3954} INFO - Setting next_dagrun for example_nested_branch_dag to 2024-06-17 00:00:00+00:00, run_after=2024-06-18 00:00:00+00:00
[2024-06-18T15:09:27.977+0530] {processor.py:183} INFO - Processing /home/kiit/airflow-env/lib/python3.8/site-packages/airflow/example_dags/example_nested_branch_dag.py took 0.069 seconds
[2024-06-18T15:09:58.139+0530] {processor.py:161} INFO - Started process (PID=34103) to work on /home/kiit/airflow-env/lib/python3.8/site-packages/airflow/example_dags/example_nested_branch_dag.py
[2024-06-18T15:09:58.140+0530] {processor.py:830} INFO - Processing file /home/kiit/airflow-env/lib/python3.8/site-packages/airflow/example_dags/example_nested_branch_dag.py for tasks to queue
[2024-06-18T15:09:58.141+0530] {logging_mixin.py:188} INFO - [2024-06-18T15:09:58.141+0530] {dagbag.py:545} INFO - Filling up the DagBag from /home/kiit/airflow-env/lib/python3.8/site-packages/airflow/example_dags/example_nested_branch_dag.py
[2024-06-18T15:09:58.149+0530] {processor.py:840} INFO - DAG(s) 'example_nested_branch_dag' retrieved from /home/kiit/airflow-env/lib/python3.8/site-packages/airflow/example_dags/example_nested_branch_dag.py
[2024-06-18T15:09:58.166+0530] {logging_mixin.py:188} INFO - [2024-06-18T15:09:58.166+0530] {dag.py:3096} INFO - Sync 1 DAGs
[2024-06-18T15:09:58.183+0530] {logging_mixin.py:188} INFO - [2024-06-18T15:09:58.183+0530] {dag.py:3954} INFO - Setting next_dagrun for example_nested_branch_dag to 2024-06-17 00:00:00+00:00, run_after=2024-06-18 00:00:00+00:00
[2024-06-18T15:09:58.201+0530] {processor.py:183} INFO - Processing /home/kiit/airflow-env/lib/python3.8/site-packages/airflow/example_dags/example_nested_branch_dag.py took 0.067 seconds
[2024-06-18T15:10:28.419+0530] {processor.py:161} INFO - Started process (PID=34163) to work on /home/kiit/airflow-env/lib/python3.8/site-packages/airflow/example_dags/example_nested_branch_dag.py
[2024-06-18T15:10:28.419+0530] {processor.py:830} INFO - Processing file /home/kiit/airflow-env/lib/python3.8/site-packages/airflow/example_dags/example_nested_branch_dag.py for tasks to queue
[2024-06-18T15:10:28.421+0530] {logging_mixin.py:188} INFO - [2024-06-18T15:10:28.420+0530] {dagbag.py:545} INFO - Filling up the DagBag from /home/kiit/airflow-env/lib/python3.8/site-packages/airflow/example_dags/example_nested_branch_dag.py
[2024-06-18T15:10:28.428+0530] {processor.py:840} INFO - DAG(s) 'example_nested_branch_dag' retrieved from /home/kiit/airflow-env/lib/python3.8/site-packages/airflow/example_dags/example_nested_branch_dag.py
[2024-06-18T15:10:28.444+0530] {logging_mixin.py:188} INFO - [2024-06-18T15:10:28.444+0530] {dag.py:3096} INFO - Sync 1 DAGs
[2024-06-18T15:10:28.461+0530] {logging_mixin.py:188} INFO - [2024-06-18T15:10:28.461+0530] {dag.py:3954} INFO - Setting next_dagrun for example_nested_branch_dag to 2024-06-17 00:00:00+00:00, run_after=2024-06-18 00:00:00+00:00
[2024-06-18T15:10:28.482+0530] {processor.py:183} INFO - Processing /home/kiit/airflow-env/lib/python3.8/site-packages/airflow/example_dags/example_nested_branch_dag.py took 0.069 seconds
[2024-06-18T15:10:58.764+0530] {processor.py:161} INFO - Started process (PID=34222) to work on /home/kiit/airflow-env/lib/python3.8/site-packages/airflow/example_dags/example_nested_branch_dag.py
[2024-06-18T15:10:58.765+0530] {processor.py:830} INFO - Processing file /home/kiit/airflow-env/lib/python3.8/site-packages/airflow/example_dags/example_nested_branch_dag.py for tasks to queue
[2024-06-18T15:10:58.767+0530] {logging_mixin.py:188} INFO - [2024-06-18T15:10:58.766+0530] {dagbag.py:545} INFO - Filling up the DagBag from /home/kiit/airflow-env/lib/python3.8/site-packages/airflow/example_dags/example_nested_branch_dag.py
[2024-06-18T15:10:58.775+0530] {processor.py:840} INFO - DAG(s) 'example_nested_branch_dag' retrieved from /home/kiit/airflow-env/lib/python3.8/site-packages/airflow/example_dags/example_nested_branch_dag.py
[2024-06-18T15:10:58.793+0530] {logging_mixin.py:188} INFO - [2024-06-18T15:10:58.793+0530] {dag.py:3096} INFO - Sync 1 DAGs
[2024-06-18T15:10:58.811+0530] {logging_mixin.py:188} INFO - [2024-06-18T15:10:58.811+0530] {dag.py:3954} INFO - Setting next_dagrun for example_nested_branch_dag to 2024-06-17 00:00:00+00:00, run_after=2024-06-18 00:00:00+00:00
[2024-06-18T15:10:58.832+0530] {processor.py:183} INFO - Processing /home/kiit/airflow-env/lib/python3.8/site-packages/airflow/example_dags/example_nested_branch_dag.py took 0.073 seconds
[2024-06-18T15:11:28.939+0530] {processor.py:161} INFO - Started process (PID=34281) to work on /home/kiit/airflow-env/lib/python3.8/site-packages/airflow/example_dags/example_nested_branch_dag.py
[2024-06-18T15:11:28.940+0530] {processor.py:830} INFO - Processing file /home/kiit/airflow-env/lib/python3.8/site-packages/airflow/example_dags/example_nested_branch_dag.py for tasks to queue
[2024-06-18T15:11:28.942+0530] {logging_mixin.py:188} INFO - [2024-06-18T15:11:28.941+0530] {dagbag.py:545} INFO - Filling up the DagBag from /home/kiit/airflow-env/lib/python3.8/site-packages/airflow/example_dags/example_nested_branch_dag.py
[2024-06-18T15:11:28.951+0530] {processor.py:840} INFO - DAG(s) 'example_nested_branch_dag' retrieved from /home/kiit/airflow-env/lib/python3.8/site-packages/airflow/example_dags/example_nested_branch_dag.py
[2024-06-18T15:11:28.968+0530] {logging_mixin.py:188} INFO - [2024-06-18T15:11:28.968+0530] {dag.py:3096} INFO - Sync 1 DAGs
[2024-06-18T15:11:28.985+0530] {logging_mixin.py:188} INFO - [2024-06-18T15:11:28.985+0530] {dag.py:3954} INFO - Setting next_dagrun for example_nested_branch_dag to 2024-06-17 00:00:00+00:00, run_after=2024-06-18 00:00:00+00:00
[2024-06-18T15:11:29.005+0530] {processor.py:183} INFO - Processing /home/kiit/airflow-env/lib/python3.8/site-packages/airflow/example_dags/example_nested_branch_dag.py took 0.071 seconds
[2024-06-18T15:11:59.147+0530] {processor.py:161} INFO - Started process (PID=34340) to work on /home/kiit/airflow-env/lib/python3.8/site-packages/airflow/example_dags/example_nested_branch_dag.py
[2024-06-18T15:11:59.148+0530] {processor.py:830} INFO - Processing file /home/kiit/airflow-env/lib/python3.8/site-packages/airflow/example_dags/example_nested_branch_dag.py for tasks to queue
[2024-06-18T15:11:59.149+0530] {logging_mixin.py:188} INFO - [2024-06-18T15:11:59.149+0530] {dagbag.py:545} INFO - Filling up the DagBag from /home/kiit/airflow-env/lib/python3.8/site-packages/airflow/example_dags/example_nested_branch_dag.py
[2024-06-18T15:11:59.157+0530] {processor.py:840} INFO - DAG(s) 'example_nested_branch_dag' retrieved from /home/kiit/airflow-env/lib/python3.8/site-packages/airflow/example_dags/example_nested_branch_dag.py
[2024-06-18T15:11:59.177+0530] {logging_mixin.py:188} INFO - [2024-06-18T15:11:59.177+0530] {dag.py:3096} INFO - Sync 1 DAGs
[2024-06-18T15:11:59.194+0530] {logging_mixin.py:188} INFO - [2024-06-18T15:11:59.193+0530] {dag.py:3954} INFO - Setting next_dagrun for example_nested_branch_dag to 2024-06-17 00:00:00+00:00, run_after=2024-06-18 00:00:00+00:00
[2024-06-18T15:11:59.213+0530] {processor.py:183} INFO - Processing /home/kiit/airflow-env/lib/python3.8/site-packages/airflow/example_dags/example_nested_branch_dag.py took 0.071 seconds
[2024-06-18T15:12:29.500+0530] {processor.py:161} INFO - Started process (PID=34400) to work on /home/kiit/airflow-env/lib/python3.8/site-packages/airflow/example_dags/example_nested_branch_dag.py
[2024-06-18T15:12:29.502+0530] {processor.py:830} INFO - Processing file /home/kiit/airflow-env/lib/python3.8/site-packages/airflow/example_dags/example_nested_branch_dag.py for tasks to queue
[2024-06-18T15:12:29.504+0530] {logging_mixin.py:188} INFO - [2024-06-18T15:12:29.503+0530] {dagbag.py:545} INFO - Filling up the DagBag from /home/kiit/airflow-env/lib/python3.8/site-packages/airflow/example_dags/example_nested_branch_dag.py
[2024-06-18T15:12:29.516+0530] {processor.py:840} INFO - DAG(s) 'example_nested_branch_dag' retrieved from /home/kiit/airflow-env/lib/python3.8/site-packages/airflow/example_dags/example_nested_branch_dag.py
[2024-06-18T15:12:29.541+0530] {logging_mixin.py:188} INFO - [2024-06-18T15:12:29.541+0530] {dag.py:3096} INFO - Sync 1 DAGs
[2024-06-18T15:12:29.559+0530] {logging_mixin.py:188} INFO - [2024-06-18T15:12:29.558+0530] {dag.py:3954} INFO - Setting next_dagrun for example_nested_branch_dag to 2024-06-17 00:00:00+00:00, run_after=2024-06-18 00:00:00+00:00
[2024-06-18T15:12:29.579+0530] {processor.py:183} INFO - Processing /home/kiit/airflow-env/lib/python3.8/site-packages/airflow/example_dags/example_nested_branch_dag.py took 0.086 seconds
[2024-06-18T15:12:59.804+0530] {processor.py:161} INFO - Started process (PID=34459) to work on /home/kiit/airflow-env/lib/python3.8/site-packages/airflow/example_dags/example_nested_branch_dag.py
[2024-06-18T15:12:59.805+0530] {processor.py:830} INFO - Processing file /home/kiit/airflow-env/lib/python3.8/site-packages/airflow/example_dags/example_nested_branch_dag.py for tasks to queue
[2024-06-18T15:12:59.806+0530] {logging_mixin.py:188} INFO - [2024-06-18T15:12:59.806+0530] {dagbag.py:545} INFO - Filling up the DagBag from /home/kiit/airflow-env/lib/python3.8/site-packages/airflow/example_dags/example_nested_branch_dag.py
[2024-06-18T15:12:59.815+0530] {processor.py:840} INFO - DAG(s) 'example_nested_branch_dag' retrieved from /home/kiit/airflow-env/lib/python3.8/site-packages/airflow/example_dags/example_nested_branch_dag.py
[2024-06-18T15:12:59.831+0530] {logging_mixin.py:188} INFO - [2024-06-18T15:12:59.831+0530] {dag.py:3096} INFO - Sync 1 DAGs
[2024-06-18T15:12:59.847+0530] {logging_mixin.py:188} INFO - [2024-06-18T15:12:59.847+0530] {dag.py:3954} INFO - Setting next_dagrun for example_nested_branch_dag to 2024-06-17 00:00:00+00:00, run_after=2024-06-18 00:00:00+00:00
[2024-06-18T15:12:59.866+0530] {processor.py:183} INFO - Processing /home/kiit/airflow-env/lib/python3.8/site-packages/airflow/example_dags/example_nested_branch_dag.py took 0.067 seconds
[2024-06-18T15:13:30.089+0530] {processor.py:161} INFO - Started process (PID=34518) to work on /home/kiit/airflow-env/lib/python3.8/site-packages/airflow/example_dags/example_nested_branch_dag.py
[2024-06-18T15:13:30.090+0530] {processor.py:830} INFO - Processing file /home/kiit/airflow-env/lib/python3.8/site-packages/airflow/example_dags/example_nested_branch_dag.py for tasks to queue
[2024-06-18T15:13:30.092+0530] {logging_mixin.py:188} INFO - [2024-06-18T15:13:30.091+0530] {dagbag.py:545} INFO - Filling up the DagBag from /home/kiit/airflow-env/lib/python3.8/site-packages/airflow/example_dags/example_nested_branch_dag.py
[2024-06-18T15:13:30.099+0530] {processor.py:840} INFO - DAG(s) 'example_nested_branch_dag' retrieved from /home/kiit/airflow-env/lib/python3.8/site-packages/airflow/example_dags/example_nested_branch_dag.py
[2024-06-18T15:13:30.118+0530] {logging_mixin.py:188} INFO - [2024-06-18T15:13:30.118+0530] {dag.py:3096} INFO - Sync 1 DAGs
[2024-06-18T15:13:30.134+0530] {logging_mixin.py:188} INFO - [2024-06-18T15:13:30.134+0530] {dag.py:3954} INFO - Setting next_dagrun for example_nested_branch_dag to 2024-06-17 00:00:00+00:00, run_after=2024-06-18 00:00:00+00:00
[2024-06-18T15:13:30.153+0530] {processor.py:183} INFO - Processing /home/kiit/airflow-env/lib/python3.8/site-packages/airflow/example_dags/example_nested_branch_dag.py took 0.070 seconds
[2024-06-18T15:14:00.375+0530] {processor.py:161} INFO - Started process (PID=34577) to work on /home/kiit/airflow-env/lib/python3.8/site-packages/airflow/example_dags/example_nested_branch_dag.py
[2024-06-18T15:14:00.376+0530] {processor.py:830} INFO - Processing file /home/kiit/airflow-env/lib/python3.8/site-packages/airflow/example_dags/example_nested_branch_dag.py for tasks to queue
[2024-06-18T15:14:00.377+0530] {logging_mixin.py:188} INFO - [2024-06-18T15:14:00.377+0530] {dagbag.py:545} INFO - Filling up the DagBag from /home/kiit/airflow-env/lib/python3.8/site-packages/airflow/example_dags/example_nested_branch_dag.py
[2024-06-18T15:14:00.386+0530] {processor.py:840} INFO - DAG(s) 'example_nested_branch_dag' retrieved from /home/kiit/airflow-env/lib/python3.8/site-packages/airflow/example_dags/example_nested_branch_dag.py
[2024-06-18T15:14:00.403+0530] {logging_mixin.py:188} INFO - [2024-06-18T15:14:00.402+0530] {dag.py:3096} INFO - Sync 1 DAGs
[2024-06-18T15:14:00.418+0530] {logging_mixin.py:188} INFO - [2024-06-18T15:14:00.418+0530] {dag.py:3954} INFO - Setting next_dagrun for example_nested_branch_dag to 2024-06-17 00:00:00+00:00, run_after=2024-06-18 00:00:00+00:00
[2024-06-18T15:14:00.437+0530] {processor.py:183} INFO - Processing /home/kiit/airflow-env/lib/python3.8/site-packages/airflow/example_dags/example_nested_branch_dag.py took 0.067 seconds
[2024-06-18T15:14:30.705+0530] {processor.py:161} INFO - Started process (PID=34636) to work on /home/kiit/airflow-env/lib/python3.8/site-packages/airflow/example_dags/example_nested_branch_dag.py
[2024-06-18T15:14:30.706+0530] {processor.py:830} INFO - Processing file /home/kiit/airflow-env/lib/python3.8/site-packages/airflow/example_dags/example_nested_branch_dag.py for tasks to queue
[2024-06-18T15:14:30.707+0530] {logging_mixin.py:188} INFO - [2024-06-18T15:14:30.707+0530] {dagbag.py:545} INFO - Filling up the DagBag from /home/kiit/airflow-env/lib/python3.8/site-packages/airflow/example_dags/example_nested_branch_dag.py
[2024-06-18T15:14:30.715+0530] {processor.py:840} INFO - DAG(s) 'example_nested_branch_dag' retrieved from /home/kiit/airflow-env/lib/python3.8/site-packages/airflow/example_dags/example_nested_branch_dag.py
[2024-06-18T15:14:30.732+0530] {logging_mixin.py:188} INFO - [2024-06-18T15:14:30.731+0530] {dag.py:3096} INFO - Sync 1 DAGs
[2024-06-18T15:14:30.746+0530] {logging_mixin.py:188} INFO - [2024-06-18T15:14:30.746+0530] {dag.py:3954} INFO - Setting next_dagrun for example_nested_branch_dag to 2024-06-17 00:00:00+00:00, run_after=2024-06-18 00:00:00+00:00
[2024-06-18T15:14:30.767+0530] {processor.py:183} INFO - Processing /home/kiit/airflow-env/lib/python3.8/site-packages/airflow/example_dags/example_nested_branch_dag.py took 0.066 seconds
[2024-06-18T15:15:01.052+0530] {processor.py:161} INFO - Started process (PID=34695) to work on /home/kiit/airflow-env/lib/python3.8/site-packages/airflow/example_dags/example_nested_branch_dag.py
[2024-06-18T15:15:01.053+0530] {processor.py:830} INFO - Processing file /home/kiit/airflow-env/lib/python3.8/site-packages/airflow/example_dags/example_nested_branch_dag.py for tasks to queue
[2024-06-18T15:15:01.055+0530] {logging_mixin.py:188} INFO - [2024-06-18T15:15:01.054+0530] {dagbag.py:545} INFO - Filling up the DagBag from /home/kiit/airflow-env/lib/python3.8/site-packages/airflow/example_dags/example_nested_branch_dag.py
[2024-06-18T15:15:01.062+0530] {processor.py:840} INFO - DAG(s) 'example_nested_branch_dag' retrieved from /home/kiit/airflow-env/lib/python3.8/site-packages/airflow/example_dags/example_nested_branch_dag.py
[2024-06-18T15:15:01.078+0530] {logging_mixin.py:188} INFO - [2024-06-18T15:15:01.078+0530] {dag.py:3096} INFO - Sync 1 DAGs
[2024-06-18T15:15:01.094+0530] {logging_mixin.py:188} INFO - [2024-06-18T15:15:01.094+0530] {dag.py:3954} INFO - Setting next_dagrun for example_nested_branch_dag to 2024-06-17 00:00:00+00:00, run_after=2024-06-18 00:00:00+00:00
[2024-06-18T15:15:01.113+0530] {processor.py:183} INFO - Processing /home/kiit/airflow-env/lib/python3.8/site-packages/airflow/example_dags/example_nested_branch_dag.py took 0.067 seconds
[2024-06-18T15:15:31.325+0530] {processor.py:161} INFO - Started process (PID=34754) to work on /home/kiit/airflow-env/lib/python3.8/site-packages/airflow/example_dags/example_nested_branch_dag.py
[2024-06-18T15:15:31.326+0530] {processor.py:830} INFO - Processing file /home/kiit/airflow-env/lib/python3.8/site-packages/airflow/example_dags/example_nested_branch_dag.py for tasks to queue
[2024-06-18T15:15:31.327+0530] {logging_mixin.py:188} INFO - [2024-06-18T15:15:31.327+0530] {dagbag.py:545} INFO - Filling up the DagBag from /home/kiit/airflow-env/lib/python3.8/site-packages/airflow/example_dags/example_nested_branch_dag.py
[2024-06-18T15:15:31.335+0530] {processor.py:840} INFO - DAG(s) 'example_nested_branch_dag' retrieved from /home/kiit/airflow-env/lib/python3.8/site-packages/airflow/example_dags/example_nested_branch_dag.py
[2024-06-18T15:15:31.354+0530] {logging_mixin.py:188} INFO - [2024-06-18T15:15:31.353+0530] {dag.py:3096} INFO - Sync 1 DAGs
[2024-06-18T15:15:31.369+0530] {logging_mixin.py:188} INFO - [2024-06-18T15:15:31.369+0530] {dag.py:3954} INFO - Setting next_dagrun for example_nested_branch_dag to 2024-06-17 00:00:00+00:00, run_after=2024-06-18 00:00:00+00:00
[2024-06-18T15:15:31.387+0530] {processor.py:183} INFO - Processing /home/kiit/airflow-env/lib/python3.8/site-packages/airflow/example_dags/example_nested_branch_dag.py took 0.067 seconds
[2024-06-18T15:16:01.612+0530] {processor.py:161} INFO - Started process (PID=34813) to work on /home/kiit/airflow-env/lib/python3.8/site-packages/airflow/example_dags/example_nested_branch_dag.py
[2024-06-18T15:16:01.613+0530] {processor.py:830} INFO - Processing file /home/kiit/airflow-env/lib/python3.8/site-packages/airflow/example_dags/example_nested_branch_dag.py for tasks to queue
[2024-06-18T15:16:01.615+0530] {logging_mixin.py:188} INFO - [2024-06-18T15:16:01.614+0530] {dagbag.py:545} INFO - Filling up the DagBag from /home/kiit/airflow-env/lib/python3.8/site-packages/airflow/example_dags/example_nested_branch_dag.py
[2024-06-18T15:16:01.623+0530] {processor.py:840} INFO - DAG(s) 'example_nested_branch_dag' retrieved from /home/kiit/airflow-env/lib/python3.8/site-packages/airflow/example_dags/example_nested_branch_dag.py
[2024-06-18T15:16:01.643+0530] {logging_mixin.py:188} INFO - [2024-06-18T15:16:01.643+0530] {dag.py:3096} INFO - Sync 1 DAGs
[2024-06-18T15:16:01.660+0530] {logging_mixin.py:188} INFO - [2024-06-18T15:16:01.660+0530] {dag.py:3954} INFO - Setting next_dagrun for example_nested_branch_dag to 2024-06-17 00:00:00+00:00, run_after=2024-06-18 00:00:00+00:00
[2024-06-18T15:16:01.681+0530] {processor.py:183} INFO - Processing /home/kiit/airflow-env/lib/python3.8/site-packages/airflow/example_dags/example_nested_branch_dag.py took 0.075 seconds
[2024-06-18T15:16:32.638+0530] {processor.py:161} INFO - Started process (PID=34896) to work on /home/kiit/airflow-env/lib/python3.8/site-packages/airflow/example_dags/example_nested_branch_dag.py
[2024-06-18T15:16:32.639+0530] {processor.py:830} INFO - Processing file /home/kiit/airflow-env/lib/python3.8/site-packages/airflow/example_dags/example_nested_branch_dag.py for tasks to queue
[2024-06-18T15:16:32.641+0530] {logging_mixin.py:188} INFO - [2024-06-18T15:16:32.641+0530] {dagbag.py:545} INFO - Filling up the DagBag from /home/kiit/airflow-env/lib/python3.8/site-packages/airflow/example_dags/example_nested_branch_dag.py
[2024-06-18T15:16:32.648+0530] {processor.py:840} INFO - DAG(s) 'example_nested_branch_dag' retrieved from /home/kiit/airflow-env/lib/python3.8/site-packages/airflow/example_dags/example_nested_branch_dag.py
[2024-06-18T15:16:32.721+0530] {logging_mixin.py:188} INFO - [2024-06-18T15:16:32.720+0530] {dag.py:3096} INFO - Sync 1 DAGs
[2024-06-18T15:16:32.738+0530] {logging_mixin.py:188} INFO - [2024-06-18T15:16:32.737+0530] {dag.py:3954} INFO - Setting next_dagrun for example_nested_branch_dag to 2024-06-17 00:00:00+00:00, run_after=2024-06-18 00:00:00+00:00
[2024-06-18T15:16:32.757+0530] {processor.py:183} INFO - Processing /home/kiit/airflow-env/lib/python3.8/site-packages/airflow/example_dags/example_nested_branch_dag.py took 0.125 seconds
