[2024-06-18T13:05:49.146+0530] {processor.py:161} INFO - Started process (PID=25347) to work on /home/kiit/airflow-env/lib/python3.8/site-packages/airflow/example_dags/example_skip_dag.py
[2024-06-18T13:05:49.147+0530] {processor.py:830} INFO - Processing file /home/kiit/airflow-env/lib/python3.8/site-packages/airflow/example_dags/example_skip_dag.py for tasks to queue
[2024-06-18T13:05:49.148+0530] {logging_mixin.py:188} INFO - [2024-06-18T13:05:49.148+0530] {dagbag.py:545} INFO - Filling up the DagBag from /home/kiit/airflow-env/lib/python3.8/site-packages/airflow/example_dags/example_skip_dag.py
[2024-06-18T13:05:49.155+0530] {processor.py:840} INFO - DAG(s) 'example_skip_dag' retrieved from /home/kiit/airflow-env/lib/python3.8/site-packages/airflow/example_dags/example_skip_dag.py
[2024-06-18T13:05:49.224+0530] {logging_mixin.py:188} INFO - [2024-06-18T13:05:49.224+0530] {dag.py:3096} INFO - Sync 1 DAGs
[2024-06-18T13:05:49.236+0530] {logging_mixin.py:188} INFO - [2024-06-18T13:05:49.236+0530] {dag.py:3954} INFO - Setting next_dagrun for example_skip_dag to 2024-06-17 00:00:00+00:00, run_after=2024-06-18 00:00:00+00:00
[2024-06-18T13:05:49.260+0530] {processor.py:183} INFO - Processing /home/kiit/airflow-env/lib/python3.8/site-packages/airflow/example_dags/example_skip_dag.py took 0.118 seconds
[2024-06-18T13:06:44.747+0530] {processor.py:161} INFO - Started process (PID=25422) to work on /home/kiit/airflow-env/lib/python3.8/site-packages/airflow/example_dags/example_skip_dag.py
[2024-06-18T13:06:44.748+0530] {processor.py:830} INFO - Processing file /home/kiit/airflow-env/lib/python3.8/site-packages/airflow/example_dags/example_skip_dag.py for tasks to queue
[2024-06-18T13:06:44.749+0530] {logging_mixin.py:188} INFO - [2024-06-18T13:06:44.749+0530] {dagbag.py:545} INFO - Filling up the DagBag from /home/kiit/airflow-env/lib/python3.8/site-packages/airflow/example_dags/example_skip_dag.py
[2024-06-18T13:06:44.753+0530] {processor.py:840} INFO - DAG(s) 'example_skip_dag' retrieved from /home/kiit/airflow-env/lib/python3.8/site-packages/airflow/example_dags/example_skip_dag.py
[2024-06-18T13:06:44.763+0530] {logging_mixin.py:188} INFO - [2024-06-18T13:06:44.763+0530] {dag.py:3096} INFO - Sync 1 DAGs
[2024-06-18T13:06:44.775+0530] {logging_mixin.py:188} INFO - [2024-06-18T13:06:44.775+0530] {dag.py:3954} INFO - Setting next_dagrun for example_skip_dag to 2024-06-17 00:00:00+00:00, run_after=2024-06-18 00:00:00+00:00
[2024-06-18T13:06:44.792+0530] {processor.py:183} INFO - Processing /home/kiit/airflow-env/lib/python3.8/site-packages/airflow/example_dags/example_skip_dag.py took 0.049 seconds
[2024-06-18T13:07:36.972+0530] {processor.py:161} INFO - Started process (PID=25485) to work on /home/kiit/airflow-env/lib/python3.8/site-packages/airflow/example_dags/example_skip_dag.py
[2024-06-18T13:07:36.974+0530] {processor.py:830} INFO - Processing file /home/kiit/airflow-env/lib/python3.8/site-packages/airflow/example_dags/example_skip_dag.py for tasks to queue
[2024-06-18T13:07:36.976+0530] {logging_mixin.py:188} INFO - [2024-06-18T13:07:36.975+0530] {dagbag.py:545} INFO - Filling up the DagBag from /home/kiit/airflow-env/lib/python3.8/site-packages/airflow/example_dags/example_skip_dag.py
[2024-06-18T13:07:36.982+0530] {processor.py:840} INFO - DAG(s) 'example_skip_dag' retrieved from /home/kiit/airflow-env/lib/python3.8/site-packages/airflow/example_dags/example_skip_dag.py
[2024-06-18T13:07:37.078+0530] {logging_mixin.py:188} INFO - [2024-06-18T13:07:37.078+0530] {dag.py:3096} INFO - Sync 1 DAGs
[2024-06-18T13:07:37.095+0530] {logging_mixin.py:188} INFO - [2024-06-18T13:07:37.095+0530] {dag.py:3954} INFO - Setting next_dagrun for example_skip_dag to 2024-06-17 00:00:00+00:00, run_after=2024-06-18 00:00:00+00:00
[2024-06-18T13:07:37.121+0530] {processor.py:183} INFO - Processing /home/kiit/airflow-env/lib/python3.8/site-packages/airflow/example_dags/example_skip_dag.py took 0.155 seconds
[2024-06-18T13:08:27.333+0530] {processor.py:161} INFO - Started process (PID=25532) to work on /home/kiit/airflow-env/lib/python3.8/site-packages/airflow/example_dags/example_skip_dag.py
[2024-06-18T13:08:27.335+0530] {processor.py:830} INFO - Processing file /home/kiit/airflow-env/lib/python3.8/site-packages/airflow/example_dags/example_skip_dag.py for tasks to queue
[2024-06-18T13:08:27.336+0530] {logging_mixin.py:188} INFO - [2024-06-18T13:08:27.336+0530] {dagbag.py:545} INFO - Filling up the DagBag from /home/kiit/airflow-env/lib/python3.8/site-packages/airflow/example_dags/example_skip_dag.py
[2024-06-18T13:08:27.340+0530] {processor.py:840} INFO - DAG(s) 'example_skip_dag' retrieved from /home/kiit/airflow-env/lib/python3.8/site-packages/airflow/example_dags/example_skip_dag.py
[2024-06-18T13:08:27.350+0530] {logging_mixin.py:188} INFO - [2024-06-18T13:08:27.350+0530] {dag.py:3096} INFO - Sync 1 DAGs
[2024-06-18T13:08:27.361+0530] {logging_mixin.py:188} INFO - [2024-06-18T13:08:27.361+0530] {dag.py:3954} INFO - Setting next_dagrun for example_skip_dag to 2024-06-17 00:00:00+00:00, run_after=2024-06-18 00:00:00+00:00
[2024-06-18T13:08:27.381+0530] {processor.py:183} INFO - Processing /home/kiit/airflow-env/lib/python3.8/site-packages/airflow/example_dags/example_skip_dag.py took 0.052 seconds
[2024-06-18T13:09:14.721+0530] {processor.py:161} INFO - Started process (PID=25590) to work on /home/kiit/airflow-env/lib/python3.8/site-packages/airflow/example_dags/example_skip_dag.py
[2024-06-18T13:09:14.723+0530] {processor.py:830} INFO - Processing file /home/kiit/airflow-env/lib/python3.8/site-packages/airflow/example_dags/example_skip_dag.py for tasks to queue
[2024-06-18T13:09:14.724+0530] {logging_mixin.py:188} INFO - [2024-06-18T13:09:14.724+0530] {dagbag.py:545} INFO - Filling up the DagBag from /home/kiit/airflow-env/lib/python3.8/site-packages/airflow/example_dags/example_skip_dag.py
[2024-06-18T13:09:14.728+0530] {processor.py:840} INFO - DAG(s) 'example_skip_dag' retrieved from /home/kiit/airflow-env/lib/python3.8/site-packages/airflow/example_dags/example_skip_dag.py
[2024-06-18T13:09:14.742+0530] {logging_mixin.py:188} INFO - [2024-06-18T13:09:14.742+0530] {dag.py:3096} INFO - Sync 1 DAGs
[2024-06-18T13:09:14.755+0530] {logging_mixin.py:188} INFO - [2024-06-18T13:09:14.754+0530] {dag.py:3954} INFO - Setting next_dagrun for example_skip_dag to 2024-06-17 00:00:00+00:00, run_after=2024-06-18 00:00:00+00:00
[2024-06-18T13:09:14.774+0530] {processor.py:183} INFO - Processing /home/kiit/airflow-env/lib/python3.8/site-packages/airflow/example_dags/example_skip_dag.py took 0.058 seconds
[2024-06-18T13:10:05.145+0530] {processor.py:161} INFO - Started process (PID=25649) to work on /home/kiit/airflow-env/lib/python3.8/site-packages/airflow/example_dags/example_skip_dag.py
[2024-06-18T13:10:05.152+0530] {processor.py:830} INFO - Processing file /home/kiit/airflow-env/lib/python3.8/site-packages/airflow/example_dags/example_skip_dag.py for tasks to queue
[2024-06-18T13:10:05.153+0530] {logging_mixin.py:188} INFO - [2024-06-18T13:10:05.153+0530] {dagbag.py:545} INFO - Filling up the DagBag from /home/kiit/airflow-env/lib/python3.8/site-packages/airflow/example_dags/example_skip_dag.py
[2024-06-18T13:10:05.158+0530] {processor.py:840} INFO - DAG(s) 'example_skip_dag' retrieved from /home/kiit/airflow-env/lib/python3.8/site-packages/airflow/example_dags/example_skip_dag.py
[2024-06-18T13:10:05.172+0530] {logging_mixin.py:188} INFO - [2024-06-18T13:10:05.172+0530] {dag.py:3096} INFO - Sync 1 DAGs
[2024-06-18T13:10:05.188+0530] {logging_mixin.py:188} INFO - [2024-06-18T13:10:05.188+0530] {dag.py:3954} INFO - Setting next_dagrun for example_skip_dag to 2024-06-17 00:00:00+00:00, run_after=2024-06-18 00:00:00+00:00
[2024-06-18T13:10:05.207+0530] {processor.py:183} INFO - Processing /home/kiit/airflow-env/lib/python3.8/site-packages/airflow/example_dags/example_skip_dag.py took 0.067 seconds
[2024-06-18T13:10:51.354+0530] {processor.py:161} INFO - Started process (PID=25699) to work on /home/kiit/airflow-env/lib/python3.8/site-packages/airflow/example_dags/example_skip_dag.py
[2024-06-18T13:10:51.356+0530] {processor.py:830} INFO - Processing file /home/kiit/airflow-env/lib/python3.8/site-packages/airflow/example_dags/example_skip_dag.py for tasks to queue
[2024-06-18T13:10:51.358+0530] {logging_mixin.py:188} INFO - [2024-06-18T13:10:51.358+0530] {dagbag.py:545} INFO - Filling up the DagBag from /home/kiit/airflow-env/lib/python3.8/site-packages/airflow/example_dags/example_skip_dag.py
[2024-06-18T13:10:51.375+0530] {processor.py:840} INFO - DAG(s) 'example_skip_dag' retrieved from /home/kiit/airflow-env/lib/python3.8/site-packages/airflow/example_dags/example_skip_dag.py
[2024-06-18T13:10:51.409+0530] {logging_mixin.py:188} INFO - [2024-06-18T13:10:51.408+0530] {dag.py:3096} INFO - Sync 1 DAGs
[2024-06-18T13:10:51.446+0530] {logging_mixin.py:188} INFO - [2024-06-18T13:10:51.445+0530] {dag.py:3954} INFO - Setting next_dagrun for example_skip_dag to 2024-06-17 00:00:00+00:00, run_after=2024-06-18 00:00:00+00:00
[2024-06-18T13:10:51.483+0530] {processor.py:183} INFO - Processing /home/kiit/airflow-env/lib/python3.8/site-packages/airflow/example_dags/example_skip_dag.py took 0.142 seconds
[2024-06-18T13:11:36.827+0530] {processor.py:161} INFO - Started process (PID=25752) to work on /home/kiit/airflow-env/lib/python3.8/site-packages/airflow/example_dags/example_skip_dag.py
[2024-06-18T13:11:36.828+0530] {processor.py:830} INFO - Processing file /home/kiit/airflow-env/lib/python3.8/site-packages/airflow/example_dags/example_skip_dag.py for tasks to queue
[2024-06-18T13:11:36.830+0530] {logging_mixin.py:188} INFO - [2024-06-18T13:11:36.829+0530] {dagbag.py:545} INFO - Filling up the DagBag from /home/kiit/airflow-env/lib/python3.8/site-packages/airflow/example_dags/example_skip_dag.py
[2024-06-18T13:11:36.835+0530] {processor.py:840} INFO - DAG(s) 'example_skip_dag' retrieved from /home/kiit/airflow-env/lib/python3.8/site-packages/airflow/example_dags/example_skip_dag.py
[2024-06-18T13:11:36.848+0530] {logging_mixin.py:188} INFO - [2024-06-18T13:11:36.848+0530] {dag.py:3096} INFO - Sync 1 DAGs
[2024-06-18T13:11:36.863+0530] {logging_mixin.py:188} INFO - [2024-06-18T13:11:36.863+0530] {dag.py:3954} INFO - Setting next_dagrun for example_skip_dag to 2024-06-17 00:00:00+00:00, run_after=2024-06-18 00:00:00+00:00
[2024-06-18T13:11:36.884+0530] {processor.py:183} INFO - Processing /home/kiit/airflow-env/lib/python3.8/site-packages/airflow/example_dags/example_skip_dag.py took 0.062 seconds
[2024-06-18T13:12:33.467+0530] {processor.py:161} INFO - Started process (PID=25822) to work on /home/kiit/airflow-env/lib/python3.8/site-packages/airflow/example_dags/example_skip_dag.py
[2024-06-18T13:12:33.475+0530] {processor.py:830} INFO - Processing file /home/kiit/airflow-env/lib/python3.8/site-packages/airflow/example_dags/example_skip_dag.py for tasks to queue
[2024-06-18T13:12:33.476+0530] {logging_mixin.py:188} INFO - [2024-06-18T13:12:33.476+0530] {dagbag.py:545} INFO - Filling up the DagBag from /home/kiit/airflow-env/lib/python3.8/site-packages/airflow/example_dags/example_skip_dag.py
[2024-06-18T13:12:33.481+0530] {processor.py:840} INFO - DAG(s) 'example_skip_dag' retrieved from /home/kiit/airflow-env/lib/python3.8/site-packages/airflow/example_dags/example_skip_dag.py
[2024-06-18T13:12:33.492+0530] {logging_mixin.py:188} INFO - [2024-06-18T13:12:33.492+0530] {dag.py:3096} INFO - Sync 1 DAGs
[2024-06-18T13:12:33.504+0530] {logging_mixin.py:188} INFO - [2024-06-18T13:12:33.504+0530] {dag.py:3954} INFO - Setting next_dagrun for example_skip_dag to 2024-06-17 00:00:00+00:00, run_after=2024-06-18 00:00:00+00:00
[2024-06-18T13:12:33.524+0530] {processor.py:183} INFO - Processing /home/kiit/airflow-env/lib/python3.8/site-packages/airflow/example_dags/example_skip_dag.py took 0.061 seconds
[2024-06-18T13:13:13.869+0530] {processor.py:161} INFO - Started process (PID=25871) to work on /home/kiit/airflow-env/lib/python3.8/site-packages/airflow/example_dags/example_skip_dag.py
[2024-06-18T13:13:13.877+0530] {processor.py:830} INFO - Processing file /home/kiit/airflow-env/lib/python3.8/site-packages/airflow/example_dags/example_skip_dag.py for tasks to queue
[2024-06-18T13:13:13.878+0530] {logging_mixin.py:188} INFO - [2024-06-18T13:13:13.877+0530] {dagbag.py:545} INFO - Filling up the DagBag from /home/kiit/airflow-env/lib/python3.8/site-packages/airflow/example_dags/example_skip_dag.py
[2024-06-18T13:13:13.882+0530] {processor.py:840} INFO - DAG(s) 'example_skip_dag' retrieved from /home/kiit/airflow-env/lib/python3.8/site-packages/airflow/example_dags/example_skip_dag.py
[2024-06-18T13:13:13.893+0530] {logging_mixin.py:188} INFO - [2024-06-18T13:13:13.893+0530] {dag.py:3096} INFO - Sync 1 DAGs
[2024-06-18T13:13:13.905+0530] {logging_mixin.py:188} INFO - [2024-06-18T13:13:13.905+0530] {dag.py:3954} INFO - Setting next_dagrun for example_skip_dag to 2024-06-17 00:00:00+00:00, run_after=2024-06-18 00:00:00+00:00
[2024-06-18T13:13:13.926+0530] {processor.py:183} INFO - Processing /home/kiit/airflow-env/lib/python3.8/site-packages/airflow/example_dags/example_skip_dag.py took 0.061 seconds
[2024-06-18T13:13:53.850+0530] {processor.py:161} INFO - Started process (PID=25921) to work on /home/kiit/airflow-env/lib/python3.8/site-packages/airflow/example_dags/example_skip_dag.py
[2024-06-18T13:13:53.851+0530] {processor.py:830} INFO - Processing file /home/kiit/airflow-env/lib/python3.8/site-packages/airflow/example_dags/example_skip_dag.py for tasks to queue
[2024-06-18T13:13:53.852+0530] {logging_mixin.py:188} INFO - [2024-06-18T13:13:53.852+0530] {dagbag.py:545} INFO - Filling up the DagBag from /home/kiit/airflow-env/lib/python3.8/site-packages/airflow/example_dags/example_skip_dag.py
[2024-06-18T13:13:53.857+0530] {processor.py:840} INFO - DAG(s) 'example_skip_dag' retrieved from /home/kiit/airflow-env/lib/python3.8/site-packages/airflow/example_dags/example_skip_dag.py
[2024-06-18T13:13:53.868+0530] {logging_mixin.py:188} INFO - [2024-06-18T13:13:53.868+0530] {dag.py:3096} INFO - Sync 1 DAGs
[2024-06-18T13:13:53.881+0530] {logging_mixin.py:188} INFO - [2024-06-18T13:13:53.881+0530] {dag.py:3954} INFO - Setting next_dagrun for example_skip_dag to 2024-06-17 00:00:00+00:00, run_after=2024-06-18 00:00:00+00:00
[2024-06-18T13:13:53.902+0530] {processor.py:183} INFO - Processing /home/kiit/airflow-env/lib/python3.8/site-packages/airflow/example_dags/example_skip_dag.py took 0.056 seconds
[2024-06-18T13:14:50.946+0530] {processor.py:161} INFO - Started process (PID=25988) to work on /home/kiit/airflow-env/lib/python3.8/site-packages/airflow/example_dags/example_skip_dag.py
[2024-06-18T13:14:50.948+0530] {processor.py:830} INFO - Processing file /home/kiit/airflow-env/lib/python3.8/site-packages/airflow/example_dags/example_skip_dag.py for tasks to queue
[2024-06-18T13:14:50.949+0530] {logging_mixin.py:188} INFO - [2024-06-18T13:14:50.949+0530] {dagbag.py:545} INFO - Filling up the DagBag from /home/kiit/airflow-env/lib/python3.8/site-packages/airflow/example_dags/example_skip_dag.py
[2024-06-18T13:14:50.954+0530] {processor.py:840} INFO - DAG(s) 'example_skip_dag' retrieved from /home/kiit/airflow-env/lib/python3.8/site-packages/airflow/example_dags/example_skip_dag.py
[2024-06-18T13:14:50.969+0530] {logging_mixin.py:188} INFO - [2024-06-18T13:14:50.969+0530] {dag.py:3096} INFO - Sync 1 DAGs
[2024-06-18T13:14:50.986+0530] {logging_mixin.py:188} INFO - [2024-06-18T13:14:50.985+0530] {dag.py:3954} INFO - Setting next_dagrun for example_skip_dag to 2024-06-17 00:00:00+00:00, run_after=2024-06-18 00:00:00+00:00
[2024-06-18T13:14:51.010+0530] {processor.py:183} INFO - Processing /home/kiit/airflow-env/lib/python3.8/site-packages/airflow/example_dags/example_skip_dag.py took 0.068 seconds
[2024-06-18T13:15:33.774+0530] {processor.py:161} INFO - Started process (PID=26037) to work on /home/kiit/airflow-env/lib/python3.8/site-packages/airflow/example_dags/example_skip_dag.py
[2024-06-18T13:15:33.776+0530] {processor.py:830} INFO - Processing file /home/kiit/airflow-env/lib/python3.8/site-packages/airflow/example_dags/example_skip_dag.py for tasks to queue
[2024-06-18T13:15:33.777+0530] {logging_mixin.py:188} INFO - [2024-06-18T13:15:33.777+0530] {dagbag.py:545} INFO - Filling up the DagBag from /home/kiit/airflow-env/lib/python3.8/site-packages/airflow/example_dags/example_skip_dag.py
[2024-06-18T13:15:33.782+0530] {processor.py:840} INFO - DAG(s) 'example_skip_dag' retrieved from /home/kiit/airflow-env/lib/python3.8/site-packages/airflow/example_dags/example_skip_dag.py
[2024-06-18T13:15:33.798+0530] {logging_mixin.py:188} INFO - [2024-06-18T13:15:33.797+0530] {dag.py:3096} INFO - Sync 1 DAGs
[2024-06-18T13:15:33.814+0530] {logging_mixin.py:188} INFO - [2024-06-18T13:15:33.814+0530] {dag.py:3954} INFO - Setting next_dagrun for example_skip_dag to 2024-06-17 00:00:00+00:00, run_after=2024-06-18 00:00:00+00:00
[2024-06-18T13:15:33.840+0530] {processor.py:183} INFO - Processing /home/kiit/airflow-env/lib/python3.8/site-packages/airflow/example_dags/example_skip_dag.py took 0.072 seconds
[2024-06-18T13:16:15.125+0530] {processor.py:161} INFO - Started process (PID=26086) to work on /home/kiit/airflow-env/lib/python3.8/site-packages/airflow/example_dags/example_skip_dag.py
[2024-06-18T13:16:15.127+0530] {processor.py:830} INFO - Processing file /home/kiit/airflow-env/lib/python3.8/site-packages/airflow/example_dags/example_skip_dag.py for tasks to queue
[2024-06-18T13:16:15.128+0530] {logging_mixin.py:188} INFO - [2024-06-18T13:16:15.128+0530] {dagbag.py:545} INFO - Filling up the DagBag from /home/kiit/airflow-env/lib/python3.8/site-packages/airflow/example_dags/example_skip_dag.py
[2024-06-18T13:16:15.132+0530] {processor.py:840} INFO - DAG(s) 'example_skip_dag' retrieved from /home/kiit/airflow-env/lib/python3.8/site-packages/airflow/example_dags/example_skip_dag.py
[2024-06-18T13:16:15.144+0530] {logging_mixin.py:188} INFO - [2024-06-18T13:16:15.143+0530] {dag.py:3096} INFO - Sync 1 DAGs
[2024-06-18T13:16:15.156+0530] {logging_mixin.py:188} INFO - [2024-06-18T13:16:15.156+0530] {dag.py:3954} INFO - Setting next_dagrun for example_skip_dag to 2024-06-17 00:00:00+00:00, run_after=2024-06-18 00:00:00+00:00
[2024-06-18T13:16:15.177+0530] {processor.py:183} INFO - Processing /home/kiit/airflow-env/lib/python3.8/site-packages/airflow/example_dags/example_skip_dag.py took 0.057 seconds
[2024-06-18T13:17:11.478+0530] {processor.py:161} INFO - Started process (PID=26159) to work on /home/kiit/airflow-env/lib/python3.8/site-packages/airflow/example_dags/example_skip_dag.py
[2024-06-18T13:17:11.480+0530] {processor.py:830} INFO - Processing file /home/kiit/airflow-env/lib/python3.8/site-packages/airflow/example_dags/example_skip_dag.py for tasks to queue
[2024-06-18T13:17:11.481+0530] {logging_mixin.py:188} INFO - [2024-06-18T13:17:11.481+0530] {dagbag.py:545} INFO - Filling up the DagBag from /home/kiit/airflow-env/lib/python3.8/site-packages/airflow/example_dags/example_skip_dag.py
[2024-06-18T13:17:11.486+0530] {processor.py:840} INFO - DAG(s) 'example_skip_dag' retrieved from /home/kiit/airflow-env/lib/python3.8/site-packages/airflow/example_dags/example_skip_dag.py
[2024-06-18T13:17:11.499+0530] {logging_mixin.py:188} INFO - [2024-06-18T13:17:11.499+0530] {dag.py:3096} INFO - Sync 1 DAGs
[2024-06-18T13:17:11.511+0530] {logging_mixin.py:188} INFO - [2024-06-18T13:17:11.511+0530] {dag.py:3954} INFO - Setting next_dagrun for example_skip_dag to 2024-06-17 00:00:00+00:00, run_after=2024-06-18 00:00:00+00:00
[2024-06-18T13:17:11.529+0530] {processor.py:183} INFO - Processing /home/kiit/airflow-env/lib/python3.8/site-packages/airflow/example_dags/example_skip_dag.py took 0.057 seconds
[2024-06-18T13:17:51.408+0530] {processor.py:161} INFO - Started process (PID=26208) to work on /home/kiit/airflow-env/lib/python3.8/site-packages/airflow/example_dags/example_skip_dag.py
[2024-06-18T13:17:51.410+0530] {processor.py:830} INFO - Processing file /home/kiit/airflow-env/lib/python3.8/site-packages/airflow/example_dags/example_skip_dag.py for tasks to queue
[2024-06-18T13:17:51.411+0530] {logging_mixin.py:188} INFO - [2024-06-18T13:17:51.410+0530] {dagbag.py:545} INFO - Filling up the DagBag from /home/kiit/airflow-env/lib/python3.8/site-packages/airflow/example_dags/example_skip_dag.py
[2024-06-18T13:17:51.416+0530] {processor.py:840} INFO - DAG(s) 'example_skip_dag' retrieved from /home/kiit/airflow-env/lib/python3.8/site-packages/airflow/example_dags/example_skip_dag.py
[2024-06-18T13:17:51.429+0530] {logging_mixin.py:188} INFO - [2024-06-18T13:17:51.429+0530] {dag.py:3096} INFO - Sync 1 DAGs
[2024-06-18T13:17:51.445+0530] {logging_mixin.py:188} INFO - [2024-06-18T13:17:51.445+0530] {dag.py:3954} INFO - Setting next_dagrun for example_skip_dag to 2024-06-17 00:00:00+00:00, run_after=2024-06-18 00:00:00+00:00
[2024-06-18T13:17:51.464+0530] {processor.py:183} INFO - Processing /home/kiit/airflow-env/lib/python3.8/site-packages/airflow/example_dags/example_skip_dag.py took 0.061 seconds
[2024-06-18T13:18:34.891+0530] {processor.py:161} INFO - Started process (PID=26257) to work on /home/kiit/airflow-env/lib/python3.8/site-packages/airflow/example_dags/example_skip_dag.py
[2024-06-18T13:18:34.892+0530] {processor.py:830} INFO - Processing file /home/kiit/airflow-env/lib/python3.8/site-packages/airflow/example_dags/example_skip_dag.py for tasks to queue
[2024-06-18T13:18:34.895+0530] {logging_mixin.py:188} INFO - [2024-06-18T13:18:34.894+0530] {dagbag.py:545} INFO - Filling up the DagBag from /home/kiit/airflow-env/lib/python3.8/site-packages/airflow/example_dags/example_skip_dag.py
[2024-06-18T13:18:34.901+0530] {processor.py:840} INFO - DAG(s) 'example_skip_dag' retrieved from /home/kiit/airflow-env/lib/python3.8/site-packages/airflow/example_dags/example_skip_dag.py
[2024-06-18T13:18:34.917+0530] {logging_mixin.py:188} INFO - [2024-06-18T13:18:34.916+0530] {dag.py:3096} INFO - Sync 1 DAGs
[2024-06-18T13:18:34.933+0530] {logging_mixin.py:188} INFO - [2024-06-18T13:18:34.933+0530] {dag.py:3954} INFO - Setting next_dagrun for example_skip_dag to 2024-06-17 00:00:00+00:00, run_after=2024-06-18 00:00:00+00:00
[2024-06-18T13:18:34.957+0530] {processor.py:183} INFO - Processing /home/kiit/airflow-env/lib/python3.8/site-packages/airflow/example_dags/example_skip_dag.py took 0.073 seconds
[2024-06-18T13:19:16.817+0530] {processor.py:161} INFO - Started process (PID=26308) to work on /home/kiit/airflow-env/lib/python3.8/site-packages/airflow/example_dags/example_skip_dag.py
[2024-06-18T13:19:16.818+0530] {processor.py:830} INFO - Processing file /home/kiit/airflow-env/lib/python3.8/site-packages/airflow/example_dags/example_skip_dag.py for tasks to queue
[2024-06-18T13:19:16.819+0530] {logging_mixin.py:188} INFO - [2024-06-18T13:19:16.819+0530] {dagbag.py:545} INFO - Filling up the DagBag from /home/kiit/airflow-env/lib/python3.8/site-packages/airflow/example_dags/example_skip_dag.py
[2024-06-18T13:19:16.824+0530] {processor.py:840} INFO - DAG(s) 'example_skip_dag' retrieved from /home/kiit/airflow-env/lib/python3.8/site-packages/airflow/example_dags/example_skip_dag.py
[2024-06-18T13:19:16.835+0530] {logging_mixin.py:188} INFO - [2024-06-18T13:19:16.835+0530] {dag.py:3096} INFO - Sync 1 DAGs
[2024-06-18T13:19:16.846+0530] {logging_mixin.py:188} INFO - [2024-06-18T13:19:16.846+0530] {dag.py:3954} INFO - Setting next_dagrun for example_skip_dag to 2024-06-17 00:00:00+00:00, run_after=2024-06-18 00:00:00+00:00
[2024-06-18T13:19:16.864+0530] {processor.py:183} INFO - Processing /home/kiit/airflow-env/lib/python3.8/site-packages/airflow/example_dags/example_skip_dag.py took 0.052 seconds
[2024-06-18T13:20:13.169+0530] {processor.py:161} INFO - Started process (PID=26374) to work on /home/kiit/airflow-env/lib/python3.8/site-packages/airflow/example_dags/example_skip_dag.py
[2024-06-18T13:20:13.170+0530] {processor.py:830} INFO - Processing file /home/kiit/airflow-env/lib/python3.8/site-packages/airflow/example_dags/example_skip_dag.py for tasks to queue
[2024-06-18T13:20:13.172+0530] {logging_mixin.py:188} INFO - [2024-06-18T13:20:13.171+0530] {dagbag.py:545} INFO - Filling up the DagBag from /home/kiit/airflow-env/lib/python3.8/site-packages/airflow/example_dags/example_skip_dag.py
[2024-06-18T13:20:13.178+0530] {processor.py:840} INFO - DAG(s) 'example_skip_dag' retrieved from /home/kiit/airflow-env/lib/python3.8/site-packages/airflow/example_dags/example_skip_dag.py
[2024-06-18T13:20:13.190+0530] {logging_mixin.py:188} INFO - [2024-06-18T13:20:13.190+0530] {dag.py:3096} INFO - Sync 1 DAGs
[2024-06-18T13:20:13.204+0530] {logging_mixin.py:188} INFO - [2024-06-18T13:20:13.204+0530] {dag.py:3954} INFO - Setting next_dagrun for example_skip_dag to 2024-06-17 00:00:00+00:00, run_after=2024-06-18 00:00:00+00:00
[2024-06-18T13:20:13.225+0530] {processor.py:183} INFO - Processing /home/kiit/airflow-env/lib/python3.8/site-packages/airflow/example_dags/example_skip_dag.py took 0.062 seconds
[2024-06-18T13:21:12.082+0530] {processor.py:161} INFO - Started process (PID=26448) to work on /home/kiit/airflow-env/lib/python3.8/site-packages/airflow/example_dags/example_skip_dag.py
[2024-06-18T13:21:12.083+0530] {processor.py:830} INFO - Processing file /home/kiit/airflow-env/lib/python3.8/site-packages/airflow/example_dags/example_skip_dag.py for tasks to queue
[2024-06-18T13:21:12.084+0530] {logging_mixin.py:188} INFO - [2024-06-18T13:21:12.084+0530] {dagbag.py:545} INFO - Filling up the DagBag from /home/kiit/airflow-env/lib/python3.8/site-packages/airflow/example_dags/example_skip_dag.py
[2024-06-18T13:21:12.090+0530] {processor.py:840} INFO - DAG(s) 'example_skip_dag' retrieved from /home/kiit/airflow-env/lib/python3.8/site-packages/airflow/example_dags/example_skip_dag.py
[2024-06-18T13:21:12.102+0530] {logging_mixin.py:188} INFO - [2024-06-18T13:21:12.102+0530] {dag.py:3096} INFO - Sync 1 DAGs
[2024-06-18T13:21:12.115+0530] {logging_mixin.py:188} INFO - [2024-06-18T13:21:12.115+0530] {dag.py:3954} INFO - Setting next_dagrun for example_skip_dag to 2024-06-17 00:00:00+00:00, run_after=2024-06-18 00:00:00+00:00
[2024-06-18T13:21:12.132+0530] {processor.py:183} INFO - Processing /home/kiit/airflow-env/lib/python3.8/site-packages/airflow/example_dags/example_skip_dag.py took 0.055 seconds
[2024-06-18T13:22:08.553+0530] {processor.py:161} INFO - Started process (PID=26514) to work on /home/kiit/airflow-env/lib/python3.8/site-packages/airflow/example_dags/example_skip_dag.py
[2024-06-18T13:22:08.554+0530] {processor.py:830} INFO - Processing file /home/kiit/airflow-env/lib/python3.8/site-packages/airflow/example_dags/example_skip_dag.py for tasks to queue
[2024-06-18T13:22:08.555+0530] {logging_mixin.py:188} INFO - [2024-06-18T13:22:08.555+0530] {dagbag.py:545} INFO - Filling up the DagBag from /home/kiit/airflow-env/lib/python3.8/site-packages/airflow/example_dags/example_skip_dag.py
[2024-06-18T13:22:08.560+0530] {processor.py:840} INFO - DAG(s) 'example_skip_dag' retrieved from /home/kiit/airflow-env/lib/python3.8/site-packages/airflow/example_dags/example_skip_dag.py
[2024-06-18T13:22:08.571+0530] {logging_mixin.py:188} INFO - [2024-06-18T13:22:08.571+0530] {dag.py:3096} INFO - Sync 1 DAGs
[2024-06-18T13:22:08.584+0530] {logging_mixin.py:188} INFO - [2024-06-18T13:22:08.584+0530] {dag.py:3954} INFO - Setting next_dagrun for example_skip_dag to 2024-06-17 00:00:00+00:00, run_after=2024-06-18 00:00:00+00:00
[2024-06-18T13:22:08.604+0530] {processor.py:183} INFO - Processing /home/kiit/airflow-env/lib/python3.8/site-packages/airflow/example_dags/example_skip_dag.py took 0.056 seconds
[2024-06-18T13:23:02.822+0530] {processor.py:161} INFO - Started process (PID=26586) to work on /home/kiit/airflow-env/lib/python3.8/site-packages/airflow/example_dags/example_skip_dag.py
[2024-06-18T13:23:02.824+0530] {processor.py:830} INFO - Processing file /home/kiit/airflow-env/lib/python3.8/site-packages/airflow/example_dags/example_skip_dag.py for tasks to queue
[2024-06-18T13:23:02.825+0530] {logging_mixin.py:188} INFO - [2024-06-18T13:23:02.825+0530] {dagbag.py:545} INFO - Filling up the DagBag from /home/kiit/airflow-env/lib/python3.8/site-packages/airflow/example_dags/example_skip_dag.py
[2024-06-18T13:23:02.833+0530] {processor.py:840} INFO - DAG(s) 'example_skip_dag' retrieved from /home/kiit/airflow-env/lib/python3.8/site-packages/airflow/example_dags/example_skip_dag.py
[2024-06-18T13:23:02.852+0530] {logging_mixin.py:188} INFO - [2024-06-18T13:23:02.851+0530] {dag.py:3096} INFO - Sync 1 DAGs
[2024-06-18T13:23:02.872+0530] {logging_mixin.py:188} INFO - [2024-06-18T13:23:02.872+0530] {dag.py:3954} INFO - Setting next_dagrun for example_skip_dag to 2024-06-17 00:00:00+00:00, run_after=2024-06-18 00:00:00+00:00
[2024-06-18T13:23:02.898+0530] {processor.py:183} INFO - Processing /home/kiit/airflow-env/lib/python3.8/site-packages/airflow/example_dags/example_skip_dag.py took 0.083 seconds
[2024-06-18T13:23:42.304+0530] {processor.py:161} INFO - Started process (PID=26634) to work on /home/kiit/airflow-env/lib/python3.8/site-packages/airflow/example_dags/example_skip_dag.py
[2024-06-18T13:23:42.305+0530] {processor.py:830} INFO - Processing file /home/kiit/airflow-env/lib/python3.8/site-packages/airflow/example_dags/example_skip_dag.py for tasks to queue
[2024-06-18T13:23:42.307+0530] {logging_mixin.py:188} INFO - [2024-06-18T13:23:42.306+0530] {dagbag.py:545} INFO - Filling up the DagBag from /home/kiit/airflow-env/lib/python3.8/site-packages/airflow/example_dags/example_skip_dag.py
[2024-06-18T13:23:42.311+0530] {processor.py:840} INFO - DAG(s) 'example_skip_dag' retrieved from /home/kiit/airflow-env/lib/python3.8/site-packages/airflow/example_dags/example_skip_dag.py
[2024-06-18T13:23:42.321+0530] {logging_mixin.py:188} INFO - [2024-06-18T13:23:42.321+0530] {dag.py:3096} INFO - Sync 1 DAGs
[2024-06-18T13:23:42.333+0530] {logging_mixin.py:188} INFO - [2024-06-18T13:23:42.332+0530] {dag.py:3954} INFO - Setting next_dagrun for example_skip_dag to 2024-06-17 00:00:00+00:00, run_after=2024-06-18 00:00:00+00:00
[2024-06-18T13:23:42.349+0530] {processor.py:183} INFO - Processing /home/kiit/airflow-env/lib/python3.8/site-packages/airflow/example_dags/example_skip_dag.py took 0.049 seconds
[2024-06-18T13:24:22.539+0530] {processor.py:161} INFO - Started process (PID=26681) to work on /home/kiit/airflow-env/lib/python3.8/site-packages/airflow/example_dags/example_skip_dag.py
[2024-06-18T13:24:22.540+0530] {processor.py:830} INFO - Processing file /home/kiit/airflow-env/lib/python3.8/site-packages/airflow/example_dags/example_skip_dag.py for tasks to queue
[2024-06-18T13:24:22.542+0530] {logging_mixin.py:188} INFO - [2024-06-18T13:24:22.542+0530] {dagbag.py:545} INFO - Filling up the DagBag from /home/kiit/airflow-env/lib/python3.8/site-packages/airflow/example_dags/example_skip_dag.py
[2024-06-18T13:24:22.558+0530] {processor.py:840} INFO - DAG(s) 'example_skip_dag' retrieved from /home/kiit/airflow-env/lib/python3.8/site-packages/airflow/example_dags/example_skip_dag.py
[2024-06-18T13:24:22.592+0530] {logging_mixin.py:188} INFO - [2024-06-18T13:24:22.592+0530] {dag.py:3096} INFO - Sync 1 DAGs
[2024-06-18T13:24:22.611+0530] {logging_mixin.py:188} INFO - [2024-06-18T13:24:22.611+0530] {dag.py:3954} INFO - Setting next_dagrun for example_skip_dag to 2024-06-17 00:00:00+00:00, run_after=2024-06-18 00:00:00+00:00
[2024-06-18T13:24:22.644+0530] {processor.py:183} INFO - Processing /home/kiit/airflow-env/lib/python3.8/site-packages/airflow/example_dags/example_skip_dag.py took 0.111 seconds
[2024-06-18T13:25:02.659+0530] {processor.py:161} INFO - Started process (PID=26735) to work on /home/kiit/airflow-env/lib/python3.8/site-packages/airflow/example_dags/example_skip_dag.py
[2024-06-18T13:25:02.660+0530] {processor.py:830} INFO - Processing file /home/kiit/airflow-env/lib/python3.8/site-packages/airflow/example_dags/example_skip_dag.py for tasks to queue
[2024-06-18T13:25:02.662+0530] {logging_mixin.py:188} INFO - [2024-06-18T13:25:02.662+0530] {dagbag.py:545} INFO - Filling up the DagBag from /home/kiit/airflow-env/lib/python3.8/site-packages/airflow/example_dags/example_skip_dag.py
[2024-06-18T13:25:02.670+0530] {processor.py:840} INFO - DAG(s) 'example_skip_dag' retrieved from /home/kiit/airflow-env/lib/python3.8/site-packages/airflow/example_dags/example_skip_dag.py
[2024-06-18T13:25:02.694+0530] {logging_mixin.py:188} INFO - [2024-06-18T13:25:02.694+0530] {dag.py:3096} INFO - Sync 1 DAGs
[2024-06-18T13:25:02.717+0530] {logging_mixin.py:188} INFO - [2024-06-18T13:25:02.716+0530] {dag.py:3954} INFO - Setting next_dagrun for example_skip_dag to 2024-06-17 00:00:00+00:00, run_after=2024-06-18 00:00:00+00:00
[2024-06-18T13:25:02.744+0530] {processor.py:183} INFO - Processing /home/kiit/airflow-env/lib/python3.8/site-packages/airflow/example_dags/example_skip_dag.py took 0.093 seconds
[2024-06-18T13:25:58.097+0530] {processor.py:161} INFO - Started process (PID=26800) to work on /home/kiit/airflow-env/lib/python3.8/site-packages/airflow/example_dags/example_skip_dag.py
[2024-06-18T13:25:58.098+0530] {processor.py:830} INFO - Processing file /home/kiit/airflow-env/lib/python3.8/site-packages/airflow/example_dags/example_skip_dag.py for tasks to queue
[2024-06-18T13:25:58.100+0530] {logging_mixin.py:188} INFO - [2024-06-18T13:25:58.100+0530] {dagbag.py:545} INFO - Filling up the DagBag from /home/kiit/airflow-env/lib/python3.8/site-packages/airflow/example_dags/example_skip_dag.py
[2024-06-18T13:25:58.106+0530] {processor.py:840} INFO - DAG(s) 'example_skip_dag' retrieved from /home/kiit/airflow-env/lib/python3.8/site-packages/airflow/example_dags/example_skip_dag.py
[2024-06-18T13:25:58.121+0530] {logging_mixin.py:188} INFO - [2024-06-18T13:25:58.121+0530] {dag.py:3096} INFO - Sync 1 DAGs
[2024-06-18T13:25:58.135+0530] {logging_mixin.py:188} INFO - [2024-06-18T13:25:58.135+0530] {dag.py:3954} INFO - Setting next_dagrun for example_skip_dag to 2024-06-17 00:00:00+00:00, run_after=2024-06-18 00:00:00+00:00
[2024-06-18T13:25:58.155+0530] {processor.py:183} INFO - Processing /home/kiit/airflow-env/lib/python3.8/site-packages/airflow/example_dags/example_skip_dag.py took 0.063 seconds
[2024-06-18T13:26:39.104+0530] {processor.py:161} INFO - Started process (PID=26848) to work on /home/kiit/airflow-env/lib/python3.8/site-packages/airflow/example_dags/example_skip_dag.py
[2024-06-18T13:26:39.106+0530] {processor.py:830} INFO - Processing file /home/kiit/airflow-env/lib/python3.8/site-packages/airflow/example_dags/example_skip_dag.py for tasks to queue
[2024-06-18T13:26:39.108+0530] {logging_mixin.py:188} INFO - [2024-06-18T13:26:39.108+0530] {dagbag.py:545} INFO - Filling up the DagBag from /home/kiit/airflow-env/lib/python3.8/site-packages/airflow/example_dags/example_skip_dag.py
[2024-06-18T13:26:39.121+0530] {processor.py:840} INFO - DAG(s) 'example_skip_dag' retrieved from /home/kiit/airflow-env/lib/python3.8/site-packages/airflow/example_dags/example_skip_dag.py
[2024-06-18T13:26:39.151+0530] {logging_mixin.py:188} INFO - [2024-06-18T13:26:39.150+0530] {dag.py:3096} INFO - Sync 1 DAGs
[2024-06-18T13:26:39.182+0530] {logging_mixin.py:188} INFO - [2024-06-18T13:26:39.182+0530] {dag.py:3954} INFO - Setting next_dagrun for example_skip_dag to 2024-06-17 00:00:00+00:00, run_after=2024-06-18 00:00:00+00:00
[2024-06-18T13:26:39.226+0530] {processor.py:183} INFO - Processing /home/kiit/airflow-env/lib/python3.8/site-packages/airflow/example_dags/example_skip_dag.py took 0.136 seconds
[2024-06-18T13:27:30.581+0530] {processor.py:161} INFO - Started process (PID=26902) to work on /home/kiit/airflow-env/lib/python3.8/site-packages/airflow/example_dags/example_skip_dag.py
[2024-06-18T13:27:30.582+0530] {processor.py:830} INFO - Processing file /home/kiit/airflow-env/lib/python3.8/site-packages/airflow/example_dags/example_skip_dag.py for tasks to queue
[2024-06-18T13:27:30.584+0530] {logging_mixin.py:188} INFO - [2024-06-18T13:27:30.583+0530] {dagbag.py:545} INFO - Filling up the DagBag from /home/kiit/airflow-env/lib/python3.8/site-packages/airflow/example_dags/example_skip_dag.py
[2024-06-18T13:27:30.589+0530] {processor.py:840} INFO - DAG(s) 'example_skip_dag' retrieved from /home/kiit/airflow-env/lib/python3.8/site-packages/airflow/example_dags/example_skip_dag.py
[2024-06-18T13:27:30.602+0530] {logging_mixin.py:188} INFO - [2024-06-18T13:27:30.602+0530] {dag.py:3096} INFO - Sync 1 DAGs
[2024-06-18T13:27:30.622+0530] {logging_mixin.py:188} INFO - [2024-06-18T13:27:30.622+0530] {dag.py:3954} INFO - Setting next_dagrun for example_skip_dag to 2024-06-17 00:00:00+00:00, run_after=2024-06-18 00:00:00+00:00
[2024-06-18T13:27:30.643+0530] {processor.py:183} INFO - Processing /home/kiit/airflow-env/lib/python3.8/site-packages/airflow/example_dags/example_skip_dag.py took 0.067 seconds
[2024-06-18T13:28:29.121+0530] {processor.py:161} INFO - Started process (PID=26952) to work on /home/kiit/airflow-env/lib/python3.8/site-packages/airflow/example_dags/example_skip_dag.py
[2024-06-18T13:28:29.124+0530] {processor.py:830} INFO - Processing file /home/kiit/airflow-env/lib/python3.8/site-packages/airflow/example_dags/example_skip_dag.py for tasks to queue
[2024-06-18T13:28:29.129+0530] {logging_mixin.py:188} INFO - [2024-06-18T13:28:29.128+0530] {dagbag.py:545} INFO - Filling up the DagBag from /home/kiit/airflow-env/lib/python3.8/site-packages/airflow/example_dags/example_skip_dag.py
[2024-06-18T13:28:29.149+0530] {processor.py:840} INFO - DAG(s) 'example_skip_dag' retrieved from /home/kiit/airflow-env/lib/python3.8/site-packages/airflow/example_dags/example_skip_dag.py
[2024-06-18T13:28:29.196+0530] {logging_mixin.py:188} INFO - [2024-06-18T13:28:29.195+0530] {dag.py:3096} INFO - Sync 1 DAGs
[2024-06-18T13:28:29.245+0530] {logging_mixin.py:188} INFO - [2024-06-18T13:28:29.244+0530] {dag.py:3954} INFO - Setting next_dagrun for example_skip_dag to 2024-06-17 00:00:00+00:00, run_after=2024-06-18 00:00:00+00:00
[2024-06-18T13:28:29.300+0530] {processor.py:183} INFO - Processing /home/kiit/airflow-env/lib/python3.8/site-packages/airflow/example_dags/example_skip_dag.py took 0.204 seconds
[2024-06-18T13:29:24.220+0530] {processor.py:161} INFO - Started process (PID=26998) to work on /home/kiit/airflow-env/lib/python3.8/site-packages/airflow/example_dags/example_skip_dag.py
[2024-06-18T13:29:24.222+0530] {processor.py:830} INFO - Processing file /home/kiit/airflow-env/lib/python3.8/site-packages/airflow/example_dags/example_skip_dag.py for tasks to queue
[2024-06-18T13:29:24.224+0530] {logging_mixin.py:188} INFO - [2024-06-18T13:29:24.224+0530] {dagbag.py:545} INFO - Filling up the DagBag from /home/kiit/airflow-env/lib/python3.8/site-packages/airflow/example_dags/example_skip_dag.py
[2024-06-18T13:29:24.232+0530] {processor.py:840} INFO - DAG(s) 'example_skip_dag' retrieved from /home/kiit/airflow-env/lib/python3.8/site-packages/airflow/example_dags/example_skip_dag.py
[2024-06-18T13:29:24.254+0530] {logging_mixin.py:188} INFO - [2024-06-18T13:29:24.254+0530] {dag.py:3096} INFO - Sync 1 DAGs
[2024-06-18T13:29:24.279+0530] {logging_mixin.py:188} INFO - [2024-06-18T13:29:24.278+0530] {dag.py:3954} INFO - Setting next_dagrun for example_skip_dag to 2024-06-17 00:00:00+00:00, run_after=2024-06-18 00:00:00+00:00
[2024-06-18T13:29:24.314+0530] {processor.py:183} INFO - Processing /home/kiit/airflow-env/lib/python3.8/site-packages/airflow/example_dags/example_skip_dag.py took 0.102 seconds
[2024-06-18T13:30:17.742+0530] {processor.py:161} INFO - Started process (PID=27072) to work on /home/kiit/airflow-env/lib/python3.8/site-packages/airflow/example_dags/example_skip_dag.py
[2024-06-18T13:30:17.744+0530] {processor.py:830} INFO - Processing file /home/kiit/airflow-env/lib/python3.8/site-packages/airflow/example_dags/example_skip_dag.py for tasks to queue
[2024-06-18T13:30:17.746+0530] {logging_mixin.py:188} INFO - [2024-06-18T13:30:17.745+0530] {dagbag.py:545} INFO - Filling up the DagBag from /home/kiit/airflow-env/lib/python3.8/site-packages/airflow/example_dags/example_skip_dag.py
[2024-06-18T13:30:17.755+0530] {processor.py:840} INFO - DAG(s) 'example_skip_dag' retrieved from /home/kiit/airflow-env/lib/python3.8/site-packages/airflow/example_dags/example_skip_dag.py
[2024-06-18T13:30:17.782+0530] {logging_mixin.py:188} INFO - [2024-06-18T13:30:17.782+0530] {dag.py:3096} INFO - Sync 1 DAGs
[2024-06-18T13:30:17.810+0530] {logging_mixin.py:188} INFO - [2024-06-18T13:30:17.810+0530] {dag.py:3954} INFO - Setting next_dagrun for example_skip_dag to 2024-06-17 00:00:00+00:00, run_after=2024-06-18 00:00:00+00:00
[2024-06-18T13:30:17.837+0530] {processor.py:183} INFO - Processing /home/kiit/airflow-env/lib/python3.8/site-packages/airflow/example_dags/example_skip_dag.py took 0.102 seconds
[2024-06-18T13:31:09.173+0530] {processor.py:161} INFO - Started process (PID=27133) to work on /home/kiit/airflow-env/lib/python3.8/site-packages/airflow/example_dags/example_skip_dag.py
[2024-06-18T13:31:09.181+0530] {processor.py:830} INFO - Processing file /home/kiit/airflow-env/lib/python3.8/site-packages/airflow/example_dags/example_skip_dag.py for tasks to queue
[2024-06-18T13:31:09.184+0530] {logging_mixin.py:188} INFO - [2024-06-18T13:31:09.183+0530] {dagbag.py:545} INFO - Filling up the DagBag from /home/kiit/airflow-env/lib/python3.8/site-packages/airflow/example_dags/example_skip_dag.py
[2024-06-18T13:31:09.193+0530] {processor.py:840} INFO - DAG(s) 'example_skip_dag' retrieved from /home/kiit/airflow-env/lib/python3.8/site-packages/airflow/example_dags/example_skip_dag.py
[2024-06-18T13:31:09.215+0530] {logging_mixin.py:188} INFO - [2024-06-18T13:31:09.215+0530] {dag.py:3096} INFO - Sync 1 DAGs
[2024-06-18T13:31:09.238+0530] {logging_mixin.py:188} INFO - [2024-06-18T13:31:09.238+0530] {dag.py:3954} INFO - Setting next_dagrun for example_skip_dag to 2024-06-17 00:00:00+00:00, run_after=2024-06-18 00:00:00+00:00
[2024-06-18T13:31:09.268+0530] {processor.py:183} INFO - Processing /home/kiit/airflow-env/lib/python3.8/site-packages/airflow/example_dags/example_skip_dag.py took 0.104 seconds
[2024-06-18T13:32:03.514+0530] {processor.py:161} INFO - Started process (PID=27555) to work on /home/kiit/airflow-env/lib/python3.8/site-packages/airflow/example_dags/example_skip_dag.py
[2024-06-18T13:32:03.515+0530] {processor.py:830} INFO - Processing file /home/kiit/airflow-env/lib/python3.8/site-packages/airflow/example_dags/example_skip_dag.py for tasks to queue
[2024-06-18T13:32:03.517+0530] {logging_mixin.py:188} INFO - [2024-06-18T13:32:03.517+0530] {dagbag.py:545} INFO - Filling up the DagBag from /home/kiit/airflow-env/lib/python3.8/site-packages/airflow/example_dags/example_skip_dag.py
[2024-06-18T13:32:03.523+0530] {processor.py:840} INFO - DAG(s) 'example_skip_dag' retrieved from /home/kiit/airflow-env/lib/python3.8/site-packages/airflow/example_dags/example_skip_dag.py
[2024-06-18T13:32:03.535+0530] {logging_mixin.py:188} INFO - [2024-06-18T13:32:03.535+0530] {dag.py:3096} INFO - Sync 1 DAGs
[2024-06-18T13:32:03.550+0530] {logging_mixin.py:188} INFO - [2024-06-18T13:32:03.550+0530] {dag.py:3954} INFO - Setting next_dagrun for example_skip_dag to 2024-06-17 00:00:00+00:00, run_after=2024-06-18 00:00:00+00:00
[2024-06-18T13:32:03.572+0530] {processor.py:183} INFO - Processing /home/kiit/airflow-env/lib/python3.8/site-packages/airflow/example_dags/example_skip_dag.py took 0.062 seconds
[2024-06-18T13:32:58.662+0530] {processor.py:161} INFO - Started process (PID=28197) to work on /home/kiit/airflow-env/lib/python3.8/site-packages/airflow/example_dags/example_skip_dag.py
[2024-06-18T13:32:58.664+0530] {processor.py:830} INFO - Processing file /home/kiit/airflow-env/lib/python3.8/site-packages/airflow/example_dags/example_skip_dag.py for tasks to queue
[2024-06-18T13:32:58.666+0530] {logging_mixin.py:188} INFO - [2024-06-18T13:32:58.666+0530] {dagbag.py:545} INFO - Filling up the DagBag from /home/kiit/airflow-env/lib/python3.8/site-packages/airflow/example_dags/example_skip_dag.py
[2024-06-18T13:32:58.675+0530] {processor.py:840} INFO - DAG(s) 'example_skip_dag' retrieved from /home/kiit/airflow-env/lib/python3.8/site-packages/airflow/example_dags/example_skip_dag.py
[2024-06-18T13:32:58.695+0530] {logging_mixin.py:188} INFO - [2024-06-18T13:32:58.694+0530] {dag.py:3096} INFO - Sync 1 DAGs
[2024-06-18T13:32:58.714+0530] {logging_mixin.py:188} INFO - [2024-06-18T13:32:58.714+0530] {dag.py:3954} INFO - Setting next_dagrun for example_skip_dag to 2024-06-17 00:00:00+00:00, run_after=2024-06-18 00:00:00+00:00
[2024-06-18T13:32:58.740+0530] {processor.py:183} INFO - Processing /home/kiit/airflow-env/lib/python3.8/site-packages/airflow/example_dags/example_skip_dag.py took 0.086 seconds
[2024-06-18T13:33:41.553+0530] {processor.py:161} INFO - Started process (PID=30177) to work on /home/kiit/airflow-env/lib/python3.8/site-packages/airflow/example_dags/example_skip_dag.py
[2024-06-18T13:33:41.554+0530] {processor.py:830} INFO - Processing file /home/kiit/airflow-env/lib/python3.8/site-packages/airflow/example_dags/example_skip_dag.py for tasks to queue
[2024-06-18T13:33:41.556+0530] {logging_mixin.py:188} INFO - [2024-06-18T13:33:41.555+0530] {dagbag.py:545} INFO - Filling up the DagBag from /home/kiit/airflow-env/lib/python3.8/site-packages/airflow/example_dags/example_skip_dag.py
[2024-06-18T13:33:41.563+0530] {processor.py:840} INFO - DAG(s) 'example_skip_dag' retrieved from /home/kiit/airflow-env/lib/python3.8/site-packages/airflow/example_dags/example_skip_dag.py
[2024-06-18T13:33:41.576+0530] {logging_mixin.py:188} INFO - [2024-06-18T13:33:41.576+0530] {dag.py:3096} INFO - Sync 1 DAGs
[2024-06-18T13:33:41.593+0530] {logging_mixin.py:188} INFO - [2024-06-18T13:33:41.593+0530] {dag.py:3954} INFO - Setting next_dagrun for example_skip_dag to 2024-06-17 00:00:00+00:00, run_after=2024-06-18 00:00:00+00:00
[2024-06-18T13:33:41.614+0530] {processor.py:183} INFO - Processing /home/kiit/airflow-env/lib/python3.8/site-packages/airflow/example_dags/example_skip_dag.py took 0.066 seconds
[2024-06-18T13:34:22.728+0530] {processor.py:161} INFO - Started process (PID=30449) to work on /home/kiit/airflow-env/lib/python3.8/site-packages/airflow/example_dags/example_skip_dag.py
[2024-06-18T13:34:22.729+0530] {processor.py:830} INFO - Processing file /home/kiit/airflow-env/lib/python3.8/site-packages/airflow/example_dags/example_skip_dag.py for tasks to queue
[2024-06-18T13:34:22.732+0530] {logging_mixin.py:188} INFO - [2024-06-18T13:34:22.731+0530] {dagbag.py:545} INFO - Filling up the DagBag from /home/kiit/airflow-env/lib/python3.8/site-packages/airflow/example_dags/example_skip_dag.py
[2024-06-18T13:34:22.740+0530] {processor.py:840} INFO - DAG(s) 'example_skip_dag' retrieved from /home/kiit/airflow-env/lib/python3.8/site-packages/airflow/example_dags/example_skip_dag.py
[2024-06-18T13:34:22.756+0530] {logging_mixin.py:188} INFO - [2024-06-18T13:34:22.756+0530] {dag.py:3096} INFO - Sync 1 DAGs
[2024-06-18T13:34:22.769+0530] {logging_mixin.py:188} INFO - [2024-06-18T13:34:22.769+0530] {dag.py:3954} INFO - Setting next_dagrun for example_skip_dag to 2024-06-17 00:00:00+00:00, run_after=2024-06-18 00:00:00+00:00
[2024-06-18T13:34:22.792+0530] {processor.py:183} INFO - Processing /home/kiit/airflow-env/lib/python3.8/site-packages/airflow/example_dags/example_skip_dag.py took 0.079 seconds
[2024-06-18T13:35:02.962+0530] {processor.py:161} INFO - Started process (PID=30499) to work on /home/kiit/airflow-env/lib/python3.8/site-packages/airflow/example_dags/example_skip_dag.py
[2024-06-18T13:35:02.969+0530] {processor.py:830} INFO - Processing file /home/kiit/airflow-env/lib/python3.8/site-packages/airflow/example_dags/example_skip_dag.py for tasks to queue
[2024-06-18T13:35:02.970+0530] {logging_mixin.py:188} INFO - [2024-06-18T13:35:02.970+0530] {dagbag.py:545} INFO - Filling up the DagBag from /home/kiit/airflow-env/lib/python3.8/site-packages/airflow/example_dags/example_skip_dag.py
[2024-06-18T13:35:02.978+0530] {processor.py:840} INFO - DAG(s) 'example_skip_dag' retrieved from /home/kiit/airflow-env/lib/python3.8/site-packages/airflow/example_dags/example_skip_dag.py
[2024-06-18T13:35:02.997+0530] {logging_mixin.py:188} INFO - [2024-06-18T13:35:02.997+0530] {dag.py:3096} INFO - Sync 1 DAGs
[2024-06-18T13:35:03.010+0530] {logging_mixin.py:188} INFO - [2024-06-18T13:35:03.010+0530] {dag.py:3954} INFO - Setting next_dagrun for example_skip_dag to 2024-06-17 00:00:00+00:00, run_after=2024-06-18 00:00:00+00:00
[2024-06-18T13:35:03.029+0530] {processor.py:183} INFO - Processing /home/kiit/airflow-env/lib/python3.8/site-packages/airflow/example_dags/example_skip_dag.py took 0.072 seconds
[2024-06-18T13:35:45.350+0530] {processor.py:161} INFO - Started process (PID=30547) to work on /home/kiit/airflow-env/lib/python3.8/site-packages/airflow/example_dags/example_skip_dag.py
[2024-06-18T13:35:45.351+0530] {processor.py:830} INFO - Processing file /home/kiit/airflow-env/lib/python3.8/site-packages/airflow/example_dags/example_skip_dag.py for tasks to queue
[2024-06-18T13:35:45.353+0530] {logging_mixin.py:188} INFO - [2024-06-18T13:35:45.352+0530] {dagbag.py:545} INFO - Filling up the DagBag from /home/kiit/airflow-env/lib/python3.8/site-packages/airflow/example_dags/example_skip_dag.py
[2024-06-18T13:35:45.357+0530] {processor.py:840} INFO - DAG(s) 'example_skip_dag' retrieved from /home/kiit/airflow-env/lib/python3.8/site-packages/airflow/example_dags/example_skip_dag.py
[2024-06-18T13:35:45.370+0530] {logging_mixin.py:188} INFO - [2024-06-18T13:35:45.370+0530] {dag.py:3096} INFO - Sync 1 DAGs
[2024-06-18T13:35:45.384+0530] {logging_mixin.py:188} INFO - [2024-06-18T13:35:45.384+0530] {dag.py:3954} INFO - Setting next_dagrun for example_skip_dag to 2024-06-17 00:00:00+00:00, run_after=2024-06-18 00:00:00+00:00
[2024-06-18T13:35:45.401+0530] {processor.py:183} INFO - Processing /home/kiit/airflow-env/lib/python3.8/site-packages/airflow/example_dags/example_skip_dag.py took 0.059 seconds
[2024-06-18T13:36:28.939+0530] {processor.py:161} INFO - Started process (PID=30598) to work on /home/kiit/airflow-env/lib/python3.8/site-packages/airflow/example_dags/example_skip_dag.py
[2024-06-18T13:36:28.943+0530] {processor.py:830} INFO - Processing file /home/kiit/airflow-env/lib/python3.8/site-packages/airflow/example_dags/example_skip_dag.py for tasks to queue
[2024-06-18T13:36:28.945+0530] {logging_mixin.py:188} INFO - [2024-06-18T13:36:28.944+0530] {dagbag.py:545} INFO - Filling up the DagBag from /home/kiit/airflow-env/lib/python3.8/site-packages/airflow/example_dags/example_skip_dag.py
[2024-06-18T13:36:28.952+0530] {processor.py:840} INFO - DAG(s) 'example_skip_dag' retrieved from /home/kiit/airflow-env/lib/python3.8/site-packages/airflow/example_dags/example_skip_dag.py
[2024-06-18T13:36:28.966+0530] {logging_mixin.py:188} INFO - [2024-06-18T13:36:28.966+0530] {dag.py:3096} INFO - Sync 1 DAGs
[2024-06-18T13:36:28.985+0530] {logging_mixin.py:188} INFO - [2024-06-18T13:36:28.984+0530] {dag.py:3954} INFO - Setting next_dagrun for example_skip_dag to 2024-06-17 00:00:00+00:00, run_after=2024-06-18 00:00:00+00:00
[2024-06-18T13:36:29.012+0530] {processor.py:183} INFO - Processing /home/kiit/airflow-env/lib/python3.8/site-packages/airflow/example_dags/example_skip_dag.py took 0.080 seconds
[2024-06-18T13:37:10.365+0530] {processor.py:161} INFO - Started process (PID=30647) to work on /home/kiit/airflow-env/lib/python3.8/site-packages/airflow/example_dags/example_skip_dag.py
[2024-06-18T13:37:10.366+0530] {processor.py:830} INFO - Processing file /home/kiit/airflow-env/lib/python3.8/site-packages/airflow/example_dags/example_skip_dag.py for tasks to queue
[2024-06-18T13:37:10.368+0530] {logging_mixin.py:188} INFO - [2024-06-18T13:37:10.368+0530] {dagbag.py:545} INFO - Filling up the DagBag from /home/kiit/airflow-env/lib/python3.8/site-packages/airflow/example_dags/example_skip_dag.py
[2024-06-18T13:37:10.374+0530] {processor.py:840} INFO - DAG(s) 'example_skip_dag' retrieved from /home/kiit/airflow-env/lib/python3.8/site-packages/airflow/example_dags/example_skip_dag.py
[2024-06-18T13:37:10.390+0530] {logging_mixin.py:188} INFO - [2024-06-18T13:37:10.390+0530] {dag.py:3096} INFO - Sync 1 DAGs
[2024-06-18T13:37:10.407+0530] {logging_mixin.py:188} INFO - [2024-06-18T13:37:10.407+0530] {dag.py:3954} INFO - Setting next_dagrun for example_skip_dag to 2024-06-17 00:00:00+00:00, run_after=2024-06-18 00:00:00+00:00
[2024-06-18T13:37:10.436+0530] {processor.py:183} INFO - Processing /home/kiit/airflow-env/lib/python3.8/site-packages/airflow/example_dags/example_skip_dag.py took 0.077 seconds
[2024-06-18T13:37:54.039+0530] {processor.py:161} INFO - Started process (PID=30696) to work on /home/kiit/airflow-env/lib/python3.8/site-packages/airflow/example_dags/example_skip_dag.py
[2024-06-18T13:37:54.041+0530] {processor.py:830} INFO - Processing file /home/kiit/airflow-env/lib/python3.8/site-packages/airflow/example_dags/example_skip_dag.py for tasks to queue
[2024-06-18T13:37:54.046+0530] {logging_mixin.py:188} INFO - [2024-06-18T13:37:54.045+0530] {dagbag.py:545} INFO - Filling up the DagBag from /home/kiit/airflow-env/lib/python3.8/site-packages/airflow/example_dags/example_skip_dag.py
[2024-06-18T13:37:54.054+0530] {processor.py:840} INFO - DAG(s) 'example_skip_dag' retrieved from /home/kiit/airflow-env/lib/python3.8/site-packages/airflow/example_dags/example_skip_dag.py
[2024-06-18T13:37:54.077+0530] {logging_mixin.py:188} INFO - [2024-06-18T13:37:54.077+0530] {dag.py:3096} INFO - Sync 1 DAGs
[2024-06-18T13:37:54.098+0530] {logging_mixin.py:188} INFO - [2024-06-18T13:37:54.097+0530] {dag.py:3954} INFO - Setting next_dagrun for example_skip_dag to 2024-06-17 00:00:00+00:00, run_after=2024-06-18 00:00:00+00:00
[2024-06-18T13:37:54.123+0530] {processor.py:183} INFO - Processing /home/kiit/airflow-env/lib/python3.8/site-packages/airflow/example_dags/example_skip_dag.py took 0.090 seconds
[2024-06-18T13:38:48.096+0530] {processor.py:161} INFO - Started process (PID=30752) to work on /home/kiit/airflow-env/lib/python3.8/site-packages/airflow/example_dags/example_skip_dag.py
[2024-06-18T13:38:48.098+0530] {processor.py:830} INFO - Processing file /home/kiit/airflow-env/lib/python3.8/site-packages/airflow/example_dags/example_skip_dag.py for tasks to queue
[2024-06-18T13:38:48.101+0530] {logging_mixin.py:188} INFO - [2024-06-18T13:38:48.100+0530] {dagbag.py:545} INFO - Filling up the DagBag from /home/kiit/airflow-env/lib/python3.8/site-packages/airflow/example_dags/example_skip_dag.py
[2024-06-18T13:38:48.112+0530] {processor.py:840} INFO - DAG(s) 'example_skip_dag' retrieved from /home/kiit/airflow-env/lib/python3.8/site-packages/airflow/example_dags/example_skip_dag.py
[2024-06-18T13:38:48.137+0530] {logging_mixin.py:188} INFO - [2024-06-18T13:38:48.136+0530] {dag.py:3096} INFO - Sync 1 DAGs
[2024-06-18T13:38:48.164+0530] {logging_mixin.py:188} INFO - [2024-06-18T13:38:48.163+0530] {dag.py:3954} INFO - Setting next_dagrun for example_skip_dag to 2024-06-17 00:00:00+00:00, run_after=2024-06-18 00:00:00+00:00
[2024-06-18T13:38:48.193+0530] {processor.py:183} INFO - Processing /home/kiit/airflow-env/lib/python3.8/site-packages/airflow/example_dags/example_skip_dag.py took 0.109 seconds
[2024-06-18T13:39:33.443+0530] {processor.py:161} INFO - Started process (PID=30807) to work on /home/kiit/airflow-env/lib/python3.8/site-packages/airflow/example_dags/example_skip_dag.py
[2024-06-18T13:39:33.449+0530] {processor.py:830} INFO - Processing file /home/kiit/airflow-env/lib/python3.8/site-packages/airflow/example_dags/example_skip_dag.py for tasks to queue
[2024-06-18T13:39:33.451+0530] {logging_mixin.py:188} INFO - [2024-06-18T13:39:33.451+0530] {dagbag.py:545} INFO - Filling up the DagBag from /home/kiit/airflow-env/lib/python3.8/site-packages/airflow/example_dags/example_skip_dag.py
[2024-06-18T13:39:33.455+0530] {processor.py:840} INFO - DAG(s) 'example_skip_dag' retrieved from /home/kiit/airflow-env/lib/python3.8/site-packages/airflow/example_dags/example_skip_dag.py
[2024-06-18T13:39:33.466+0530] {logging_mixin.py:188} INFO - [2024-06-18T13:39:33.466+0530] {dag.py:3096} INFO - Sync 1 DAGs
[2024-06-18T13:39:33.478+0530] {logging_mixin.py:188} INFO - [2024-06-18T13:39:33.478+0530] {dag.py:3954} INFO - Setting next_dagrun for example_skip_dag to 2024-06-17 00:00:00+00:00, run_after=2024-06-18 00:00:00+00:00
[2024-06-18T13:39:33.498+0530] {processor.py:183} INFO - Processing /home/kiit/airflow-env/lib/python3.8/site-packages/airflow/example_dags/example_skip_dag.py took 0.060 seconds
[2024-06-18T13:40:13.265+0530] {processor.py:161} INFO - Started process (PID=30921) to work on /home/kiit/airflow-env/lib/python3.8/site-packages/airflow/example_dags/example_skip_dag.py
[2024-06-18T13:40:13.272+0530] {processor.py:830} INFO - Processing file /home/kiit/airflow-env/lib/python3.8/site-packages/airflow/example_dags/example_skip_dag.py for tasks to queue
[2024-06-18T13:40:13.274+0530] {logging_mixin.py:188} INFO - [2024-06-18T13:40:13.274+0530] {dagbag.py:545} INFO - Filling up the DagBag from /home/kiit/airflow-env/lib/python3.8/site-packages/airflow/example_dags/example_skip_dag.py
[2024-06-18T13:40:13.280+0530] {processor.py:840} INFO - DAG(s) 'example_skip_dag' retrieved from /home/kiit/airflow-env/lib/python3.8/site-packages/airflow/example_dags/example_skip_dag.py
[2024-06-18T13:40:13.291+0530] {logging_mixin.py:188} INFO - [2024-06-18T13:40:13.291+0530] {dag.py:3096} INFO - Sync 1 DAGs
[2024-06-18T13:40:13.303+0530] {logging_mixin.py:188} INFO - [2024-06-18T13:40:13.302+0530] {dag.py:3954} INFO - Setting next_dagrun for example_skip_dag to 2024-06-17 00:00:00+00:00, run_after=2024-06-18 00:00:00+00:00
[2024-06-18T13:40:13.320+0530] {processor.py:183} INFO - Processing /home/kiit/airflow-env/lib/python3.8/site-packages/airflow/example_dags/example_skip_dag.py took 0.059 seconds
[2024-06-18T13:40:54.736+0530] {processor.py:161} INFO - Started process (PID=30970) to work on /home/kiit/airflow-env/lib/python3.8/site-packages/airflow/example_dags/example_skip_dag.py
[2024-06-18T13:40:54.744+0530] {processor.py:830} INFO - Processing file /home/kiit/airflow-env/lib/python3.8/site-packages/airflow/example_dags/example_skip_dag.py for tasks to queue
[2024-06-18T13:40:54.745+0530] {logging_mixin.py:188} INFO - [2024-06-18T13:40:54.745+0530] {dagbag.py:545} INFO - Filling up the DagBag from /home/kiit/airflow-env/lib/python3.8/site-packages/airflow/example_dags/example_skip_dag.py
[2024-06-18T13:40:54.749+0530] {processor.py:840} INFO - DAG(s) 'example_skip_dag' retrieved from /home/kiit/airflow-env/lib/python3.8/site-packages/airflow/example_dags/example_skip_dag.py
[2024-06-18T13:40:54.761+0530] {logging_mixin.py:188} INFO - [2024-06-18T13:40:54.761+0530] {dag.py:3096} INFO - Sync 1 DAGs
[2024-06-18T13:40:54.772+0530] {logging_mixin.py:188} INFO - [2024-06-18T13:40:54.772+0530] {dag.py:3954} INFO - Setting next_dagrun for example_skip_dag to 2024-06-17 00:00:00+00:00, run_after=2024-06-18 00:00:00+00:00
[2024-06-18T13:40:54.789+0530] {processor.py:183} INFO - Processing /home/kiit/airflow-env/lib/python3.8/site-packages/airflow/example_dags/example_skip_dag.py took 0.057 seconds
[2024-06-18T13:41:36.392+0530] {processor.py:161} INFO - Started process (PID=31019) to work on /home/kiit/airflow-env/lib/python3.8/site-packages/airflow/example_dags/example_skip_dag.py
[2024-06-18T13:41:36.399+0530] {processor.py:830} INFO - Processing file /home/kiit/airflow-env/lib/python3.8/site-packages/airflow/example_dags/example_skip_dag.py for tasks to queue
[2024-06-18T13:41:36.400+0530] {logging_mixin.py:188} INFO - [2024-06-18T13:41:36.400+0530] {dagbag.py:545} INFO - Filling up the DagBag from /home/kiit/airflow-env/lib/python3.8/site-packages/airflow/example_dags/example_skip_dag.py
[2024-06-18T13:41:36.410+0530] {processor.py:840} INFO - DAG(s) 'example_skip_dag' retrieved from /home/kiit/airflow-env/lib/python3.8/site-packages/airflow/example_dags/example_skip_dag.py
[2024-06-18T13:41:36.426+0530] {logging_mixin.py:188} INFO - [2024-06-18T13:41:36.426+0530] {dag.py:3096} INFO - Sync 1 DAGs
[2024-06-18T13:41:36.439+0530] {logging_mixin.py:188} INFO - [2024-06-18T13:41:36.439+0530] {dag.py:3954} INFO - Setting next_dagrun for example_skip_dag to 2024-06-17 00:00:00+00:00, run_after=2024-06-18 00:00:00+00:00
[2024-06-18T13:41:36.457+0530] {processor.py:183} INFO - Processing /home/kiit/airflow-env/lib/python3.8/site-packages/airflow/example_dags/example_skip_dag.py took 0.071 seconds
[2024-06-18T15:05:49.622+0530] {processor.py:161} INFO - Started process (PID=33614) to work on /home/kiit/airflow-env/lib/python3.8/site-packages/airflow/example_dags/example_skip_dag.py
[2024-06-18T15:05:49.624+0530] {processor.py:830} INFO - Processing file /home/kiit/airflow-env/lib/python3.8/site-packages/airflow/example_dags/example_skip_dag.py for tasks to queue
[2024-06-18T15:05:49.625+0530] {logging_mixin.py:188} INFO - [2024-06-18T15:05:49.625+0530] {dagbag.py:545} INFO - Filling up the DagBag from /home/kiit/airflow-env/lib/python3.8/site-packages/airflow/example_dags/example_skip_dag.py
[2024-06-18T15:05:49.633+0530] {processor.py:840} INFO - DAG(s) 'example_skip_dag' retrieved from /home/kiit/airflow-env/lib/python3.8/site-packages/airflow/example_dags/example_skip_dag.py
[2024-06-18T15:05:49.644+0530] {logging_mixin.py:188} INFO - [2024-06-18T15:05:49.644+0530] {dag.py:3096} INFO - Sync 1 DAGs
[2024-06-18T15:05:49.665+0530] {logging_mixin.py:188} INFO - [2024-06-18T15:05:49.664+0530] {dag.py:3954} INFO - Setting next_dagrun for example_skip_dag to 2024-06-17 00:00:00+00:00, run_after=2024-06-18 00:00:00+00:00
[2024-06-18T15:05:49.692+0530] {processor.py:183} INFO - Processing /home/kiit/airflow-env/lib/python3.8/site-packages/airflow/example_dags/example_skip_dag.py took 0.076 seconds
[2024-06-18T15:06:21.963+0530] {processor.py:161} INFO - Started process (PID=33673) to work on /home/kiit/airflow-env/lib/python3.8/site-packages/airflow/example_dags/example_skip_dag.py
[2024-06-18T15:06:21.964+0530] {processor.py:830} INFO - Processing file /home/kiit/airflow-env/lib/python3.8/site-packages/airflow/example_dags/example_skip_dag.py for tasks to queue
[2024-06-18T15:06:21.966+0530] {logging_mixin.py:188} INFO - [2024-06-18T15:06:21.966+0530] {dagbag.py:545} INFO - Filling up the DagBag from /home/kiit/airflow-env/lib/python3.8/site-packages/airflow/example_dags/example_skip_dag.py
[2024-06-18T15:06:21.973+0530] {processor.py:840} INFO - DAG(s) 'example_skip_dag' retrieved from /home/kiit/airflow-env/lib/python3.8/site-packages/airflow/example_dags/example_skip_dag.py
[2024-06-18T15:06:22.163+0530] {logging_mixin.py:188} INFO - [2024-06-18T15:06:22.163+0530] {dag.py:3096} INFO - Sync 1 DAGs
[2024-06-18T15:06:22.180+0530] {logging_mixin.py:188} INFO - [2024-06-18T15:06:22.180+0530] {dag.py:3954} INFO - Setting next_dagrun for example_skip_dag to 2024-06-17 00:00:00+00:00, run_after=2024-06-18 00:00:00+00:00
[2024-06-18T15:06:22.210+0530] {processor.py:183} INFO - Processing /home/kiit/airflow-env/lib/python3.8/site-packages/airflow/example_dags/example_skip_dag.py took 0.253 seconds
[2024-06-18T15:06:53.144+0530] {processor.py:161} INFO - Started process (PID=33732) to work on /home/kiit/airflow-env/lib/python3.8/site-packages/airflow/example_dags/example_skip_dag.py
[2024-06-18T15:06:53.146+0530] {processor.py:830} INFO - Processing file /home/kiit/airflow-env/lib/python3.8/site-packages/airflow/example_dags/example_skip_dag.py for tasks to queue
[2024-06-18T15:06:53.149+0530] {logging_mixin.py:188} INFO - [2024-06-18T15:06:53.149+0530] {dagbag.py:545} INFO - Filling up the DagBag from /home/kiit/airflow-env/lib/python3.8/site-packages/airflow/example_dags/example_skip_dag.py
[2024-06-18T15:06:53.157+0530] {processor.py:840} INFO - DAG(s) 'example_skip_dag' retrieved from /home/kiit/airflow-env/lib/python3.8/site-packages/airflow/example_dags/example_skip_dag.py
[2024-06-18T15:06:53.184+0530] {logging_mixin.py:188} INFO - [2024-06-18T15:06:53.183+0530] {dag.py:3096} INFO - Sync 1 DAGs
[2024-06-18T15:06:53.203+0530] {logging_mixin.py:188} INFO - [2024-06-18T15:06:53.203+0530] {dag.py:3954} INFO - Setting next_dagrun for example_skip_dag to 2024-06-17 00:00:00+00:00, run_after=2024-06-18 00:00:00+00:00
[2024-06-18T15:06:53.229+0530] {processor.py:183} INFO - Processing /home/kiit/airflow-env/lib/python3.8/site-packages/airflow/example_dags/example_skip_dag.py took 0.092 seconds
[2024-06-18T15:07:24.170+0530] {processor.py:161} INFO - Started process (PID=33791) to work on /home/kiit/airflow-env/lib/python3.8/site-packages/airflow/example_dags/example_skip_dag.py
[2024-06-18T15:07:24.171+0530] {processor.py:830} INFO - Processing file /home/kiit/airflow-env/lib/python3.8/site-packages/airflow/example_dags/example_skip_dag.py for tasks to queue
[2024-06-18T15:07:24.173+0530] {logging_mixin.py:188} INFO - [2024-06-18T15:07:24.172+0530] {dagbag.py:545} INFO - Filling up the DagBag from /home/kiit/airflow-env/lib/python3.8/site-packages/airflow/example_dags/example_skip_dag.py
[2024-06-18T15:07:24.179+0530] {processor.py:840} INFO - DAG(s) 'example_skip_dag' retrieved from /home/kiit/airflow-env/lib/python3.8/site-packages/airflow/example_dags/example_skip_dag.py
[2024-06-18T15:07:24.202+0530] {logging_mixin.py:188} INFO - [2024-06-18T15:07:24.201+0530] {dag.py:3096} INFO - Sync 1 DAGs
[2024-06-18T15:07:24.224+0530] {logging_mixin.py:188} INFO - [2024-06-18T15:07:24.223+0530] {dag.py:3954} INFO - Setting next_dagrun for example_skip_dag to 2024-06-17 00:00:00+00:00, run_after=2024-06-18 00:00:00+00:00
[2024-06-18T15:07:24.247+0530] {processor.py:183} INFO - Processing /home/kiit/airflow-env/lib/python3.8/site-packages/airflow/example_dags/example_skip_dag.py took 0.084 seconds
[2024-06-18T15:07:54.901+0530] {processor.py:161} INFO - Started process (PID=33850) to work on /home/kiit/airflow-env/lib/python3.8/site-packages/airflow/example_dags/example_skip_dag.py
[2024-06-18T15:07:54.902+0530] {processor.py:830} INFO - Processing file /home/kiit/airflow-env/lib/python3.8/site-packages/airflow/example_dags/example_skip_dag.py for tasks to queue
[2024-06-18T15:07:54.904+0530] {logging_mixin.py:188} INFO - [2024-06-18T15:07:54.904+0530] {dagbag.py:545} INFO - Filling up the DagBag from /home/kiit/airflow-env/lib/python3.8/site-packages/airflow/example_dags/example_skip_dag.py
[2024-06-18T15:07:54.910+0530] {processor.py:840} INFO - DAG(s) 'example_skip_dag' retrieved from /home/kiit/airflow-env/lib/python3.8/site-packages/airflow/example_dags/example_skip_dag.py
[2024-06-18T15:07:54.932+0530] {logging_mixin.py:188} INFO - [2024-06-18T15:07:54.931+0530] {dag.py:3096} INFO - Sync 1 DAGs
[2024-06-18T15:07:54.950+0530] {logging_mixin.py:188} INFO - [2024-06-18T15:07:54.950+0530] {dag.py:3954} INFO - Setting next_dagrun for example_skip_dag to 2024-06-17 00:00:00+00:00, run_after=2024-06-18 00:00:00+00:00
[2024-06-18T15:07:54.977+0530] {processor.py:183} INFO - Processing /home/kiit/airflow-env/lib/python3.8/site-packages/airflow/example_dags/example_skip_dag.py took 0.083 seconds
[2024-06-18T15:08:25.924+0530] {processor.py:161} INFO - Started process (PID=33909) to work on /home/kiit/airflow-env/lib/python3.8/site-packages/airflow/example_dags/example_skip_dag.py
[2024-06-18T15:08:25.925+0530] {processor.py:830} INFO - Processing file /home/kiit/airflow-env/lib/python3.8/site-packages/airflow/example_dags/example_skip_dag.py for tasks to queue
[2024-06-18T15:08:25.927+0530] {logging_mixin.py:188} INFO - [2024-06-18T15:08:25.927+0530] {dagbag.py:545} INFO - Filling up the DagBag from /home/kiit/airflow-env/lib/python3.8/site-packages/airflow/example_dags/example_skip_dag.py
[2024-06-18T15:08:25.936+0530] {processor.py:840} INFO - DAG(s) 'example_skip_dag' retrieved from /home/kiit/airflow-env/lib/python3.8/site-packages/airflow/example_dags/example_skip_dag.py
[2024-06-18T15:08:25.962+0530] {logging_mixin.py:188} INFO - [2024-06-18T15:08:25.962+0530] {dag.py:3096} INFO - Sync 1 DAGs
[2024-06-18T15:08:25.989+0530] {logging_mixin.py:188} INFO - [2024-06-18T15:08:25.989+0530] {dag.py:3954} INFO - Setting next_dagrun for example_skip_dag to 2024-06-17 00:00:00+00:00, run_after=2024-06-18 00:00:00+00:00
[2024-06-18T15:08:26.019+0530] {processor.py:183} INFO - Processing /home/kiit/airflow-env/lib/python3.8/site-packages/airflow/example_dags/example_skip_dag.py took 0.104 seconds
[2024-06-18T15:08:56.877+0530] {processor.py:161} INFO - Started process (PID=33969) to work on /home/kiit/airflow-env/lib/python3.8/site-packages/airflow/example_dags/example_skip_dag.py
[2024-06-18T15:08:56.878+0530] {processor.py:830} INFO - Processing file /home/kiit/airflow-env/lib/python3.8/site-packages/airflow/example_dags/example_skip_dag.py for tasks to queue
[2024-06-18T15:08:56.879+0530] {logging_mixin.py:188} INFO - [2024-06-18T15:08:56.879+0530] {dagbag.py:545} INFO - Filling up the DagBag from /home/kiit/airflow-env/lib/python3.8/site-packages/airflow/example_dags/example_skip_dag.py
[2024-06-18T15:08:56.885+0530] {processor.py:840} INFO - DAG(s) 'example_skip_dag' retrieved from /home/kiit/airflow-env/lib/python3.8/site-packages/airflow/example_dags/example_skip_dag.py
[2024-06-18T15:08:56.908+0530] {logging_mixin.py:188} INFO - [2024-06-18T15:08:56.908+0530] {dag.py:3096} INFO - Sync 1 DAGs
[2024-06-18T15:08:56.927+0530] {logging_mixin.py:188} INFO - [2024-06-18T15:08:56.927+0530] {dag.py:3954} INFO - Setting next_dagrun for example_skip_dag to 2024-06-17 00:00:00+00:00, run_after=2024-06-18 00:00:00+00:00
[2024-06-18T15:08:56.950+0530] {processor.py:183} INFO - Processing /home/kiit/airflow-env/lib/python3.8/site-packages/airflow/example_dags/example_skip_dag.py took 0.080 seconds
[2024-06-18T15:09:27.295+0530] {processor.py:161} INFO - Started process (PID=34029) to work on /home/kiit/airflow-env/lib/python3.8/site-packages/airflow/example_dags/example_skip_dag.py
[2024-06-18T15:09:27.296+0530] {processor.py:830} INFO - Processing file /home/kiit/airflow-env/lib/python3.8/site-packages/airflow/example_dags/example_skip_dag.py for tasks to queue
[2024-06-18T15:09:27.297+0530] {logging_mixin.py:188} INFO - [2024-06-18T15:09:27.296+0530] {dagbag.py:545} INFO - Filling up the DagBag from /home/kiit/airflow-env/lib/python3.8/site-packages/airflow/example_dags/example_skip_dag.py
[2024-06-18T15:09:27.302+0530] {processor.py:840} INFO - DAG(s) 'example_skip_dag' retrieved from /home/kiit/airflow-env/lib/python3.8/site-packages/airflow/example_dags/example_skip_dag.py
[2024-06-18T15:09:27.322+0530] {logging_mixin.py:188} INFO - [2024-06-18T15:09:27.321+0530] {dag.py:3096} INFO - Sync 1 DAGs
[2024-06-18T15:09:27.337+0530] {logging_mixin.py:188} INFO - [2024-06-18T15:09:27.337+0530] {dag.py:3954} INFO - Setting next_dagrun for example_skip_dag to 2024-06-17 00:00:00+00:00, run_after=2024-06-18 00:00:00+00:00
[2024-06-18T15:09:27.361+0530] {processor.py:183} INFO - Processing /home/kiit/airflow-env/lib/python3.8/site-packages/airflow/example_dags/example_skip_dag.py took 0.071 seconds
[2024-06-18T15:09:57.588+0530] {processor.py:161} INFO - Started process (PID=34088) to work on /home/kiit/airflow-env/lib/python3.8/site-packages/airflow/example_dags/example_skip_dag.py
[2024-06-18T15:09:57.589+0530] {processor.py:830} INFO - Processing file /home/kiit/airflow-env/lib/python3.8/site-packages/airflow/example_dags/example_skip_dag.py for tasks to queue
[2024-06-18T15:09:57.590+0530] {logging_mixin.py:188} INFO - [2024-06-18T15:09:57.590+0530] {dagbag.py:545} INFO - Filling up the DagBag from /home/kiit/airflow-env/lib/python3.8/site-packages/airflow/example_dags/example_skip_dag.py
[2024-06-18T15:09:57.595+0530] {processor.py:840} INFO - DAG(s) 'example_skip_dag' retrieved from /home/kiit/airflow-env/lib/python3.8/site-packages/airflow/example_dags/example_skip_dag.py
[2024-06-18T15:09:57.612+0530] {logging_mixin.py:188} INFO - [2024-06-18T15:09:57.612+0530] {dag.py:3096} INFO - Sync 1 DAGs
[2024-06-18T15:09:57.630+0530] {logging_mixin.py:188} INFO - [2024-06-18T15:09:57.630+0530] {dag.py:3954} INFO - Setting next_dagrun for example_skip_dag to 2024-06-17 00:00:00+00:00, run_after=2024-06-18 00:00:00+00:00
[2024-06-18T15:09:57.653+0530] {processor.py:183} INFO - Processing /home/kiit/airflow-env/lib/python3.8/site-packages/airflow/example_dags/example_skip_dag.py took 0.070 seconds
[2024-06-18T15:10:27.769+0530] {processor.py:161} INFO - Started process (PID=34148) to work on /home/kiit/airflow-env/lib/python3.8/site-packages/airflow/example_dags/example_skip_dag.py
[2024-06-18T15:10:27.770+0530] {processor.py:830} INFO - Processing file /home/kiit/airflow-env/lib/python3.8/site-packages/airflow/example_dags/example_skip_dag.py for tasks to queue
[2024-06-18T15:10:27.771+0530] {logging_mixin.py:188} INFO - [2024-06-18T15:10:27.770+0530] {dagbag.py:545} INFO - Filling up the DagBag from /home/kiit/airflow-env/lib/python3.8/site-packages/airflow/example_dags/example_skip_dag.py
[2024-06-18T15:10:27.776+0530] {processor.py:840} INFO - DAG(s) 'example_skip_dag' retrieved from /home/kiit/airflow-env/lib/python3.8/site-packages/airflow/example_dags/example_skip_dag.py
[2024-06-18T15:10:27.795+0530] {logging_mixin.py:188} INFO - [2024-06-18T15:10:27.795+0530] {dag.py:3096} INFO - Sync 1 DAGs
[2024-06-18T15:10:27.811+0530] {logging_mixin.py:188} INFO - [2024-06-18T15:10:27.810+0530] {dag.py:3954} INFO - Setting next_dagrun for example_skip_dag to 2024-06-17 00:00:00+00:00, run_after=2024-06-18 00:00:00+00:00
[2024-06-18T15:10:27.832+0530] {processor.py:183} INFO - Processing /home/kiit/airflow-env/lib/python3.8/site-packages/airflow/example_dags/example_skip_dag.py took 0.069 seconds
[2024-06-18T15:10:58.192+0530] {processor.py:161} INFO - Started process (PID=34207) to work on /home/kiit/airflow-env/lib/python3.8/site-packages/airflow/example_dags/example_skip_dag.py
[2024-06-18T15:10:58.193+0530] {processor.py:830} INFO - Processing file /home/kiit/airflow-env/lib/python3.8/site-packages/airflow/example_dags/example_skip_dag.py for tasks to queue
[2024-06-18T15:10:58.194+0530] {logging_mixin.py:188} INFO - [2024-06-18T15:10:58.194+0530] {dagbag.py:545} INFO - Filling up the DagBag from /home/kiit/airflow-env/lib/python3.8/site-packages/airflow/example_dags/example_skip_dag.py
[2024-06-18T15:10:58.200+0530] {processor.py:840} INFO - DAG(s) 'example_skip_dag' retrieved from /home/kiit/airflow-env/lib/python3.8/site-packages/airflow/example_dags/example_skip_dag.py
[2024-06-18T15:10:58.217+0530] {logging_mixin.py:188} INFO - [2024-06-18T15:10:58.217+0530] {dag.py:3096} INFO - Sync 1 DAGs
[2024-06-18T15:10:58.234+0530] {logging_mixin.py:188} INFO - [2024-06-18T15:10:58.233+0530] {dag.py:3954} INFO - Setting next_dagrun for example_skip_dag to 2024-06-17 00:00:00+00:00, run_after=2024-06-18 00:00:00+00:00
[2024-06-18T15:10:58.252+0530] {processor.py:183} INFO - Processing /home/kiit/airflow-env/lib/python3.8/site-packages/airflow/example_dags/example_skip_dag.py took 0.066 seconds
[2024-06-18T15:11:28.372+0530] {processor.py:161} INFO - Started process (PID=34266) to work on /home/kiit/airflow-env/lib/python3.8/site-packages/airflow/example_dags/example_skip_dag.py
[2024-06-18T15:11:28.372+0530] {processor.py:830} INFO - Processing file /home/kiit/airflow-env/lib/python3.8/site-packages/airflow/example_dags/example_skip_dag.py for tasks to queue
[2024-06-18T15:11:28.374+0530] {logging_mixin.py:188} INFO - [2024-06-18T15:11:28.373+0530] {dagbag.py:545} INFO - Filling up the DagBag from /home/kiit/airflow-env/lib/python3.8/site-packages/airflow/example_dags/example_skip_dag.py
[2024-06-18T15:11:28.378+0530] {processor.py:840} INFO - DAG(s) 'example_skip_dag' retrieved from /home/kiit/airflow-env/lib/python3.8/site-packages/airflow/example_dags/example_skip_dag.py
[2024-06-18T15:11:28.394+0530] {logging_mixin.py:188} INFO - [2024-06-18T15:11:28.394+0530] {dag.py:3096} INFO - Sync 1 DAGs
[2024-06-18T15:11:28.409+0530] {logging_mixin.py:188} INFO - [2024-06-18T15:11:28.409+0530] {dag.py:3954} INFO - Setting next_dagrun for example_skip_dag to 2024-06-17 00:00:00+00:00, run_after=2024-06-18 00:00:00+00:00
[2024-06-18T15:11:28.428+0530] {processor.py:183} INFO - Processing /home/kiit/airflow-env/lib/python3.8/site-packages/airflow/example_dags/example_skip_dag.py took 0.062 seconds
[2024-06-18T15:11:58.548+0530] {processor.py:161} INFO - Started process (PID=34325) to work on /home/kiit/airflow-env/lib/python3.8/site-packages/airflow/example_dags/example_skip_dag.py
[2024-06-18T15:11:58.549+0530] {processor.py:830} INFO - Processing file /home/kiit/airflow-env/lib/python3.8/site-packages/airflow/example_dags/example_skip_dag.py for tasks to queue
[2024-06-18T15:11:58.551+0530] {logging_mixin.py:188} INFO - [2024-06-18T15:11:58.550+0530] {dagbag.py:545} INFO - Filling up the DagBag from /home/kiit/airflow-env/lib/python3.8/site-packages/airflow/example_dags/example_skip_dag.py
[2024-06-18T15:11:58.556+0530] {processor.py:840} INFO - DAG(s) 'example_skip_dag' retrieved from /home/kiit/airflow-env/lib/python3.8/site-packages/airflow/example_dags/example_skip_dag.py
[2024-06-18T15:11:58.574+0530] {logging_mixin.py:188} INFO - [2024-06-18T15:11:58.574+0530] {dag.py:3096} INFO - Sync 1 DAGs
[2024-06-18T15:11:58.591+0530] {logging_mixin.py:188} INFO - [2024-06-18T15:11:58.591+0530] {dag.py:3954} INFO - Setting next_dagrun for example_skip_dag to 2024-06-17 00:00:00+00:00, run_after=2024-06-18 00:00:00+00:00
[2024-06-18T15:11:58.614+0530] {processor.py:183} INFO - Processing /home/kiit/airflow-env/lib/python3.8/site-packages/airflow/example_dags/example_skip_dag.py took 0.071 seconds
[2024-06-18T15:12:28.896+0530] {processor.py:161} INFO - Started process (PID=34385) to work on /home/kiit/airflow-env/lib/python3.8/site-packages/airflow/example_dags/example_skip_dag.py
[2024-06-18T15:12:28.897+0530] {processor.py:830} INFO - Processing file /home/kiit/airflow-env/lib/python3.8/site-packages/airflow/example_dags/example_skip_dag.py for tasks to queue
[2024-06-18T15:12:28.898+0530] {logging_mixin.py:188} INFO - [2024-06-18T15:12:28.898+0530] {dagbag.py:545} INFO - Filling up the DagBag from /home/kiit/airflow-env/lib/python3.8/site-packages/airflow/example_dags/example_skip_dag.py
[2024-06-18T15:12:28.904+0530] {processor.py:840} INFO - DAG(s) 'example_skip_dag' retrieved from /home/kiit/airflow-env/lib/python3.8/site-packages/airflow/example_dags/example_skip_dag.py
[2024-06-18T15:12:28.923+0530] {logging_mixin.py:188} INFO - [2024-06-18T15:12:28.922+0530] {dag.py:3096} INFO - Sync 1 DAGs
[2024-06-18T15:12:28.938+0530] {logging_mixin.py:188} INFO - [2024-06-18T15:12:28.938+0530] {dag.py:3954} INFO - Setting next_dagrun for example_skip_dag to 2024-06-17 00:00:00+00:00, run_after=2024-06-18 00:00:00+00:00
[2024-06-18T15:12:28.959+0530] {processor.py:183} INFO - Processing /home/kiit/airflow-env/lib/python3.8/site-packages/airflow/example_dags/example_skip_dag.py took 0.068 seconds
[2024-06-18T15:12:59.233+0530] {processor.py:161} INFO - Started process (PID=34444) to work on /home/kiit/airflow-env/lib/python3.8/site-packages/airflow/example_dags/example_skip_dag.py
[2024-06-18T15:12:59.234+0530] {processor.py:830} INFO - Processing file /home/kiit/airflow-env/lib/python3.8/site-packages/airflow/example_dags/example_skip_dag.py for tasks to queue
[2024-06-18T15:12:59.236+0530] {logging_mixin.py:188} INFO - [2024-06-18T15:12:59.236+0530] {dagbag.py:545} INFO - Filling up the DagBag from /home/kiit/airflow-env/lib/python3.8/site-packages/airflow/example_dags/example_skip_dag.py
[2024-06-18T15:12:59.241+0530] {processor.py:840} INFO - DAG(s) 'example_skip_dag' retrieved from /home/kiit/airflow-env/lib/python3.8/site-packages/airflow/example_dags/example_skip_dag.py
[2024-06-18T15:12:59.258+0530] {logging_mixin.py:188} INFO - [2024-06-18T15:12:59.258+0530] {dag.py:3096} INFO - Sync 1 DAGs
[2024-06-18T15:12:59.275+0530] {logging_mixin.py:188} INFO - [2024-06-18T15:12:59.275+0530] {dag.py:3954} INFO - Setting next_dagrun for example_skip_dag to 2024-06-17 00:00:00+00:00, run_after=2024-06-18 00:00:00+00:00
[2024-06-18T15:12:59.292+0530] {processor.py:183} INFO - Processing /home/kiit/airflow-env/lib/python3.8/site-packages/airflow/example_dags/example_skip_dag.py took 0.064 seconds
[2024-06-18T15:13:29.520+0530] {processor.py:161} INFO - Started process (PID=34503) to work on /home/kiit/airflow-env/lib/python3.8/site-packages/airflow/example_dags/example_skip_dag.py
[2024-06-18T15:13:29.521+0530] {processor.py:830} INFO - Processing file /home/kiit/airflow-env/lib/python3.8/site-packages/airflow/example_dags/example_skip_dag.py for tasks to queue
[2024-06-18T15:13:29.522+0530] {logging_mixin.py:188} INFO - [2024-06-18T15:13:29.522+0530] {dagbag.py:545} INFO - Filling up the DagBag from /home/kiit/airflow-env/lib/python3.8/site-packages/airflow/example_dags/example_skip_dag.py
[2024-06-18T15:13:29.527+0530] {processor.py:840} INFO - DAG(s) 'example_skip_dag' retrieved from /home/kiit/airflow-env/lib/python3.8/site-packages/airflow/example_dags/example_skip_dag.py
[2024-06-18T15:13:29.544+0530] {logging_mixin.py:188} INFO - [2024-06-18T15:13:29.543+0530] {dag.py:3096} INFO - Sync 1 DAGs
[2024-06-18T15:13:29.561+0530] {logging_mixin.py:188} INFO - [2024-06-18T15:13:29.561+0530] {dag.py:3954} INFO - Setting next_dagrun for example_skip_dag to 2024-06-17 00:00:00+00:00, run_after=2024-06-18 00:00:00+00:00
[2024-06-18T15:13:29.580+0530] {processor.py:183} INFO - Processing /home/kiit/airflow-env/lib/python3.8/site-packages/airflow/example_dags/example_skip_dag.py took 0.066 seconds
[2024-06-18T15:13:59.787+0530] {processor.py:161} INFO - Started process (PID=34562) to work on /home/kiit/airflow-env/lib/python3.8/site-packages/airflow/example_dags/example_skip_dag.py
[2024-06-18T15:13:59.788+0530] {processor.py:830} INFO - Processing file /home/kiit/airflow-env/lib/python3.8/site-packages/airflow/example_dags/example_skip_dag.py for tasks to queue
[2024-06-18T15:13:59.789+0530] {logging_mixin.py:188} INFO - [2024-06-18T15:13:59.789+0530] {dagbag.py:545} INFO - Filling up the DagBag from /home/kiit/airflow-env/lib/python3.8/site-packages/airflow/example_dags/example_skip_dag.py
[2024-06-18T15:13:59.794+0530] {processor.py:840} INFO - DAG(s) 'example_skip_dag' retrieved from /home/kiit/airflow-env/lib/python3.8/site-packages/airflow/example_dags/example_skip_dag.py
[2024-06-18T15:13:59.812+0530] {logging_mixin.py:188} INFO - [2024-06-18T15:13:59.811+0530] {dag.py:3096} INFO - Sync 1 DAGs
[2024-06-18T15:13:59.827+0530] {logging_mixin.py:188} INFO - [2024-06-18T15:13:59.826+0530] {dag.py:3954} INFO - Setting next_dagrun for example_skip_dag to 2024-06-17 00:00:00+00:00, run_after=2024-06-18 00:00:00+00:00
[2024-06-18T15:13:59.847+0530] {processor.py:183} INFO - Processing /home/kiit/airflow-env/lib/python3.8/site-packages/airflow/example_dags/example_skip_dag.py took 0.065 seconds
[2024-06-18T15:14:30.133+0530] {processor.py:161} INFO - Started process (PID=34621) to work on /home/kiit/airflow-env/lib/python3.8/site-packages/airflow/example_dags/example_skip_dag.py
[2024-06-18T15:14:30.134+0530] {processor.py:830} INFO - Processing file /home/kiit/airflow-env/lib/python3.8/site-packages/airflow/example_dags/example_skip_dag.py for tasks to queue
[2024-06-18T15:14:30.135+0530] {logging_mixin.py:188} INFO - [2024-06-18T15:14:30.135+0530] {dagbag.py:545} INFO - Filling up the DagBag from /home/kiit/airflow-env/lib/python3.8/site-packages/airflow/example_dags/example_skip_dag.py
[2024-06-18T15:14:30.141+0530] {processor.py:840} INFO - DAG(s) 'example_skip_dag' retrieved from /home/kiit/airflow-env/lib/python3.8/site-packages/airflow/example_dags/example_skip_dag.py
[2024-06-18T15:14:30.159+0530] {logging_mixin.py:188} INFO - [2024-06-18T15:14:30.159+0530] {dag.py:3096} INFO - Sync 1 DAGs
[2024-06-18T15:14:30.173+0530] {logging_mixin.py:188} INFO - [2024-06-18T15:14:30.173+0530] {dag.py:3954} INFO - Setting next_dagrun for example_skip_dag to 2024-06-17 00:00:00+00:00, run_after=2024-06-18 00:00:00+00:00
[2024-06-18T15:14:30.195+0530] {processor.py:183} INFO - Processing /home/kiit/airflow-env/lib/python3.8/site-packages/airflow/example_dags/example_skip_dag.py took 0.067 seconds
[2024-06-18T15:15:00.479+0530] {processor.py:161} INFO - Started process (PID=34680) to work on /home/kiit/airflow-env/lib/python3.8/site-packages/airflow/example_dags/example_skip_dag.py
[2024-06-18T15:15:00.480+0530] {processor.py:830} INFO - Processing file /home/kiit/airflow-env/lib/python3.8/site-packages/airflow/example_dags/example_skip_dag.py for tasks to queue
[2024-06-18T15:15:00.481+0530] {logging_mixin.py:188} INFO - [2024-06-18T15:15:00.481+0530] {dagbag.py:545} INFO - Filling up the DagBag from /home/kiit/airflow-env/lib/python3.8/site-packages/airflow/example_dags/example_skip_dag.py
[2024-06-18T15:15:00.487+0530] {processor.py:840} INFO - DAG(s) 'example_skip_dag' retrieved from /home/kiit/airflow-env/lib/python3.8/site-packages/airflow/example_dags/example_skip_dag.py
[2024-06-18T15:15:00.506+0530] {logging_mixin.py:188} INFO - [2024-06-18T15:15:00.505+0530] {dag.py:3096} INFO - Sync 1 DAGs
[2024-06-18T15:15:00.520+0530] {logging_mixin.py:188} INFO - [2024-06-18T15:15:00.520+0530] {dag.py:3954} INFO - Setting next_dagrun for example_skip_dag to 2024-06-17 00:00:00+00:00, run_after=2024-06-18 00:00:00+00:00
[2024-06-18T15:15:00.539+0530] {processor.py:183} INFO - Processing /home/kiit/airflow-env/lib/python3.8/site-packages/airflow/example_dags/example_skip_dag.py took 0.065 seconds
[2024-06-18T15:15:30.735+0530] {processor.py:161} INFO - Started process (PID=34739) to work on /home/kiit/airflow-env/lib/python3.8/site-packages/airflow/example_dags/example_skip_dag.py
[2024-06-18T15:15:30.736+0530] {processor.py:830} INFO - Processing file /home/kiit/airflow-env/lib/python3.8/site-packages/airflow/example_dags/example_skip_dag.py for tasks to queue
[2024-06-18T15:15:30.738+0530] {logging_mixin.py:188} INFO - [2024-06-18T15:15:30.737+0530] {dagbag.py:545} INFO - Filling up the DagBag from /home/kiit/airflow-env/lib/python3.8/site-packages/airflow/example_dags/example_skip_dag.py
[2024-06-18T15:15:30.743+0530] {processor.py:840} INFO - DAG(s) 'example_skip_dag' retrieved from /home/kiit/airflow-env/lib/python3.8/site-packages/airflow/example_dags/example_skip_dag.py
[2024-06-18T15:15:30.761+0530] {logging_mixin.py:188} INFO - [2024-06-18T15:15:30.761+0530] {dag.py:3096} INFO - Sync 1 DAGs
[2024-06-18T15:15:30.779+0530] {logging_mixin.py:188} INFO - [2024-06-18T15:15:30.779+0530] {dag.py:3954} INFO - Setting next_dagrun for example_skip_dag to 2024-06-17 00:00:00+00:00, run_after=2024-06-18 00:00:00+00:00
[2024-06-18T15:15:30.798+0530] {processor.py:183} INFO - Processing /home/kiit/airflow-env/lib/python3.8/site-packages/airflow/example_dags/example_skip_dag.py took 0.071 seconds
[2024-06-18T15:16:01.019+0530] {processor.py:161} INFO - Started process (PID=34798) to work on /home/kiit/airflow-env/lib/python3.8/site-packages/airflow/example_dags/example_skip_dag.py
[2024-06-18T15:16:01.019+0530] {processor.py:830} INFO - Processing file /home/kiit/airflow-env/lib/python3.8/site-packages/airflow/example_dags/example_skip_dag.py for tasks to queue
[2024-06-18T15:16:01.021+0530] {logging_mixin.py:188} INFO - [2024-06-18T15:16:01.020+0530] {dagbag.py:545} INFO - Filling up the DagBag from /home/kiit/airflow-env/lib/python3.8/site-packages/airflow/example_dags/example_skip_dag.py
[2024-06-18T15:16:01.027+0530] {processor.py:840} INFO - DAG(s) 'example_skip_dag' retrieved from /home/kiit/airflow-env/lib/python3.8/site-packages/airflow/example_dags/example_skip_dag.py
[2024-06-18T15:16:01.045+0530] {logging_mixin.py:188} INFO - [2024-06-18T15:16:01.045+0530] {dag.py:3096} INFO - Sync 1 DAGs
[2024-06-18T15:16:01.060+0530] {logging_mixin.py:188} INFO - [2024-06-18T15:16:01.060+0530] {dag.py:3954} INFO - Setting next_dagrun for example_skip_dag to 2024-06-17 00:00:00+00:00, run_after=2024-06-18 00:00:00+00:00
[2024-06-18T15:16:01.080+0530] {processor.py:183} INFO - Processing /home/kiit/airflow-env/lib/python3.8/site-packages/airflow/example_dags/example_skip_dag.py took 0.066 seconds
[2024-06-18T15:16:31.613+0530] {processor.py:161} INFO - Started process (PID=34881) to work on /home/kiit/airflow-env/lib/python3.8/site-packages/airflow/example_dags/example_skip_dag.py
[2024-06-18T15:16:31.615+0530] {processor.py:830} INFO - Processing file /home/kiit/airflow-env/lib/python3.8/site-packages/airflow/example_dags/example_skip_dag.py for tasks to queue
[2024-06-18T15:16:31.618+0530] {logging_mixin.py:188} INFO - [2024-06-18T15:16:31.617+0530] {dagbag.py:545} INFO - Filling up the DagBag from /home/kiit/airflow-env/lib/python3.8/site-packages/airflow/example_dags/example_skip_dag.py
[2024-06-18T15:16:31.628+0530] {processor.py:840} INFO - DAG(s) 'example_skip_dag' retrieved from /home/kiit/airflow-env/lib/python3.8/site-packages/airflow/example_dags/example_skip_dag.py
[2024-06-18T15:16:31.715+0530] {logging_mixin.py:188} INFO - [2024-06-18T15:16:31.715+0530] {dag.py:3096} INFO - Sync 1 DAGs
[2024-06-18T15:16:31.730+0530] {logging_mixin.py:188} INFO - [2024-06-18T15:16:31.730+0530] {dag.py:3954} INFO - Setting next_dagrun for example_skip_dag to 2024-06-17 00:00:00+00:00, run_after=2024-06-18 00:00:00+00:00
[2024-06-18T15:16:31.756+0530] {processor.py:183} INFO - Processing /home/kiit/airflow-env/lib/python3.8/site-packages/airflow/example_dags/example_skip_dag.py took 0.155 seconds
