[2024-06-18T13:05:58.193+0530] {processor.py:161} INFO - Started process (PID=25356) to work on /home/kiit/airflow-env/lib/python3.8/site-packages/airflow/example_dags/example_branch_day_of_week_operator.py
[2024-06-18T13:05:58.194+0530] {processor.py:830} INFO - Processing file /home/kiit/airflow-env/lib/python3.8/site-packages/airflow/example_dags/example_branch_day_of_week_operator.py for tasks to queue
[2024-06-18T13:05:58.195+0530] {logging_mixin.py:188} INFO - [2024-06-18T13:05:58.195+0530] {dagbag.py:545} INFO - Filling up the DagBag from /home/kiit/airflow-env/lib/python3.8/site-packages/airflow/example_dags/example_branch_day_of_week_operator.py
[2024-06-18T13:05:58.203+0530] {processor.py:840} INFO - DAG(s) 'example_weekday_branch_operator' retrieved from /home/kiit/airflow-env/lib/python3.8/site-packages/airflow/example_dags/example_branch_day_of_week_operator.py
[2024-06-18T13:05:58.271+0530] {logging_mixin.py:188} INFO - [2024-06-18T13:05:58.270+0530] {dag.py:3096} INFO - Sync 1 DAGs
[2024-06-18T13:05:58.285+0530] {logging_mixin.py:188} INFO - [2024-06-18T13:05:58.285+0530] {dag.py:3954} INFO - Setting next_dagrun for example_weekday_branch_operator to 2024-06-17 00:00:00+00:00, run_after=2024-06-18 00:00:00+00:00
[2024-06-18T13:05:58.373+0530] {processor.py:183} INFO - Processing /home/kiit/airflow-env/lib/python3.8/site-packages/airflow/example_dags/example_branch_day_of_week_operator.py took 0.185 seconds
[2024-06-18T13:06:53.866+0530] {processor.py:161} INFO - Started process (PID=25436) to work on /home/kiit/airflow-env/lib/python3.8/site-packages/airflow/example_dags/example_branch_day_of_week_operator.py
[2024-06-18T13:06:53.868+0530] {processor.py:830} INFO - Processing file /home/kiit/airflow-env/lib/python3.8/site-packages/airflow/example_dags/example_branch_day_of_week_operator.py for tasks to queue
[2024-06-18T13:06:53.870+0530] {logging_mixin.py:188} INFO - [2024-06-18T13:06:53.869+0530] {dagbag.py:545} INFO - Filling up the DagBag from /home/kiit/airflow-env/lib/python3.8/site-packages/airflow/example_dags/example_branch_day_of_week_operator.py
[2024-06-18T13:06:53.876+0530] {processor.py:840} INFO - DAG(s) 'example_weekday_branch_operator' retrieved from /home/kiit/airflow-env/lib/python3.8/site-packages/airflow/example_dags/example_branch_day_of_week_operator.py
[2024-06-18T13:06:53.888+0530] {logging_mixin.py:188} INFO - [2024-06-18T13:06:53.888+0530] {dag.py:3096} INFO - Sync 1 DAGs
[2024-06-18T13:06:53.901+0530] {logging_mixin.py:188} INFO - [2024-06-18T13:06:53.901+0530] {dag.py:3954} INFO - Setting next_dagrun for example_weekday_branch_operator to 2024-06-17 00:00:00+00:00, run_after=2024-06-18 00:00:00+00:00
[2024-06-18T13:06:53.923+0530] {processor.py:183} INFO - Processing /home/kiit/airflow-env/lib/python3.8/site-packages/airflow/example_dags/example_branch_day_of_week_operator.py took 0.061 seconds
[2024-06-18T13:07:49.546+0530] {processor.py:161} INFO - Started process (PID=25494) to work on /home/kiit/airflow-env/lib/python3.8/site-packages/airflow/example_dags/example_branch_day_of_week_operator.py
[2024-06-18T13:07:49.551+0530] {processor.py:830} INFO - Processing file /home/kiit/airflow-env/lib/python3.8/site-packages/airflow/example_dags/example_branch_day_of_week_operator.py for tasks to queue
[2024-06-18T13:07:49.566+0530] {logging_mixin.py:188} INFO - [2024-06-18T13:07:49.564+0530] {dagbag.py:545} INFO - Filling up the DagBag from /home/kiit/airflow-env/lib/python3.8/site-packages/airflow/example_dags/example_branch_day_of_week_operator.py
[2024-06-18T13:07:50.094+0530] {processor.py:840} INFO - DAG(s) 'example_weekday_branch_operator' retrieved from /home/kiit/airflow-env/lib/python3.8/site-packages/airflow/example_dags/example_branch_day_of_week_operator.py
[2024-06-18T13:07:50.157+0530] {logging_mixin.py:188} INFO - [2024-06-18T13:07:50.156+0530] {dag.py:3096} INFO - Sync 1 DAGs
[2024-06-18T13:07:50.230+0530] {logging_mixin.py:188} INFO - [2024-06-18T13:07:50.229+0530] {dag.py:3954} INFO - Setting next_dagrun for example_weekday_branch_operator to 2024-06-17 00:00:00+00:00, run_after=2024-06-18 00:00:00+00:00
[2024-06-18T13:07:50.307+0530] {processor.py:183} INFO - Processing /home/kiit/airflow-env/lib/python3.8/site-packages/airflow/example_dags/example_branch_day_of_week_operator.py took 0.797 seconds
[2024-06-18T13:08:47.645+0530] {processor.py:161} INFO - Started process (PID=25553) to work on /home/kiit/airflow-env/lib/python3.8/site-packages/airflow/example_dags/example_branch_day_of_week_operator.py
[2024-06-18T13:08:47.652+0530] {processor.py:830} INFO - Processing file /home/kiit/airflow-env/lib/python3.8/site-packages/airflow/example_dags/example_branch_day_of_week_operator.py for tasks to queue
[2024-06-18T13:08:47.653+0530] {logging_mixin.py:188} INFO - [2024-06-18T13:08:47.653+0530] {dagbag.py:545} INFO - Filling up the DagBag from /home/kiit/airflow-env/lib/python3.8/site-packages/airflow/example_dags/example_branch_day_of_week_operator.py
[2024-06-18T13:08:47.658+0530] {processor.py:840} INFO - DAG(s) 'example_weekday_branch_operator' retrieved from /home/kiit/airflow-env/lib/python3.8/site-packages/airflow/example_dags/example_branch_day_of_week_operator.py
[2024-06-18T13:08:47.672+0530] {logging_mixin.py:188} INFO - [2024-06-18T13:08:47.672+0530] {dag.py:3096} INFO - Sync 1 DAGs
[2024-06-18T13:08:47.685+0530] {logging_mixin.py:188} INFO - [2024-06-18T13:08:47.684+0530] {dag.py:3954} INFO - Setting next_dagrun for example_weekday_branch_operator to 2024-06-17 00:00:00+00:00, run_after=2024-06-18 00:00:00+00:00
[2024-06-18T13:08:47.702+0530] {processor.py:183} INFO - Processing /home/kiit/airflow-env/lib/python3.8/site-packages/airflow/example_dags/example_branch_day_of_week_operator.py took 0.061 seconds
[2024-06-18T13:09:38.109+0530] {processor.py:161} INFO - Started process (PID=25623) to work on /home/kiit/airflow-env/lib/python3.8/site-packages/airflow/example_dags/example_branch_day_of_week_operator.py
[2024-06-18T13:09:38.110+0530] {processor.py:830} INFO - Processing file /home/kiit/airflow-env/lib/python3.8/site-packages/airflow/example_dags/example_branch_day_of_week_operator.py for tasks to queue
[2024-06-18T13:09:38.112+0530] {logging_mixin.py:188} INFO - [2024-06-18T13:09:38.111+0530] {dagbag.py:545} INFO - Filling up the DagBag from /home/kiit/airflow-env/lib/python3.8/site-packages/airflow/example_dags/example_branch_day_of_week_operator.py
[2024-06-18T13:09:38.117+0530] {processor.py:840} INFO - DAG(s) 'example_weekday_branch_operator' retrieved from /home/kiit/airflow-env/lib/python3.8/site-packages/airflow/example_dags/example_branch_day_of_week_operator.py
[2024-06-18T13:09:38.131+0530] {logging_mixin.py:188} INFO - [2024-06-18T13:09:38.131+0530] {dag.py:3096} INFO - Sync 1 DAGs
[2024-06-18T13:09:38.145+0530] {logging_mixin.py:188} INFO - [2024-06-18T13:09:38.145+0530] {dag.py:3954} INFO - Setting next_dagrun for example_weekday_branch_operator to 2024-06-17 00:00:00+00:00, run_after=2024-06-18 00:00:00+00:00
[2024-06-18T13:09:38.165+0530] {processor.py:183} INFO - Processing /home/kiit/airflow-env/lib/python3.8/site-packages/airflow/example_dags/example_branch_day_of_week_operator.py took 0.061 seconds
[2024-06-18T13:10:22.400+0530] {processor.py:161} INFO - Started process (PID=25670) to work on /home/kiit/airflow-env/lib/python3.8/site-packages/airflow/example_dags/example_branch_day_of_week_operator.py
[2024-06-18T13:10:22.401+0530] {processor.py:830} INFO - Processing file /home/kiit/airflow-env/lib/python3.8/site-packages/airflow/example_dags/example_branch_day_of_week_operator.py for tasks to queue
[2024-06-18T13:10:22.403+0530] {logging_mixin.py:188} INFO - [2024-06-18T13:10:22.402+0530] {dagbag.py:545} INFO - Filling up the DagBag from /home/kiit/airflow-env/lib/python3.8/site-packages/airflow/example_dags/example_branch_day_of_week_operator.py
[2024-06-18T13:10:22.412+0530] {processor.py:840} INFO - DAG(s) 'example_weekday_branch_operator' retrieved from /home/kiit/airflow-env/lib/python3.8/site-packages/airflow/example_dags/example_branch_day_of_week_operator.py
[2024-06-18T13:10:22.429+0530] {logging_mixin.py:188} INFO - [2024-06-18T13:10:22.429+0530] {dag.py:3096} INFO - Sync 1 DAGs
[2024-06-18T13:10:22.445+0530] {logging_mixin.py:188} INFO - [2024-06-18T13:10:22.445+0530] {dag.py:3954} INFO - Setting next_dagrun for example_weekday_branch_operator to 2024-06-17 00:00:00+00:00, run_after=2024-06-18 00:00:00+00:00
[2024-06-18T13:10:22.467+0530] {processor.py:183} INFO - Processing /home/kiit/airflow-env/lib/python3.8/site-packages/airflow/example_dags/example_branch_day_of_week_operator.py took 0.074 seconds
[2024-06-18T13:11:15.217+0530] {processor.py:161} INFO - Started process (PID=25728) to work on /home/kiit/airflow-env/lib/python3.8/site-packages/airflow/example_dags/example_branch_day_of_week_operator.py
[2024-06-18T13:11:15.220+0530] {processor.py:830} INFO - Processing file /home/kiit/airflow-env/lib/python3.8/site-packages/airflow/example_dags/example_branch_day_of_week_operator.py for tasks to queue
[2024-06-18T13:11:15.221+0530] {logging_mixin.py:188} INFO - [2024-06-18T13:11:15.221+0530] {dagbag.py:545} INFO - Filling up the DagBag from /home/kiit/airflow-env/lib/python3.8/site-packages/airflow/example_dags/example_branch_day_of_week_operator.py
[2024-06-18T13:11:15.230+0530] {processor.py:840} INFO - DAG(s) 'example_weekday_branch_operator' retrieved from /home/kiit/airflow-env/lib/python3.8/site-packages/airflow/example_dags/example_branch_day_of_week_operator.py
[2024-06-18T13:11:15.247+0530] {logging_mixin.py:188} INFO - [2024-06-18T13:11:15.247+0530] {dag.py:3096} INFO - Sync 1 DAGs
[2024-06-18T13:11:15.265+0530] {logging_mixin.py:188} INFO - [2024-06-18T13:11:15.264+0530] {dag.py:3954} INFO - Setting next_dagrun for example_weekday_branch_operator to 2024-06-17 00:00:00+00:00, run_after=2024-06-18 00:00:00+00:00
[2024-06-18T13:11:15.286+0530] {processor.py:183} INFO - Processing /home/kiit/airflow-env/lib/python3.8/site-packages/airflow/example_dags/example_branch_day_of_week_operator.py took 0.078 seconds
[2024-06-18T13:11:58.522+0530] {processor.py:161} INFO - Started process (PID=25780) to work on /home/kiit/airflow-env/lib/python3.8/site-packages/airflow/example_dags/example_branch_day_of_week_operator.py
[2024-06-18T13:11:58.523+0530] {processor.py:830} INFO - Processing file /home/kiit/airflow-env/lib/python3.8/site-packages/airflow/example_dags/example_branch_day_of_week_operator.py for tasks to queue
[2024-06-18T13:11:58.525+0530] {logging_mixin.py:188} INFO - [2024-06-18T13:11:58.525+0530] {dagbag.py:545} INFO - Filling up the DagBag from /home/kiit/airflow-env/lib/python3.8/site-packages/airflow/example_dags/example_branch_day_of_week_operator.py
[2024-06-18T13:11:58.533+0530] {processor.py:840} INFO - DAG(s) 'example_weekday_branch_operator' retrieved from /home/kiit/airflow-env/lib/python3.8/site-packages/airflow/example_dags/example_branch_day_of_week_operator.py
[2024-06-18T13:11:58.550+0530] {logging_mixin.py:188} INFO - [2024-06-18T13:11:58.550+0530] {dag.py:3096} INFO - Sync 1 DAGs
[2024-06-18T13:11:58.573+0530] {logging_mixin.py:188} INFO - [2024-06-18T13:11:58.573+0530] {dag.py:3954} INFO - Setting next_dagrun for example_weekday_branch_operator to 2024-06-17 00:00:00+00:00, run_after=2024-06-18 00:00:00+00:00
[2024-06-18T13:11:58.600+0530] {processor.py:183} INFO - Processing /home/kiit/airflow-env/lib/python3.8/site-packages/airflow/example_dags/example_branch_day_of_week_operator.py took 0.084 seconds
[2024-06-18T13:12:58.046+0530] {processor.py:161} INFO - Started process (PID=25849) to work on /home/kiit/airflow-env/lib/python3.8/site-packages/airflow/example_dags/example_branch_day_of_week_operator.py
[2024-06-18T13:12:58.047+0530] {processor.py:830} INFO - Processing file /home/kiit/airflow-env/lib/python3.8/site-packages/airflow/example_dags/example_branch_day_of_week_operator.py for tasks to queue
[2024-06-18T13:12:58.049+0530] {logging_mixin.py:188} INFO - [2024-06-18T13:12:58.049+0530] {dagbag.py:545} INFO - Filling up the DagBag from /home/kiit/airflow-env/lib/python3.8/site-packages/airflow/example_dags/example_branch_day_of_week_operator.py
[2024-06-18T13:12:58.058+0530] {processor.py:840} INFO - DAG(s) 'example_weekday_branch_operator' retrieved from /home/kiit/airflow-env/lib/python3.8/site-packages/airflow/example_dags/example_branch_day_of_week_operator.py
[2024-06-18T13:12:58.071+0530] {logging_mixin.py:188} INFO - [2024-06-18T13:12:58.071+0530] {dag.py:3096} INFO - Sync 1 DAGs
[2024-06-18T13:12:58.088+0530] {logging_mixin.py:188} INFO - [2024-06-18T13:12:58.088+0530] {dag.py:3954} INFO - Setting next_dagrun for example_weekday_branch_operator to 2024-06-17 00:00:00+00:00, run_after=2024-06-18 00:00:00+00:00
[2024-06-18T13:12:58.105+0530] {processor.py:183} INFO - Processing /home/kiit/airflow-env/lib/python3.8/site-packages/airflow/example_dags/example_branch_day_of_week_operator.py took 0.065 seconds
[2024-06-18T13:13:56.111+0530] {processor.py:161} INFO - Started process (PID=25923) to work on /home/kiit/airflow-env/lib/python3.8/site-packages/airflow/example_dags/example_branch_day_of_week_operator.py
[2024-06-18T13:13:56.112+0530] {processor.py:830} INFO - Processing file /home/kiit/airflow-env/lib/python3.8/site-packages/airflow/example_dags/example_branch_day_of_week_operator.py for tasks to queue
[2024-06-18T13:13:56.113+0530] {logging_mixin.py:188} INFO - [2024-06-18T13:13:56.113+0530] {dagbag.py:545} INFO - Filling up the DagBag from /home/kiit/airflow-env/lib/python3.8/site-packages/airflow/example_dags/example_branch_day_of_week_operator.py
[2024-06-18T13:13:56.120+0530] {processor.py:840} INFO - DAG(s) 'example_weekday_branch_operator' retrieved from /home/kiit/airflow-env/lib/python3.8/site-packages/airflow/example_dags/example_branch_day_of_week_operator.py
[2024-06-18T13:13:56.132+0530] {logging_mixin.py:188} INFO - [2024-06-18T13:13:56.132+0530] {dag.py:3096} INFO - Sync 1 DAGs
[2024-06-18T13:13:56.146+0530] {logging_mixin.py:188} INFO - [2024-06-18T13:13:56.146+0530] {dag.py:3954} INFO - Setting next_dagrun for example_weekday_branch_operator to 2024-06-17 00:00:00+00:00, run_after=2024-06-18 00:00:00+00:00
[2024-06-18T13:13:56.165+0530] {processor.py:183} INFO - Processing /home/kiit/airflow-env/lib/python3.8/site-packages/airflow/example_dags/example_branch_day_of_week_operator.py took 0.060 seconds
[2024-06-18T13:14:53.222+0530] {processor.py:161} INFO - Started process (PID=25990) to work on /home/kiit/airflow-env/lib/python3.8/site-packages/airflow/example_dags/example_branch_day_of_week_operator.py
[2024-06-18T13:14:53.223+0530] {processor.py:830} INFO - Processing file /home/kiit/airflow-env/lib/python3.8/site-packages/airflow/example_dags/example_branch_day_of_week_operator.py for tasks to queue
[2024-06-18T13:14:53.224+0530] {logging_mixin.py:188} INFO - [2024-06-18T13:14:53.224+0530] {dagbag.py:545} INFO - Filling up the DagBag from /home/kiit/airflow-env/lib/python3.8/site-packages/airflow/example_dags/example_branch_day_of_week_operator.py
[2024-06-18T13:14:53.233+0530] {processor.py:840} INFO - DAG(s) 'example_weekday_branch_operator' retrieved from /home/kiit/airflow-env/lib/python3.8/site-packages/airflow/example_dags/example_branch_day_of_week_operator.py
[2024-06-18T13:14:53.246+0530] {logging_mixin.py:188} INFO - [2024-06-18T13:14:53.246+0530] {dag.py:3096} INFO - Sync 1 DAGs
[2024-06-18T13:14:53.262+0530] {logging_mixin.py:188} INFO - [2024-06-18T13:14:53.262+0530] {dag.py:3954} INFO - Setting next_dagrun for example_weekday_branch_operator to 2024-06-17 00:00:00+00:00, run_after=2024-06-18 00:00:00+00:00
[2024-06-18T13:14:53.284+0530] {processor.py:183} INFO - Processing /home/kiit/airflow-env/lib/python3.8/site-packages/airflow/example_dags/example_branch_day_of_week_operator.py took 0.067 seconds
[2024-06-18T13:15:36.655+0530] {processor.py:161} INFO - Started process (PID=26041) to work on /home/kiit/airflow-env/lib/python3.8/site-packages/airflow/example_dags/example_branch_day_of_week_operator.py
[2024-06-18T13:15:36.657+0530] {processor.py:830} INFO - Processing file /home/kiit/airflow-env/lib/python3.8/site-packages/airflow/example_dags/example_branch_day_of_week_operator.py for tasks to queue
[2024-06-18T13:15:36.659+0530] {logging_mixin.py:188} INFO - [2024-06-18T13:15:36.659+0530] {dagbag.py:545} INFO - Filling up the DagBag from /home/kiit/airflow-env/lib/python3.8/site-packages/airflow/example_dags/example_branch_day_of_week_operator.py
[2024-06-18T13:15:36.670+0530] {processor.py:840} INFO - DAG(s) 'example_weekday_branch_operator' retrieved from /home/kiit/airflow-env/lib/python3.8/site-packages/airflow/example_dags/example_branch_day_of_week_operator.py
[2024-06-18T13:15:36.685+0530] {logging_mixin.py:188} INFO - [2024-06-18T13:15:36.685+0530] {dag.py:3096} INFO - Sync 1 DAGs
[2024-06-18T13:15:36.701+0530] {logging_mixin.py:188} INFO - [2024-06-18T13:15:36.701+0530] {dag.py:3954} INFO - Setting next_dagrun for example_weekday_branch_operator to 2024-06-17 00:00:00+00:00, run_after=2024-06-18 00:00:00+00:00
[2024-06-18T13:15:36.721+0530] {processor.py:183} INFO - Processing /home/kiit/airflow-env/lib/python3.8/site-packages/airflow/example_dags/example_branch_day_of_week_operator.py took 0.075 seconds
[2024-06-18T13:16:35.689+0530] {processor.py:161} INFO - Started process (PID=26115) to work on /home/kiit/airflow-env/lib/python3.8/site-packages/airflow/example_dags/example_branch_day_of_week_operator.py
[2024-06-18T13:16:35.690+0530] {processor.py:830} INFO - Processing file /home/kiit/airflow-env/lib/python3.8/site-packages/airflow/example_dags/example_branch_day_of_week_operator.py for tasks to queue
[2024-06-18T13:16:35.691+0530] {logging_mixin.py:188} INFO - [2024-06-18T13:16:35.691+0530] {dagbag.py:545} INFO - Filling up the DagBag from /home/kiit/airflow-env/lib/python3.8/site-packages/airflow/example_dags/example_branch_day_of_week_operator.py
[2024-06-18T13:16:35.698+0530] {processor.py:840} INFO - DAG(s) 'example_weekday_branch_operator' retrieved from /home/kiit/airflow-env/lib/python3.8/site-packages/airflow/example_dags/example_branch_day_of_week_operator.py
[2024-06-18T13:16:35.709+0530] {logging_mixin.py:188} INFO - [2024-06-18T13:16:35.709+0530] {dag.py:3096} INFO - Sync 1 DAGs
[2024-06-18T13:16:35.722+0530] {logging_mixin.py:188} INFO - [2024-06-18T13:16:35.722+0530] {dag.py:3954} INFO - Setting next_dagrun for example_weekday_branch_operator to 2024-06-17 00:00:00+00:00, run_after=2024-06-18 00:00:00+00:00
[2024-06-18T13:16:35.741+0530] {processor.py:183} INFO - Processing /home/kiit/airflow-env/lib/python3.8/site-packages/airflow/example_dags/example_branch_day_of_week_operator.py took 0.057 seconds
[2024-06-18T13:17:32.871+0530] {processor.py:161} INFO - Started process (PID=26182) to work on /home/kiit/airflow-env/lib/python3.8/site-packages/airflow/example_dags/example_branch_day_of_week_operator.py
[2024-06-18T13:17:32.872+0530] {processor.py:830} INFO - Processing file /home/kiit/airflow-env/lib/python3.8/site-packages/airflow/example_dags/example_branch_day_of_week_operator.py for tasks to queue
[2024-06-18T13:17:32.874+0530] {logging_mixin.py:188} INFO - [2024-06-18T13:17:32.874+0530] {dagbag.py:545} INFO - Filling up the DagBag from /home/kiit/airflow-env/lib/python3.8/site-packages/airflow/example_dags/example_branch_day_of_week_operator.py
[2024-06-18T13:17:32.881+0530] {processor.py:840} INFO - DAG(s) 'example_weekday_branch_operator' retrieved from /home/kiit/airflow-env/lib/python3.8/site-packages/airflow/example_dags/example_branch_day_of_week_operator.py
[2024-06-18T13:17:32.894+0530] {logging_mixin.py:188} INFO - [2024-06-18T13:17:32.893+0530] {dag.py:3096} INFO - Sync 1 DAGs
[2024-06-18T13:17:32.908+0530] {logging_mixin.py:188} INFO - [2024-06-18T13:17:32.908+0530] {dag.py:3954} INFO - Setting next_dagrun for example_weekday_branch_operator to 2024-06-17 00:00:00+00:00, run_after=2024-06-18 00:00:00+00:00
[2024-06-18T13:17:32.925+0530] {processor.py:183} INFO - Processing /home/kiit/airflow-env/lib/python3.8/site-packages/airflow/example_dags/example_branch_day_of_week_operator.py took 0.058 seconds
[2024-06-18T13:18:38.050+0530] {processor.py:161} INFO - Started process (PID=26260) to work on /home/kiit/airflow-env/lib/python3.8/site-packages/airflow/example_dags/example_branch_day_of_week_operator.py
[2024-06-18T13:18:38.051+0530] {processor.py:830} INFO - Processing file /home/kiit/airflow-env/lib/python3.8/site-packages/airflow/example_dags/example_branch_day_of_week_operator.py for tasks to queue
[2024-06-18T13:18:38.052+0530] {logging_mixin.py:188} INFO - [2024-06-18T13:18:38.052+0530] {dagbag.py:545} INFO - Filling up the DagBag from /home/kiit/airflow-env/lib/python3.8/site-packages/airflow/example_dags/example_branch_day_of_week_operator.py
[2024-06-18T13:18:38.058+0530] {processor.py:840} INFO - DAG(s) 'example_weekday_branch_operator' retrieved from /home/kiit/airflow-env/lib/python3.8/site-packages/airflow/example_dags/example_branch_day_of_week_operator.py
[2024-06-18T13:18:38.070+0530] {logging_mixin.py:188} INFO - [2024-06-18T13:18:38.070+0530] {dag.py:3096} INFO - Sync 1 DAGs
[2024-06-18T13:18:38.086+0530] {logging_mixin.py:188} INFO - [2024-06-18T13:18:38.086+0530] {dag.py:3954} INFO - Setting next_dagrun for example_weekday_branch_operator to 2024-06-17 00:00:00+00:00, run_after=2024-06-18 00:00:00+00:00
[2024-06-18T13:18:38.105+0530] {processor.py:183} INFO - Processing /home/kiit/airflow-env/lib/python3.8/site-packages/airflow/example_dags/example_branch_day_of_week_operator.py took 0.060 seconds
[2024-06-18T13:19:37.753+0530] {processor.py:161} INFO - Started process (PID=26329) to work on /home/kiit/airflow-env/lib/python3.8/site-packages/airflow/example_dags/example_branch_day_of_week_operator.py
[2024-06-18T13:19:37.760+0530] {processor.py:830} INFO - Processing file /home/kiit/airflow-env/lib/python3.8/site-packages/airflow/example_dags/example_branch_day_of_week_operator.py for tasks to queue
[2024-06-18T13:19:37.761+0530] {logging_mixin.py:188} INFO - [2024-06-18T13:19:37.761+0530] {dagbag.py:545} INFO - Filling up the DagBag from /home/kiit/airflow-env/lib/python3.8/site-packages/airflow/example_dags/example_branch_day_of_week_operator.py
[2024-06-18T13:19:37.769+0530] {processor.py:840} INFO - DAG(s) 'example_weekday_branch_operator' retrieved from /home/kiit/airflow-env/lib/python3.8/site-packages/airflow/example_dags/example_branch_day_of_week_operator.py
[2024-06-18T13:19:37.784+0530] {logging_mixin.py:188} INFO - [2024-06-18T13:19:37.784+0530] {dag.py:3096} INFO - Sync 1 DAGs
[2024-06-18T13:19:37.799+0530] {logging_mixin.py:188} INFO - [2024-06-18T13:19:37.799+0530] {dag.py:3954} INFO - Setting next_dagrun for example_weekday_branch_operator to 2024-06-17 00:00:00+00:00, run_after=2024-06-18 00:00:00+00:00
[2024-06-18T13:19:37.815+0530] {processor.py:183} INFO - Processing /home/kiit/airflow-env/lib/python3.8/site-packages/airflow/example_dags/example_branch_day_of_week_operator.py took 0.067 seconds
[2024-06-18T13:20:34.772+0530] {processor.py:161} INFO - Started process (PID=26403) to work on /home/kiit/airflow-env/lib/python3.8/site-packages/airflow/example_dags/example_branch_day_of_week_operator.py
[2024-06-18T13:20:34.773+0530] {processor.py:830} INFO - Processing file /home/kiit/airflow-env/lib/python3.8/site-packages/airflow/example_dags/example_branch_day_of_week_operator.py for tasks to queue
[2024-06-18T13:20:34.774+0530] {logging_mixin.py:188} INFO - [2024-06-18T13:20:34.773+0530] {dagbag.py:545} INFO - Filling up the DagBag from /home/kiit/airflow-env/lib/python3.8/site-packages/airflow/example_dags/example_branch_day_of_week_operator.py
[2024-06-18T13:20:34.779+0530] {processor.py:840} INFO - DAG(s) 'example_weekday_branch_operator' retrieved from /home/kiit/airflow-env/lib/python3.8/site-packages/airflow/example_dags/example_branch_day_of_week_operator.py
[2024-06-18T13:20:34.789+0530] {logging_mixin.py:188} INFO - [2024-06-18T13:20:34.789+0530] {dag.py:3096} INFO - Sync 1 DAGs
[2024-06-18T13:20:34.804+0530] {logging_mixin.py:188} INFO - [2024-06-18T13:20:34.803+0530] {dag.py:3954} INFO - Setting next_dagrun for example_weekday_branch_operator to 2024-06-17 00:00:00+00:00, run_after=2024-06-18 00:00:00+00:00
[2024-06-18T13:20:34.822+0530] {processor.py:183} INFO - Processing /home/kiit/airflow-env/lib/python3.8/site-packages/airflow/example_dags/example_branch_day_of_week_operator.py took 0.055 seconds
[2024-06-18T13:21:32.450+0530] {processor.py:161} INFO - Started process (PID=26470) to work on /home/kiit/airflow-env/lib/python3.8/site-packages/airflow/example_dags/example_branch_day_of_week_operator.py
[2024-06-18T13:21:32.457+0530] {processor.py:830} INFO - Processing file /home/kiit/airflow-env/lib/python3.8/site-packages/airflow/example_dags/example_branch_day_of_week_operator.py for tasks to queue
[2024-06-18T13:21:32.458+0530] {logging_mixin.py:188} INFO - [2024-06-18T13:21:32.458+0530] {dagbag.py:545} INFO - Filling up the DagBag from /home/kiit/airflow-env/lib/python3.8/site-packages/airflow/example_dags/example_branch_day_of_week_operator.py
[2024-06-18T13:21:32.464+0530] {processor.py:840} INFO - DAG(s) 'example_weekday_branch_operator' retrieved from /home/kiit/airflow-env/lib/python3.8/site-packages/airflow/example_dags/example_branch_day_of_week_operator.py
[2024-06-18T13:21:32.477+0530] {logging_mixin.py:188} INFO - [2024-06-18T13:21:32.477+0530] {dag.py:3096} INFO - Sync 1 DAGs
[2024-06-18T13:21:32.491+0530] {logging_mixin.py:188} INFO - [2024-06-18T13:21:32.491+0530] {dag.py:3954} INFO - Setting next_dagrun for example_weekday_branch_operator to 2024-06-17 00:00:00+00:00, run_after=2024-06-18 00:00:00+00:00
[2024-06-18T13:21:32.512+0530] {processor.py:183} INFO - Processing /home/kiit/airflow-env/lib/python3.8/site-packages/airflow/example_dags/example_branch_day_of_week_operator.py took 0.067 seconds
[2024-06-18T13:22:30.494+0530] {processor.py:161} INFO - Started process (PID=26544) to work on /home/kiit/airflow-env/lib/python3.8/site-packages/airflow/example_dags/example_branch_day_of_week_operator.py
[2024-06-18T13:22:30.496+0530] {processor.py:830} INFO - Processing file /home/kiit/airflow-env/lib/python3.8/site-packages/airflow/example_dags/example_branch_day_of_week_operator.py for tasks to queue
[2024-06-18T13:22:30.498+0530] {logging_mixin.py:188} INFO - [2024-06-18T13:22:30.497+0530] {dagbag.py:545} INFO - Filling up the DagBag from /home/kiit/airflow-env/lib/python3.8/site-packages/airflow/example_dags/example_branch_day_of_week_operator.py
[2024-06-18T13:22:30.505+0530] {processor.py:840} INFO - DAG(s) 'example_weekday_branch_operator' retrieved from /home/kiit/airflow-env/lib/python3.8/site-packages/airflow/example_dags/example_branch_day_of_week_operator.py
[2024-06-18T13:22:30.524+0530] {logging_mixin.py:188} INFO - [2024-06-18T13:22:30.523+0530] {dag.py:3096} INFO - Sync 1 DAGs
[2024-06-18T13:22:30.544+0530] {logging_mixin.py:188} INFO - [2024-06-18T13:22:30.543+0530] {dag.py:3954} INFO - Setting next_dagrun for example_weekday_branch_operator to 2024-06-17 00:00:00+00:00, run_after=2024-06-18 00:00:00+00:00
[2024-06-18T13:22:30.565+0530] {processor.py:183} INFO - Processing /home/kiit/airflow-env/lib/python3.8/site-packages/airflow/example_dags/example_branch_day_of_week_operator.py took 0.077 seconds
[2024-06-18T13:23:25.273+0530] {processor.py:161} INFO - Started process (PID=26609) to work on /home/kiit/airflow-env/lib/python3.8/site-packages/airflow/example_dags/example_branch_day_of_week_operator.py
[2024-06-18T13:23:25.274+0530] {processor.py:830} INFO - Processing file /home/kiit/airflow-env/lib/python3.8/site-packages/airflow/example_dags/example_branch_day_of_week_operator.py for tasks to queue
[2024-06-18T13:23:25.275+0530] {logging_mixin.py:188} INFO - [2024-06-18T13:23:25.275+0530] {dagbag.py:545} INFO - Filling up the DagBag from /home/kiit/airflow-env/lib/python3.8/site-packages/airflow/example_dags/example_branch_day_of_week_operator.py
[2024-06-18T13:23:25.281+0530] {processor.py:840} INFO - DAG(s) 'example_weekday_branch_operator' retrieved from /home/kiit/airflow-env/lib/python3.8/site-packages/airflow/example_dags/example_branch_day_of_week_operator.py
[2024-06-18T13:23:25.293+0530] {logging_mixin.py:188} INFO - [2024-06-18T13:23:25.293+0530] {dag.py:3096} INFO - Sync 1 DAGs
[2024-06-18T13:23:25.311+0530] {logging_mixin.py:188} INFO - [2024-06-18T13:23:25.310+0530] {dag.py:3954} INFO - Setting next_dagrun for example_weekday_branch_operator to 2024-06-17 00:00:00+00:00, run_after=2024-06-18 00:00:00+00:00
[2024-06-18T13:23:25.329+0530] {processor.py:183} INFO - Processing /home/kiit/airflow-env/lib/python3.8/site-packages/airflow/example_dags/example_branch_day_of_week_operator.py took 0.061 seconds
[2024-06-18T13:24:25.408+0530] {processor.py:161} INFO - Started process (PID=26684) to work on /home/kiit/airflow-env/lib/python3.8/site-packages/airflow/example_dags/example_branch_day_of_week_operator.py
[2024-06-18T13:24:25.410+0530] {processor.py:830} INFO - Processing file /home/kiit/airflow-env/lib/python3.8/site-packages/airflow/example_dags/example_branch_day_of_week_operator.py for tasks to queue
[2024-06-18T13:24:25.413+0530] {logging_mixin.py:188} INFO - [2024-06-18T13:24:25.413+0530] {dagbag.py:545} INFO - Filling up the DagBag from /home/kiit/airflow-env/lib/python3.8/site-packages/airflow/example_dags/example_branch_day_of_week_operator.py
[2024-06-18T13:24:25.423+0530] {processor.py:840} INFO - DAG(s) 'example_weekday_branch_operator' retrieved from /home/kiit/airflow-env/lib/python3.8/site-packages/airflow/example_dags/example_branch_day_of_week_operator.py
[2024-06-18T13:24:25.442+0530] {logging_mixin.py:188} INFO - [2024-06-18T13:24:25.441+0530] {dag.py:3096} INFO - Sync 1 DAGs
[2024-06-18T13:24:25.465+0530] {logging_mixin.py:188} INFO - [2024-06-18T13:24:25.465+0530] {dag.py:3954} INFO - Setting next_dagrun for example_weekday_branch_operator to 2024-06-17 00:00:00+00:00, run_after=2024-06-18 00:00:00+00:00
[2024-06-18T13:24:25.489+0530] {processor.py:183} INFO - Processing /home/kiit/airflow-env/lib/python3.8/site-packages/airflow/example_dags/example_branch_day_of_week_operator.py took 0.090 seconds
[2024-06-18T13:25:22.101+0530] {processor.py:161} INFO - Started process (PID=26756) to work on /home/kiit/airflow-env/lib/python3.8/site-packages/airflow/example_dags/example_branch_day_of_week_operator.py
[2024-06-18T13:25:22.102+0530] {processor.py:830} INFO - Processing file /home/kiit/airflow-env/lib/python3.8/site-packages/airflow/example_dags/example_branch_day_of_week_operator.py for tasks to queue
[2024-06-18T13:25:22.103+0530] {logging_mixin.py:188} INFO - [2024-06-18T13:25:22.103+0530] {dagbag.py:545} INFO - Filling up the DagBag from /home/kiit/airflow-env/lib/python3.8/site-packages/airflow/example_dags/example_branch_day_of_week_operator.py
[2024-06-18T13:25:22.109+0530] {processor.py:840} INFO - DAG(s) 'example_weekday_branch_operator' retrieved from /home/kiit/airflow-env/lib/python3.8/site-packages/airflow/example_dags/example_branch_day_of_week_operator.py
[2024-06-18T13:25:22.120+0530] {logging_mixin.py:188} INFO - [2024-06-18T13:25:22.120+0530] {dag.py:3096} INFO - Sync 1 DAGs
[2024-06-18T13:25:22.133+0530] {logging_mixin.py:188} INFO - [2024-06-18T13:25:22.133+0530] {dag.py:3954} INFO - Setting next_dagrun for example_weekday_branch_operator to 2024-06-17 00:00:00+00:00, run_after=2024-06-18 00:00:00+00:00
[2024-06-18T13:25:22.152+0530] {processor.py:183} INFO - Processing /home/kiit/airflow-env/lib/python3.8/site-packages/airflow/example_dags/example_branch_day_of_week_operator.py took 0.056 seconds
[2024-06-18T13:26:20.143+0530] {processor.py:161} INFO - Started process (PID=26829) to work on /home/kiit/airflow-env/lib/python3.8/site-packages/airflow/example_dags/example_branch_day_of_week_operator.py
[2024-06-18T13:26:20.144+0530] {processor.py:830} INFO - Processing file /home/kiit/airflow-env/lib/python3.8/site-packages/airflow/example_dags/example_branch_day_of_week_operator.py for tasks to queue
[2024-06-18T13:26:20.145+0530] {logging_mixin.py:188} INFO - [2024-06-18T13:26:20.145+0530] {dagbag.py:545} INFO - Filling up the DagBag from /home/kiit/airflow-env/lib/python3.8/site-packages/airflow/example_dags/example_branch_day_of_week_operator.py
[2024-06-18T13:26:20.151+0530] {processor.py:840} INFO - DAG(s) 'example_weekday_branch_operator' retrieved from /home/kiit/airflow-env/lib/python3.8/site-packages/airflow/example_dags/example_branch_day_of_week_operator.py
[2024-06-18T13:26:20.167+0530] {logging_mixin.py:188} INFO - [2024-06-18T13:26:20.167+0530] {dag.py:3096} INFO - Sync 1 DAGs
[2024-06-18T13:26:20.182+0530] {logging_mixin.py:188} INFO - [2024-06-18T13:26:20.182+0530] {dag.py:3954} INFO - Setting next_dagrun for example_weekday_branch_operator to 2024-06-17 00:00:00+00:00, run_after=2024-06-18 00:00:00+00:00
[2024-06-18T13:26:20.205+0530] {processor.py:183} INFO - Processing /home/kiit/airflow-env/lib/python3.8/site-packages/airflow/example_dags/example_branch_day_of_week_operator.py took 0.068 seconds
[2024-06-18T13:27:11.131+0530] {processor.py:161} INFO - Started process (PID=26880) to work on /home/kiit/airflow-env/lib/python3.8/site-packages/airflow/example_dags/example_branch_day_of_week_operator.py
[2024-06-18T13:27:11.138+0530] {processor.py:830} INFO - Processing file /home/kiit/airflow-env/lib/python3.8/site-packages/airflow/example_dags/example_branch_day_of_week_operator.py for tasks to queue
[2024-06-18T13:27:11.139+0530] {logging_mixin.py:188} INFO - [2024-06-18T13:27:11.139+0530] {dagbag.py:545} INFO - Filling up the DagBag from /home/kiit/airflow-env/lib/python3.8/site-packages/airflow/example_dags/example_branch_day_of_week_operator.py
[2024-06-18T13:27:11.149+0530] {processor.py:840} INFO - DAG(s) 'example_weekday_branch_operator' retrieved from /home/kiit/airflow-env/lib/python3.8/site-packages/airflow/example_dags/example_branch_day_of_week_operator.py
[2024-06-18T13:27:11.163+0530] {logging_mixin.py:188} INFO - [2024-06-18T13:27:11.163+0530] {dag.py:3096} INFO - Sync 1 DAGs
[2024-06-18T13:27:11.180+0530] {logging_mixin.py:188} INFO - [2024-06-18T13:27:11.180+0530] {dag.py:3954} INFO - Setting next_dagrun for example_weekday_branch_operator to 2024-06-17 00:00:00+00:00, run_after=2024-06-18 00:00:00+00:00
[2024-06-18T13:27:11.201+0530] {processor.py:183} INFO - Processing /home/kiit/airflow-env/lib/python3.8/site-packages/airflow/example_dags/example_branch_day_of_week_operator.py took 0.078 seconds
[2024-06-18T13:28:10.304+0530] {processor.py:161} INFO - Started process (PID=26936) to work on /home/kiit/airflow-env/lib/python3.8/site-packages/airflow/example_dags/example_branch_day_of_week_operator.py
[2024-06-18T13:28:10.307+0530] {processor.py:830} INFO - Processing file /home/kiit/airflow-env/lib/python3.8/site-packages/airflow/example_dags/example_branch_day_of_week_operator.py for tasks to queue
[2024-06-18T13:28:10.311+0530] {logging_mixin.py:188} INFO - [2024-06-18T13:28:10.310+0530] {dagbag.py:545} INFO - Filling up the DagBag from /home/kiit/airflow-env/lib/python3.8/site-packages/airflow/example_dags/example_branch_day_of_week_operator.py
[2024-06-18T13:28:10.340+0530] {processor.py:840} INFO - DAG(s) 'example_weekday_branch_operator' retrieved from /home/kiit/airflow-env/lib/python3.8/site-packages/airflow/example_dags/example_branch_day_of_week_operator.py
[2024-06-18T13:28:10.386+0530] {logging_mixin.py:188} INFO - [2024-06-18T13:28:10.385+0530] {dag.py:3096} INFO - Sync 1 DAGs
[2024-06-18T13:28:10.443+0530] {logging_mixin.py:188} INFO - [2024-06-18T13:28:10.443+0530] {dag.py:3954} INFO - Setting next_dagrun for example_weekday_branch_operator to 2024-06-17 00:00:00+00:00, run_after=2024-06-18 00:00:00+00:00
[2024-06-18T13:28:10.500+0530] {processor.py:183} INFO - Processing /home/kiit/airflow-env/lib/python3.8/site-packages/airflow/example_dags/example_branch_day_of_week_operator.py took 0.214 seconds
[2024-06-18T13:29:30.713+0530] {processor.py:161} INFO - Started process (PID=27013) to work on /home/kiit/airflow-env/lib/python3.8/site-packages/airflow/example_dags/example_branch_day_of_week_operator.py
[2024-06-18T13:29:30.715+0530] {processor.py:830} INFO - Processing file /home/kiit/airflow-env/lib/python3.8/site-packages/airflow/example_dags/example_branch_day_of_week_operator.py for tasks to queue
[2024-06-18T13:29:30.717+0530] {logging_mixin.py:188} INFO - [2024-06-18T13:29:30.716+0530] {dagbag.py:545} INFO - Filling up the DagBag from /home/kiit/airflow-env/lib/python3.8/site-packages/airflow/example_dags/example_branch_day_of_week_operator.py
[2024-06-18T13:29:30.726+0530] {processor.py:840} INFO - DAG(s) 'example_weekday_branch_operator' retrieved from /home/kiit/airflow-env/lib/python3.8/site-packages/airflow/example_dags/example_branch_day_of_week_operator.py
[2024-06-18T13:29:30.745+0530] {logging_mixin.py:188} INFO - [2024-06-18T13:29:30.745+0530] {dag.py:3096} INFO - Sync 1 DAGs
[2024-06-18T13:29:30.779+0530] {logging_mixin.py:188} INFO - [2024-06-18T13:29:30.778+0530] {dag.py:3954} INFO - Setting next_dagrun for example_weekday_branch_operator to 2024-06-17 00:00:00+00:00, run_after=2024-06-18 00:00:00+00:00
[2024-06-18T13:29:30.815+0530] {processor.py:183} INFO - Processing /home/kiit/airflow-env/lib/python3.8/site-packages/airflow/example_dags/example_branch_day_of_week_operator.py took 0.111 seconds
[2024-06-18T13:30:24.418+0530] {processor.py:161} INFO - Started process (PID=27079) to work on /home/kiit/airflow-env/lib/python3.8/site-packages/airflow/example_dags/example_branch_day_of_week_operator.py
[2024-06-18T13:30:24.420+0530] {processor.py:830} INFO - Processing file /home/kiit/airflow-env/lib/python3.8/site-packages/airflow/example_dags/example_branch_day_of_week_operator.py for tasks to queue
[2024-06-18T13:30:24.423+0530] {logging_mixin.py:188} INFO - [2024-06-18T13:30:24.422+0530] {dagbag.py:545} INFO - Filling up the DagBag from /home/kiit/airflow-env/lib/python3.8/site-packages/airflow/example_dags/example_branch_day_of_week_operator.py
[2024-06-18T13:30:24.433+0530] {processor.py:840} INFO - DAG(s) 'example_weekday_branch_operator' retrieved from /home/kiit/airflow-env/lib/python3.8/site-packages/airflow/example_dags/example_branch_day_of_week_operator.py
[2024-06-18T13:30:24.456+0530] {logging_mixin.py:188} INFO - [2024-06-18T13:30:24.455+0530] {dag.py:3096} INFO - Sync 1 DAGs
[2024-06-18T13:30:24.492+0530] {logging_mixin.py:188} INFO - [2024-06-18T13:30:24.491+0530] {dag.py:3954} INFO - Setting next_dagrun for example_weekday_branch_operator to 2024-06-17 00:00:00+00:00, run_after=2024-06-18 00:00:00+00:00
[2024-06-18T13:30:24.524+0530] {processor.py:183} INFO - Processing /home/kiit/airflow-env/lib/python3.8/site-packages/airflow/example_dags/example_branch_day_of_week_operator.py took 0.116 seconds
[2024-06-18T13:31:31.130+0530] {processor.py:161} INFO - Started process (PID=27159) to work on /home/kiit/airflow-env/lib/python3.8/site-packages/airflow/example_dags/example_branch_day_of_week_operator.py
[2024-06-18T13:31:31.131+0530] {processor.py:830} INFO - Processing file /home/kiit/airflow-env/lib/python3.8/site-packages/airflow/example_dags/example_branch_day_of_week_operator.py for tasks to queue
[2024-06-18T13:31:31.132+0530] {logging_mixin.py:188} INFO - [2024-06-18T13:31:31.132+0530] {dagbag.py:545} INFO - Filling up the DagBag from /home/kiit/airflow-env/lib/python3.8/site-packages/airflow/example_dags/example_branch_day_of_week_operator.py
[2024-06-18T13:31:31.139+0530] {processor.py:840} INFO - DAG(s) 'example_weekday_branch_operator' retrieved from /home/kiit/airflow-env/lib/python3.8/site-packages/airflow/example_dags/example_branch_day_of_week_operator.py
[2024-06-18T13:31:31.150+0530] {logging_mixin.py:188} INFO - [2024-06-18T13:31:31.150+0530] {dag.py:3096} INFO - Sync 1 DAGs
[2024-06-18T13:31:31.167+0530] {logging_mixin.py:188} INFO - [2024-06-18T13:31:31.167+0530] {dag.py:3954} INFO - Setting next_dagrun for example_weekday_branch_operator to 2024-06-17 00:00:00+00:00, run_after=2024-06-18 00:00:00+00:00
[2024-06-18T13:31:31.186+0530] {processor.py:183} INFO - Processing /home/kiit/airflow-env/lib/python3.8/site-packages/airflow/example_dags/example_branch_day_of_week_operator.py took 0.064 seconds
[2024-06-18T13:32:20.927+0530] {processor.py:161} INFO - Started process (PID=27580) to work on /home/kiit/airflow-env/lib/python3.8/site-packages/airflow/example_dags/example_branch_day_of_week_operator.py
[2024-06-18T13:32:20.928+0530] {processor.py:830} INFO - Processing file /home/kiit/airflow-env/lib/python3.8/site-packages/airflow/example_dags/example_branch_day_of_week_operator.py for tasks to queue
[2024-06-18T13:32:20.929+0530] {logging_mixin.py:188} INFO - [2024-06-18T13:32:20.928+0530] {dagbag.py:545} INFO - Filling up the DagBag from /home/kiit/airflow-env/lib/python3.8/site-packages/airflow/example_dags/example_branch_day_of_week_operator.py
[2024-06-18T13:32:20.934+0530] {processor.py:840} INFO - DAG(s) 'example_weekday_branch_operator' retrieved from /home/kiit/airflow-env/lib/python3.8/site-packages/airflow/example_dags/example_branch_day_of_week_operator.py
[2024-06-18T13:32:20.945+0530] {logging_mixin.py:188} INFO - [2024-06-18T13:32:20.945+0530] {dag.py:3096} INFO - Sync 1 DAGs
[2024-06-18T13:32:20.960+0530] {logging_mixin.py:188} INFO - [2024-06-18T13:32:20.960+0530] {dag.py:3954} INFO - Setting next_dagrun for example_weekday_branch_operator to 2024-06-17 00:00:00+00:00, run_after=2024-06-18 00:00:00+00:00
[2024-06-18T13:32:20.979+0530] {processor.py:183} INFO - Processing /home/kiit/airflow-env/lib/python3.8/site-packages/airflow/example_dags/example_branch_day_of_week_operator.py took 0.056 seconds
[2024-06-18T13:33:07.509+0530] {processor.py:161} INFO - Started process (PID=28380) to work on /home/kiit/airflow-env/lib/python3.8/site-packages/airflow/example_dags/example_branch_day_of_week_operator.py
[2024-06-18T13:33:07.511+0530] {processor.py:830} INFO - Processing file /home/kiit/airflow-env/lib/python3.8/site-packages/airflow/example_dags/example_branch_day_of_week_operator.py for tasks to queue
[2024-06-18T13:33:07.513+0530] {logging_mixin.py:188} INFO - [2024-06-18T13:33:07.512+0530] {dagbag.py:545} INFO - Filling up the DagBag from /home/kiit/airflow-env/lib/python3.8/site-packages/airflow/example_dags/example_branch_day_of_week_operator.py
[2024-06-18T13:33:07.526+0530] {processor.py:840} INFO - DAG(s) 'example_weekday_branch_operator' retrieved from /home/kiit/airflow-env/lib/python3.8/site-packages/airflow/example_dags/example_branch_day_of_week_operator.py
[2024-06-18T13:33:07.545+0530] {logging_mixin.py:188} INFO - [2024-06-18T13:33:07.545+0530] {dag.py:3096} INFO - Sync 1 DAGs
[2024-06-18T13:33:07.570+0530] {logging_mixin.py:188} INFO - [2024-06-18T13:33:07.570+0530] {dag.py:3954} INFO - Setting next_dagrun for example_weekday_branch_operator to 2024-06-17 00:00:00+00:00, run_after=2024-06-18 00:00:00+00:00
[2024-06-18T13:33:07.601+0530] {processor.py:183} INFO - Processing /home/kiit/airflow-env/lib/python3.8/site-packages/airflow/example_dags/example_branch_day_of_week_operator.py took 0.102 seconds
[2024-06-18T13:34:09.522+0530] {processor.py:161} INFO - Started process (PID=30428) to work on /home/kiit/airflow-env/lib/python3.8/site-packages/airflow/example_dags/example_branch_day_of_week_operator.py
[2024-06-18T13:34:09.524+0530] {processor.py:830} INFO - Processing file /home/kiit/airflow-env/lib/python3.8/site-packages/airflow/example_dags/example_branch_day_of_week_operator.py for tasks to queue
[2024-06-18T13:34:09.526+0530] {logging_mixin.py:188} INFO - [2024-06-18T13:34:09.526+0530] {dagbag.py:545} INFO - Filling up the DagBag from /home/kiit/airflow-env/lib/python3.8/site-packages/airflow/example_dags/example_branch_day_of_week_operator.py
[2024-06-18T13:34:09.533+0530] {processor.py:840} INFO - DAG(s) 'example_weekday_branch_operator' retrieved from /home/kiit/airflow-env/lib/python3.8/site-packages/airflow/example_dags/example_branch_day_of_week_operator.py
[2024-06-18T13:34:09.545+0530] {logging_mixin.py:188} INFO - [2024-06-18T13:34:09.544+0530] {dag.py:3096} INFO - Sync 1 DAGs
[2024-06-18T13:34:09.558+0530] {logging_mixin.py:188} INFO - [2024-06-18T13:34:09.557+0530] {dag.py:3954} INFO - Setting next_dagrun for example_weekday_branch_operator to 2024-06-17 00:00:00+00:00, run_after=2024-06-18 00:00:00+00:00
[2024-06-18T13:34:09.575+0530] {processor.py:183} INFO - Processing /home/kiit/airflow-env/lib/python3.8/site-packages/airflow/example_dags/example_branch_day_of_week_operator.py took 0.058 seconds
[2024-06-18T13:35:07.394+0530] {processor.py:161} INFO - Started process (PID=30503) to work on /home/kiit/airflow-env/lib/python3.8/site-packages/airflow/example_dags/example_branch_day_of_week_operator.py
[2024-06-18T13:35:07.395+0530] {processor.py:830} INFO - Processing file /home/kiit/airflow-env/lib/python3.8/site-packages/airflow/example_dags/example_branch_day_of_week_operator.py for tasks to queue
[2024-06-18T13:35:07.397+0530] {logging_mixin.py:188} INFO - [2024-06-18T13:35:07.396+0530] {dagbag.py:545} INFO - Filling up the DagBag from /home/kiit/airflow-env/lib/python3.8/site-packages/airflow/example_dags/example_branch_day_of_week_operator.py
[2024-06-18T13:35:07.403+0530] {processor.py:840} INFO - DAG(s) 'example_weekday_branch_operator' retrieved from /home/kiit/airflow-env/lib/python3.8/site-packages/airflow/example_dags/example_branch_day_of_week_operator.py
[2024-06-18T13:35:07.417+0530] {logging_mixin.py:188} INFO - [2024-06-18T13:35:07.417+0530] {dag.py:3096} INFO - Sync 1 DAGs
[2024-06-18T13:35:07.435+0530] {logging_mixin.py:188} INFO - [2024-06-18T13:35:07.434+0530] {dag.py:3954} INFO - Setting next_dagrun for example_weekday_branch_operator to 2024-06-17 00:00:00+00:00, run_after=2024-06-18 00:00:00+00:00
[2024-06-18T13:35:07.457+0530] {processor.py:183} INFO - Processing /home/kiit/airflow-env/lib/python3.8/site-packages/airflow/example_dags/example_branch_day_of_week_operator.py took 0.069 seconds
[2024-06-18T13:36:12.193+0530] {processor.py:161} INFO - Started process (PID=30574) to work on /home/kiit/airflow-env/lib/python3.8/site-packages/airflow/example_dags/example_branch_day_of_week_operator.py
[2024-06-18T13:36:12.194+0530] {processor.py:830} INFO - Processing file /home/kiit/airflow-env/lib/python3.8/site-packages/airflow/example_dags/example_branch_day_of_week_operator.py for tasks to queue
[2024-06-18T13:36:12.196+0530] {logging_mixin.py:188} INFO - [2024-06-18T13:36:12.196+0530] {dagbag.py:545} INFO - Filling up the DagBag from /home/kiit/airflow-env/lib/python3.8/site-packages/airflow/example_dags/example_branch_day_of_week_operator.py
[2024-06-18T13:36:12.206+0530] {processor.py:840} INFO - DAG(s) 'example_weekday_branch_operator' retrieved from /home/kiit/airflow-env/lib/python3.8/site-packages/airflow/example_dags/example_branch_day_of_week_operator.py
[2024-06-18T13:36:12.227+0530] {logging_mixin.py:188} INFO - [2024-06-18T13:36:12.226+0530] {dag.py:3096} INFO - Sync 1 DAGs
[2024-06-18T13:36:12.246+0530] {logging_mixin.py:188} INFO - [2024-06-18T13:36:12.246+0530] {dag.py:3954} INFO - Setting next_dagrun for example_weekday_branch_operator to 2024-06-17 00:00:00+00:00, run_after=2024-06-18 00:00:00+00:00
[2024-06-18T13:36:12.270+0530] {processor.py:183} INFO - Processing /home/kiit/airflow-env/lib/python3.8/site-packages/airflow/example_dags/example_branch_day_of_week_operator.py took 0.083 seconds
[2024-06-18T13:37:13.345+0530] {processor.py:161} INFO - Started process (PID=30651) to work on /home/kiit/airflow-env/lib/python3.8/site-packages/airflow/example_dags/example_branch_day_of_week_operator.py
[2024-06-18T13:37:13.348+0530] {processor.py:830} INFO - Processing file /home/kiit/airflow-env/lib/python3.8/site-packages/airflow/example_dags/example_branch_day_of_week_operator.py for tasks to queue
[2024-06-18T13:37:13.351+0530] {logging_mixin.py:188} INFO - [2024-06-18T13:37:13.350+0530] {dagbag.py:545} INFO - Filling up the DagBag from /home/kiit/airflow-env/lib/python3.8/site-packages/airflow/example_dags/example_branch_day_of_week_operator.py
[2024-06-18T13:37:13.363+0530] {processor.py:840} INFO - DAG(s) 'example_weekday_branch_operator' retrieved from /home/kiit/airflow-env/lib/python3.8/site-packages/airflow/example_dags/example_branch_day_of_week_operator.py
[2024-06-18T13:37:13.384+0530] {logging_mixin.py:188} INFO - [2024-06-18T13:37:13.384+0530] {dag.py:3096} INFO - Sync 1 DAGs
[2024-06-18T13:37:13.403+0530] {logging_mixin.py:188} INFO - [2024-06-18T13:37:13.403+0530] {dag.py:3954} INFO - Setting next_dagrun for example_weekday_branch_operator to 2024-06-17 00:00:00+00:00, run_after=2024-06-18 00:00:00+00:00
[2024-06-18T13:37:13.423+0530] {processor.py:183} INFO - Processing /home/kiit/airflow-env/lib/python3.8/site-packages/airflow/example_dags/example_branch_day_of_week_operator.py took 0.087 seconds
[2024-06-18T13:38:00.440+0530] {processor.py:161} INFO - Started process (PID=30702) to work on /home/kiit/airflow-env/lib/python3.8/site-packages/airflow/example_dags/example_branch_day_of_week_operator.py
[2024-06-18T13:38:00.442+0530] {processor.py:830} INFO - Processing file /home/kiit/airflow-env/lib/python3.8/site-packages/airflow/example_dags/example_branch_day_of_week_operator.py for tasks to queue
[2024-06-18T13:38:00.444+0530] {logging_mixin.py:188} INFO - [2024-06-18T13:38:00.443+0530] {dagbag.py:545} INFO - Filling up the DagBag from /home/kiit/airflow-env/lib/python3.8/site-packages/airflow/example_dags/example_branch_day_of_week_operator.py
[2024-06-18T13:38:00.457+0530] {processor.py:840} INFO - DAG(s) 'example_weekday_branch_operator' retrieved from /home/kiit/airflow-env/lib/python3.8/site-packages/airflow/example_dags/example_branch_day_of_week_operator.py
[2024-06-18T13:38:00.475+0530] {logging_mixin.py:188} INFO - [2024-06-18T13:38:00.475+0530] {dag.py:3096} INFO - Sync 1 DAGs
[2024-06-18T13:38:00.500+0530] {logging_mixin.py:188} INFO - [2024-06-18T13:38:00.499+0530] {dag.py:3954} INFO - Setting next_dagrun for example_weekday_branch_operator to 2024-06-17 00:00:00+00:00, run_after=2024-06-18 00:00:00+00:00
[2024-06-18T13:38:00.522+0530] {processor.py:183} INFO - Processing /home/kiit/airflow-env/lib/python3.8/site-packages/airflow/example_dags/example_branch_day_of_week_operator.py took 0.089 seconds
[2024-06-18T13:38:53.722+0530] {processor.py:161} INFO - Started process (PID=30758) to work on /home/kiit/airflow-env/lib/python3.8/site-packages/airflow/example_dags/example_branch_day_of_week_operator.py
[2024-06-18T13:38:53.723+0530] {processor.py:830} INFO - Processing file /home/kiit/airflow-env/lib/python3.8/site-packages/airflow/example_dags/example_branch_day_of_week_operator.py for tasks to queue
[2024-06-18T13:38:53.725+0530] {logging_mixin.py:188} INFO - [2024-06-18T13:38:53.725+0530] {dagbag.py:545} INFO - Filling up the DagBag from /home/kiit/airflow-env/lib/python3.8/site-packages/airflow/example_dags/example_branch_day_of_week_operator.py
[2024-06-18T13:38:53.733+0530] {processor.py:840} INFO - DAG(s) 'example_weekday_branch_operator' retrieved from /home/kiit/airflow-env/lib/python3.8/site-packages/airflow/example_dags/example_branch_day_of_week_operator.py
[2024-06-18T13:38:53.751+0530] {logging_mixin.py:188} INFO - [2024-06-18T13:38:53.751+0530] {dag.py:3096} INFO - Sync 1 DAGs
[2024-06-18T13:38:53.771+0530] {logging_mixin.py:188} INFO - [2024-06-18T13:38:53.771+0530] {dag.py:3954} INFO - Setting next_dagrun for example_weekday_branch_operator to 2024-06-17 00:00:00+00:00, run_after=2024-06-18 00:00:00+00:00
[2024-06-18T13:38:53.790+0530] {processor.py:183} INFO - Processing /home/kiit/airflow-env/lib/python3.8/site-packages/airflow/example_dags/example_branch_day_of_week_operator.py took 0.075 seconds
[2024-06-18T13:39:39.137+0530] {processor.py:161} INFO - Started process (PID=30813) to work on /home/kiit/airflow-env/lib/python3.8/site-packages/airflow/example_dags/example_branch_day_of_week_operator.py
[2024-06-18T13:39:39.138+0530] {processor.py:830} INFO - Processing file /home/kiit/airflow-env/lib/python3.8/site-packages/airflow/example_dags/example_branch_day_of_week_operator.py for tasks to queue
[2024-06-18T13:39:39.140+0530] {logging_mixin.py:188} INFO - [2024-06-18T13:39:39.139+0530] {dagbag.py:545} INFO - Filling up the DagBag from /home/kiit/airflow-env/lib/python3.8/site-packages/airflow/example_dags/example_branch_day_of_week_operator.py
[2024-06-18T13:39:39.147+0530] {processor.py:840} INFO - DAG(s) 'example_weekday_branch_operator' retrieved from /home/kiit/airflow-env/lib/python3.8/site-packages/airflow/example_dags/example_branch_day_of_week_operator.py
[2024-06-18T13:39:39.158+0530] {logging_mixin.py:188} INFO - [2024-06-18T13:39:39.158+0530] {dag.py:3096} INFO - Sync 1 DAGs
[2024-06-18T13:39:39.170+0530] {logging_mixin.py:188} INFO - [2024-06-18T13:39:39.170+0530] {dag.py:3954} INFO - Setting next_dagrun for example_weekday_branch_operator to 2024-06-17 00:00:00+00:00, run_after=2024-06-18 00:00:00+00:00
[2024-06-18T13:39:39.188+0530] {processor.py:183} INFO - Processing /home/kiit/airflow-env/lib/python3.8/site-packages/airflow/example_dags/example_branch_day_of_week_operator.py took 0.056 seconds
[2024-06-18T13:40:39.700+0530] {processor.py:161} INFO - Started process (PID=30948) to work on /home/kiit/airflow-env/lib/python3.8/site-packages/airflow/example_dags/example_branch_day_of_week_operator.py
[2024-06-18T13:40:39.707+0530] {processor.py:830} INFO - Processing file /home/kiit/airflow-env/lib/python3.8/site-packages/airflow/example_dags/example_branch_day_of_week_operator.py for tasks to queue
[2024-06-18T13:40:39.709+0530] {logging_mixin.py:188} INFO - [2024-06-18T13:40:39.708+0530] {dagbag.py:545} INFO - Filling up the DagBag from /home/kiit/airflow-env/lib/python3.8/site-packages/airflow/example_dags/example_branch_day_of_week_operator.py
[2024-06-18T13:40:39.718+0530] {processor.py:840} INFO - DAG(s) 'example_weekday_branch_operator' retrieved from /home/kiit/airflow-env/lib/python3.8/site-packages/airflow/example_dags/example_branch_day_of_week_operator.py
[2024-06-18T13:40:39.733+0530] {logging_mixin.py:188} INFO - [2024-06-18T13:40:39.733+0530] {dag.py:3096} INFO - Sync 1 DAGs
[2024-06-18T13:40:39.745+0530] {logging_mixin.py:188} INFO - [2024-06-18T13:40:39.745+0530] {dag.py:3954} INFO - Setting next_dagrun for example_weekday_branch_operator to 2024-06-17 00:00:00+00:00, run_after=2024-06-18 00:00:00+00:00
[2024-06-18T13:40:39.764+0530] {processor.py:183} INFO - Processing /home/kiit/airflow-env/lib/python3.8/site-packages/airflow/example_dags/example_branch_day_of_week_operator.py took 0.072 seconds
[2024-06-18T13:41:42.146+0530] {processor.py:161} INFO - Started process (PID=31025) to work on /home/kiit/airflow-env/lib/python3.8/site-packages/airflow/example_dags/example_branch_day_of_week_operator.py
[2024-06-18T13:41:42.153+0530] {processor.py:830} INFO - Processing file /home/kiit/airflow-env/lib/python3.8/site-packages/airflow/example_dags/example_branch_day_of_week_operator.py for tasks to queue
[2024-06-18T13:41:42.155+0530] {logging_mixin.py:188} INFO - [2024-06-18T13:41:42.155+0530] {dagbag.py:545} INFO - Filling up the DagBag from /home/kiit/airflow-env/lib/python3.8/site-packages/airflow/example_dags/example_branch_day_of_week_operator.py
[2024-06-18T13:41:42.162+0530] {processor.py:840} INFO - DAG(s) 'example_weekday_branch_operator' retrieved from /home/kiit/airflow-env/lib/python3.8/site-packages/airflow/example_dags/example_branch_day_of_week_operator.py
[2024-06-18T13:41:42.174+0530] {logging_mixin.py:188} INFO - [2024-06-18T13:41:42.174+0530] {dag.py:3096} INFO - Sync 1 DAGs
[2024-06-18T13:41:42.189+0530] {logging_mixin.py:188} INFO - [2024-06-18T13:41:42.189+0530] {dag.py:3954} INFO - Setting next_dagrun for example_weekday_branch_operator to 2024-06-17 00:00:00+00:00, run_after=2024-06-18 00:00:00+00:00
[2024-06-18T13:41:42.209+0530] {processor.py:183} INFO - Processing /home/kiit/airflow-env/lib/python3.8/site-packages/airflow/example_dags/example_branch_day_of_week_operator.py took 0.067 seconds
[2024-06-18T15:05:50.022+0530] {processor.py:161} INFO - Started process (PID=33623) to work on /home/kiit/airflow-env/lib/python3.8/site-packages/airflow/example_dags/example_branch_day_of_week_operator.py
[2024-06-18T15:05:50.024+0530] {processor.py:830} INFO - Processing file /home/kiit/airflow-env/lib/python3.8/site-packages/airflow/example_dags/example_branch_day_of_week_operator.py for tasks to queue
[2024-06-18T15:05:50.026+0530] {logging_mixin.py:188} INFO - [2024-06-18T15:05:50.025+0530] {dagbag.py:545} INFO - Filling up the DagBag from /home/kiit/airflow-env/lib/python3.8/site-packages/airflow/example_dags/example_branch_day_of_week_operator.py
[2024-06-18T15:05:50.036+0530] {processor.py:840} INFO - DAG(s) 'example_weekday_branch_operator' retrieved from /home/kiit/airflow-env/lib/python3.8/site-packages/airflow/example_dags/example_branch_day_of_week_operator.py
[2024-06-18T15:05:50.049+0530] {logging_mixin.py:188} INFO - [2024-06-18T15:05:50.049+0530] {dag.py:3096} INFO - Sync 1 DAGs
[2024-06-18T15:05:50.072+0530] {logging_mixin.py:188} INFO - [2024-06-18T15:05:50.072+0530] {dag.py:3954} INFO - Setting next_dagrun for example_weekday_branch_operator to 2024-06-17 00:00:00+00:00, run_after=2024-06-18 00:00:00+00:00
[2024-06-18T15:05:50.097+0530] {processor.py:183} INFO - Processing /home/kiit/airflow-env/lib/python3.8/site-packages/airflow/example_dags/example_branch_day_of_week_operator.py took 0.080 seconds
[2024-06-18T15:06:23.380+0530] {processor.py:161} INFO - Started process (PID=33682) to work on /home/kiit/airflow-env/lib/python3.8/site-packages/airflow/example_dags/example_branch_day_of_week_operator.py
[2024-06-18T15:06:23.381+0530] {processor.py:830} INFO - Processing file /home/kiit/airflow-env/lib/python3.8/site-packages/airflow/example_dags/example_branch_day_of_week_operator.py for tasks to queue
[2024-06-18T15:06:23.382+0530] {logging_mixin.py:188} INFO - [2024-06-18T15:06:23.382+0530] {dagbag.py:545} INFO - Filling up the DagBag from /home/kiit/airflow-env/lib/python3.8/site-packages/airflow/example_dags/example_branch_day_of_week_operator.py
[2024-06-18T15:06:23.391+0530] {processor.py:840} INFO - DAG(s) 'example_weekday_branch_operator' retrieved from /home/kiit/airflow-env/lib/python3.8/site-packages/airflow/example_dags/example_branch_day_of_week_operator.py
[2024-06-18T15:06:23.571+0530] {logging_mixin.py:188} INFO - [2024-06-18T15:06:23.571+0530] {dag.py:3096} INFO - Sync 1 DAGs
[2024-06-18T15:06:23.588+0530] {logging_mixin.py:188} INFO - [2024-06-18T15:06:23.588+0530] {dag.py:3954} INFO - Setting next_dagrun for example_weekday_branch_operator to 2024-06-17 00:00:00+00:00, run_after=2024-06-18 00:00:00+00:00
[2024-06-18T15:06:23.638+0530] {processor.py:183} INFO - Processing /home/kiit/airflow-env/lib/python3.8/site-packages/airflow/example_dags/example_branch_day_of_week_operator.py took 0.264 seconds
[2024-06-18T15:06:53.726+0530] {processor.py:161} INFO - Started process (PID=33741) to work on /home/kiit/airflow-env/lib/python3.8/site-packages/airflow/example_dags/example_branch_day_of_week_operator.py
[2024-06-18T15:06:53.728+0530] {processor.py:830} INFO - Processing file /home/kiit/airflow-env/lib/python3.8/site-packages/airflow/example_dags/example_branch_day_of_week_operator.py for tasks to queue
[2024-06-18T15:06:53.731+0530] {logging_mixin.py:188} INFO - [2024-06-18T15:06:53.730+0530] {dagbag.py:545} INFO - Filling up the DagBag from /home/kiit/airflow-env/lib/python3.8/site-packages/airflow/example_dags/example_branch_day_of_week_operator.py
[2024-06-18T15:06:53.740+0530] {processor.py:840} INFO - DAG(s) 'example_weekday_branch_operator' retrieved from /home/kiit/airflow-env/lib/python3.8/site-packages/airflow/example_dags/example_branch_day_of_week_operator.py
[2024-06-18T15:06:53.765+0530] {logging_mixin.py:188} INFO - [2024-06-18T15:06:53.765+0530] {dag.py:3096} INFO - Sync 1 DAGs
[2024-06-18T15:06:53.787+0530] {logging_mixin.py:188} INFO - [2024-06-18T15:06:53.786+0530] {dag.py:3954} INFO - Setting next_dagrun for example_weekday_branch_operator to 2024-06-17 00:00:00+00:00, run_after=2024-06-18 00:00:00+00:00
[2024-06-18T15:06:53.815+0530] {processor.py:183} INFO - Processing /home/kiit/airflow-env/lib/python3.8/site-packages/airflow/example_dags/example_branch_day_of_week_operator.py took 0.094 seconds
[2024-06-18T15:07:24.639+0530] {processor.py:161} INFO - Started process (PID=33800) to work on /home/kiit/airflow-env/lib/python3.8/site-packages/airflow/example_dags/example_branch_day_of_week_operator.py
[2024-06-18T15:07:24.640+0530] {processor.py:830} INFO - Processing file /home/kiit/airflow-env/lib/python3.8/site-packages/airflow/example_dags/example_branch_day_of_week_operator.py for tasks to queue
[2024-06-18T15:07:24.642+0530] {logging_mixin.py:188} INFO - [2024-06-18T15:07:24.642+0530] {dagbag.py:545} INFO - Filling up the DagBag from /home/kiit/airflow-env/lib/python3.8/site-packages/airflow/example_dags/example_branch_day_of_week_operator.py
[2024-06-18T15:07:24.650+0530] {processor.py:840} INFO - DAG(s) 'example_weekday_branch_operator' retrieved from /home/kiit/airflow-env/lib/python3.8/site-packages/airflow/example_dags/example_branch_day_of_week_operator.py
[2024-06-18T15:07:24.674+0530] {logging_mixin.py:188} INFO - [2024-06-18T15:07:24.673+0530] {dag.py:3096} INFO - Sync 1 DAGs
[2024-06-18T15:07:24.691+0530] {logging_mixin.py:188} INFO - [2024-06-18T15:07:24.691+0530] {dag.py:3954} INFO - Setting next_dagrun for example_weekday_branch_operator to 2024-06-17 00:00:00+00:00, run_after=2024-06-18 00:00:00+00:00
[2024-06-18T15:07:24.713+0530] {processor.py:183} INFO - Processing /home/kiit/airflow-env/lib/python3.8/site-packages/airflow/example_dags/example_branch_day_of_week_operator.py took 0.081 seconds
[2024-06-18T15:07:55.388+0530] {processor.py:161} INFO - Started process (PID=33859) to work on /home/kiit/airflow-env/lib/python3.8/site-packages/airflow/example_dags/example_branch_day_of_week_operator.py
[2024-06-18T15:07:55.390+0530] {processor.py:830} INFO - Processing file /home/kiit/airflow-env/lib/python3.8/site-packages/airflow/example_dags/example_branch_day_of_week_operator.py for tasks to queue
[2024-06-18T15:07:55.392+0530] {logging_mixin.py:188} INFO - [2024-06-18T15:07:55.391+0530] {dagbag.py:545} INFO - Filling up the DagBag from /home/kiit/airflow-env/lib/python3.8/site-packages/airflow/example_dags/example_branch_day_of_week_operator.py
[2024-06-18T15:07:55.402+0530] {processor.py:840} INFO - DAG(s) 'example_weekday_branch_operator' retrieved from /home/kiit/airflow-env/lib/python3.8/site-packages/airflow/example_dags/example_branch_day_of_week_operator.py
[2024-06-18T15:07:55.424+0530] {logging_mixin.py:188} INFO - [2024-06-18T15:07:55.424+0530] {dag.py:3096} INFO - Sync 1 DAGs
[2024-06-18T15:07:55.443+0530] {logging_mixin.py:188} INFO - [2024-06-18T15:07:55.442+0530] {dag.py:3954} INFO - Setting next_dagrun for example_weekday_branch_operator to 2024-06-17 00:00:00+00:00, run_after=2024-06-18 00:00:00+00:00
[2024-06-18T15:07:55.468+0530] {processor.py:183} INFO - Processing /home/kiit/airflow-env/lib/python3.8/site-packages/airflow/example_dags/example_branch_day_of_week_operator.py took 0.087 seconds
[2024-06-18T15:08:26.465+0530] {processor.py:161} INFO - Started process (PID=33918) to work on /home/kiit/airflow-env/lib/python3.8/site-packages/airflow/example_dags/example_branch_day_of_week_operator.py
[2024-06-18T15:08:26.466+0530] {processor.py:830} INFO - Processing file /home/kiit/airflow-env/lib/python3.8/site-packages/airflow/example_dags/example_branch_day_of_week_operator.py for tasks to queue
[2024-06-18T15:08:26.469+0530] {logging_mixin.py:188} INFO - [2024-06-18T15:08:26.469+0530] {dagbag.py:545} INFO - Filling up the DagBag from /home/kiit/airflow-env/lib/python3.8/site-packages/airflow/example_dags/example_branch_day_of_week_operator.py
[2024-06-18T15:08:26.481+0530] {processor.py:840} INFO - DAG(s) 'example_weekday_branch_operator' retrieved from /home/kiit/airflow-env/lib/python3.8/site-packages/airflow/example_dags/example_branch_day_of_week_operator.py
[2024-06-18T15:08:26.509+0530] {logging_mixin.py:188} INFO - [2024-06-18T15:08:26.509+0530] {dag.py:3096} INFO - Sync 1 DAGs
[2024-06-18T15:08:26.530+0530] {logging_mixin.py:188} INFO - [2024-06-18T15:08:26.530+0530] {dag.py:3954} INFO - Setting next_dagrun for example_weekday_branch_operator to 2024-06-17 00:00:00+00:00, run_after=2024-06-18 00:00:00+00:00
[2024-06-18T15:08:26.557+0530] {processor.py:183} INFO - Processing /home/kiit/airflow-env/lib/python3.8/site-packages/airflow/example_dags/example_branch_day_of_week_operator.py took 0.101 seconds
[2024-06-18T15:08:57.318+0530] {processor.py:161} INFO - Started process (PID=33978) to work on /home/kiit/airflow-env/lib/python3.8/site-packages/airflow/example_dags/example_branch_day_of_week_operator.py
[2024-06-18T15:08:57.319+0530] {processor.py:830} INFO - Processing file /home/kiit/airflow-env/lib/python3.8/site-packages/airflow/example_dags/example_branch_day_of_week_operator.py for tasks to queue
[2024-06-18T15:08:57.321+0530] {logging_mixin.py:188} INFO - [2024-06-18T15:08:57.321+0530] {dagbag.py:545} INFO - Filling up the DagBag from /home/kiit/airflow-env/lib/python3.8/site-packages/airflow/example_dags/example_branch_day_of_week_operator.py
[2024-06-18T15:08:57.330+0530] {processor.py:840} INFO - DAG(s) 'example_weekday_branch_operator' retrieved from /home/kiit/airflow-env/lib/python3.8/site-packages/airflow/example_dags/example_branch_day_of_week_operator.py
[2024-06-18T15:08:57.350+0530] {logging_mixin.py:188} INFO - [2024-06-18T15:08:57.350+0530] {dag.py:3096} INFO - Sync 1 DAGs
[2024-06-18T15:08:57.371+0530] {logging_mixin.py:188} INFO - [2024-06-18T15:08:57.370+0530] {dag.py:3954} INFO - Setting next_dagrun for example_weekday_branch_operator to 2024-06-17 00:00:00+00:00, run_after=2024-06-18 00:00:00+00:00
[2024-06-18T15:08:57.394+0530] {processor.py:183} INFO - Processing /home/kiit/airflow-env/lib/python3.8/site-packages/airflow/example_dags/example_branch_day_of_week_operator.py took 0.081 seconds
[2024-06-18T15:09:27.674+0530] {processor.py:161} INFO - Started process (PID=34038) to work on /home/kiit/airflow-env/lib/python3.8/site-packages/airflow/example_dags/example_branch_day_of_week_operator.py
[2024-06-18T15:09:27.674+0530] {processor.py:830} INFO - Processing file /home/kiit/airflow-env/lib/python3.8/site-packages/airflow/example_dags/example_branch_day_of_week_operator.py for tasks to queue
[2024-06-18T15:09:27.676+0530] {logging_mixin.py:188} INFO - [2024-06-18T15:09:27.675+0530] {dagbag.py:545} INFO - Filling up the DagBag from /home/kiit/airflow-env/lib/python3.8/site-packages/airflow/example_dags/example_branch_day_of_week_operator.py
[2024-06-18T15:09:27.682+0530] {processor.py:840} INFO - DAG(s) 'example_weekday_branch_operator' retrieved from /home/kiit/airflow-env/lib/python3.8/site-packages/airflow/example_dags/example_branch_day_of_week_operator.py
[2024-06-18T15:09:27.698+0530] {logging_mixin.py:188} INFO - [2024-06-18T15:09:27.698+0530] {dag.py:3096} INFO - Sync 1 DAGs
[2024-06-18T15:09:27.714+0530] {logging_mixin.py:188} INFO - [2024-06-18T15:09:27.713+0530] {dag.py:3954} INFO - Setting next_dagrun for example_weekday_branch_operator to 2024-06-17 00:00:00+00:00, run_after=2024-06-18 00:00:00+00:00
[2024-06-18T15:09:27.735+0530] {processor.py:183} INFO - Processing /home/kiit/airflow-env/lib/python3.8/site-packages/airflow/example_dags/example_branch_day_of_week_operator.py took 0.066 seconds
[2024-06-18T15:09:57.946+0530] {processor.py:161} INFO - Started process (PID=34097) to work on /home/kiit/airflow-env/lib/python3.8/site-packages/airflow/example_dags/example_branch_day_of_week_operator.py
[2024-06-18T15:09:57.947+0530] {processor.py:830} INFO - Processing file /home/kiit/airflow-env/lib/python3.8/site-packages/airflow/example_dags/example_branch_day_of_week_operator.py for tasks to queue
[2024-06-18T15:09:57.949+0530] {logging_mixin.py:188} INFO - [2024-06-18T15:09:57.948+0530] {dagbag.py:545} INFO - Filling up the DagBag from /home/kiit/airflow-env/lib/python3.8/site-packages/airflow/example_dags/example_branch_day_of_week_operator.py
[2024-06-18T15:09:57.956+0530] {processor.py:840} INFO - DAG(s) 'example_weekday_branch_operator' retrieved from /home/kiit/airflow-env/lib/python3.8/site-packages/airflow/example_dags/example_branch_day_of_week_operator.py
[2024-06-18T15:09:57.974+0530] {logging_mixin.py:188} INFO - [2024-06-18T15:09:57.974+0530] {dag.py:3096} INFO - Sync 1 DAGs
[2024-06-18T15:09:57.991+0530] {logging_mixin.py:188} INFO - [2024-06-18T15:09:57.991+0530] {dag.py:3954} INFO - Setting next_dagrun for example_weekday_branch_operator to 2024-06-17 00:00:00+00:00, run_after=2024-06-18 00:00:00+00:00
[2024-06-18T15:09:58.013+0530] {processor.py:183} INFO - Processing /home/kiit/airflow-env/lib/python3.8/site-packages/airflow/example_dags/example_branch_day_of_week_operator.py took 0.072 seconds
[2024-06-18T15:10:28.178+0530] {processor.py:161} INFO - Started process (PID=34157) to work on /home/kiit/airflow-env/lib/python3.8/site-packages/airflow/example_dags/example_branch_day_of_week_operator.py
[2024-06-18T15:10:28.178+0530] {processor.py:830} INFO - Processing file /home/kiit/airflow-env/lib/python3.8/site-packages/airflow/example_dags/example_branch_day_of_week_operator.py for tasks to queue
[2024-06-18T15:10:28.180+0530] {logging_mixin.py:188} INFO - [2024-06-18T15:10:28.180+0530] {dagbag.py:545} INFO - Filling up the DagBag from /home/kiit/airflow-env/lib/python3.8/site-packages/airflow/example_dags/example_branch_day_of_week_operator.py
[2024-06-18T15:10:28.189+0530] {processor.py:840} INFO - DAG(s) 'example_weekday_branch_operator' retrieved from /home/kiit/airflow-env/lib/python3.8/site-packages/airflow/example_dags/example_branch_day_of_week_operator.py
[2024-06-18T15:10:28.209+0530] {logging_mixin.py:188} INFO - [2024-06-18T15:10:28.208+0530] {dag.py:3096} INFO - Sync 1 DAGs
[2024-06-18T15:10:28.229+0530] {logging_mixin.py:188} INFO - [2024-06-18T15:10:28.228+0530] {dag.py:3954} INFO - Setting next_dagrun for example_weekday_branch_operator to 2024-06-17 00:00:00+00:00, run_after=2024-06-18 00:00:00+00:00
[2024-06-18T15:10:28.252+0530] {processor.py:183} INFO - Processing /home/kiit/airflow-env/lib/python3.8/site-packages/airflow/example_dags/example_branch_day_of_week_operator.py took 0.079 seconds
[2024-06-18T15:10:58.547+0530] {processor.py:161} INFO - Started process (PID=34216) to work on /home/kiit/airflow-env/lib/python3.8/site-packages/airflow/example_dags/example_branch_day_of_week_operator.py
[2024-06-18T15:10:58.548+0530] {processor.py:830} INFO - Processing file /home/kiit/airflow-env/lib/python3.8/site-packages/airflow/example_dags/example_branch_day_of_week_operator.py for tasks to queue
[2024-06-18T15:10:58.550+0530] {logging_mixin.py:188} INFO - [2024-06-18T15:10:58.549+0530] {dagbag.py:545} INFO - Filling up the DagBag from /home/kiit/airflow-env/lib/python3.8/site-packages/airflow/example_dags/example_branch_day_of_week_operator.py
[2024-06-18T15:10:58.557+0530] {processor.py:840} INFO - DAG(s) 'example_weekday_branch_operator' retrieved from /home/kiit/airflow-env/lib/python3.8/site-packages/airflow/example_dags/example_branch_day_of_week_operator.py
[2024-06-18T15:10:58.574+0530] {logging_mixin.py:188} INFO - [2024-06-18T15:10:58.574+0530] {dag.py:3096} INFO - Sync 1 DAGs
[2024-06-18T15:10:58.591+0530] {logging_mixin.py:188} INFO - [2024-06-18T15:10:58.591+0530] {dag.py:3954} INFO - Setting next_dagrun for example_weekday_branch_operator to 2024-06-17 00:00:00+00:00, run_after=2024-06-18 00:00:00+00:00
[2024-06-18T15:10:58.610+0530] {processor.py:183} INFO - Processing /home/kiit/airflow-env/lib/python3.8/site-packages/airflow/example_dags/example_branch_day_of_week_operator.py took 0.067 seconds
[2024-06-18T15:11:28.725+0530] {processor.py:161} INFO - Started process (PID=34275) to work on /home/kiit/airflow-env/lib/python3.8/site-packages/airflow/example_dags/example_branch_day_of_week_operator.py
[2024-06-18T15:11:28.726+0530] {processor.py:830} INFO - Processing file /home/kiit/airflow-env/lib/python3.8/site-packages/airflow/example_dags/example_branch_day_of_week_operator.py for tasks to queue
[2024-06-18T15:11:28.727+0530] {logging_mixin.py:188} INFO - [2024-06-18T15:11:28.727+0530] {dagbag.py:545} INFO - Filling up the DagBag from /home/kiit/airflow-env/lib/python3.8/site-packages/airflow/example_dags/example_branch_day_of_week_operator.py
[2024-06-18T15:11:28.734+0530] {processor.py:840} INFO - DAG(s) 'example_weekday_branch_operator' retrieved from /home/kiit/airflow-env/lib/python3.8/site-packages/airflow/example_dags/example_branch_day_of_week_operator.py
[2024-06-18T15:11:28.750+0530] {logging_mixin.py:188} INFO - [2024-06-18T15:11:28.749+0530] {dag.py:3096} INFO - Sync 1 DAGs
[2024-06-18T15:11:28.767+0530] {logging_mixin.py:188} INFO - [2024-06-18T15:11:28.767+0530] {dag.py:3954} INFO - Setting next_dagrun for example_weekday_branch_operator to 2024-06-17 00:00:00+00:00, run_after=2024-06-18 00:00:00+00:00
[2024-06-18T15:11:28.785+0530] {processor.py:183} INFO - Processing /home/kiit/airflow-env/lib/python3.8/site-packages/airflow/example_dags/example_branch_day_of_week_operator.py took 0.064 seconds
[2024-06-18T15:11:58.933+0530] {processor.py:161} INFO - Started process (PID=34334) to work on /home/kiit/airflow-env/lib/python3.8/site-packages/airflow/example_dags/example_branch_day_of_week_operator.py
[2024-06-18T15:11:58.935+0530] {processor.py:830} INFO - Processing file /home/kiit/airflow-env/lib/python3.8/site-packages/airflow/example_dags/example_branch_day_of_week_operator.py for tasks to queue
[2024-06-18T15:11:58.936+0530] {logging_mixin.py:188} INFO - [2024-06-18T15:11:58.936+0530] {dagbag.py:545} INFO - Filling up the DagBag from /home/kiit/airflow-env/lib/python3.8/site-packages/airflow/example_dags/example_branch_day_of_week_operator.py
[2024-06-18T15:11:58.943+0530] {processor.py:840} INFO - DAG(s) 'example_weekday_branch_operator' retrieved from /home/kiit/airflow-env/lib/python3.8/site-packages/airflow/example_dags/example_branch_day_of_week_operator.py
[2024-06-18T15:11:58.961+0530] {logging_mixin.py:188} INFO - [2024-06-18T15:11:58.960+0530] {dag.py:3096} INFO - Sync 1 DAGs
[2024-06-18T15:11:58.978+0530] {logging_mixin.py:188} INFO - [2024-06-18T15:11:58.978+0530] {dag.py:3954} INFO - Setting next_dagrun for example_weekday_branch_operator to 2024-06-17 00:00:00+00:00, run_after=2024-06-18 00:00:00+00:00
[2024-06-18T15:11:58.996+0530] {processor.py:183} INFO - Processing /home/kiit/airflow-env/lib/python3.8/site-packages/airflow/example_dags/example_branch_day_of_week_operator.py took 0.068 seconds
[2024-06-18T15:12:29.276+0530] {processor.py:161} INFO - Started process (PID=34394) to work on /home/kiit/airflow-env/lib/python3.8/site-packages/airflow/example_dags/example_branch_day_of_week_operator.py
[2024-06-18T15:12:29.277+0530] {processor.py:830} INFO - Processing file /home/kiit/airflow-env/lib/python3.8/site-packages/airflow/example_dags/example_branch_day_of_week_operator.py for tasks to queue
[2024-06-18T15:12:29.278+0530] {logging_mixin.py:188} INFO - [2024-06-18T15:12:29.278+0530] {dagbag.py:545} INFO - Filling up the DagBag from /home/kiit/airflow-env/lib/python3.8/site-packages/airflow/example_dags/example_branch_day_of_week_operator.py
[2024-06-18T15:12:29.286+0530] {processor.py:840} INFO - DAG(s) 'example_weekday_branch_operator' retrieved from /home/kiit/airflow-env/lib/python3.8/site-packages/airflow/example_dags/example_branch_day_of_week_operator.py
[2024-06-18T15:12:29.305+0530] {logging_mixin.py:188} INFO - [2024-06-18T15:12:29.304+0530] {dag.py:3096} INFO - Sync 1 DAGs
[2024-06-18T15:12:29.321+0530] {logging_mixin.py:188} INFO - [2024-06-18T15:12:29.321+0530] {dag.py:3954} INFO - Setting next_dagrun for example_weekday_branch_operator to 2024-06-17 00:00:00+00:00, run_after=2024-06-18 00:00:00+00:00
[2024-06-18T15:12:29.340+0530] {processor.py:183} INFO - Processing /home/kiit/airflow-env/lib/python3.8/site-packages/airflow/example_dags/example_branch_day_of_week_operator.py took 0.069 seconds
[2024-06-18T15:12:59.592+0530] {processor.py:161} INFO - Started process (PID=34453) to work on /home/kiit/airflow-env/lib/python3.8/site-packages/airflow/example_dags/example_branch_day_of_week_operator.py
[2024-06-18T15:12:59.593+0530] {processor.py:830} INFO - Processing file /home/kiit/airflow-env/lib/python3.8/site-packages/airflow/example_dags/example_branch_day_of_week_operator.py for tasks to queue
[2024-06-18T15:12:59.595+0530] {logging_mixin.py:188} INFO - [2024-06-18T15:12:59.595+0530] {dagbag.py:545} INFO - Filling up the DagBag from /home/kiit/airflow-env/lib/python3.8/site-packages/airflow/example_dags/example_branch_day_of_week_operator.py
[2024-06-18T15:12:59.601+0530] {processor.py:840} INFO - DAG(s) 'example_weekday_branch_operator' retrieved from /home/kiit/airflow-env/lib/python3.8/site-packages/airflow/example_dags/example_branch_day_of_week_operator.py
[2024-06-18T15:12:59.618+0530] {logging_mixin.py:188} INFO - [2024-06-18T15:12:59.618+0530] {dag.py:3096} INFO - Sync 1 DAGs
[2024-06-18T15:12:59.634+0530] {logging_mixin.py:188} INFO - [2024-06-18T15:12:59.634+0530] {dag.py:3954} INFO - Setting next_dagrun for example_weekday_branch_operator to 2024-06-17 00:00:00+00:00, run_after=2024-06-18 00:00:00+00:00
[2024-06-18T15:12:59.652+0530] {processor.py:183} INFO - Processing /home/kiit/airflow-env/lib/python3.8/site-packages/airflow/example_dags/example_branch_day_of_week_operator.py took 0.065 seconds
[2024-06-18T15:13:29.871+0530] {processor.py:161} INFO - Started process (PID=34512) to work on /home/kiit/airflow-env/lib/python3.8/site-packages/airflow/example_dags/example_branch_day_of_week_operator.py
[2024-06-18T15:13:29.872+0530] {processor.py:830} INFO - Processing file /home/kiit/airflow-env/lib/python3.8/site-packages/airflow/example_dags/example_branch_day_of_week_operator.py for tasks to queue
[2024-06-18T15:13:29.874+0530] {logging_mixin.py:188} INFO - [2024-06-18T15:13:29.873+0530] {dagbag.py:545} INFO - Filling up the DagBag from /home/kiit/airflow-env/lib/python3.8/site-packages/airflow/example_dags/example_branch_day_of_week_operator.py
[2024-06-18T15:13:29.881+0530] {processor.py:840} INFO - DAG(s) 'example_weekday_branch_operator' retrieved from /home/kiit/airflow-env/lib/python3.8/site-packages/airflow/example_dags/example_branch_day_of_week_operator.py
[2024-06-18T15:13:29.898+0530] {logging_mixin.py:188} INFO - [2024-06-18T15:13:29.898+0530] {dag.py:3096} INFO - Sync 1 DAGs
[2024-06-18T15:13:29.915+0530] {logging_mixin.py:188} INFO - [2024-06-18T15:13:29.914+0530] {dag.py:3954} INFO - Setting next_dagrun for example_weekday_branch_operator to 2024-06-17 00:00:00+00:00, run_after=2024-06-18 00:00:00+00:00
[2024-06-18T15:13:29.932+0530] {processor.py:183} INFO - Processing /home/kiit/airflow-env/lib/python3.8/site-packages/airflow/example_dags/example_branch_day_of_week_operator.py took 0.066 seconds
[2024-06-18T15:14:00.162+0530] {processor.py:161} INFO - Started process (PID=34571) to work on /home/kiit/airflow-env/lib/python3.8/site-packages/airflow/example_dags/example_branch_day_of_week_operator.py
[2024-06-18T15:14:00.163+0530] {processor.py:830} INFO - Processing file /home/kiit/airflow-env/lib/python3.8/site-packages/airflow/example_dags/example_branch_day_of_week_operator.py for tasks to queue
[2024-06-18T15:14:00.165+0530] {logging_mixin.py:188} INFO - [2024-06-18T15:14:00.164+0530] {dagbag.py:545} INFO - Filling up the DagBag from /home/kiit/airflow-env/lib/python3.8/site-packages/airflow/example_dags/example_branch_day_of_week_operator.py
[2024-06-18T15:14:00.171+0530] {processor.py:840} INFO - DAG(s) 'example_weekday_branch_operator' retrieved from /home/kiit/airflow-env/lib/python3.8/site-packages/airflow/example_dags/example_branch_day_of_week_operator.py
[2024-06-18T15:14:00.189+0530] {logging_mixin.py:188} INFO - [2024-06-18T15:14:00.188+0530] {dag.py:3096} INFO - Sync 1 DAGs
[2024-06-18T15:14:00.206+0530] {logging_mixin.py:188} INFO - [2024-06-18T15:14:00.205+0530] {dag.py:3954} INFO - Setting next_dagrun for example_weekday_branch_operator to 2024-06-17 00:00:00+00:00, run_after=2024-06-18 00:00:00+00:00
[2024-06-18T15:14:00.227+0530] {processor.py:183} INFO - Processing /home/kiit/airflow-env/lib/python3.8/site-packages/airflow/example_dags/example_branch_day_of_week_operator.py took 0.070 seconds
[2024-06-18T15:14:30.492+0530] {processor.py:161} INFO - Started process (PID=34630) to work on /home/kiit/airflow-env/lib/python3.8/site-packages/airflow/example_dags/example_branch_day_of_week_operator.py
[2024-06-18T15:14:30.493+0530] {processor.py:830} INFO - Processing file /home/kiit/airflow-env/lib/python3.8/site-packages/airflow/example_dags/example_branch_day_of_week_operator.py for tasks to queue
[2024-06-18T15:14:30.495+0530] {logging_mixin.py:188} INFO - [2024-06-18T15:14:30.495+0530] {dagbag.py:545} INFO - Filling up the DagBag from /home/kiit/airflow-env/lib/python3.8/site-packages/airflow/example_dags/example_branch_day_of_week_operator.py
[2024-06-18T15:14:30.502+0530] {processor.py:840} INFO - DAG(s) 'example_weekday_branch_operator' retrieved from /home/kiit/airflow-env/lib/python3.8/site-packages/airflow/example_dags/example_branch_day_of_week_operator.py
[2024-06-18T15:14:30.518+0530] {logging_mixin.py:188} INFO - [2024-06-18T15:14:30.518+0530] {dag.py:3096} INFO - Sync 1 DAGs
[2024-06-18T15:14:30.534+0530] {logging_mixin.py:188} INFO - [2024-06-18T15:14:30.534+0530] {dag.py:3954} INFO - Setting next_dagrun for example_weekday_branch_operator to 2024-06-17 00:00:00+00:00, run_after=2024-06-18 00:00:00+00:00
[2024-06-18T15:14:30.554+0530] {processor.py:183} INFO - Processing /home/kiit/airflow-env/lib/python3.8/site-packages/airflow/example_dags/example_branch_day_of_week_operator.py took 0.067 seconds
[2024-06-18T15:15:00.865+0530] {processor.py:161} INFO - Started process (PID=34689) to work on /home/kiit/airflow-env/lib/python3.8/site-packages/airflow/example_dags/example_branch_day_of_week_operator.py
[2024-06-18T15:15:00.866+0530] {processor.py:830} INFO - Processing file /home/kiit/airflow-env/lib/python3.8/site-packages/airflow/example_dags/example_branch_day_of_week_operator.py for tasks to queue
[2024-06-18T15:15:00.867+0530] {logging_mixin.py:188} INFO - [2024-06-18T15:15:00.867+0530] {dagbag.py:545} INFO - Filling up the DagBag from /home/kiit/airflow-env/lib/python3.8/site-packages/airflow/example_dags/example_branch_day_of_week_operator.py
[2024-06-18T15:15:00.874+0530] {processor.py:840} INFO - DAG(s) 'example_weekday_branch_operator' retrieved from /home/kiit/airflow-env/lib/python3.8/site-packages/airflow/example_dags/example_branch_day_of_week_operator.py
[2024-06-18T15:15:00.890+0530] {logging_mixin.py:188} INFO - [2024-06-18T15:15:00.890+0530] {dag.py:3096} INFO - Sync 1 DAGs
[2024-06-18T15:15:00.906+0530] {logging_mixin.py:188} INFO - [2024-06-18T15:15:00.906+0530] {dag.py:3954} INFO - Setting next_dagrun for example_weekday_branch_operator to 2024-06-17 00:00:00+00:00, run_after=2024-06-18 00:00:00+00:00
[2024-06-18T15:15:00.924+0530] {processor.py:183} INFO - Processing /home/kiit/airflow-env/lib/python3.8/site-packages/airflow/example_dags/example_branch_day_of_week_operator.py took 0.065 seconds
[2024-06-18T15:15:31.119+0530] {processor.py:161} INFO - Started process (PID=34748) to work on /home/kiit/airflow-env/lib/python3.8/site-packages/airflow/example_dags/example_branch_day_of_week_operator.py
[2024-06-18T15:15:31.120+0530] {processor.py:830} INFO - Processing file /home/kiit/airflow-env/lib/python3.8/site-packages/airflow/example_dags/example_branch_day_of_week_operator.py for tasks to queue
[2024-06-18T15:15:31.121+0530] {logging_mixin.py:188} INFO - [2024-06-18T15:15:31.121+0530] {dagbag.py:545} INFO - Filling up the DagBag from /home/kiit/airflow-env/lib/python3.8/site-packages/airflow/example_dags/example_branch_day_of_week_operator.py
[2024-06-18T15:15:31.128+0530] {processor.py:840} INFO - DAG(s) 'example_weekday_branch_operator' retrieved from /home/kiit/airflow-env/lib/python3.8/site-packages/airflow/example_dags/example_branch_day_of_week_operator.py
[2024-06-18T15:15:31.147+0530] {logging_mixin.py:188} INFO - [2024-06-18T15:15:31.146+0530] {dag.py:3096} INFO - Sync 1 DAGs
[2024-06-18T15:15:31.164+0530] {logging_mixin.py:188} INFO - [2024-06-18T15:15:31.164+0530] {dag.py:3954} INFO - Setting next_dagrun for example_weekday_branch_operator to 2024-06-17 00:00:00+00:00, run_after=2024-06-18 00:00:00+00:00
[2024-06-18T15:15:31.184+0530] {processor.py:183} INFO - Processing /home/kiit/airflow-env/lib/python3.8/site-packages/airflow/example_dags/example_branch_day_of_week_operator.py took 0.071 seconds
[2024-06-18T15:16:01.385+0530] {processor.py:161} INFO - Started process (PID=34807) to work on /home/kiit/airflow-env/lib/python3.8/site-packages/airflow/example_dags/example_branch_day_of_week_operator.py
[2024-06-18T15:16:01.386+0530] {processor.py:830} INFO - Processing file /home/kiit/airflow-env/lib/python3.8/site-packages/airflow/example_dags/example_branch_day_of_week_operator.py for tasks to queue
[2024-06-18T15:16:01.388+0530] {logging_mixin.py:188} INFO - [2024-06-18T15:16:01.387+0530] {dagbag.py:545} INFO - Filling up the DagBag from /home/kiit/airflow-env/lib/python3.8/site-packages/airflow/example_dags/example_branch_day_of_week_operator.py
[2024-06-18T15:16:01.394+0530] {processor.py:840} INFO - DAG(s) 'example_weekday_branch_operator' retrieved from /home/kiit/airflow-env/lib/python3.8/site-packages/airflow/example_dags/example_branch_day_of_week_operator.py
[2024-06-18T15:16:01.412+0530] {logging_mixin.py:188} INFO - [2024-06-18T15:16:01.412+0530] {dag.py:3096} INFO - Sync 1 DAGs
[2024-06-18T15:16:01.428+0530] {logging_mixin.py:188} INFO - [2024-06-18T15:16:01.428+0530] {dag.py:3954} INFO - Setting next_dagrun for example_weekday_branch_operator to 2024-06-17 00:00:00+00:00, run_after=2024-06-18 00:00:00+00:00
[2024-06-18T15:16:01.447+0530] {processor.py:183} INFO - Processing /home/kiit/airflow-env/lib/python3.8/site-packages/airflow/example_dags/example_branch_day_of_week_operator.py took 0.067 seconds
[2024-06-18T15:16:32.314+0530] {processor.py:161} INFO - Started process (PID=34890) to work on /home/kiit/airflow-env/lib/python3.8/site-packages/airflow/example_dags/example_branch_day_of_week_operator.py
[2024-06-18T15:16:32.315+0530] {processor.py:830} INFO - Processing file /home/kiit/airflow-env/lib/python3.8/site-packages/airflow/example_dags/example_branch_day_of_week_operator.py for tasks to queue
[2024-06-18T15:16:32.317+0530] {logging_mixin.py:188} INFO - [2024-06-18T15:16:32.316+0530] {dagbag.py:545} INFO - Filling up the DagBag from /home/kiit/airflow-env/lib/python3.8/site-packages/airflow/example_dags/example_branch_day_of_week_operator.py
[2024-06-18T15:16:32.325+0530] {processor.py:840} INFO - DAG(s) 'example_weekday_branch_operator' retrieved from /home/kiit/airflow-env/lib/python3.8/site-packages/airflow/example_dags/example_branch_day_of_week_operator.py
[2024-06-18T15:16:32.395+0530] {logging_mixin.py:188} INFO - [2024-06-18T15:16:32.394+0530] {dag.py:3096} INFO - Sync 1 DAGs
[2024-06-18T15:16:32.412+0530] {logging_mixin.py:188} INFO - [2024-06-18T15:16:32.412+0530] {dag.py:3954} INFO - Setting next_dagrun for example_weekday_branch_operator to 2024-06-17 00:00:00+00:00, run_after=2024-06-18 00:00:00+00:00
[2024-06-18T15:16:32.433+0530] {processor.py:183} INFO - Processing /home/kiit/airflow-env/lib/python3.8/site-packages/airflow/example_dags/example_branch_day_of_week_operator.py took 0.123 seconds
