[2024-06-18T13:05:52.954+0530] {processor.py:161} INFO - Started process (PID=25350) to work on /home/kiit/airflow-env/lib/python3.8/site-packages/airflow/example_dags/example_setup_teardown_taskflow.py
[2024-06-18T13:05:52.954+0530] {processor.py:830} INFO - Processing file /home/kiit/airflow-env/lib/python3.8/site-packages/airflow/example_dags/example_setup_teardown_taskflow.py for tasks to queue
[2024-06-18T13:05:52.955+0530] {logging_mixin.py:188} INFO - [2024-06-18T13:05:52.955+0530] {dagbag.py:545} INFO - Filling up the DagBag from /home/kiit/airflow-env/lib/python3.8/site-packages/airflow/example_dags/example_setup_teardown_taskflow.py
[2024-06-18T13:05:52.963+0530] {processor.py:840} INFO - DAG(s) 'example_setup_teardown_taskflow' retrieved from /home/kiit/airflow-env/lib/python3.8/site-packages/airflow/example_dags/example_setup_teardown_taskflow.py
[2024-06-18T13:05:53.031+0530] {logging_mixin.py:188} INFO - [2024-06-18T13:05:53.031+0530] {dag.py:3096} INFO - Sync 1 DAGs
[2024-06-18T13:05:53.046+0530] {logging_mixin.py:188} INFO - [2024-06-18T13:05:53.045+0530] {dag.py:3954} INFO - Setting next_dagrun for example_setup_teardown_taskflow to 2024-06-17 00:00:00+00:00, run_after=2024-06-18 00:00:00+00:00
[2024-06-18T13:05:53.130+0530] {processor.py:183} INFO - Processing /home/kiit/airflow-env/lib/python3.8/site-packages/airflow/example_dags/example_setup_teardown_taskflow.py took 0.180 seconds
[2024-06-18T13:06:47.600+0530] {processor.py:161} INFO - Started process (PID=25425) to work on /home/kiit/airflow-env/lib/python3.8/site-packages/airflow/example_dags/example_setup_teardown_taskflow.py
[2024-06-18T13:06:47.601+0530] {processor.py:830} INFO - Processing file /home/kiit/airflow-env/lib/python3.8/site-packages/airflow/example_dags/example_setup_teardown_taskflow.py for tasks to queue
[2024-06-18T13:06:47.602+0530] {logging_mixin.py:188} INFO - [2024-06-18T13:06:47.601+0530] {dagbag.py:545} INFO - Filling up the DagBag from /home/kiit/airflow-env/lib/python3.8/site-packages/airflow/example_dags/example_setup_teardown_taskflow.py
[2024-06-18T13:06:47.607+0530] {processor.py:840} INFO - DAG(s) 'example_setup_teardown_taskflow' retrieved from /home/kiit/airflow-env/lib/python3.8/site-packages/airflow/example_dags/example_setup_teardown_taskflow.py
[2024-06-18T13:06:47.618+0530] {logging_mixin.py:188} INFO - [2024-06-18T13:06:47.618+0530] {dag.py:3096} INFO - Sync 1 DAGs
[2024-06-18T13:06:47.629+0530] {logging_mixin.py:188} INFO - [2024-06-18T13:06:47.629+0530] {dag.py:3954} INFO - Setting next_dagrun for example_setup_teardown_taskflow to 2024-06-17 00:00:00+00:00, run_after=2024-06-18 00:00:00+00:00
[2024-06-18T13:06:47.649+0530] {processor.py:183} INFO - Processing /home/kiit/airflow-env/lib/python3.8/site-packages/airflow/example_dags/example_setup_teardown_taskflow.py took 0.054 seconds
[2024-06-18T13:07:40.811+0530] {processor.py:161} INFO - Started process (PID=25488) to work on /home/kiit/airflow-env/lib/python3.8/site-packages/airflow/example_dags/example_setup_teardown_taskflow.py
[2024-06-18T13:07:40.819+0530] {processor.py:830} INFO - Processing file /home/kiit/airflow-env/lib/python3.8/site-packages/airflow/example_dags/example_setup_teardown_taskflow.py for tasks to queue
[2024-06-18T13:07:40.820+0530] {logging_mixin.py:188} INFO - [2024-06-18T13:07:40.820+0530] {dagbag.py:545} INFO - Filling up the DagBag from /home/kiit/airflow-env/lib/python3.8/site-packages/airflow/example_dags/example_setup_teardown_taskflow.py
[2024-06-18T13:07:40.915+0530] {processor.py:840} INFO - DAG(s) 'example_setup_teardown_taskflow' retrieved from /home/kiit/airflow-env/lib/python3.8/site-packages/airflow/example_dags/example_setup_teardown_taskflow.py
[2024-06-18T13:07:40.930+0530] {logging_mixin.py:188} INFO - [2024-06-18T13:07:40.929+0530] {dag.py:3096} INFO - Sync 1 DAGs
[2024-06-18T13:07:40.946+0530] {logging_mixin.py:188} INFO - [2024-06-18T13:07:40.946+0530] {dag.py:3954} INFO - Setting next_dagrun for example_setup_teardown_taskflow to 2024-06-17 00:00:00+00:00, run_after=2024-06-18 00:00:00+00:00
[2024-06-18T13:07:40.970+0530] {processor.py:183} INFO - Processing /home/kiit/airflow-env/lib/python3.8/site-packages/airflow/example_dags/example_setup_teardown_taskflow.py took 0.165 seconds
[2024-06-18T13:08:41.958+0530] {processor.py:161} INFO - Started process (PID=25547) to work on /home/kiit/airflow-env/lib/python3.8/site-packages/airflow/example_dags/example_setup_teardown_taskflow.py
[2024-06-18T13:08:41.965+0530] {processor.py:830} INFO - Processing file /home/kiit/airflow-env/lib/python3.8/site-packages/airflow/example_dags/example_setup_teardown_taskflow.py for tasks to queue
[2024-06-18T13:08:41.966+0530] {logging_mixin.py:188} INFO - [2024-06-18T13:08:41.966+0530] {dagbag.py:545} INFO - Filling up the DagBag from /home/kiit/airflow-env/lib/python3.8/site-packages/airflow/example_dags/example_setup_teardown_taskflow.py
[2024-06-18T13:08:41.973+0530] {processor.py:840} INFO - DAG(s) 'example_setup_teardown_taskflow' retrieved from /home/kiit/airflow-env/lib/python3.8/site-packages/airflow/example_dags/example_setup_teardown_taskflow.py
[2024-06-18T13:08:41.985+0530] {logging_mixin.py:188} INFO - [2024-06-18T13:08:41.985+0530] {dag.py:3096} INFO - Sync 1 DAGs
[2024-06-18T13:08:41.998+0530] {logging_mixin.py:188} INFO - [2024-06-18T13:08:41.998+0530] {dag.py:3954} INFO - Setting next_dagrun for example_setup_teardown_taskflow to 2024-06-17 00:00:00+00:00, run_after=2024-06-18 00:00:00+00:00
[2024-06-18T13:08:42.016+0530] {processor.py:183} INFO - Processing /home/kiit/airflow-env/lib/python3.8/site-packages/airflow/example_dags/example_setup_teardown_taskflow.py took 0.063 seconds
[2024-06-18T13:09:18.480+0530] {processor.py:161} INFO - Started process (PID=25594) to work on /home/kiit/airflow-env/lib/python3.8/site-packages/airflow/example_dags/example_setup_teardown_taskflow.py
[2024-06-18T13:09:18.480+0530] {processor.py:830} INFO - Processing file /home/kiit/airflow-env/lib/python3.8/site-packages/airflow/example_dags/example_setup_teardown_taskflow.py for tasks to queue
[2024-06-18T13:09:18.481+0530] {logging_mixin.py:188} INFO - [2024-06-18T13:09:18.481+0530] {dagbag.py:545} INFO - Filling up the DagBag from /home/kiit/airflow-env/lib/python3.8/site-packages/airflow/example_dags/example_setup_teardown_taskflow.py
[2024-06-18T13:09:18.487+0530] {processor.py:840} INFO - DAG(s) 'example_setup_teardown_taskflow' retrieved from /home/kiit/airflow-env/lib/python3.8/site-packages/airflow/example_dags/example_setup_teardown_taskflow.py
[2024-06-18T13:09:18.498+0530] {logging_mixin.py:188} INFO - [2024-06-18T13:09:18.497+0530] {dag.py:3096} INFO - Sync 1 DAGs
[2024-06-18T13:09:18.509+0530] {logging_mixin.py:188} INFO - [2024-06-18T13:09:18.509+0530] {dag.py:3954} INFO - Setting next_dagrun for example_setup_teardown_taskflow to 2024-06-17 00:00:00+00:00, run_after=2024-06-18 00:00:00+00:00
[2024-06-18T13:09:18.526+0530] {processor.py:183} INFO - Processing /home/kiit/airflow-env/lib/python3.8/site-packages/airflow/example_dags/example_setup_teardown_taskflow.py took 0.050 seconds
[2024-06-18T13:10:08.935+0530] {processor.py:161} INFO - Started process (PID=25652) to work on /home/kiit/airflow-env/lib/python3.8/site-packages/airflow/example_dags/example_setup_teardown_taskflow.py
[2024-06-18T13:10:08.937+0530] {processor.py:830} INFO - Processing file /home/kiit/airflow-env/lib/python3.8/site-packages/airflow/example_dags/example_setup_teardown_taskflow.py for tasks to queue
[2024-06-18T13:10:08.949+0530] {logging_mixin.py:188} INFO - [2024-06-18T13:10:08.948+0530] {dagbag.py:545} INFO - Filling up the DagBag from /home/kiit/airflow-env/lib/python3.8/site-packages/airflow/example_dags/example_setup_teardown_taskflow.py
[2024-06-18T13:10:08.984+0530] {processor.py:840} INFO - DAG(s) 'example_setup_teardown_taskflow' retrieved from /home/kiit/airflow-env/lib/python3.8/site-packages/airflow/example_dags/example_setup_teardown_taskflow.py
[2024-06-18T13:10:09.076+0530] {logging_mixin.py:188} INFO - [2024-06-18T13:10:09.076+0530] {dag.py:3096} INFO - Sync 1 DAGs
[2024-06-18T13:10:09.165+0530] {logging_mixin.py:188} INFO - [2024-06-18T13:10:09.165+0530] {dag.py:3954} INFO - Setting next_dagrun for example_setup_teardown_taskflow to 2024-06-17 00:00:00+00:00, run_after=2024-06-18 00:00:00+00:00
[2024-06-18T13:10:09.258+0530] {processor.py:183} INFO - Processing /home/kiit/airflow-env/lib/python3.8/site-packages/airflow/example_dags/example_setup_teardown_taskflow.py took 0.352 seconds
[2024-06-18T13:11:08.819+0530] {processor.py:161} INFO - Started process (PID=25722) to work on /home/kiit/airflow-env/lib/python3.8/site-packages/airflow/example_dags/example_setup_teardown_taskflow.py
[2024-06-18T13:11:08.820+0530] {processor.py:830} INFO - Processing file /home/kiit/airflow-env/lib/python3.8/site-packages/airflow/example_dags/example_setup_teardown_taskflow.py for tasks to queue
[2024-06-18T13:11:08.821+0530] {logging_mixin.py:188} INFO - [2024-06-18T13:11:08.821+0530] {dagbag.py:545} INFO - Filling up the DagBag from /home/kiit/airflow-env/lib/python3.8/site-packages/airflow/example_dags/example_setup_teardown_taskflow.py
[2024-06-18T13:11:08.830+0530] {processor.py:840} INFO - DAG(s) 'example_setup_teardown_taskflow' retrieved from /home/kiit/airflow-env/lib/python3.8/site-packages/airflow/example_dags/example_setup_teardown_taskflow.py
[2024-06-18T13:11:08.846+0530] {logging_mixin.py:188} INFO - [2024-06-18T13:11:08.846+0530] {dag.py:3096} INFO - Sync 1 DAGs
[2024-06-18T13:11:08.868+0530] {logging_mixin.py:188} INFO - [2024-06-18T13:11:08.867+0530] {dag.py:3954} INFO - Setting next_dagrun for example_setup_teardown_taskflow to 2024-06-17 00:00:00+00:00, run_after=2024-06-18 00:00:00+00:00
[2024-06-18T13:11:08.889+0530] {processor.py:183} INFO - Processing /home/kiit/airflow-env/lib/python3.8/site-packages/airflow/example_dags/example_setup_teardown_taskflow.py took 0.076 seconds
[2024-06-18T13:11:52.239+0530] {processor.py:161} INFO - Started process (PID=25774) to work on /home/kiit/airflow-env/lib/python3.8/site-packages/airflow/example_dags/example_setup_teardown_taskflow.py
[2024-06-18T13:11:52.240+0530] {processor.py:830} INFO - Processing file /home/kiit/airflow-env/lib/python3.8/site-packages/airflow/example_dags/example_setup_teardown_taskflow.py for tasks to queue
[2024-06-18T13:11:52.241+0530] {logging_mixin.py:188} INFO - [2024-06-18T13:11:52.241+0530] {dagbag.py:545} INFO - Filling up the DagBag from /home/kiit/airflow-env/lib/python3.8/site-packages/airflow/example_dags/example_setup_teardown_taskflow.py
[2024-06-18T13:11:52.250+0530] {processor.py:840} INFO - DAG(s) 'example_setup_teardown_taskflow' retrieved from /home/kiit/airflow-env/lib/python3.8/site-packages/airflow/example_dags/example_setup_teardown_taskflow.py
[2024-06-18T13:11:52.264+0530] {logging_mixin.py:188} INFO - [2024-06-18T13:11:52.264+0530] {dag.py:3096} INFO - Sync 1 DAGs
[2024-06-18T13:11:52.279+0530] {logging_mixin.py:188} INFO - [2024-06-18T13:11:52.279+0530] {dag.py:3954} INFO - Setting next_dagrun for example_setup_teardown_taskflow to 2024-06-17 00:00:00+00:00, run_after=2024-06-18 00:00:00+00:00
[2024-06-18T13:11:52.305+0530] {processor.py:183} INFO - Processing /home/kiit/airflow-env/lib/python3.8/site-packages/airflow/example_dags/example_setup_teardown_taskflow.py took 0.072 seconds
[2024-06-18T13:12:35.206+0530] {processor.py:161} INFO - Started process (PID=25825) to work on /home/kiit/airflow-env/lib/python3.8/site-packages/airflow/example_dags/example_setup_teardown_taskflow.py
[2024-06-18T13:12:35.208+0530] {processor.py:830} INFO - Processing file /home/kiit/airflow-env/lib/python3.8/site-packages/airflow/example_dags/example_setup_teardown_taskflow.py for tasks to queue
[2024-06-18T13:12:35.211+0530] {logging_mixin.py:188} INFO - [2024-06-18T13:12:35.209+0530] {dagbag.py:545} INFO - Filling up the DagBag from /home/kiit/airflow-env/lib/python3.8/site-packages/airflow/example_dags/example_setup_teardown_taskflow.py
[2024-06-18T13:12:35.225+0530] {processor.py:840} INFO - DAG(s) 'example_setup_teardown_taskflow' retrieved from /home/kiit/airflow-env/lib/python3.8/site-packages/airflow/example_dags/example_setup_teardown_taskflow.py
[2024-06-18T13:12:35.249+0530] {logging_mixin.py:188} INFO - [2024-06-18T13:12:35.248+0530] {dag.py:3096} INFO - Sync 1 DAGs
[2024-06-18T13:12:35.266+0530] {logging_mixin.py:188} INFO - [2024-06-18T13:12:35.266+0530] {dag.py:3954} INFO - Setting next_dagrun for example_setup_teardown_taskflow to 2024-06-17 00:00:00+00:00, run_after=2024-06-18 00:00:00+00:00
[2024-06-18T13:12:35.289+0530] {processor.py:183} INFO - Processing /home/kiit/airflow-env/lib/python3.8/site-packages/airflow/example_dags/example_setup_teardown_taskflow.py took 0.089 seconds
[2024-06-18T13:13:16.740+0530] {processor.py:161} INFO - Started process (PID=25874) to work on /home/kiit/airflow-env/lib/python3.8/site-packages/airflow/example_dags/example_setup_teardown_taskflow.py
[2024-06-18T13:13:16.741+0530] {processor.py:830} INFO - Processing file /home/kiit/airflow-env/lib/python3.8/site-packages/airflow/example_dags/example_setup_teardown_taskflow.py for tasks to queue
[2024-06-18T13:13:16.743+0530] {logging_mixin.py:188} INFO - [2024-06-18T13:13:16.742+0530] {dagbag.py:545} INFO - Filling up the DagBag from /home/kiit/airflow-env/lib/python3.8/site-packages/airflow/example_dags/example_setup_teardown_taskflow.py
[2024-06-18T13:13:16.750+0530] {processor.py:840} INFO - DAG(s) 'example_setup_teardown_taskflow' retrieved from /home/kiit/airflow-env/lib/python3.8/site-packages/airflow/example_dags/example_setup_teardown_taskflow.py
[2024-06-18T13:13:16.766+0530] {logging_mixin.py:188} INFO - [2024-06-18T13:13:16.766+0530] {dag.py:3096} INFO - Sync 1 DAGs
[2024-06-18T13:13:16.780+0530] {logging_mixin.py:188} INFO - [2024-06-18T13:13:16.780+0530] {dag.py:3954} INFO - Setting next_dagrun for example_setup_teardown_taskflow to 2024-06-17 00:00:00+00:00, run_after=2024-06-18 00:00:00+00:00
[2024-06-18T13:13:16.800+0530] {processor.py:183} INFO - Processing /home/kiit/airflow-env/lib/python3.8/site-packages/airflow/example_dags/example_setup_teardown_taskflow.py took 0.065 seconds
[2024-06-18T13:14:12.758+0530] {processor.py:161} INFO - Started process (PID=25941) to work on /home/kiit/airflow-env/lib/python3.8/site-packages/airflow/example_dags/example_setup_teardown_taskflow.py
[2024-06-18T13:14:12.759+0530] {processor.py:830} INFO - Processing file /home/kiit/airflow-env/lib/python3.8/site-packages/airflow/example_dags/example_setup_teardown_taskflow.py for tasks to queue
[2024-06-18T13:14:12.760+0530] {logging_mixin.py:188} INFO - [2024-06-18T13:14:12.760+0530] {dagbag.py:545} INFO - Filling up the DagBag from /home/kiit/airflow-env/lib/python3.8/site-packages/airflow/example_dags/example_setup_teardown_taskflow.py
[2024-06-18T13:14:12.767+0530] {processor.py:840} INFO - DAG(s) 'example_setup_teardown_taskflow' retrieved from /home/kiit/airflow-env/lib/python3.8/site-packages/airflow/example_dags/example_setup_teardown_taskflow.py
[2024-06-18T13:14:12.779+0530] {logging_mixin.py:188} INFO - [2024-06-18T13:14:12.779+0530] {dag.py:3096} INFO - Sync 1 DAGs
[2024-06-18T13:14:12.792+0530] {logging_mixin.py:188} INFO - [2024-06-18T13:14:12.792+0530] {dag.py:3954} INFO - Setting next_dagrun for example_setup_teardown_taskflow to 2024-06-17 00:00:00+00:00, run_after=2024-06-18 00:00:00+00:00
[2024-06-18T13:14:12.813+0530] {processor.py:183} INFO - Processing /home/kiit/airflow-env/lib/python3.8/site-packages/airflow/example_dags/example_setup_teardown_taskflow.py took 0.059 seconds
[2024-06-18T13:15:12.248+0530] {processor.py:161} INFO - Started process (PID=26014) to work on /home/kiit/airflow-env/lib/python3.8/site-packages/airflow/example_dags/example_setup_teardown_taskflow.py
[2024-06-18T13:15:12.249+0530] {processor.py:830} INFO - Processing file /home/kiit/airflow-env/lib/python3.8/site-packages/airflow/example_dags/example_setup_teardown_taskflow.py for tasks to queue
[2024-06-18T13:15:12.251+0530] {logging_mixin.py:188} INFO - [2024-06-18T13:15:12.250+0530] {dagbag.py:545} INFO - Filling up the DagBag from /home/kiit/airflow-env/lib/python3.8/site-packages/airflow/example_dags/example_setup_teardown_taskflow.py
[2024-06-18T13:15:12.259+0530] {processor.py:840} INFO - DAG(s) 'example_setup_teardown_taskflow' retrieved from /home/kiit/airflow-env/lib/python3.8/site-packages/airflow/example_dags/example_setup_teardown_taskflow.py
[2024-06-18T13:15:12.271+0530] {logging_mixin.py:188} INFO - [2024-06-18T13:15:12.271+0530] {dag.py:3096} INFO - Sync 1 DAGs
[2024-06-18T13:15:12.283+0530] {logging_mixin.py:188} INFO - [2024-06-18T13:15:12.283+0530] {dag.py:3954} INFO - Setting next_dagrun for example_setup_teardown_taskflow to 2024-06-17 00:00:00+00:00, run_after=2024-06-18 00:00:00+00:00
[2024-06-18T13:15:12.303+0530] {processor.py:183} INFO - Processing /home/kiit/airflow-env/lib/python3.8/site-packages/airflow/example_dags/example_setup_teardown_taskflow.py took 0.061 seconds
[2024-06-18T13:15:54.550+0530] {processor.py:161} INFO - Started process (PID=26066) to work on /home/kiit/airflow-env/lib/python3.8/site-packages/airflow/example_dags/example_setup_teardown_taskflow.py
[2024-06-18T13:15:54.551+0530] {processor.py:830} INFO - Processing file /home/kiit/airflow-env/lib/python3.8/site-packages/airflow/example_dags/example_setup_teardown_taskflow.py for tasks to queue
[2024-06-18T13:15:54.552+0530] {logging_mixin.py:188} INFO - [2024-06-18T13:15:54.552+0530] {dagbag.py:545} INFO - Filling up the DagBag from /home/kiit/airflow-env/lib/python3.8/site-packages/airflow/example_dags/example_setup_teardown_taskflow.py
[2024-06-18T13:15:54.559+0530] {processor.py:840} INFO - DAG(s) 'example_setup_teardown_taskflow' retrieved from /home/kiit/airflow-env/lib/python3.8/site-packages/airflow/example_dags/example_setup_teardown_taskflow.py
[2024-06-18T13:15:54.574+0530] {logging_mixin.py:188} INFO - [2024-06-18T13:15:54.574+0530] {dag.py:3096} INFO - Sync 1 DAGs
[2024-06-18T13:15:54.588+0530] {logging_mixin.py:188} INFO - [2024-06-18T13:15:54.588+0530] {dag.py:3954} INFO - Setting next_dagrun for example_setup_teardown_taskflow to 2024-06-17 00:00:00+00:00, run_after=2024-06-18 00:00:00+00:00
[2024-06-18T13:15:54.614+0530] {processor.py:183} INFO - Processing /home/kiit/airflow-env/lib/python3.8/site-packages/airflow/example_dags/example_setup_teardown_taskflow.py took 0.072 seconds
[2024-06-18T13:16:50.976+0530] {processor.py:161} INFO - Started process (PID=26132) to work on /home/kiit/airflow-env/lib/python3.8/site-packages/airflow/example_dags/example_setup_teardown_taskflow.py
[2024-06-18T13:16:50.977+0530] {processor.py:830} INFO - Processing file /home/kiit/airflow-env/lib/python3.8/site-packages/airflow/example_dags/example_setup_teardown_taskflow.py for tasks to queue
[2024-06-18T13:16:50.979+0530] {logging_mixin.py:188} INFO - [2024-06-18T13:16:50.978+0530] {dagbag.py:545} INFO - Filling up the DagBag from /home/kiit/airflow-env/lib/python3.8/site-packages/airflow/example_dags/example_setup_teardown_taskflow.py
[2024-06-18T13:16:50.985+0530] {processor.py:840} INFO - DAG(s) 'example_setup_teardown_taskflow' retrieved from /home/kiit/airflow-env/lib/python3.8/site-packages/airflow/example_dags/example_setup_teardown_taskflow.py
[2024-06-18T13:16:50.998+0530] {logging_mixin.py:188} INFO - [2024-06-18T13:16:50.998+0530] {dag.py:3096} INFO - Sync 1 DAGs
[2024-06-18T13:16:51.013+0530] {logging_mixin.py:188} INFO - [2024-06-18T13:16:51.012+0530] {dag.py:3954} INFO - Setting next_dagrun for example_setup_teardown_taskflow to 2024-06-17 00:00:00+00:00, run_after=2024-06-18 00:00:00+00:00
[2024-06-18T13:16:51.030+0530] {processor.py:183} INFO - Processing /home/kiit/airflow-env/lib/python3.8/site-packages/airflow/example_dags/example_setup_teardown_taskflow.py took 0.058 seconds
[2024-06-18T13:17:30.073+0530] {processor.py:161} INFO - Started process (PID=26179) to work on /home/kiit/airflow-env/lib/python3.8/site-packages/airflow/example_dags/example_setup_teardown_taskflow.py
[2024-06-18T13:17:30.075+0530] {processor.py:830} INFO - Processing file /home/kiit/airflow-env/lib/python3.8/site-packages/airflow/example_dags/example_setup_teardown_taskflow.py for tasks to queue
[2024-06-18T13:17:30.076+0530] {logging_mixin.py:188} INFO - [2024-06-18T13:17:30.076+0530] {dagbag.py:545} INFO - Filling up the DagBag from /home/kiit/airflow-env/lib/python3.8/site-packages/airflow/example_dags/example_setup_teardown_taskflow.py
[2024-06-18T13:17:30.085+0530] {processor.py:840} INFO - DAG(s) 'example_setup_teardown_taskflow' retrieved from /home/kiit/airflow-env/lib/python3.8/site-packages/airflow/example_dags/example_setup_teardown_taskflow.py
[2024-06-18T13:17:30.099+0530] {logging_mixin.py:188} INFO - [2024-06-18T13:17:30.098+0530] {dag.py:3096} INFO - Sync 1 DAGs
[2024-06-18T13:17:30.112+0530] {logging_mixin.py:188} INFO - [2024-06-18T13:17:30.112+0530] {dag.py:3954} INFO - Setting next_dagrun for example_setup_teardown_taskflow to 2024-06-17 00:00:00+00:00, run_after=2024-06-18 00:00:00+00:00
[2024-06-18T13:17:30.131+0530] {processor.py:183} INFO - Processing /home/kiit/airflow-env/lib/python3.8/site-packages/airflow/example_dags/example_setup_teardown_taskflow.py took 0.065 seconds
[2024-06-18T13:18:12.252+0530] {processor.py:161} INFO - Started process (PID=26228) to work on /home/kiit/airflow-env/lib/python3.8/site-packages/airflow/example_dags/example_setup_teardown_taskflow.py
[2024-06-18T13:18:12.254+0530] {processor.py:830} INFO - Processing file /home/kiit/airflow-env/lib/python3.8/site-packages/airflow/example_dags/example_setup_teardown_taskflow.py for tasks to queue
[2024-06-18T13:18:12.256+0530] {logging_mixin.py:188} INFO - [2024-06-18T13:18:12.255+0530] {dagbag.py:545} INFO - Filling up the DagBag from /home/kiit/airflow-env/lib/python3.8/site-packages/airflow/example_dags/example_setup_teardown_taskflow.py
[2024-06-18T13:18:12.261+0530] {processor.py:840} INFO - DAG(s) 'example_setup_teardown_taskflow' retrieved from /home/kiit/airflow-env/lib/python3.8/site-packages/airflow/example_dags/example_setup_teardown_taskflow.py
[2024-06-18T13:18:12.276+0530] {logging_mixin.py:188} INFO - [2024-06-18T13:18:12.275+0530] {dag.py:3096} INFO - Sync 1 DAGs
[2024-06-18T13:18:12.290+0530] {logging_mixin.py:188} INFO - [2024-06-18T13:18:12.289+0530] {dag.py:3954} INFO - Setting next_dagrun for example_setup_teardown_taskflow to 2024-06-17 00:00:00+00:00, run_after=2024-06-18 00:00:00+00:00
[2024-06-18T13:18:12.307+0530] {processor.py:183} INFO - Processing /home/kiit/airflow-env/lib/python3.8/site-packages/airflow/example_dags/example_setup_teardown_taskflow.py took 0.059 seconds
[2024-06-18T13:18:56.235+0530] {processor.py:161} INFO - Started process (PID=26279) to work on /home/kiit/airflow-env/lib/python3.8/site-packages/airflow/example_dags/example_setup_teardown_taskflow.py
[2024-06-18T13:18:56.236+0530] {processor.py:830} INFO - Processing file /home/kiit/airflow-env/lib/python3.8/site-packages/airflow/example_dags/example_setup_teardown_taskflow.py for tasks to queue
[2024-06-18T13:18:56.238+0530] {logging_mixin.py:188} INFO - [2024-06-18T13:18:56.238+0530] {dagbag.py:545} INFO - Filling up the DagBag from /home/kiit/airflow-env/lib/python3.8/site-packages/airflow/example_dags/example_setup_teardown_taskflow.py
[2024-06-18T13:18:56.248+0530] {processor.py:840} INFO - DAG(s) 'example_setup_teardown_taskflow' retrieved from /home/kiit/airflow-env/lib/python3.8/site-packages/airflow/example_dags/example_setup_teardown_taskflow.py
[2024-06-18T13:18:56.263+0530] {logging_mixin.py:188} INFO - [2024-06-18T13:18:56.262+0530] {dag.py:3096} INFO - Sync 1 DAGs
[2024-06-18T13:18:56.280+0530] {logging_mixin.py:188} INFO - [2024-06-18T13:18:56.280+0530] {dag.py:3954} INFO - Setting next_dagrun for example_setup_teardown_taskflow to 2024-06-17 00:00:00+00:00, run_after=2024-06-18 00:00:00+00:00
[2024-06-18T13:18:56.303+0530] {processor.py:183} INFO - Processing /home/kiit/airflow-env/lib/python3.8/site-packages/airflow/example_dags/example_setup_teardown_taskflow.py took 0.073 seconds
[2024-06-18T13:19:37.240+0530] {processor.py:161} INFO - Started process (PID=26328) to work on /home/kiit/airflow-env/lib/python3.8/site-packages/airflow/example_dags/example_setup_teardown_taskflow.py
[2024-06-18T13:19:37.247+0530] {processor.py:830} INFO - Processing file /home/kiit/airflow-env/lib/python3.8/site-packages/airflow/example_dags/example_setup_teardown_taskflow.py for tasks to queue
[2024-06-18T13:19:37.248+0530] {logging_mixin.py:188} INFO - [2024-06-18T13:19:37.248+0530] {dagbag.py:545} INFO - Filling up the DagBag from /home/kiit/airflow-env/lib/python3.8/site-packages/airflow/example_dags/example_setup_teardown_taskflow.py
[2024-06-18T13:19:37.254+0530] {processor.py:840} INFO - DAG(s) 'example_setup_teardown_taskflow' retrieved from /home/kiit/airflow-env/lib/python3.8/site-packages/airflow/example_dags/example_setup_teardown_taskflow.py
[2024-06-18T13:19:37.266+0530] {logging_mixin.py:188} INFO - [2024-06-18T13:19:37.266+0530] {dag.py:3096} INFO - Sync 1 DAGs
[2024-06-18T13:19:37.279+0530] {logging_mixin.py:188} INFO - [2024-06-18T13:19:37.279+0530] {dag.py:3954} INFO - Setting next_dagrun for example_setup_teardown_taskflow to 2024-06-17 00:00:00+00:00, run_after=2024-06-18 00:00:00+00:00
[2024-06-18T13:19:37.296+0530] {processor.py:183} INFO - Processing /home/kiit/airflow-env/lib/python3.8/site-packages/airflow/example_dags/example_setup_teardown_taskflow.py took 0.060 seconds
[2024-06-18T13:20:33.631+0530] {processor.py:161} INFO - Started process (PID=26402) to work on /home/kiit/airflow-env/lib/python3.8/site-packages/airflow/example_dags/example_setup_teardown_taskflow.py
[2024-06-18T13:20:33.632+0530] {processor.py:830} INFO - Processing file /home/kiit/airflow-env/lib/python3.8/site-packages/airflow/example_dags/example_setup_teardown_taskflow.py for tasks to queue
[2024-06-18T13:20:33.634+0530] {logging_mixin.py:188} INFO - [2024-06-18T13:20:33.634+0530] {dagbag.py:545} INFO - Filling up the DagBag from /home/kiit/airflow-env/lib/python3.8/site-packages/airflow/example_dags/example_setup_teardown_taskflow.py
[2024-06-18T13:20:33.640+0530] {processor.py:840} INFO - DAG(s) 'example_setup_teardown_taskflow' retrieved from /home/kiit/airflow-env/lib/python3.8/site-packages/airflow/example_dags/example_setup_teardown_taskflow.py
[2024-06-18T13:20:33.652+0530] {logging_mixin.py:188} INFO - [2024-06-18T13:20:33.652+0530] {dag.py:3096} INFO - Sync 1 DAGs
[2024-06-18T13:20:33.666+0530] {logging_mixin.py:188} INFO - [2024-06-18T13:20:33.665+0530] {dag.py:3954} INFO - Setting next_dagrun for example_setup_teardown_taskflow to 2024-06-17 00:00:00+00:00, run_after=2024-06-18 00:00:00+00:00
[2024-06-18T13:20:33.684+0530] {processor.py:183} INFO - Processing /home/kiit/airflow-env/lib/python3.8/site-packages/airflow/example_dags/example_setup_teardown_taskflow.py took 0.058 seconds
[2024-06-18T13:21:31.324+0530] {processor.py:161} INFO - Started process (PID=26469) to work on /home/kiit/airflow-env/lib/python3.8/site-packages/airflow/example_dags/example_setup_teardown_taskflow.py
[2024-06-18T13:21:31.325+0530] {processor.py:830} INFO - Processing file /home/kiit/airflow-env/lib/python3.8/site-packages/airflow/example_dags/example_setup_teardown_taskflow.py for tasks to queue
[2024-06-18T13:21:31.326+0530] {logging_mixin.py:188} INFO - [2024-06-18T13:21:31.326+0530] {dagbag.py:545} INFO - Filling up the DagBag from /home/kiit/airflow-env/lib/python3.8/site-packages/airflow/example_dags/example_setup_teardown_taskflow.py
[2024-06-18T13:21:31.333+0530] {processor.py:840} INFO - DAG(s) 'example_setup_teardown_taskflow' retrieved from /home/kiit/airflow-env/lib/python3.8/site-packages/airflow/example_dags/example_setup_teardown_taskflow.py
[2024-06-18T13:21:31.349+0530] {logging_mixin.py:188} INFO - [2024-06-18T13:21:31.348+0530] {dag.py:3096} INFO - Sync 1 DAGs
[2024-06-18T13:21:31.367+0530] {logging_mixin.py:188} INFO - [2024-06-18T13:21:31.367+0530] {dag.py:3954} INFO - Setting next_dagrun for example_setup_teardown_taskflow to 2024-06-17 00:00:00+00:00, run_after=2024-06-18 00:00:00+00:00
[2024-06-18T13:21:31.388+0530] {processor.py:183} INFO - Processing /home/kiit/airflow-env/lib/python3.8/site-packages/airflow/example_dags/example_setup_teardown_taskflow.py took 0.072 seconds
[2024-06-18T13:22:29.065+0530] {processor.py:161} INFO - Started process (PID=26542) to work on /home/kiit/airflow-env/lib/python3.8/site-packages/airflow/example_dags/example_setup_teardown_taskflow.py
[2024-06-18T13:22:29.066+0530] {processor.py:830} INFO - Processing file /home/kiit/airflow-env/lib/python3.8/site-packages/airflow/example_dags/example_setup_teardown_taskflow.py for tasks to queue
[2024-06-18T13:22:29.067+0530] {logging_mixin.py:188} INFO - [2024-06-18T13:22:29.067+0530] {dagbag.py:545} INFO - Filling up the DagBag from /home/kiit/airflow-env/lib/python3.8/site-packages/airflow/example_dags/example_setup_teardown_taskflow.py
[2024-06-18T13:22:29.076+0530] {processor.py:840} INFO - DAG(s) 'example_setup_teardown_taskflow' retrieved from /home/kiit/airflow-env/lib/python3.8/site-packages/airflow/example_dags/example_setup_teardown_taskflow.py
[2024-06-18T13:22:29.093+0530] {logging_mixin.py:188} INFO - [2024-06-18T13:22:29.093+0530] {dag.py:3096} INFO - Sync 1 DAGs
[2024-06-18T13:22:29.110+0530] {logging_mixin.py:188} INFO - [2024-06-18T13:22:29.110+0530] {dag.py:3954} INFO - Setting next_dagrun for example_setup_teardown_taskflow to 2024-06-17 00:00:00+00:00, run_after=2024-06-18 00:00:00+00:00
[2024-06-18T13:22:29.131+0530] {processor.py:183} INFO - Processing /home/kiit/airflow-env/lib/python3.8/site-packages/airflow/example_dags/example_setup_teardown_taskflow.py took 0.072 seconds
[2024-06-18T13:23:24.648+0530] {processor.py:161} INFO - Started process (PID=26607) to work on /home/kiit/airflow-env/lib/python3.8/site-packages/airflow/example_dags/example_setup_teardown_taskflow.py
[2024-06-18T13:23:24.649+0530] {processor.py:830} INFO - Processing file /home/kiit/airflow-env/lib/python3.8/site-packages/airflow/example_dags/example_setup_teardown_taskflow.py for tasks to queue
[2024-06-18T13:23:24.651+0530] {logging_mixin.py:188} INFO - [2024-06-18T13:23:24.650+0530] {dagbag.py:545} INFO - Filling up the DagBag from /home/kiit/airflow-env/lib/python3.8/site-packages/airflow/example_dags/example_setup_teardown_taskflow.py
[2024-06-18T13:23:24.658+0530] {processor.py:840} INFO - DAG(s) 'example_setup_teardown_taskflow' retrieved from /home/kiit/airflow-env/lib/python3.8/site-packages/airflow/example_dags/example_setup_teardown_taskflow.py
[2024-06-18T13:23:24.670+0530] {logging_mixin.py:188} INFO - [2024-06-18T13:23:24.670+0530] {dag.py:3096} INFO - Sync 1 DAGs
[2024-06-18T13:23:24.683+0530] {logging_mixin.py:188} INFO - [2024-06-18T13:23:24.682+0530] {dag.py:3954} INFO - Setting next_dagrun for example_setup_teardown_taskflow to 2024-06-17 00:00:00+00:00, run_after=2024-06-18 00:00:00+00:00
[2024-06-18T13:23:24.701+0530] {processor.py:183} INFO - Processing /home/kiit/airflow-env/lib/python3.8/site-packages/airflow/example_dags/example_setup_teardown_taskflow.py took 0.057 seconds
[2024-06-18T13:24:23.782+0530] {processor.py:161} INFO - Started process (PID=26682) to work on /home/kiit/airflow-env/lib/python3.8/site-packages/airflow/example_dags/example_setup_teardown_taskflow.py
[2024-06-18T13:24:23.783+0530] {processor.py:830} INFO - Processing file /home/kiit/airflow-env/lib/python3.8/site-packages/airflow/example_dags/example_setup_teardown_taskflow.py for tasks to queue
[2024-06-18T13:24:23.785+0530] {logging_mixin.py:188} INFO - [2024-06-18T13:24:23.784+0530] {dagbag.py:545} INFO - Filling up the DagBag from /home/kiit/airflow-env/lib/python3.8/site-packages/airflow/example_dags/example_setup_teardown_taskflow.py
[2024-06-18T13:24:23.791+0530] {processor.py:840} INFO - DAG(s) 'example_setup_teardown_taskflow' retrieved from /home/kiit/airflow-env/lib/python3.8/site-packages/airflow/example_dags/example_setup_teardown_taskflow.py
[2024-06-18T13:24:23.806+0530] {logging_mixin.py:188} INFO - [2024-06-18T13:24:23.806+0530] {dag.py:3096} INFO - Sync 1 DAGs
[2024-06-18T13:24:23.824+0530] {logging_mixin.py:188} INFO - [2024-06-18T13:24:23.824+0530] {dag.py:3954} INFO - Setting next_dagrun for example_setup_teardown_taskflow to 2024-06-17 00:00:00+00:00, run_after=2024-06-18 00:00:00+00:00
[2024-06-18T13:24:23.845+0530] {processor.py:183} INFO - Processing /home/kiit/airflow-env/lib/python3.8/site-packages/airflow/example_dags/example_setup_teardown_taskflow.py took 0.067 seconds
[2024-06-18T13:25:20.369+0530] {processor.py:161} INFO - Started process (PID=26754) to work on /home/kiit/airflow-env/lib/python3.8/site-packages/airflow/example_dags/example_setup_teardown_taskflow.py
[2024-06-18T13:25:20.370+0530] {processor.py:830} INFO - Processing file /home/kiit/airflow-env/lib/python3.8/site-packages/airflow/example_dags/example_setup_teardown_taskflow.py for tasks to queue
[2024-06-18T13:25:20.373+0530] {logging_mixin.py:188} INFO - [2024-06-18T13:25:20.373+0530] {dagbag.py:545} INFO - Filling up the DagBag from /home/kiit/airflow-env/lib/python3.8/site-packages/airflow/example_dags/example_setup_teardown_taskflow.py
[2024-06-18T13:25:20.383+0530] {processor.py:840} INFO - DAG(s) 'example_setup_teardown_taskflow' retrieved from /home/kiit/airflow-env/lib/python3.8/site-packages/airflow/example_dags/example_setup_teardown_taskflow.py
[2024-06-18T13:25:20.396+0530] {logging_mixin.py:188} INFO - [2024-06-18T13:25:20.396+0530] {dag.py:3096} INFO - Sync 1 DAGs
[2024-06-18T13:25:20.411+0530] {logging_mixin.py:188} INFO - [2024-06-18T13:25:20.411+0530] {dag.py:3954} INFO - Setting next_dagrun for example_setup_teardown_taskflow to 2024-06-17 00:00:00+00:00, run_after=2024-06-18 00:00:00+00:00
[2024-06-18T13:25:20.429+0530] {processor.py:183} INFO - Processing /home/kiit/airflow-env/lib/python3.8/site-packages/airflow/example_dags/example_setup_teardown_taskflow.py took 0.066 seconds
[2024-06-18T13:26:18.694+0530] {processor.py:161} INFO - Started process (PID=26827) to work on /home/kiit/airflow-env/lib/python3.8/site-packages/airflow/example_dags/example_setup_teardown_taskflow.py
[2024-06-18T13:26:18.696+0530] {processor.py:830} INFO - Processing file /home/kiit/airflow-env/lib/python3.8/site-packages/airflow/example_dags/example_setup_teardown_taskflow.py for tasks to queue
[2024-06-18T13:26:18.697+0530] {logging_mixin.py:188} INFO - [2024-06-18T13:26:18.696+0530] {dagbag.py:545} INFO - Filling up the DagBag from /home/kiit/airflow-env/lib/python3.8/site-packages/airflow/example_dags/example_setup_teardown_taskflow.py
[2024-06-18T13:26:18.703+0530] {processor.py:840} INFO - DAG(s) 'example_setup_teardown_taskflow' retrieved from /home/kiit/airflow-env/lib/python3.8/site-packages/airflow/example_dags/example_setup_teardown_taskflow.py
[2024-06-18T13:26:18.715+0530] {logging_mixin.py:188} INFO - [2024-06-18T13:26:18.714+0530] {dag.py:3096} INFO - Sync 1 DAGs
[2024-06-18T13:26:18.732+0530] {logging_mixin.py:188} INFO - [2024-06-18T13:26:18.732+0530] {dag.py:3954} INFO - Setting next_dagrun for example_setup_teardown_taskflow to 2024-06-17 00:00:00+00:00, run_after=2024-06-18 00:00:00+00:00
[2024-06-18T13:26:18.761+0530] {processor.py:183} INFO - Processing /home/kiit/airflow-env/lib/python3.8/site-packages/airflow/example_dags/example_setup_teardown_taskflow.py took 0.072 seconds
[2024-06-18T13:27:07.405+0530] {processor.py:161} INFO - Started process (PID=26876) to work on /home/kiit/airflow-env/lib/python3.8/site-packages/airflow/example_dags/example_setup_teardown_taskflow.py
[2024-06-18T13:27:07.407+0530] {processor.py:830} INFO - Processing file /home/kiit/airflow-env/lib/python3.8/site-packages/airflow/example_dags/example_setup_teardown_taskflow.py for tasks to queue
[2024-06-18T13:27:07.409+0530] {logging_mixin.py:188} INFO - [2024-06-18T13:27:07.409+0530] {dagbag.py:545} INFO - Filling up the DagBag from /home/kiit/airflow-env/lib/python3.8/site-packages/airflow/example_dags/example_setup_teardown_taskflow.py
[2024-06-18T13:27:07.416+0530] {processor.py:840} INFO - DAG(s) 'example_setup_teardown_taskflow' retrieved from /home/kiit/airflow-env/lib/python3.8/site-packages/airflow/example_dags/example_setup_teardown_taskflow.py
[2024-06-18T13:27:07.431+0530] {logging_mixin.py:188} INFO - [2024-06-18T13:27:07.431+0530] {dag.py:3096} INFO - Sync 1 DAGs
[2024-06-18T13:27:07.446+0530] {logging_mixin.py:188} INFO - [2024-06-18T13:27:07.446+0530] {dag.py:3954} INFO - Setting next_dagrun for example_setup_teardown_taskflow to 2024-06-17 00:00:00+00:00, run_after=2024-06-18 00:00:00+00:00
[2024-06-18T13:27:07.466+0530] {processor.py:183} INFO - Processing /home/kiit/airflow-env/lib/python3.8/site-packages/airflow/example_dags/example_setup_teardown_taskflow.py took 0.065 seconds
[2024-06-18T13:28:04.798+0530] {processor.py:161} INFO - Started process (PID=26932) to work on /home/kiit/airflow-env/lib/python3.8/site-packages/airflow/example_dags/example_setup_teardown_taskflow.py
[2024-06-18T13:28:04.806+0530] {processor.py:830} INFO - Processing file /home/kiit/airflow-env/lib/python3.8/site-packages/airflow/example_dags/example_setup_teardown_taskflow.py for tasks to queue
[2024-06-18T13:28:04.811+0530] {logging_mixin.py:188} INFO - [2024-06-18T13:28:04.810+0530] {dagbag.py:545} INFO - Filling up the DagBag from /home/kiit/airflow-env/lib/python3.8/site-packages/airflow/example_dags/example_setup_teardown_taskflow.py
[2024-06-18T13:28:04.854+0530] {processor.py:840} INFO - DAG(s) 'example_setup_teardown_taskflow' retrieved from /home/kiit/airflow-env/lib/python3.8/site-packages/airflow/example_dags/example_setup_teardown_taskflow.py
[2024-06-18T13:28:04.928+0530] {logging_mixin.py:188} INFO - [2024-06-18T13:28:04.928+0530] {dag.py:3096} INFO - Sync 1 DAGs
[2024-06-18T13:28:04.995+0530] {logging_mixin.py:188} INFO - [2024-06-18T13:28:04.994+0530] {dag.py:3954} INFO - Setting next_dagrun for example_setup_teardown_taskflow to 2024-06-17 00:00:00+00:00, run_after=2024-06-18 00:00:00+00:00
[2024-06-18T13:28:05.078+0530] {processor.py:183} INFO - Processing /home/kiit/airflow-env/lib/python3.8/site-packages/airflow/example_dags/example_setup_teardown_taskflow.py took 0.306 seconds
[2024-06-18T13:29:27.183+0530] {processor.py:161} INFO - Started process (PID=27001) to work on /home/kiit/airflow-env/lib/python3.8/site-packages/airflow/example_dags/example_setup_teardown_taskflow.py
[2024-06-18T13:29:27.184+0530] {processor.py:830} INFO - Processing file /home/kiit/airflow-env/lib/python3.8/site-packages/airflow/example_dags/example_setup_teardown_taskflow.py for tasks to queue
[2024-06-18T13:29:27.185+0530] {logging_mixin.py:188} INFO - [2024-06-18T13:29:27.185+0530] {dagbag.py:545} INFO - Filling up the DagBag from /home/kiit/airflow-env/lib/python3.8/site-packages/airflow/example_dags/example_setup_teardown_taskflow.py
[2024-06-18T13:29:27.194+0530] {processor.py:840} INFO - DAG(s) 'example_setup_teardown_taskflow' retrieved from /home/kiit/airflow-env/lib/python3.8/site-packages/airflow/example_dags/example_setup_teardown_taskflow.py
[2024-06-18T13:29:27.207+0530] {logging_mixin.py:188} INFO - [2024-06-18T13:29:27.207+0530] {dag.py:3096} INFO - Sync 1 DAGs
[2024-06-18T13:29:27.225+0530] {logging_mixin.py:188} INFO - [2024-06-18T13:29:27.225+0530] {dag.py:3954} INFO - Setting next_dagrun for example_setup_teardown_taskflow to 2024-06-17 00:00:00+00:00, run_after=2024-06-18 00:00:00+00:00
[2024-06-18T13:29:27.249+0530] {processor.py:183} INFO - Processing /home/kiit/airflow-env/lib/python3.8/site-packages/airflow/example_dags/example_setup_teardown_taskflow.py took 0.073 seconds
[2024-06-18T13:30:20.519+0530] {processor.py:161} INFO - Started process (PID=27075) to work on /home/kiit/airflow-env/lib/python3.8/site-packages/airflow/example_dags/example_setup_teardown_taskflow.py
[2024-06-18T13:30:20.521+0530] {processor.py:830} INFO - Processing file /home/kiit/airflow-env/lib/python3.8/site-packages/airflow/example_dags/example_setup_teardown_taskflow.py for tasks to queue
[2024-06-18T13:30:20.522+0530] {logging_mixin.py:188} INFO - [2024-06-18T13:30:20.522+0530] {dagbag.py:545} INFO - Filling up the DagBag from /home/kiit/airflow-env/lib/python3.8/site-packages/airflow/example_dags/example_setup_teardown_taskflow.py
[2024-06-18T13:30:20.532+0530] {processor.py:840} INFO - DAG(s) 'example_setup_teardown_taskflow' retrieved from /home/kiit/airflow-env/lib/python3.8/site-packages/airflow/example_dags/example_setup_teardown_taskflow.py
[2024-06-18T13:30:20.553+0530] {logging_mixin.py:188} INFO - [2024-06-18T13:30:20.552+0530] {dag.py:3096} INFO - Sync 1 DAGs
[2024-06-18T13:30:20.570+0530] {logging_mixin.py:188} INFO - [2024-06-18T13:30:20.570+0530] {dag.py:3954} INFO - Setting next_dagrun for example_setup_teardown_taskflow to 2024-06-17 00:00:00+00:00, run_after=2024-06-18 00:00:00+00:00
[2024-06-18T13:30:20.595+0530] {processor.py:183} INFO - Processing /home/kiit/airflow-env/lib/python3.8/site-packages/airflow/example_dags/example_setup_teardown_taskflow.py took 0.086 seconds
[2024-06-18T13:31:13.346+0530] {processor.py:161} INFO - Started process (PID=27136) to work on /home/kiit/airflow-env/lib/python3.8/site-packages/airflow/example_dags/example_setup_teardown_taskflow.py
[2024-06-18T13:31:13.355+0530] {processor.py:830} INFO - Processing file /home/kiit/airflow-env/lib/python3.8/site-packages/airflow/example_dags/example_setup_teardown_taskflow.py for tasks to queue
[2024-06-18T13:31:13.361+0530] {logging_mixin.py:188} INFO - [2024-06-18T13:31:13.359+0530] {dagbag.py:545} INFO - Filling up the DagBag from /home/kiit/airflow-env/lib/python3.8/site-packages/airflow/example_dags/example_setup_teardown_taskflow.py
[2024-06-18T13:31:13.400+0530] {processor.py:840} INFO - DAG(s) 'example_setup_teardown_taskflow' retrieved from /home/kiit/airflow-env/lib/python3.8/site-packages/airflow/example_dags/example_setup_teardown_taskflow.py
[2024-06-18T13:31:13.549+0530] {logging_mixin.py:188} INFO - [2024-06-18T13:31:13.548+0530] {dag.py:3096} INFO - Sync 1 DAGs
[2024-06-18T13:31:13.666+0530] {logging_mixin.py:188} INFO - [2024-06-18T13:31:13.665+0530] {dag.py:3954} INFO - Setting next_dagrun for example_setup_teardown_taskflow to 2024-06-17 00:00:00+00:00, run_after=2024-06-18 00:00:00+00:00
[2024-06-18T13:31:14.166+0530] {processor.py:183} INFO - Processing /home/kiit/airflow-env/lib/python3.8/site-packages/airflow/example_dags/example_setup_teardown_taskflow.py took 0.853 seconds
[2024-06-18T13:32:06.926+0530] {processor.py:161} INFO - Started process (PID=27558) to work on /home/kiit/airflow-env/lib/python3.8/site-packages/airflow/example_dags/example_setup_teardown_taskflow.py
[2024-06-18T13:32:06.927+0530] {processor.py:830} INFO - Processing file /home/kiit/airflow-env/lib/python3.8/site-packages/airflow/example_dags/example_setup_teardown_taskflow.py for tasks to queue
[2024-06-18T13:32:06.929+0530] {logging_mixin.py:188} INFO - [2024-06-18T13:32:06.929+0530] {dagbag.py:545} INFO - Filling up the DagBag from /home/kiit/airflow-env/lib/python3.8/site-packages/airflow/example_dags/example_setup_teardown_taskflow.py
[2024-06-18T13:32:06.936+0530] {processor.py:840} INFO - DAG(s) 'example_setup_teardown_taskflow' retrieved from /home/kiit/airflow-env/lib/python3.8/site-packages/airflow/example_dags/example_setup_teardown_taskflow.py
[2024-06-18T13:32:06.947+0530] {logging_mixin.py:188} INFO - [2024-06-18T13:32:06.947+0530] {dag.py:3096} INFO - Sync 1 DAGs
[2024-06-18T13:32:06.960+0530] {logging_mixin.py:188} INFO - [2024-06-18T13:32:06.960+0530] {dag.py:3954} INFO - Setting next_dagrun for example_setup_teardown_taskflow to 2024-06-17 00:00:00+00:00, run_after=2024-06-18 00:00:00+00:00
[2024-06-18T13:32:06.977+0530] {processor.py:183} INFO - Processing /home/kiit/airflow-env/lib/python3.8/site-packages/airflow/example_dags/example_setup_teardown_taskflow.py took 0.054 seconds
[2024-06-18T13:33:01.364+0530] {processor.py:161} INFO - Started process (PID=28200) to work on /home/kiit/airflow-env/lib/python3.8/site-packages/airflow/example_dags/example_setup_teardown_taskflow.py
[2024-06-18T13:33:01.366+0530] {processor.py:830} INFO - Processing file /home/kiit/airflow-env/lib/python3.8/site-packages/airflow/example_dags/example_setup_teardown_taskflow.py for tasks to queue
[2024-06-18T13:33:01.367+0530] {logging_mixin.py:188} INFO - [2024-06-18T13:33:01.367+0530] {dagbag.py:545} INFO - Filling up the DagBag from /home/kiit/airflow-env/lib/python3.8/site-packages/airflow/example_dags/example_setup_teardown_taskflow.py
[2024-06-18T13:33:01.378+0530] {processor.py:840} INFO - DAG(s) 'example_setup_teardown_taskflow' retrieved from /home/kiit/airflow-env/lib/python3.8/site-packages/airflow/example_dags/example_setup_teardown_taskflow.py
[2024-06-18T13:33:01.396+0530] {logging_mixin.py:188} INFO - [2024-06-18T13:33:01.396+0530] {dag.py:3096} INFO - Sync 1 DAGs
[2024-06-18T13:33:01.416+0530] {logging_mixin.py:188} INFO - [2024-06-18T13:33:01.415+0530] {dag.py:3954} INFO - Setting next_dagrun for example_setup_teardown_taskflow to 2024-06-17 00:00:00+00:00, run_after=2024-06-18 00:00:00+00:00
[2024-06-18T13:33:01.439+0530] {processor.py:183} INFO - Processing /home/kiit/airflow-env/lib/python3.8/site-packages/airflow/example_dags/example_setup_teardown_taskflow.py took 0.081 seconds
[2024-06-18T13:33:44.957+0530] {processor.py:161} INFO - Started process (PID=30230) to work on /home/kiit/airflow-env/lib/python3.8/site-packages/airflow/example_dags/example_setup_teardown_taskflow.py
[2024-06-18T13:33:44.964+0530] {processor.py:830} INFO - Processing file /home/kiit/airflow-env/lib/python3.8/site-packages/airflow/example_dags/example_setup_teardown_taskflow.py for tasks to queue
[2024-06-18T13:33:44.965+0530] {logging_mixin.py:188} INFO - [2024-06-18T13:33:44.965+0530] {dagbag.py:545} INFO - Filling up the DagBag from /home/kiit/airflow-env/lib/python3.8/site-packages/airflow/example_dags/example_setup_teardown_taskflow.py
[2024-06-18T13:33:44.972+0530] {processor.py:840} INFO - DAG(s) 'example_setup_teardown_taskflow' retrieved from /home/kiit/airflow-env/lib/python3.8/site-packages/airflow/example_dags/example_setup_teardown_taskflow.py
[2024-06-18T13:33:44.986+0530] {logging_mixin.py:188} INFO - [2024-06-18T13:33:44.986+0530] {dag.py:3096} INFO - Sync 1 DAGs
[2024-06-18T13:33:45.001+0530] {logging_mixin.py:188} INFO - [2024-06-18T13:33:45.000+0530] {dag.py:3954} INFO - Setting next_dagrun for example_setup_teardown_taskflow to 2024-06-17 00:00:00+00:00, run_after=2024-06-18 00:00:00+00:00
[2024-06-18T13:33:45.018+0530] {processor.py:183} INFO - Processing /home/kiit/airflow-env/lib/python3.8/site-packages/airflow/example_dags/example_setup_teardown_taskflow.py took 0.065 seconds
[2024-06-18T13:34:26.122+0530] {processor.py:161} INFO - Started process (PID=30452) to work on /home/kiit/airflow-env/lib/python3.8/site-packages/airflow/example_dags/example_setup_teardown_taskflow.py
[2024-06-18T13:34:26.130+0530] {processor.py:830} INFO - Processing file /home/kiit/airflow-env/lib/python3.8/site-packages/airflow/example_dags/example_setup_teardown_taskflow.py for tasks to queue
[2024-06-18T13:34:26.132+0530] {logging_mixin.py:188} INFO - [2024-06-18T13:34:26.132+0530] {dagbag.py:545} INFO - Filling up the DagBag from /home/kiit/airflow-env/lib/python3.8/site-packages/airflow/example_dags/example_setup_teardown_taskflow.py
[2024-06-18T13:34:26.139+0530] {processor.py:840} INFO - DAG(s) 'example_setup_teardown_taskflow' retrieved from /home/kiit/airflow-env/lib/python3.8/site-packages/airflow/example_dags/example_setup_teardown_taskflow.py
[2024-06-18T13:34:26.152+0530] {logging_mixin.py:188} INFO - [2024-06-18T13:34:26.152+0530] {dag.py:3096} INFO - Sync 1 DAGs
[2024-06-18T13:34:26.164+0530] {logging_mixin.py:188} INFO - [2024-06-18T13:34:26.164+0530] {dag.py:3954} INFO - Setting next_dagrun for example_setup_teardown_taskflow to 2024-06-17 00:00:00+00:00, run_after=2024-06-18 00:00:00+00:00
[2024-06-18T13:34:26.186+0530] {processor.py:183} INFO - Processing /home/kiit/airflow-env/lib/python3.8/site-packages/airflow/example_dags/example_setup_teardown_taskflow.py took 0.069 seconds
[2024-06-18T13:35:26.955+0530] {processor.py:161} INFO - Started process (PID=30522) to work on /home/kiit/airflow-env/lib/python3.8/site-packages/airflow/example_dags/example_setup_teardown_taskflow.py
[2024-06-18T13:35:26.956+0530] {processor.py:830} INFO - Processing file /home/kiit/airflow-env/lib/python3.8/site-packages/airflow/example_dags/example_setup_teardown_taskflow.py for tasks to queue
[2024-06-18T13:35:26.958+0530] {logging_mixin.py:188} INFO - [2024-06-18T13:35:26.958+0530] {dagbag.py:545} INFO - Filling up the DagBag from /home/kiit/airflow-env/lib/python3.8/site-packages/airflow/example_dags/example_setup_teardown_taskflow.py
[2024-06-18T13:35:26.964+0530] {processor.py:840} INFO - DAG(s) 'example_setup_teardown_taskflow' retrieved from /home/kiit/airflow-env/lib/python3.8/site-packages/airflow/example_dags/example_setup_teardown_taskflow.py
[2024-06-18T13:35:26.978+0530] {logging_mixin.py:188} INFO - [2024-06-18T13:35:26.978+0530] {dag.py:3096} INFO - Sync 1 DAGs
[2024-06-18T13:35:26.992+0530] {logging_mixin.py:188} INFO - [2024-06-18T13:35:26.992+0530] {dag.py:3954} INFO - Setting next_dagrun for example_setup_teardown_taskflow to 2024-06-17 00:00:00+00:00, run_after=2024-06-18 00:00:00+00:00
[2024-06-18T13:35:27.012+0530] {processor.py:183} INFO - Processing /home/kiit/airflow-env/lib/python3.8/site-packages/airflow/example_dags/example_setup_teardown_taskflow.py took 0.061 seconds
[2024-06-18T13:36:09.955+0530] {processor.py:161} INFO - Started process (PID=30572) to work on /home/kiit/airflow-env/lib/python3.8/site-packages/airflow/example_dags/example_setup_teardown_taskflow.py
[2024-06-18T13:36:09.958+0530] {processor.py:830} INFO - Processing file /home/kiit/airflow-env/lib/python3.8/site-packages/airflow/example_dags/example_setup_teardown_taskflow.py for tasks to queue
[2024-06-18T13:36:09.961+0530] {logging_mixin.py:188} INFO - [2024-06-18T13:36:09.960+0530] {dagbag.py:545} INFO - Filling up the DagBag from /home/kiit/airflow-env/lib/python3.8/site-packages/airflow/example_dags/example_setup_teardown_taskflow.py
[2024-06-18T13:36:09.981+0530] {processor.py:840} INFO - DAG(s) 'example_setup_teardown_taskflow' retrieved from /home/kiit/airflow-env/lib/python3.8/site-packages/airflow/example_dags/example_setup_teardown_taskflow.py
[2024-06-18T13:36:10.027+0530] {logging_mixin.py:188} INFO - [2024-06-18T13:36:10.026+0530] {dag.py:3096} INFO - Sync 1 DAGs
[2024-06-18T13:36:10.072+0530] {logging_mixin.py:188} INFO - [2024-06-18T13:36:10.071+0530] {dag.py:3954} INFO - Setting next_dagrun for example_setup_teardown_taskflow to 2024-06-17 00:00:00+00:00, run_after=2024-06-18 00:00:00+00:00
[2024-06-18T13:36:10.113+0530] {processor.py:183} INFO - Processing /home/kiit/airflow-env/lib/python3.8/site-packages/airflow/example_dags/example_setup_teardown_taskflow.py took 0.170 seconds
[2024-06-18T13:36:53.051+0530] {processor.py:161} INFO - Started process (PID=30623) to work on /home/kiit/airflow-env/lib/python3.8/site-packages/airflow/example_dags/example_setup_teardown_taskflow.py
[2024-06-18T13:36:53.052+0530] {processor.py:830} INFO - Processing file /home/kiit/airflow-env/lib/python3.8/site-packages/airflow/example_dags/example_setup_teardown_taskflow.py for tasks to queue
[2024-06-18T13:36:53.054+0530] {logging_mixin.py:188} INFO - [2024-06-18T13:36:53.054+0530] {dagbag.py:545} INFO - Filling up the DagBag from /home/kiit/airflow-env/lib/python3.8/site-packages/airflow/example_dags/example_setup_teardown_taskflow.py
[2024-06-18T13:36:53.062+0530] {processor.py:840} INFO - DAG(s) 'example_setup_teardown_taskflow' retrieved from /home/kiit/airflow-env/lib/python3.8/site-packages/airflow/example_dags/example_setup_teardown_taskflow.py
[2024-06-18T13:36:53.074+0530] {logging_mixin.py:188} INFO - [2024-06-18T13:36:53.074+0530] {dag.py:3096} INFO - Sync 1 DAGs
[2024-06-18T13:36:53.086+0530] {logging_mixin.py:188} INFO - [2024-06-18T13:36:53.085+0530] {dag.py:3954} INFO - Setting next_dagrun for example_setup_teardown_taskflow to 2024-06-17 00:00:00+00:00, run_after=2024-06-18 00:00:00+00:00
[2024-06-18T13:36:53.104+0530] {processor.py:183} INFO - Processing /home/kiit/airflow-env/lib/python3.8/site-packages/airflow/example_dags/example_setup_teardown_taskflow.py took 0.057 seconds
[2024-06-18T13:37:56.433+0530] {processor.py:161} INFO - Started process (PID=30698) to work on /home/kiit/airflow-env/lib/python3.8/site-packages/airflow/example_dags/example_setup_teardown_taskflow.py
[2024-06-18T13:37:56.434+0530] {processor.py:830} INFO - Processing file /home/kiit/airflow-env/lib/python3.8/site-packages/airflow/example_dags/example_setup_teardown_taskflow.py for tasks to queue
[2024-06-18T13:37:56.436+0530] {logging_mixin.py:188} INFO - [2024-06-18T13:37:56.435+0530] {dagbag.py:545} INFO - Filling up the DagBag from /home/kiit/airflow-env/lib/python3.8/site-packages/airflow/example_dags/example_setup_teardown_taskflow.py
[2024-06-18T13:37:56.450+0530] {processor.py:840} INFO - DAG(s) 'example_setup_teardown_taskflow' retrieved from /home/kiit/airflow-env/lib/python3.8/site-packages/airflow/example_dags/example_setup_teardown_taskflow.py
[2024-06-18T13:37:56.472+0530] {logging_mixin.py:188} INFO - [2024-06-18T13:37:56.471+0530] {dag.py:3096} INFO - Sync 1 DAGs
[2024-06-18T13:37:56.492+0530] {logging_mixin.py:188} INFO - [2024-06-18T13:37:56.492+0530] {dag.py:3954} INFO - Setting next_dagrun for example_setup_teardown_taskflow to 2024-06-17 00:00:00+00:00, run_after=2024-06-18 00:00:00+00:00
[2024-06-18T13:37:56.519+0530] {processor.py:183} INFO - Processing /home/kiit/airflow-env/lib/python3.8/site-packages/airflow/example_dags/example_setup_teardown_taskflow.py took 0.095 seconds
[2024-06-18T13:38:50.594+0530] {processor.py:161} INFO - Started process (PID=30754) to work on /home/kiit/airflow-env/lib/python3.8/site-packages/airflow/example_dags/example_setup_teardown_taskflow.py
[2024-06-18T13:38:50.595+0530] {processor.py:830} INFO - Processing file /home/kiit/airflow-env/lib/python3.8/site-packages/airflow/example_dags/example_setup_teardown_taskflow.py for tasks to queue
[2024-06-18T13:38:50.597+0530] {logging_mixin.py:188} INFO - [2024-06-18T13:38:50.596+0530] {dagbag.py:545} INFO - Filling up the DagBag from /home/kiit/airflow-env/lib/python3.8/site-packages/airflow/example_dags/example_setup_teardown_taskflow.py
[2024-06-18T13:38:50.605+0530] {processor.py:840} INFO - DAG(s) 'example_setup_teardown_taskflow' retrieved from /home/kiit/airflow-env/lib/python3.8/site-packages/airflow/example_dags/example_setup_teardown_taskflow.py
[2024-06-18T13:38:50.619+0530] {logging_mixin.py:188} INFO - [2024-06-18T13:38:50.619+0530] {dag.py:3096} INFO - Sync 1 DAGs
[2024-06-18T13:38:50.635+0530] {logging_mixin.py:188} INFO - [2024-06-18T13:38:50.635+0530] {dag.py:3954} INFO - Setting next_dagrun for example_setup_teardown_taskflow to 2024-06-17 00:00:00+00:00, run_after=2024-06-18 00:00:00+00:00
[2024-06-18T13:38:50.655+0530] {processor.py:183} INFO - Processing /home/kiit/airflow-env/lib/python3.8/site-packages/airflow/example_dags/example_setup_teardown_taskflow.py took 0.068 seconds
[2024-06-18T13:39:35.568+0530] {processor.py:161} INFO - Started process (PID=30809) to work on /home/kiit/airflow-env/lib/python3.8/site-packages/airflow/example_dags/example_setup_teardown_taskflow.py
[2024-06-18T13:39:35.575+0530] {processor.py:830} INFO - Processing file /home/kiit/airflow-env/lib/python3.8/site-packages/airflow/example_dags/example_setup_teardown_taskflow.py for tasks to queue
[2024-06-18T13:39:35.576+0530] {logging_mixin.py:188} INFO - [2024-06-18T13:39:35.576+0530] {dagbag.py:545} INFO - Filling up the DagBag from /home/kiit/airflow-env/lib/python3.8/site-packages/airflow/example_dags/example_setup_teardown_taskflow.py
[2024-06-18T13:39:35.583+0530] {processor.py:840} INFO - DAG(s) 'example_setup_teardown_taskflow' retrieved from /home/kiit/airflow-env/lib/python3.8/site-packages/airflow/example_dags/example_setup_teardown_taskflow.py
[2024-06-18T13:39:35.594+0530] {logging_mixin.py:188} INFO - [2024-06-18T13:39:35.594+0530] {dag.py:3096} INFO - Sync 1 DAGs
[2024-06-18T13:39:35.606+0530] {logging_mixin.py:188} INFO - [2024-06-18T13:39:35.606+0530] {dag.py:3954} INFO - Setting next_dagrun for example_setup_teardown_taskflow to 2024-06-17 00:00:00+00:00, run_after=2024-06-18 00:00:00+00:00
[2024-06-18T13:39:35.623+0530] {processor.py:183} INFO - Processing /home/kiit/airflow-env/lib/python3.8/site-packages/airflow/example_dags/example_setup_teardown_taskflow.py took 0.060 seconds
[2024-06-18T13:40:15.076+0530] {processor.py:161} INFO - Started process (PID=30923) to work on /home/kiit/airflow-env/lib/python3.8/site-packages/airflow/example_dags/example_setup_teardown_taskflow.py
[2024-06-18T13:40:15.082+0530] {processor.py:830} INFO - Processing file /home/kiit/airflow-env/lib/python3.8/site-packages/airflow/example_dags/example_setup_teardown_taskflow.py for tasks to queue
[2024-06-18T13:40:15.084+0530] {logging_mixin.py:188} INFO - [2024-06-18T13:40:15.083+0530] {dagbag.py:545} INFO - Filling up the DagBag from /home/kiit/airflow-env/lib/python3.8/site-packages/airflow/example_dags/example_setup_teardown_taskflow.py
[2024-06-18T13:40:15.094+0530] {processor.py:840} INFO - DAG(s) 'example_setup_teardown_taskflow' retrieved from /home/kiit/airflow-env/lib/python3.8/site-packages/airflow/example_dags/example_setup_teardown_taskflow.py
[2024-06-18T13:40:15.105+0530] {logging_mixin.py:188} INFO - [2024-06-18T13:40:15.105+0530] {dag.py:3096} INFO - Sync 1 DAGs
[2024-06-18T13:40:15.120+0530] {logging_mixin.py:188} INFO - [2024-06-18T13:40:15.120+0530] {dag.py:3954} INFO - Setting next_dagrun for example_setup_teardown_taskflow to 2024-06-17 00:00:00+00:00, run_after=2024-06-18 00:00:00+00:00
[2024-06-18T13:40:15.135+0530] {processor.py:183} INFO - Processing /home/kiit/airflow-env/lib/python3.8/site-packages/airflow/example_dags/example_setup_teardown_taskflow.py took 0.068 seconds
[2024-06-18T13:40:56.877+0530] {processor.py:161} INFO - Started process (PID=30972) to work on /home/kiit/airflow-env/lib/python3.8/site-packages/airflow/example_dags/example_setup_teardown_taskflow.py
[2024-06-18T13:40:56.885+0530] {processor.py:830} INFO - Processing file /home/kiit/airflow-env/lib/python3.8/site-packages/airflow/example_dags/example_setup_teardown_taskflow.py for tasks to queue
[2024-06-18T13:40:56.886+0530] {logging_mixin.py:188} INFO - [2024-06-18T13:40:56.886+0530] {dagbag.py:545} INFO - Filling up the DagBag from /home/kiit/airflow-env/lib/python3.8/site-packages/airflow/example_dags/example_setup_teardown_taskflow.py
[2024-06-18T13:40:56.893+0530] {processor.py:840} INFO - DAG(s) 'example_setup_teardown_taskflow' retrieved from /home/kiit/airflow-env/lib/python3.8/site-packages/airflow/example_dags/example_setup_teardown_taskflow.py
[2024-06-18T13:40:56.906+0530] {logging_mixin.py:188} INFO - [2024-06-18T13:40:56.905+0530] {dag.py:3096} INFO - Sync 1 DAGs
[2024-06-18T13:40:56.917+0530] {logging_mixin.py:188} INFO - [2024-06-18T13:40:56.916+0530] {dag.py:3954} INFO - Setting next_dagrun for example_setup_teardown_taskflow to 2024-06-17 00:00:00+00:00, run_after=2024-06-18 00:00:00+00:00
[2024-06-18T13:40:56.933+0530] {processor.py:183} INFO - Processing /home/kiit/airflow-env/lib/python3.8/site-packages/airflow/example_dags/example_setup_teardown_taskflow.py took 0.061 seconds
[2024-06-18T13:41:38.674+0530] {processor.py:161} INFO - Started process (PID=31021) to work on /home/kiit/airflow-env/lib/python3.8/site-packages/airflow/example_dags/example_setup_teardown_taskflow.py
[2024-06-18T13:41:38.681+0530] {processor.py:830} INFO - Processing file /home/kiit/airflow-env/lib/python3.8/site-packages/airflow/example_dags/example_setup_teardown_taskflow.py for tasks to queue
[2024-06-18T13:41:38.683+0530] {logging_mixin.py:188} INFO - [2024-06-18T13:41:38.682+0530] {dagbag.py:545} INFO - Filling up the DagBag from /home/kiit/airflow-env/lib/python3.8/site-packages/airflow/example_dags/example_setup_teardown_taskflow.py
[2024-06-18T13:41:38.689+0530] {processor.py:840} INFO - DAG(s) 'example_setup_teardown_taskflow' retrieved from /home/kiit/airflow-env/lib/python3.8/site-packages/airflow/example_dags/example_setup_teardown_taskflow.py
[2024-06-18T13:41:38.703+0530] {logging_mixin.py:188} INFO - [2024-06-18T13:41:38.703+0530] {dag.py:3096} INFO - Sync 1 DAGs
[2024-06-18T13:41:38.715+0530] {logging_mixin.py:188} INFO - [2024-06-18T13:41:38.715+0530] {dag.py:3954} INFO - Setting next_dagrun for example_setup_teardown_taskflow to 2024-06-17 00:00:00+00:00, run_after=2024-06-18 00:00:00+00:00
[2024-06-18T13:41:38.733+0530] {processor.py:183} INFO - Processing /home/kiit/airflow-env/lib/python3.8/site-packages/airflow/example_dags/example_setup_teardown_taskflow.py took 0.065 seconds
[2024-06-18T15:05:49.734+0530] {processor.py:161} INFO - Started process (PID=33617) to work on /home/kiit/airflow-env/lib/python3.8/site-packages/airflow/example_dags/example_setup_teardown_taskflow.py
[2024-06-18T15:05:49.735+0530] {processor.py:830} INFO - Processing file /home/kiit/airflow-env/lib/python3.8/site-packages/airflow/example_dags/example_setup_teardown_taskflow.py for tasks to queue
[2024-06-18T15:05:49.737+0530] {logging_mixin.py:188} INFO - [2024-06-18T15:05:49.737+0530] {dagbag.py:545} INFO - Filling up the DagBag from /home/kiit/airflow-env/lib/python3.8/site-packages/airflow/example_dags/example_setup_teardown_taskflow.py
[2024-06-18T15:05:49.749+0530] {processor.py:840} INFO - DAG(s) 'example_setup_teardown_taskflow' retrieved from /home/kiit/airflow-env/lib/python3.8/site-packages/airflow/example_dags/example_setup_teardown_taskflow.py
[2024-06-18T15:05:49.761+0530] {logging_mixin.py:188} INFO - [2024-06-18T15:05:49.761+0530] {dag.py:3096} INFO - Sync 1 DAGs
[2024-06-18T15:05:49.783+0530] {logging_mixin.py:188} INFO - [2024-06-18T15:05:49.783+0530] {dag.py:3954} INFO - Setting next_dagrun for example_setup_teardown_taskflow to 2024-06-17 00:00:00+00:00, run_after=2024-06-18 00:00:00+00:00
[2024-06-18T15:05:49.808+0530] {processor.py:183} INFO - Processing /home/kiit/airflow-env/lib/python3.8/site-packages/airflow/example_dags/example_setup_teardown_taskflow.py took 0.081 seconds
[2024-06-18T15:06:22.273+0530] {processor.py:161} INFO - Started process (PID=33676) to work on /home/kiit/airflow-env/lib/python3.8/site-packages/airflow/example_dags/example_setup_teardown_taskflow.py
[2024-06-18T15:06:22.274+0530] {processor.py:830} INFO - Processing file /home/kiit/airflow-env/lib/python3.8/site-packages/airflow/example_dags/example_setup_teardown_taskflow.py for tasks to queue
[2024-06-18T15:06:22.276+0530] {logging_mixin.py:188} INFO - [2024-06-18T15:06:22.276+0530] {dagbag.py:545} INFO - Filling up the DagBag from /home/kiit/airflow-env/lib/python3.8/site-packages/airflow/example_dags/example_setup_teardown_taskflow.py
[2024-06-18T15:06:22.286+0530] {processor.py:840} INFO - DAG(s) 'example_setup_teardown_taskflow' retrieved from /home/kiit/airflow-env/lib/python3.8/site-packages/airflow/example_dags/example_setup_teardown_taskflow.py
[2024-06-18T15:06:22.462+0530] {logging_mixin.py:188} INFO - [2024-06-18T15:06:22.462+0530] {dag.py:3096} INFO - Sync 1 DAGs
[2024-06-18T15:06:22.478+0530] {logging_mixin.py:188} INFO - [2024-06-18T15:06:22.478+0530] {dag.py:3954} INFO - Setting next_dagrun for example_setup_teardown_taskflow to 2024-06-17 00:00:00+00:00, run_after=2024-06-18 00:00:00+00:00
[2024-06-18T15:06:22.507+0530] {processor.py:183} INFO - Processing /home/kiit/airflow-env/lib/python3.8/site-packages/airflow/example_dags/example_setup_teardown_taskflow.py took 0.242 seconds
[2024-06-18T15:06:53.278+0530] {processor.py:161} INFO - Started process (PID=33735) to work on /home/kiit/airflow-env/lib/python3.8/site-packages/airflow/example_dags/example_setup_teardown_taskflow.py
[2024-06-18T15:06:53.280+0530] {processor.py:830} INFO - Processing file /home/kiit/airflow-env/lib/python3.8/site-packages/airflow/example_dags/example_setup_teardown_taskflow.py for tasks to queue
[2024-06-18T15:06:53.282+0530] {logging_mixin.py:188} INFO - [2024-06-18T15:06:53.281+0530] {dagbag.py:545} INFO - Filling up the DagBag from /home/kiit/airflow-env/lib/python3.8/site-packages/airflow/example_dags/example_setup_teardown_taskflow.py
[2024-06-18T15:06:53.289+0530] {processor.py:840} INFO - DAG(s) 'example_setup_teardown_taskflow' retrieved from /home/kiit/airflow-env/lib/python3.8/site-packages/airflow/example_dags/example_setup_teardown_taskflow.py
[2024-06-18T15:06:53.312+0530] {logging_mixin.py:188} INFO - [2024-06-18T15:06:53.312+0530] {dag.py:3096} INFO - Sync 1 DAGs
[2024-06-18T15:06:53.333+0530] {logging_mixin.py:188} INFO - [2024-06-18T15:06:53.332+0530] {dag.py:3954} INFO - Setting next_dagrun for example_setup_teardown_taskflow to 2024-06-17 00:00:00+00:00, run_after=2024-06-18 00:00:00+00:00
[2024-06-18T15:06:53.369+0530] {processor.py:183} INFO - Processing /home/kiit/airflow-env/lib/python3.8/site-packages/airflow/example_dags/example_setup_teardown_taskflow.py took 0.099 seconds
[2024-06-18T15:07:24.325+0530] {processor.py:161} INFO - Started process (PID=33794) to work on /home/kiit/airflow-env/lib/python3.8/site-packages/airflow/example_dags/example_setup_teardown_taskflow.py
[2024-06-18T15:07:24.326+0530] {processor.py:830} INFO - Processing file /home/kiit/airflow-env/lib/python3.8/site-packages/airflow/example_dags/example_setup_teardown_taskflow.py for tasks to queue
[2024-06-18T15:07:24.328+0530] {logging_mixin.py:188} INFO - [2024-06-18T15:07:24.328+0530] {dagbag.py:545} INFO - Filling up the DagBag from /home/kiit/airflow-env/lib/python3.8/site-packages/airflow/example_dags/example_setup_teardown_taskflow.py
[2024-06-18T15:07:24.336+0530] {processor.py:840} INFO - DAG(s) 'example_setup_teardown_taskflow' retrieved from /home/kiit/airflow-env/lib/python3.8/site-packages/airflow/example_dags/example_setup_teardown_taskflow.py
[2024-06-18T15:07:24.356+0530] {logging_mixin.py:188} INFO - [2024-06-18T15:07:24.356+0530] {dag.py:3096} INFO - Sync 1 DAGs
[2024-06-18T15:07:24.374+0530] {logging_mixin.py:188} INFO - [2024-06-18T15:07:24.373+0530] {dag.py:3954} INFO - Setting next_dagrun for example_setup_teardown_taskflow to 2024-06-17 00:00:00+00:00, run_after=2024-06-18 00:00:00+00:00
[2024-06-18T15:07:24.397+0530] {processor.py:183} INFO - Processing /home/kiit/airflow-env/lib/python3.8/site-packages/airflow/example_dags/example_setup_teardown_taskflow.py took 0.078 seconds
[2024-06-18T15:07:55.063+0530] {processor.py:161} INFO - Started process (PID=33853) to work on /home/kiit/airflow-env/lib/python3.8/site-packages/airflow/example_dags/example_setup_teardown_taskflow.py
[2024-06-18T15:07:55.064+0530] {processor.py:830} INFO - Processing file /home/kiit/airflow-env/lib/python3.8/site-packages/airflow/example_dags/example_setup_teardown_taskflow.py for tasks to queue
[2024-06-18T15:07:55.065+0530] {logging_mixin.py:188} INFO - [2024-06-18T15:07:55.065+0530] {dagbag.py:545} INFO - Filling up the DagBag from /home/kiit/airflow-env/lib/python3.8/site-packages/airflow/example_dags/example_setup_teardown_taskflow.py
[2024-06-18T15:07:55.074+0530] {processor.py:840} INFO - DAG(s) 'example_setup_teardown_taskflow' retrieved from /home/kiit/airflow-env/lib/python3.8/site-packages/airflow/example_dags/example_setup_teardown_taskflow.py
[2024-06-18T15:07:55.095+0530] {logging_mixin.py:188} INFO - [2024-06-18T15:07:55.094+0530] {dag.py:3096} INFO - Sync 1 DAGs
[2024-06-18T15:07:55.115+0530] {logging_mixin.py:188} INFO - [2024-06-18T15:07:55.114+0530] {dag.py:3954} INFO - Setting next_dagrun for example_setup_teardown_taskflow to 2024-06-17 00:00:00+00:00, run_after=2024-06-18 00:00:00+00:00
[2024-06-18T15:07:55.143+0530] {processor.py:183} INFO - Processing /home/kiit/airflow-env/lib/python3.8/site-packages/airflow/example_dags/example_setup_teardown_taskflow.py took 0.086 seconds
[2024-06-18T15:08:26.120+0530] {processor.py:161} INFO - Started process (PID=33912) to work on /home/kiit/airflow-env/lib/python3.8/site-packages/airflow/example_dags/example_setup_teardown_taskflow.py
[2024-06-18T15:08:26.121+0530] {processor.py:830} INFO - Processing file /home/kiit/airflow-env/lib/python3.8/site-packages/airflow/example_dags/example_setup_teardown_taskflow.py for tasks to queue
[2024-06-18T15:08:26.123+0530] {logging_mixin.py:188} INFO - [2024-06-18T15:08:26.123+0530] {dagbag.py:545} INFO - Filling up the DagBag from /home/kiit/airflow-env/lib/python3.8/site-packages/airflow/example_dags/example_setup_teardown_taskflow.py
[2024-06-18T15:08:26.133+0530] {processor.py:840} INFO - DAG(s) 'example_setup_teardown_taskflow' retrieved from /home/kiit/airflow-env/lib/python3.8/site-packages/airflow/example_dags/example_setup_teardown_taskflow.py
[2024-06-18T15:08:26.157+0530] {logging_mixin.py:188} INFO - [2024-06-18T15:08:26.157+0530] {dag.py:3096} INFO - Sync 1 DAGs
[2024-06-18T15:08:26.181+0530] {logging_mixin.py:188} INFO - [2024-06-18T15:08:26.180+0530] {dag.py:3954} INFO - Setting next_dagrun for example_setup_teardown_taskflow to 2024-06-17 00:00:00+00:00, run_after=2024-06-18 00:00:00+00:00
[2024-06-18T15:08:26.206+0530] {processor.py:183} INFO - Processing /home/kiit/airflow-env/lib/python3.8/site-packages/airflow/example_dags/example_setup_teardown_taskflow.py took 0.092 seconds
[2024-06-18T15:08:57.035+0530] {processor.py:161} INFO - Started process (PID=33972) to work on /home/kiit/airflow-env/lib/python3.8/site-packages/airflow/example_dags/example_setup_teardown_taskflow.py
[2024-06-18T15:08:57.036+0530] {processor.py:830} INFO - Processing file /home/kiit/airflow-env/lib/python3.8/site-packages/airflow/example_dags/example_setup_teardown_taskflow.py for tasks to queue
[2024-06-18T15:08:57.038+0530] {logging_mixin.py:188} INFO - [2024-06-18T15:08:57.038+0530] {dagbag.py:545} INFO - Filling up the DagBag from /home/kiit/airflow-env/lib/python3.8/site-packages/airflow/example_dags/example_setup_teardown_taskflow.py
[2024-06-18T15:08:57.047+0530] {processor.py:840} INFO - DAG(s) 'example_setup_teardown_taskflow' retrieved from /home/kiit/airflow-env/lib/python3.8/site-packages/airflow/example_dags/example_setup_teardown_taskflow.py
[2024-06-18T15:08:57.067+0530] {logging_mixin.py:188} INFO - [2024-06-18T15:08:57.067+0530] {dag.py:3096} INFO - Sync 1 DAGs
[2024-06-18T15:08:57.086+0530] {logging_mixin.py:188} INFO - [2024-06-18T15:08:57.086+0530] {dag.py:3954} INFO - Setting next_dagrun for example_setup_teardown_taskflow to 2024-06-17 00:00:00+00:00, run_after=2024-06-18 00:00:00+00:00
[2024-06-18T15:08:57.111+0530] {processor.py:183} INFO - Processing /home/kiit/airflow-env/lib/python3.8/site-packages/airflow/example_dags/example_setup_teardown_taskflow.py took 0.083 seconds
[2024-06-18T15:09:27.436+0530] {processor.py:161} INFO - Started process (PID=34032) to work on /home/kiit/airflow-env/lib/python3.8/site-packages/airflow/example_dags/example_setup_teardown_taskflow.py
[2024-06-18T15:09:27.437+0530] {processor.py:830} INFO - Processing file /home/kiit/airflow-env/lib/python3.8/site-packages/airflow/example_dags/example_setup_teardown_taskflow.py for tasks to queue
[2024-06-18T15:09:27.438+0530] {logging_mixin.py:188} INFO - [2024-06-18T15:09:27.438+0530] {dagbag.py:545} INFO - Filling up the DagBag from /home/kiit/airflow-env/lib/python3.8/site-packages/airflow/example_dags/example_setup_teardown_taskflow.py
[2024-06-18T15:09:27.445+0530] {processor.py:840} INFO - DAG(s) 'example_setup_teardown_taskflow' retrieved from /home/kiit/airflow-env/lib/python3.8/site-packages/airflow/example_dags/example_setup_teardown_taskflow.py
[2024-06-18T15:09:27.464+0530] {logging_mixin.py:188} INFO - [2024-06-18T15:09:27.464+0530] {dag.py:3096} INFO - Sync 1 DAGs
[2024-06-18T15:09:27.480+0530] {logging_mixin.py:188} INFO - [2024-06-18T15:09:27.480+0530] {dag.py:3954} INFO - Setting next_dagrun for example_setup_teardown_taskflow to 2024-06-17 00:00:00+00:00, run_after=2024-06-18 00:00:00+00:00
[2024-06-18T15:09:27.503+0530] {processor.py:183} INFO - Processing /home/kiit/airflow-env/lib/python3.8/site-packages/airflow/example_dags/example_setup_teardown_taskflow.py took 0.074 seconds
[2024-06-18T15:09:57.716+0530] {processor.py:161} INFO - Started process (PID=34091) to work on /home/kiit/airflow-env/lib/python3.8/site-packages/airflow/example_dags/example_setup_teardown_taskflow.py
[2024-06-18T15:09:57.718+0530] {processor.py:830} INFO - Processing file /home/kiit/airflow-env/lib/python3.8/site-packages/airflow/example_dags/example_setup_teardown_taskflow.py for tasks to queue
[2024-06-18T15:09:57.719+0530] {logging_mixin.py:188} INFO - [2024-06-18T15:09:57.719+0530] {dagbag.py:545} INFO - Filling up the DagBag from /home/kiit/airflow-env/lib/python3.8/site-packages/airflow/example_dags/example_setup_teardown_taskflow.py
[2024-06-18T15:09:57.725+0530] {processor.py:840} INFO - DAG(s) 'example_setup_teardown_taskflow' retrieved from /home/kiit/airflow-env/lib/python3.8/site-packages/airflow/example_dags/example_setup_teardown_taskflow.py
[2024-06-18T15:09:57.743+0530] {logging_mixin.py:188} INFO - [2024-06-18T15:09:57.743+0530] {dag.py:3096} INFO - Sync 1 DAGs
[2024-06-18T15:09:57.760+0530] {logging_mixin.py:188} INFO - [2024-06-18T15:09:57.760+0530] {dag.py:3954} INFO - Setting next_dagrun for example_setup_teardown_taskflow to 2024-06-17 00:00:00+00:00, run_after=2024-06-18 00:00:00+00:00
[2024-06-18T15:09:57.780+0530] {processor.py:183} INFO - Processing /home/kiit/airflow-env/lib/python3.8/site-packages/airflow/example_dags/example_setup_teardown_taskflow.py took 0.068 seconds
[2024-06-18T15:10:27.899+0530] {processor.py:161} INFO - Started process (PID=34151) to work on /home/kiit/airflow-env/lib/python3.8/site-packages/airflow/example_dags/example_setup_teardown_taskflow.py
[2024-06-18T15:10:27.900+0530] {processor.py:830} INFO - Processing file /home/kiit/airflow-env/lib/python3.8/site-packages/airflow/example_dags/example_setup_teardown_taskflow.py for tasks to queue
[2024-06-18T15:10:27.901+0530] {logging_mixin.py:188} INFO - [2024-06-18T15:10:27.901+0530] {dagbag.py:545} INFO - Filling up the DagBag from /home/kiit/airflow-env/lib/python3.8/site-packages/airflow/example_dags/example_setup_teardown_taskflow.py
[2024-06-18T15:10:27.909+0530] {processor.py:840} INFO - DAG(s) 'example_setup_teardown_taskflow' retrieved from /home/kiit/airflow-env/lib/python3.8/site-packages/airflow/example_dags/example_setup_teardown_taskflow.py
[2024-06-18T15:10:27.930+0530] {logging_mixin.py:188} INFO - [2024-06-18T15:10:27.930+0530] {dag.py:3096} INFO - Sync 1 DAGs
[2024-06-18T15:10:27.949+0530] {logging_mixin.py:188} INFO - [2024-06-18T15:10:27.949+0530] {dag.py:3954} INFO - Setting next_dagrun for example_setup_teardown_taskflow to 2024-06-17 00:00:00+00:00, run_after=2024-06-18 00:00:00+00:00
[2024-06-18T15:10:27.973+0530] {processor.py:183} INFO - Processing /home/kiit/airflow-env/lib/python3.8/site-packages/airflow/example_dags/example_setup_teardown_taskflow.py took 0.080 seconds
[2024-06-18T15:10:58.320+0530] {processor.py:161} INFO - Started process (PID=34210) to work on /home/kiit/airflow-env/lib/python3.8/site-packages/airflow/example_dags/example_setup_teardown_taskflow.py
[2024-06-18T15:10:58.321+0530] {processor.py:830} INFO - Processing file /home/kiit/airflow-env/lib/python3.8/site-packages/airflow/example_dags/example_setup_teardown_taskflow.py for tasks to queue
[2024-06-18T15:10:58.323+0530] {logging_mixin.py:188} INFO - [2024-06-18T15:10:58.322+0530] {dagbag.py:545} INFO - Filling up the DagBag from /home/kiit/airflow-env/lib/python3.8/site-packages/airflow/example_dags/example_setup_teardown_taskflow.py
[2024-06-18T15:10:58.329+0530] {processor.py:840} INFO - DAG(s) 'example_setup_teardown_taskflow' retrieved from /home/kiit/airflow-env/lib/python3.8/site-packages/airflow/example_dags/example_setup_teardown_taskflow.py
[2024-06-18T15:10:58.346+0530] {logging_mixin.py:188} INFO - [2024-06-18T15:10:58.346+0530] {dag.py:3096} INFO - Sync 1 DAGs
[2024-06-18T15:10:58.362+0530] {logging_mixin.py:188} INFO - [2024-06-18T15:10:58.362+0530] {dag.py:3954} INFO - Setting next_dagrun for example_setup_teardown_taskflow to 2024-06-17 00:00:00+00:00, run_after=2024-06-18 00:00:00+00:00
[2024-06-18T15:10:58.384+0530] {processor.py:183} INFO - Processing /home/kiit/airflow-env/lib/python3.8/site-packages/airflow/example_dags/example_setup_teardown_taskflow.py took 0.069 seconds
[2024-06-18T15:11:28.494+0530] {processor.py:161} INFO - Started process (PID=34269) to work on /home/kiit/airflow-env/lib/python3.8/site-packages/airflow/example_dags/example_setup_teardown_taskflow.py
[2024-06-18T15:11:28.495+0530] {processor.py:830} INFO - Processing file /home/kiit/airflow-env/lib/python3.8/site-packages/airflow/example_dags/example_setup_teardown_taskflow.py for tasks to queue
[2024-06-18T15:11:28.496+0530] {logging_mixin.py:188} INFO - [2024-06-18T15:11:28.496+0530] {dagbag.py:545} INFO - Filling up the DagBag from /home/kiit/airflow-env/lib/python3.8/site-packages/airflow/example_dags/example_setup_teardown_taskflow.py
[2024-06-18T15:11:28.502+0530] {processor.py:840} INFO - DAG(s) 'example_setup_teardown_taskflow' retrieved from /home/kiit/airflow-env/lib/python3.8/site-packages/airflow/example_dags/example_setup_teardown_taskflow.py
[2024-06-18T15:11:28.518+0530] {logging_mixin.py:188} INFO - [2024-06-18T15:11:28.518+0530] {dag.py:3096} INFO - Sync 1 DAGs
[2024-06-18T15:11:28.534+0530] {logging_mixin.py:188} INFO - [2024-06-18T15:11:28.534+0530] {dag.py:3954} INFO - Setting next_dagrun for example_setup_teardown_taskflow to 2024-06-17 00:00:00+00:00, run_after=2024-06-18 00:00:00+00:00
[2024-06-18T15:11:28.552+0530] {processor.py:183} INFO - Processing /home/kiit/airflow-env/lib/python3.8/site-packages/airflow/example_dags/example_setup_teardown_taskflow.py took 0.063 seconds
[2024-06-18T15:11:58.689+0530] {processor.py:161} INFO - Started process (PID=34328) to work on /home/kiit/airflow-env/lib/python3.8/site-packages/airflow/example_dags/example_setup_teardown_taskflow.py
[2024-06-18T15:11:58.691+0530] {processor.py:830} INFO - Processing file /home/kiit/airflow-env/lib/python3.8/site-packages/airflow/example_dags/example_setup_teardown_taskflow.py for tasks to queue
[2024-06-18T15:11:58.693+0530] {logging_mixin.py:188} INFO - [2024-06-18T15:11:58.692+0530] {dagbag.py:545} INFO - Filling up the DagBag from /home/kiit/airflow-env/lib/python3.8/site-packages/airflow/example_dags/example_setup_teardown_taskflow.py
[2024-06-18T15:11:58.700+0530] {processor.py:840} INFO - DAG(s) 'example_setup_teardown_taskflow' retrieved from /home/kiit/airflow-env/lib/python3.8/site-packages/airflow/example_dags/example_setup_teardown_taskflow.py
[2024-06-18T15:11:58.720+0530] {logging_mixin.py:188} INFO - [2024-06-18T15:11:58.720+0530] {dag.py:3096} INFO - Sync 1 DAGs
[2024-06-18T15:11:58.736+0530] {logging_mixin.py:188} INFO - [2024-06-18T15:11:58.736+0530] {dag.py:3954} INFO - Setting next_dagrun for example_setup_teardown_taskflow to 2024-06-17 00:00:00+00:00, run_after=2024-06-18 00:00:00+00:00
[2024-06-18T15:11:58.759+0530] {processor.py:183} INFO - Processing /home/kiit/airflow-env/lib/python3.8/site-packages/airflow/example_dags/example_setup_teardown_taskflow.py took 0.075 seconds
[2024-06-18T15:12:29.032+0530] {processor.py:161} INFO - Started process (PID=34388) to work on /home/kiit/airflow-env/lib/python3.8/site-packages/airflow/example_dags/example_setup_teardown_taskflow.py
[2024-06-18T15:12:29.033+0530] {processor.py:830} INFO - Processing file /home/kiit/airflow-env/lib/python3.8/site-packages/airflow/example_dags/example_setup_teardown_taskflow.py for tasks to queue
[2024-06-18T15:12:29.035+0530] {logging_mixin.py:188} INFO - [2024-06-18T15:12:29.034+0530] {dagbag.py:545} INFO - Filling up the DagBag from /home/kiit/airflow-env/lib/python3.8/site-packages/airflow/example_dags/example_setup_teardown_taskflow.py
[2024-06-18T15:12:29.042+0530] {processor.py:840} INFO - DAG(s) 'example_setup_teardown_taskflow' retrieved from /home/kiit/airflow-env/lib/python3.8/site-packages/airflow/example_dags/example_setup_teardown_taskflow.py
[2024-06-18T15:12:29.061+0530] {logging_mixin.py:188} INFO - [2024-06-18T15:12:29.061+0530] {dag.py:3096} INFO - Sync 1 DAGs
[2024-06-18T15:12:29.076+0530] {logging_mixin.py:188} INFO - [2024-06-18T15:12:29.076+0530] {dag.py:3954} INFO - Setting next_dagrun for example_setup_teardown_taskflow to 2024-06-17 00:00:00+00:00, run_after=2024-06-18 00:00:00+00:00
[2024-06-18T15:12:29.097+0530] {processor.py:183} INFO - Processing /home/kiit/airflow-env/lib/python3.8/site-packages/airflow/example_dags/example_setup_teardown_taskflow.py took 0.071 seconds
[2024-06-18T15:12:59.354+0530] {processor.py:161} INFO - Started process (PID=34447) to work on /home/kiit/airflow-env/lib/python3.8/site-packages/airflow/example_dags/example_setup_teardown_taskflow.py
[2024-06-18T15:12:59.356+0530] {processor.py:830} INFO - Processing file /home/kiit/airflow-env/lib/python3.8/site-packages/airflow/example_dags/example_setup_teardown_taskflow.py for tasks to queue
[2024-06-18T15:12:59.357+0530] {logging_mixin.py:188} INFO - [2024-06-18T15:12:59.357+0530] {dagbag.py:545} INFO - Filling up the DagBag from /home/kiit/airflow-env/lib/python3.8/site-packages/airflow/example_dags/example_setup_teardown_taskflow.py
[2024-06-18T15:12:59.364+0530] {processor.py:840} INFO - DAG(s) 'example_setup_teardown_taskflow' retrieved from /home/kiit/airflow-env/lib/python3.8/site-packages/airflow/example_dags/example_setup_teardown_taskflow.py
[2024-06-18T15:12:59.381+0530] {logging_mixin.py:188} INFO - [2024-06-18T15:12:59.381+0530] {dag.py:3096} INFO - Sync 1 DAGs
[2024-06-18T15:12:59.396+0530] {logging_mixin.py:188} INFO - [2024-06-18T15:12:59.396+0530] {dag.py:3954} INFO - Setting next_dagrun for example_setup_teardown_taskflow to 2024-06-17 00:00:00+00:00, run_after=2024-06-18 00:00:00+00:00
[2024-06-18T15:12:59.416+0530] {processor.py:183} INFO - Processing /home/kiit/airflow-env/lib/python3.8/site-packages/airflow/example_dags/example_setup_teardown_taskflow.py took 0.068 seconds
[2024-06-18T15:13:29.639+0530] {processor.py:161} INFO - Started process (PID=34506) to work on /home/kiit/airflow-env/lib/python3.8/site-packages/airflow/example_dags/example_setup_teardown_taskflow.py
[2024-06-18T15:13:29.640+0530] {processor.py:830} INFO - Processing file /home/kiit/airflow-env/lib/python3.8/site-packages/airflow/example_dags/example_setup_teardown_taskflow.py for tasks to queue
[2024-06-18T15:13:29.641+0530] {logging_mixin.py:188} INFO - [2024-06-18T15:13:29.641+0530] {dagbag.py:545} INFO - Filling up the DagBag from /home/kiit/airflow-env/lib/python3.8/site-packages/airflow/example_dags/example_setup_teardown_taskflow.py
[2024-06-18T15:13:29.649+0530] {processor.py:840} INFO - DAG(s) 'example_setup_teardown_taskflow' retrieved from /home/kiit/airflow-env/lib/python3.8/site-packages/airflow/example_dags/example_setup_teardown_taskflow.py
[2024-06-18T15:13:29.666+0530] {logging_mixin.py:188} INFO - [2024-06-18T15:13:29.666+0530] {dag.py:3096} INFO - Sync 1 DAGs
[2024-06-18T15:13:29.682+0530] {logging_mixin.py:188} INFO - [2024-06-18T15:13:29.682+0530] {dag.py:3954} INFO - Setting next_dagrun for example_setup_teardown_taskflow to 2024-06-17 00:00:00+00:00, run_after=2024-06-18 00:00:00+00:00
[2024-06-18T15:13:29.702+0530] {processor.py:183} INFO - Processing /home/kiit/airflow-env/lib/python3.8/site-packages/airflow/example_dags/example_setup_teardown_taskflow.py took 0.068 seconds
[2024-06-18T15:13:59.911+0530] {processor.py:161} INFO - Started process (PID=34565) to work on /home/kiit/airflow-env/lib/python3.8/site-packages/airflow/example_dags/example_setup_teardown_taskflow.py
[2024-06-18T15:13:59.912+0530] {processor.py:830} INFO - Processing file /home/kiit/airflow-env/lib/python3.8/site-packages/airflow/example_dags/example_setup_teardown_taskflow.py for tasks to queue
[2024-06-18T15:13:59.913+0530] {logging_mixin.py:188} INFO - [2024-06-18T15:13:59.913+0530] {dagbag.py:545} INFO - Filling up the DagBag from /home/kiit/airflow-env/lib/python3.8/site-packages/airflow/example_dags/example_setup_teardown_taskflow.py
[2024-06-18T15:13:59.921+0530] {processor.py:840} INFO - DAG(s) 'example_setup_teardown_taskflow' retrieved from /home/kiit/airflow-env/lib/python3.8/site-packages/airflow/example_dags/example_setup_teardown_taskflow.py
[2024-06-18T15:13:59.939+0530] {logging_mixin.py:188} INFO - [2024-06-18T15:13:59.938+0530] {dag.py:3096} INFO - Sync 1 DAGs
[2024-06-18T15:13:59.954+0530] {logging_mixin.py:188} INFO - [2024-06-18T15:13:59.954+0530] {dag.py:3954} INFO - Setting next_dagrun for example_setup_teardown_taskflow to 2024-06-17 00:00:00+00:00, run_after=2024-06-18 00:00:00+00:00
[2024-06-18T15:13:59.972+0530] {processor.py:183} INFO - Processing /home/kiit/airflow-env/lib/python3.8/site-packages/airflow/example_dags/example_setup_teardown_taskflow.py took 0.066 seconds
[2024-06-18T15:14:30.259+0530] {processor.py:161} INFO - Started process (PID=34624) to work on /home/kiit/airflow-env/lib/python3.8/site-packages/airflow/example_dags/example_setup_teardown_taskflow.py
[2024-06-18T15:14:30.260+0530] {processor.py:830} INFO - Processing file /home/kiit/airflow-env/lib/python3.8/site-packages/airflow/example_dags/example_setup_teardown_taskflow.py for tasks to queue
[2024-06-18T15:14:30.261+0530] {logging_mixin.py:188} INFO - [2024-06-18T15:14:30.261+0530] {dagbag.py:545} INFO - Filling up the DagBag from /home/kiit/airflow-env/lib/python3.8/site-packages/airflow/example_dags/example_setup_teardown_taskflow.py
[2024-06-18T15:14:30.268+0530] {processor.py:840} INFO - DAG(s) 'example_setup_teardown_taskflow' retrieved from /home/kiit/airflow-env/lib/python3.8/site-packages/airflow/example_dags/example_setup_teardown_taskflow.py
[2024-06-18T15:14:30.284+0530] {logging_mixin.py:188} INFO - [2024-06-18T15:14:30.284+0530] {dag.py:3096} INFO - Sync 1 DAGs
[2024-06-18T15:14:30.300+0530] {logging_mixin.py:188} INFO - [2024-06-18T15:14:30.300+0530] {dag.py:3954} INFO - Setting next_dagrun for example_setup_teardown_taskflow to 2024-06-17 00:00:00+00:00, run_after=2024-06-18 00:00:00+00:00
[2024-06-18T15:14:30.319+0530] {processor.py:183} INFO - Processing /home/kiit/airflow-env/lib/python3.8/site-packages/airflow/example_dags/example_setup_teardown_taskflow.py took 0.064 seconds
[2024-06-18T15:15:00.612+0530] {processor.py:161} INFO - Started process (PID=34683) to work on /home/kiit/airflow-env/lib/python3.8/site-packages/airflow/example_dags/example_setup_teardown_taskflow.py
[2024-06-18T15:15:00.613+0530] {processor.py:830} INFO - Processing file /home/kiit/airflow-env/lib/python3.8/site-packages/airflow/example_dags/example_setup_teardown_taskflow.py for tasks to queue
[2024-06-18T15:15:00.614+0530] {logging_mixin.py:188} INFO - [2024-06-18T15:15:00.614+0530] {dagbag.py:545} INFO - Filling up the DagBag from /home/kiit/airflow-env/lib/python3.8/site-packages/airflow/example_dags/example_setup_teardown_taskflow.py
[2024-06-18T15:15:00.622+0530] {processor.py:840} INFO - DAG(s) 'example_setup_teardown_taskflow' retrieved from /home/kiit/airflow-env/lib/python3.8/site-packages/airflow/example_dags/example_setup_teardown_taskflow.py
[2024-06-18T15:15:00.643+0530] {logging_mixin.py:188} INFO - [2024-06-18T15:15:00.643+0530] {dag.py:3096} INFO - Sync 1 DAGs
[2024-06-18T15:15:00.666+0530] {logging_mixin.py:188} INFO - [2024-06-18T15:15:00.666+0530] {dag.py:3954} INFO - Setting next_dagrun for example_setup_teardown_taskflow to 2024-06-17 00:00:00+00:00, run_after=2024-06-18 00:00:00+00:00
[2024-06-18T15:15:00.689+0530] {processor.py:183} INFO - Processing /home/kiit/airflow-env/lib/python3.8/site-packages/airflow/example_dags/example_setup_teardown_taskflow.py took 0.082 seconds
[2024-06-18T15:15:30.865+0530] {processor.py:161} INFO - Started process (PID=34742) to work on /home/kiit/airflow-env/lib/python3.8/site-packages/airflow/example_dags/example_setup_teardown_taskflow.py
[2024-06-18T15:15:30.866+0530] {processor.py:830} INFO - Processing file /home/kiit/airflow-env/lib/python3.8/site-packages/airflow/example_dags/example_setup_teardown_taskflow.py for tasks to queue
[2024-06-18T15:15:30.868+0530] {logging_mixin.py:188} INFO - [2024-06-18T15:15:30.868+0530] {dagbag.py:545} INFO - Filling up the DagBag from /home/kiit/airflow-env/lib/python3.8/site-packages/airflow/example_dags/example_setup_teardown_taskflow.py
[2024-06-18T15:15:30.877+0530] {processor.py:840} INFO - DAG(s) 'example_setup_teardown_taskflow' retrieved from /home/kiit/airflow-env/lib/python3.8/site-packages/airflow/example_dags/example_setup_teardown_taskflow.py
[2024-06-18T15:15:30.894+0530] {logging_mixin.py:188} INFO - [2024-06-18T15:15:30.894+0530] {dag.py:3096} INFO - Sync 1 DAGs
[2024-06-18T15:15:30.909+0530] {logging_mixin.py:188} INFO - [2024-06-18T15:15:30.908+0530] {dag.py:3954} INFO - Setting next_dagrun for example_setup_teardown_taskflow to 2024-06-17 00:00:00+00:00, run_after=2024-06-18 00:00:00+00:00
[2024-06-18T15:15:30.933+0530] {processor.py:183} INFO - Processing /home/kiit/airflow-env/lib/python3.8/site-packages/airflow/example_dags/example_setup_teardown_taskflow.py took 0.072 seconds
[2024-06-18T15:16:01.147+0530] {processor.py:161} INFO - Started process (PID=34801) to work on /home/kiit/airflow-env/lib/python3.8/site-packages/airflow/example_dags/example_setup_teardown_taskflow.py
[2024-06-18T15:16:01.147+0530] {processor.py:830} INFO - Processing file /home/kiit/airflow-env/lib/python3.8/site-packages/airflow/example_dags/example_setup_teardown_taskflow.py for tasks to queue
[2024-06-18T15:16:01.149+0530] {logging_mixin.py:188} INFO - [2024-06-18T15:16:01.148+0530] {dagbag.py:545} INFO - Filling up the DagBag from /home/kiit/airflow-env/lib/python3.8/site-packages/airflow/example_dags/example_setup_teardown_taskflow.py
[2024-06-18T15:16:01.155+0530] {processor.py:840} INFO - DAG(s) 'example_setup_teardown_taskflow' retrieved from /home/kiit/airflow-env/lib/python3.8/site-packages/airflow/example_dags/example_setup_teardown_taskflow.py
[2024-06-18T15:16:01.173+0530] {logging_mixin.py:188} INFO - [2024-06-18T15:16:01.173+0530] {dag.py:3096} INFO - Sync 1 DAGs
[2024-06-18T15:16:01.191+0530] {logging_mixin.py:188} INFO - [2024-06-18T15:16:01.190+0530] {dag.py:3954} INFO - Setting next_dagrun for example_setup_teardown_taskflow to 2024-06-17 00:00:00+00:00, run_after=2024-06-18 00:00:00+00:00
[2024-06-18T15:16:01.211+0530] {processor.py:183} INFO - Processing /home/kiit/airflow-env/lib/python3.8/site-packages/airflow/example_dags/example_setup_teardown_taskflow.py took 0.070 seconds
[2024-06-18T15:16:31.904+0530] {processor.py:161} INFO - Started process (PID=34884) to work on /home/kiit/airflow-env/lib/python3.8/site-packages/airflow/example_dags/example_setup_teardown_taskflow.py
[2024-06-18T15:16:31.905+0530] {processor.py:830} INFO - Processing file /home/kiit/airflow-env/lib/python3.8/site-packages/airflow/example_dags/example_setup_teardown_taskflow.py for tasks to queue
[2024-06-18T15:16:31.907+0530] {logging_mixin.py:188} INFO - [2024-06-18T15:16:31.906+0530] {dagbag.py:545} INFO - Filling up the DagBag from /home/kiit/airflow-env/lib/python3.8/site-packages/airflow/example_dags/example_setup_teardown_taskflow.py
[2024-06-18T15:16:31.914+0530] {processor.py:840} INFO - DAG(s) 'example_setup_teardown_taskflow' retrieved from /home/kiit/airflow-env/lib/python3.8/site-packages/airflow/example_dags/example_setup_teardown_taskflow.py
[2024-06-18T15:16:31.985+0530] {logging_mixin.py:188} INFO - [2024-06-18T15:16:31.985+0530] {dag.py:3096} INFO - Sync 1 DAGs
[2024-06-18T15:16:31.997+0530] {logging_mixin.py:188} INFO - [2024-06-18T15:16:31.997+0530] {dag.py:3954} INFO - Setting next_dagrun for example_setup_teardown_taskflow to 2024-06-17 00:00:00+00:00, run_after=2024-06-18 00:00:00+00:00
[2024-06-18T15:16:32.024+0530] {processor.py:183} INFO - Processing /home/kiit/airflow-env/lib/python3.8/site-packages/airflow/example_dags/example_setup_teardown_taskflow.py took 0.125 seconds
