[2024-06-18T13:06:13.129+0530] {processor.py:161} INFO - Started process (PID=25367) to work on /home/kiit/airflow-env/lib/python3.8/site-packages/airflow/example_dags/example_branch_python_dop_operator_3.py
[2024-06-18T13:06:13.130+0530] {processor.py:830} INFO - Processing file /home/kiit/airflow-env/lib/python3.8/site-packages/airflow/example_dags/example_branch_python_dop_operator_3.py for tasks to queue
[2024-06-18T13:06:13.131+0530] {logging_mixin.py:188} INFO - [2024-06-18T13:06:13.131+0530] {dagbag.py:545} INFO - Filling up the DagBag from /home/kiit/airflow-env/lib/python3.8/site-packages/airflow/example_dags/example_branch_python_dop_operator_3.py
[2024-06-18T13:06:13.140+0530] {processor.py:840} INFO - DAG(s) 'example_branch_dop_operator_v3' retrieved from /home/kiit/airflow-env/lib/python3.8/site-packages/airflow/example_dags/example_branch_python_dop_operator_3.py
[2024-06-18T13:06:13.216+0530] {logging_mixin.py:188} INFO - [2024-06-18T13:06:13.215+0530] {dag.py:3096} INFO - Sync 1 DAGs
[2024-06-18T13:06:13.310+0530] {logging_mixin.py:188} INFO - [2024-06-18T13:06:13.309+0530] {dag.py:3954} INFO - Setting next_dagrun for example_branch_dop_operator_v3 to 2024-06-18 07:35:00+00:00, run_after=2024-06-18 07:36:00+00:00
[2024-06-18T13:06:13.332+0530] {processor.py:183} INFO - Processing /home/kiit/airflow-env/lib/python3.8/site-packages/airflow/example_dags/example_branch_python_dop_operator_3.py took 0.208 seconds
[2024-06-18T13:07:05.579+0530] {processor.py:161} INFO - Started process (PID=25447) to work on /home/kiit/airflow-env/lib/python3.8/site-packages/airflow/example_dags/example_branch_python_dop_operator_3.py
[2024-06-18T13:07:05.581+0530] {processor.py:830} INFO - Processing file /home/kiit/airflow-env/lib/python3.8/site-packages/airflow/example_dags/example_branch_python_dop_operator_3.py for tasks to queue
[2024-06-18T13:07:05.582+0530] {logging_mixin.py:188} INFO - [2024-06-18T13:07:05.581+0530] {dagbag.py:545} INFO - Filling up the DagBag from /home/kiit/airflow-env/lib/python3.8/site-packages/airflow/example_dags/example_branch_python_dop_operator_3.py
[2024-06-18T13:07:05.587+0530] {processor.py:840} INFO - DAG(s) 'example_branch_dop_operator_v3' retrieved from /home/kiit/airflow-env/lib/python3.8/site-packages/airflow/example_dags/example_branch_python_dop_operator_3.py
[2024-06-18T13:07:05.597+0530] {logging_mixin.py:188} INFO - [2024-06-18T13:07:05.597+0530] {dag.py:3096} INFO - Sync 1 DAGs
[2024-06-18T13:07:05.610+0530] {logging_mixin.py:188} INFO - [2024-06-18T13:07:05.610+0530] {dag.py:3954} INFO - Setting next_dagrun for example_branch_dop_operator_v3 to 2024-06-18 07:36:00+00:00, run_after=2024-06-18 07:37:00+00:00
[2024-06-18T13:07:05.697+0530] {processor.py:183} INFO - Processing /home/kiit/airflow-env/lib/python3.8/site-packages/airflow/example_dags/example_branch_python_dop_operator_3.py took 0.122 seconds
[2024-06-18T13:08:08.140+0530] {processor.py:161} INFO - Started process (PID=25505) to work on /home/kiit/airflow-env/lib/python3.8/site-packages/airflow/example_dags/example_branch_python_dop_operator_3.py
[2024-06-18T13:08:08.147+0530] {processor.py:830} INFO - Processing file /home/kiit/airflow-env/lib/python3.8/site-packages/airflow/example_dags/example_branch_python_dop_operator_3.py for tasks to queue
[2024-06-18T13:08:08.151+0530] {logging_mixin.py:188} INFO - [2024-06-18T13:08:08.150+0530] {dagbag.py:545} INFO - Filling up the DagBag from /home/kiit/airflow-env/lib/python3.8/site-packages/airflow/example_dags/example_branch_python_dop_operator_3.py
[2024-06-18T13:08:08.170+0530] {processor.py:840} INFO - DAG(s) 'example_branch_dop_operator_v3' retrieved from /home/kiit/airflow-env/lib/python3.8/site-packages/airflow/example_dags/example_branch_python_dop_operator_3.py
[2024-06-18T13:08:08.196+0530] {logging_mixin.py:188} INFO - [2024-06-18T13:08:08.195+0530] {dag.py:3096} INFO - Sync 1 DAGs
[2024-06-18T13:08:08.234+0530] {logging_mixin.py:188} INFO - [2024-06-18T13:08:08.233+0530] {dag.py:3954} INFO - Setting next_dagrun for example_branch_dop_operator_v3 to 2024-06-18 07:37:00+00:00, run_after=2024-06-18 07:38:00+00:00
[2024-06-18T13:08:08.266+0530] {processor.py:183} INFO - Processing /home/kiit/airflow-env/lib/python3.8/site-packages/airflow/example_dags/example_branch_python_dop_operator_3.py took 0.139 seconds
[2024-06-18T13:08:57.928+0530] {processor.py:161} INFO - Started process (PID=25564) to work on /home/kiit/airflow-env/lib/python3.8/site-packages/airflow/example_dags/example_branch_python_dop_operator_3.py
[2024-06-18T13:08:57.929+0530] {processor.py:830} INFO - Processing file /home/kiit/airflow-env/lib/python3.8/site-packages/airflow/example_dags/example_branch_python_dop_operator_3.py for tasks to queue
[2024-06-18T13:08:57.931+0530] {logging_mixin.py:188} INFO - [2024-06-18T13:08:57.930+0530] {dagbag.py:545} INFO - Filling up the DagBag from /home/kiit/airflow-env/lib/python3.8/site-packages/airflow/example_dags/example_branch_python_dop_operator_3.py
[2024-06-18T13:08:57.936+0530] {processor.py:840} INFO - DAG(s) 'example_branch_dop_operator_v3' retrieved from /home/kiit/airflow-env/lib/python3.8/site-packages/airflow/example_dags/example_branch_python_dop_operator_3.py
[2024-06-18T13:08:57.949+0530] {logging_mixin.py:188} INFO - [2024-06-18T13:08:57.949+0530] {dag.py:3096} INFO - Sync 1 DAGs
[2024-06-18T13:08:57.968+0530] {logging_mixin.py:188} INFO - [2024-06-18T13:08:57.968+0530] {dag.py:3954} INFO - Setting next_dagrun for example_branch_dop_operator_v3 to 2024-06-18 07:37:00+00:00, run_after=2024-06-18 07:38:00+00:00
[2024-06-18T13:08:57.988+0530] {processor.py:183} INFO - Processing /home/kiit/airflow-env/lib/python3.8/site-packages/airflow/example_dags/example_branch_python_dop_operator_3.py took 0.065 seconds
[2024-06-18T13:09:49.456+0530] {processor.py:161} INFO - Started process (PID=25634) to work on /home/kiit/airflow-env/lib/python3.8/site-packages/airflow/example_dags/example_branch_python_dop_operator_3.py
[2024-06-18T13:09:49.457+0530] {processor.py:830} INFO - Processing file /home/kiit/airflow-env/lib/python3.8/site-packages/airflow/example_dags/example_branch_python_dop_operator_3.py for tasks to queue
[2024-06-18T13:09:49.459+0530] {logging_mixin.py:188} INFO - [2024-06-18T13:09:49.458+0530] {dagbag.py:545} INFO - Filling up the DagBag from /home/kiit/airflow-env/lib/python3.8/site-packages/airflow/example_dags/example_branch_python_dop_operator_3.py
[2024-06-18T13:09:49.468+0530] {processor.py:840} INFO - DAG(s) 'example_branch_dop_operator_v3' retrieved from /home/kiit/airflow-env/lib/python3.8/site-packages/airflow/example_dags/example_branch_python_dop_operator_3.py
[2024-06-18T13:09:49.485+0530] {logging_mixin.py:188} INFO - [2024-06-18T13:09:49.485+0530] {dag.py:3096} INFO - Sync 1 DAGs
[2024-06-18T13:09:49.503+0530] {logging_mixin.py:188} INFO - [2024-06-18T13:09:49.503+0530] {dag.py:3954} INFO - Setting next_dagrun for example_branch_dop_operator_v3 to 2024-06-18 07:38:00+00:00, run_after=2024-06-18 07:39:00+00:00
[2024-06-18T13:09:49.522+0530] {processor.py:183} INFO - Processing /home/kiit/airflow-env/lib/python3.8/site-packages/airflow/example_dags/example_branch_python_dop_operator_3.py took 0.071 seconds
[2024-06-18T13:11:00.150+0530] {processor.py:161} INFO - Started process (PID=25707) to work on /home/kiit/airflow-env/lib/python3.8/site-packages/airflow/example_dags/example_branch_python_dop_operator_3.py
[2024-06-18T13:11:00.151+0530] {processor.py:830} INFO - Processing file /home/kiit/airflow-env/lib/python3.8/site-packages/airflow/example_dags/example_branch_python_dop_operator_3.py for tasks to queue
[2024-06-18T13:11:00.153+0530] {logging_mixin.py:188} INFO - [2024-06-18T13:11:00.152+0530] {dagbag.py:545} INFO - Filling up the DagBag from /home/kiit/airflow-env/lib/python3.8/site-packages/airflow/example_dags/example_branch_python_dop_operator_3.py
[2024-06-18T13:11:00.163+0530] {processor.py:840} INFO - DAG(s) 'example_branch_dop_operator_v3' retrieved from /home/kiit/airflow-env/lib/python3.8/site-packages/airflow/example_dags/example_branch_python_dop_operator_3.py
[2024-06-18T13:11:00.180+0530] {logging_mixin.py:188} INFO - [2024-06-18T13:11:00.179+0530] {dag.py:3096} INFO - Sync 1 DAGs
[2024-06-18T13:11:00.221+0530] {logging_mixin.py:188} INFO - [2024-06-18T13:11:00.221+0530] {dag.py:3954} INFO - Setting next_dagrun for example_branch_dop_operator_v3 to 2024-06-18 07:40:00+00:00, run_after=2024-06-18 07:41:00+00:00
[2024-06-18T13:11:00.244+0530] {processor.py:183} INFO - Processing /home/kiit/airflow-env/lib/python3.8/site-packages/airflow/example_dags/example_branch_python_dop_operator_3.py took 0.102 seconds
[2024-06-18T13:12:04.256+0530] {processor.py:161} INFO - Started process (PID=25786) to work on /home/kiit/airflow-env/lib/python3.8/site-packages/airflow/example_dags/example_branch_python_dop_operator_3.py
[2024-06-18T13:12:04.257+0530] {processor.py:830} INFO - Processing file /home/kiit/airflow-env/lib/python3.8/site-packages/airflow/example_dags/example_branch_python_dop_operator_3.py for tasks to queue
[2024-06-18T13:12:04.260+0530] {logging_mixin.py:188} INFO - [2024-06-18T13:12:04.260+0530] {dagbag.py:545} INFO - Filling up the DagBag from /home/kiit/airflow-env/lib/python3.8/site-packages/airflow/example_dags/example_branch_python_dop_operator_3.py
[2024-06-18T13:12:04.274+0530] {processor.py:840} INFO - DAG(s) 'example_branch_dop_operator_v3' retrieved from /home/kiit/airflow-env/lib/python3.8/site-packages/airflow/example_dags/example_branch_python_dop_operator_3.py
[2024-06-18T13:12:04.295+0530] {logging_mixin.py:188} INFO - [2024-06-18T13:12:04.295+0530] {dag.py:3096} INFO - Sync 1 DAGs
[2024-06-18T13:12:04.327+0530] {logging_mixin.py:188} INFO - [2024-06-18T13:12:04.327+0530] {dag.py:3954} INFO - Setting next_dagrun for example_branch_dop_operator_v3 to 2024-06-18 07:41:00+00:00, run_after=2024-06-18 07:42:00+00:00
[2024-06-18T13:12:04.352+0530] {processor.py:183} INFO - Processing /home/kiit/airflow-env/lib/python3.8/site-packages/airflow/example_dags/example_branch_python_dop_operator_3.py took 0.103 seconds
[2024-06-18T13:13:03.903+0530] {processor.py:161} INFO - Started process (PID=25855) to work on /home/kiit/airflow-env/lib/python3.8/site-packages/airflow/example_dags/example_branch_python_dop_operator_3.py
[2024-06-18T13:13:03.905+0530] {processor.py:830} INFO - Processing file /home/kiit/airflow-env/lib/python3.8/site-packages/airflow/example_dags/example_branch_python_dop_operator_3.py for tasks to queue
[2024-06-18T13:13:03.909+0530] {logging_mixin.py:188} INFO - [2024-06-18T13:13:03.908+0530] {dagbag.py:545} INFO - Filling up the DagBag from /home/kiit/airflow-env/lib/python3.8/site-packages/airflow/example_dags/example_branch_python_dop_operator_3.py
[2024-06-18T13:13:03.925+0530] {processor.py:840} INFO - DAG(s) 'example_branch_dop_operator_v3' retrieved from /home/kiit/airflow-env/lib/python3.8/site-packages/airflow/example_dags/example_branch_python_dop_operator_3.py
[2024-06-18T13:13:03.951+0530] {logging_mixin.py:188} INFO - [2024-06-18T13:13:03.951+0530] {dag.py:3096} INFO - Sync 1 DAGs
[2024-06-18T13:13:03.997+0530] {logging_mixin.py:188} INFO - [2024-06-18T13:13:03.996+0530] {dag.py:3954} INFO - Setting next_dagrun for example_branch_dop_operator_v3 to 2024-06-18 07:42:00+00:00, run_after=2024-06-18 07:43:00+00:00
[2024-06-18T13:13:04.040+0530] {processor.py:183} INFO - Processing /home/kiit/airflow-env/lib/python3.8/site-packages/airflow/example_dags/example_branch_python_dop_operator_3.py took 0.149 seconds
[2024-06-18T13:14:01.250+0530] {processor.py:161} INFO - Started process (PID=25929) to work on /home/kiit/airflow-env/lib/python3.8/site-packages/airflow/example_dags/example_branch_python_dop_operator_3.py
[2024-06-18T13:14:01.252+0530] {processor.py:830} INFO - Processing file /home/kiit/airflow-env/lib/python3.8/site-packages/airflow/example_dags/example_branch_python_dop_operator_3.py for tasks to queue
[2024-06-18T13:14:01.253+0530] {logging_mixin.py:188} INFO - [2024-06-18T13:14:01.253+0530] {dagbag.py:545} INFO - Filling up the DagBag from /home/kiit/airflow-env/lib/python3.8/site-packages/airflow/example_dags/example_branch_python_dop_operator_3.py
[2024-06-18T13:14:01.260+0530] {processor.py:840} INFO - DAG(s) 'example_branch_dop_operator_v3' retrieved from /home/kiit/airflow-env/lib/python3.8/site-packages/airflow/example_dags/example_branch_python_dop_operator_3.py
[2024-06-18T13:14:01.270+0530] {logging_mixin.py:188} INFO - [2024-06-18T13:14:01.269+0530] {dag.py:3096} INFO - Sync 1 DAGs
[2024-06-18T13:14:01.284+0530] {logging_mixin.py:188} INFO - [2024-06-18T13:14:01.284+0530] {dag.py:3954} INFO - Setting next_dagrun for example_branch_dop_operator_v3 to 2024-06-18 07:43:00+00:00, run_after=2024-06-18 07:44:00+00:00
[2024-06-18T13:14:01.301+0530] {processor.py:183} INFO - Processing /home/kiit/airflow-env/lib/python3.8/site-packages/airflow/example_dags/example_branch_python_dop_operator_3.py took 0.056 seconds
[2024-06-18T13:14:59.504+0530] {processor.py:161} INFO - Started process (PID=25996) to work on /home/kiit/airflow-env/lib/python3.8/site-packages/airflow/example_dags/example_branch_python_dop_operator_3.py
[2024-06-18T13:14:59.506+0530] {processor.py:830} INFO - Processing file /home/kiit/airflow-env/lib/python3.8/site-packages/airflow/example_dags/example_branch_python_dop_operator_3.py for tasks to queue
[2024-06-18T13:14:59.507+0530] {logging_mixin.py:188} INFO - [2024-06-18T13:14:59.507+0530] {dagbag.py:545} INFO - Filling up the DagBag from /home/kiit/airflow-env/lib/python3.8/site-packages/airflow/example_dags/example_branch_python_dop_operator_3.py
[2024-06-18T13:14:59.515+0530] {processor.py:840} INFO - DAG(s) 'example_branch_dop_operator_v3' retrieved from /home/kiit/airflow-env/lib/python3.8/site-packages/airflow/example_dags/example_branch_python_dop_operator_3.py
[2024-06-18T13:14:59.529+0530] {logging_mixin.py:188} INFO - [2024-06-18T13:14:59.529+0530] {dag.py:3096} INFO - Sync 1 DAGs
[2024-06-18T13:14:59.551+0530] {logging_mixin.py:188} INFO - [2024-06-18T13:14:59.551+0530] {dag.py:3954} INFO - Setting next_dagrun for example_branch_dop_operator_v3 to 2024-06-18 07:43:00+00:00, run_after=2024-06-18 07:44:00+00:00
[2024-06-18T13:14:59.575+0530] {processor.py:183} INFO - Processing /home/kiit/airflow-env/lib/python3.8/site-packages/airflow/example_dags/example_branch_python_dop_operator_3.py took 0.075 seconds
[2024-06-18T13:16:02.468+0530] {processor.py:161} INFO - Started process (PID=26074) to work on /home/kiit/airflow-env/lib/python3.8/site-packages/airflow/example_dags/example_branch_python_dop_operator_3.py
[2024-06-18T13:16:02.470+0530] {processor.py:830} INFO - Processing file /home/kiit/airflow-env/lib/python3.8/site-packages/airflow/example_dags/example_branch_python_dop_operator_3.py for tasks to queue
[2024-06-18T13:16:02.471+0530] {logging_mixin.py:188} INFO - [2024-06-18T13:16:02.471+0530] {dagbag.py:545} INFO - Filling up the DagBag from /home/kiit/airflow-env/lib/python3.8/site-packages/airflow/example_dags/example_branch_python_dop_operator_3.py
[2024-06-18T13:16:02.478+0530] {processor.py:840} INFO - DAG(s) 'example_branch_dop_operator_v3' retrieved from /home/kiit/airflow-env/lib/python3.8/site-packages/airflow/example_dags/example_branch_python_dop_operator_3.py
[2024-06-18T13:16:02.491+0530] {logging_mixin.py:188} INFO - [2024-06-18T13:16:02.491+0530] {dag.py:3096} INFO - Sync 1 DAGs
[2024-06-18T13:16:02.510+0530] {logging_mixin.py:188} INFO - [2024-06-18T13:16:02.510+0530] {dag.py:3954} INFO - Setting next_dagrun for example_branch_dop_operator_v3 to 2024-06-18 07:45:00+00:00, run_after=2024-06-18 07:46:00+00:00
[2024-06-18T13:16:02.531+0530] {processor.py:183} INFO - Processing /home/kiit/airflow-env/lib/python3.8/site-packages/airflow/example_dags/example_branch_python_dop_operator_3.py took 0.068 seconds
[2024-06-18T13:16:59.245+0530] {processor.py:161} INFO - Started process (PID=26140) to work on /home/kiit/airflow-env/lib/python3.8/site-packages/airflow/example_dags/example_branch_python_dop_operator_3.py
[2024-06-18T13:16:59.246+0530] {processor.py:830} INFO - Processing file /home/kiit/airflow-env/lib/python3.8/site-packages/airflow/example_dags/example_branch_python_dop_operator_3.py for tasks to queue
[2024-06-18T13:16:59.248+0530] {logging_mixin.py:188} INFO - [2024-06-18T13:16:59.247+0530] {dagbag.py:545} INFO - Filling up the DagBag from /home/kiit/airflow-env/lib/python3.8/site-packages/airflow/example_dags/example_branch_python_dop_operator_3.py
[2024-06-18T13:16:59.257+0530] {processor.py:840} INFO - DAG(s) 'example_branch_dop_operator_v3' retrieved from /home/kiit/airflow-env/lib/python3.8/site-packages/airflow/example_dags/example_branch_python_dop_operator_3.py
[2024-06-18T13:16:59.269+0530] {logging_mixin.py:188} INFO - [2024-06-18T13:16:59.269+0530] {dag.py:3096} INFO - Sync 1 DAGs
[2024-06-18T13:16:59.287+0530] {logging_mixin.py:188} INFO - [2024-06-18T13:16:59.287+0530] {dag.py:3954} INFO - Setting next_dagrun for example_branch_dop_operator_v3 to 2024-06-18 07:45:00+00:00, run_after=2024-06-18 07:46:00+00:00
[2024-06-18T13:16:59.306+0530] {processor.py:183} INFO - Processing /home/kiit/airflow-env/lib/python3.8/site-packages/airflow/example_dags/example_branch_python_dop_operator_3.py took 0.067 seconds
[2024-06-18T13:17:59.830+0530] {processor.py:161} INFO - Started process (PID=26216) to work on /home/kiit/airflow-env/lib/python3.8/site-packages/airflow/example_dags/example_branch_python_dop_operator_3.py
[2024-06-18T13:17:59.831+0530] {processor.py:830} INFO - Processing file /home/kiit/airflow-env/lib/python3.8/site-packages/airflow/example_dags/example_branch_python_dop_operator_3.py for tasks to queue
[2024-06-18T13:17:59.832+0530] {logging_mixin.py:188} INFO - [2024-06-18T13:17:59.832+0530] {dagbag.py:545} INFO - Filling up the DagBag from /home/kiit/airflow-env/lib/python3.8/site-packages/airflow/example_dags/example_branch_python_dop_operator_3.py
[2024-06-18T13:17:59.839+0530] {processor.py:840} INFO - DAG(s) 'example_branch_dop_operator_v3' retrieved from /home/kiit/airflow-env/lib/python3.8/site-packages/airflow/example_dags/example_branch_python_dop_operator_3.py
[2024-06-18T13:17:59.852+0530] {logging_mixin.py:188} INFO - [2024-06-18T13:17:59.852+0530] {dag.py:3096} INFO - Sync 1 DAGs
[2024-06-18T13:17:59.880+0530] {logging_mixin.py:188} INFO - [2024-06-18T13:17:59.880+0530] {dag.py:3954} INFO - Setting next_dagrun for example_branch_dop_operator_v3 to 2024-06-18 07:46:00+00:00, run_after=2024-06-18 07:47:00+00:00
[2024-06-18T13:17:59.902+0530] {processor.py:183} INFO - Processing /home/kiit/airflow-env/lib/python3.8/site-packages/airflow/example_dags/example_branch_python_dop_operator_3.py took 0.078 seconds
[2024-06-18T13:19:06.328+0530] {processor.py:161} INFO - Started process (PID=26289) to work on /home/kiit/airflow-env/lib/python3.8/site-packages/airflow/example_dags/example_branch_python_dop_operator_3.py
[2024-06-18T13:19:06.330+0530] {processor.py:830} INFO - Processing file /home/kiit/airflow-env/lib/python3.8/site-packages/airflow/example_dags/example_branch_python_dop_operator_3.py for tasks to queue
[2024-06-18T13:19:06.331+0530] {logging_mixin.py:188} INFO - [2024-06-18T13:19:06.331+0530] {dagbag.py:545} INFO - Filling up the DagBag from /home/kiit/airflow-env/lib/python3.8/site-packages/airflow/example_dags/example_branch_python_dop_operator_3.py
[2024-06-18T13:19:06.341+0530] {processor.py:840} INFO - DAG(s) 'example_branch_dop_operator_v3' retrieved from /home/kiit/airflow-env/lib/python3.8/site-packages/airflow/example_dags/example_branch_python_dop_operator_3.py
[2024-06-18T13:19:06.355+0530] {logging_mixin.py:188} INFO - [2024-06-18T13:19:06.355+0530] {dag.py:3096} INFO - Sync 1 DAGs
[2024-06-18T13:19:06.378+0530] {logging_mixin.py:188} INFO - [2024-06-18T13:19:06.378+0530] {dag.py:3954} INFO - Setting next_dagrun for example_branch_dop_operator_v3 to 2024-06-18 07:48:00+00:00, run_after=2024-06-18 07:49:00+00:00
[2024-06-18T13:19:06.397+0530] {processor.py:183} INFO - Processing /home/kiit/airflow-env/lib/python3.8/site-packages/airflow/example_dags/example_branch_python_dop_operator_3.py took 0.074 seconds
[2024-06-18T13:20:02.942+0530] {processor.py:161} INFO - Started process (PID=26364) to work on /home/kiit/airflow-env/lib/python3.8/site-packages/airflow/example_dags/example_branch_python_dop_operator_3.py
[2024-06-18T13:20:02.943+0530] {processor.py:830} INFO - Processing file /home/kiit/airflow-env/lib/python3.8/site-packages/airflow/example_dags/example_branch_python_dop_operator_3.py for tasks to queue
[2024-06-18T13:20:02.945+0530] {logging_mixin.py:188} INFO - [2024-06-18T13:20:02.944+0530] {dagbag.py:545} INFO - Filling up the DagBag from /home/kiit/airflow-env/lib/python3.8/site-packages/airflow/example_dags/example_branch_python_dop_operator_3.py
[2024-06-18T13:20:02.956+0530] {processor.py:840} INFO - DAG(s) 'example_branch_dop_operator_v3' retrieved from /home/kiit/airflow-env/lib/python3.8/site-packages/airflow/example_dags/example_branch_python_dop_operator_3.py
[2024-06-18T13:20:02.974+0530] {logging_mixin.py:188} INFO - [2024-06-18T13:20:02.973+0530] {dag.py:3096} INFO - Sync 1 DAGs
[2024-06-18T13:20:02.998+0530] {logging_mixin.py:188} INFO - [2024-06-18T13:20:02.998+0530] {dag.py:3954} INFO - Setting next_dagrun for example_branch_dop_operator_v3 to 2024-06-18 07:49:00+00:00, run_after=2024-06-18 07:50:00+00:00
[2024-06-18T13:20:03.022+0530] {processor.py:183} INFO - Processing /home/kiit/airflow-env/lib/python3.8/site-packages/airflow/example_dags/example_branch_python_dop_operator_3.py took 0.087 seconds
[2024-06-18T13:21:00.476+0530] {processor.py:161} INFO - Started process (PID=26430) to work on /home/kiit/airflow-env/lib/python3.8/site-packages/airflow/example_dags/example_branch_python_dop_operator_3.py
[2024-06-18T13:21:00.478+0530] {processor.py:830} INFO - Processing file /home/kiit/airflow-env/lib/python3.8/site-packages/airflow/example_dags/example_branch_python_dop_operator_3.py for tasks to queue
[2024-06-18T13:21:00.479+0530] {logging_mixin.py:188} INFO - [2024-06-18T13:21:00.479+0530] {dagbag.py:545} INFO - Filling up the DagBag from /home/kiit/airflow-env/lib/python3.8/site-packages/airflow/example_dags/example_branch_python_dop_operator_3.py
[2024-06-18T13:21:00.486+0530] {processor.py:840} INFO - DAG(s) 'example_branch_dop_operator_v3' retrieved from /home/kiit/airflow-env/lib/python3.8/site-packages/airflow/example_dags/example_branch_python_dop_operator_3.py
[2024-06-18T13:21:00.498+0530] {logging_mixin.py:188} INFO - [2024-06-18T13:21:00.497+0530] {dag.py:3096} INFO - Sync 1 DAGs
[2024-06-18T13:21:00.514+0530] {logging_mixin.py:188} INFO - [2024-06-18T13:21:00.514+0530] {dag.py:3954} INFO - Setting next_dagrun for example_branch_dop_operator_v3 to 2024-06-18 07:50:00+00:00, run_after=2024-06-18 07:51:00+00:00
[2024-06-18T13:21:00.534+0530] {processor.py:183} INFO - Processing /home/kiit/airflow-env/lib/python3.8/site-packages/airflow/example_dags/example_branch_python_dop_operator_3.py took 0.063 seconds
[2024-06-18T13:21:57.045+0530] {processor.py:161} INFO - Started process (PID=26503) to work on /home/kiit/airflow-env/lib/python3.8/site-packages/airflow/example_dags/example_branch_python_dop_operator_3.py
[2024-06-18T13:21:57.047+0530] {processor.py:830} INFO - Processing file /home/kiit/airflow-env/lib/python3.8/site-packages/airflow/example_dags/example_branch_python_dop_operator_3.py for tasks to queue
[2024-06-18T13:21:57.049+0530] {logging_mixin.py:188} INFO - [2024-06-18T13:21:57.048+0530] {dagbag.py:545} INFO - Filling up the DagBag from /home/kiit/airflow-env/lib/python3.8/site-packages/airflow/example_dags/example_branch_python_dop_operator_3.py
[2024-06-18T13:21:57.058+0530] {processor.py:840} INFO - DAG(s) 'example_branch_dop_operator_v3' retrieved from /home/kiit/airflow-env/lib/python3.8/site-packages/airflow/example_dags/example_branch_python_dop_operator_3.py
[2024-06-18T13:21:57.072+0530] {logging_mixin.py:188} INFO - [2024-06-18T13:21:57.072+0530] {dag.py:3096} INFO - Sync 1 DAGs
[2024-06-18T13:21:57.092+0530] {logging_mixin.py:188} INFO - [2024-06-18T13:21:57.092+0530] {dag.py:3954} INFO - Setting next_dagrun for example_branch_dop_operator_v3 to 2024-06-18 07:50:00+00:00, run_after=2024-06-18 07:51:00+00:00
[2024-06-18T13:21:57.115+0530] {processor.py:183} INFO - Processing /home/kiit/airflow-env/lib/python3.8/site-packages/airflow/example_dags/example_branch_python_dop_operator_3.py took 0.076 seconds
[2024-06-18T13:22:54.637+0530] {processor.py:161} INFO - Started process (PID=26570) to work on /home/kiit/airflow-env/lib/python3.8/site-packages/airflow/example_dags/example_branch_python_dop_operator_3.py
[2024-06-18T13:22:54.638+0530] {processor.py:830} INFO - Processing file /home/kiit/airflow-env/lib/python3.8/site-packages/airflow/example_dags/example_branch_python_dop_operator_3.py for tasks to queue
[2024-06-18T13:22:54.640+0530] {logging_mixin.py:188} INFO - [2024-06-18T13:22:54.639+0530] {dagbag.py:545} INFO - Filling up the DagBag from /home/kiit/airflow-env/lib/python3.8/site-packages/airflow/example_dags/example_branch_python_dop_operator_3.py
[2024-06-18T13:22:54.650+0530] {processor.py:840} INFO - DAG(s) 'example_branch_dop_operator_v3' retrieved from /home/kiit/airflow-env/lib/python3.8/site-packages/airflow/example_dags/example_branch_python_dop_operator_3.py
[2024-06-18T13:22:54.664+0530] {logging_mixin.py:188} INFO - [2024-06-18T13:22:54.664+0530] {dag.py:3096} INFO - Sync 1 DAGs
[2024-06-18T13:22:54.686+0530] {logging_mixin.py:188} INFO - [2024-06-18T13:22:54.686+0530] {dag.py:3954} INFO - Setting next_dagrun for example_branch_dop_operator_v3 to 2024-06-18 07:51:00+00:00, run_after=2024-06-18 07:52:00+00:00
[2024-06-18T13:22:54.708+0530] {processor.py:183} INFO - Processing /home/kiit/airflow-env/lib/python3.8/site-packages/airflow/example_dags/example_branch_python_dop_operator_3.py took 0.077 seconds
[2024-06-18T13:23:51.683+0530] {processor.py:161} INFO - Started process (PID=26643) to work on /home/kiit/airflow-env/lib/python3.8/site-packages/airflow/example_dags/example_branch_python_dop_operator_3.py
[2024-06-18T13:23:51.684+0530] {processor.py:830} INFO - Processing file /home/kiit/airflow-env/lib/python3.8/site-packages/airflow/example_dags/example_branch_python_dop_operator_3.py for tasks to queue
[2024-06-18T13:23:51.685+0530] {logging_mixin.py:188} INFO - [2024-06-18T13:23:51.684+0530] {dagbag.py:545} INFO - Filling up the DagBag from /home/kiit/airflow-env/lib/python3.8/site-packages/airflow/example_dags/example_branch_python_dop_operator_3.py
[2024-06-18T13:23:51.691+0530] {processor.py:840} INFO - DAG(s) 'example_branch_dop_operator_v3' retrieved from /home/kiit/airflow-env/lib/python3.8/site-packages/airflow/example_dags/example_branch_python_dop_operator_3.py
[2024-06-18T13:23:51.701+0530] {logging_mixin.py:188} INFO - [2024-06-18T13:23:51.701+0530] {dag.py:3096} INFO - Sync 1 DAGs
[2024-06-18T13:23:51.717+0530] {logging_mixin.py:188} INFO - [2024-06-18T13:23:51.717+0530] {dag.py:3954} INFO - Setting next_dagrun for example_branch_dop_operator_v3 to 2024-06-18 07:52:00+00:00, run_after=2024-06-18 07:53:00+00:00
[2024-06-18T13:23:51.735+0530] {processor.py:183} INFO - Processing /home/kiit/airflow-env/lib/python3.8/site-packages/airflow/example_dags/example_branch_python_dop_operator_3.py took 0.057 seconds
[2024-06-18T13:24:51.110+0530] {processor.py:161} INFO - Started process (PID=26712) to work on /home/kiit/airflow-env/lib/python3.8/site-packages/airflow/example_dags/example_branch_python_dop_operator_3.py
[2024-06-18T13:24:51.111+0530] {processor.py:830} INFO - Processing file /home/kiit/airflow-env/lib/python3.8/site-packages/airflow/example_dags/example_branch_python_dop_operator_3.py for tasks to queue
[2024-06-18T13:24:51.112+0530] {logging_mixin.py:188} INFO - [2024-06-18T13:24:51.112+0530] {dagbag.py:545} INFO - Filling up the DagBag from /home/kiit/airflow-env/lib/python3.8/site-packages/airflow/example_dags/example_branch_python_dop_operator_3.py
[2024-06-18T13:24:51.119+0530] {processor.py:840} INFO - DAG(s) 'example_branch_dop_operator_v3' retrieved from /home/kiit/airflow-env/lib/python3.8/site-packages/airflow/example_dags/example_branch_python_dop_operator_3.py
[2024-06-18T13:24:51.129+0530] {logging_mixin.py:188} INFO - [2024-06-18T13:24:51.129+0530] {dag.py:3096} INFO - Sync 1 DAGs
[2024-06-18T13:24:51.145+0530] {logging_mixin.py:188} INFO - [2024-06-18T13:24:51.145+0530] {dag.py:3954} INFO - Setting next_dagrun for example_branch_dop_operator_v3 to 2024-06-18 07:53:00+00:00, run_after=2024-06-18 07:54:00+00:00
[2024-06-18T13:24:51.166+0530] {processor.py:183} INFO - Processing /home/kiit/airflow-env/lib/python3.8/site-packages/airflow/example_dags/example_branch_python_dop_operator_3.py took 0.063 seconds
[2024-06-18T13:25:46.080+0530] {processor.py:161} INFO - Started process (PID=26788) to work on /home/kiit/airflow-env/lib/python3.8/site-packages/airflow/example_dags/example_branch_python_dop_operator_3.py
[2024-06-18T13:25:46.082+0530] {processor.py:830} INFO - Processing file /home/kiit/airflow-env/lib/python3.8/site-packages/airflow/example_dags/example_branch_python_dop_operator_3.py for tasks to queue
[2024-06-18T13:25:46.084+0530] {logging_mixin.py:188} INFO - [2024-06-18T13:25:46.083+0530] {dagbag.py:545} INFO - Filling up the DagBag from /home/kiit/airflow-env/lib/python3.8/site-packages/airflow/example_dags/example_branch_python_dop_operator_3.py
[2024-06-18T13:25:46.094+0530] {processor.py:840} INFO - DAG(s) 'example_branch_dop_operator_v3' retrieved from /home/kiit/airflow-env/lib/python3.8/site-packages/airflow/example_dags/example_branch_python_dop_operator_3.py
[2024-06-18T13:25:46.112+0530] {logging_mixin.py:188} INFO - [2024-06-18T13:25:46.112+0530] {dag.py:3096} INFO - Sync 1 DAGs
[2024-06-18T13:25:46.137+0530] {logging_mixin.py:188} INFO - [2024-06-18T13:25:46.137+0530] {dag.py:3954} INFO - Setting next_dagrun for example_branch_dop_operator_v3 to 2024-06-18 07:54:00+00:00, run_after=2024-06-18 07:55:00+00:00
[2024-06-18T13:25:46.162+0530] {processor.py:183} INFO - Processing /home/kiit/airflow-env/lib/python3.8/site-packages/airflow/example_dags/example_branch_python_dop_operator_3.py took 0.090 seconds
[2024-06-18T13:26:51.456+0530] {processor.py:161} INFO - Started process (PID=26857) to work on /home/kiit/airflow-env/lib/python3.8/site-packages/airflow/example_dags/example_branch_python_dop_operator_3.py
[2024-06-18T13:26:51.461+0530] {processor.py:830} INFO - Processing file /home/kiit/airflow-env/lib/python3.8/site-packages/airflow/example_dags/example_branch_python_dop_operator_3.py for tasks to queue
[2024-06-18T13:26:51.469+0530] {logging_mixin.py:188} INFO - [2024-06-18T13:26:51.466+0530] {dagbag.py:545} INFO - Filling up the DagBag from /home/kiit/airflow-env/lib/python3.8/site-packages/airflow/example_dags/example_branch_python_dop_operator_3.py
[2024-06-18T13:26:51.527+0530] {processor.py:840} INFO - DAG(s) 'example_branch_dop_operator_v3' retrieved from /home/kiit/airflow-env/lib/python3.8/site-packages/airflow/example_dags/example_branch_python_dop_operator_3.py
[2024-06-18T13:26:51.612+0530] {logging_mixin.py:188} INFO - [2024-06-18T13:26:51.611+0530] {dag.py:3096} INFO - Sync 1 DAGs
[2024-06-18T13:26:51.757+0530] {logging_mixin.py:188} INFO - [2024-06-18T13:26:51.756+0530] {dag.py:3954} INFO - Setting next_dagrun for example_branch_dop_operator_v3 to 2024-06-18 07:55:00+00:00, run_after=2024-06-18 07:56:00+00:00
[2024-06-18T13:26:51.921+0530] {processor.py:183} INFO - Processing /home/kiit/airflow-env/lib/python3.8/site-packages/airflow/example_dags/example_branch_python_dop_operator_3.py took 0.506 seconds
[2024-06-18T13:28:15.094+0530] {processor.py:161} INFO - Started process (PID=26940) to work on /home/kiit/airflow-env/lib/python3.8/site-packages/airflow/example_dags/example_branch_python_dop_operator_3.py
[2024-06-18T13:28:15.102+0530] {processor.py:830} INFO - Processing file /home/kiit/airflow-env/lib/python3.8/site-packages/airflow/example_dags/example_branch_python_dop_operator_3.py for tasks to queue
[2024-06-18T13:28:15.107+0530] {logging_mixin.py:188} INFO - [2024-06-18T13:28:15.106+0530] {dagbag.py:545} INFO - Filling up the DagBag from /home/kiit/airflow-env/lib/python3.8/site-packages/airflow/example_dags/example_branch_python_dop_operator_3.py
[2024-06-18T13:28:15.135+0530] {processor.py:840} INFO - DAG(s) 'example_branch_dop_operator_v3' retrieved from /home/kiit/airflow-env/lib/python3.8/site-packages/airflow/example_dags/example_branch_python_dop_operator_3.py
[2024-06-18T13:28:15.177+0530] {logging_mixin.py:188} INFO - [2024-06-18T13:28:15.176+0530] {dag.py:3096} INFO - Sync 1 DAGs
[2024-06-18T13:28:15.240+0530] {logging_mixin.py:188} INFO - [2024-06-18T13:28:15.239+0530] {dag.py:3954} INFO - Setting next_dagrun for example_branch_dop_operator_v3 to 2024-06-18 07:57:00+00:00, run_after=2024-06-18 07:58:00+00:00
[2024-06-18T13:28:15.307+0530] {processor.py:183} INFO - Processing /home/kiit/airflow-env/lib/python3.8/site-packages/airflow/example_dags/example_branch_python_dop_operator_3.py took 0.236 seconds
[2024-06-18T13:29:34.472+0530] {processor.py:161} INFO - Started process (PID=27017) to work on /home/kiit/airflow-env/lib/python3.8/site-packages/airflow/example_dags/example_branch_python_dop_operator_3.py
[2024-06-18T13:29:34.474+0530] {processor.py:830} INFO - Processing file /home/kiit/airflow-env/lib/python3.8/site-packages/airflow/example_dags/example_branch_python_dop_operator_3.py for tasks to queue
[2024-06-18T13:29:34.476+0530] {logging_mixin.py:188} INFO - [2024-06-18T13:29:34.476+0530] {dagbag.py:545} INFO - Filling up the DagBag from /home/kiit/airflow-env/lib/python3.8/site-packages/airflow/example_dags/example_branch_python_dop_operator_3.py
[2024-06-18T13:29:34.484+0530] {processor.py:840} INFO - DAG(s) 'example_branch_dop_operator_v3' retrieved from /home/kiit/airflow-env/lib/python3.8/site-packages/airflow/example_dags/example_branch_python_dop_operator_3.py
[2024-06-18T13:29:34.500+0530] {logging_mixin.py:188} INFO - [2024-06-18T13:29:34.500+0530] {dag.py:3096} INFO - Sync 1 DAGs
[2024-06-18T13:29:34.520+0530] {logging_mixin.py:188} INFO - [2024-06-18T13:29:34.520+0530] {dag.py:3954} INFO - Setting next_dagrun for example_branch_dop_operator_v3 to 2024-06-18 07:58:00+00:00, run_after=2024-06-18 07:59:00+00:00
[2024-06-18T13:29:34.543+0530] {processor.py:183} INFO - Processing /home/kiit/airflow-env/lib/python3.8/site-packages/airflow/example_dags/example_branch_python_dop_operator_3.py took 0.083 seconds
[2024-06-18T13:30:28.403+0530] {processor.py:161} INFO - Started process (PID=27083) to work on /home/kiit/airflow-env/lib/python3.8/site-packages/airflow/example_dags/example_branch_python_dop_operator_3.py
[2024-06-18T13:30:28.404+0530] {processor.py:830} INFO - Processing file /home/kiit/airflow-env/lib/python3.8/site-packages/airflow/example_dags/example_branch_python_dop_operator_3.py for tasks to queue
[2024-06-18T13:30:28.405+0530] {logging_mixin.py:188} INFO - [2024-06-18T13:30:28.405+0530] {dagbag.py:545} INFO - Filling up the DagBag from /home/kiit/airflow-env/lib/python3.8/site-packages/airflow/example_dags/example_branch_python_dop_operator_3.py
[2024-06-18T13:30:28.414+0530] {processor.py:840} INFO - DAG(s) 'example_branch_dop_operator_v3' retrieved from /home/kiit/airflow-env/lib/python3.8/site-packages/airflow/example_dags/example_branch_python_dop_operator_3.py
[2024-06-18T13:30:28.426+0530] {logging_mixin.py:188} INFO - [2024-06-18T13:30:28.426+0530] {dag.py:3096} INFO - Sync 1 DAGs
[2024-06-18T13:30:28.447+0530] {logging_mixin.py:188} INFO - [2024-06-18T13:30:28.447+0530] {dag.py:3954} INFO - Setting next_dagrun for example_branch_dop_operator_v3 to 2024-06-18 07:59:00+00:00, run_after=2024-06-18 08:00:00+00:00
[2024-06-18T13:30:28.467+0530] {processor.py:183} INFO - Processing /home/kiit/airflow-env/lib/python3.8/site-packages/airflow/example_dags/example_branch_python_dop_operator_3.py took 0.068 seconds
[2024-06-18T13:31:42.720+0530] {processor.py:161} INFO - Started process (PID=27439) to work on /home/kiit/airflow-env/lib/python3.8/site-packages/airflow/example_dags/example_branch_python_dop_operator_3.py
[2024-06-18T13:31:42.722+0530] {processor.py:830} INFO - Processing file /home/kiit/airflow-env/lib/python3.8/site-packages/airflow/example_dags/example_branch_python_dop_operator_3.py for tasks to queue
[2024-06-18T13:31:42.725+0530] {logging_mixin.py:188} INFO - [2024-06-18T13:31:42.724+0530] {dagbag.py:545} INFO - Filling up the DagBag from /home/kiit/airflow-env/lib/python3.8/site-packages/airflow/example_dags/example_branch_python_dop_operator_3.py
[2024-06-18T13:31:42.739+0530] {processor.py:840} INFO - DAG(s) 'example_branch_dop_operator_v3' retrieved from /home/kiit/airflow-env/lib/python3.8/site-packages/airflow/example_dags/example_branch_python_dop_operator_3.py
[2024-06-18T13:31:42.761+0530] {logging_mixin.py:188} INFO - [2024-06-18T13:31:42.761+0530] {dag.py:3096} INFO - Sync 1 DAGs
[2024-06-18T13:31:42.795+0530] {logging_mixin.py:188} INFO - [2024-06-18T13:31:42.794+0530] {dag.py:3954} INFO - Setting next_dagrun for example_branch_dop_operator_v3 to 2024-06-18 08:00:00+00:00, run_after=2024-06-18 08:01:00+00:00
[2024-06-18T13:31:42.828+0530] {processor.py:183} INFO - Processing /home/kiit/airflow-env/lib/python3.8/site-packages/airflow/example_dags/example_branch_python_dop_operator_3.py took 0.118 seconds
[2024-06-18T13:32:44.657+0530] {processor.py:161} INFO - Started process (PID=28146) to work on /home/kiit/airflow-env/lib/python3.8/site-packages/airflow/example_dags/example_branch_python_dop_operator_3.py
[2024-06-18T13:32:44.664+0530] {processor.py:830} INFO - Processing file /home/kiit/airflow-env/lib/python3.8/site-packages/airflow/example_dags/example_branch_python_dop_operator_3.py for tasks to queue
[2024-06-18T13:32:44.666+0530] {logging_mixin.py:188} INFO - [2024-06-18T13:32:44.666+0530] {dagbag.py:545} INFO - Filling up the DagBag from /home/kiit/airflow-env/lib/python3.8/site-packages/airflow/example_dags/example_branch_python_dop_operator_3.py
[2024-06-18T13:32:44.675+0530] {processor.py:840} INFO - DAG(s) 'example_branch_dop_operator_v3' retrieved from /home/kiit/airflow-env/lib/python3.8/site-packages/airflow/example_dags/example_branch_python_dop_operator_3.py
[2024-06-18T13:32:44.686+0530] {logging_mixin.py:188} INFO - [2024-06-18T13:32:44.686+0530] {dag.py:3096} INFO - Sync 1 DAGs
[2024-06-18T13:32:44.701+0530] {logging_mixin.py:188} INFO - [2024-06-18T13:32:44.701+0530] {dag.py:3954} INFO - Setting next_dagrun for example_branch_dop_operator_v3 to 2024-06-18 08:01:00+00:00, run_after=2024-06-18 08:02:00+00:00
[2024-06-18T13:32:44.721+0530] {processor.py:183} INFO - Processing /home/kiit/airflow-env/lib/python3.8/site-packages/airflow/example_dags/example_branch_python_dop_operator_3.py took 0.068 seconds
[2024-06-18T13:33:48.993+0530] {processor.py:161} INFO - Started process (PID=30236) to work on /home/kiit/airflow-env/lib/python3.8/site-packages/airflow/example_dags/example_branch_python_dop_operator_3.py
[2024-06-18T13:33:48.994+0530] {processor.py:830} INFO - Processing file /home/kiit/airflow-env/lib/python3.8/site-packages/airflow/example_dags/example_branch_python_dop_operator_3.py for tasks to queue
[2024-06-18T13:33:48.996+0530] {logging_mixin.py:188} INFO - [2024-06-18T13:33:48.995+0530] {dagbag.py:545} INFO - Filling up the DagBag from /home/kiit/airflow-env/lib/python3.8/site-packages/airflow/example_dags/example_branch_python_dop_operator_3.py
[2024-06-18T13:33:49.003+0530] {processor.py:840} INFO - DAG(s) 'example_branch_dop_operator_v3' retrieved from /home/kiit/airflow-env/lib/python3.8/site-packages/airflow/example_dags/example_branch_python_dop_operator_3.py
[2024-06-18T13:33:49.015+0530] {logging_mixin.py:188} INFO - [2024-06-18T13:33:49.015+0530] {dag.py:3096} INFO - Sync 1 DAGs
[2024-06-18T13:33:49.031+0530] {logging_mixin.py:188} INFO - [2024-06-18T13:33:49.031+0530] {dag.py:3954} INFO - Setting next_dagrun for example_branch_dop_operator_v3 to 2024-06-18 08:02:00+00:00, run_after=2024-06-18 08:03:00+00:00
[2024-06-18T13:33:49.047+0530] {processor.py:183} INFO - Processing /home/kiit/airflow-env/lib/python3.8/site-packages/airflow/example_dags/example_branch_python_dop_operator_3.py took 0.058 seconds
[2024-06-18T13:34:47.416+0530] {processor.py:161} INFO - Started process (PID=30476) to work on /home/kiit/airflow-env/lib/python3.8/site-packages/airflow/example_dags/example_branch_python_dop_operator_3.py
[2024-06-18T13:34:47.423+0530] {processor.py:830} INFO - Processing file /home/kiit/airflow-env/lib/python3.8/site-packages/airflow/example_dags/example_branch_python_dop_operator_3.py for tasks to queue
[2024-06-18T13:34:47.425+0530] {logging_mixin.py:188} INFO - [2024-06-18T13:34:47.424+0530] {dagbag.py:545} INFO - Filling up the DagBag from /home/kiit/airflow-env/lib/python3.8/site-packages/airflow/example_dags/example_branch_python_dop_operator_3.py
[2024-06-18T13:34:47.433+0530] {processor.py:840} INFO - DAG(s) 'example_branch_dop_operator_v3' retrieved from /home/kiit/airflow-env/lib/python3.8/site-packages/airflow/example_dags/example_branch_python_dop_operator_3.py
[2024-06-18T13:34:47.447+0530] {logging_mixin.py:188} INFO - [2024-06-18T13:34:47.447+0530] {dag.py:3096} INFO - Sync 1 DAGs
[2024-06-18T13:34:47.462+0530] {logging_mixin.py:188} INFO - [2024-06-18T13:34:47.462+0530] {dag.py:3954} INFO - Setting next_dagrun for example_branch_dop_operator_v3 to 2024-06-18 08:03:00+00:00, run_after=2024-06-18 08:04:00+00:00
[2024-06-18T13:34:47.481+0530] {processor.py:183} INFO - Processing /home/kiit/airflow-env/lib/python3.8/site-packages/airflow/example_dags/example_branch_python_dop_operator_3.py took 0.070 seconds
[2024-06-18T13:35:50.690+0530] {processor.py:161} INFO - Started process (PID=30553) to work on /home/kiit/airflow-env/lib/python3.8/site-packages/airflow/example_dags/example_branch_python_dop_operator_3.py
[2024-06-18T13:35:50.691+0530] {processor.py:830} INFO - Processing file /home/kiit/airflow-env/lib/python3.8/site-packages/airflow/example_dags/example_branch_python_dop_operator_3.py for tasks to queue
[2024-06-18T13:35:50.692+0530] {logging_mixin.py:188} INFO - [2024-06-18T13:35:50.692+0530] {dagbag.py:545} INFO - Filling up the DagBag from /home/kiit/airflow-env/lib/python3.8/site-packages/airflow/example_dags/example_branch_python_dop_operator_3.py
[2024-06-18T13:35:50.700+0530] {processor.py:840} INFO - DAG(s) 'example_branch_dop_operator_v3' retrieved from /home/kiit/airflow-env/lib/python3.8/site-packages/airflow/example_dags/example_branch_python_dop_operator_3.py
[2024-06-18T13:35:50.714+0530] {logging_mixin.py:188} INFO - [2024-06-18T13:35:50.714+0530] {dag.py:3096} INFO - Sync 1 DAGs
[2024-06-18T13:35:50.733+0530] {logging_mixin.py:188} INFO - [2024-06-18T13:35:50.733+0530] {dag.py:3954} INFO - Setting next_dagrun for example_branch_dop_operator_v3 to 2024-06-18 08:04:00+00:00, run_after=2024-06-18 08:05:00+00:00
[2024-06-18T13:35:50.754+0530] {processor.py:183} INFO - Processing /home/kiit/airflow-env/lib/python3.8/site-packages/airflow/example_dags/example_branch_python_dop_operator_3.py took 0.068 seconds
[2024-06-18T13:36:40.683+0530] {processor.py:161} INFO - Started process (PID=30610) to work on /home/kiit/airflow-env/lib/python3.8/site-packages/airflow/example_dags/example_branch_python_dop_operator_3.py
[2024-06-18T13:36:40.685+0530] {processor.py:830} INFO - Processing file /home/kiit/airflow-env/lib/python3.8/site-packages/airflow/example_dags/example_branch_python_dop_operator_3.py for tasks to queue
[2024-06-18T13:36:40.686+0530] {logging_mixin.py:188} INFO - [2024-06-18T13:36:40.686+0530] {dagbag.py:545} INFO - Filling up the DagBag from /home/kiit/airflow-env/lib/python3.8/site-packages/airflow/example_dags/example_branch_python_dop_operator_3.py
[2024-06-18T13:36:40.694+0530] {processor.py:840} INFO - DAG(s) 'example_branch_dop_operator_v3' retrieved from /home/kiit/airflow-env/lib/python3.8/site-packages/airflow/example_dags/example_branch_python_dop_operator_3.py
[2024-06-18T13:36:40.707+0530] {logging_mixin.py:188} INFO - [2024-06-18T13:36:40.707+0530] {dag.py:3096} INFO - Sync 1 DAGs
[2024-06-18T13:36:40.723+0530] {logging_mixin.py:188} INFO - [2024-06-18T13:36:40.723+0530] {dag.py:3954} INFO - Setting next_dagrun for example_branch_dop_operator_v3 to 2024-06-18 08:05:00+00:00, run_after=2024-06-18 08:06:00+00:00
[2024-06-18T13:36:40.742+0530] {processor.py:183} INFO - Processing /home/kiit/airflow-env/lib/python3.8/site-packages/airflow/example_dags/example_branch_python_dop_operator_3.py took 0.066 seconds
[2024-06-18T13:37:42.609+0530] {processor.py:161} INFO - Started process (PID=30679) to work on /home/kiit/airflow-env/lib/python3.8/site-packages/airflow/example_dags/example_branch_python_dop_operator_3.py
[2024-06-18T13:37:42.611+0530] {processor.py:830} INFO - Processing file /home/kiit/airflow-env/lib/python3.8/site-packages/airflow/example_dags/example_branch_python_dop_operator_3.py for tasks to queue
[2024-06-18T13:37:42.613+0530] {logging_mixin.py:188} INFO - [2024-06-18T13:37:42.612+0530] {dagbag.py:545} INFO - Filling up the DagBag from /home/kiit/airflow-env/lib/python3.8/site-packages/airflow/example_dags/example_branch_python_dop_operator_3.py
[2024-06-18T13:37:42.629+0530] {processor.py:840} INFO - DAG(s) 'example_branch_dop_operator_v3' retrieved from /home/kiit/airflow-env/lib/python3.8/site-packages/airflow/example_dags/example_branch_python_dop_operator_3.py
[2024-06-18T13:37:42.660+0530] {logging_mixin.py:188} INFO - [2024-06-18T13:37:42.659+0530] {dag.py:3096} INFO - Sync 1 DAGs
[2024-06-18T13:37:42.700+0530] {logging_mixin.py:188} INFO - [2024-06-18T13:37:42.700+0530] {dag.py:3954} INFO - Setting next_dagrun for example_branch_dop_operator_v3 to 2024-06-18 08:06:00+00:00, run_after=2024-06-18 08:07:00+00:00
[2024-06-18T13:37:42.734+0530] {processor.py:183} INFO - Processing /home/kiit/airflow-env/lib/python3.8/site-packages/airflow/example_dags/example_branch_python_dop_operator_3.py took 0.137 seconds
[2024-06-18T13:38:57.246+0530] {processor.py:161} INFO - Started process (PID=30762) to work on /home/kiit/airflow-env/lib/python3.8/site-packages/airflow/example_dags/example_branch_python_dop_operator_3.py
[2024-06-18T13:38:57.247+0530] {processor.py:830} INFO - Processing file /home/kiit/airflow-env/lib/python3.8/site-packages/airflow/example_dags/example_branch_python_dop_operator_3.py for tasks to queue
[2024-06-18T13:38:57.248+0530] {logging_mixin.py:188} INFO - [2024-06-18T13:38:57.248+0530] {dagbag.py:545} INFO - Filling up the DagBag from /home/kiit/airflow-env/lib/python3.8/site-packages/airflow/example_dags/example_branch_python_dop_operator_3.py
[2024-06-18T13:38:57.256+0530] {processor.py:840} INFO - DAG(s) 'example_branch_dop_operator_v3' retrieved from /home/kiit/airflow-env/lib/python3.8/site-packages/airflow/example_dags/example_branch_python_dop_operator_3.py
[2024-06-18T13:38:57.269+0530] {logging_mixin.py:188} INFO - [2024-06-18T13:38:57.269+0530] {dag.py:3096} INFO - Sync 1 DAGs
[2024-06-18T13:38:57.291+0530] {logging_mixin.py:188} INFO - [2024-06-18T13:38:57.291+0530] {dag.py:3954} INFO - Setting next_dagrun for example_branch_dop_operator_v3 to 2024-06-18 08:07:00+00:00, run_after=2024-06-18 08:08:00+00:00
[2024-06-18T13:38:57.310+0530] {processor.py:183} INFO - Processing /home/kiit/airflow-env/lib/python3.8/site-packages/airflow/example_dags/example_branch_python_dop_operator_3.py took 0.069 seconds
[2024-06-18T13:39:57.068+0530] {processor.py:161} INFO - Started process (PID=30831) to work on /home/kiit/airflow-env/lib/python3.8/site-packages/airflow/example_dags/example_branch_python_dop_operator_3.py
[2024-06-18T13:39:57.075+0530] {processor.py:830} INFO - Processing file /home/kiit/airflow-env/lib/python3.8/site-packages/airflow/example_dags/example_branch_python_dop_operator_3.py for tasks to queue
[2024-06-18T13:39:57.077+0530] {logging_mixin.py:188} INFO - [2024-06-18T13:39:57.077+0530] {dagbag.py:545} INFO - Filling up the DagBag from /home/kiit/airflow-env/lib/python3.8/site-packages/airflow/example_dags/example_branch_python_dop_operator_3.py
[2024-06-18T13:39:57.084+0530] {processor.py:840} INFO - DAG(s) 'example_branch_dop_operator_v3' retrieved from /home/kiit/airflow-env/lib/python3.8/site-packages/airflow/example_dags/example_branch_python_dop_operator_3.py
[2024-06-18T13:39:57.095+0530] {logging_mixin.py:188} INFO - [2024-06-18T13:39:57.095+0530] {dag.py:3096} INFO - Sync 1 DAGs
[2024-06-18T13:39:57.110+0530] {logging_mixin.py:188} INFO - [2024-06-18T13:39:57.110+0530] {dag.py:3954} INFO - Setting next_dagrun for example_branch_dop_operator_v3 to 2024-06-18 08:08:00+00:00, run_after=2024-06-18 08:09:00+00:00
[2024-06-18T13:39:57.126+0530] {processor.py:183} INFO - Processing /home/kiit/airflow-env/lib/python3.8/site-packages/airflow/example_dags/example_branch_python_dop_operator_3.py took 0.062 seconds
[2024-06-18T13:40:59.166+0530] {processor.py:161} INFO - Started process (PID=30974) to work on /home/kiit/airflow-env/lib/python3.8/site-packages/airflow/example_dags/example_branch_python_dop_operator_3.py
[2024-06-18T13:40:59.173+0530] {processor.py:830} INFO - Processing file /home/kiit/airflow-env/lib/python3.8/site-packages/airflow/example_dags/example_branch_python_dop_operator_3.py for tasks to queue
[2024-06-18T13:40:59.174+0530] {logging_mixin.py:188} INFO - [2024-06-18T13:40:59.174+0530] {dagbag.py:545} INFO - Filling up the DagBag from /home/kiit/airflow-env/lib/python3.8/site-packages/airflow/example_dags/example_branch_python_dop_operator_3.py
[2024-06-18T13:40:59.181+0530] {processor.py:840} INFO - DAG(s) 'example_branch_dop_operator_v3' retrieved from /home/kiit/airflow-env/lib/python3.8/site-packages/airflow/example_dags/example_branch_python_dop_operator_3.py
[2024-06-18T13:40:59.191+0530] {logging_mixin.py:188} INFO - [2024-06-18T13:40:59.191+0530] {dag.py:3096} INFO - Sync 1 DAGs
[2024-06-18T13:40:59.205+0530] {logging_mixin.py:188} INFO - [2024-06-18T13:40:59.205+0530] {dag.py:3954} INFO - Setting next_dagrun for example_branch_dop_operator_v3 to 2024-06-18 08:09:00+00:00, run_after=2024-06-18 08:10:00+00:00
[2024-06-18T13:40:59.224+0530] {processor.py:183} INFO - Processing /home/kiit/airflow-env/lib/python3.8/site-packages/airflow/example_dags/example_branch_python_dop_operator_3.py took 0.063 seconds
[2024-06-18T15:05:50.543+0530] {processor.py:161} INFO - Started process (PID=33634) to work on /home/kiit/airflow-env/lib/python3.8/site-packages/airflow/example_dags/example_branch_python_dop_operator_3.py
[2024-06-18T15:05:50.545+0530] {processor.py:830} INFO - Processing file /home/kiit/airflow-env/lib/python3.8/site-packages/airflow/example_dags/example_branch_python_dop_operator_3.py for tasks to queue
[2024-06-18T15:05:50.547+0530] {logging_mixin.py:188} INFO - [2024-06-18T15:05:50.546+0530] {dagbag.py:545} INFO - Filling up the DagBag from /home/kiit/airflow-env/lib/python3.8/site-packages/airflow/example_dags/example_branch_python_dop_operator_3.py
[2024-06-18T15:05:50.560+0530] {processor.py:840} INFO - DAG(s) 'example_branch_dop_operator_v3' retrieved from /home/kiit/airflow-env/lib/python3.8/site-packages/airflow/example_dags/example_branch_python_dop_operator_3.py
[2024-06-18T15:05:50.573+0530] {logging_mixin.py:188} INFO - [2024-06-18T15:05:50.573+0530] {dag.py:3096} INFO - Sync 1 DAGs
[2024-06-18T15:05:50.598+0530] {logging_mixin.py:188} INFO - [2024-06-18T15:05:50.598+0530] {dag.py:3954} INFO - Setting next_dagrun for example_branch_dop_operator_v3 to 2024-06-18 09:34:00+00:00, run_after=2024-06-18 09:35:00+00:00
[2024-06-18T15:05:50.623+0530] {processor.py:183} INFO - Processing /home/kiit/airflow-env/lib/python3.8/site-packages/airflow/example_dags/example_branch_python_dop_operator_3.py took 0.087 seconds
[2024-06-18T15:06:25.683+0530] {processor.py:161} INFO - Started process (PID=33693) to work on /home/kiit/airflow-env/lib/python3.8/site-packages/airflow/example_dags/example_branch_python_dop_operator_3.py
[2024-06-18T15:06:25.685+0530] {processor.py:830} INFO - Processing file /home/kiit/airflow-env/lib/python3.8/site-packages/airflow/example_dags/example_branch_python_dop_operator_3.py for tasks to queue
[2024-06-18T15:06:25.688+0530] {logging_mixin.py:188} INFO - [2024-06-18T15:06:25.687+0530] {dagbag.py:545} INFO - Filling up the DagBag from /home/kiit/airflow-env/lib/python3.8/site-packages/airflow/example_dags/example_branch_python_dop_operator_3.py
[2024-06-18T15:06:25.704+0530] {processor.py:840} INFO - DAG(s) 'example_branch_dop_operator_v3' retrieved from /home/kiit/airflow-env/lib/python3.8/site-packages/airflow/example_dags/example_branch_python_dop_operator_3.py
[2024-06-18T15:06:26.050+0530] {logging_mixin.py:188} INFO - [2024-06-18T15:06:26.050+0530] {dag.py:3096} INFO - Sync 1 DAGs
[2024-06-18T15:06:26.099+0530] {logging_mixin.py:188} INFO - [2024-06-18T15:06:26.099+0530] {dag.py:3954} INFO - Setting next_dagrun for example_branch_dop_operator_v3 to 2024-06-18 09:35:00+00:00, run_after=2024-06-18 09:36:00+00:00
[2024-06-18T15:06:26.168+0530] {processor.py:183} INFO - Processing /home/kiit/airflow-env/lib/python3.8/site-packages/airflow/example_dags/example_branch_python_dop_operator_3.py took 0.497 seconds
[2024-06-18T15:06:56.399+0530] {processor.py:161} INFO - Started process (PID=33753) to work on /home/kiit/airflow-env/lib/python3.8/site-packages/airflow/example_dags/example_branch_python_dop_operator_3.py
[2024-06-18T15:06:56.401+0530] {processor.py:830} INFO - Processing file /home/kiit/airflow-env/lib/python3.8/site-packages/airflow/example_dags/example_branch_python_dop_operator_3.py for tasks to queue
[2024-06-18T15:06:56.402+0530] {logging_mixin.py:188} INFO - [2024-06-18T15:06:56.402+0530] {dagbag.py:545} INFO - Filling up the DagBag from /home/kiit/airflow-env/lib/python3.8/site-packages/airflow/example_dags/example_branch_python_dop_operator_3.py
[2024-06-18T15:06:56.412+0530] {processor.py:840} INFO - DAG(s) 'example_branch_dop_operator_v3' retrieved from /home/kiit/airflow-env/lib/python3.8/site-packages/airflow/example_dags/example_branch_python_dop_operator_3.py
[2024-06-18T15:06:56.436+0530] {logging_mixin.py:188} INFO - [2024-06-18T15:06:56.435+0530] {dag.py:3096} INFO - Sync 1 DAGs
[2024-06-18T15:06:56.462+0530] {logging_mixin.py:188} INFO - [2024-06-18T15:06:56.462+0530] {dag.py:3954} INFO - Setting next_dagrun for example_branch_dop_operator_v3 to 2024-06-18 09:35:00+00:00, run_after=2024-06-18 09:36:00+00:00
[2024-06-18T15:06:56.492+0530] {processor.py:183} INFO - Processing /home/kiit/airflow-env/lib/python3.8/site-packages/airflow/example_dags/example_branch_python_dop_operator_3.py took 0.103 seconds
[2024-06-18T15:07:27.215+0530] {processor.py:161} INFO - Started process (PID=33811) to work on /home/kiit/airflow-env/lib/python3.8/site-packages/airflow/example_dags/example_branch_python_dop_operator_3.py
[2024-06-18T15:07:27.216+0530] {processor.py:830} INFO - Processing file /home/kiit/airflow-env/lib/python3.8/site-packages/airflow/example_dags/example_branch_python_dop_operator_3.py for tasks to queue
[2024-06-18T15:07:27.218+0530] {logging_mixin.py:188} INFO - [2024-06-18T15:07:27.217+0530] {dagbag.py:545} INFO - Filling up the DagBag from /home/kiit/airflow-env/lib/python3.8/site-packages/airflow/example_dags/example_branch_python_dop_operator_3.py
[2024-06-18T15:07:27.230+0530] {processor.py:840} INFO - DAG(s) 'example_branch_dop_operator_v3' retrieved from /home/kiit/airflow-env/lib/python3.8/site-packages/airflow/example_dags/example_branch_python_dop_operator_3.py
[2024-06-18T15:07:27.255+0530] {logging_mixin.py:188} INFO - [2024-06-18T15:07:27.255+0530] {dag.py:3096} INFO - Sync 1 DAGs
[2024-06-18T15:07:27.283+0530] {logging_mixin.py:188} INFO - [2024-06-18T15:07:27.282+0530] {dag.py:3954} INFO - Setting next_dagrun for example_branch_dop_operator_v3 to 2024-06-18 09:36:00+00:00, run_after=2024-06-18 09:37:00+00:00
[2024-06-18T15:07:27.308+0530] {processor.py:183} INFO - Processing /home/kiit/airflow-env/lib/python3.8/site-packages/airflow/example_dags/example_branch_python_dop_operator_3.py took 0.101 seconds
[2024-06-18T15:07:57.960+0530] {processor.py:161} INFO - Started process (PID=33870) to work on /home/kiit/airflow-env/lib/python3.8/site-packages/airflow/example_dags/example_branch_python_dop_operator_3.py
[2024-06-18T15:07:57.961+0530] {processor.py:830} INFO - Processing file /home/kiit/airflow-env/lib/python3.8/site-packages/airflow/example_dags/example_branch_python_dop_operator_3.py for tasks to queue
[2024-06-18T15:07:57.963+0530] {logging_mixin.py:188} INFO - [2024-06-18T15:07:57.963+0530] {dagbag.py:545} INFO - Filling up the DagBag from /home/kiit/airflow-env/lib/python3.8/site-packages/airflow/example_dags/example_branch_python_dop_operator_3.py
[2024-06-18T15:07:57.972+0530] {processor.py:840} INFO - DAG(s) 'example_branch_dop_operator_v3' retrieved from /home/kiit/airflow-env/lib/python3.8/site-packages/airflow/example_dags/example_branch_python_dop_operator_3.py
[2024-06-18T15:07:57.991+0530] {logging_mixin.py:188} INFO - [2024-06-18T15:07:57.991+0530] {dag.py:3096} INFO - Sync 1 DAGs
[2024-06-18T15:07:58.014+0530] {logging_mixin.py:188} INFO - [2024-06-18T15:07:58.014+0530] {dag.py:3954} INFO - Setting next_dagrun for example_branch_dop_operator_v3 to 2024-06-18 09:36:00+00:00, run_after=2024-06-18 09:37:00+00:00
[2024-06-18T15:07:58.042+0530] {processor.py:183} INFO - Processing /home/kiit/airflow-env/lib/python3.8/site-packages/airflow/example_dags/example_branch_python_dop_operator_3.py took 0.088 seconds
[2024-06-18T15:08:28.111+0530] {processor.py:161} INFO - Started process (PID=33930) to work on /home/kiit/airflow-env/lib/python3.8/site-packages/airflow/example_dags/example_branch_python_dop_operator_3.py
[2024-06-18T15:08:28.112+0530] {processor.py:830} INFO - Processing file /home/kiit/airflow-env/lib/python3.8/site-packages/airflow/example_dags/example_branch_python_dop_operator_3.py for tasks to queue
[2024-06-18T15:08:28.114+0530] {logging_mixin.py:188} INFO - [2024-06-18T15:08:28.114+0530] {dagbag.py:545} INFO - Filling up the DagBag from /home/kiit/airflow-env/lib/python3.8/site-packages/airflow/example_dags/example_branch_python_dop_operator_3.py
[2024-06-18T15:08:28.126+0530] {processor.py:840} INFO - DAG(s) 'example_branch_dop_operator_v3' retrieved from /home/kiit/airflow-env/lib/python3.8/site-packages/airflow/example_dags/example_branch_python_dop_operator_3.py
[2024-06-18T15:08:28.157+0530] {logging_mixin.py:188} INFO - [2024-06-18T15:08:28.156+0530] {dag.py:3096} INFO - Sync 1 DAGs
[2024-06-18T15:08:28.195+0530] {logging_mixin.py:188} INFO - [2024-06-18T15:08:28.194+0530] {dag.py:3954} INFO - Setting next_dagrun for example_branch_dop_operator_v3 to 2024-06-18 09:37:00+00:00, run_after=2024-06-18 09:38:00+00:00
[2024-06-18T15:08:28.230+0530] {processor.py:183} INFO - Processing /home/kiit/airflow-env/lib/python3.8/site-packages/airflow/example_dags/example_branch_python_dop_operator_3.py took 0.125 seconds
[2024-06-18T15:08:58.791+0530] {processor.py:161} INFO - Started process (PID=33989) to work on /home/kiit/airflow-env/lib/python3.8/site-packages/airflow/example_dags/example_branch_python_dop_operator_3.py
[2024-06-18T15:08:58.792+0530] {processor.py:830} INFO - Processing file /home/kiit/airflow-env/lib/python3.8/site-packages/airflow/example_dags/example_branch_python_dop_operator_3.py for tasks to queue
[2024-06-18T15:08:58.794+0530] {logging_mixin.py:188} INFO - [2024-06-18T15:08:58.793+0530] {dagbag.py:545} INFO - Filling up the DagBag from /home/kiit/airflow-env/lib/python3.8/site-packages/airflow/example_dags/example_branch_python_dop_operator_3.py
[2024-06-18T15:08:58.803+0530] {processor.py:840} INFO - DAG(s) 'example_branch_dop_operator_v3' retrieved from /home/kiit/airflow-env/lib/python3.8/site-packages/airflow/example_dags/example_branch_python_dop_operator_3.py
[2024-06-18T15:08:58.822+0530] {logging_mixin.py:188} INFO - [2024-06-18T15:08:58.822+0530] {dag.py:3096} INFO - Sync 1 DAGs
[2024-06-18T15:08:58.842+0530] {logging_mixin.py:188} INFO - [2024-06-18T15:08:58.842+0530] {dag.py:3954} INFO - Setting next_dagrun for example_branch_dop_operator_v3 to 2024-06-18 09:37:00+00:00, run_after=2024-06-18 09:38:00+00:00
[2024-06-18T15:08:58.864+0530] {processor.py:183} INFO - Processing /home/kiit/airflow-env/lib/python3.8/site-packages/airflow/example_dags/example_branch_python_dop_operator_3.py took 0.079 seconds
[2024-06-18T15:09:29.121+0530] {processor.py:161} INFO - Started process (PID=34049) to work on /home/kiit/airflow-env/lib/python3.8/site-packages/airflow/example_dags/example_branch_python_dop_operator_3.py
[2024-06-18T15:09:29.122+0530] {processor.py:830} INFO - Processing file /home/kiit/airflow-env/lib/python3.8/site-packages/airflow/example_dags/example_branch_python_dop_operator_3.py for tasks to queue
[2024-06-18T15:09:29.123+0530] {logging_mixin.py:188} INFO - [2024-06-18T15:09:29.123+0530] {dagbag.py:545} INFO - Filling up the DagBag from /home/kiit/airflow-env/lib/python3.8/site-packages/airflow/example_dags/example_branch_python_dop_operator_3.py
[2024-06-18T15:09:29.132+0530] {processor.py:840} INFO - DAG(s) 'example_branch_dop_operator_v3' retrieved from /home/kiit/airflow-env/lib/python3.8/site-packages/airflow/example_dags/example_branch_python_dop_operator_3.py
[2024-06-18T15:09:29.151+0530] {logging_mixin.py:188} INFO - [2024-06-18T15:09:29.151+0530] {dag.py:3096} INFO - Sync 1 DAGs
[2024-06-18T15:09:29.172+0530] {logging_mixin.py:188} INFO - [2024-06-18T15:09:29.172+0530] {dag.py:3954} INFO - Setting next_dagrun for example_branch_dop_operator_v3 to 2024-06-18 09:38:00+00:00, run_after=2024-06-18 09:39:00+00:00
[2024-06-18T15:09:29.194+0530] {processor.py:183} INFO - Processing /home/kiit/airflow-env/lib/python3.8/site-packages/airflow/example_dags/example_branch_python_dop_operator_3.py took 0.081 seconds
[2024-06-18T15:09:59.334+0530] {processor.py:161} INFO - Started process (PID=34108) to work on /home/kiit/airflow-env/lib/python3.8/site-packages/airflow/example_dags/example_branch_python_dop_operator_3.py
[2024-06-18T15:09:59.336+0530] {processor.py:830} INFO - Processing file /home/kiit/airflow-env/lib/python3.8/site-packages/airflow/example_dags/example_branch_python_dop_operator_3.py for tasks to queue
[2024-06-18T15:09:59.337+0530] {logging_mixin.py:188} INFO - [2024-06-18T15:09:59.336+0530] {dagbag.py:545} INFO - Filling up the DagBag from /home/kiit/airflow-env/lib/python3.8/site-packages/airflow/example_dags/example_branch_python_dop_operator_3.py
[2024-06-18T15:09:59.343+0530] {processor.py:840} INFO - DAG(s) 'example_branch_dop_operator_v3' retrieved from /home/kiit/airflow-env/lib/python3.8/site-packages/airflow/example_dags/example_branch_python_dop_operator_3.py
[2024-06-18T15:09:59.361+0530] {logging_mixin.py:188} INFO - [2024-06-18T15:09:59.361+0530] {dag.py:3096} INFO - Sync 1 DAGs
[2024-06-18T15:09:59.378+0530] {logging_mixin.py:188} INFO - [2024-06-18T15:09:59.377+0530] {dag.py:3954} INFO - Setting next_dagrun for example_branch_dop_operator_v3 to 2024-06-18 09:38:00+00:00, run_after=2024-06-18 09:39:00+00:00
[2024-06-18T15:09:59.398+0530] {processor.py:183} INFO - Processing /home/kiit/airflow-env/lib/python3.8/site-packages/airflow/example_dags/example_branch_python_dop_operator_3.py took 0.069 seconds
[2024-06-18T15:10:29.677+0530] {processor.py:161} INFO - Started process (PID=34168) to work on /home/kiit/airflow-env/lib/python3.8/site-packages/airflow/example_dags/example_branch_python_dop_operator_3.py
[2024-06-18T15:10:29.678+0530] {processor.py:830} INFO - Processing file /home/kiit/airflow-env/lib/python3.8/site-packages/airflow/example_dags/example_branch_python_dop_operator_3.py for tasks to queue
[2024-06-18T15:10:29.680+0530] {logging_mixin.py:188} INFO - [2024-06-18T15:10:29.679+0530] {dagbag.py:545} INFO - Filling up the DagBag from /home/kiit/airflow-env/lib/python3.8/site-packages/airflow/example_dags/example_branch_python_dop_operator_3.py
[2024-06-18T15:10:29.686+0530] {processor.py:840} INFO - DAG(s) 'example_branch_dop_operator_v3' retrieved from /home/kiit/airflow-env/lib/python3.8/site-packages/airflow/example_dags/example_branch_python_dop_operator_3.py
[2024-06-18T15:10:29.703+0530] {logging_mixin.py:188} INFO - [2024-06-18T15:10:29.703+0530] {dag.py:3096} INFO - Sync 1 DAGs
[2024-06-18T15:10:29.720+0530] {logging_mixin.py:188} INFO - [2024-06-18T15:10:29.720+0530] {dag.py:3954} INFO - Setting next_dagrun for example_branch_dop_operator_v3 to 2024-06-18 09:39:00+00:00, run_after=2024-06-18 09:40:00+00:00
[2024-06-18T15:10:29.743+0530] {processor.py:183} INFO - Processing /home/kiit/airflow-env/lib/python3.8/site-packages/airflow/example_dags/example_branch_python_dop_operator_3.py took 0.072 seconds
[2024-06-18T15:10:59.966+0530] {processor.py:161} INFO - Started process (PID=34227) to work on /home/kiit/airflow-env/lib/python3.8/site-packages/airflow/example_dags/example_branch_python_dop_operator_3.py
[2024-06-18T15:10:59.968+0530] {processor.py:830} INFO - Processing file /home/kiit/airflow-env/lib/python3.8/site-packages/airflow/example_dags/example_branch_python_dop_operator_3.py for tasks to queue
[2024-06-18T15:10:59.970+0530] {logging_mixin.py:188} INFO - [2024-06-18T15:10:59.969+0530] {dagbag.py:545} INFO - Filling up the DagBag from /home/kiit/airflow-env/lib/python3.8/site-packages/airflow/example_dags/example_branch_python_dop_operator_3.py
[2024-06-18T15:10:59.977+0530] {processor.py:840} INFO - DAG(s) 'example_branch_dop_operator_v3' retrieved from /home/kiit/airflow-env/lib/python3.8/site-packages/airflow/example_dags/example_branch_python_dop_operator_3.py
[2024-06-18T15:10:59.992+0530] {logging_mixin.py:188} INFO - [2024-06-18T15:10:59.992+0530] {dag.py:3096} INFO - Sync 1 DAGs
[2024-06-18T15:11:00.010+0530] {logging_mixin.py:188} INFO - [2024-06-18T15:11:00.010+0530] {dag.py:3954} INFO - Setting next_dagrun for example_branch_dop_operator_v3 to 2024-06-18 09:40:00+00:00, run_after=2024-06-18 09:41:00+00:00
[2024-06-18T15:11:00.035+0530] {processor.py:183} INFO - Processing /home/kiit/airflow-env/lib/python3.8/site-packages/airflow/example_dags/example_branch_python_dop_operator_3.py took 0.075 seconds
[2024-06-18T15:11:30.131+0530] {processor.py:161} INFO - Started process (PID=34286) to work on /home/kiit/airflow-env/lib/python3.8/site-packages/airflow/example_dags/example_branch_python_dop_operator_3.py
[2024-06-18T15:11:30.132+0530] {processor.py:830} INFO - Processing file /home/kiit/airflow-env/lib/python3.8/site-packages/airflow/example_dags/example_branch_python_dop_operator_3.py for tasks to queue
[2024-06-18T15:11:30.133+0530] {logging_mixin.py:188} INFO - [2024-06-18T15:11:30.133+0530] {dagbag.py:545} INFO - Filling up the DagBag from /home/kiit/airflow-env/lib/python3.8/site-packages/airflow/example_dags/example_branch_python_dop_operator_3.py
[2024-06-18T15:11:30.140+0530] {processor.py:840} INFO - DAG(s) 'example_branch_dop_operator_v3' retrieved from /home/kiit/airflow-env/lib/python3.8/site-packages/airflow/example_dags/example_branch_python_dop_operator_3.py
[2024-06-18T15:11:30.154+0530] {logging_mixin.py:188} INFO - [2024-06-18T15:11:30.153+0530] {dag.py:3096} INFO - Sync 1 DAGs
[2024-06-18T15:11:30.173+0530] {logging_mixin.py:188} INFO - [2024-06-18T15:11:30.173+0530] {dag.py:3954} INFO - Setting next_dagrun for example_branch_dop_operator_v3 to 2024-06-18 09:40:00+00:00, run_after=2024-06-18 09:41:00+00:00
[2024-06-18T15:11:30.193+0530] {processor.py:183} INFO - Processing /home/kiit/airflow-env/lib/python3.8/site-packages/airflow/example_dags/example_branch_python_dop_operator_3.py took 0.066 seconds
[2024-06-18T15:12:00.419+0530] {processor.py:161} INFO - Started process (PID=34345) to work on /home/kiit/airflow-env/lib/python3.8/site-packages/airflow/example_dags/example_branch_python_dop_operator_3.py
[2024-06-18T15:12:00.420+0530] {processor.py:830} INFO - Processing file /home/kiit/airflow-env/lib/python3.8/site-packages/airflow/example_dags/example_branch_python_dop_operator_3.py for tasks to queue
[2024-06-18T15:12:00.422+0530] {logging_mixin.py:188} INFO - [2024-06-18T15:12:00.422+0530] {dagbag.py:545} INFO - Filling up the DagBag from /home/kiit/airflow-env/lib/python3.8/site-packages/airflow/example_dags/example_branch_python_dop_operator_3.py
[2024-06-18T15:12:00.431+0530] {processor.py:840} INFO - DAG(s) 'example_branch_dop_operator_v3' retrieved from /home/kiit/airflow-env/lib/python3.8/site-packages/airflow/example_dags/example_branch_python_dop_operator_3.py
[2024-06-18T15:12:00.447+0530] {logging_mixin.py:188} INFO - [2024-06-18T15:12:00.447+0530] {dag.py:3096} INFO - Sync 1 DAGs
[2024-06-18T15:12:00.465+0530] {logging_mixin.py:188} INFO - [2024-06-18T15:12:00.465+0530] {dag.py:3954} INFO - Setting next_dagrun for example_branch_dop_operator_v3 to 2024-06-18 09:41:00+00:00, run_after=2024-06-18 09:42:00+00:00
[2024-06-18T15:12:00.484+0530] {processor.py:183} INFO - Processing /home/kiit/airflow-env/lib/python3.8/site-packages/airflow/example_dags/example_branch_python_dop_operator_3.py took 0.071 seconds
[2024-06-18T15:12:30.715+0530] {processor.py:161} INFO - Started process (PID=34405) to work on /home/kiit/airflow-env/lib/python3.8/site-packages/airflow/example_dags/example_branch_python_dop_operator_3.py
[2024-06-18T15:12:30.716+0530] {processor.py:830} INFO - Processing file /home/kiit/airflow-env/lib/python3.8/site-packages/airflow/example_dags/example_branch_python_dop_operator_3.py for tasks to queue
[2024-06-18T15:12:30.717+0530] {logging_mixin.py:188} INFO - [2024-06-18T15:12:30.717+0530] {dagbag.py:545} INFO - Filling up the DagBag from /home/kiit/airflow-env/lib/python3.8/site-packages/airflow/example_dags/example_branch_python_dop_operator_3.py
[2024-06-18T15:12:30.724+0530] {processor.py:840} INFO - DAG(s) 'example_branch_dop_operator_v3' retrieved from /home/kiit/airflow-env/lib/python3.8/site-packages/airflow/example_dags/example_branch_python_dop_operator_3.py
[2024-06-18T15:12:30.741+0530] {logging_mixin.py:188} INFO - [2024-06-18T15:12:30.741+0530] {dag.py:3096} INFO - Sync 1 DAGs
[2024-06-18T15:12:30.758+0530] {logging_mixin.py:188} INFO - [2024-06-18T15:12:30.758+0530] {dag.py:3954} INFO - Setting next_dagrun for example_branch_dop_operator_v3 to 2024-06-18 09:41:00+00:00, run_after=2024-06-18 09:42:00+00:00
[2024-06-18T15:12:30.778+0530] {processor.py:183} INFO - Processing /home/kiit/airflow-env/lib/python3.8/site-packages/airflow/example_dags/example_branch_python_dop_operator_3.py took 0.068 seconds
[2024-06-18T15:13:00.998+0530] {processor.py:161} INFO - Started process (PID=34464) to work on /home/kiit/airflow-env/lib/python3.8/site-packages/airflow/example_dags/example_branch_python_dop_operator_3.py
[2024-06-18T15:13:00.999+0530] {processor.py:830} INFO - Processing file /home/kiit/airflow-env/lib/python3.8/site-packages/airflow/example_dags/example_branch_python_dop_operator_3.py for tasks to queue
[2024-06-18T15:13:01.001+0530] {logging_mixin.py:188} INFO - [2024-06-18T15:13:01.000+0530] {dagbag.py:545} INFO - Filling up the DagBag from /home/kiit/airflow-env/lib/python3.8/site-packages/airflow/example_dags/example_branch_python_dop_operator_3.py
[2024-06-18T15:13:01.008+0530] {processor.py:840} INFO - DAG(s) 'example_branch_dop_operator_v3' retrieved from /home/kiit/airflow-env/lib/python3.8/site-packages/airflow/example_dags/example_branch_python_dop_operator_3.py
[2024-06-18T15:13:01.024+0530] {logging_mixin.py:188} INFO - [2024-06-18T15:13:01.024+0530] {dag.py:3096} INFO - Sync 1 DAGs
[2024-06-18T15:13:01.040+0530] {logging_mixin.py:188} INFO - [2024-06-18T15:13:01.040+0530] {dag.py:3954} INFO - Setting next_dagrun for example_branch_dop_operator_v3 to 2024-06-18 09:42:00+00:00, run_after=2024-06-18 09:43:00+00:00
[2024-06-18T15:13:01.062+0530] {processor.py:183} INFO - Processing /home/kiit/airflow-env/lib/python3.8/site-packages/airflow/example_dags/example_branch_python_dop_operator_3.py took 0.070 seconds
[2024-06-18T15:13:31.342+0530] {processor.py:161} INFO - Started process (PID=34523) to work on /home/kiit/airflow-env/lib/python3.8/site-packages/airflow/example_dags/example_branch_python_dop_operator_3.py
[2024-06-18T15:13:31.343+0530] {processor.py:830} INFO - Processing file /home/kiit/airflow-env/lib/python3.8/site-packages/airflow/example_dags/example_branch_python_dop_operator_3.py for tasks to queue
[2024-06-18T15:13:31.344+0530] {logging_mixin.py:188} INFO - [2024-06-18T15:13:31.344+0530] {dagbag.py:545} INFO - Filling up the DagBag from /home/kiit/airflow-env/lib/python3.8/site-packages/airflow/example_dags/example_branch_python_dop_operator_3.py
[2024-06-18T15:13:31.352+0530] {processor.py:840} INFO - DAG(s) 'example_branch_dop_operator_v3' retrieved from /home/kiit/airflow-env/lib/python3.8/site-packages/airflow/example_dags/example_branch_python_dop_operator_3.py
[2024-06-18T15:13:31.368+0530] {logging_mixin.py:188} INFO - [2024-06-18T15:13:31.368+0530] {dag.py:3096} INFO - Sync 1 DAGs
[2024-06-18T15:13:31.388+0530] {logging_mixin.py:188} INFO - [2024-06-18T15:13:31.388+0530] {dag.py:3954} INFO - Setting next_dagrun for example_branch_dop_operator_v3 to 2024-06-18 09:42:00+00:00, run_after=2024-06-18 09:43:00+00:00
[2024-06-18T15:13:31.409+0530] {processor.py:183} INFO - Processing /home/kiit/airflow-env/lib/python3.8/site-packages/airflow/example_dags/example_branch_python_dop_operator_3.py took 0.073 seconds
[2024-06-18T15:14:01.576+0530] {processor.py:161} INFO - Started process (PID=34582) to work on /home/kiit/airflow-env/lib/python3.8/site-packages/airflow/example_dags/example_branch_python_dop_operator_3.py
[2024-06-18T15:14:01.577+0530] {processor.py:830} INFO - Processing file /home/kiit/airflow-env/lib/python3.8/site-packages/airflow/example_dags/example_branch_python_dop_operator_3.py for tasks to queue
[2024-06-18T15:14:01.578+0530] {logging_mixin.py:188} INFO - [2024-06-18T15:14:01.578+0530] {dagbag.py:545} INFO - Filling up the DagBag from /home/kiit/airflow-env/lib/python3.8/site-packages/airflow/example_dags/example_branch_python_dop_operator_3.py
[2024-06-18T15:14:01.587+0530] {processor.py:840} INFO - DAG(s) 'example_branch_dop_operator_v3' retrieved from /home/kiit/airflow-env/lib/python3.8/site-packages/airflow/example_dags/example_branch_python_dop_operator_3.py
[2024-06-18T15:14:01.605+0530] {logging_mixin.py:188} INFO - [2024-06-18T15:14:01.604+0530] {dag.py:3096} INFO - Sync 1 DAGs
[2024-06-18T15:14:01.623+0530] {logging_mixin.py:188} INFO - [2024-06-18T15:14:01.623+0530] {dag.py:3954} INFO - Setting next_dagrun for example_branch_dop_operator_v3 to 2024-06-18 09:43:00+00:00, run_after=2024-06-18 09:44:00+00:00
[2024-06-18T15:14:01.643+0530] {processor.py:183} INFO - Processing /home/kiit/airflow-env/lib/python3.8/site-packages/airflow/example_dags/example_branch_python_dop_operator_3.py took 0.072 seconds
[2024-06-18T15:14:31.911+0530] {processor.py:161} INFO - Started process (PID=34641) to work on /home/kiit/airflow-env/lib/python3.8/site-packages/airflow/example_dags/example_branch_python_dop_operator_3.py
[2024-06-18T15:14:31.912+0530] {processor.py:830} INFO - Processing file /home/kiit/airflow-env/lib/python3.8/site-packages/airflow/example_dags/example_branch_python_dop_operator_3.py for tasks to queue
[2024-06-18T15:14:31.914+0530] {logging_mixin.py:188} INFO - [2024-06-18T15:14:31.914+0530] {dagbag.py:545} INFO - Filling up the DagBag from /home/kiit/airflow-env/lib/python3.8/site-packages/airflow/example_dags/example_branch_python_dop_operator_3.py
[2024-06-18T15:14:31.922+0530] {processor.py:840} INFO - DAG(s) 'example_branch_dop_operator_v3' retrieved from /home/kiit/airflow-env/lib/python3.8/site-packages/airflow/example_dags/example_branch_python_dop_operator_3.py
[2024-06-18T15:14:31.938+0530] {logging_mixin.py:188} INFO - [2024-06-18T15:14:31.938+0530] {dag.py:3096} INFO - Sync 1 DAGs
[2024-06-18T15:14:31.954+0530] {logging_mixin.py:188} INFO - [2024-06-18T15:14:31.954+0530] {dag.py:3954} INFO - Setting next_dagrun for example_branch_dop_operator_v3 to 2024-06-18 09:43:00+00:00, run_after=2024-06-18 09:44:00+00:00
[2024-06-18T15:14:31.979+0530] {processor.py:183} INFO - Processing /home/kiit/airflow-env/lib/python3.8/site-packages/airflow/example_dags/example_branch_python_dop_operator_3.py took 0.074 seconds
[2024-06-18T15:15:02.251+0530] {processor.py:161} INFO - Started process (PID=34700) to work on /home/kiit/airflow-env/lib/python3.8/site-packages/airflow/example_dags/example_branch_python_dop_operator_3.py
[2024-06-18T15:15:02.252+0530] {processor.py:830} INFO - Processing file /home/kiit/airflow-env/lib/python3.8/site-packages/airflow/example_dags/example_branch_python_dop_operator_3.py for tasks to queue
[2024-06-18T15:15:02.253+0530] {logging_mixin.py:188} INFO - [2024-06-18T15:15:02.253+0530] {dagbag.py:545} INFO - Filling up the DagBag from /home/kiit/airflow-env/lib/python3.8/site-packages/airflow/example_dags/example_branch_python_dop_operator_3.py
[2024-06-18T15:15:02.261+0530] {processor.py:840} INFO - DAG(s) 'example_branch_dop_operator_v3' retrieved from /home/kiit/airflow-env/lib/python3.8/site-packages/airflow/example_dags/example_branch_python_dop_operator_3.py
[2024-06-18T15:15:02.280+0530] {logging_mixin.py:188} INFO - [2024-06-18T15:15:02.279+0530] {dag.py:3096} INFO - Sync 1 DAGs
[2024-06-18T15:15:02.298+0530] {logging_mixin.py:188} INFO - [2024-06-18T15:15:02.298+0530] {dag.py:3954} INFO - Setting next_dagrun for example_branch_dop_operator_v3 to 2024-06-18 09:44:00+00:00, run_after=2024-06-18 09:45:00+00:00
[2024-06-18T15:15:02.321+0530] {processor.py:183} INFO - Processing /home/kiit/airflow-env/lib/python3.8/site-packages/airflow/example_dags/example_branch_python_dop_operator_3.py took 0.074 seconds
[2024-06-18T15:15:32.521+0530] {processor.py:161} INFO - Started process (PID=34759) to work on /home/kiit/airflow-env/lib/python3.8/site-packages/airflow/example_dags/example_branch_python_dop_operator_3.py
[2024-06-18T15:15:32.522+0530] {processor.py:830} INFO - Processing file /home/kiit/airflow-env/lib/python3.8/site-packages/airflow/example_dags/example_branch_python_dop_operator_3.py for tasks to queue
[2024-06-18T15:15:32.524+0530] {logging_mixin.py:188} INFO - [2024-06-18T15:15:32.523+0530] {dagbag.py:545} INFO - Filling up the DagBag from /home/kiit/airflow-env/lib/python3.8/site-packages/airflow/example_dags/example_branch_python_dop_operator_3.py
[2024-06-18T15:15:32.531+0530] {processor.py:840} INFO - DAG(s) 'example_branch_dop_operator_v3' retrieved from /home/kiit/airflow-env/lib/python3.8/site-packages/airflow/example_dags/example_branch_python_dop_operator_3.py
[2024-06-18T15:15:32.550+0530] {logging_mixin.py:188} INFO - [2024-06-18T15:15:32.549+0530] {dag.py:3096} INFO - Sync 1 DAGs
[2024-06-18T15:15:32.567+0530] {logging_mixin.py:188} INFO - [2024-06-18T15:15:32.567+0530] {dag.py:3954} INFO - Setting next_dagrun for example_branch_dop_operator_v3 to 2024-06-18 09:44:00+00:00, run_after=2024-06-18 09:45:00+00:00
[2024-06-18T15:15:32.594+0530] {processor.py:183} INFO - Processing /home/kiit/airflow-env/lib/python3.8/site-packages/airflow/example_dags/example_branch_python_dop_operator_3.py took 0.079 seconds
[2024-06-18T15:16:02.813+0530] {processor.py:161} INFO - Started process (PID=34818) to work on /home/kiit/airflow-env/lib/python3.8/site-packages/airflow/example_dags/example_branch_python_dop_operator_3.py
[2024-06-18T15:16:02.814+0530] {processor.py:830} INFO - Processing file /home/kiit/airflow-env/lib/python3.8/site-packages/airflow/example_dags/example_branch_python_dop_operator_3.py for tasks to queue
[2024-06-18T15:16:02.815+0530] {logging_mixin.py:188} INFO - [2024-06-18T15:16:02.815+0530] {dagbag.py:545} INFO - Filling up the DagBag from /home/kiit/airflow-env/lib/python3.8/site-packages/airflow/example_dags/example_branch_python_dop_operator_3.py
[2024-06-18T15:16:02.822+0530] {processor.py:840} INFO - DAG(s) 'example_branch_dop_operator_v3' retrieved from /home/kiit/airflow-env/lib/python3.8/site-packages/airflow/example_dags/example_branch_python_dop_operator_3.py
[2024-06-18T15:16:02.839+0530] {logging_mixin.py:188} INFO - [2024-06-18T15:16:02.839+0530] {dag.py:3096} INFO - Sync 1 DAGs
[2024-06-18T15:16:02.858+0530] {logging_mixin.py:188} INFO - [2024-06-18T15:16:02.858+0530] {dag.py:3954} INFO - Setting next_dagrun for example_branch_dop_operator_v3 to 2024-06-18 09:45:00+00:00, run_after=2024-06-18 09:46:00+00:00
[2024-06-18T15:16:02.878+0530] {processor.py:183} INFO - Processing /home/kiit/airflow-env/lib/python3.8/site-packages/airflow/example_dags/example_branch_python_dop_operator_3.py took 0.070 seconds
[2024-06-18T15:16:33.014+0530] {processor.py:161} INFO - Started process (PID=34901) to work on /home/kiit/airflow-env/lib/python3.8/site-packages/airflow/example_dags/example_branch_python_dop_operator_3.py
[2024-06-18T15:16:33.015+0530] {processor.py:830} INFO - Processing file /home/kiit/airflow-env/lib/python3.8/site-packages/airflow/example_dags/example_branch_python_dop_operator_3.py for tasks to queue
[2024-06-18T15:16:33.017+0530] {logging_mixin.py:188} INFO - [2024-06-18T15:16:33.016+0530] {dagbag.py:545} INFO - Filling up the DagBag from /home/kiit/airflow-env/lib/python3.8/site-packages/airflow/example_dags/example_branch_python_dop_operator_3.py
[2024-06-18T15:16:33.025+0530] {processor.py:840} INFO - DAG(s) 'example_branch_dop_operator_v3' retrieved from /home/kiit/airflow-env/lib/python3.8/site-packages/airflow/example_dags/example_branch_python_dop_operator_3.py
[2024-06-18T15:16:33.099+0530] {logging_mixin.py:188} INFO - [2024-06-18T15:16:33.099+0530] {dag.py:3096} INFO - Sync 1 DAGs
[2024-06-18T15:16:33.118+0530] {logging_mixin.py:188} INFO - [2024-06-18T15:16:33.118+0530] {dag.py:3954} INFO - Setting next_dagrun for example_branch_dop_operator_v3 to 2024-06-18 09:45:00+00:00, run_after=2024-06-18 09:46:00+00:00
[2024-06-18T15:16:33.145+0530] {processor.py:183} INFO - Processing /home/kiit/airflow-env/lib/python3.8/site-packages/airflow/example_dags/example_branch_python_dop_operator_3.py took 0.136 seconds
