[2024-06-18T13:05:51.616+0530] {processor.py:161} INFO - Started process (PID=25349) to work on /home/kiit/airflow-env/lib/python3.8/site-packages/airflow/example_dags/example_params_trigger_ui.py
[2024-06-18T13:05:51.616+0530] {processor.py:830} INFO - Processing file /home/kiit/airflow-env/lib/python3.8/site-packages/airflow/example_dags/example_params_trigger_ui.py for tasks to queue
[2024-06-18T13:05:51.618+0530] {logging_mixin.py:188} INFO - [2024-06-18T13:05:51.617+0530] {dagbag.py:545} INFO - Filling up the DagBag from /home/kiit/airflow-env/lib/python3.8/site-packages/airflow/example_dags/example_params_trigger_ui.py
[2024-06-18T13:05:51.630+0530] {processor.py:840} INFO - DAG(s) 'example_params_trigger_ui' retrieved from /home/kiit/airflow-env/lib/python3.8/site-packages/airflow/example_dags/example_params_trigger_ui.py
[2024-06-18T13:05:51.717+0530] {logging_mixin.py:188} INFO - [2024-06-18T13:05:51.716+0530] {dag.py:3096} INFO - Sync 1 DAGs
[2024-06-18T13:05:51.725+0530] {logging_mixin.py:188} INFO - [2024-06-18T13:05:51.725+0530] {dag.py:3954} INFO - Setting next_dagrun for example_params_trigger_ui to None, run_after=None
[2024-06-18T13:05:51.818+0530] {processor.py:183} INFO - Processing /home/kiit/airflow-env/lib/python3.8/site-packages/airflow/example_dags/example_params_trigger_ui.py took 0.206 seconds
[2024-06-18T13:06:46.467+0530] {processor.py:161} INFO - Started process (PID=25424) to work on /home/kiit/airflow-env/lib/python3.8/site-packages/airflow/example_dags/example_params_trigger_ui.py
[2024-06-18T13:06:46.469+0530] {processor.py:830} INFO - Processing file /home/kiit/airflow-env/lib/python3.8/site-packages/airflow/example_dags/example_params_trigger_ui.py for tasks to queue
[2024-06-18T13:06:46.470+0530] {logging_mixin.py:188} INFO - [2024-06-18T13:06:46.469+0530] {dagbag.py:545} INFO - Filling up the DagBag from /home/kiit/airflow-env/lib/python3.8/site-packages/airflow/example_dags/example_params_trigger_ui.py
[2024-06-18T13:06:46.478+0530] {processor.py:840} INFO - DAG(s) 'example_params_trigger_ui' retrieved from /home/kiit/airflow-env/lib/python3.8/site-packages/airflow/example_dags/example_params_trigger_ui.py
[2024-06-18T13:06:46.511+0530] {logging_mixin.py:188} INFO - [2024-06-18T13:06:46.510+0530] {dag.py:3096} INFO - Sync 1 DAGs
[2024-06-18T13:06:46.519+0530] {logging_mixin.py:188} INFO - [2024-06-18T13:06:46.519+0530] {dag.py:3954} INFO - Setting next_dagrun for example_params_trigger_ui to None, run_after=None
[2024-06-18T13:06:46.537+0530] {processor.py:183} INFO - Processing /home/kiit/airflow-env/lib/python3.8/site-packages/airflow/example_dags/example_params_trigger_ui.py took 0.074 seconds
[2024-06-18T13:07:39.471+0530] {processor.py:161} INFO - Started process (PID=25487) to work on /home/kiit/airflow-env/lib/python3.8/site-packages/airflow/example_dags/example_params_trigger_ui.py
[2024-06-18T13:07:39.473+0530] {processor.py:830} INFO - Processing file /home/kiit/airflow-env/lib/python3.8/site-packages/airflow/example_dags/example_params_trigger_ui.py for tasks to queue
[2024-06-18T13:07:39.475+0530] {logging_mixin.py:188} INFO - [2024-06-18T13:07:39.475+0530] {dagbag.py:545} INFO - Filling up the DagBag from /home/kiit/airflow-env/lib/python3.8/site-packages/airflow/example_dags/example_params_trigger_ui.py
[2024-06-18T13:07:39.580+0530] {processor.py:840} INFO - DAG(s) 'example_params_trigger_ui' retrieved from /home/kiit/airflow-env/lib/python3.8/site-packages/airflow/example_dags/example_params_trigger_ui.py
[2024-06-18T13:07:39.628+0530] {logging_mixin.py:188} INFO - [2024-06-18T13:07:39.628+0530] {dag.py:3096} INFO - Sync 1 DAGs
[2024-06-18T13:07:39.639+0530] {logging_mixin.py:188} INFO - [2024-06-18T13:07:39.639+0530] {dag.py:3954} INFO - Setting next_dagrun for example_params_trigger_ui to None, run_after=None
[2024-06-18T13:07:39.664+0530] {processor.py:183} INFO - Processing /home/kiit/airflow-env/lib/python3.8/site-packages/airflow/example_dags/example_params_trigger_ui.py took 0.199 seconds
[2024-06-18T13:08:29.599+0530] {processor.py:161} INFO - Started process (PID=25534) to work on /home/kiit/airflow-env/lib/python3.8/site-packages/airflow/example_dags/example_params_trigger_ui.py
[2024-06-18T13:08:29.606+0530] {processor.py:830} INFO - Processing file /home/kiit/airflow-env/lib/python3.8/site-packages/airflow/example_dags/example_params_trigger_ui.py for tasks to queue
[2024-06-18T13:08:29.607+0530] {logging_mixin.py:188} INFO - [2024-06-18T13:08:29.607+0530] {dagbag.py:545} INFO - Filling up the DagBag from /home/kiit/airflow-env/lib/python3.8/site-packages/airflow/example_dags/example_params_trigger_ui.py
[2024-06-18T13:08:29.616+0530] {processor.py:840} INFO - DAG(s) 'example_params_trigger_ui' retrieved from /home/kiit/airflow-env/lib/python3.8/site-packages/airflow/example_dags/example_params_trigger_ui.py
[2024-06-18T13:08:29.645+0530] {logging_mixin.py:188} INFO - [2024-06-18T13:08:29.645+0530] {dag.py:3096} INFO - Sync 1 DAGs
[2024-06-18T13:08:29.652+0530] {logging_mixin.py:188} INFO - [2024-06-18T13:08:29.652+0530] {dag.py:3954} INFO - Setting next_dagrun for example_params_trigger_ui to None, run_after=None
[2024-06-18T13:08:29.669+0530] {processor.py:183} INFO - Processing /home/kiit/airflow-env/lib/python3.8/site-packages/airflow/example_dags/example_params_trigger_ui.py took 0.075 seconds
[2024-06-18T13:09:16.917+0530] {processor.py:161} INFO - Started process (PID=25592) to work on /home/kiit/airflow-env/lib/python3.8/site-packages/airflow/example_dags/example_params_trigger_ui.py
[2024-06-18T13:09:16.919+0530] {processor.py:830} INFO - Processing file /home/kiit/airflow-env/lib/python3.8/site-packages/airflow/example_dags/example_params_trigger_ui.py for tasks to queue
[2024-06-18T13:09:16.920+0530] {logging_mixin.py:188} INFO - [2024-06-18T13:09:16.920+0530] {dagbag.py:545} INFO - Filling up the DagBag from /home/kiit/airflow-env/lib/python3.8/site-packages/airflow/example_dags/example_params_trigger_ui.py
[2024-06-18T13:09:16.929+0530] {processor.py:840} INFO - DAG(s) 'example_params_trigger_ui' retrieved from /home/kiit/airflow-env/lib/python3.8/site-packages/airflow/example_dags/example_params_trigger_ui.py
[2024-06-18T13:09:16.963+0530] {logging_mixin.py:188} INFO - [2024-06-18T13:09:16.963+0530] {dag.py:3096} INFO - Sync 1 DAGs
[2024-06-18T13:09:16.971+0530] {logging_mixin.py:188} INFO - [2024-06-18T13:09:16.971+0530] {dag.py:3954} INFO - Setting next_dagrun for example_params_trigger_ui to None, run_after=None
[2024-06-18T13:09:16.989+0530] {processor.py:183} INFO - Processing /home/kiit/airflow-env/lib/python3.8/site-packages/airflow/example_dags/example_params_trigger_ui.py took 0.078 seconds
[2024-06-18T13:10:07.441+0530] {processor.py:161} INFO - Started process (PID=25651) to work on /home/kiit/airflow-env/lib/python3.8/site-packages/airflow/example_dags/example_params_trigger_ui.py
[2024-06-18T13:10:07.444+0530] {processor.py:830} INFO - Processing file /home/kiit/airflow-env/lib/python3.8/site-packages/airflow/example_dags/example_params_trigger_ui.py for tasks to queue
[2024-06-18T13:10:07.448+0530] {logging_mixin.py:188} INFO - [2024-06-18T13:10:07.446+0530] {dagbag.py:545} INFO - Filling up the DagBag from /home/kiit/airflow-env/lib/python3.8/site-packages/airflow/example_dags/example_params_trigger_ui.py
[2024-06-18T13:10:07.483+0530] {processor.py:840} INFO - DAG(s) 'example_params_trigger_ui' retrieved from /home/kiit/airflow-env/lib/python3.8/site-packages/airflow/example_dags/example_params_trigger_ui.py
[2024-06-18T13:10:07.632+0530] {logging_mixin.py:188} INFO - [2024-06-18T13:10:07.632+0530] {dag.py:3096} INFO - Sync 1 DAGs
[2024-06-18T13:10:07.663+0530] {logging_mixin.py:188} INFO - [2024-06-18T13:10:07.662+0530] {dag.py:3954} INFO - Setting next_dagrun for example_params_trigger_ui to None, run_after=None
[2024-06-18T13:10:07.729+0530] {processor.py:183} INFO - Processing /home/kiit/airflow-env/lib/python3.8/site-packages/airflow/example_dags/example_params_trigger_ui.py took 0.306 seconds
[2024-06-18T13:11:07.569+0530] {processor.py:161} INFO - Started process (PID=25721) to work on /home/kiit/airflow-env/lib/python3.8/site-packages/airflow/example_dags/example_params_trigger_ui.py
[2024-06-18T13:11:07.571+0530] {processor.py:830} INFO - Processing file /home/kiit/airflow-env/lib/python3.8/site-packages/airflow/example_dags/example_params_trigger_ui.py for tasks to queue
[2024-06-18T13:11:07.572+0530] {logging_mixin.py:188} INFO - [2024-06-18T13:11:07.572+0530] {dagbag.py:545} INFO - Filling up the DagBag from /home/kiit/airflow-env/lib/python3.8/site-packages/airflow/example_dags/example_params_trigger_ui.py
[2024-06-18T13:11:07.587+0530] {processor.py:840} INFO - DAG(s) 'example_params_trigger_ui' retrieved from /home/kiit/airflow-env/lib/python3.8/site-packages/airflow/example_dags/example_params_trigger_ui.py
[2024-06-18T13:11:07.636+0530] {logging_mixin.py:188} INFO - [2024-06-18T13:11:07.636+0530] {dag.py:3096} INFO - Sync 1 DAGs
[2024-06-18T13:11:07.649+0530] {logging_mixin.py:188} INFO - [2024-06-18T13:11:07.649+0530] {dag.py:3954} INFO - Setting next_dagrun for example_params_trigger_ui to None, run_after=None
[2024-06-18T13:11:07.673+0530] {processor.py:183} INFO - Processing /home/kiit/airflow-env/lib/python3.8/site-packages/airflow/example_dags/example_params_trigger_ui.py took 0.112 seconds
[2024-06-18T13:11:51.104+0530] {processor.py:161} INFO - Started process (PID=25773) to work on /home/kiit/airflow-env/lib/python3.8/site-packages/airflow/example_dags/example_params_trigger_ui.py
[2024-06-18T13:11:51.105+0530] {processor.py:830} INFO - Processing file /home/kiit/airflow-env/lib/python3.8/site-packages/airflow/example_dags/example_params_trigger_ui.py for tasks to queue
[2024-06-18T13:11:51.107+0530] {logging_mixin.py:188} INFO - [2024-06-18T13:11:51.106+0530] {dagbag.py:545} INFO - Filling up the DagBag from /home/kiit/airflow-env/lib/python3.8/site-packages/airflow/example_dags/example_params_trigger_ui.py
[2024-06-18T13:11:51.120+0530] {processor.py:840} INFO - DAG(s) 'example_params_trigger_ui' retrieved from /home/kiit/airflow-env/lib/python3.8/site-packages/airflow/example_dags/example_params_trigger_ui.py
[2024-06-18T13:11:51.160+0530] {logging_mixin.py:188} INFO - [2024-06-18T13:11:51.160+0530] {dag.py:3096} INFO - Sync 1 DAGs
[2024-06-18T13:11:51.171+0530] {logging_mixin.py:188} INFO - [2024-06-18T13:11:51.171+0530] {dag.py:3954} INFO - Setting next_dagrun for example_params_trigger_ui to None, run_after=None
[2024-06-18T13:11:51.192+0530] {processor.py:183} INFO - Processing /home/kiit/airflow-env/lib/python3.8/site-packages/airflow/example_dags/example_params_trigger_ui.py took 0.095 seconds
[2024-06-18T13:12:34.760+0530] {processor.py:161} INFO - Started process (PID=25824) to work on /home/kiit/airflow-env/lib/python3.8/site-packages/airflow/example_dags/example_params_trigger_ui.py
[2024-06-18T13:12:34.761+0530] {processor.py:830} INFO - Processing file /home/kiit/airflow-env/lib/python3.8/site-packages/airflow/example_dags/example_params_trigger_ui.py for tasks to queue
[2024-06-18T13:12:34.762+0530] {logging_mixin.py:188} INFO - [2024-06-18T13:12:34.762+0530] {dagbag.py:545} INFO - Filling up the DagBag from /home/kiit/airflow-env/lib/python3.8/site-packages/airflow/example_dags/example_params_trigger_ui.py
[2024-06-18T13:12:34.775+0530] {processor.py:840} INFO - DAG(s) 'example_params_trigger_ui' retrieved from /home/kiit/airflow-env/lib/python3.8/site-packages/airflow/example_dags/example_params_trigger_ui.py
[2024-06-18T13:12:34.813+0530] {logging_mixin.py:188} INFO - [2024-06-18T13:12:34.813+0530] {dag.py:3096} INFO - Sync 1 DAGs
[2024-06-18T13:12:34.821+0530] {logging_mixin.py:188} INFO - [2024-06-18T13:12:34.821+0530] {dag.py:3954} INFO - Setting next_dagrun for example_params_trigger_ui to None, run_after=None
[2024-06-18T13:12:34.841+0530] {processor.py:183} INFO - Processing /home/kiit/airflow-env/lib/python3.8/site-packages/airflow/example_dags/example_params_trigger_ui.py took 0.085 seconds
[2024-06-18T13:13:16.129+0530] {processor.py:161} INFO - Started process (PID=25873) to work on /home/kiit/airflow-env/lib/python3.8/site-packages/airflow/example_dags/example_params_trigger_ui.py
[2024-06-18T13:13:16.136+0530] {processor.py:830} INFO - Processing file /home/kiit/airflow-env/lib/python3.8/site-packages/airflow/example_dags/example_params_trigger_ui.py for tasks to queue
[2024-06-18T13:13:16.137+0530] {logging_mixin.py:188} INFO - [2024-06-18T13:13:16.137+0530] {dagbag.py:545} INFO - Filling up the DagBag from /home/kiit/airflow-env/lib/python3.8/site-packages/airflow/example_dags/example_params_trigger_ui.py
[2024-06-18T13:13:16.146+0530] {processor.py:840} INFO - DAG(s) 'example_params_trigger_ui' retrieved from /home/kiit/airflow-env/lib/python3.8/site-packages/airflow/example_dags/example_params_trigger_ui.py
[2024-06-18T13:13:16.182+0530] {logging_mixin.py:188} INFO - [2024-06-18T13:13:16.182+0530] {dag.py:3096} INFO - Sync 1 DAGs
[2024-06-18T13:13:16.192+0530] {logging_mixin.py:188} INFO - [2024-06-18T13:13:16.191+0530] {dag.py:3954} INFO - Setting next_dagrun for example_params_trigger_ui to None, run_after=None
[2024-06-18T13:13:16.210+0530] {processor.py:183} INFO - Processing /home/kiit/airflow-env/lib/python3.8/site-packages/airflow/example_dags/example_params_trigger_ui.py took 0.085 seconds
[2024-06-18T13:14:11.631+0530] {processor.py:161} INFO - Started process (PID=25940) to work on /home/kiit/airflow-env/lib/python3.8/site-packages/airflow/example_dags/example_params_trigger_ui.py
[2024-06-18T13:14:11.634+0530] {processor.py:830} INFO - Processing file /home/kiit/airflow-env/lib/python3.8/site-packages/airflow/example_dags/example_params_trigger_ui.py for tasks to queue
[2024-06-18T13:14:11.635+0530] {logging_mixin.py:188} INFO - [2024-06-18T13:14:11.634+0530] {dagbag.py:545} INFO - Filling up the DagBag from /home/kiit/airflow-env/lib/python3.8/site-packages/airflow/example_dags/example_params_trigger_ui.py
[2024-06-18T13:14:11.644+0530] {processor.py:840} INFO - DAG(s) 'example_params_trigger_ui' retrieved from /home/kiit/airflow-env/lib/python3.8/site-packages/airflow/example_dags/example_params_trigger_ui.py
[2024-06-18T13:14:11.673+0530] {logging_mixin.py:188} INFO - [2024-06-18T13:14:11.673+0530] {dag.py:3096} INFO - Sync 1 DAGs
[2024-06-18T13:14:11.681+0530] {logging_mixin.py:188} INFO - [2024-06-18T13:14:11.681+0530] {dag.py:3954} INFO - Setting next_dagrun for example_params_trigger_ui to None, run_after=None
[2024-06-18T13:14:11.699+0530] {processor.py:183} INFO - Processing /home/kiit/airflow-env/lib/python3.8/site-packages/airflow/example_dags/example_params_trigger_ui.py took 0.072 seconds
[2024-06-18T13:15:11.016+0530] {processor.py:161} INFO - Started process (PID=26013) to work on /home/kiit/airflow-env/lib/python3.8/site-packages/airflow/example_dags/example_params_trigger_ui.py
[2024-06-18T13:15:11.017+0530] {processor.py:830} INFO - Processing file /home/kiit/airflow-env/lib/python3.8/site-packages/airflow/example_dags/example_params_trigger_ui.py for tasks to queue
[2024-06-18T13:15:11.019+0530] {logging_mixin.py:188} INFO - [2024-06-18T13:15:11.019+0530] {dagbag.py:545} INFO - Filling up the DagBag from /home/kiit/airflow-env/lib/python3.8/site-packages/airflow/example_dags/example_params_trigger_ui.py
[2024-06-18T13:15:11.039+0530] {processor.py:840} INFO - DAG(s) 'example_params_trigger_ui' retrieved from /home/kiit/airflow-env/lib/python3.8/site-packages/airflow/example_dags/example_params_trigger_ui.py
[2024-06-18T13:15:11.081+0530] {logging_mixin.py:188} INFO - [2024-06-18T13:15:11.081+0530] {dag.py:3096} INFO - Sync 1 DAGs
[2024-06-18T13:15:11.091+0530] {logging_mixin.py:188} INFO - [2024-06-18T13:15:11.091+0530] {dag.py:3954} INFO - Setting next_dagrun for example_params_trigger_ui to None, run_after=None
[2024-06-18T13:15:11.116+0530] {processor.py:183} INFO - Processing /home/kiit/airflow-env/lib/python3.8/site-packages/airflow/example_dags/example_params_trigger_ui.py took 0.107 seconds
[2024-06-18T13:15:53.414+0530] {processor.py:161} INFO - Started process (PID=26065) to work on /home/kiit/airflow-env/lib/python3.8/site-packages/airflow/example_dags/example_params_trigger_ui.py
[2024-06-18T13:15:53.416+0530] {processor.py:830} INFO - Processing file /home/kiit/airflow-env/lib/python3.8/site-packages/airflow/example_dags/example_params_trigger_ui.py for tasks to queue
[2024-06-18T13:15:53.417+0530] {logging_mixin.py:188} INFO - [2024-06-18T13:15:53.417+0530] {dagbag.py:545} INFO - Filling up the DagBag from /home/kiit/airflow-env/lib/python3.8/site-packages/airflow/example_dags/example_params_trigger_ui.py
[2024-06-18T13:15:53.428+0530] {processor.py:840} INFO - DAG(s) 'example_params_trigger_ui' retrieved from /home/kiit/airflow-env/lib/python3.8/site-packages/airflow/example_dags/example_params_trigger_ui.py
[2024-06-18T13:15:53.464+0530] {logging_mixin.py:188} INFO - [2024-06-18T13:15:53.464+0530] {dag.py:3096} INFO - Sync 1 DAGs
[2024-06-18T13:15:53.473+0530] {logging_mixin.py:188} INFO - [2024-06-18T13:15:53.472+0530] {dag.py:3954} INFO - Setting next_dagrun for example_params_trigger_ui to None, run_after=None
[2024-06-18T13:15:53.494+0530] {processor.py:183} INFO - Processing /home/kiit/airflow-env/lib/python3.8/site-packages/airflow/example_dags/example_params_trigger_ui.py took 0.085 seconds
[2024-06-18T13:16:32.286+0530] {processor.py:161} INFO - Started process (PID=26112) to work on /home/kiit/airflow-env/lib/python3.8/site-packages/airflow/example_dags/example_params_trigger_ui.py
[2024-06-18T13:16:32.287+0530] {processor.py:830} INFO - Processing file /home/kiit/airflow-env/lib/python3.8/site-packages/airflow/example_dags/example_params_trigger_ui.py for tasks to queue
[2024-06-18T13:16:32.289+0530] {logging_mixin.py:188} INFO - [2024-06-18T13:16:32.289+0530] {dagbag.py:545} INFO - Filling up the DagBag from /home/kiit/airflow-env/lib/python3.8/site-packages/airflow/example_dags/example_params_trigger_ui.py
[2024-06-18T13:16:32.303+0530] {processor.py:840} INFO - DAG(s) 'example_params_trigger_ui' retrieved from /home/kiit/airflow-env/lib/python3.8/site-packages/airflow/example_dags/example_params_trigger_ui.py
[2024-06-18T13:16:32.335+0530] {logging_mixin.py:188} INFO - [2024-06-18T13:16:32.335+0530] {dag.py:3096} INFO - Sync 1 DAGs
[2024-06-18T13:16:32.344+0530] {logging_mixin.py:188} INFO - [2024-06-18T13:16:32.344+0530] {dag.py:3954} INFO - Setting next_dagrun for example_params_trigger_ui to None, run_after=None
[2024-06-18T13:16:32.363+0530] {processor.py:183} INFO - Processing /home/kiit/airflow-env/lib/python3.8/site-packages/airflow/example_dags/example_params_trigger_ui.py took 0.082 seconds
[2024-06-18T13:17:28.930+0530] {processor.py:161} INFO - Started process (PID=26178) to work on /home/kiit/airflow-env/lib/python3.8/site-packages/airflow/example_dags/example_params_trigger_ui.py
[2024-06-18T13:17:28.931+0530] {processor.py:830} INFO - Processing file /home/kiit/airflow-env/lib/python3.8/site-packages/airflow/example_dags/example_params_trigger_ui.py for tasks to queue
[2024-06-18T13:17:28.932+0530] {logging_mixin.py:188} INFO - [2024-06-18T13:17:28.932+0530] {dagbag.py:545} INFO - Filling up the DagBag from /home/kiit/airflow-env/lib/python3.8/site-packages/airflow/example_dags/example_params_trigger_ui.py
[2024-06-18T13:17:28.942+0530] {processor.py:840} INFO - DAG(s) 'example_params_trigger_ui' retrieved from /home/kiit/airflow-env/lib/python3.8/site-packages/airflow/example_dags/example_params_trigger_ui.py
[2024-06-18T13:17:28.974+0530] {logging_mixin.py:188} INFO - [2024-06-18T13:17:28.973+0530] {dag.py:3096} INFO - Sync 1 DAGs
[2024-06-18T13:17:28.983+0530] {logging_mixin.py:188} INFO - [2024-06-18T13:17:28.983+0530] {dag.py:3954} INFO - Setting next_dagrun for example_params_trigger_ui to None, run_after=None
[2024-06-18T13:17:29.001+0530] {processor.py:183} INFO - Processing /home/kiit/airflow-env/lib/python3.8/site-packages/airflow/example_dags/example_params_trigger_ui.py took 0.076 seconds
[2024-06-18T13:18:11.118+0530] {processor.py:161} INFO - Started process (PID=26227) to work on /home/kiit/airflow-env/lib/python3.8/site-packages/airflow/example_dags/example_params_trigger_ui.py
[2024-06-18T13:18:11.119+0530] {processor.py:830} INFO - Processing file /home/kiit/airflow-env/lib/python3.8/site-packages/airflow/example_dags/example_params_trigger_ui.py for tasks to queue
[2024-06-18T13:18:11.120+0530] {logging_mixin.py:188} INFO - [2024-06-18T13:18:11.120+0530] {dagbag.py:545} INFO - Filling up the DagBag from /home/kiit/airflow-env/lib/python3.8/site-packages/airflow/example_dags/example_params_trigger_ui.py
[2024-06-18T13:18:11.132+0530] {processor.py:840} INFO - DAG(s) 'example_params_trigger_ui' retrieved from /home/kiit/airflow-env/lib/python3.8/site-packages/airflow/example_dags/example_params_trigger_ui.py
[2024-06-18T13:18:11.169+0530] {logging_mixin.py:188} INFO - [2024-06-18T13:18:11.168+0530] {dag.py:3096} INFO - Sync 1 DAGs
[2024-06-18T13:18:11.177+0530] {logging_mixin.py:188} INFO - [2024-06-18T13:18:11.177+0530] {dag.py:3954} INFO - Setting next_dagrun for example_params_trigger_ui to None, run_after=None
[2024-06-18T13:18:11.197+0530] {processor.py:183} INFO - Processing /home/kiit/airflow-env/lib/python3.8/site-packages/airflow/example_dags/example_params_trigger_ui.py took 0.083 seconds
[2024-06-18T13:18:55.548+0530] {processor.py:161} INFO - Started process (PID=26278) to work on /home/kiit/airflow-env/lib/python3.8/site-packages/airflow/example_dags/example_params_trigger_ui.py
[2024-06-18T13:18:55.549+0530] {processor.py:830} INFO - Processing file /home/kiit/airflow-env/lib/python3.8/site-packages/airflow/example_dags/example_params_trigger_ui.py for tasks to queue
[2024-06-18T13:18:55.551+0530] {logging_mixin.py:188} INFO - [2024-06-18T13:18:55.550+0530] {dagbag.py:545} INFO - Filling up the DagBag from /home/kiit/airflow-env/lib/python3.8/site-packages/airflow/example_dags/example_params_trigger_ui.py
[2024-06-18T13:18:55.563+0530] {processor.py:840} INFO - DAG(s) 'example_params_trigger_ui' retrieved from /home/kiit/airflow-env/lib/python3.8/site-packages/airflow/example_dags/example_params_trigger_ui.py
[2024-06-18T13:18:55.600+0530] {logging_mixin.py:188} INFO - [2024-06-18T13:18:55.600+0530] {dag.py:3096} INFO - Sync 1 DAGs
[2024-06-18T13:18:55.608+0530] {logging_mixin.py:188} INFO - [2024-06-18T13:18:55.608+0530] {dag.py:3954} INFO - Setting next_dagrun for example_params_trigger_ui to None, run_after=None
[2024-06-18T13:18:55.627+0530] {processor.py:183} INFO - Processing /home/kiit/airflow-env/lib/python3.8/site-packages/airflow/example_dags/example_params_trigger_ui.py took 0.084 seconds
[2024-06-18T13:19:36.734+0530] {processor.py:161} INFO - Started process (PID=26327) to work on /home/kiit/airflow-env/lib/python3.8/site-packages/airflow/example_dags/example_params_trigger_ui.py
[2024-06-18T13:19:36.735+0530] {processor.py:830} INFO - Processing file /home/kiit/airflow-env/lib/python3.8/site-packages/airflow/example_dags/example_params_trigger_ui.py for tasks to queue
[2024-06-18T13:19:36.736+0530] {logging_mixin.py:188} INFO - [2024-06-18T13:19:36.736+0530] {dagbag.py:545} INFO - Filling up the DagBag from /home/kiit/airflow-env/lib/python3.8/site-packages/airflow/example_dags/example_params_trigger_ui.py
[2024-06-18T13:19:36.749+0530] {processor.py:840} INFO - DAG(s) 'example_params_trigger_ui' retrieved from /home/kiit/airflow-env/lib/python3.8/site-packages/airflow/example_dags/example_params_trigger_ui.py
[2024-06-18T13:19:36.793+0530] {logging_mixin.py:188} INFO - [2024-06-18T13:19:36.793+0530] {dag.py:3096} INFO - Sync 1 DAGs
[2024-06-18T13:19:36.803+0530] {logging_mixin.py:188} INFO - [2024-06-18T13:19:36.803+0530] {dag.py:3954} INFO - Setting next_dagrun for example_params_trigger_ui to None, run_after=None
[2024-06-18T13:19:36.824+0530] {processor.py:183} INFO - Processing /home/kiit/airflow-env/lib/python3.8/site-packages/airflow/example_dags/example_params_trigger_ui.py took 0.095 seconds
[2024-06-18T13:20:32.931+0530] {processor.py:161} INFO - Started process (PID=26401) to work on /home/kiit/airflow-env/lib/python3.8/site-packages/airflow/example_dags/example_params_trigger_ui.py
[2024-06-18T13:20:32.932+0530] {processor.py:830} INFO - Processing file /home/kiit/airflow-env/lib/python3.8/site-packages/airflow/example_dags/example_params_trigger_ui.py for tasks to queue
[2024-06-18T13:20:32.934+0530] {logging_mixin.py:188} INFO - [2024-06-18T13:20:32.933+0530] {dagbag.py:545} INFO - Filling up the DagBag from /home/kiit/airflow-env/lib/python3.8/site-packages/airflow/example_dags/example_params_trigger_ui.py
[2024-06-18T13:20:32.945+0530] {processor.py:840} INFO - DAG(s) 'example_params_trigger_ui' retrieved from /home/kiit/airflow-env/lib/python3.8/site-packages/airflow/example_dags/example_params_trigger_ui.py
[2024-06-18T13:20:32.989+0530] {logging_mixin.py:188} INFO - [2024-06-18T13:20:32.989+0530] {dag.py:3096} INFO - Sync 1 DAGs
[2024-06-18T13:20:32.999+0530] {logging_mixin.py:188} INFO - [2024-06-18T13:20:32.999+0530] {dag.py:3954} INFO - Setting next_dagrun for example_params_trigger_ui to None, run_after=None
[2024-06-18T13:20:33.020+0530] {processor.py:183} INFO - Processing /home/kiit/airflow-env/lib/python3.8/site-packages/airflow/example_dags/example_params_trigger_ui.py took 0.094 seconds
[2024-06-18T13:21:30.179+0530] {processor.py:161} INFO - Started process (PID=26468) to work on /home/kiit/airflow-env/lib/python3.8/site-packages/airflow/example_dags/example_params_trigger_ui.py
[2024-06-18T13:21:30.180+0530] {processor.py:830} INFO - Processing file /home/kiit/airflow-env/lib/python3.8/site-packages/airflow/example_dags/example_params_trigger_ui.py for tasks to queue
[2024-06-18T13:21:30.181+0530] {logging_mixin.py:188} INFO - [2024-06-18T13:21:30.181+0530] {dagbag.py:545} INFO - Filling up the DagBag from /home/kiit/airflow-env/lib/python3.8/site-packages/airflow/example_dags/example_params_trigger_ui.py
[2024-06-18T13:21:30.192+0530] {processor.py:840} INFO - DAG(s) 'example_params_trigger_ui' retrieved from /home/kiit/airflow-env/lib/python3.8/site-packages/airflow/example_dags/example_params_trigger_ui.py
[2024-06-18T13:21:30.226+0530] {logging_mixin.py:188} INFO - [2024-06-18T13:21:30.225+0530] {dag.py:3096} INFO - Sync 1 DAGs
[2024-06-18T13:21:30.236+0530] {logging_mixin.py:188} INFO - [2024-06-18T13:21:30.236+0530] {dag.py:3954} INFO - Setting next_dagrun for example_params_trigger_ui to None, run_after=None
[2024-06-18T13:21:30.257+0530] {processor.py:183} INFO - Processing /home/kiit/airflow-env/lib/python3.8/site-packages/airflow/example_dags/example_params_trigger_ui.py took 0.083 seconds
[2024-06-18T13:22:27.935+0530] {processor.py:161} INFO - Started process (PID=26541) to work on /home/kiit/airflow-env/lib/python3.8/site-packages/airflow/example_dags/example_params_trigger_ui.py
[2024-06-18T13:22:27.936+0530] {processor.py:830} INFO - Processing file /home/kiit/airflow-env/lib/python3.8/site-packages/airflow/example_dags/example_params_trigger_ui.py for tasks to queue
[2024-06-18T13:22:27.937+0530] {logging_mixin.py:188} INFO - [2024-06-18T13:22:27.936+0530] {dagbag.py:545} INFO - Filling up the DagBag from /home/kiit/airflow-env/lib/python3.8/site-packages/airflow/example_dags/example_params_trigger_ui.py
[2024-06-18T13:22:27.948+0530] {processor.py:840} INFO - DAG(s) 'example_params_trigger_ui' retrieved from /home/kiit/airflow-env/lib/python3.8/site-packages/airflow/example_dags/example_params_trigger_ui.py
[2024-06-18T13:22:27.980+0530] {logging_mixin.py:188} INFO - [2024-06-18T13:22:27.980+0530] {dag.py:3096} INFO - Sync 1 DAGs
[2024-06-18T13:22:27.988+0530] {logging_mixin.py:188} INFO - [2024-06-18T13:22:27.988+0530] {dag.py:3954} INFO - Setting next_dagrun for example_params_trigger_ui to None, run_after=None
[2024-06-18T13:22:28.010+0530] {processor.py:183} INFO - Processing /home/kiit/airflow-env/lib/python3.8/site-packages/airflow/example_dags/example_params_trigger_ui.py took 0.080 seconds
[2024-06-18T13:23:23.402+0530] {processor.py:161} INFO - Started process (PID=26606) to work on /home/kiit/airflow-env/lib/python3.8/site-packages/airflow/example_dags/example_params_trigger_ui.py
[2024-06-18T13:23:23.403+0530] {processor.py:830} INFO - Processing file /home/kiit/airflow-env/lib/python3.8/site-packages/airflow/example_dags/example_params_trigger_ui.py for tasks to queue
[2024-06-18T13:23:23.406+0530] {logging_mixin.py:188} INFO - [2024-06-18T13:23:23.405+0530] {dagbag.py:545} INFO - Filling up the DagBag from /home/kiit/airflow-env/lib/python3.8/site-packages/airflow/example_dags/example_params_trigger_ui.py
[2024-06-18T13:23:23.426+0530] {processor.py:840} INFO - DAG(s) 'example_params_trigger_ui' retrieved from /home/kiit/airflow-env/lib/python3.8/site-packages/airflow/example_dags/example_params_trigger_ui.py
[2024-06-18T13:23:23.500+0530] {logging_mixin.py:188} INFO - [2024-06-18T13:23:23.500+0530] {dag.py:3096} INFO - Sync 1 DAGs
[2024-06-18T13:23:23.517+0530] {logging_mixin.py:188} INFO - [2024-06-18T13:23:23.516+0530] {dag.py:3954} INFO - Setting next_dagrun for example_params_trigger_ui to None, run_after=None
[2024-06-18T13:23:23.549+0530] {processor.py:183} INFO - Processing /home/kiit/airflow-env/lib/python3.8/site-packages/airflow/example_dags/example_params_trigger_ui.py took 0.156 seconds
[2024-06-18T13:24:03.100+0530] {processor.py:161} INFO - Started process (PID=26655) to work on /home/kiit/airflow-env/lib/python3.8/site-packages/airflow/example_dags/example_params_trigger_ui.py
[2024-06-18T13:24:03.106+0530] {processor.py:830} INFO - Processing file /home/kiit/airflow-env/lib/python3.8/site-packages/airflow/example_dags/example_params_trigger_ui.py for tasks to queue
[2024-06-18T13:24:03.108+0530] {logging_mixin.py:188} INFO - [2024-06-18T13:24:03.108+0530] {dagbag.py:545} INFO - Filling up the DagBag from /home/kiit/airflow-env/lib/python3.8/site-packages/airflow/example_dags/example_params_trigger_ui.py
[2024-06-18T13:24:03.118+0530] {processor.py:840} INFO - DAG(s) 'example_params_trigger_ui' retrieved from /home/kiit/airflow-env/lib/python3.8/site-packages/airflow/example_dags/example_params_trigger_ui.py
[2024-06-18T13:24:03.153+0530] {logging_mixin.py:188} INFO - [2024-06-18T13:24:03.153+0530] {dag.py:3096} INFO - Sync 1 DAGs
[2024-06-18T13:24:03.161+0530] {logging_mixin.py:188} INFO - [2024-06-18T13:24:03.161+0530] {dag.py:3954} INFO - Setting next_dagrun for example_params_trigger_ui to None, run_after=None
[2024-06-18T13:24:03.180+0530] {processor.py:183} INFO - Processing /home/kiit/airflow-env/lib/python3.8/site-packages/airflow/example_dags/example_params_trigger_ui.py took 0.084 seconds
[2024-06-18T13:24:43.099+0530] {processor.py:161} INFO - Started process (PID=26703) to work on /home/kiit/airflow-env/lib/python3.8/site-packages/airflow/example_dags/example_params_trigger_ui.py
[2024-06-18T13:24:43.100+0530] {processor.py:830} INFO - Processing file /home/kiit/airflow-env/lib/python3.8/site-packages/airflow/example_dags/example_params_trigger_ui.py for tasks to queue
[2024-06-18T13:24:43.102+0530] {logging_mixin.py:188} INFO - [2024-06-18T13:24:43.101+0530] {dagbag.py:545} INFO - Filling up the DagBag from /home/kiit/airflow-env/lib/python3.8/site-packages/airflow/example_dags/example_params_trigger_ui.py
[2024-06-18T13:24:43.111+0530] {processor.py:840} INFO - DAG(s) 'example_params_trigger_ui' retrieved from /home/kiit/airflow-env/lib/python3.8/site-packages/airflow/example_dags/example_params_trigger_ui.py
[2024-06-18T13:24:43.148+0530] {logging_mixin.py:188} INFO - [2024-06-18T13:24:43.148+0530] {dag.py:3096} INFO - Sync 1 DAGs
[2024-06-18T13:24:43.157+0530] {logging_mixin.py:188} INFO - [2024-06-18T13:24:43.157+0530] {dag.py:3954} INFO - Setting next_dagrun for example_params_trigger_ui to None, run_after=None
[2024-06-18T13:24:43.178+0530] {processor.py:183} INFO - Processing /home/kiit/airflow-env/lib/python3.8/site-packages/airflow/example_dags/example_params_trigger_ui.py took 0.083 seconds
[2024-06-18T13:25:37.527+0530] {processor.py:161} INFO - Started process (PID=26779) to work on /home/kiit/airflow-env/lib/python3.8/site-packages/airflow/example_dags/example_params_trigger_ui.py
[2024-06-18T13:25:37.528+0530] {processor.py:830} INFO - Processing file /home/kiit/airflow-env/lib/python3.8/site-packages/airflow/example_dags/example_params_trigger_ui.py for tasks to queue
[2024-06-18T13:25:37.530+0530] {logging_mixin.py:188} INFO - [2024-06-18T13:25:37.529+0530] {dagbag.py:545} INFO - Filling up the DagBag from /home/kiit/airflow-env/lib/python3.8/site-packages/airflow/example_dags/example_params_trigger_ui.py
[2024-06-18T13:25:37.540+0530] {processor.py:840} INFO - DAG(s) 'example_params_trigger_ui' retrieved from /home/kiit/airflow-env/lib/python3.8/site-packages/airflow/example_dags/example_params_trigger_ui.py
[2024-06-18T13:25:37.571+0530] {logging_mixin.py:188} INFO - [2024-06-18T13:25:37.571+0530] {dag.py:3096} INFO - Sync 1 DAGs
[2024-06-18T13:25:37.580+0530] {logging_mixin.py:188} INFO - [2024-06-18T13:25:37.580+0530] {dag.py:3954} INFO - Setting next_dagrun for example_params_trigger_ui to None, run_after=None
[2024-06-18T13:25:37.598+0530] {processor.py:183} INFO - Processing /home/kiit/airflow-env/lib/python3.8/site-packages/airflow/example_dags/example_params_trigger_ui.py took 0.076 seconds
[2024-06-18T13:26:17.562+0530] {processor.py:161} INFO - Started process (PID=26826) to work on /home/kiit/airflow-env/lib/python3.8/site-packages/airflow/example_dags/example_params_trigger_ui.py
[2024-06-18T13:26:17.563+0530] {processor.py:830} INFO - Processing file /home/kiit/airflow-env/lib/python3.8/site-packages/airflow/example_dags/example_params_trigger_ui.py for tasks to queue
[2024-06-18T13:26:17.566+0530] {logging_mixin.py:188} INFO - [2024-06-18T13:26:17.565+0530] {dagbag.py:545} INFO - Filling up the DagBag from /home/kiit/airflow-env/lib/python3.8/site-packages/airflow/example_dags/example_params_trigger_ui.py
[2024-06-18T13:26:17.577+0530] {processor.py:840} INFO - DAG(s) 'example_params_trigger_ui' retrieved from /home/kiit/airflow-env/lib/python3.8/site-packages/airflow/example_dags/example_params_trigger_ui.py
[2024-06-18T13:26:17.612+0530] {logging_mixin.py:188} INFO - [2024-06-18T13:26:17.612+0530] {dag.py:3096} INFO - Sync 1 DAGs
[2024-06-18T13:26:17.620+0530] {logging_mixin.py:188} INFO - [2024-06-18T13:26:17.620+0530] {dag.py:3954} INFO - Setting next_dagrun for example_params_trigger_ui to None, run_after=None
[2024-06-18T13:26:17.638+0530] {processor.py:183} INFO - Processing /home/kiit/airflow-env/lib/python3.8/site-packages/airflow/example_dags/example_params_trigger_ui.py took 0.082 seconds
[2024-06-18T13:27:06.266+0530] {processor.py:161} INFO - Started process (PID=26875) to work on /home/kiit/airflow-env/lib/python3.8/site-packages/airflow/example_dags/example_params_trigger_ui.py
[2024-06-18T13:27:06.272+0530] {processor.py:830} INFO - Processing file /home/kiit/airflow-env/lib/python3.8/site-packages/airflow/example_dags/example_params_trigger_ui.py for tasks to queue
[2024-06-18T13:27:06.274+0530] {logging_mixin.py:188} INFO - [2024-06-18T13:27:06.274+0530] {dagbag.py:545} INFO - Filling up the DagBag from /home/kiit/airflow-env/lib/python3.8/site-packages/airflow/example_dags/example_params_trigger_ui.py
[2024-06-18T13:27:06.286+0530] {processor.py:840} INFO - DAG(s) 'example_params_trigger_ui' retrieved from /home/kiit/airflow-env/lib/python3.8/site-packages/airflow/example_dags/example_params_trigger_ui.py
[2024-06-18T13:27:06.322+0530] {logging_mixin.py:188} INFO - [2024-06-18T13:27:06.322+0530] {dag.py:3096} INFO - Sync 1 DAGs
[2024-06-18T13:27:06.332+0530] {logging_mixin.py:188} INFO - [2024-06-18T13:27:06.332+0530] {dag.py:3954} INFO - Setting next_dagrun for example_params_trigger_ui to None, run_after=None
[2024-06-18T13:27:06.353+0530] {processor.py:183} INFO - Processing /home/kiit/airflow-env/lib/python3.8/site-packages/airflow/example_dags/example_params_trigger_ui.py took 0.092 seconds
[2024-06-18T13:28:03.349+0530] {processor.py:161} INFO - Started process (PID=26931) to work on /home/kiit/airflow-env/lib/python3.8/site-packages/airflow/example_dags/example_params_trigger_ui.py
[2024-06-18T13:28:03.352+0530] {processor.py:830} INFO - Processing file /home/kiit/airflow-env/lib/python3.8/site-packages/airflow/example_dags/example_params_trigger_ui.py for tasks to queue
[2024-06-18T13:28:03.355+0530] {logging_mixin.py:188} INFO - [2024-06-18T13:28:03.355+0530] {dagbag.py:545} INFO - Filling up the DagBag from /home/kiit/airflow-env/lib/python3.8/site-packages/airflow/example_dags/example_params_trigger_ui.py
[2024-06-18T13:28:03.399+0530] {processor.py:840} INFO - DAG(s) 'example_params_trigger_ui' retrieved from /home/kiit/airflow-env/lib/python3.8/site-packages/airflow/example_dags/example_params_trigger_ui.py
[2024-06-18T13:28:03.507+0530] {logging_mixin.py:188} INFO - [2024-06-18T13:28:03.507+0530] {dag.py:3096} INFO - Sync 1 DAGs
[2024-06-18T13:28:03.538+0530] {logging_mixin.py:188} INFO - [2024-06-18T13:28:03.538+0530] {dag.py:3954} INFO - Setting next_dagrun for example_params_trigger_ui to None, run_after=None
[2024-06-18T13:28:03.611+0530] {processor.py:183} INFO - Processing /home/kiit/airflow-env/lib/python3.8/site-packages/airflow/example_dags/example_params_trigger_ui.py took 0.278 seconds
[2024-06-18T13:29:25.929+0530] {processor.py:161} INFO - Started process (PID=27000) to work on /home/kiit/airflow-env/lib/python3.8/site-packages/airflow/example_dags/example_params_trigger_ui.py
[2024-06-18T13:29:25.930+0530] {processor.py:830} INFO - Processing file /home/kiit/airflow-env/lib/python3.8/site-packages/airflow/example_dags/example_params_trigger_ui.py for tasks to queue
[2024-06-18T13:29:25.932+0530] {logging_mixin.py:188} INFO - [2024-06-18T13:29:25.932+0530] {dagbag.py:545} INFO - Filling up the DagBag from /home/kiit/airflow-env/lib/python3.8/site-packages/airflow/example_dags/example_params_trigger_ui.py
[2024-06-18T13:29:25.948+0530] {processor.py:840} INFO - DAG(s) 'example_params_trigger_ui' retrieved from /home/kiit/airflow-env/lib/python3.8/site-packages/airflow/example_dags/example_params_trigger_ui.py
[2024-06-18T13:29:26.003+0530] {logging_mixin.py:188} INFO - [2024-06-18T13:29:26.002+0530] {dag.py:3096} INFO - Sync 1 DAGs
[2024-06-18T13:29:26.015+0530] {logging_mixin.py:188} INFO - [2024-06-18T13:29:26.015+0530] {dag.py:3954} INFO - Setting next_dagrun for example_params_trigger_ui to None, run_after=None
[2024-06-18T13:29:26.044+0530] {processor.py:183} INFO - Processing /home/kiit/airflow-env/lib/python3.8/site-packages/airflow/example_dags/example_params_trigger_ui.py took 0.123 seconds
[2024-06-18T13:30:19.278+0530] {processor.py:161} INFO - Started process (PID=27074) to work on /home/kiit/airflow-env/lib/python3.8/site-packages/airflow/example_dags/example_params_trigger_ui.py
[2024-06-18T13:30:19.280+0530] {processor.py:830} INFO - Processing file /home/kiit/airflow-env/lib/python3.8/site-packages/airflow/example_dags/example_params_trigger_ui.py for tasks to queue
[2024-06-18T13:30:19.283+0530] {logging_mixin.py:188} INFO - [2024-06-18T13:30:19.283+0530] {dagbag.py:545} INFO - Filling up the DagBag from /home/kiit/airflow-env/lib/python3.8/site-packages/airflow/example_dags/example_params_trigger_ui.py
[2024-06-18T13:30:19.311+0530] {processor.py:840} INFO - DAG(s) 'example_params_trigger_ui' retrieved from /home/kiit/airflow-env/lib/python3.8/site-packages/airflow/example_dags/example_params_trigger_ui.py
[2024-06-18T13:30:19.392+0530] {logging_mixin.py:188} INFO - [2024-06-18T13:30:19.391+0530] {dag.py:3096} INFO - Sync 1 DAGs
[2024-06-18T13:30:19.414+0530] {logging_mixin.py:188} INFO - [2024-06-18T13:30:19.414+0530] {dag.py:3954} INFO - Setting next_dagrun for example_params_trigger_ui to None, run_after=None
[2024-06-18T13:30:19.442+0530] {processor.py:183} INFO - Processing /home/kiit/airflow-env/lib/python3.8/site-packages/airflow/example_dags/example_params_trigger_ui.py took 0.177 seconds
[2024-06-18T13:31:11.724+0530] {processor.py:161} INFO - Started process (PID=27135) to work on /home/kiit/airflow-env/lib/python3.8/site-packages/airflow/example_dags/example_params_trigger_ui.py
[2024-06-18T13:31:11.727+0530] {processor.py:830} INFO - Processing file /home/kiit/airflow-env/lib/python3.8/site-packages/airflow/example_dags/example_params_trigger_ui.py for tasks to queue
[2024-06-18T13:31:11.730+0530] {logging_mixin.py:188} INFO - [2024-06-18T13:31:11.730+0530] {dagbag.py:545} INFO - Filling up the DagBag from /home/kiit/airflow-env/lib/python3.8/site-packages/airflow/example_dags/example_params_trigger_ui.py
[2024-06-18T13:31:11.772+0530] {processor.py:840} INFO - DAG(s) 'example_params_trigger_ui' retrieved from /home/kiit/airflow-env/lib/python3.8/site-packages/airflow/example_dags/example_params_trigger_ui.py
[2024-06-18T13:31:11.969+0530] {logging_mixin.py:188} INFO - [2024-06-18T13:31:11.968+0530] {dag.py:3096} INFO - Sync 1 DAGs
[2024-06-18T13:31:12.030+0530] {logging_mixin.py:188} INFO - [2024-06-18T13:31:12.029+0530] {dag.py:3954} INFO - Setting next_dagrun for example_params_trigger_ui to None, run_after=None
[2024-06-18T13:31:12.106+0530] {processor.py:183} INFO - Processing /home/kiit/airflow-env/lib/python3.8/site-packages/airflow/example_dags/example_params_trigger_ui.py took 0.401 seconds
[2024-06-18T13:32:05.798+0530] {processor.py:161} INFO - Started process (PID=27557) to work on /home/kiit/airflow-env/lib/python3.8/site-packages/airflow/example_dags/example_params_trigger_ui.py
[2024-06-18T13:32:05.800+0530] {processor.py:830} INFO - Processing file /home/kiit/airflow-env/lib/python3.8/site-packages/airflow/example_dags/example_params_trigger_ui.py for tasks to queue
[2024-06-18T13:32:05.801+0530] {logging_mixin.py:188} INFO - [2024-06-18T13:32:05.801+0530] {dagbag.py:545} INFO - Filling up the DagBag from /home/kiit/airflow-env/lib/python3.8/site-packages/airflow/example_dags/example_params_trigger_ui.py
[2024-06-18T13:32:05.815+0530] {processor.py:840} INFO - DAG(s) 'example_params_trigger_ui' retrieved from /home/kiit/airflow-env/lib/python3.8/site-packages/airflow/example_dags/example_params_trigger_ui.py
[2024-06-18T13:32:05.855+0530] {logging_mixin.py:188} INFO - [2024-06-18T13:32:05.855+0530] {dag.py:3096} INFO - Sync 1 DAGs
[2024-06-18T13:32:05.864+0530] {logging_mixin.py:188} INFO - [2024-06-18T13:32:05.864+0530] {dag.py:3954} INFO - Setting next_dagrun for example_params_trigger_ui to None, run_after=None
[2024-06-18T13:32:05.882+0530] {processor.py:183} INFO - Processing /home/kiit/airflow-env/lib/python3.8/site-packages/airflow/example_dags/example_params_trigger_ui.py took 0.090 seconds
[2024-06-18T13:33:00.109+0530] {processor.py:161} INFO - Started process (PID=28199) to work on /home/kiit/airflow-env/lib/python3.8/site-packages/airflow/example_dags/example_params_trigger_ui.py
[2024-06-18T13:33:00.111+0530] {processor.py:830} INFO - Processing file /home/kiit/airflow-env/lib/python3.8/site-packages/airflow/example_dags/example_params_trigger_ui.py for tasks to queue
[2024-06-18T13:33:00.115+0530] {logging_mixin.py:188} INFO - [2024-06-18T13:33:00.114+0530] {dagbag.py:545} INFO - Filling up the DagBag from /home/kiit/airflow-env/lib/python3.8/site-packages/airflow/example_dags/example_params_trigger_ui.py
[2024-06-18T13:33:00.136+0530] {processor.py:840} INFO - DAG(s) 'example_params_trigger_ui' retrieved from /home/kiit/airflow-env/lib/python3.8/site-packages/airflow/example_dags/example_params_trigger_ui.py
[2024-06-18T13:33:00.205+0530] {logging_mixin.py:188} INFO - [2024-06-18T13:33:00.205+0530] {dag.py:3096} INFO - Sync 1 DAGs
[2024-06-18T13:33:00.221+0530] {logging_mixin.py:188} INFO - [2024-06-18T13:33:00.220+0530] {dag.py:3954} INFO - Setting next_dagrun for example_params_trigger_ui to None, run_after=None
[2024-06-18T13:33:00.259+0530] {processor.py:183} INFO - Processing /home/kiit/airflow-env/lib/python3.8/site-packages/airflow/example_dags/example_params_trigger_ui.py took 0.159 seconds
[2024-06-18T13:33:43.828+0530] {processor.py:161} INFO - Started process (PID=30229) to work on /home/kiit/airflow-env/lib/python3.8/site-packages/airflow/example_dags/example_params_trigger_ui.py
[2024-06-18T13:33:43.835+0530] {processor.py:830} INFO - Processing file /home/kiit/airflow-env/lib/python3.8/site-packages/airflow/example_dags/example_params_trigger_ui.py for tasks to queue
[2024-06-18T13:33:43.836+0530] {logging_mixin.py:188} INFO - [2024-06-18T13:33:43.836+0530] {dagbag.py:545} INFO - Filling up the DagBag from /home/kiit/airflow-env/lib/python3.8/site-packages/airflow/example_dags/example_params_trigger_ui.py
[2024-06-18T13:33:43.846+0530] {processor.py:840} INFO - DAG(s) 'example_params_trigger_ui' retrieved from /home/kiit/airflow-env/lib/python3.8/site-packages/airflow/example_dags/example_params_trigger_ui.py
[2024-06-18T13:33:43.874+0530] {logging_mixin.py:188} INFO - [2024-06-18T13:33:43.874+0530] {dag.py:3096} INFO - Sync 1 DAGs
[2024-06-18T13:33:43.882+0530] {logging_mixin.py:188} INFO - [2024-06-18T13:33:43.882+0530] {dag.py:3954} INFO - Setting next_dagrun for example_params_trigger_ui to None, run_after=None
[2024-06-18T13:33:43.900+0530] {processor.py:183} INFO - Processing /home/kiit/airflow-env/lib/python3.8/site-packages/airflow/example_dags/example_params_trigger_ui.py took 0.078 seconds
[2024-06-18T13:34:24.995+0530] {processor.py:161} INFO - Started process (PID=30451) to work on /home/kiit/airflow-env/lib/python3.8/site-packages/airflow/example_dags/example_params_trigger_ui.py
[2024-06-18T13:34:24.996+0530] {processor.py:830} INFO - Processing file /home/kiit/airflow-env/lib/python3.8/site-packages/airflow/example_dags/example_params_trigger_ui.py for tasks to queue
[2024-06-18T13:34:24.997+0530] {logging_mixin.py:188} INFO - [2024-06-18T13:34:24.997+0530] {dagbag.py:545} INFO - Filling up the DagBag from /home/kiit/airflow-env/lib/python3.8/site-packages/airflow/example_dags/example_params_trigger_ui.py
[2024-06-18T13:34:25.008+0530] {processor.py:840} INFO - DAG(s) 'example_params_trigger_ui' retrieved from /home/kiit/airflow-env/lib/python3.8/site-packages/airflow/example_dags/example_params_trigger_ui.py
[2024-06-18T13:34:25.040+0530] {logging_mixin.py:188} INFO - [2024-06-18T13:34:25.040+0530] {dag.py:3096} INFO - Sync 1 DAGs
[2024-06-18T13:34:25.047+0530] {logging_mixin.py:188} INFO - [2024-06-18T13:34:25.047+0530] {dag.py:3954} INFO - Setting next_dagrun for example_params_trigger_ui to None, run_after=None
[2024-06-18T13:34:25.066+0530] {processor.py:183} INFO - Processing /home/kiit/airflow-env/lib/python3.8/site-packages/airflow/example_dags/example_params_trigger_ui.py took 0.077 seconds
[2024-06-18T13:35:25.825+0530] {processor.py:161} INFO - Started process (PID=30521) to work on /home/kiit/airflow-env/lib/python3.8/site-packages/airflow/example_dags/example_params_trigger_ui.py
[2024-06-18T13:35:25.827+0530] {processor.py:830} INFO - Processing file /home/kiit/airflow-env/lib/python3.8/site-packages/airflow/example_dags/example_params_trigger_ui.py for tasks to queue
[2024-06-18T13:35:25.828+0530] {logging_mixin.py:188} INFO - [2024-06-18T13:35:25.828+0530] {dagbag.py:545} INFO - Filling up the DagBag from /home/kiit/airflow-env/lib/python3.8/site-packages/airflow/example_dags/example_params_trigger_ui.py
[2024-06-18T13:35:25.838+0530] {processor.py:840} INFO - DAG(s) 'example_params_trigger_ui' retrieved from /home/kiit/airflow-env/lib/python3.8/site-packages/airflow/example_dags/example_params_trigger_ui.py
[2024-06-18T13:35:25.883+0530] {logging_mixin.py:188} INFO - [2024-06-18T13:35:25.883+0530] {dag.py:3096} INFO - Sync 1 DAGs
[2024-06-18T13:35:25.895+0530] {logging_mixin.py:188} INFO - [2024-06-18T13:35:25.895+0530] {dag.py:3954} INFO - Setting next_dagrun for example_params_trigger_ui to None, run_after=None
[2024-06-18T13:35:25.913+0530] {processor.py:183} INFO - Processing /home/kiit/airflow-env/lib/python3.8/site-packages/airflow/example_dags/example_params_trigger_ui.py took 0.093 seconds
[2024-06-18T13:36:09.259+0530] {processor.py:161} INFO - Started process (PID=30571) to work on /home/kiit/airflow-env/lib/python3.8/site-packages/airflow/example_dags/example_params_trigger_ui.py
[2024-06-18T13:36:09.260+0530] {processor.py:830} INFO - Processing file /home/kiit/airflow-env/lib/python3.8/site-packages/airflow/example_dags/example_params_trigger_ui.py for tasks to queue
[2024-06-18T13:36:09.263+0530] {logging_mixin.py:188} INFO - [2024-06-18T13:36:09.262+0530] {dagbag.py:545} INFO - Filling up the DagBag from /home/kiit/airflow-env/lib/python3.8/site-packages/airflow/example_dags/example_params_trigger_ui.py
[2024-06-18T13:36:09.285+0530] {processor.py:840} INFO - DAG(s) 'example_params_trigger_ui' retrieved from /home/kiit/airflow-env/lib/python3.8/site-packages/airflow/example_dags/example_params_trigger_ui.py
[2024-06-18T13:36:09.353+0530] {logging_mixin.py:188} INFO - [2024-06-18T13:36:09.352+0530] {dag.py:3096} INFO - Sync 1 DAGs
[2024-06-18T13:36:09.366+0530] {logging_mixin.py:188} INFO - [2024-06-18T13:36:09.365+0530] {dag.py:3954} INFO - Setting next_dagrun for example_params_trigger_ui to None, run_after=None
[2024-06-18T13:36:09.396+0530] {processor.py:183} INFO - Processing /home/kiit/airflow-env/lib/python3.8/site-packages/airflow/example_dags/example_params_trigger_ui.py took 0.147 seconds
[2024-06-18T13:36:51.919+0530] {processor.py:161} INFO - Started process (PID=30622) to work on /home/kiit/airflow-env/lib/python3.8/site-packages/airflow/example_dags/example_params_trigger_ui.py
[2024-06-18T13:36:51.926+0530] {processor.py:830} INFO - Processing file /home/kiit/airflow-env/lib/python3.8/site-packages/airflow/example_dags/example_params_trigger_ui.py for tasks to queue
[2024-06-18T13:36:51.927+0530] {logging_mixin.py:188} INFO - [2024-06-18T13:36:51.927+0530] {dagbag.py:545} INFO - Filling up the DagBag from /home/kiit/airflow-env/lib/python3.8/site-packages/airflow/example_dags/example_params_trigger_ui.py
[2024-06-18T13:36:51.937+0530] {processor.py:840} INFO - DAG(s) 'example_params_trigger_ui' retrieved from /home/kiit/airflow-env/lib/python3.8/site-packages/airflow/example_dags/example_params_trigger_ui.py
[2024-06-18T13:36:51.965+0530] {logging_mixin.py:188} INFO - [2024-06-18T13:36:51.965+0530] {dag.py:3096} INFO - Sync 1 DAGs
[2024-06-18T13:36:51.974+0530] {logging_mixin.py:188} INFO - [2024-06-18T13:36:51.974+0530] {dag.py:3954} INFO - Setting next_dagrun for example_params_trigger_ui to None, run_after=None
[2024-06-18T13:36:51.990+0530] {processor.py:183} INFO - Processing /home/kiit/airflow-env/lib/python3.8/site-packages/airflow/example_dags/example_params_trigger_ui.py took 0.080 seconds
[2024-06-18T13:37:32.467+0530] {processor.py:161} INFO - Started process (PID=30670) to work on /home/kiit/airflow-env/lib/python3.8/site-packages/airflow/example_dags/example_params_trigger_ui.py
[2024-06-18T13:37:32.471+0530] {processor.py:830} INFO - Processing file /home/kiit/airflow-env/lib/python3.8/site-packages/airflow/example_dags/example_params_trigger_ui.py for tasks to queue
[2024-06-18T13:37:32.475+0530] {logging_mixin.py:188} INFO - [2024-06-18T13:37:32.474+0530] {dagbag.py:545} INFO - Filling up the DagBag from /home/kiit/airflow-env/lib/python3.8/site-packages/airflow/example_dags/example_params_trigger_ui.py
[2024-06-18T13:37:32.500+0530] {processor.py:840} INFO - DAG(s) 'example_params_trigger_ui' retrieved from /home/kiit/airflow-env/lib/python3.8/site-packages/airflow/example_dags/example_params_trigger_ui.py
[2024-06-18T13:37:32.545+0530] {logging_mixin.py:188} INFO - [2024-06-18T13:37:32.544+0530] {dag.py:3096} INFO - Sync 1 DAGs
[2024-06-18T13:37:32.564+0530] {logging_mixin.py:188} INFO - [2024-06-18T13:37:32.564+0530] {dag.py:3954} INFO - Setting next_dagrun for example_params_trigger_ui to None, run_after=None
[2024-06-18T13:37:32.594+0530] {processor.py:183} INFO - Processing /home/kiit/airflow-env/lib/python3.8/site-packages/airflow/example_dags/example_params_trigger_ui.py took 0.136 seconds
[2024-06-18T13:38:21.119+0530] {processor.py:161} INFO - Started process (PID=30721) to work on /home/kiit/airflow-env/lib/python3.8/site-packages/airflow/example_dags/example_params_trigger_ui.py
[2024-06-18T13:38:21.128+0530] {processor.py:830} INFO - Processing file /home/kiit/airflow-env/lib/python3.8/site-packages/airflow/example_dags/example_params_trigger_ui.py for tasks to queue
[2024-06-18T13:38:21.134+0530] {logging_mixin.py:188} INFO - [2024-06-18T13:38:21.133+0530] {dagbag.py:545} INFO - Filling up the DagBag from /home/kiit/airflow-env/lib/python3.8/site-packages/airflow/example_dags/example_params_trigger_ui.py
[2024-06-18T13:38:21.173+0530] {processor.py:840} INFO - DAG(s) 'example_params_trigger_ui' retrieved from /home/kiit/airflow-env/lib/python3.8/site-packages/airflow/example_dags/example_params_trigger_ui.py
[2024-06-18T13:38:21.277+0530] {logging_mixin.py:188} INFO - [2024-06-18T13:38:21.276+0530] {dag.py:3096} INFO - Sync 1 DAGs
[2024-06-18T13:38:21.304+0530] {logging_mixin.py:188} INFO - [2024-06-18T13:38:21.304+0530] {dag.py:3954} INFO - Setting next_dagrun for example_params_trigger_ui to None, run_after=None
[2024-06-18T13:38:21.358+0530] {processor.py:183} INFO - Processing /home/kiit/airflow-env/lib/python3.8/site-packages/airflow/example_dags/example_params_trigger_ui.py took 0.255 seconds
[2024-06-18T13:39:15.278+0530] {processor.py:161} INFO - Started process (PID=30781) to work on /home/kiit/airflow-env/lib/python3.8/site-packages/airflow/example_dags/example_params_trigger_ui.py
[2024-06-18T13:39:15.286+0530] {processor.py:830} INFO - Processing file /home/kiit/airflow-env/lib/python3.8/site-packages/airflow/example_dags/example_params_trigger_ui.py for tasks to queue
[2024-06-18T13:39:15.288+0530] {logging_mixin.py:188} INFO - [2024-06-18T13:39:15.287+0530] {dagbag.py:545} INFO - Filling up the DagBag from /home/kiit/airflow-env/lib/python3.8/site-packages/airflow/example_dags/example_params_trigger_ui.py
[2024-06-18T13:39:15.297+0530] {processor.py:840} INFO - DAG(s) 'example_params_trigger_ui' retrieved from /home/kiit/airflow-env/lib/python3.8/site-packages/airflow/example_dags/example_params_trigger_ui.py
[2024-06-18T13:39:15.326+0530] {logging_mixin.py:188} INFO - [2024-06-18T13:39:15.326+0530] {dag.py:3096} INFO - Sync 1 DAGs
[2024-06-18T13:39:15.334+0530] {logging_mixin.py:188} INFO - [2024-06-18T13:39:15.334+0530] {dag.py:3954} INFO - Setting next_dagrun for example_params_trigger_ui to None, run_after=None
[2024-06-18T13:39:15.353+0530] {processor.py:183} INFO - Processing /home/kiit/airflow-env/lib/python3.8/site-packages/airflow/example_dags/example_params_trigger_ui.py took 0.078 seconds
[2024-06-18T13:39:54.673+0530] {processor.py:161} INFO - Started process (PID=30829) to work on /home/kiit/airflow-env/lib/python3.8/site-packages/airflow/example_dags/example_params_trigger_ui.py
[2024-06-18T13:39:54.680+0530] {processor.py:830} INFO - Processing file /home/kiit/airflow-env/lib/python3.8/site-packages/airflow/example_dags/example_params_trigger_ui.py for tasks to queue
[2024-06-18T13:39:54.682+0530] {logging_mixin.py:188} INFO - [2024-06-18T13:39:54.682+0530] {dagbag.py:545} INFO - Filling up the DagBag from /home/kiit/airflow-env/lib/python3.8/site-packages/airflow/example_dags/example_params_trigger_ui.py
[2024-06-18T13:39:54.694+0530] {processor.py:840} INFO - DAG(s) 'example_params_trigger_ui' retrieved from /home/kiit/airflow-env/lib/python3.8/site-packages/airflow/example_dags/example_params_trigger_ui.py
[2024-06-18T13:39:54.729+0530] {logging_mixin.py:188} INFO - [2024-06-18T13:39:54.729+0530] {dag.py:3096} INFO - Sync 1 DAGs
[2024-06-18T13:39:54.741+0530] {logging_mixin.py:188} INFO - [2024-06-18T13:39:54.741+0530] {dag.py:3954} INFO - Setting next_dagrun for example_params_trigger_ui to None, run_after=None
[2024-06-18T13:39:54.762+0530] {processor.py:183} INFO - Processing /home/kiit/airflow-env/lib/python3.8/site-packages/airflow/example_dags/example_params_trigger_ui.py took 0.097 seconds
[2024-06-18T13:40:36.615+0530] {processor.py:161} INFO - Started process (PID=30944) to work on /home/kiit/airflow-env/lib/python3.8/site-packages/airflow/example_dags/example_params_trigger_ui.py
[2024-06-18T13:40:36.621+0530] {processor.py:830} INFO - Processing file /home/kiit/airflow-env/lib/python3.8/site-packages/airflow/example_dags/example_params_trigger_ui.py for tasks to queue
[2024-06-18T13:40:36.623+0530] {logging_mixin.py:188} INFO - [2024-06-18T13:40:36.623+0530] {dagbag.py:545} INFO - Filling up the DagBag from /home/kiit/airflow-env/lib/python3.8/site-packages/airflow/example_dags/example_params_trigger_ui.py
[2024-06-18T13:40:36.637+0530] {processor.py:840} INFO - DAG(s) 'example_params_trigger_ui' retrieved from /home/kiit/airflow-env/lib/python3.8/site-packages/airflow/example_dags/example_params_trigger_ui.py
[2024-06-18T13:40:36.669+0530] {logging_mixin.py:188} INFO - [2024-06-18T13:40:36.668+0530] {dag.py:3096} INFO - Sync 1 DAGs
[2024-06-18T13:40:36.676+0530] {logging_mixin.py:188} INFO - [2024-06-18T13:40:36.676+0530] {dag.py:3954} INFO - Setting next_dagrun for example_params_trigger_ui to None, run_after=None
[2024-06-18T13:40:36.694+0530] {processor.py:183} INFO - Processing /home/kiit/airflow-env/lib/python3.8/site-packages/airflow/example_dags/example_params_trigger_ui.py took 0.084 seconds
[2024-06-18T13:41:17.256+0530] {processor.py:161} INFO - Started process (PID=30993) to work on /home/kiit/airflow-env/lib/python3.8/site-packages/airflow/example_dags/example_params_trigger_ui.py
[2024-06-18T13:41:17.263+0530] {processor.py:830} INFO - Processing file /home/kiit/airflow-env/lib/python3.8/site-packages/airflow/example_dags/example_params_trigger_ui.py for tasks to queue
[2024-06-18T13:41:17.265+0530] {logging_mixin.py:188} INFO - [2024-06-18T13:41:17.264+0530] {dagbag.py:545} INFO - Filling up the DagBag from /home/kiit/airflow-env/lib/python3.8/site-packages/airflow/example_dags/example_params_trigger_ui.py
[2024-06-18T13:41:17.276+0530] {processor.py:840} INFO - DAG(s) 'example_params_trigger_ui' retrieved from /home/kiit/airflow-env/lib/python3.8/site-packages/airflow/example_dags/example_params_trigger_ui.py
[2024-06-18T13:41:17.310+0530] {logging_mixin.py:188} INFO - [2024-06-18T13:41:17.310+0530] {dag.py:3096} INFO - Sync 1 DAGs
[2024-06-18T13:41:17.319+0530] {logging_mixin.py:188} INFO - [2024-06-18T13:41:17.319+0530] {dag.py:3954} INFO - Setting next_dagrun for example_params_trigger_ui to None, run_after=None
[2024-06-18T13:41:17.340+0530] {processor.py:183} INFO - Processing /home/kiit/airflow-env/lib/python3.8/site-packages/airflow/example_dags/example_params_trigger_ui.py took 0.090 seconds
[2024-06-18T15:05:49.714+0530] {processor.py:161} INFO - Started process (PID=33616) to work on /home/kiit/airflow-env/lib/python3.8/site-packages/airflow/example_dags/example_params_trigger_ui.py
[2024-06-18T15:05:49.716+0530] {processor.py:830} INFO - Processing file /home/kiit/airflow-env/lib/python3.8/site-packages/airflow/example_dags/example_params_trigger_ui.py for tasks to queue
[2024-06-18T15:05:49.718+0530] {logging_mixin.py:188} INFO - [2024-06-18T15:05:49.718+0530] {dagbag.py:545} INFO - Filling up the DagBag from /home/kiit/airflow-env/lib/python3.8/site-packages/airflow/example_dags/example_params_trigger_ui.py
[2024-06-18T15:05:49.732+0530] {processor.py:840} INFO - DAG(s) 'example_params_trigger_ui' retrieved from /home/kiit/airflow-env/lib/python3.8/site-packages/airflow/example_dags/example_params_trigger_ui.py
[2024-06-18T15:05:49.743+0530] {logging_mixin.py:188} INFO - [2024-06-18T15:05:49.743+0530] {dag.py:3096} INFO - Sync 1 DAGs
[2024-06-18T15:05:49.759+0530] {logging_mixin.py:188} INFO - [2024-06-18T15:05:49.759+0530] {dag.py:3954} INFO - Setting next_dagrun for example_params_trigger_ui to None, run_after=None
[2024-06-18T15:05:49.786+0530] {processor.py:183} INFO - Processing /home/kiit/airflow-env/lib/python3.8/site-packages/airflow/example_dags/example_params_trigger_ui.py took 0.079 seconds
[2024-06-18T15:06:22.237+0530] {processor.py:161} INFO - Started process (PID=33675) to work on /home/kiit/airflow-env/lib/python3.8/site-packages/airflow/example_dags/example_params_trigger_ui.py
[2024-06-18T15:06:22.238+0530] {processor.py:830} INFO - Processing file /home/kiit/airflow-env/lib/python3.8/site-packages/airflow/example_dags/example_params_trigger_ui.py for tasks to queue
[2024-06-18T15:06:22.240+0530] {logging_mixin.py:188} INFO - [2024-06-18T15:06:22.240+0530] {dagbag.py:545} INFO - Filling up the DagBag from /home/kiit/airflow-env/lib/python3.8/site-packages/airflow/example_dags/example_params_trigger_ui.py
[2024-06-18T15:06:22.254+0530] {processor.py:840} INFO - DAG(s) 'example_params_trigger_ui' retrieved from /home/kiit/airflow-env/lib/python3.8/site-packages/airflow/example_dags/example_params_trigger_ui.py
[2024-06-18T15:06:22.462+0530] {logging_mixin.py:188} INFO - [2024-06-18T15:06:22.461+0530] {dag.py:3096} INFO - Sync 1 DAGs
[2024-06-18T15:06:22.471+0530] {logging_mixin.py:188} INFO - [2024-06-18T15:06:22.471+0530] {dag.py:3954} INFO - Setting next_dagrun for example_params_trigger_ui to None, run_after=None
[2024-06-18T15:06:22.498+0530] {processor.py:183} INFO - Processing /home/kiit/airflow-env/lib/python3.8/site-packages/airflow/example_dags/example_params_trigger_ui.py took 0.268 seconds
[2024-06-18T15:06:53.253+0530] {processor.py:161} INFO - Started process (PID=33734) to work on /home/kiit/airflow-env/lib/python3.8/site-packages/airflow/example_dags/example_params_trigger_ui.py
[2024-06-18T15:06:53.254+0530] {processor.py:830} INFO - Processing file /home/kiit/airflow-env/lib/python3.8/site-packages/airflow/example_dags/example_params_trigger_ui.py for tasks to queue
[2024-06-18T15:06:53.255+0530] {logging_mixin.py:188} INFO - [2024-06-18T15:06:53.255+0530] {dagbag.py:545} INFO - Filling up the DagBag from /home/kiit/airflow-env/lib/python3.8/site-packages/airflow/example_dags/example_params_trigger_ui.py
[2024-06-18T15:06:53.271+0530] {processor.py:840} INFO - DAG(s) 'example_params_trigger_ui' retrieved from /home/kiit/airflow-env/lib/python3.8/site-packages/airflow/example_dags/example_params_trigger_ui.py
[2024-06-18T15:06:53.321+0530] {logging_mixin.py:188} INFO - [2024-06-18T15:06:53.321+0530] {dag.py:3096} INFO - Sync 1 DAGs
[2024-06-18T15:06:53.334+0530] {logging_mixin.py:188} INFO - [2024-06-18T15:06:53.333+0530] {dag.py:3954} INFO - Setting next_dagrun for example_params_trigger_ui to None, run_after=None
[2024-06-18T15:06:53.368+0530] {processor.py:183} INFO - Processing /home/kiit/airflow-env/lib/python3.8/site-packages/airflow/example_dags/example_params_trigger_ui.py took 0.122 seconds
[2024-06-18T15:07:24.269+0530] {processor.py:161} INFO - Started process (PID=33793) to work on /home/kiit/airflow-env/lib/python3.8/site-packages/airflow/example_dags/example_params_trigger_ui.py
[2024-06-18T15:07:24.270+0530] {processor.py:830} INFO - Processing file /home/kiit/airflow-env/lib/python3.8/site-packages/airflow/example_dags/example_params_trigger_ui.py for tasks to queue
[2024-06-18T15:07:24.271+0530] {logging_mixin.py:188} INFO - [2024-06-18T15:07:24.271+0530] {dagbag.py:545} INFO - Filling up the DagBag from /home/kiit/airflow-env/lib/python3.8/site-packages/airflow/example_dags/example_params_trigger_ui.py
[2024-06-18T15:07:24.286+0530] {processor.py:840} INFO - DAG(s) 'example_params_trigger_ui' retrieved from /home/kiit/airflow-env/lib/python3.8/site-packages/airflow/example_dags/example_params_trigger_ui.py
[2024-06-18T15:07:24.334+0530] {logging_mixin.py:188} INFO - [2024-06-18T15:07:24.334+0530] {dag.py:3096} INFO - Sync 1 DAGs
[2024-06-18T15:07:24.345+0530] {logging_mixin.py:188} INFO - [2024-06-18T15:07:24.344+0530] {dag.py:3954} INFO - Setting next_dagrun for example_params_trigger_ui to None, run_after=None
[2024-06-18T15:07:24.367+0530] {processor.py:183} INFO - Processing /home/kiit/airflow-env/lib/python3.8/site-packages/airflow/example_dags/example_params_trigger_ui.py took 0.105 seconds
[2024-06-18T15:07:54.997+0530] {processor.py:161} INFO - Started process (PID=33852) to work on /home/kiit/airflow-env/lib/python3.8/site-packages/airflow/example_dags/example_params_trigger_ui.py
[2024-06-18T15:07:54.999+0530] {processor.py:830} INFO - Processing file /home/kiit/airflow-env/lib/python3.8/site-packages/airflow/example_dags/example_params_trigger_ui.py for tasks to queue
[2024-06-18T15:07:55.000+0530] {logging_mixin.py:188} INFO - [2024-06-18T15:07:55.000+0530] {dagbag.py:545} INFO - Filling up the DagBag from /home/kiit/airflow-env/lib/python3.8/site-packages/airflow/example_dags/example_params_trigger_ui.py
[2024-06-18T15:07:55.014+0530] {processor.py:840} INFO - DAG(s) 'example_params_trigger_ui' retrieved from /home/kiit/airflow-env/lib/python3.8/site-packages/airflow/example_dags/example_params_trigger_ui.py
[2024-06-18T15:07:55.062+0530] {logging_mixin.py:188} INFO - [2024-06-18T15:07:55.062+0530] {dag.py:3096} INFO - Sync 1 DAGs
[2024-06-18T15:07:55.073+0530] {logging_mixin.py:188} INFO - [2024-06-18T15:07:55.073+0530] {dag.py:3954} INFO - Setting next_dagrun for example_params_trigger_ui to None, run_after=None
[2024-06-18T15:07:55.095+0530] {processor.py:183} INFO - Processing /home/kiit/airflow-env/lib/python3.8/site-packages/airflow/example_dags/example_params_trigger_ui.py took 0.103 seconds
[2024-06-18T15:08:26.046+0530] {processor.py:161} INFO - Started process (PID=33911) to work on /home/kiit/airflow-env/lib/python3.8/site-packages/airflow/example_dags/example_params_trigger_ui.py
[2024-06-18T15:08:26.047+0530] {processor.py:830} INFO - Processing file /home/kiit/airflow-env/lib/python3.8/site-packages/airflow/example_dags/example_params_trigger_ui.py for tasks to queue
[2024-06-18T15:08:26.049+0530] {logging_mixin.py:188} INFO - [2024-06-18T15:08:26.049+0530] {dagbag.py:545} INFO - Filling up the DagBag from /home/kiit/airflow-env/lib/python3.8/site-packages/airflow/example_dags/example_params_trigger_ui.py
[2024-06-18T15:08:26.064+0530] {processor.py:840} INFO - DAG(s) 'example_params_trigger_ui' retrieved from /home/kiit/airflow-env/lib/python3.8/site-packages/airflow/example_dags/example_params_trigger_ui.py
[2024-06-18T15:08:26.118+0530] {logging_mixin.py:188} INFO - [2024-06-18T15:08:26.117+0530] {dag.py:3096} INFO - Sync 1 DAGs
[2024-06-18T15:08:26.131+0530] {logging_mixin.py:188} INFO - [2024-06-18T15:08:26.130+0530] {dag.py:3954} INFO - Setting next_dagrun for example_params_trigger_ui to None, run_after=None
[2024-06-18T15:08:26.157+0530] {processor.py:183} INFO - Processing /home/kiit/airflow-env/lib/python3.8/site-packages/airflow/example_dags/example_params_trigger_ui.py took 0.118 seconds
[2024-06-18T15:08:56.973+0530] {processor.py:161} INFO - Started process (PID=33971) to work on /home/kiit/airflow-env/lib/python3.8/site-packages/airflow/example_dags/example_params_trigger_ui.py
[2024-06-18T15:08:56.975+0530] {processor.py:830} INFO - Processing file /home/kiit/airflow-env/lib/python3.8/site-packages/airflow/example_dags/example_params_trigger_ui.py for tasks to queue
[2024-06-18T15:08:56.976+0530] {logging_mixin.py:188} INFO - [2024-06-18T15:08:56.976+0530] {dagbag.py:545} INFO - Filling up the DagBag from /home/kiit/airflow-env/lib/python3.8/site-packages/airflow/example_dags/example_params_trigger_ui.py
[2024-06-18T15:08:56.988+0530] {processor.py:840} INFO - DAG(s) 'example_params_trigger_ui' retrieved from /home/kiit/airflow-env/lib/python3.8/site-packages/airflow/example_dags/example_params_trigger_ui.py
[2024-06-18T15:08:57.042+0530] {logging_mixin.py:188} INFO - [2024-06-18T15:08:57.042+0530] {dag.py:3096} INFO - Sync 1 DAGs
[2024-06-18T15:08:57.052+0530] {logging_mixin.py:188} INFO - [2024-06-18T15:08:57.052+0530] {dag.py:3954} INFO - Setting next_dagrun for example_params_trigger_ui to None, run_after=None
[2024-06-18T15:08:57.076+0530] {processor.py:183} INFO - Processing /home/kiit/airflow-env/lib/python3.8/site-packages/airflow/example_dags/example_params_trigger_ui.py took 0.109 seconds
[2024-06-18T15:09:27.378+0530] {processor.py:161} INFO - Started process (PID=34031) to work on /home/kiit/airflow-env/lib/python3.8/site-packages/airflow/example_dags/example_params_trigger_ui.py
[2024-06-18T15:09:27.379+0530] {processor.py:830} INFO - Processing file /home/kiit/airflow-env/lib/python3.8/site-packages/airflow/example_dags/example_params_trigger_ui.py for tasks to queue
[2024-06-18T15:09:27.380+0530] {logging_mixin.py:188} INFO - [2024-06-18T15:09:27.380+0530] {dagbag.py:545} INFO - Filling up the DagBag from /home/kiit/airflow-env/lib/python3.8/site-packages/airflow/example_dags/example_params_trigger_ui.py
[2024-06-18T15:09:27.391+0530] {processor.py:840} INFO - DAG(s) 'example_params_trigger_ui' retrieved from /home/kiit/airflow-env/lib/python3.8/site-packages/airflow/example_dags/example_params_trigger_ui.py
[2024-06-18T15:09:27.431+0530] {logging_mixin.py:188} INFO - [2024-06-18T15:09:27.431+0530] {dag.py:3096} INFO - Sync 1 DAGs
[2024-06-18T15:09:27.442+0530] {logging_mixin.py:188} INFO - [2024-06-18T15:09:27.442+0530] {dag.py:3954} INFO - Setting next_dagrun for example_params_trigger_ui to None, run_after=None
[2024-06-18T15:09:27.464+0530] {processor.py:183} INFO - Processing /home/kiit/airflow-env/lib/python3.8/site-packages/airflow/example_dags/example_params_trigger_ui.py took 0.090 seconds
[2024-06-18T15:09:57.671+0530] {processor.py:161} INFO - Started process (PID=34090) to work on /home/kiit/airflow-env/lib/python3.8/site-packages/airflow/example_dags/example_params_trigger_ui.py
[2024-06-18T15:09:57.672+0530] {processor.py:830} INFO - Processing file /home/kiit/airflow-env/lib/python3.8/site-packages/airflow/example_dags/example_params_trigger_ui.py for tasks to queue
[2024-06-18T15:09:57.673+0530] {logging_mixin.py:188} INFO - [2024-06-18T15:09:57.672+0530] {dagbag.py:545} INFO - Filling up the DagBag from /home/kiit/airflow-env/lib/python3.8/site-packages/airflow/example_dags/example_params_trigger_ui.py
[2024-06-18T15:09:57.682+0530] {processor.py:840} INFO - DAG(s) 'example_params_trigger_ui' retrieved from /home/kiit/airflow-env/lib/python3.8/site-packages/airflow/example_dags/example_params_trigger_ui.py
[2024-06-18T15:09:57.719+0530] {logging_mixin.py:188} INFO - [2024-06-18T15:09:57.718+0530] {dag.py:3096} INFO - Sync 1 DAGs
[2024-06-18T15:09:57.727+0530] {logging_mixin.py:188} INFO - [2024-06-18T15:09:57.727+0530] {dag.py:3954} INFO - Setting next_dagrun for example_params_trigger_ui to None, run_after=None
[2024-06-18T15:09:57.747+0530] {processor.py:183} INFO - Processing /home/kiit/airflow-env/lib/python3.8/site-packages/airflow/example_dags/example_params_trigger_ui.py took 0.081 seconds
[2024-06-18T15:10:27.849+0530] {processor.py:161} INFO - Started process (PID=34150) to work on /home/kiit/airflow-env/lib/python3.8/site-packages/airflow/example_dags/example_params_trigger_ui.py
[2024-06-18T15:10:27.850+0530] {processor.py:830} INFO - Processing file /home/kiit/airflow-env/lib/python3.8/site-packages/airflow/example_dags/example_params_trigger_ui.py for tasks to queue
[2024-06-18T15:10:27.851+0530] {logging_mixin.py:188} INFO - [2024-06-18T15:10:27.851+0530] {dagbag.py:545} INFO - Filling up the DagBag from /home/kiit/airflow-env/lib/python3.8/site-packages/airflow/example_dags/example_params_trigger_ui.py
[2024-06-18T15:10:27.861+0530] {processor.py:840} INFO - DAG(s) 'example_params_trigger_ui' retrieved from /home/kiit/airflow-env/lib/python3.8/site-packages/airflow/example_dags/example_params_trigger_ui.py
[2024-06-18T15:10:27.904+0530] {logging_mixin.py:188} INFO - [2024-06-18T15:10:27.904+0530] {dag.py:3096} INFO - Sync 1 DAGs
[2024-06-18T15:10:27.915+0530] {logging_mixin.py:188} INFO - [2024-06-18T15:10:27.914+0530] {dag.py:3954} INFO - Setting next_dagrun for example_params_trigger_ui to None, run_after=None
[2024-06-18T15:10:27.939+0530] {processor.py:183} INFO - Processing /home/kiit/airflow-env/lib/python3.8/site-packages/airflow/example_dags/example_params_trigger_ui.py took 0.094 seconds
[2024-06-18T15:10:58.271+0530] {processor.py:161} INFO - Started process (PID=34209) to work on /home/kiit/airflow-env/lib/python3.8/site-packages/airflow/example_dags/example_params_trigger_ui.py
[2024-06-18T15:10:58.272+0530] {processor.py:830} INFO - Processing file /home/kiit/airflow-env/lib/python3.8/site-packages/airflow/example_dags/example_params_trigger_ui.py for tasks to queue
[2024-06-18T15:10:58.273+0530] {logging_mixin.py:188} INFO - [2024-06-18T15:10:58.273+0530] {dagbag.py:545} INFO - Filling up the DagBag from /home/kiit/airflow-env/lib/python3.8/site-packages/airflow/example_dags/example_params_trigger_ui.py
[2024-06-18T15:10:58.284+0530] {processor.py:840} INFO - DAG(s) 'example_params_trigger_ui' retrieved from /home/kiit/airflow-env/lib/python3.8/site-packages/airflow/example_dags/example_params_trigger_ui.py
[2024-06-18T15:10:58.324+0530] {logging_mixin.py:188} INFO - [2024-06-18T15:10:58.323+0530] {dag.py:3096} INFO - Sync 1 DAGs
[2024-06-18T15:10:58.332+0530] {logging_mixin.py:188} INFO - [2024-06-18T15:10:58.332+0530] {dag.py:3954} INFO - Setting next_dagrun for example_params_trigger_ui to None, run_after=None
[2024-06-18T15:10:58.352+0530] {processor.py:183} INFO - Processing /home/kiit/airflow-env/lib/python3.8/site-packages/airflow/example_dags/example_params_trigger_ui.py took 0.086 seconds
[2024-06-18T15:11:28.446+0530] {processor.py:161} INFO - Started process (PID=34268) to work on /home/kiit/airflow-env/lib/python3.8/site-packages/airflow/example_dags/example_params_trigger_ui.py
[2024-06-18T15:11:28.447+0530] {processor.py:830} INFO - Processing file /home/kiit/airflow-env/lib/python3.8/site-packages/airflow/example_dags/example_params_trigger_ui.py for tasks to queue
[2024-06-18T15:11:28.448+0530] {logging_mixin.py:188} INFO - [2024-06-18T15:11:28.448+0530] {dagbag.py:545} INFO - Filling up the DagBag from /home/kiit/airflow-env/lib/python3.8/site-packages/airflow/example_dags/example_params_trigger_ui.py
[2024-06-18T15:11:28.459+0530] {processor.py:840} INFO - DAG(s) 'example_params_trigger_ui' retrieved from /home/kiit/airflow-env/lib/python3.8/site-packages/airflow/example_dags/example_params_trigger_ui.py
[2024-06-18T15:11:28.495+0530] {logging_mixin.py:188} INFO - [2024-06-18T15:11:28.495+0530] {dag.py:3096} INFO - Sync 1 DAGs
[2024-06-18T15:11:28.503+0530] {logging_mixin.py:188} INFO - [2024-06-18T15:11:28.503+0530] {dag.py:3954} INFO - Setting next_dagrun for example_params_trigger_ui to None, run_after=None
[2024-06-18T15:11:28.521+0530] {processor.py:183} INFO - Processing /home/kiit/airflow-env/lib/python3.8/site-packages/airflow/example_dags/example_params_trigger_ui.py took 0.080 seconds
[2024-06-18T15:11:58.634+0530] {processor.py:161} INFO - Started process (PID=34327) to work on /home/kiit/airflow-env/lib/python3.8/site-packages/airflow/example_dags/example_params_trigger_ui.py
[2024-06-18T15:11:58.635+0530] {processor.py:830} INFO - Processing file /home/kiit/airflow-env/lib/python3.8/site-packages/airflow/example_dags/example_params_trigger_ui.py for tasks to queue
[2024-06-18T15:11:58.636+0530] {logging_mixin.py:188} INFO - [2024-06-18T15:11:58.636+0530] {dagbag.py:545} INFO - Filling up the DagBag from /home/kiit/airflow-env/lib/python3.8/site-packages/airflow/example_dags/example_params_trigger_ui.py
[2024-06-18T15:11:58.648+0530] {processor.py:840} INFO - DAG(s) 'example_params_trigger_ui' retrieved from /home/kiit/airflow-env/lib/python3.8/site-packages/airflow/example_dags/example_params_trigger_ui.py
[2024-06-18T15:11:58.692+0530] {logging_mixin.py:188} INFO - [2024-06-18T15:11:58.692+0530] {dag.py:3096} INFO - Sync 1 DAGs
[2024-06-18T15:11:58.701+0530] {logging_mixin.py:188} INFO - [2024-06-18T15:11:58.701+0530] {dag.py:3954} INFO - Setting next_dagrun for example_params_trigger_ui to None, run_after=None
[2024-06-18T15:11:58.723+0530] {processor.py:183} INFO - Processing /home/kiit/airflow-env/lib/python3.8/site-packages/airflow/example_dags/example_params_trigger_ui.py took 0.095 seconds
[2024-06-18T15:12:28.978+0530] {processor.py:161} INFO - Started process (PID=34387) to work on /home/kiit/airflow-env/lib/python3.8/site-packages/airflow/example_dags/example_params_trigger_ui.py
[2024-06-18T15:12:28.979+0530] {processor.py:830} INFO - Processing file /home/kiit/airflow-env/lib/python3.8/site-packages/airflow/example_dags/example_params_trigger_ui.py for tasks to queue
[2024-06-18T15:12:28.980+0530] {logging_mixin.py:188} INFO - [2024-06-18T15:12:28.979+0530] {dagbag.py:545} INFO - Filling up the DagBag from /home/kiit/airflow-env/lib/python3.8/site-packages/airflow/example_dags/example_params_trigger_ui.py
[2024-06-18T15:12:28.991+0530] {processor.py:840} INFO - DAG(s) 'example_params_trigger_ui' retrieved from /home/kiit/airflow-env/lib/python3.8/site-packages/airflow/example_dags/example_params_trigger_ui.py
[2024-06-18T15:12:29.028+0530] {logging_mixin.py:188} INFO - [2024-06-18T15:12:29.028+0530] {dag.py:3096} INFO - Sync 1 DAGs
[2024-06-18T15:12:29.038+0530] {logging_mixin.py:188} INFO - [2024-06-18T15:12:29.038+0530] {dag.py:3954} INFO - Setting next_dagrun for example_params_trigger_ui to None, run_after=None
[2024-06-18T15:12:29.060+0530] {processor.py:183} INFO - Processing /home/kiit/airflow-env/lib/python3.8/site-packages/airflow/example_dags/example_params_trigger_ui.py took 0.086 seconds
[2024-06-18T15:12:59.310+0530] {processor.py:161} INFO - Started process (PID=34446) to work on /home/kiit/airflow-env/lib/python3.8/site-packages/airflow/example_dags/example_params_trigger_ui.py
[2024-06-18T15:12:59.311+0530] {processor.py:830} INFO - Processing file /home/kiit/airflow-env/lib/python3.8/site-packages/airflow/example_dags/example_params_trigger_ui.py for tasks to queue
[2024-06-18T15:12:59.313+0530] {logging_mixin.py:188} INFO - [2024-06-18T15:12:59.312+0530] {dagbag.py:545} INFO - Filling up the DagBag from /home/kiit/airflow-env/lib/python3.8/site-packages/airflow/example_dags/example_params_trigger_ui.py
[2024-06-18T15:12:59.323+0530] {processor.py:840} INFO - DAG(s) 'example_params_trigger_ui' retrieved from /home/kiit/airflow-env/lib/python3.8/site-packages/airflow/example_dags/example_params_trigger_ui.py
[2024-06-18T15:12:59.365+0530] {logging_mixin.py:188} INFO - [2024-06-18T15:12:59.364+0530] {dag.py:3096} INFO - Sync 1 DAGs
[2024-06-18T15:12:59.374+0530] {logging_mixin.py:188} INFO - [2024-06-18T15:12:59.373+0530] {dag.py:3954} INFO - Setting next_dagrun for example_params_trigger_ui to None, run_after=None
[2024-06-18T15:12:59.392+0530] {processor.py:183} INFO - Processing /home/kiit/airflow-env/lib/python3.8/site-packages/airflow/example_dags/example_params_trigger_ui.py took 0.087 seconds
[2024-06-18T15:13:29.598+0530] {processor.py:161} INFO - Started process (PID=34505) to work on /home/kiit/airflow-env/lib/python3.8/site-packages/airflow/example_dags/example_params_trigger_ui.py
[2024-06-18T15:13:29.599+0530] {processor.py:830} INFO - Processing file /home/kiit/airflow-env/lib/python3.8/site-packages/airflow/example_dags/example_params_trigger_ui.py for tasks to queue
[2024-06-18T15:13:29.600+0530] {logging_mixin.py:188} INFO - [2024-06-18T15:13:29.600+0530] {dagbag.py:545} INFO - Filling up the DagBag from /home/kiit/airflow-env/lib/python3.8/site-packages/airflow/example_dags/example_params_trigger_ui.py
[2024-06-18T15:13:29.610+0530] {processor.py:840} INFO - DAG(s) 'example_params_trigger_ui' retrieved from /home/kiit/airflow-env/lib/python3.8/site-packages/airflow/example_dags/example_params_trigger_ui.py
[2024-06-18T15:13:29.647+0530] {logging_mixin.py:188} INFO - [2024-06-18T15:13:29.647+0530] {dag.py:3096} INFO - Sync 1 DAGs
[2024-06-18T15:13:29.656+0530] {logging_mixin.py:188} INFO - [2024-06-18T15:13:29.656+0530] {dag.py:3954} INFO - Setting next_dagrun for example_params_trigger_ui to None, run_after=None
[2024-06-18T15:13:29.674+0530] {processor.py:183} INFO - Processing /home/kiit/airflow-env/lib/python3.8/site-packages/airflow/example_dags/example_params_trigger_ui.py took 0.081 seconds
[2024-06-18T15:13:59.865+0530] {processor.py:161} INFO - Started process (PID=34564) to work on /home/kiit/airflow-env/lib/python3.8/site-packages/airflow/example_dags/example_params_trigger_ui.py
[2024-06-18T15:13:59.866+0530] {processor.py:830} INFO - Processing file /home/kiit/airflow-env/lib/python3.8/site-packages/airflow/example_dags/example_params_trigger_ui.py for tasks to queue
[2024-06-18T15:13:59.868+0530] {logging_mixin.py:188} INFO - [2024-06-18T15:13:59.867+0530] {dagbag.py:545} INFO - Filling up the DagBag from /home/kiit/airflow-env/lib/python3.8/site-packages/airflow/example_dags/example_params_trigger_ui.py
[2024-06-18T15:13:59.879+0530] {processor.py:840} INFO - DAG(s) 'example_params_trigger_ui' retrieved from /home/kiit/airflow-env/lib/python3.8/site-packages/airflow/example_dags/example_params_trigger_ui.py
[2024-06-18T15:13:59.916+0530] {logging_mixin.py:188} INFO - [2024-06-18T15:13:59.916+0530] {dag.py:3096} INFO - Sync 1 DAGs
[2024-06-18T15:13:59.925+0530] {logging_mixin.py:188} INFO - [2024-06-18T15:13:59.925+0530] {dag.py:3954} INFO - Setting next_dagrun for example_params_trigger_ui to None, run_after=None
[2024-06-18T15:13:59.944+0530] {processor.py:183} INFO - Processing /home/kiit/airflow-env/lib/python3.8/site-packages/airflow/example_dags/example_params_trigger_ui.py took 0.085 seconds
[2024-06-18T15:14:30.214+0530] {processor.py:161} INFO - Started process (PID=34623) to work on /home/kiit/airflow-env/lib/python3.8/site-packages/airflow/example_dags/example_params_trigger_ui.py
[2024-06-18T15:14:30.215+0530] {processor.py:830} INFO - Processing file /home/kiit/airflow-env/lib/python3.8/site-packages/airflow/example_dags/example_params_trigger_ui.py for tasks to queue
[2024-06-18T15:14:30.216+0530] {logging_mixin.py:188} INFO - [2024-06-18T15:14:30.216+0530] {dagbag.py:545} INFO - Filling up the DagBag from /home/kiit/airflow-env/lib/python3.8/site-packages/airflow/example_dags/example_params_trigger_ui.py
[2024-06-18T15:14:30.226+0530] {processor.py:840} INFO - DAG(s) 'example_params_trigger_ui' retrieved from /home/kiit/airflow-env/lib/python3.8/site-packages/airflow/example_dags/example_params_trigger_ui.py
[2024-06-18T15:14:30.264+0530] {logging_mixin.py:188} INFO - [2024-06-18T15:14:30.263+0530] {dag.py:3096} INFO - Sync 1 DAGs
[2024-06-18T15:14:30.272+0530] {logging_mixin.py:188} INFO - [2024-06-18T15:14:30.272+0530] {dag.py:3954} INFO - Setting next_dagrun for example_params_trigger_ui to None, run_after=None
[2024-06-18T15:14:30.293+0530] {processor.py:183} INFO - Processing /home/kiit/airflow-env/lib/python3.8/site-packages/airflow/example_dags/example_params_trigger_ui.py took 0.085 seconds
[2024-06-18T15:15:00.557+0530] {processor.py:161} INFO - Started process (PID=34682) to work on /home/kiit/airflow-env/lib/python3.8/site-packages/airflow/example_dags/example_params_trigger_ui.py
[2024-06-18T15:15:00.558+0530] {processor.py:830} INFO - Processing file /home/kiit/airflow-env/lib/python3.8/site-packages/airflow/example_dags/example_params_trigger_ui.py for tasks to queue
[2024-06-18T15:15:00.559+0530] {logging_mixin.py:188} INFO - [2024-06-18T15:15:00.559+0530] {dagbag.py:545} INFO - Filling up the DagBag from /home/kiit/airflow-env/lib/python3.8/site-packages/airflow/example_dags/example_params_trigger_ui.py
[2024-06-18T15:15:00.569+0530] {processor.py:840} INFO - DAG(s) 'example_params_trigger_ui' retrieved from /home/kiit/airflow-env/lib/python3.8/site-packages/airflow/example_dags/example_params_trigger_ui.py
[2024-06-18T15:15:00.605+0530] {logging_mixin.py:188} INFO - [2024-06-18T15:15:00.605+0530] {dag.py:3096} INFO - Sync 1 DAGs
[2024-06-18T15:15:00.614+0530] {logging_mixin.py:188} INFO - [2024-06-18T15:15:00.613+0530] {dag.py:3954} INFO - Setting next_dagrun for example_params_trigger_ui to None, run_after=None
[2024-06-18T15:15:00.633+0530] {processor.py:183} INFO - Processing /home/kiit/airflow-env/lib/python3.8/site-packages/airflow/example_dags/example_params_trigger_ui.py took 0.081 seconds
[2024-06-18T15:15:30.816+0530] {processor.py:161} INFO - Started process (PID=34741) to work on /home/kiit/airflow-env/lib/python3.8/site-packages/airflow/example_dags/example_params_trigger_ui.py
[2024-06-18T15:15:30.817+0530] {processor.py:830} INFO - Processing file /home/kiit/airflow-env/lib/python3.8/site-packages/airflow/example_dags/example_params_trigger_ui.py for tasks to queue
[2024-06-18T15:15:30.819+0530] {logging_mixin.py:188} INFO - [2024-06-18T15:15:30.819+0530] {dagbag.py:545} INFO - Filling up the DagBag from /home/kiit/airflow-env/lib/python3.8/site-packages/airflow/example_dags/example_params_trigger_ui.py
[2024-06-18T15:15:30.831+0530] {processor.py:840} INFO - DAG(s) 'example_params_trigger_ui' retrieved from /home/kiit/airflow-env/lib/python3.8/site-packages/airflow/example_dags/example_params_trigger_ui.py
[2024-06-18T15:15:30.868+0530] {logging_mixin.py:188} INFO - [2024-06-18T15:15:30.867+0530] {dag.py:3096} INFO - Sync 1 DAGs
[2024-06-18T15:15:30.879+0530] {logging_mixin.py:188} INFO - [2024-06-18T15:15:30.878+0530] {dag.py:3954} INFO - Setting next_dagrun for example_params_trigger_ui to None, run_after=None
[2024-06-18T15:15:30.897+0530] {processor.py:183} INFO - Processing /home/kiit/airflow-env/lib/python3.8/site-packages/airflow/example_dags/example_params_trigger_ui.py took 0.085 seconds
[2024-06-18T15:16:01.098+0530] {processor.py:161} INFO - Started process (PID=34800) to work on /home/kiit/airflow-env/lib/python3.8/site-packages/airflow/example_dags/example_params_trigger_ui.py
[2024-06-18T15:16:01.099+0530] {processor.py:830} INFO - Processing file /home/kiit/airflow-env/lib/python3.8/site-packages/airflow/example_dags/example_params_trigger_ui.py for tasks to queue
[2024-06-18T15:16:01.100+0530] {logging_mixin.py:188} INFO - [2024-06-18T15:16:01.100+0530] {dagbag.py:545} INFO - Filling up the DagBag from /home/kiit/airflow-env/lib/python3.8/site-packages/airflow/example_dags/example_params_trigger_ui.py
[2024-06-18T15:16:01.110+0530] {processor.py:840} INFO - DAG(s) 'example_params_trigger_ui' retrieved from /home/kiit/airflow-env/lib/python3.8/site-packages/airflow/example_dags/example_params_trigger_ui.py
[2024-06-18T15:16:01.149+0530] {logging_mixin.py:188} INFO - [2024-06-18T15:16:01.149+0530] {dag.py:3096} INFO - Sync 1 DAGs
[2024-06-18T15:16:01.158+0530] {logging_mixin.py:188} INFO - [2024-06-18T15:16:01.158+0530] {dag.py:3954} INFO - Setting next_dagrun for example_params_trigger_ui to None, run_after=None
[2024-06-18T15:16:01.178+0530] {processor.py:183} INFO - Processing /home/kiit/airflow-env/lib/python3.8/site-packages/airflow/example_dags/example_params_trigger_ui.py took 0.084 seconds
[2024-06-18T15:16:31.777+0530] {processor.py:161} INFO - Started process (PID=34883) to work on /home/kiit/airflow-env/lib/python3.8/site-packages/airflow/example_dags/example_params_trigger_ui.py
[2024-06-18T15:16:31.778+0530] {processor.py:830} INFO - Processing file /home/kiit/airflow-env/lib/python3.8/site-packages/airflow/example_dags/example_params_trigger_ui.py for tasks to queue
[2024-06-18T15:16:31.779+0530] {logging_mixin.py:188} INFO - [2024-06-18T15:16:31.779+0530] {dagbag.py:545} INFO - Filling up the DagBag from /home/kiit/airflow-env/lib/python3.8/site-packages/airflow/example_dags/example_params_trigger_ui.py
[2024-06-18T15:16:31.791+0530] {processor.py:840} INFO - DAG(s) 'example_params_trigger_ui' retrieved from /home/kiit/airflow-env/lib/python3.8/site-packages/airflow/example_dags/example_params_trigger_ui.py
[2024-06-18T15:16:31.890+0530] {logging_mixin.py:188} INFO - [2024-06-18T15:16:31.890+0530] {dag.py:3096} INFO - Sync 1 DAGs
[2024-06-18T15:16:31.899+0530] {logging_mixin.py:188} INFO - [2024-06-18T15:16:31.898+0530] {dag.py:3954} INFO - Setting next_dagrun for example_params_trigger_ui to None, run_after=None
[2024-06-18T15:16:31.922+0530] {processor.py:183} INFO - Processing /home/kiit/airflow-env/lib/python3.8/site-packages/airflow/example_dags/example_params_trigger_ui.py took 0.151 seconds
