[2024-06-18T13:06:04.918+0530] {processor.py:161} INFO - Started process (PID=25361) to work on /home/kiit/airflow-env/lib/python3.8/site-packages/airflow/example_dags/example_branch_operator.py
[2024-06-18T13:06:04.920+0530] {processor.py:830} INFO - Processing file /home/kiit/airflow-env/lib/python3.8/site-packages/airflow/example_dags/example_branch_operator.py for tasks to queue
[2024-06-18T13:06:04.923+0530] {logging_mixin.py:188} INFO - [2024-06-18T13:06:04.923+0530] {dagbag.py:545} INFO - Filling up the DagBag from /home/kiit/airflow-env/lib/python3.8/site-packages/airflow/example_dags/example_branch_operator.py
[2024-06-18T13:06:04.928+0530] {processor.py:842} WARNING - No viable dags retrieved from /home/kiit/airflow-env/lib/python3.8/site-packages/airflow/example_dags/example_branch_operator.py
[2024-06-18T13:06:04.945+0530] {processor.py:183} INFO - Processing /home/kiit/airflow-env/lib/python3.8/site-packages/airflow/example_dags/example_branch_operator.py took 0.036 seconds
[2024-06-18T13:06:58.750+0530] {processor.py:161} INFO - Started process (PID=25441) to work on /home/kiit/airflow-env/lib/python3.8/site-packages/airflow/example_dags/example_branch_operator.py
[2024-06-18T13:06:58.752+0530] {processor.py:830} INFO - Processing file /home/kiit/airflow-env/lib/python3.8/site-packages/airflow/example_dags/example_branch_operator.py for tasks to queue
[2024-06-18T13:06:58.755+0530] {logging_mixin.py:188} INFO - [2024-06-18T13:06:58.754+0530] {dagbag.py:545} INFO - Filling up the DagBag from /home/kiit/airflow-env/lib/python3.8/site-packages/airflow/example_dags/example_branch_operator.py
[2024-06-18T13:06:58.757+0530] {processor.py:842} WARNING - No viable dags retrieved from /home/kiit/airflow-env/lib/python3.8/site-packages/airflow/example_dags/example_branch_operator.py
[2024-06-18T13:06:58.766+0530] {processor.py:183} INFO - Processing /home/kiit/airflow-env/lib/python3.8/site-packages/airflow/example_dags/example_branch_operator.py took 0.020 seconds
[2024-06-18T13:07:59.644+0530] {processor.py:161} INFO - Started process (PID=25499) to work on /home/kiit/airflow-env/lib/python3.8/site-packages/airflow/example_dags/example_branch_operator.py
[2024-06-18T13:07:59.669+0530] {processor.py:830} INFO - Processing file /home/kiit/airflow-env/lib/python3.8/site-packages/airflow/example_dags/example_branch_operator.py for tasks to queue
[2024-06-18T13:07:59.687+0530] {logging_mixin.py:188} INFO - [2024-06-18T13:07:59.675+0530] {dagbag.py:545} INFO - Filling up the DagBag from /home/kiit/airflow-env/lib/python3.8/site-packages/airflow/example_dags/example_branch_operator.py
[2024-06-18T13:07:59.717+0530] {processor.py:842} WARNING - No viable dags retrieved from /home/kiit/airflow-env/lib/python3.8/site-packages/airflow/example_dags/example_branch_operator.py
[2024-06-18T13:07:59.831+0530] {processor.py:183} INFO - Processing /home/kiit/airflow-env/lib/python3.8/site-packages/airflow/example_dags/example_branch_operator.py took 0.249 seconds
[2024-06-18T13:08:52.087+0530] {processor.py:161} INFO - Started process (PID=25558) to work on /home/kiit/airflow-env/lib/python3.8/site-packages/airflow/example_dags/example_branch_operator.py
[2024-06-18T13:08:52.089+0530] {processor.py:830} INFO - Processing file /home/kiit/airflow-env/lib/python3.8/site-packages/airflow/example_dags/example_branch_operator.py for tasks to queue
[2024-06-18T13:08:52.090+0530] {logging_mixin.py:188} INFO - [2024-06-18T13:08:52.089+0530] {dagbag.py:545} INFO - Filling up the DagBag from /home/kiit/airflow-env/lib/python3.8/site-packages/airflow/example_dags/example_branch_operator.py
[2024-06-18T13:08:52.092+0530] {processor.py:842} WARNING - No viable dags retrieved from /home/kiit/airflow-env/lib/python3.8/site-packages/airflow/example_dags/example_branch_operator.py
[2024-06-18T13:08:52.100+0530] {processor.py:183} INFO - Processing /home/kiit/airflow-env/lib/python3.8/site-packages/airflow/example_dags/example_branch_operator.py took 0.017 seconds
[2024-06-18T13:09:43.250+0530] {processor.py:161} INFO - Started process (PID=25628) to work on /home/kiit/airflow-env/lib/python3.8/site-packages/airflow/example_dags/example_branch_operator.py
[2024-06-18T13:09:43.252+0530] {processor.py:830} INFO - Processing file /home/kiit/airflow-env/lib/python3.8/site-packages/airflow/example_dags/example_branch_operator.py for tasks to queue
[2024-06-18T13:09:43.254+0530] {logging_mixin.py:188} INFO - [2024-06-18T13:09:43.253+0530] {dagbag.py:545} INFO - Filling up the DagBag from /home/kiit/airflow-env/lib/python3.8/site-packages/airflow/example_dags/example_branch_operator.py
[2024-06-18T13:09:43.256+0530] {processor.py:842} WARNING - No viable dags retrieved from /home/kiit/airflow-env/lib/python3.8/site-packages/airflow/example_dags/example_branch_operator.py
[2024-06-18T13:09:43.266+0530] {processor.py:183} INFO - Processing /home/kiit/airflow-env/lib/python3.8/site-packages/airflow/example_dags/example_branch_operator.py took 0.022 seconds
[2024-06-18T13:10:53.868+0530] {processor.py:161} INFO - Started process (PID=25701) to work on /home/kiit/airflow-env/lib/python3.8/site-packages/airflow/example_dags/example_branch_operator.py
[2024-06-18T13:10:53.870+0530] {processor.py:830} INFO - Processing file /home/kiit/airflow-env/lib/python3.8/site-packages/airflow/example_dags/example_branch_operator.py for tasks to queue
[2024-06-18T13:10:53.873+0530] {logging_mixin.py:188} INFO - [2024-06-18T13:10:53.873+0530] {dagbag.py:545} INFO - Filling up the DagBag from /home/kiit/airflow-env/lib/python3.8/site-packages/airflow/example_dags/example_branch_operator.py
[2024-06-18T13:10:53.878+0530] {processor.py:842} WARNING - No viable dags retrieved from /home/kiit/airflow-env/lib/python3.8/site-packages/airflow/example_dags/example_branch_operator.py
[2024-06-18T13:10:53.893+0530] {processor.py:183} INFO - Processing /home/kiit/airflow-env/lib/python3.8/site-packages/airflow/example_dags/example_branch_operator.py took 0.036 seconds
[2024-06-18T13:11:38.534+0530] {processor.py:161} INFO - Started process (PID=25754) to work on /home/kiit/airflow-env/lib/python3.8/site-packages/airflow/example_dags/example_branch_operator.py
[2024-06-18T13:11:38.535+0530] {processor.py:830} INFO - Processing file /home/kiit/airflow-env/lib/python3.8/site-packages/airflow/example_dags/example_branch_operator.py for tasks to queue
[2024-06-18T13:11:38.537+0530] {logging_mixin.py:188} INFO - [2024-06-18T13:11:38.536+0530] {dagbag.py:545} INFO - Filling up the DagBag from /home/kiit/airflow-env/lib/python3.8/site-packages/airflow/example_dags/example_branch_operator.py
[2024-06-18T13:11:38.539+0530] {processor.py:842} WARNING - No viable dags retrieved from /home/kiit/airflow-env/lib/python3.8/site-packages/airflow/example_dags/example_branch_operator.py
[2024-06-18T13:11:38.547+0530] {processor.py:183} INFO - Processing /home/kiit/airflow-env/lib/python3.8/site-packages/airflow/example_dags/example_branch_operator.py took 0.018 seconds
[2024-06-18T13:12:40.352+0530] {processor.py:161} INFO - Started process (PID=25831) to work on /home/kiit/airflow-env/lib/python3.8/site-packages/airflow/example_dags/example_branch_operator.py
[2024-06-18T13:12:40.354+0530] {processor.py:830} INFO - Processing file /home/kiit/airflow-env/lib/python3.8/site-packages/airflow/example_dags/example_branch_operator.py for tasks to queue
[2024-06-18T13:12:40.355+0530] {logging_mixin.py:188} INFO - [2024-06-18T13:12:40.355+0530] {dagbag.py:545} INFO - Filling up the DagBag from /home/kiit/airflow-env/lib/python3.8/site-packages/airflow/example_dags/example_branch_operator.py
[2024-06-18T13:12:40.357+0530] {processor.py:842} WARNING - No viable dags retrieved from /home/kiit/airflow-env/lib/python3.8/site-packages/airflow/example_dags/example_branch_operator.py
[2024-06-18T13:12:40.364+0530] {processor.py:183} INFO - Processing /home/kiit/airflow-env/lib/python3.8/site-packages/airflow/example_dags/example_branch_operator.py took 0.016 seconds
[2024-06-18T13:13:38.569+0530] {processor.py:161} INFO - Started process (PID=25899) to work on /home/kiit/airflow-env/lib/python3.8/site-packages/airflow/example_dags/example_branch_operator.py
[2024-06-18T13:13:38.575+0530] {processor.py:830} INFO - Processing file /home/kiit/airflow-env/lib/python3.8/site-packages/airflow/example_dags/example_branch_operator.py for tasks to queue
[2024-06-18T13:13:38.576+0530] {logging_mixin.py:188} INFO - [2024-06-18T13:13:38.576+0530] {dagbag.py:545} INFO - Filling up the DagBag from /home/kiit/airflow-env/lib/python3.8/site-packages/airflow/example_dags/example_branch_operator.py
[2024-06-18T13:13:38.578+0530] {processor.py:842} WARNING - No viable dags retrieved from /home/kiit/airflow-env/lib/python3.8/site-packages/airflow/example_dags/example_branch_operator.py
[2024-06-18T13:13:38.584+0530] {processor.py:183} INFO - Processing /home/kiit/airflow-env/lib/python3.8/site-packages/airflow/example_dags/example_branch_operator.py took 0.019 seconds
[2024-06-18T13:14:33.831+0530] {processor.py:161} INFO - Started process (PID=25971) to work on /home/kiit/airflow-env/lib/python3.8/site-packages/airflow/example_dags/example_branch_operator.py
[2024-06-18T13:14:33.837+0530] {processor.py:830} INFO - Processing file /home/kiit/airflow-env/lib/python3.8/site-packages/airflow/example_dags/example_branch_operator.py for tasks to queue
[2024-06-18T13:14:33.838+0530] {logging_mixin.py:188} INFO - [2024-06-18T13:14:33.838+0530] {dagbag.py:545} INFO - Filling up the DagBag from /home/kiit/airflow-env/lib/python3.8/site-packages/airflow/example_dags/example_branch_operator.py
[2024-06-18T13:14:33.841+0530] {processor.py:842} WARNING - No viable dags retrieved from /home/kiit/airflow-env/lib/python3.8/site-packages/airflow/example_dags/example_branch_operator.py
[2024-06-18T13:14:33.848+0530] {processor.py:183} INFO - Processing /home/kiit/airflow-env/lib/python3.8/site-packages/airflow/example_dags/example_branch_operator.py took 0.022 seconds
[2024-06-18T13:15:38.932+0530] {processor.py:161} INFO - Started process (PID=26043) to work on /home/kiit/airflow-env/lib/python3.8/site-packages/airflow/example_dags/example_branch_operator.py
[2024-06-18T13:15:38.934+0530] {processor.py:830} INFO - Processing file /home/kiit/airflow-env/lib/python3.8/site-packages/airflow/example_dags/example_branch_operator.py for tasks to queue
[2024-06-18T13:15:38.935+0530] {logging_mixin.py:188} INFO - [2024-06-18T13:15:38.935+0530] {dagbag.py:545} INFO - Filling up the DagBag from /home/kiit/airflow-env/lib/python3.8/site-packages/airflow/example_dags/example_branch_operator.py
[2024-06-18T13:15:38.938+0530] {processor.py:842} WARNING - No viable dags retrieved from /home/kiit/airflow-env/lib/python3.8/site-packages/airflow/example_dags/example_branch_operator.py
[2024-06-18T13:15:38.952+0530] {processor.py:183} INFO - Processing /home/kiit/airflow-env/lib/python3.8/site-packages/airflow/example_dags/example_branch_operator.py took 0.028 seconds
[2024-06-18T13:16:36.975+0530] {processor.py:161} INFO - Started process (PID=26117) to work on /home/kiit/airflow-env/lib/python3.8/site-packages/airflow/example_dags/example_branch_operator.py
[2024-06-18T13:16:36.976+0530] {processor.py:830} INFO - Processing file /home/kiit/airflow-env/lib/python3.8/site-packages/airflow/example_dags/example_branch_operator.py for tasks to queue
[2024-06-18T13:16:36.977+0530] {logging_mixin.py:188} INFO - [2024-06-18T13:16:36.977+0530] {dagbag.py:545} INFO - Filling up the DagBag from /home/kiit/airflow-env/lib/python3.8/site-packages/airflow/example_dags/example_branch_operator.py
[2024-06-18T13:16:36.979+0530] {processor.py:842} WARNING - No viable dags retrieved from /home/kiit/airflow-env/lib/python3.8/site-packages/airflow/example_dags/example_branch_operator.py
[2024-06-18T13:16:36.986+0530] {processor.py:183} INFO - Processing /home/kiit/airflow-env/lib/python3.8/site-packages/airflow/example_dags/example_branch_operator.py took 0.015 seconds
[2024-06-18T13:17:35.143+0530] {processor.py:161} INFO - Started process (PID=26184) to work on /home/kiit/airflow-env/lib/python3.8/site-packages/airflow/example_dags/example_branch_operator.py
[2024-06-18T13:17:35.145+0530] {processor.py:830} INFO - Processing file /home/kiit/airflow-env/lib/python3.8/site-packages/airflow/example_dags/example_branch_operator.py for tasks to queue
[2024-06-18T13:17:35.146+0530] {logging_mixin.py:188} INFO - [2024-06-18T13:17:35.145+0530] {dagbag.py:545} INFO - Filling up the DagBag from /home/kiit/airflow-env/lib/python3.8/site-packages/airflow/example_dags/example_branch_operator.py
[2024-06-18T13:17:35.148+0530] {processor.py:842} WARNING - No viable dags retrieved from /home/kiit/airflow-env/lib/python3.8/site-packages/airflow/example_dags/example_branch_operator.py
[2024-06-18T13:17:35.154+0530] {processor.py:183} INFO - Processing /home/kiit/airflow-env/lib/python3.8/site-packages/airflow/example_dags/example_branch_operator.py took 0.016 seconds
[2024-06-18T13:18:40.311+0530] {processor.py:161} INFO - Started process (PID=26262) to work on /home/kiit/airflow-env/lib/python3.8/site-packages/airflow/example_dags/example_branch_operator.py
[2024-06-18T13:18:40.312+0530] {processor.py:830} INFO - Processing file /home/kiit/airflow-env/lib/python3.8/site-packages/airflow/example_dags/example_branch_operator.py for tasks to queue
[2024-06-18T13:18:40.314+0530] {logging_mixin.py:188} INFO - [2024-06-18T13:18:40.314+0530] {dagbag.py:545} INFO - Filling up the DagBag from /home/kiit/airflow-env/lib/python3.8/site-packages/airflow/example_dags/example_branch_operator.py
[2024-06-18T13:18:40.317+0530] {processor.py:842} WARNING - No viable dags retrieved from /home/kiit/airflow-env/lib/python3.8/site-packages/airflow/example_dags/example_branch_operator.py
[2024-06-18T13:18:40.327+0530] {processor.py:183} INFO - Processing /home/kiit/airflow-env/lib/python3.8/site-packages/airflow/example_dags/example_branch_operator.py took 0.021 seconds
[2024-06-18T13:19:40.021+0530] {processor.py:161} INFO - Started process (PID=26331) to work on /home/kiit/airflow-env/lib/python3.8/site-packages/airflow/example_dags/example_branch_operator.py
[2024-06-18T13:19:40.022+0530] {processor.py:830} INFO - Processing file /home/kiit/airflow-env/lib/python3.8/site-packages/airflow/example_dags/example_branch_operator.py for tasks to queue
[2024-06-18T13:19:40.023+0530] {logging_mixin.py:188} INFO - [2024-06-18T13:19:40.023+0530] {dagbag.py:545} INFO - Filling up the DagBag from /home/kiit/airflow-env/lib/python3.8/site-packages/airflow/example_dags/example_branch_operator.py
[2024-06-18T13:19:40.025+0530] {processor.py:842} WARNING - No viable dags retrieved from /home/kiit/airflow-env/lib/python3.8/site-packages/airflow/example_dags/example_branch_operator.py
[2024-06-18T13:19:40.032+0530] {processor.py:183} INFO - Processing /home/kiit/airflow-env/lib/python3.8/site-packages/airflow/example_dags/example_branch_operator.py took 0.015 seconds
[2024-06-18T13:20:37.038+0530] {processor.py:161} INFO - Started process (PID=26405) to work on /home/kiit/airflow-env/lib/python3.8/site-packages/airflow/example_dags/example_branch_operator.py
[2024-06-18T13:20:37.040+0530] {processor.py:830} INFO - Processing file /home/kiit/airflow-env/lib/python3.8/site-packages/airflow/example_dags/example_branch_operator.py for tasks to queue
[2024-06-18T13:20:37.041+0530] {logging_mixin.py:188} INFO - [2024-06-18T13:20:37.041+0530] {dagbag.py:545} INFO - Filling up the DagBag from /home/kiit/airflow-env/lib/python3.8/site-packages/airflow/example_dags/example_branch_operator.py
[2024-06-18T13:20:37.044+0530] {processor.py:842} WARNING - No viable dags retrieved from /home/kiit/airflow-env/lib/python3.8/site-packages/airflow/example_dags/example_branch_operator.py
[2024-06-18T13:20:37.055+0530] {processor.py:183} INFO - Processing /home/kiit/airflow-env/lib/python3.8/site-packages/airflow/example_dags/example_branch_operator.py took 0.022 seconds
[2024-06-18T13:21:33.719+0530] {processor.py:161} INFO - Started process (PID=26472) to work on /home/kiit/airflow-env/lib/python3.8/site-packages/airflow/example_dags/example_branch_operator.py
[2024-06-18T13:21:33.720+0530] {processor.py:830} INFO - Processing file /home/kiit/airflow-env/lib/python3.8/site-packages/airflow/example_dags/example_branch_operator.py for tasks to queue
[2024-06-18T13:21:33.721+0530] {logging_mixin.py:188} INFO - [2024-06-18T13:21:33.721+0530] {dagbag.py:545} INFO - Filling up the DagBag from /home/kiit/airflow-env/lib/python3.8/site-packages/airflow/example_dags/example_branch_operator.py
[2024-06-18T13:21:33.724+0530] {processor.py:842} WARNING - No viable dags retrieved from /home/kiit/airflow-env/lib/python3.8/site-packages/airflow/example_dags/example_branch_operator.py
[2024-06-18T13:21:33.732+0530] {processor.py:183} INFO - Processing /home/kiit/airflow-env/lib/python3.8/site-packages/airflow/example_dags/example_branch_operator.py took 0.020 seconds
[2024-06-18T13:22:31.939+0530] {processor.py:161} INFO - Started process (PID=26546) to work on /home/kiit/airflow-env/lib/python3.8/site-packages/airflow/example_dags/example_branch_operator.py
[2024-06-18T13:22:31.941+0530] {processor.py:830} INFO - Processing file /home/kiit/airflow-env/lib/python3.8/site-packages/airflow/example_dags/example_branch_operator.py for tasks to queue
[2024-06-18T13:22:31.942+0530] {logging_mixin.py:188} INFO - [2024-06-18T13:22:31.942+0530] {dagbag.py:545} INFO - Filling up the DagBag from /home/kiit/airflow-env/lib/python3.8/site-packages/airflow/example_dags/example_branch_operator.py
[2024-06-18T13:22:31.945+0530] {processor.py:842} WARNING - No viable dags retrieved from /home/kiit/airflow-env/lib/python3.8/site-packages/airflow/example_dags/example_branch_operator.py
[2024-06-18T13:22:31.954+0530] {processor.py:183} INFO - Processing /home/kiit/airflow-env/lib/python3.8/site-packages/airflow/example_dags/example_branch_operator.py took 0.020 seconds
[2024-06-18T13:23:27.542+0530] {processor.py:161} INFO - Started process (PID=26611) to work on /home/kiit/airflow-env/lib/python3.8/site-packages/airflow/example_dags/example_branch_operator.py
[2024-06-18T13:23:27.543+0530] {processor.py:830} INFO - Processing file /home/kiit/airflow-env/lib/python3.8/site-packages/airflow/example_dags/example_branch_operator.py for tasks to queue
[2024-06-18T13:23:27.544+0530] {logging_mixin.py:188} INFO - [2024-06-18T13:23:27.544+0530] {dagbag.py:545} INFO - Filling up the DagBag from /home/kiit/airflow-env/lib/python3.8/site-packages/airflow/example_dags/example_branch_operator.py
[2024-06-18T13:23:27.546+0530] {processor.py:842} WARNING - No viable dags retrieved from /home/kiit/airflow-env/lib/python3.8/site-packages/airflow/example_dags/example_branch_operator.py
[2024-06-18T13:23:27.554+0530] {processor.py:183} INFO - Processing /home/kiit/airflow-env/lib/python3.8/site-packages/airflow/example_dags/example_branch_operator.py took 0.016 seconds
[2024-06-18T13:24:27.061+0530] {processor.py:161} INFO - Started process (PID=26686) to work on /home/kiit/airflow-env/lib/python3.8/site-packages/airflow/example_dags/example_branch_operator.py
[2024-06-18T13:24:27.062+0530] {processor.py:830} INFO - Processing file /home/kiit/airflow-env/lib/python3.8/site-packages/airflow/example_dags/example_branch_operator.py for tasks to queue
[2024-06-18T13:24:27.063+0530] {logging_mixin.py:188} INFO - [2024-06-18T13:24:27.063+0530] {dagbag.py:545} INFO - Filling up the DagBag from /home/kiit/airflow-env/lib/python3.8/site-packages/airflow/example_dags/example_branch_operator.py
[2024-06-18T13:24:27.065+0530] {processor.py:842} WARNING - No viable dags retrieved from /home/kiit/airflow-env/lib/python3.8/site-packages/airflow/example_dags/example_branch_operator.py
[2024-06-18T13:24:27.073+0530] {processor.py:183} INFO - Processing /home/kiit/airflow-env/lib/python3.8/site-packages/airflow/example_dags/example_branch_operator.py took 0.017 seconds
[2024-06-18T13:25:24.386+0530] {processor.py:161} INFO - Started process (PID=26758) to work on /home/kiit/airflow-env/lib/python3.8/site-packages/airflow/example_dags/example_branch_operator.py
[2024-06-18T13:25:24.388+0530] {processor.py:830} INFO - Processing file /home/kiit/airflow-env/lib/python3.8/site-packages/airflow/example_dags/example_branch_operator.py for tasks to queue
[2024-06-18T13:25:24.390+0530] {logging_mixin.py:188} INFO - [2024-06-18T13:25:24.389+0530] {dagbag.py:545} INFO - Filling up the DagBag from /home/kiit/airflow-env/lib/python3.8/site-packages/airflow/example_dags/example_branch_operator.py
[2024-06-18T13:25:24.393+0530] {processor.py:842} WARNING - No viable dags retrieved from /home/kiit/airflow-env/lib/python3.8/site-packages/airflow/example_dags/example_branch_operator.py
[2024-06-18T13:25:24.401+0530] {processor.py:183} INFO - Processing /home/kiit/airflow-env/lib/python3.8/site-packages/airflow/example_dags/example_branch_operator.py took 0.021 seconds
[2024-06-18T13:26:22.406+0530] {processor.py:161} INFO - Started process (PID=26831) to work on /home/kiit/airflow-env/lib/python3.8/site-packages/airflow/example_dags/example_branch_operator.py
[2024-06-18T13:26:22.407+0530] {processor.py:830} INFO - Processing file /home/kiit/airflow-env/lib/python3.8/site-packages/airflow/example_dags/example_branch_operator.py for tasks to queue
[2024-06-18T13:26:22.409+0530] {logging_mixin.py:188} INFO - [2024-06-18T13:26:22.409+0530] {dagbag.py:545} INFO - Filling up the DagBag from /home/kiit/airflow-env/lib/python3.8/site-packages/airflow/example_dags/example_branch_operator.py
[2024-06-18T13:26:22.411+0530] {processor.py:842} WARNING - No viable dags retrieved from /home/kiit/airflow-env/lib/python3.8/site-packages/airflow/example_dags/example_branch_operator.py
[2024-06-18T13:26:22.418+0530] {processor.py:183} INFO - Processing /home/kiit/airflow-env/lib/python3.8/site-packages/airflow/example_dags/example_branch_operator.py took 0.017 seconds
[2024-06-18T13:27:13.678+0530] {processor.py:161} INFO - Started process (PID=26883) to work on /home/kiit/airflow-env/lib/python3.8/site-packages/airflow/example_dags/example_branch_operator.py
[2024-06-18T13:27:13.679+0530] {processor.py:830} INFO - Processing file /home/kiit/airflow-env/lib/python3.8/site-packages/airflow/example_dags/example_branch_operator.py for tasks to queue
[2024-06-18T13:27:13.682+0530] {logging_mixin.py:188} INFO - [2024-06-18T13:27:13.682+0530] {dagbag.py:545} INFO - Filling up the DagBag from /home/kiit/airflow-env/lib/python3.8/site-packages/airflow/example_dags/example_branch_operator.py
[2024-06-18T13:27:13.685+0530] {processor.py:842} WARNING - No viable dags retrieved from /home/kiit/airflow-env/lib/python3.8/site-packages/airflow/example_dags/example_branch_operator.py
[2024-06-18T13:27:13.696+0530] {processor.py:183} INFO - Processing /home/kiit/airflow-env/lib/python3.8/site-packages/airflow/example_dags/example_branch_operator.py took 0.025 seconds
[2024-06-18T13:28:13.878+0530] {processor.py:161} INFO - Started process (PID=26939) to work on /home/kiit/airflow-env/lib/python3.8/site-packages/airflow/example_dags/example_branch_operator.py
[2024-06-18T13:28:13.886+0530] {processor.py:830} INFO - Processing file /home/kiit/airflow-env/lib/python3.8/site-packages/airflow/example_dags/example_branch_operator.py for tasks to queue
[2024-06-18T13:28:13.889+0530] {logging_mixin.py:188} INFO - [2024-06-18T13:28:13.889+0530] {dagbag.py:545} INFO - Filling up the DagBag from /home/kiit/airflow-env/lib/python3.8/site-packages/airflow/example_dags/example_branch_operator.py
[2024-06-18T13:28:13.904+0530] {processor.py:842} WARNING - No viable dags retrieved from /home/kiit/airflow-env/lib/python3.8/site-packages/airflow/example_dags/example_branch_operator.py
[2024-06-18T13:28:13.944+0530] {processor.py:183} INFO - Processing /home/kiit/airflow-env/lib/python3.8/site-packages/airflow/example_dags/example_branch_operator.py took 0.090 seconds
[2024-06-18T13:29:33.595+0530] {processor.py:161} INFO - Started process (PID=27016) to work on /home/kiit/airflow-env/lib/python3.8/site-packages/airflow/example_dags/example_branch_operator.py
[2024-06-18T13:29:33.598+0530] {processor.py:830} INFO - Processing file /home/kiit/airflow-env/lib/python3.8/site-packages/airflow/example_dags/example_branch_operator.py for tasks to queue
[2024-06-18T13:29:33.601+0530] {logging_mixin.py:188} INFO - [2024-06-18T13:29:33.601+0530] {dagbag.py:545} INFO - Filling up the DagBag from /home/kiit/airflow-env/lib/python3.8/site-packages/airflow/example_dags/example_branch_operator.py
[2024-06-18T13:29:33.607+0530] {processor.py:842} WARNING - No viable dags retrieved from /home/kiit/airflow-env/lib/python3.8/site-packages/airflow/example_dags/example_branch_operator.py
[2024-06-18T13:29:33.620+0530] {processor.py:183} INFO - Processing /home/kiit/airflow-env/lib/python3.8/site-packages/airflow/example_dags/example_branch_operator.py took 0.037 seconds
[2024-06-18T13:30:27.596+0530] {processor.py:161} INFO - Started process (PID=27082) to work on /home/kiit/airflow-env/lib/python3.8/site-packages/airflow/example_dags/example_branch_operator.py
[2024-06-18T13:30:27.598+0530] {processor.py:830} INFO - Processing file /home/kiit/airflow-env/lib/python3.8/site-packages/airflow/example_dags/example_branch_operator.py for tasks to queue
[2024-06-18T13:30:27.602+0530] {logging_mixin.py:188} INFO - [2024-06-18T13:30:27.601+0530] {dagbag.py:545} INFO - Filling up the DagBag from /home/kiit/airflow-env/lib/python3.8/site-packages/airflow/example_dags/example_branch_operator.py
[2024-06-18T13:30:27.607+0530] {processor.py:842} WARNING - No viable dags retrieved from /home/kiit/airflow-env/lib/python3.8/site-packages/airflow/example_dags/example_branch_operator.py
[2024-06-18T13:30:27.616+0530] {processor.py:183} INFO - Processing /home/kiit/airflow-env/lib/python3.8/site-packages/airflow/example_dags/example_branch_operator.py took 0.028 seconds
[2024-06-18T13:31:36.266+0530] {processor.py:161} INFO - Started process (PID=27284) to work on /home/kiit/airflow-env/lib/python3.8/site-packages/airflow/example_dags/example_branch_operator.py
[2024-06-18T13:31:36.272+0530] {processor.py:830} INFO - Processing file /home/kiit/airflow-env/lib/python3.8/site-packages/airflow/example_dags/example_branch_operator.py for tasks to queue
[2024-06-18T13:31:36.273+0530] {logging_mixin.py:188} INFO - [2024-06-18T13:31:36.273+0530] {dagbag.py:545} INFO - Filling up the DagBag from /home/kiit/airflow-env/lib/python3.8/site-packages/airflow/example_dags/example_branch_operator.py
[2024-06-18T13:31:36.275+0530] {processor.py:842} WARNING - No viable dags retrieved from /home/kiit/airflow-env/lib/python3.8/site-packages/airflow/example_dags/example_branch_operator.py
[2024-06-18T13:31:36.282+0530] {processor.py:183} INFO - Processing /home/kiit/airflow-env/lib/python3.8/site-packages/airflow/example_dags/example_branch_operator.py took 0.021 seconds
[2024-06-18T13:32:26.234+0530] {processor.py:161} INFO - Started process (PID=27771) to work on /home/kiit/airflow-env/lib/python3.8/site-packages/airflow/example_dags/example_branch_operator.py
[2024-06-18T13:32:26.235+0530] {processor.py:830} INFO - Processing file /home/kiit/airflow-env/lib/python3.8/site-packages/airflow/example_dags/example_branch_operator.py for tasks to queue
[2024-06-18T13:32:26.237+0530] {logging_mixin.py:188} INFO - [2024-06-18T13:32:26.236+0530] {dagbag.py:545} INFO - Filling up the DagBag from /home/kiit/airflow-env/lib/python3.8/site-packages/airflow/example_dags/example_branch_operator.py
[2024-06-18T13:32:26.239+0530] {processor.py:842} WARNING - No viable dags retrieved from /home/kiit/airflow-env/lib/python3.8/site-packages/airflow/example_dags/example_branch_operator.py
[2024-06-18T13:32:26.248+0530] {processor.py:183} INFO - Processing /home/kiit/airflow-env/lib/python3.8/site-packages/airflow/example_dags/example_branch_operator.py took 0.019 seconds
[2024-06-18T13:33:28.410+0530] {processor.py:161} INFO - Started process (PID=28977) to work on /home/kiit/airflow-env/lib/python3.8/site-packages/airflow/example_dags/example_branch_operator.py
[2024-06-18T13:33:28.411+0530] {processor.py:830} INFO - Processing file /home/kiit/airflow-env/lib/python3.8/site-packages/airflow/example_dags/example_branch_operator.py for tasks to queue
[2024-06-18T13:33:28.412+0530] {logging_mixin.py:188} INFO - [2024-06-18T13:33:28.412+0530] {dagbag.py:545} INFO - Filling up the DagBag from /home/kiit/airflow-env/lib/python3.8/site-packages/airflow/example_dags/example_branch_operator.py
[2024-06-18T13:33:28.415+0530] {processor.py:842} WARNING - No viable dags retrieved from /home/kiit/airflow-env/lib/python3.8/site-packages/airflow/example_dags/example_branch_operator.py
[2024-06-18T13:33:28.423+0530] {processor.py:183} INFO - Processing /home/kiit/airflow-env/lib/python3.8/site-packages/airflow/example_dags/example_branch_operator.py took 0.018 seconds
[2024-06-18T13:34:29.012+0530] {processor.py:161} INFO - Started process (PID=30457) to work on /home/kiit/airflow-env/lib/python3.8/site-packages/airflow/example_dags/example_branch_operator.py
[2024-06-18T13:34:29.019+0530] {processor.py:830} INFO - Processing file /home/kiit/airflow-env/lib/python3.8/site-packages/airflow/example_dags/example_branch_operator.py for tasks to queue
[2024-06-18T13:34:29.022+0530] {logging_mixin.py:188} INFO - [2024-06-18T13:34:29.021+0530] {dagbag.py:545} INFO - Filling up the DagBag from /home/kiit/airflow-env/lib/python3.8/site-packages/airflow/example_dags/example_branch_operator.py
[2024-06-18T13:34:29.025+0530] {processor.py:842} WARNING - No viable dags retrieved from /home/kiit/airflow-env/lib/python3.8/site-packages/airflow/example_dags/example_branch_operator.py
[2024-06-18T13:34:29.033+0530] {processor.py:183} INFO - Processing /home/kiit/airflow-env/lib/python3.8/site-packages/airflow/example_dags/example_branch_operator.py took 0.032 seconds
[2024-06-18T13:35:29.272+0530] {processor.py:161} INFO - Started process (PID=30525) to work on /home/kiit/airflow-env/lib/python3.8/site-packages/airflow/example_dags/example_branch_operator.py
[2024-06-18T13:35:29.274+0530] {processor.py:830} INFO - Processing file /home/kiit/airflow-env/lib/python3.8/site-packages/airflow/example_dags/example_branch_operator.py for tasks to queue
[2024-06-18T13:35:29.275+0530] {logging_mixin.py:188} INFO - [2024-06-18T13:35:29.275+0530] {dagbag.py:545} INFO - Filling up the DagBag from /home/kiit/airflow-env/lib/python3.8/site-packages/airflow/example_dags/example_branch_operator.py
[2024-06-18T13:35:29.277+0530] {processor.py:842} WARNING - No viable dags retrieved from /home/kiit/airflow-env/lib/python3.8/site-packages/airflow/example_dags/example_branch_operator.py
[2024-06-18T13:35:29.285+0530] {processor.py:183} INFO - Processing /home/kiit/airflow-env/lib/python3.8/site-packages/airflow/example_dags/example_branch_operator.py took 0.017 seconds
[2024-06-18T13:36:35.050+0530] {processor.py:161} INFO - Started process (PID=30604) to work on /home/kiit/airflow-env/lib/python3.8/site-packages/airflow/example_dags/example_branch_operator.py
[2024-06-18T13:36:35.051+0530] {processor.py:830} INFO - Processing file /home/kiit/airflow-env/lib/python3.8/site-packages/airflow/example_dags/example_branch_operator.py for tasks to queue
[2024-06-18T13:36:35.053+0530] {logging_mixin.py:188} INFO - [2024-06-18T13:36:35.053+0530] {dagbag.py:545} INFO - Filling up the DagBag from /home/kiit/airflow-env/lib/python3.8/site-packages/airflow/example_dags/example_branch_operator.py
[2024-06-18T13:36:35.056+0530] {processor.py:842} WARNING - No viable dags retrieved from /home/kiit/airflow-env/lib/python3.8/site-packages/airflow/example_dags/example_branch_operator.py
[2024-06-18T13:36:35.066+0530] {processor.py:183} INFO - Processing /home/kiit/airflow-env/lib/python3.8/site-packages/airflow/example_dags/example_branch_operator.py took 0.021 seconds
[2024-06-18T13:37:36.117+0530] {processor.py:161} INFO - Started process (PID=30673) to work on /home/kiit/airflow-env/lib/python3.8/site-packages/airflow/example_dags/example_branch_operator.py
[2024-06-18T13:37:36.121+0530] {processor.py:830} INFO - Processing file /home/kiit/airflow-env/lib/python3.8/site-packages/airflow/example_dags/example_branch_operator.py for tasks to queue
[2024-06-18T13:37:36.124+0530] {logging_mixin.py:188} INFO - [2024-06-18T13:37:36.124+0530] {dagbag.py:545} INFO - Filling up the DagBag from /home/kiit/airflow-env/lib/python3.8/site-packages/airflow/example_dags/example_branch_operator.py
[2024-06-18T13:37:36.129+0530] {processor.py:842} WARNING - No viable dags retrieved from /home/kiit/airflow-env/lib/python3.8/site-packages/airflow/example_dags/example_branch_operator.py
[2024-06-18T13:37:36.150+0530] {processor.py:183} INFO - Processing /home/kiit/airflow-env/lib/python3.8/site-packages/airflow/example_dags/example_branch_operator.py took 0.049 seconds
[2024-06-18T13:38:29.679+0530] {processor.py:161} INFO - Started process (PID=30728) to work on /home/kiit/airflow-env/lib/python3.8/site-packages/airflow/example_dags/example_branch_operator.py
[2024-06-18T13:38:29.689+0530] {processor.py:830} INFO - Processing file /home/kiit/airflow-env/lib/python3.8/site-packages/airflow/example_dags/example_branch_operator.py for tasks to queue
[2024-06-18T13:38:29.704+0530] {logging_mixin.py:188} INFO - [2024-06-18T13:38:29.698+0530] {dagbag.py:545} INFO - Filling up the DagBag from /home/kiit/airflow-env/lib/python3.8/site-packages/airflow/example_dags/example_branch_operator.py
[2024-06-18T13:38:29.719+0530] {processor.py:842} WARNING - No viable dags retrieved from /home/kiit/airflow-env/lib/python3.8/site-packages/airflow/example_dags/example_branch_operator.py
[2024-06-18T13:38:29.777+0530] {processor.py:183} INFO - Processing /home/kiit/airflow-env/lib/python3.8/site-packages/airflow/example_dags/example_branch_operator.py took 0.141 seconds
[2024-06-18T13:39:21.250+0530] {processor.py:161} INFO - Started process (PID=30787) to work on /home/kiit/airflow-env/lib/python3.8/site-packages/airflow/example_dags/example_branch_operator.py
[2024-06-18T13:39:21.256+0530] {processor.py:830} INFO - Processing file /home/kiit/airflow-env/lib/python3.8/site-packages/airflow/example_dags/example_branch_operator.py for tasks to queue
[2024-06-18T13:39:21.258+0530] {logging_mixin.py:188} INFO - [2024-06-18T13:39:21.258+0530] {dagbag.py:545} INFO - Filling up the DagBag from /home/kiit/airflow-env/lib/python3.8/site-packages/airflow/example_dags/example_branch_operator.py
[2024-06-18T13:39:21.260+0530] {processor.py:842} WARNING - No viable dags retrieved from /home/kiit/airflow-env/lib/python3.8/site-packages/airflow/example_dags/example_branch_operator.py
[2024-06-18T13:39:21.266+0530] {processor.py:183} INFO - Processing /home/kiit/airflow-env/lib/python3.8/site-packages/airflow/example_dags/example_branch_operator.py took 0.021 seconds
[2024-06-18T13:40:21.967+0530] {processor.py:161} INFO - Started process (PID=30929) to work on /home/kiit/airflow-env/lib/python3.8/site-packages/airflow/example_dags/example_branch_operator.py
[2024-06-18T13:40:21.974+0530] {processor.py:830} INFO - Processing file /home/kiit/airflow-env/lib/python3.8/site-packages/airflow/example_dags/example_branch_operator.py for tasks to queue
[2024-06-18T13:40:21.975+0530] {logging_mixin.py:188} INFO - [2024-06-18T13:40:21.975+0530] {dagbag.py:545} INFO - Filling up the DagBag from /home/kiit/airflow-env/lib/python3.8/site-packages/airflow/example_dags/example_branch_operator.py
[2024-06-18T13:40:21.977+0530] {processor.py:842} WARNING - No viable dags retrieved from /home/kiit/airflow-env/lib/python3.8/site-packages/airflow/example_dags/example_branch_operator.py
[2024-06-18T13:40:21.986+0530] {processor.py:183} INFO - Processing /home/kiit/airflow-env/lib/python3.8/site-packages/airflow/example_dags/example_branch_operator.py took 0.025 seconds
[2024-06-18T13:41:23.920+0530] {processor.py:161} INFO - Started process (PID=30999) to work on /home/kiit/airflow-env/lib/python3.8/site-packages/airflow/example_dags/example_branch_operator.py
[2024-06-18T13:41:23.927+0530] {processor.py:830} INFO - Processing file /home/kiit/airflow-env/lib/python3.8/site-packages/airflow/example_dags/example_branch_operator.py for tasks to queue
[2024-06-18T13:41:23.928+0530] {logging_mixin.py:188} INFO - [2024-06-18T13:41:23.928+0530] {dagbag.py:545} INFO - Filling up the DagBag from /home/kiit/airflow-env/lib/python3.8/site-packages/airflow/example_dags/example_branch_operator.py
[2024-06-18T13:41:23.931+0530] {processor.py:842} WARNING - No viable dags retrieved from /home/kiit/airflow-env/lib/python3.8/site-packages/airflow/example_dags/example_branch_operator.py
[2024-06-18T13:41:23.941+0530] {processor.py:183} INFO - Processing /home/kiit/airflow-env/lib/python3.8/site-packages/airflow/example_dags/example_branch_operator.py took 0.027 seconds
[2024-06-18T15:05:50.259+0530] {processor.py:161} INFO - Started process (PID=33628) to work on /home/kiit/airflow-env/lib/python3.8/site-packages/airflow/example_dags/example_branch_operator.py
[2024-06-18T15:05:50.261+0530] {processor.py:830} INFO - Processing file /home/kiit/airflow-env/lib/python3.8/site-packages/airflow/example_dags/example_branch_operator.py for tasks to queue
[2024-06-18T15:05:50.264+0530] {logging_mixin.py:188} INFO - [2024-06-18T15:05:50.263+0530] {dagbag.py:545} INFO - Filling up the DagBag from /home/kiit/airflow-env/lib/python3.8/site-packages/airflow/example_dags/example_branch_operator.py
[2024-06-18T15:05:50.268+0530] {processor.py:842} WARNING - No viable dags retrieved from /home/kiit/airflow-env/lib/python3.8/site-packages/airflow/example_dags/example_branch_operator.py
[2024-06-18T15:05:50.287+0530] {processor.py:183} INFO - Processing /home/kiit/airflow-env/lib/python3.8/site-packages/airflow/example_dags/example_branch_operator.py took 0.038 seconds
[2024-06-18T15:06:24.498+0530] {processor.py:161} INFO - Started process (PID=33687) to work on /home/kiit/airflow-env/lib/python3.8/site-packages/airflow/example_dags/example_branch_operator.py
[2024-06-18T15:06:24.498+0530] {processor.py:830} INFO - Processing file /home/kiit/airflow-env/lib/python3.8/site-packages/airflow/example_dags/example_branch_operator.py for tasks to queue
[2024-06-18T15:06:24.500+0530] {logging_mixin.py:188} INFO - [2024-06-18T15:06:24.499+0530] {dagbag.py:545} INFO - Filling up the DagBag from /home/kiit/airflow-env/lib/python3.8/site-packages/airflow/example_dags/example_branch_operator.py
[2024-06-18T15:06:24.503+0530] {processor.py:842} WARNING - No viable dags retrieved from /home/kiit/airflow-env/lib/python3.8/site-packages/airflow/example_dags/example_branch_operator.py
[2024-06-18T15:06:24.522+0530] {processor.py:183} INFO - Processing /home/kiit/airflow-env/lib/python3.8/site-packages/airflow/example_dags/example_branch_operator.py took 0.030 seconds
[2024-06-18T15:06:55.050+0530] {processor.py:161} INFO - Started process (PID=33746) to work on /home/kiit/airflow-env/lib/python3.8/site-packages/airflow/example_dags/example_branch_operator.py
[2024-06-18T15:06:55.051+0530] {processor.py:830} INFO - Processing file /home/kiit/airflow-env/lib/python3.8/site-packages/airflow/example_dags/example_branch_operator.py for tasks to queue
[2024-06-18T15:06:55.053+0530] {logging_mixin.py:188} INFO - [2024-06-18T15:06:55.053+0530] {dagbag.py:545} INFO - Filling up the DagBag from /home/kiit/airflow-env/lib/python3.8/site-packages/airflow/example_dags/example_branch_operator.py
[2024-06-18T15:06:55.056+0530] {processor.py:842} WARNING - No viable dags retrieved from /home/kiit/airflow-env/lib/python3.8/site-packages/airflow/example_dags/example_branch_operator.py
[2024-06-18T15:06:55.073+0530] {processor.py:183} INFO - Processing /home/kiit/airflow-env/lib/python3.8/site-packages/airflow/example_dags/example_branch_operator.py took 0.032 seconds
[2024-06-18T15:07:25.868+0530] {processor.py:161} INFO - Started process (PID=33805) to work on /home/kiit/airflow-env/lib/python3.8/site-packages/airflow/example_dags/example_branch_operator.py
[2024-06-18T15:07:25.869+0530] {processor.py:830} INFO - Processing file /home/kiit/airflow-env/lib/python3.8/site-packages/airflow/example_dags/example_branch_operator.py for tasks to queue
[2024-06-18T15:07:25.870+0530] {logging_mixin.py:188} INFO - [2024-06-18T15:07:25.870+0530] {dagbag.py:545} INFO - Filling up the DagBag from /home/kiit/airflow-env/lib/python3.8/site-packages/airflow/example_dags/example_branch_operator.py
[2024-06-18T15:07:25.874+0530] {processor.py:842} WARNING - No viable dags retrieved from /home/kiit/airflow-env/lib/python3.8/site-packages/airflow/example_dags/example_branch_operator.py
[2024-06-18T15:07:25.890+0530] {processor.py:183} INFO - Processing /home/kiit/airflow-env/lib/python3.8/site-packages/airflow/example_dags/example_branch_operator.py took 0.028 seconds
[2024-06-18T15:07:56.614+0530] {processor.py:161} INFO - Started process (PID=33864) to work on /home/kiit/airflow-env/lib/python3.8/site-packages/airflow/example_dags/example_branch_operator.py
[2024-06-18T15:07:56.615+0530] {processor.py:830} INFO - Processing file /home/kiit/airflow-env/lib/python3.8/site-packages/airflow/example_dags/example_branch_operator.py for tasks to queue
[2024-06-18T15:07:56.617+0530] {logging_mixin.py:188} INFO - [2024-06-18T15:07:56.616+0530] {dagbag.py:545} INFO - Filling up the DagBag from /home/kiit/airflow-env/lib/python3.8/site-packages/airflow/example_dags/example_branch_operator.py
[2024-06-18T15:07:56.620+0530] {processor.py:842} WARNING - No viable dags retrieved from /home/kiit/airflow-env/lib/python3.8/site-packages/airflow/example_dags/example_branch_operator.py
[2024-06-18T15:07:56.636+0530] {processor.py:183} INFO - Processing /home/kiit/airflow-env/lib/python3.8/site-packages/airflow/example_dags/example_branch_operator.py took 0.027 seconds
[2024-06-18T15:08:26.717+0530] {processor.py:161} INFO - Started process (PID=33922) to work on /home/kiit/airflow-env/lib/python3.8/site-packages/airflow/example_dags/example_branch_operator.py
[2024-06-18T15:08:26.718+0530] {processor.py:830} INFO - Processing file /home/kiit/airflow-env/lib/python3.8/site-packages/airflow/example_dags/example_branch_operator.py for tasks to queue
[2024-06-18T15:08:26.720+0530] {logging_mixin.py:188} INFO - [2024-06-18T15:08:26.720+0530] {dagbag.py:545} INFO - Filling up the DagBag from /home/kiit/airflow-env/lib/python3.8/site-packages/airflow/example_dags/example_branch_operator.py
[2024-06-18T15:08:26.724+0530] {processor.py:842} WARNING - No viable dags retrieved from /home/kiit/airflow-env/lib/python3.8/site-packages/airflow/example_dags/example_branch_operator.py
[2024-06-18T15:08:26.741+0530] {processor.py:183} INFO - Processing /home/kiit/airflow-env/lib/python3.8/site-packages/airflow/example_dags/example_branch_operator.py took 0.032 seconds
[2024-06-18T15:08:57.449+0530] {processor.py:161} INFO - Started process (PID=33981) to work on /home/kiit/airflow-env/lib/python3.8/site-packages/airflow/example_dags/example_branch_operator.py
[2024-06-18T15:08:57.451+0530] {processor.py:830} INFO - Processing file /home/kiit/airflow-env/lib/python3.8/site-packages/airflow/example_dags/example_branch_operator.py for tasks to queue
[2024-06-18T15:08:57.452+0530] {logging_mixin.py:188} INFO - [2024-06-18T15:08:57.452+0530] {dagbag.py:545} INFO - Filling up the DagBag from /home/kiit/airflow-env/lib/python3.8/site-packages/airflow/example_dags/example_branch_operator.py
[2024-06-18T15:08:57.454+0530] {processor.py:842} WARNING - No viable dags retrieved from /home/kiit/airflow-env/lib/python3.8/site-packages/airflow/example_dags/example_branch_operator.py
[2024-06-18T15:08:57.468+0530] {processor.py:183} INFO - Processing /home/kiit/airflow-env/lib/python3.8/site-packages/airflow/example_dags/example_branch_operator.py took 0.024 seconds
[2024-06-18T15:09:27.782+0530] {processor.py:161} INFO - Started process (PID=34041) to work on /home/kiit/airflow-env/lib/python3.8/site-packages/airflow/example_dags/example_branch_operator.py
[2024-06-18T15:09:27.783+0530] {processor.py:830} INFO - Processing file /home/kiit/airflow-env/lib/python3.8/site-packages/airflow/example_dags/example_branch_operator.py for tasks to queue
[2024-06-18T15:09:27.784+0530] {logging_mixin.py:188} INFO - [2024-06-18T15:09:27.784+0530] {dagbag.py:545} INFO - Filling up the DagBag from /home/kiit/airflow-env/lib/python3.8/site-packages/airflow/example_dags/example_branch_operator.py
[2024-06-18T15:09:27.786+0530] {processor.py:842} WARNING - No viable dags retrieved from /home/kiit/airflow-env/lib/python3.8/site-packages/airflow/example_dags/example_branch_operator.py
[2024-06-18T15:09:27.816+0530] {processor.py:183} INFO - Processing /home/kiit/airflow-env/lib/python3.8/site-packages/airflow/example_dags/example_branch_operator.py took 0.038 seconds
[2024-06-18T15:09:58.105+0530] {processor.py:161} INFO - Started process (PID=34101) to work on /home/kiit/airflow-env/lib/python3.8/site-packages/airflow/example_dags/example_branch_operator.py
[2024-06-18T15:09:58.106+0530] {processor.py:830} INFO - Processing file /home/kiit/airflow-env/lib/python3.8/site-packages/airflow/example_dags/example_branch_operator.py for tasks to queue
[2024-06-18T15:09:58.107+0530] {logging_mixin.py:188} INFO - [2024-06-18T15:09:58.107+0530] {dagbag.py:545} INFO - Filling up the DagBag from /home/kiit/airflow-env/lib/python3.8/site-packages/airflow/example_dags/example_branch_operator.py
[2024-06-18T15:09:58.109+0530] {processor.py:842} WARNING - No viable dags retrieved from /home/kiit/airflow-env/lib/python3.8/site-packages/airflow/example_dags/example_branch_operator.py
[2024-06-18T15:09:58.121+0530] {processor.py:183} INFO - Processing /home/kiit/airflow-env/lib/python3.8/site-packages/airflow/example_dags/example_branch_operator.py took 0.021 seconds
[2024-06-18T15:10:28.388+0530] {processor.py:161} INFO - Started process (PID=34162) to work on /home/kiit/airflow-env/lib/python3.8/site-packages/airflow/example_dags/example_branch_operator.py
[2024-06-18T15:10:28.388+0530] {processor.py:830} INFO - Processing file /home/kiit/airflow-env/lib/python3.8/site-packages/airflow/example_dags/example_branch_operator.py for tasks to queue
[2024-06-18T15:10:28.390+0530] {logging_mixin.py:188} INFO - [2024-06-18T15:10:28.390+0530] {dagbag.py:545} INFO - Filling up the DagBag from /home/kiit/airflow-env/lib/python3.8/site-packages/airflow/example_dags/example_branch_operator.py
[2024-06-18T15:10:28.392+0530] {processor.py:842} WARNING - No viable dags retrieved from /home/kiit/airflow-env/lib/python3.8/site-packages/airflow/example_dags/example_branch_operator.py
[2024-06-18T15:10:28.403+0530] {processor.py:183} INFO - Processing /home/kiit/airflow-env/lib/python3.8/site-packages/airflow/example_dags/example_branch_operator.py took 0.021 seconds
[2024-06-18T15:10:58.734+0530] {processor.py:161} INFO - Started process (PID=34221) to work on /home/kiit/airflow-env/lib/python3.8/site-packages/airflow/example_dags/example_branch_operator.py
[2024-06-18T15:10:58.735+0530] {processor.py:830} INFO - Processing file /home/kiit/airflow-env/lib/python3.8/site-packages/airflow/example_dags/example_branch_operator.py for tasks to queue
[2024-06-18T15:10:58.736+0530] {logging_mixin.py:188} INFO - [2024-06-18T15:10:58.736+0530] {dagbag.py:545} INFO - Filling up the DagBag from /home/kiit/airflow-env/lib/python3.8/site-packages/airflow/example_dags/example_branch_operator.py
[2024-06-18T15:10:58.738+0530] {processor.py:842} WARNING - No viable dags retrieved from /home/kiit/airflow-env/lib/python3.8/site-packages/airflow/example_dags/example_branch_operator.py
[2024-06-18T15:10:58.748+0530] {processor.py:183} INFO - Processing /home/kiit/airflow-env/lib/python3.8/site-packages/airflow/example_dags/example_branch_operator.py took 0.021 seconds
[2024-06-18T15:11:28.903+0530] {processor.py:161} INFO - Started process (PID=34280) to work on /home/kiit/airflow-env/lib/python3.8/site-packages/airflow/example_dags/example_branch_operator.py
[2024-06-18T15:11:28.904+0530] {processor.py:830} INFO - Processing file /home/kiit/airflow-env/lib/python3.8/site-packages/airflow/example_dags/example_branch_operator.py for tasks to queue
[2024-06-18T15:11:28.905+0530] {logging_mixin.py:188} INFO - [2024-06-18T15:11:28.905+0530] {dagbag.py:545} INFO - Filling up the DagBag from /home/kiit/airflow-env/lib/python3.8/site-packages/airflow/example_dags/example_branch_operator.py
[2024-06-18T15:11:28.907+0530] {processor.py:842} WARNING - No viable dags retrieved from /home/kiit/airflow-env/lib/python3.8/site-packages/airflow/example_dags/example_branch_operator.py
[2024-06-18T15:11:28.920+0530] {processor.py:183} INFO - Processing /home/kiit/airflow-env/lib/python3.8/site-packages/airflow/example_dags/example_branch_operator.py took 0.022 seconds
[2024-06-18T15:11:59.115+0530] {processor.py:161} INFO - Started process (PID=34339) to work on /home/kiit/airflow-env/lib/python3.8/site-packages/airflow/example_dags/example_branch_operator.py
[2024-06-18T15:11:59.117+0530] {processor.py:830} INFO - Processing file /home/kiit/airflow-env/lib/python3.8/site-packages/airflow/example_dags/example_branch_operator.py for tasks to queue
[2024-06-18T15:11:59.118+0530] {logging_mixin.py:188} INFO - [2024-06-18T15:11:59.117+0530] {dagbag.py:545} INFO - Filling up the DagBag from /home/kiit/airflow-env/lib/python3.8/site-packages/airflow/example_dags/example_branch_operator.py
[2024-06-18T15:11:59.120+0530] {processor.py:842} WARNING - No viable dags retrieved from /home/kiit/airflow-env/lib/python3.8/site-packages/airflow/example_dags/example_branch_operator.py
[2024-06-18T15:11:59.132+0530] {processor.py:183} INFO - Processing /home/kiit/airflow-env/lib/python3.8/site-packages/airflow/example_dags/example_branch_operator.py took 0.021 seconds
[2024-06-18T15:12:29.463+0530] {processor.py:161} INFO - Started process (PID=34399) to work on /home/kiit/airflow-env/lib/python3.8/site-packages/airflow/example_dags/example_branch_operator.py
[2024-06-18T15:12:29.464+0530] {processor.py:830} INFO - Processing file /home/kiit/airflow-env/lib/python3.8/site-packages/airflow/example_dags/example_branch_operator.py for tasks to queue
[2024-06-18T15:12:29.466+0530] {logging_mixin.py:188} INFO - [2024-06-18T15:12:29.465+0530] {dagbag.py:545} INFO - Filling up the DagBag from /home/kiit/airflow-env/lib/python3.8/site-packages/airflow/example_dags/example_branch_operator.py
[2024-06-18T15:12:29.468+0530] {processor.py:842} WARNING - No viable dags retrieved from /home/kiit/airflow-env/lib/python3.8/site-packages/airflow/example_dags/example_branch_operator.py
[2024-06-18T15:12:29.481+0530] {processor.py:183} INFO - Processing /home/kiit/airflow-env/lib/python3.8/site-packages/airflow/example_dags/example_branch_operator.py took 0.023 seconds
[2024-06-18T15:12:59.773+0530] {processor.py:161} INFO - Started process (PID=34458) to work on /home/kiit/airflow-env/lib/python3.8/site-packages/airflow/example_dags/example_branch_operator.py
[2024-06-18T15:12:59.774+0530] {processor.py:830} INFO - Processing file /home/kiit/airflow-env/lib/python3.8/site-packages/airflow/example_dags/example_branch_operator.py for tasks to queue
[2024-06-18T15:12:59.775+0530] {logging_mixin.py:188} INFO - [2024-06-18T15:12:59.775+0530] {dagbag.py:545} INFO - Filling up the DagBag from /home/kiit/airflow-env/lib/python3.8/site-packages/airflow/example_dags/example_branch_operator.py
[2024-06-18T15:12:59.777+0530] {processor.py:842} WARNING - No viable dags retrieved from /home/kiit/airflow-env/lib/python3.8/site-packages/airflow/example_dags/example_branch_operator.py
[2024-06-18T15:12:59.788+0530] {processor.py:183} INFO - Processing /home/kiit/airflow-env/lib/python3.8/site-packages/airflow/example_dags/example_branch_operator.py took 0.020 seconds
[2024-06-18T15:13:30.054+0530] {processor.py:161} INFO - Started process (PID=34517) to work on /home/kiit/airflow-env/lib/python3.8/site-packages/airflow/example_dags/example_branch_operator.py
[2024-06-18T15:13:30.055+0530] {processor.py:830} INFO - Processing file /home/kiit/airflow-env/lib/python3.8/site-packages/airflow/example_dags/example_branch_operator.py for tasks to queue
[2024-06-18T15:13:30.056+0530] {logging_mixin.py:188} INFO - [2024-06-18T15:13:30.056+0530] {dagbag.py:545} INFO - Filling up the DagBag from /home/kiit/airflow-env/lib/python3.8/site-packages/airflow/example_dags/example_branch_operator.py
[2024-06-18T15:13:30.059+0530] {processor.py:842} WARNING - No viable dags retrieved from /home/kiit/airflow-env/lib/python3.8/site-packages/airflow/example_dags/example_branch_operator.py
[2024-06-18T15:13:30.070+0530] {processor.py:183} INFO - Processing /home/kiit/airflow-env/lib/python3.8/site-packages/airflow/example_dags/example_branch_operator.py took 0.022 seconds
[2024-06-18T15:14:00.340+0530] {processor.py:161} INFO - Started process (PID=34576) to work on /home/kiit/airflow-env/lib/python3.8/site-packages/airflow/example_dags/example_branch_operator.py
[2024-06-18T15:14:00.341+0530] {processor.py:830} INFO - Processing file /home/kiit/airflow-env/lib/python3.8/site-packages/airflow/example_dags/example_branch_operator.py for tasks to queue
[2024-06-18T15:14:00.343+0530] {logging_mixin.py:188} INFO - [2024-06-18T15:14:00.342+0530] {dagbag.py:545} INFO - Filling up the DagBag from /home/kiit/airflow-env/lib/python3.8/site-packages/airflow/example_dags/example_branch_operator.py
[2024-06-18T15:14:00.346+0530] {processor.py:842} WARNING - No viable dags retrieved from /home/kiit/airflow-env/lib/python3.8/site-packages/airflow/example_dags/example_branch_operator.py
[2024-06-18T15:14:00.358+0530] {processor.py:183} INFO - Processing /home/kiit/airflow-env/lib/python3.8/site-packages/airflow/example_dags/example_branch_operator.py took 0.024 seconds
[2024-06-18T15:14:30.676+0530] {processor.py:161} INFO - Started process (PID=34635) to work on /home/kiit/airflow-env/lib/python3.8/site-packages/airflow/example_dags/example_branch_operator.py
[2024-06-18T15:14:30.677+0530] {processor.py:830} INFO - Processing file /home/kiit/airflow-env/lib/python3.8/site-packages/airflow/example_dags/example_branch_operator.py for tasks to queue
[2024-06-18T15:14:30.678+0530] {logging_mixin.py:188} INFO - [2024-06-18T15:14:30.678+0530] {dagbag.py:545} INFO - Filling up the DagBag from /home/kiit/airflow-env/lib/python3.8/site-packages/airflow/example_dags/example_branch_operator.py
[2024-06-18T15:14:30.680+0530] {processor.py:842} WARNING - No viable dags retrieved from /home/kiit/airflow-env/lib/python3.8/site-packages/airflow/example_dags/example_branch_operator.py
[2024-06-18T15:14:30.690+0530] {processor.py:183} INFO - Processing /home/kiit/airflow-env/lib/python3.8/site-packages/airflow/example_dags/example_branch_operator.py took 0.019 seconds
[2024-06-18T15:15:01.015+0530] {processor.py:161} INFO - Started process (PID=34693) to work on /home/kiit/airflow-env/lib/python3.8/site-packages/airflow/example_dags/example_branch_operator.py
[2024-06-18T15:15:01.016+0530] {processor.py:830} INFO - Processing file /home/kiit/airflow-env/lib/python3.8/site-packages/airflow/example_dags/example_branch_operator.py for tasks to queue
[2024-06-18T15:15:01.017+0530] {logging_mixin.py:188} INFO - [2024-06-18T15:15:01.017+0530] {dagbag.py:545} INFO - Filling up the DagBag from /home/kiit/airflow-env/lib/python3.8/site-packages/airflow/example_dags/example_branch_operator.py
[2024-06-18T15:15:01.019+0530] {processor.py:842} WARNING - No viable dags retrieved from /home/kiit/airflow-env/lib/python3.8/site-packages/airflow/example_dags/example_branch_operator.py
[2024-06-18T15:15:01.032+0530] {processor.py:183} INFO - Processing /home/kiit/airflow-env/lib/python3.8/site-packages/airflow/example_dags/example_branch_operator.py took 0.022 seconds
[2024-06-18T15:15:31.293+0530] {processor.py:161} INFO - Started process (PID=34753) to work on /home/kiit/airflow-env/lib/python3.8/site-packages/airflow/example_dags/example_branch_operator.py
[2024-06-18T15:15:31.294+0530] {processor.py:830} INFO - Processing file /home/kiit/airflow-env/lib/python3.8/site-packages/airflow/example_dags/example_branch_operator.py for tasks to queue
[2024-06-18T15:15:31.295+0530] {logging_mixin.py:188} INFO - [2024-06-18T15:15:31.295+0530] {dagbag.py:545} INFO - Filling up the DagBag from /home/kiit/airflow-env/lib/python3.8/site-packages/airflow/example_dags/example_branch_operator.py
[2024-06-18T15:15:31.297+0530] {processor.py:842} WARNING - No viable dags retrieved from /home/kiit/airflow-env/lib/python3.8/site-packages/airflow/example_dags/example_branch_operator.py
[2024-06-18T15:15:31.309+0530] {processor.py:183} INFO - Processing /home/kiit/airflow-env/lib/python3.8/site-packages/airflow/example_dags/example_branch_operator.py took 0.021 seconds
[2024-06-18T15:16:01.577+0530] {processor.py:161} INFO - Started process (PID=34812) to work on /home/kiit/airflow-env/lib/python3.8/site-packages/airflow/example_dags/example_branch_operator.py
[2024-06-18T15:16:01.578+0530] {processor.py:830} INFO - Processing file /home/kiit/airflow-env/lib/python3.8/site-packages/airflow/example_dags/example_branch_operator.py for tasks to queue
[2024-06-18T15:16:01.579+0530] {logging_mixin.py:188} INFO - [2024-06-18T15:16:01.579+0530] {dagbag.py:545} INFO - Filling up the DagBag from /home/kiit/airflow-env/lib/python3.8/site-packages/airflow/example_dags/example_branch_operator.py
[2024-06-18T15:16:01.581+0530] {processor.py:842} WARNING - No viable dags retrieved from /home/kiit/airflow-env/lib/python3.8/site-packages/airflow/example_dags/example_branch_operator.py
[2024-06-18T15:16:01.594+0530] {processor.py:183} INFO - Processing /home/kiit/airflow-env/lib/python3.8/site-packages/airflow/example_dags/example_branch_operator.py took 0.024 seconds
[2024-06-18T15:16:32.601+0530] {processor.py:161} INFO - Started process (PID=34895) to work on /home/kiit/airflow-env/lib/python3.8/site-packages/airflow/example_dags/example_branch_operator.py
[2024-06-18T15:16:32.602+0530] {processor.py:830} INFO - Processing file /home/kiit/airflow-env/lib/python3.8/site-packages/airflow/example_dags/example_branch_operator.py for tasks to queue
[2024-06-18T15:16:32.603+0530] {logging_mixin.py:188} INFO - [2024-06-18T15:16:32.603+0530] {dagbag.py:545} INFO - Filling up the DagBag from /home/kiit/airflow-env/lib/python3.8/site-packages/airflow/example_dags/example_branch_operator.py
[2024-06-18T15:16:32.607+0530] {processor.py:842} WARNING - No viable dags retrieved from /home/kiit/airflow-env/lib/python3.8/site-packages/airflow/example_dags/example_branch_operator.py
[2024-06-18T15:16:32.620+0530] {processor.py:183} INFO - Processing /home/kiit/airflow-env/lib/python3.8/site-packages/airflow/example_dags/example_branch_operator.py took 0.024 seconds
