[2024-06-18T13:06:16.865+0530] {processor.py:161} INFO - Started process (PID=25386) to work on /home/kiit/airflow-env/lib/python3.8/site-packages/airflow/example_dags/example_dynamic_task_mapping.py
[2024-06-18T13:06:16.866+0530] {processor.py:830} INFO - Processing file /home/kiit/airflow-env/lib/python3.8/site-packages/airflow/example_dags/example_dynamic_task_mapping.py for tasks to queue
[2024-06-18T13:06:16.867+0530] {logging_mixin.py:188} INFO - [2024-06-18T13:06:16.867+0530] {dagbag.py:545} INFO - Filling up the DagBag from /home/kiit/airflow-env/lib/python3.8/site-packages/airflow/example_dags/example_dynamic_task_mapping.py
[2024-06-18T13:06:16.874+0530] {processor.py:840} INFO - DAG(s) 'example_dynamic_task_mapping' retrieved from /home/kiit/airflow-env/lib/python3.8/site-packages/airflow/example_dags/example_dynamic_task_mapping.py
[2024-06-18T13:06:16.934+0530] {logging_mixin.py:188} INFO - [2024-06-18T13:06:16.934+0530] {dag.py:3096} INFO - Sync 1 DAGs
[2024-06-18T13:06:17.007+0530] {logging_mixin.py:188} INFO - [2024-06-18T13:06:17.007+0530] {dag.py:3954} INFO - Setting next_dagrun for example_dynamic_task_mapping to 2022-03-04 00:00:00+00:00, run_after=2022-03-05 00:00:00+00:00
[2024-06-18T13:06:17.027+0530] {processor.py:183} INFO - Processing /home/kiit/airflow-env/lib/python3.8/site-packages/airflow/example_dags/example_dynamic_task_mapping.py took 0.166 seconds
[2024-06-18T13:07:08.265+0530] {processor.py:161} INFO - Started process (PID=25450) to work on /home/kiit/airflow-env/lib/python3.8/site-packages/airflow/example_dags/example_dynamic_task_mapping.py
[2024-06-18T13:07:08.272+0530] {processor.py:830} INFO - Processing file /home/kiit/airflow-env/lib/python3.8/site-packages/airflow/example_dags/example_dynamic_task_mapping.py for tasks to queue
[2024-06-18T13:07:08.273+0530] {logging_mixin.py:188} INFO - [2024-06-18T13:07:08.273+0530] {dagbag.py:545} INFO - Filling up the DagBag from /home/kiit/airflow-env/lib/python3.8/site-packages/airflow/example_dags/example_dynamic_task_mapping.py
[2024-06-18T13:07:08.281+0530] {processor.py:840} INFO - DAG(s) 'example_dynamic_task_mapping' retrieved from /home/kiit/airflow-env/lib/python3.8/site-packages/airflow/example_dags/example_dynamic_task_mapping.py
[2024-06-18T13:07:08.293+0530] {logging_mixin.py:188} INFO - [2024-06-18T13:07:08.293+0530] {dag.py:3096} INFO - Sync 1 DAGs
[2024-06-18T13:07:08.314+0530] {logging_mixin.py:188} INFO - [2024-06-18T13:07:08.313+0530] {dag.py:3954} INFO - Setting next_dagrun for example_dynamic_task_mapping to 2022-03-04 00:00:00+00:00, run_after=2022-03-05 00:00:00+00:00
[2024-06-18T13:07:08.394+0530] {processor.py:183} INFO - Processing /home/kiit/airflow-env/lib/python3.8/site-packages/airflow/example_dags/example_dynamic_task_mapping.py took 0.134 seconds
[2024-06-18T13:08:31.077+0530] {processor.py:161} INFO - Started process (PID=25536) to work on /home/kiit/airflow-env/lib/python3.8/site-packages/airflow/example_dags/example_dynamic_task_mapping.py
[2024-06-18T13:08:31.078+0530] {processor.py:830} INFO - Processing file /home/kiit/airflow-env/lib/python3.8/site-packages/airflow/example_dags/example_dynamic_task_mapping.py for tasks to queue
[2024-06-18T13:08:31.079+0530] {logging_mixin.py:188} INFO - [2024-06-18T13:08:31.079+0530] {dagbag.py:545} INFO - Filling up the DagBag from /home/kiit/airflow-env/lib/python3.8/site-packages/airflow/example_dags/example_dynamic_task_mapping.py
[2024-06-18T13:08:31.083+0530] {processor.py:840} INFO - DAG(s) 'example_dynamic_task_mapping' retrieved from /home/kiit/airflow-env/lib/python3.8/site-packages/airflow/example_dags/example_dynamic_task_mapping.py
[2024-06-18T13:08:31.093+0530] {logging_mixin.py:188} INFO - [2024-06-18T13:08:31.093+0530] {dag.py:3096} INFO - Sync 1 DAGs
[2024-06-18T13:08:31.105+0530] {logging_mixin.py:188} INFO - [2024-06-18T13:08:31.105+0530] {dag.py:3954} INFO - Setting next_dagrun for example_dynamic_task_mapping to 2022-03-04 00:00:00+00:00, run_after=2022-03-05 00:00:00+00:00
[2024-06-18T13:08:31.122+0530] {processor.py:183} INFO - Processing /home/kiit/airflow-env/lib/python3.8/site-packages/airflow/example_dags/example_dynamic_task_mapping.py took 0.050 seconds
[2024-06-18T13:09:25.887+0530] {processor.py:161} INFO - Started process (PID=25601) to work on /home/kiit/airflow-env/lib/python3.8/site-packages/airflow/example_dags/example_dynamic_task_mapping.py
[2024-06-18T13:09:25.889+0530] {processor.py:830} INFO - Processing file /home/kiit/airflow-env/lib/python3.8/site-packages/airflow/example_dags/example_dynamic_task_mapping.py for tasks to queue
[2024-06-18T13:09:25.890+0530] {logging_mixin.py:188} INFO - [2024-06-18T13:09:25.890+0530] {dagbag.py:545} INFO - Filling up the DagBag from /home/kiit/airflow-env/lib/python3.8/site-packages/airflow/example_dags/example_dynamic_task_mapping.py
[2024-06-18T13:09:25.895+0530] {processor.py:840} INFO - DAG(s) 'example_dynamic_task_mapping' retrieved from /home/kiit/airflow-env/lib/python3.8/site-packages/airflow/example_dags/example_dynamic_task_mapping.py
[2024-06-18T13:09:25.906+0530] {logging_mixin.py:188} INFO - [2024-06-18T13:09:25.906+0530] {dag.py:3096} INFO - Sync 1 DAGs
[2024-06-18T13:09:25.919+0530] {logging_mixin.py:188} INFO - [2024-06-18T13:09:25.919+0530] {dag.py:3954} INFO - Setting next_dagrun for example_dynamic_task_mapping to 2022-03-04 00:00:00+00:00, run_after=2022-03-05 00:00:00+00:00
[2024-06-18T13:09:25.936+0530] {processor.py:183} INFO - Processing /home/kiit/airflow-env/lib/python3.8/site-packages/airflow/example_dags/example_dynamic_task_mapping.py took 0.054 seconds
[2024-06-18T13:10:27.606+0530] {processor.py:161} INFO - Started process (PID=25676) to work on /home/kiit/airflow-env/lib/python3.8/site-packages/airflow/example_dags/example_dynamic_task_mapping.py
[2024-06-18T13:10:27.612+0530] {processor.py:830} INFO - Processing file /home/kiit/airflow-env/lib/python3.8/site-packages/airflow/example_dags/example_dynamic_task_mapping.py for tasks to queue
[2024-06-18T13:10:27.614+0530] {logging_mixin.py:188} INFO - [2024-06-18T13:10:27.613+0530] {dagbag.py:545} INFO - Filling up the DagBag from /home/kiit/airflow-env/lib/python3.8/site-packages/airflow/example_dags/example_dynamic_task_mapping.py
[2024-06-18T13:10:27.618+0530] {processor.py:840} INFO - DAG(s) 'example_dynamic_task_mapping' retrieved from /home/kiit/airflow-env/lib/python3.8/site-packages/airflow/example_dags/example_dynamic_task_mapping.py
[2024-06-18T13:10:27.628+0530] {logging_mixin.py:188} INFO - [2024-06-18T13:10:27.628+0530] {dag.py:3096} INFO - Sync 1 DAGs
[2024-06-18T13:10:27.641+0530] {logging_mixin.py:188} INFO - [2024-06-18T13:10:27.641+0530] {dag.py:3954} INFO - Setting next_dagrun for example_dynamic_task_mapping to 2022-03-04 00:00:00+00:00, run_after=2022-03-05 00:00:00+00:00
[2024-06-18T13:10:27.663+0530] {processor.py:183} INFO - Processing /home/kiit/airflow-env/lib/python3.8/site-packages/airflow/example_dags/example_dynamic_task_mapping.py took 0.061 seconds
[2024-06-18T13:11:21.351+0530] {processor.py:161} INFO - Started process (PID=25734) to work on /home/kiit/airflow-env/lib/python3.8/site-packages/airflow/example_dags/example_dynamic_task_mapping.py
[2024-06-18T13:11:21.353+0530] {processor.py:830} INFO - Processing file /home/kiit/airflow-env/lib/python3.8/site-packages/airflow/example_dags/example_dynamic_task_mapping.py for tasks to queue
[2024-06-18T13:11:21.354+0530] {logging_mixin.py:188} INFO - [2024-06-18T13:11:21.354+0530] {dagbag.py:545} INFO - Filling up the DagBag from /home/kiit/airflow-env/lib/python3.8/site-packages/airflow/example_dags/example_dynamic_task_mapping.py
[2024-06-18T13:11:21.360+0530] {processor.py:840} INFO - DAG(s) 'example_dynamic_task_mapping' retrieved from /home/kiit/airflow-env/lib/python3.8/site-packages/airflow/example_dags/example_dynamic_task_mapping.py
[2024-06-18T13:11:21.372+0530] {logging_mixin.py:188} INFO - [2024-06-18T13:11:21.372+0530] {dag.py:3096} INFO - Sync 1 DAGs
[2024-06-18T13:11:21.395+0530] {logging_mixin.py:188} INFO - [2024-06-18T13:11:21.394+0530] {dag.py:3954} INFO - Setting next_dagrun for example_dynamic_task_mapping to 2022-03-04 00:00:00+00:00, run_after=2022-03-05 00:00:00+00:00
[2024-06-18T13:11:21.420+0530] {processor.py:183} INFO - Processing /home/kiit/airflow-env/lib/python3.8/site-packages/airflow/example_dags/example_dynamic_task_mapping.py took 0.074 seconds
[2024-06-18T13:12:23.178+0530] {processor.py:161} INFO - Started process (PID=25805) to work on /home/kiit/airflow-env/lib/python3.8/site-packages/airflow/example_dags/example_dynamic_task_mapping.py
[2024-06-18T13:12:23.186+0530] {processor.py:830} INFO - Processing file /home/kiit/airflow-env/lib/python3.8/site-packages/airflow/example_dags/example_dynamic_task_mapping.py for tasks to queue
[2024-06-18T13:12:23.187+0530] {logging_mixin.py:188} INFO - [2024-06-18T13:12:23.187+0530] {dagbag.py:545} INFO - Filling up the DagBag from /home/kiit/airflow-env/lib/python3.8/site-packages/airflow/example_dags/example_dynamic_task_mapping.py
[2024-06-18T13:12:23.192+0530] {processor.py:840} INFO - DAG(s) 'example_dynamic_task_mapping' retrieved from /home/kiit/airflow-env/lib/python3.8/site-packages/airflow/example_dags/example_dynamic_task_mapping.py
[2024-06-18T13:12:23.203+0530] {logging_mixin.py:188} INFO - [2024-06-18T13:12:23.202+0530] {dag.py:3096} INFO - Sync 1 DAGs
[2024-06-18T13:12:23.216+0530] {logging_mixin.py:188} INFO - [2024-06-18T13:12:23.216+0530] {dag.py:3954} INFO - Setting next_dagrun for example_dynamic_task_mapping to 2022-03-04 00:00:00+00:00, run_after=2022-03-05 00:00:00+00:00
[2024-06-18T13:12:23.234+0530] {processor.py:183} INFO - Processing /home/kiit/airflow-env/lib/python3.8/site-packages/airflow/example_dags/example_dynamic_task_mapping.py took 0.060 seconds
[2024-06-18T13:13:21.413+0530] {processor.py:161} INFO - Started process (PID=25879) to work on /home/kiit/airflow-env/lib/python3.8/site-packages/airflow/example_dags/example_dynamic_task_mapping.py
[2024-06-18T13:13:21.414+0530] {processor.py:830} INFO - Processing file /home/kiit/airflow-env/lib/python3.8/site-packages/airflow/example_dags/example_dynamic_task_mapping.py for tasks to queue
[2024-06-18T13:13:21.415+0530] {logging_mixin.py:188} INFO - [2024-06-18T13:13:21.415+0530] {dagbag.py:545} INFO - Filling up the DagBag from /home/kiit/airflow-env/lib/python3.8/site-packages/airflow/example_dags/example_dynamic_task_mapping.py
[2024-06-18T13:13:21.420+0530] {processor.py:840} INFO - DAG(s) 'example_dynamic_task_mapping' retrieved from /home/kiit/airflow-env/lib/python3.8/site-packages/airflow/example_dags/example_dynamic_task_mapping.py
[2024-06-18T13:13:21.429+0530] {logging_mixin.py:188} INFO - [2024-06-18T13:13:21.429+0530] {dag.py:3096} INFO - Sync 1 DAGs
[2024-06-18T13:13:21.441+0530] {logging_mixin.py:188} INFO - [2024-06-18T13:13:21.441+0530] {dag.py:3954} INFO - Setting next_dagrun for example_dynamic_task_mapping to 2022-03-04 00:00:00+00:00, run_after=2022-03-05 00:00:00+00:00
[2024-06-18T13:13:21.459+0530] {processor.py:183} INFO - Processing /home/kiit/airflow-env/lib/python3.8/site-packages/airflow/example_dags/example_dynamic_task_mapping.py took 0.051 seconds
[2024-06-18T13:14:17.797+0530] {processor.py:161} INFO - Started process (PID=25946) to work on /home/kiit/airflow-env/lib/python3.8/site-packages/airflow/example_dags/example_dynamic_task_mapping.py
[2024-06-18T13:14:17.798+0530] {processor.py:830} INFO - Processing file /home/kiit/airflow-env/lib/python3.8/site-packages/airflow/example_dags/example_dynamic_task_mapping.py for tasks to queue
[2024-06-18T13:14:17.800+0530] {logging_mixin.py:188} INFO - [2024-06-18T13:14:17.800+0530] {dagbag.py:545} INFO - Filling up the DagBag from /home/kiit/airflow-env/lib/python3.8/site-packages/airflow/example_dags/example_dynamic_task_mapping.py
[2024-06-18T13:14:17.805+0530] {processor.py:840} INFO - DAG(s) 'example_dynamic_task_mapping' retrieved from /home/kiit/airflow-env/lib/python3.8/site-packages/airflow/example_dags/example_dynamic_task_mapping.py
[2024-06-18T13:14:17.817+0530] {logging_mixin.py:188} INFO - [2024-06-18T13:14:17.817+0530] {dag.py:3096} INFO - Sync 1 DAGs
[2024-06-18T13:14:17.832+0530] {logging_mixin.py:188} INFO - [2024-06-18T13:14:17.832+0530] {dag.py:3954} INFO - Setting next_dagrun for example_dynamic_task_mapping to 2022-03-04 00:00:00+00:00, run_after=2022-03-05 00:00:00+00:00
[2024-06-18T13:14:17.851+0530] {processor.py:183} INFO - Processing /home/kiit/airflow-env/lib/python3.8/site-packages/airflow/example_dags/example_dynamic_task_mapping.py took 0.059 seconds
[2024-06-18T13:15:20.014+0530] {processor.py:161} INFO - Started process (PID=26022) to work on /home/kiit/airflow-env/lib/python3.8/site-packages/airflow/example_dags/example_dynamic_task_mapping.py
[2024-06-18T13:15:20.016+0530] {processor.py:830} INFO - Processing file /home/kiit/airflow-env/lib/python3.8/site-packages/airflow/example_dags/example_dynamic_task_mapping.py for tasks to queue
[2024-06-18T13:15:20.017+0530] {logging_mixin.py:188} INFO - [2024-06-18T13:15:20.017+0530] {dagbag.py:545} INFO - Filling up the DagBag from /home/kiit/airflow-env/lib/python3.8/site-packages/airflow/example_dags/example_dynamic_task_mapping.py
[2024-06-18T13:15:20.023+0530] {processor.py:840} INFO - DAG(s) 'example_dynamic_task_mapping' retrieved from /home/kiit/airflow-env/lib/python3.8/site-packages/airflow/example_dags/example_dynamic_task_mapping.py
[2024-06-18T13:15:20.036+0530] {logging_mixin.py:188} INFO - [2024-06-18T13:15:20.036+0530] {dag.py:3096} INFO - Sync 1 DAGs
[2024-06-18T13:15:20.054+0530] {logging_mixin.py:188} INFO - [2024-06-18T13:15:20.054+0530] {dag.py:3954} INFO - Setting next_dagrun for example_dynamic_task_mapping to 2022-03-04 00:00:00+00:00, run_after=2022-03-05 00:00:00+00:00
[2024-06-18T13:15:20.076+0530] {processor.py:183} INFO - Processing /home/kiit/airflow-env/lib/python3.8/site-packages/airflow/example_dags/example_dynamic_task_mapping.py took 0.068 seconds
[2024-06-18T13:16:19.691+0530] {processor.py:161} INFO - Started process (PID=26091) to work on /home/kiit/airflow-env/lib/python3.8/site-packages/airflow/example_dags/example_dynamic_task_mapping.py
[2024-06-18T13:16:19.693+0530] {processor.py:830} INFO - Processing file /home/kiit/airflow-env/lib/python3.8/site-packages/airflow/example_dags/example_dynamic_task_mapping.py for tasks to queue
[2024-06-18T13:16:19.694+0530] {logging_mixin.py:188} INFO - [2024-06-18T13:16:19.693+0530] {dagbag.py:545} INFO - Filling up the DagBag from /home/kiit/airflow-env/lib/python3.8/site-packages/airflow/example_dags/example_dynamic_task_mapping.py
[2024-06-18T13:16:19.698+0530] {processor.py:840} INFO - DAG(s) 'example_dynamic_task_mapping' retrieved from /home/kiit/airflow-env/lib/python3.8/site-packages/airflow/example_dags/example_dynamic_task_mapping.py
[2024-06-18T13:16:19.709+0530] {logging_mixin.py:188} INFO - [2024-06-18T13:16:19.709+0530] {dag.py:3096} INFO - Sync 1 DAGs
[2024-06-18T13:16:19.723+0530] {logging_mixin.py:188} INFO - [2024-06-18T13:16:19.722+0530] {dag.py:3954} INFO - Setting next_dagrun for example_dynamic_task_mapping to 2022-03-04 00:00:00+00:00, run_after=2022-03-05 00:00:00+00:00
[2024-06-18T13:16:19.739+0530] {processor.py:183} INFO - Processing /home/kiit/airflow-env/lib/python3.8/site-packages/airflow/example_dags/example_dynamic_task_mapping.py took 0.054 seconds
[2024-06-18T13:17:16.905+0530] {processor.py:161} INFO - Started process (PID=26164) to work on /home/kiit/airflow-env/lib/python3.8/site-packages/airflow/example_dags/example_dynamic_task_mapping.py
[2024-06-18T13:17:16.906+0530] {processor.py:830} INFO - Processing file /home/kiit/airflow-env/lib/python3.8/site-packages/airflow/example_dags/example_dynamic_task_mapping.py for tasks to queue
[2024-06-18T13:17:16.908+0530] {logging_mixin.py:188} INFO - [2024-06-18T13:17:16.907+0530] {dagbag.py:545} INFO - Filling up the DagBag from /home/kiit/airflow-env/lib/python3.8/site-packages/airflow/example_dags/example_dynamic_task_mapping.py
[2024-06-18T13:17:16.913+0530] {processor.py:840} INFO - DAG(s) 'example_dynamic_task_mapping' retrieved from /home/kiit/airflow-env/lib/python3.8/site-packages/airflow/example_dags/example_dynamic_task_mapping.py
[2024-06-18T13:17:16.924+0530] {logging_mixin.py:188} INFO - [2024-06-18T13:17:16.923+0530] {dag.py:3096} INFO - Sync 1 DAGs
[2024-06-18T13:17:16.937+0530] {logging_mixin.py:188} INFO - [2024-06-18T13:17:16.937+0530] {dag.py:3954} INFO - Setting next_dagrun for example_dynamic_task_mapping to 2022-03-04 00:00:00+00:00, run_after=2022-03-05 00:00:00+00:00
[2024-06-18T13:17:16.954+0530] {processor.py:183} INFO - Processing /home/kiit/airflow-env/lib/python3.8/site-packages/airflow/example_dags/example_dynamic_task_mapping.py took 0.053 seconds
[2024-06-18T13:18:19.709+0530] {processor.py:161} INFO - Started process (PID=26235) to work on /home/kiit/airflow-env/lib/python3.8/site-packages/airflow/example_dags/example_dynamic_task_mapping.py
[2024-06-18T13:18:19.710+0530] {processor.py:830} INFO - Processing file /home/kiit/airflow-env/lib/python3.8/site-packages/airflow/example_dags/example_dynamic_task_mapping.py for tasks to queue
[2024-06-18T13:18:19.712+0530] {logging_mixin.py:188} INFO - [2024-06-18T13:18:19.712+0530] {dagbag.py:545} INFO - Filling up the DagBag from /home/kiit/airflow-env/lib/python3.8/site-packages/airflow/example_dags/example_dynamic_task_mapping.py
[2024-06-18T13:18:19.719+0530] {processor.py:840} INFO - DAG(s) 'example_dynamic_task_mapping' retrieved from /home/kiit/airflow-env/lib/python3.8/site-packages/airflow/example_dags/example_dynamic_task_mapping.py
[2024-06-18T13:18:19.732+0530] {logging_mixin.py:188} INFO - [2024-06-18T13:18:19.731+0530] {dag.py:3096} INFO - Sync 1 DAGs
[2024-06-18T13:18:19.747+0530] {logging_mixin.py:188} INFO - [2024-06-18T13:18:19.746+0530] {dag.py:3954} INFO - Setting next_dagrun for example_dynamic_task_mapping to 2022-03-04 00:00:00+00:00, run_after=2022-03-05 00:00:00+00:00
[2024-06-18T13:18:19.771+0530] {processor.py:183} INFO - Processing /home/kiit/airflow-env/lib/python3.8/site-packages/airflow/example_dags/example_dynamic_task_mapping.py took 0.067 seconds
[2024-06-18T13:19:21.954+0530] {processor.py:161} INFO - Started process (PID=26313) to work on /home/kiit/airflow-env/lib/python3.8/site-packages/airflow/example_dags/example_dynamic_task_mapping.py
[2024-06-18T13:19:21.961+0530] {processor.py:830} INFO - Processing file /home/kiit/airflow-env/lib/python3.8/site-packages/airflow/example_dags/example_dynamic_task_mapping.py for tasks to queue
[2024-06-18T13:19:21.962+0530] {logging_mixin.py:188} INFO - [2024-06-18T13:19:21.962+0530] {dagbag.py:545} INFO - Filling up the DagBag from /home/kiit/airflow-env/lib/python3.8/site-packages/airflow/example_dags/example_dynamic_task_mapping.py
[2024-06-18T13:19:21.967+0530] {processor.py:840} INFO - DAG(s) 'example_dynamic_task_mapping' retrieved from /home/kiit/airflow-env/lib/python3.8/site-packages/airflow/example_dags/example_dynamic_task_mapping.py
[2024-06-18T13:19:21.977+0530] {logging_mixin.py:188} INFO - [2024-06-18T13:19:21.977+0530] {dag.py:3096} INFO - Sync 1 DAGs
[2024-06-18T13:19:21.989+0530] {logging_mixin.py:188} INFO - [2024-06-18T13:19:21.989+0530] {dag.py:3954} INFO - Setting next_dagrun for example_dynamic_task_mapping to 2022-03-04 00:00:00+00:00, run_after=2022-03-05 00:00:00+00:00
[2024-06-18T13:19:22.007+0530] {processor.py:183} INFO - Processing /home/kiit/airflow-env/lib/python3.8/site-packages/airflow/example_dags/example_dynamic_task_mapping.py took 0.057 seconds
[2024-06-18T13:20:18.310+0530] {processor.py:161} INFO - Started process (PID=26379) to work on /home/kiit/airflow-env/lib/python3.8/site-packages/airflow/example_dags/example_dynamic_task_mapping.py
[2024-06-18T13:20:18.311+0530] {processor.py:830} INFO - Processing file /home/kiit/airflow-env/lib/python3.8/site-packages/airflow/example_dags/example_dynamic_task_mapping.py for tasks to queue
[2024-06-18T13:20:18.312+0530] {logging_mixin.py:188} INFO - [2024-06-18T13:20:18.312+0530] {dagbag.py:545} INFO - Filling up the DagBag from /home/kiit/airflow-env/lib/python3.8/site-packages/airflow/example_dags/example_dynamic_task_mapping.py
[2024-06-18T13:20:18.318+0530] {processor.py:840} INFO - DAG(s) 'example_dynamic_task_mapping' retrieved from /home/kiit/airflow-env/lib/python3.8/site-packages/airflow/example_dags/example_dynamic_task_mapping.py
[2024-06-18T13:20:18.329+0530] {logging_mixin.py:188} INFO - [2024-06-18T13:20:18.329+0530] {dag.py:3096} INFO - Sync 1 DAGs
[2024-06-18T13:20:18.341+0530] {logging_mixin.py:188} INFO - [2024-06-18T13:20:18.341+0530] {dag.py:3954} INFO - Setting next_dagrun for example_dynamic_task_mapping to 2022-03-04 00:00:00+00:00, run_after=2022-03-05 00:00:00+00:00
[2024-06-18T13:20:18.360+0530] {processor.py:183} INFO - Processing /home/kiit/airflow-env/lib/python3.8/site-packages/airflow/example_dags/example_dynamic_task_mapping.py took 0.056 seconds
[2024-06-18T13:21:17.122+0530] {processor.py:161} INFO - Started process (PID=26454) to work on /home/kiit/airflow-env/lib/python3.8/site-packages/airflow/example_dags/example_dynamic_task_mapping.py
[2024-06-18T13:21:17.123+0530] {processor.py:830} INFO - Processing file /home/kiit/airflow-env/lib/python3.8/site-packages/airflow/example_dags/example_dynamic_task_mapping.py for tasks to queue
[2024-06-18T13:21:17.125+0530] {logging_mixin.py:188} INFO - [2024-06-18T13:21:17.124+0530] {dagbag.py:545} INFO - Filling up the DagBag from /home/kiit/airflow-env/lib/python3.8/site-packages/airflow/example_dags/example_dynamic_task_mapping.py
[2024-06-18T13:21:17.131+0530] {processor.py:840} INFO - DAG(s) 'example_dynamic_task_mapping' retrieved from /home/kiit/airflow-env/lib/python3.8/site-packages/airflow/example_dags/example_dynamic_task_mapping.py
[2024-06-18T13:21:17.143+0530] {logging_mixin.py:188} INFO - [2024-06-18T13:21:17.143+0530] {dag.py:3096} INFO - Sync 1 DAGs
[2024-06-18T13:21:17.155+0530] {logging_mixin.py:188} INFO - [2024-06-18T13:21:17.155+0530] {dag.py:3954} INFO - Setting next_dagrun for example_dynamic_task_mapping to 2022-03-04 00:00:00+00:00, run_after=2022-03-05 00:00:00+00:00
[2024-06-18T13:21:17.174+0530] {processor.py:183} INFO - Processing /home/kiit/airflow-env/lib/python3.8/site-packages/airflow/example_dags/example_dynamic_task_mapping.py took 0.057 seconds
[2024-06-18T13:22:14.241+0530] {processor.py:161} INFO - Started process (PID=26520) to work on /home/kiit/airflow-env/lib/python3.8/site-packages/airflow/example_dags/example_dynamic_task_mapping.py
[2024-06-18T13:22:14.243+0530] {processor.py:830} INFO - Processing file /home/kiit/airflow-env/lib/python3.8/site-packages/airflow/example_dags/example_dynamic_task_mapping.py for tasks to queue
[2024-06-18T13:22:14.244+0530] {logging_mixin.py:188} INFO - [2024-06-18T13:22:14.244+0530] {dagbag.py:545} INFO - Filling up the DagBag from /home/kiit/airflow-env/lib/python3.8/site-packages/airflow/example_dags/example_dynamic_task_mapping.py
[2024-06-18T13:22:14.250+0530] {processor.py:840} INFO - DAG(s) 'example_dynamic_task_mapping' retrieved from /home/kiit/airflow-env/lib/python3.8/site-packages/airflow/example_dags/example_dynamic_task_mapping.py
[2024-06-18T13:22:14.261+0530] {logging_mixin.py:188} INFO - [2024-06-18T13:22:14.261+0530] {dag.py:3096} INFO - Sync 1 DAGs
[2024-06-18T13:22:14.277+0530] {logging_mixin.py:188} INFO - [2024-06-18T13:22:14.277+0530] {dag.py:3954} INFO - Setting next_dagrun for example_dynamic_task_mapping to 2022-03-04 00:00:00+00:00, run_after=2022-03-05 00:00:00+00:00
[2024-06-18T13:22:14.297+0530] {processor.py:183} INFO - Processing /home/kiit/airflow-env/lib/python3.8/site-packages/airflow/example_dags/example_dynamic_task_mapping.py took 0.061 seconds
[2024-06-18T13:23:09.115+0530] {processor.py:161} INFO - Started process (PID=26592) to work on /home/kiit/airflow-env/lib/python3.8/site-packages/airflow/example_dags/example_dynamic_task_mapping.py
[2024-06-18T13:23:09.116+0530] {processor.py:830} INFO - Processing file /home/kiit/airflow-env/lib/python3.8/site-packages/airflow/example_dags/example_dynamic_task_mapping.py for tasks to queue
[2024-06-18T13:23:09.117+0530] {logging_mixin.py:188} INFO - [2024-06-18T13:23:09.117+0530] {dagbag.py:545} INFO - Filling up the DagBag from /home/kiit/airflow-env/lib/python3.8/site-packages/airflow/example_dags/example_dynamic_task_mapping.py
[2024-06-18T13:23:09.125+0530] {processor.py:840} INFO - DAG(s) 'example_dynamic_task_mapping' retrieved from /home/kiit/airflow-env/lib/python3.8/site-packages/airflow/example_dags/example_dynamic_task_mapping.py
[2024-06-18T13:23:09.139+0530] {logging_mixin.py:188} INFO - [2024-06-18T13:23:09.139+0530] {dag.py:3096} INFO - Sync 1 DAGs
[2024-06-18T13:23:09.158+0530] {logging_mixin.py:188} INFO - [2024-06-18T13:23:09.158+0530] {dag.py:3954} INFO - Setting next_dagrun for example_dynamic_task_mapping to 2022-03-04 00:00:00+00:00, run_after=2022-03-05 00:00:00+00:00
[2024-06-18T13:23:09.182+0530] {processor.py:183} INFO - Processing /home/kiit/airflow-env/lib/python3.8/site-packages/airflow/example_dags/example_dynamic_task_mapping.py took 0.074 seconds
[2024-06-18T13:24:07.933+0530] {processor.py:161} INFO - Started process (PID=26660) to work on /home/kiit/airflow-env/lib/python3.8/site-packages/airflow/example_dags/example_dynamic_task_mapping.py
[2024-06-18T13:24:07.934+0530] {processor.py:830} INFO - Processing file /home/kiit/airflow-env/lib/python3.8/site-packages/airflow/example_dags/example_dynamic_task_mapping.py for tasks to queue
[2024-06-18T13:24:07.935+0530] {logging_mixin.py:188} INFO - [2024-06-18T13:24:07.935+0530] {dagbag.py:545} INFO - Filling up the DagBag from /home/kiit/airflow-env/lib/python3.8/site-packages/airflow/example_dags/example_dynamic_task_mapping.py
[2024-06-18T13:24:07.940+0530] {processor.py:840} INFO - DAG(s) 'example_dynamic_task_mapping' retrieved from /home/kiit/airflow-env/lib/python3.8/site-packages/airflow/example_dags/example_dynamic_task_mapping.py
[2024-06-18T13:24:07.951+0530] {logging_mixin.py:188} INFO - [2024-06-18T13:24:07.951+0530] {dag.py:3096} INFO - Sync 1 DAGs
[2024-06-18T13:24:07.964+0530] {logging_mixin.py:188} INFO - [2024-06-18T13:24:07.964+0530] {dag.py:3954} INFO - Setting next_dagrun for example_dynamic_task_mapping to 2022-03-04 00:00:00+00:00, run_after=2022-03-05 00:00:00+00:00
[2024-06-18T13:24:07.980+0530] {processor.py:183} INFO - Processing /home/kiit/airflow-env/lib/python3.8/site-packages/airflow/example_dags/example_dynamic_task_mapping.py took 0.052 seconds
[2024-06-18T13:25:06.649+0530] {processor.py:161} INFO - Started process (PID=26740) to work on /home/kiit/airflow-env/lib/python3.8/site-packages/airflow/example_dags/example_dynamic_task_mapping.py
[2024-06-18T13:25:06.650+0530] {processor.py:830} INFO - Processing file /home/kiit/airflow-env/lib/python3.8/site-packages/airflow/example_dags/example_dynamic_task_mapping.py for tasks to queue
[2024-06-18T13:25:06.652+0530] {logging_mixin.py:188} INFO - [2024-06-18T13:25:06.651+0530] {dagbag.py:545} INFO - Filling up the DagBag from /home/kiit/airflow-env/lib/python3.8/site-packages/airflow/example_dags/example_dynamic_task_mapping.py
[2024-06-18T13:25:06.658+0530] {processor.py:840} INFO - DAG(s) 'example_dynamic_task_mapping' retrieved from /home/kiit/airflow-env/lib/python3.8/site-packages/airflow/example_dags/example_dynamic_task_mapping.py
[2024-06-18T13:25:06.673+0530] {logging_mixin.py:188} INFO - [2024-06-18T13:25:06.672+0530] {dag.py:3096} INFO - Sync 1 DAGs
[2024-06-18T13:25:06.690+0530] {logging_mixin.py:188} INFO - [2024-06-18T13:25:06.689+0530] {dag.py:3954} INFO - Setting next_dagrun for example_dynamic_task_mapping to 2022-03-04 00:00:00+00:00, run_after=2022-03-05 00:00:00+00:00
[2024-06-18T13:25:06.712+0530] {processor.py:183} INFO - Processing /home/kiit/airflow-env/lib/python3.8/site-packages/airflow/example_dags/example_dynamic_task_mapping.py took 0.069 seconds
[2024-06-18T13:26:03.242+0530] {processor.py:161} INFO - Started process (PID=26805) to work on /home/kiit/airflow-env/lib/python3.8/site-packages/airflow/example_dags/example_dynamic_task_mapping.py
[2024-06-18T13:26:03.243+0530] {processor.py:830} INFO - Processing file /home/kiit/airflow-env/lib/python3.8/site-packages/airflow/example_dags/example_dynamic_task_mapping.py for tasks to queue
[2024-06-18T13:26:03.245+0530] {logging_mixin.py:188} INFO - [2024-06-18T13:26:03.244+0530] {dagbag.py:545} INFO - Filling up the DagBag from /home/kiit/airflow-env/lib/python3.8/site-packages/airflow/example_dags/example_dynamic_task_mapping.py
[2024-06-18T13:26:03.250+0530] {processor.py:840} INFO - DAG(s) 'example_dynamic_task_mapping' retrieved from /home/kiit/airflow-env/lib/python3.8/site-packages/airflow/example_dags/example_dynamic_task_mapping.py
[2024-06-18T13:26:03.266+0530] {logging_mixin.py:188} INFO - [2024-06-18T13:26:03.266+0530] {dag.py:3096} INFO - Sync 1 DAGs
[2024-06-18T13:26:03.280+0530] {logging_mixin.py:188} INFO - [2024-06-18T13:26:03.280+0530] {dag.py:3954} INFO - Setting next_dagrun for example_dynamic_task_mapping to 2022-03-04 00:00:00+00:00, run_after=2022-03-05 00:00:00+00:00
[2024-06-18T13:26:03.298+0530] {processor.py:183} INFO - Processing /home/kiit/airflow-env/lib/python3.8/site-packages/airflow/example_dags/example_dynamic_task_mapping.py took 0.062 seconds
[2024-06-18T13:27:16.559+0530] {processor.py:161} INFO - Started process (PID=26886) to work on /home/kiit/airflow-env/lib/python3.8/site-packages/airflow/example_dags/example_dynamic_task_mapping.py
[2024-06-18T13:27:16.561+0530] {processor.py:830} INFO - Processing file /home/kiit/airflow-env/lib/python3.8/site-packages/airflow/example_dags/example_dynamic_task_mapping.py for tasks to queue
[2024-06-18T13:27:16.562+0530] {logging_mixin.py:188} INFO - [2024-06-18T13:27:16.562+0530] {dagbag.py:545} INFO - Filling up the DagBag from /home/kiit/airflow-env/lib/python3.8/site-packages/airflow/example_dags/example_dynamic_task_mapping.py
[2024-06-18T13:27:16.567+0530] {processor.py:840} INFO - DAG(s) 'example_dynamic_task_mapping' retrieved from /home/kiit/airflow-env/lib/python3.8/site-packages/airflow/example_dags/example_dynamic_task_mapping.py
[2024-06-18T13:27:16.577+0530] {logging_mixin.py:188} INFO - [2024-06-18T13:27:16.577+0530] {dag.py:3096} INFO - Sync 1 DAGs
[2024-06-18T13:27:16.592+0530] {logging_mixin.py:188} INFO - [2024-06-18T13:27:16.592+0530] {dag.py:3954} INFO - Setting next_dagrun for example_dynamic_task_mapping to 2022-03-04 00:00:00+00:00, run_after=2022-03-05 00:00:00+00:00
[2024-06-18T13:27:16.611+0530] {processor.py:183} INFO - Processing /home/kiit/airflow-env/lib/python3.8/site-packages/airflow/example_dags/example_dynamic_task_mapping.py took 0.058 seconds
[2024-06-18T13:28:47.641+0530] {processor.py:161} INFO - Started process (PID=26963) to work on /home/kiit/airflow-env/lib/python3.8/site-packages/airflow/example_dags/example_dynamic_task_mapping.py
[2024-06-18T13:28:47.644+0530] {processor.py:830} INFO - Processing file /home/kiit/airflow-env/lib/python3.8/site-packages/airflow/example_dags/example_dynamic_task_mapping.py for tasks to queue
[2024-06-18T13:28:47.656+0530] {logging_mixin.py:188} INFO - [2024-06-18T13:28:47.655+0530] {dagbag.py:545} INFO - Filling up the DagBag from /home/kiit/airflow-env/lib/python3.8/site-packages/airflow/example_dags/example_dynamic_task_mapping.py
[2024-06-18T13:28:47.689+0530] {processor.py:840} INFO - DAG(s) 'example_dynamic_task_mapping' retrieved from /home/kiit/airflow-env/lib/python3.8/site-packages/airflow/example_dags/example_dynamic_task_mapping.py
[2024-06-18T13:28:47.740+0530] {logging_mixin.py:188} INFO - [2024-06-18T13:28:47.739+0530] {dag.py:3096} INFO - Sync 1 DAGs
[2024-06-18T13:28:47.799+0530] {logging_mixin.py:188} INFO - [2024-06-18T13:28:47.798+0530] {dag.py:3954} INFO - Setting next_dagrun for example_dynamic_task_mapping to 2022-03-04 00:00:00+00:00, run_after=2022-03-05 00:00:00+00:00
[2024-06-18T13:28:47.861+0530] {processor.py:183} INFO - Processing /home/kiit/airflow-env/lib/python3.8/site-packages/airflow/example_dags/example_dynamic_task_mapping.py took 0.255 seconds
[2024-06-18T13:29:54.513+0530] {processor.py:161} INFO - Started process (PID=27041) to work on /home/kiit/airflow-env/lib/python3.8/site-packages/airflow/example_dags/example_dynamic_task_mapping.py
[2024-06-18T13:29:54.515+0530] {processor.py:830} INFO - Processing file /home/kiit/airflow-env/lib/python3.8/site-packages/airflow/example_dags/example_dynamic_task_mapping.py for tasks to queue
[2024-06-18T13:29:54.519+0530] {logging_mixin.py:188} INFO - [2024-06-18T13:29:54.518+0530] {dagbag.py:545} INFO - Filling up the DagBag from /home/kiit/airflow-env/lib/python3.8/site-packages/airflow/example_dags/example_dynamic_task_mapping.py
[2024-06-18T13:29:54.538+0530] {processor.py:840} INFO - DAG(s) 'example_dynamic_task_mapping' retrieved from /home/kiit/airflow-env/lib/python3.8/site-packages/airflow/example_dags/example_dynamic_task_mapping.py
[2024-06-18T13:29:54.573+0530] {logging_mixin.py:188} INFO - [2024-06-18T13:29:54.573+0530] {dag.py:3096} INFO - Sync 1 DAGs
[2024-06-18T13:29:54.611+0530] {logging_mixin.py:188} INFO - [2024-06-18T13:29:54.611+0530] {dag.py:3954} INFO - Setting next_dagrun for example_dynamic_task_mapping to 2022-03-04 00:00:00+00:00, run_after=2022-03-05 00:00:00+00:00
[2024-06-18T13:29:54.652+0530] {processor.py:183} INFO - Processing /home/kiit/airflow-env/lib/python3.8/site-packages/airflow/example_dags/example_dynamic_task_mapping.py took 0.153 seconds
[2024-06-18T13:30:45.987+0530] {processor.py:161} INFO - Started process (PID=27115) to work on /home/kiit/airflow-env/lib/python3.8/site-packages/airflow/example_dags/example_dynamic_task_mapping.py
[2024-06-18T13:30:45.993+0530] {processor.py:830} INFO - Processing file /home/kiit/airflow-env/lib/python3.8/site-packages/airflow/example_dags/example_dynamic_task_mapping.py for tasks to queue
[2024-06-18T13:30:46.000+0530] {logging_mixin.py:188} INFO - [2024-06-18T13:30:45.998+0530] {dagbag.py:545} INFO - Filling up the DagBag from /home/kiit/airflow-env/lib/python3.8/site-packages/airflow/example_dags/example_dynamic_task_mapping.py
[2024-06-18T13:30:46.030+0530] {processor.py:840} INFO - DAG(s) 'example_dynamic_task_mapping' retrieved from /home/kiit/airflow-env/lib/python3.8/site-packages/airflow/example_dags/example_dynamic_task_mapping.py
[2024-06-18T13:30:46.092+0530] {logging_mixin.py:188} INFO - [2024-06-18T13:30:46.091+0530] {dag.py:3096} INFO - Sync 1 DAGs
[2024-06-18T13:30:46.166+0530] {logging_mixin.py:188} INFO - [2024-06-18T13:30:46.164+0530] {dag.py:3954} INFO - Setting next_dagrun for example_dynamic_task_mapping to 2022-03-04 00:00:00+00:00, run_after=2022-03-05 00:00:00+00:00
[2024-06-18T13:30:46.249+0530] {processor.py:183} INFO - Processing /home/kiit/airflow-env/lib/python3.8/site-packages/airflow/example_dags/example_dynamic_task_mapping.py took 0.288 seconds
[2024-06-18T13:31:46.226+0530] {processor.py:161} INFO - Started process (PID=27442) to work on /home/kiit/airflow-env/lib/python3.8/site-packages/airflow/example_dags/example_dynamic_task_mapping.py
[2024-06-18T13:31:46.227+0530] {processor.py:830} INFO - Processing file /home/kiit/airflow-env/lib/python3.8/site-packages/airflow/example_dags/example_dynamic_task_mapping.py for tasks to queue
[2024-06-18T13:31:46.228+0530] {logging_mixin.py:188} INFO - [2024-06-18T13:31:46.228+0530] {dagbag.py:545} INFO - Filling up the DagBag from /home/kiit/airflow-env/lib/python3.8/site-packages/airflow/example_dags/example_dynamic_task_mapping.py
[2024-06-18T13:31:46.236+0530] {processor.py:840} INFO - DAG(s) 'example_dynamic_task_mapping' retrieved from /home/kiit/airflow-env/lib/python3.8/site-packages/airflow/example_dags/example_dynamic_task_mapping.py
[2024-06-18T13:31:46.256+0530] {logging_mixin.py:188} INFO - [2024-06-18T13:31:46.256+0530] {dag.py:3096} INFO - Sync 1 DAGs
[2024-06-18T13:31:46.276+0530] {logging_mixin.py:188} INFO - [2024-06-18T13:31:46.276+0530] {dag.py:3954} INFO - Setting next_dagrun for example_dynamic_task_mapping to 2022-03-04 00:00:00+00:00, run_after=2022-03-05 00:00:00+00:00
[2024-06-18T13:31:46.301+0530] {processor.py:183} INFO - Processing /home/kiit/airflow-env/lib/python3.8/site-packages/airflow/example_dags/example_dynamic_task_mapping.py took 0.081 seconds
[2024-06-18T13:32:48.182+0530] {processor.py:161} INFO - Started process (PID=28149) to work on /home/kiit/airflow-env/lib/python3.8/site-packages/airflow/example_dags/example_dynamic_task_mapping.py
[2024-06-18T13:32:48.183+0530] {processor.py:830} INFO - Processing file /home/kiit/airflow-env/lib/python3.8/site-packages/airflow/example_dags/example_dynamic_task_mapping.py for tasks to queue
[2024-06-18T13:32:48.185+0530] {logging_mixin.py:188} INFO - [2024-06-18T13:32:48.184+0530] {dagbag.py:545} INFO - Filling up the DagBag from /home/kiit/airflow-env/lib/python3.8/site-packages/airflow/example_dags/example_dynamic_task_mapping.py
[2024-06-18T13:32:48.190+0530] {processor.py:840} INFO - DAG(s) 'example_dynamic_task_mapping' retrieved from /home/kiit/airflow-env/lib/python3.8/site-packages/airflow/example_dags/example_dynamic_task_mapping.py
[2024-06-18T13:32:48.200+0530] {logging_mixin.py:188} INFO - [2024-06-18T13:32:48.200+0530] {dag.py:3096} INFO - Sync 1 DAGs
[2024-06-18T13:32:48.213+0530] {logging_mixin.py:188} INFO - [2024-06-18T13:32:48.212+0530] {dag.py:3954} INFO - Setting next_dagrun for example_dynamic_task_mapping to 2022-03-04 00:00:00+00:00, run_after=2022-03-05 00:00:00+00:00
[2024-06-18T13:32:48.232+0530] {processor.py:183} INFO - Processing /home/kiit/airflow-env/lib/python3.8/site-packages/airflow/example_dags/example_dynamic_task_mapping.py took 0.055 seconds
[2024-06-18T13:33:51.714+0530] {processor.py:161} INFO - Started process (PID=30276) to work on /home/kiit/airflow-env/lib/python3.8/site-packages/airflow/example_dags/example_dynamic_task_mapping.py
[2024-06-18T13:33:51.716+0530] {processor.py:830} INFO - Processing file /home/kiit/airflow-env/lib/python3.8/site-packages/airflow/example_dags/example_dynamic_task_mapping.py for tasks to queue
[2024-06-18T13:33:51.717+0530] {logging_mixin.py:188} INFO - [2024-06-18T13:33:51.717+0530] {dagbag.py:545} INFO - Filling up the DagBag from /home/kiit/airflow-env/lib/python3.8/site-packages/airflow/example_dags/example_dynamic_task_mapping.py
[2024-06-18T13:33:51.723+0530] {processor.py:840} INFO - DAG(s) 'example_dynamic_task_mapping' retrieved from /home/kiit/airflow-env/lib/python3.8/site-packages/airflow/example_dags/example_dynamic_task_mapping.py
[2024-06-18T13:33:51.735+0530] {logging_mixin.py:188} INFO - [2024-06-18T13:33:51.735+0530] {dag.py:3096} INFO - Sync 1 DAGs
[2024-06-18T13:33:51.749+0530] {logging_mixin.py:188} INFO - [2024-06-18T13:33:51.749+0530] {dag.py:3954} INFO - Setting next_dagrun for example_dynamic_task_mapping to 2022-03-04 00:00:00+00:00, run_after=2022-03-05 00:00:00+00:00
[2024-06-18T13:33:51.767+0530] {processor.py:183} INFO - Processing /home/kiit/airflow-env/lib/python3.8/site-packages/airflow/example_dags/example_dynamic_task_mapping.py took 0.059 seconds
[2024-06-18T13:34:49.993+0530] {processor.py:161} INFO - Started process (PID=30479) to work on /home/kiit/airflow-env/lib/python3.8/site-packages/airflow/example_dags/example_dynamic_task_mapping.py
[2024-06-18T13:34:50.000+0530] {processor.py:830} INFO - Processing file /home/kiit/airflow-env/lib/python3.8/site-packages/airflow/example_dags/example_dynamic_task_mapping.py for tasks to queue
[2024-06-18T13:34:50.002+0530] {logging_mixin.py:188} INFO - [2024-06-18T13:34:50.002+0530] {dagbag.py:545} INFO - Filling up the DagBag from /home/kiit/airflow-env/lib/python3.8/site-packages/airflow/example_dags/example_dynamic_task_mapping.py
[2024-06-18T13:34:50.007+0530] {processor.py:840} INFO - DAG(s) 'example_dynamic_task_mapping' retrieved from /home/kiit/airflow-env/lib/python3.8/site-packages/airflow/example_dags/example_dynamic_task_mapping.py
[2024-06-18T13:34:50.020+0530] {logging_mixin.py:188} INFO - [2024-06-18T13:34:50.020+0530] {dag.py:3096} INFO - Sync 1 DAGs
[2024-06-18T13:34:50.036+0530] {logging_mixin.py:188} INFO - [2024-06-18T13:34:50.036+0530] {dag.py:3954} INFO - Setting next_dagrun for example_dynamic_task_mapping to 2022-03-04 00:00:00+00:00, run_after=2022-03-05 00:00:00+00:00
[2024-06-18T13:34:50.054+0530] {processor.py:183} INFO - Processing /home/kiit/airflow-env/lib/python3.8/site-packages/airflow/example_dags/example_dynamic_task_mapping.py took 0.066 seconds
[2024-06-18T13:35:54.106+0530] {processor.py:161} INFO - Started process (PID=30556) to work on /home/kiit/airflow-env/lib/python3.8/site-packages/airflow/example_dags/example_dynamic_task_mapping.py
[2024-06-18T13:35:54.112+0530] {processor.py:830} INFO - Processing file /home/kiit/airflow-env/lib/python3.8/site-packages/airflow/example_dags/example_dynamic_task_mapping.py for tasks to queue
[2024-06-18T13:35:54.116+0530] {logging_mixin.py:188} INFO - [2024-06-18T13:35:54.115+0530] {dagbag.py:545} INFO - Filling up the DagBag from /home/kiit/airflow-env/lib/python3.8/site-packages/airflow/example_dags/example_dynamic_task_mapping.py
[2024-06-18T13:35:54.123+0530] {processor.py:840} INFO - DAG(s) 'example_dynamic_task_mapping' retrieved from /home/kiit/airflow-env/lib/python3.8/site-packages/airflow/example_dags/example_dynamic_task_mapping.py
[2024-06-18T13:35:54.133+0530] {logging_mixin.py:188} INFO - [2024-06-18T13:35:54.133+0530] {dag.py:3096} INFO - Sync 1 DAGs
[2024-06-18T13:35:54.151+0530] {logging_mixin.py:188} INFO - [2024-06-18T13:35:54.151+0530] {dag.py:3954} INFO - Setting next_dagrun for example_dynamic_task_mapping to 2022-03-04 00:00:00+00:00, run_after=2022-03-05 00:00:00+00:00
[2024-06-18T13:35:54.169+0530] {processor.py:183} INFO - Processing /home/kiit/airflow-env/lib/python3.8/site-packages/airflow/example_dags/example_dynamic_task_mapping.py took 0.069 seconds
[2024-06-18T13:36:57.574+0530] {processor.py:161} INFO - Started process (PID=30627) to work on /home/kiit/airflow-env/lib/python3.8/site-packages/airflow/example_dags/example_dynamic_task_mapping.py
[2024-06-18T13:36:57.580+0530] {processor.py:830} INFO - Processing file /home/kiit/airflow-env/lib/python3.8/site-packages/airflow/example_dags/example_dynamic_task_mapping.py for tasks to queue
[2024-06-18T13:36:57.581+0530] {logging_mixin.py:188} INFO - [2024-06-18T13:36:57.581+0530] {dagbag.py:545} INFO - Filling up the DagBag from /home/kiit/airflow-env/lib/python3.8/site-packages/airflow/example_dags/example_dynamic_task_mapping.py
[2024-06-18T13:36:57.586+0530] {processor.py:840} INFO - DAG(s) 'example_dynamic_task_mapping' retrieved from /home/kiit/airflow-env/lib/python3.8/site-packages/airflow/example_dags/example_dynamic_task_mapping.py
[2024-06-18T13:36:57.596+0530] {logging_mixin.py:188} INFO - [2024-06-18T13:36:57.596+0530] {dag.py:3096} INFO - Sync 1 DAGs
[2024-06-18T13:36:57.611+0530] {logging_mixin.py:188} INFO - [2024-06-18T13:36:57.611+0530] {dag.py:3954} INFO - Setting next_dagrun for example_dynamic_task_mapping to 2022-03-04 00:00:00+00:00, run_after=2022-03-05 00:00:00+00:00
[2024-06-18T13:36:57.632+0530] {processor.py:183} INFO - Processing /home/kiit/airflow-env/lib/python3.8/site-packages/airflow/example_dags/example_dynamic_task_mapping.py took 0.064 seconds
[2024-06-18T13:38:04.317+0530] {processor.py:161} INFO - Started process (PID=30706) to work on /home/kiit/airflow-env/lib/python3.8/site-packages/airflow/example_dags/example_dynamic_task_mapping.py
[2024-06-18T13:38:04.318+0530] {processor.py:830} INFO - Processing file /home/kiit/airflow-env/lib/python3.8/site-packages/airflow/example_dags/example_dynamic_task_mapping.py for tasks to queue
[2024-06-18T13:38:04.321+0530] {logging_mixin.py:188} INFO - [2024-06-18T13:38:04.320+0530] {dagbag.py:545} INFO - Filling up the DagBag from /home/kiit/airflow-env/lib/python3.8/site-packages/airflow/example_dags/example_dynamic_task_mapping.py
[2024-06-18T13:38:04.326+0530] {processor.py:840} INFO - DAG(s) 'example_dynamic_task_mapping' retrieved from /home/kiit/airflow-env/lib/python3.8/site-packages/airflow/example_dags/example_dynamic_task_mapping.py
[2024-06-18T13:38:04.342+0530] {logging_mixin.py:188} INFO - [2024-06-18T13:38:04.342+0530] {dag.py:3096} INFO - Sync 1 DAGs
[2024-06-18T13:38:04.358+0530] {logging_mixin.py:188} INFO - [2024-06-18T13:38:04.358+0530] {dag.py:3954} INFO - Setting next_dagrun for example_dynamic_task_mapping to 2022-03-04 00:00:00+00:00, run_after=2022-03-05 00:00:00+00:00
[2024-06-18T13:38:04.386+0530] {processor.py:183} INFO - Processing /home/kiit/airflow-env/lib/python3.8/site-packages/airflow/example_dags/example_dynamic_task_mapping.py took 0.076 seconds
[2024-06-18T13:39:00.677+0530] {processor.py:161} INFO - Started process (PID=30765) to work on /home/kiit/airflow-env/lib/python3.8/site-packages/airflow/example_dags/example_dynamic_task_mapping.py
[2024-06-18T13:39:00.678+0530] {processor.py:830} INFO - Processing file /home/kiit/airflow-env/lib/python3.8/site-packages/airflow/example_dags/example_dynamic_task_mapping.py for tasks to queue
[2024-06-18T13:39:00.680+0530] {logging_mixin.py:188} INFO - [2024-06-18T13:39:00.680+0530] {dagbag.py:545} INFO - Filling up the DagBag from /home/kiit/airflow-env/lib/python3.8/site-packages/airflow/example_dags/example_dynamic_task_mapping.py
[2024-06-18T13:39:00.687+0530] {processor.py:840} INFO - DAG(s) 'example_dynamic_task_mapping' retrieved from /home/kiit/airflow-env/lib/python3.8/site-packages/airflow/example_dags/example_dynamic_task_mapping.py
[2024-06-18T13:39:00.712+0530] {logging_mixin.py:188} INFO - [2024-06-18T13:39:00.711+0530] {dag.py:3096} INFO - Sync 1 DAGs
[2024-06-18T13:39:00.740+0530] {logging_mixin.py:188} INFO - [2024-06-18T13:39:00.739+0530] {dag.py:3954} INFO - Setting next_dagrun for example_dynamic_task_mapping to 2022-03-04 00:00:00+00:00, run_after=2022-03-05 00:00:00+00:00
[2024-06-18T13:39:00.767+0530] {processor.py:183} INFO - Processing /home/kiit/airflow-env/lib/python3.8/site-packages/airflow/example_dags/example_dynamic_task_mapping.py took 0.098 seconds
[2024-06-18T13:40:00.076+0530] {processor.py:161} INFO - Started process (PID=30834) to work on /home/kiit/airflow-env/lib/python3.8/site-packages/airflow/example_dags/example_dynamic_task_mapping.py
[2024-06-18T13:40:00.077+0530] {processor.py:830} INFO - Processing file /home/kiit/airflow-env/lib/python3.8/site-packages/airflow/example_dags/example_dynamic_task_mapping.py for tasks to queue
[2024-06-18T13:40:00.079+0530] {logging_mixin.py:188} INFO - [2024-06-18T13:40:00.079+0530] {dagbag.py:545} INFO - Filling up the DagBag from /home/kiit/airflow-env/lib/python3.8/site-packages/airflow/example_dags/example_dynamic_task_mapping.py
[2024-06-18T13:40:00.085+0530] {processor.py:840} INFO - DAG(s) 'example_dynamic_task_mapping' retrieved from /home/kiit/airflow-env/lib/python3.8/site-packages/airflow/example_dags/example_dynamic_task_mapping.py
[2024-06-18T13:40:00.097+0530] {logging_mixin.py:188} INFO - [2024-06-18T13:40:00.096+0530] {dag.py:3096} INFO - Sync 1 DAGs
[2024-06-18T13:40:00.108+0530] {logging_mixin.py:188} INFO - [2024-06-18T13:40:00.108+0530] {dag.py:3954} INFO - Setting next_dagrun for example_dynamic_task_mapping to 2022-03-04 00:00:00+00:00, run_after=2022-03-05 00:00:00+00:00
[2024-06-18T13:40:00.129+0530] {processor.py:183} INFO - Processing /home/kiit/airflow-env/lib/python3.8/site-packages/airflow/example_dags/example_dynamic_task_mapping.py took 0.061 seconds
[2024-06-18T13:41:02.178+0530] {processor.py:161} INFO - Started process (PID=30977) to work on /home/kiit/airflow-env/lib/python3.8/site-packages/airflow/example_dags/example_dynamic_task_mapping.py
[2024-06-18T13:41:02.185+0530] {processor.py:830} INFO - Processing file /home/kiit/airflow-env/lib/python3.8/site-packages/airflow/example_dags/example_dynamic_task_mapping.py for tasks to queue
[2024-06-18T13:41:02.187+0530] {logging_mixin.py:188} INFO - [2024-06-18T13:41:02.187+0530] {dagbag.py:545} INFO - Filling up the DagBag from /home/kiit/airflow-env/lib/python3.8/site-packages/airflow/example_dags/example_dynamic_task_mapping.py
[2024-06-18T13:41:02.192+0530] {processor.py:840} INFO - DAG(s) 'example_dynamic_task_mapping' retrieved from /home/kiit/airflow-env/lib/python3.8/site-packages/airflow/example_dags/example_dynamic_task_mapping.py
[2024-06-18T13:41:02.205+0530] {logging_mixin.py:188} INFO - [2024-06-18T13:41:02.205+0530] {dag.py:3096} INFO - Sync 1 DAGs
[2024-06-18T13:41:02.220+0530] {logging_mixin.py:188} INFO - [2024-06-18T13:41:02.220+0530] {dag.py:3954} INFO - Setting next_dagrun for example_dynamic_task_mapping to 2022-03-04 00:00:00+00:00, run_after=2022-03-05 00:00:00+00:00
[2024-06-18T13:41:02.239+0530] {processor.py:183} INFO - Processing /home/kiit/airflow-env/lib/python3.8/site-packages/airflow/example_dags/example_dynamic_task_mapping.py took 0.065 seconds
[2024-06-18T15:05:50.665+0530] {processor.py:161} INFO - Started process (PID=33637) to work on /home/kiit/airflow-env/lib/python3.8/site-packages/airflow/example_dags/example_dynamic_task_mapping.py
[2024-06-18T15:05:50.666+0530] {processor.py:830} INFO - Processing file /home/kiit/airflow-env/lib/python3.8/site-packages/airflow/example_dags/example_dynamic_task_mapping.py for tasks to queue
[2024-06-18T15:05:50.667+0530] {logging_mixin.py:188} INFO - [2024-06-18T15:05:50.667+0530] {dagbag.py:545} INFO - Filling up the DagBag from /home/kiit/airflow-env/lib/python3.8/site-packages/airflow/example_dags/example_dynamic_task_mapping.py
[2024-06-18T15:05:50.677+0530] {processor.py:840} INFO - DAG(s) 'example_dynamic_task_mapping' retrieved from /home/kiit/airflow-env/lib/python3.8/site-packages/airflow/example_dags/example_dynamic_task_mapping.py
[2024-06-18T15:05:50.689+0530] {logging_mixin.py:188} INFO - [2024-06-18T15:05:50.689+0530] {dag.py:3096} INFO - Sync 1 DAGs
[2024-06-18T15:05:50.712+0530] {logging_mixin.py:188} INFO - [2024-06-18T15:05:50.712+0530] {dag.py:3954} INFO - Setting next_dagrun for example_dynamic_task_mapping to 2022-03-04 00:00:00+00:00, run_after=2022-03-05 00:00:00+00:00
[2024-06-18T15:05:50.738+0530] {processor.py:183} INFO - Processing /home/kiit/airflow-env/lib/python3.8/site-packages/airflow/example_dags/example_dynamic_task_mapping.py took 0.079 seconds
[2024-06-18T15:06:26.245+0530] {processor.py:161} INFO - Started process (PID=33696) to work on /home/kiit/airflow-env/lib/python3.8/site-packages/airflow/example_dags/example_dynamic_task_mapping.py
[2024-06-18T15:06:26.247+0530] {processor.py:830} INFO - Processing file /home/kiit/airflow-env/lib/python3.8/site-packages/airflow/example_dags/example_dynamic_task_mapping.py for tasks to queue
[2024-06-18T15:06:26.252+0530] {logging_mixin.py:188} INFO - [2024-06-18T15:06:26.251+0530] {dagbag.py:545} INFO - Filling up the DagBag from /home/kiit/airflow-env/lib/python3.8/site-packages/airflow/example_dags/example_dynamic_task_mapping.py
[2024-06-18T15:06:26.270+0530] {processor.py:840} INFO - DAG(s) 'example_dynamic_task_mapping' retrieved from /home/kiit/airflow-env/lib/python3.8/site-packages/airflow/example_dags/example_dynamic_task_mapping.py
[2024-06-18T15:06:26.707+0530] {logging_mixin.py:188} INFO - [2024-06-18T15:06:26.706+0530] {dag.py:3096} INFO - Sync 1 DAGs
[2024-06-18T15:06:26.750+0530] {logging_mixin.py:188} INFO - [2024-06-18T15:06:26.750+0530] {dag.py:3954} INFO - Setting next_dagrun for example_dynamic_task_mapping to 2022-03-04 00:00:00+00:00, run_after=2022-03-05 00:00:00+00:00
[2024-06-18T15:06:26.794+0530] {processor.py:183} INFO - Processing /home/kiit/airflow-env/lib/python3.8/site-packages/airflow/example_dags/example_dynamic_task_mapping.py took 0.567 seconds
[2024-06-18T15:06:57.518+0530] {processor.py:161} INFO - Started process (PID=33755) to work on /home/kiit/airflow-env/lib/python3.8/site-packages/airflow/example_dags/example_dynamic_task_mapping.py
[2024-06-18T15:06:57.525+0530] {processor.py:830} INFO - Processing file /home/kiit/airflow-env/lib/python3.8/site-packages/airflow/example_dags/example_dynamic_task_mapping.py for tasks to queue
[2024-06-18T15:06:57.527+0530] {logging_mixin.py:188} INFO - [2024-06-18T15:06:57.527+0530] {dagbag.py:545} INFO - Filling up the DagBag from /home/kiit/airflow-env/lib/python3.8/site-packages/airflow/example_dags/example_dynamic_task_mapping.py
[2024-06-18T15:06:57.533+0530] {processor.py:840} INFO - DAG(s) 'example_dynamic_task_mapping' retrieved from /home/kiit/airflow-env/lib/python3.8/site-packages/airflow/example_dags/example_dynamic_task_mapping.py
[2024-06-18T15:06:57.560+0530] {logging_mixin.py:188} INFO - [2024-06-18T15:06:57.559+0530] {dag.py:3096} INFO - Sync 1 DAGs
[2024-06-18T15:06:57.593+0530] {logging_mixin.py:188} INFO - [2024-06-18T15:06:57.593+0530] {dag.py:3954} INFO - Setting next_dagrun for example_dynamic_task_mapping to 2022-03-04 00:00:00+00:00, run_after=2022-03-05 00:00:00+00:00
[2024-06-18T15:06:57.630+0530] {processor.py:183} INFO - Processing /home/kiit/airflow-env/lib/python3.8/site-packages/airflow/example_dags/example_dynamic_task_mapping.py took 0.121 seconds
[2024-06-18T15:07:28.335+0530] {processor.py:161} INFO - Started process (PID=33814) to work on /home/kiit/airflow-env/lib/python3.8/site-packages/airflow/example_dags/example_dynamic_task_mapping.py
[2024-06-18T15:07:28.336+0530] {processor.py:830} INFO - Processing file /home/kiit/airflow-env/lib/python3.8/site-packages/airflow/example_dags/example_dynamic_task_mapping.py for tasks to queue
[2024-06-18T15:07:28.337+0530] {logging_mixin.py:188} INFO - [2024-06-18T15:07:28.337+0530] {dagbag.py:545} INFO - Filling up the DagBag from /home/kiit/airflow-env/lib/python3.8/site-packages/airflow/example_dags/example_dynamic_task_mapping.py
[2024-06-18T15:07:28.344+0530] {processor.py:840} INFO - DAG(s) 'example_dynamic_task_mapping' retrieved from /home/kiit/airflow-env/lib/python3.8/site-packages/airflow/example_dags/example_dynamic_task_mapping.py
[2024-06-18T15:07:28.365+0530] {logging_mixin.py:188} INFO - [2024-06-18T15:07:28.365+0530] {dag.py:3096} INFO - Sync 1 DAGs
[2024-06-18T15:07:28.385+0530] {logging_mixin.py:188} INFO - [2024-06-18T15:07:28.385+0530] {dag.py:3954} INFO - Setting next_dagrun for example_dynamic_task_mapping to 2022-03-04 00:00:00+00:00, run_after=2022-03-05 00:00:00+00:00
[2024-06-18T15:07:28.410+0530] {processor.py:183} INFO - Processing /home/kiit/airflow-env/lib/python3.8/site-packages/airflow/example_dags/example_dynamic_task_mapping.py took 0.081 seconds
[2024-06-18T15:07:59.065+0530] {processor.py:161} INFO - Started process (PID=33873) to work on /home/kiit/airflow-env/lib/python3.8/site-packages/airflow/example_dags/example_dynamic_task_mapping.py
[2024-06-18T15:07:59.072+0530] {processor.py:830} INFO - Processing file /home/kiit/airflow-env/lib/python3.8/site-packages/airflow/example_dags/example_dynamic_task_mapping.py for tasks to queue
[2024-06-18T15:07:59.074+0530] {logging_mixin.py:188} INFO - [2024-06-18T15:07:59.074+0530] {dagbag.py:545} INFO - Filling up the DagBag from /home/kiit/airflow-env/lib/python3.8/site-packages/airflow/example_dags/example_dynamic_task_mapping.py
[2024-06-18T15:07:59.079+0530] {processor.py:840} INFO - DAG(s) 'example_dynamic_task_mapping' retrieved from /home/kiit/airflow-env/lib/python3.8/site-packages/airflow/example_dags/example_dynamic_task_mapping.py
[2024-06-18T15:07:59.096+0530] {logging_mixin.py:188} INFO - [2024-06-18T15:07:59.096+0530] {dag.py:3096} INFO - Sync 1 DAGs
[2024-06-18T15:07:59.114+0530] {logging_mixin.py:188} INFO - [2024-06-18T15:07:59.113+0530] {dag.py:3954} INFO - Setting next_dagrun for example_dynamic_task_mapping to 2022-03-04 00:00:00+00:00, run_after=2022-03-05 00:00:00+00:00
[2024-06-18T15:07:59.138+0530] {processor.py:183} INFO - Processing /home/kiit/airflow-env/lib/python3.8/site-packages/airflow/example_dags/example_dynamic_task_mapping.py took 0.079 seconds
[2024-06-18T15:08:29.260+0530] {processor.py:161} INFO - Started process (PID=33932) to work on /home/kiit/airflow-env/lib/python3.8/site-packages/airflow/example_dags/example_dynamic_task_mapping.py
[2024-06-18T15:08:29.261+0530] {processor.py:830} INFO - Processing file /home/kiit/airflow-env/lib/python3.8/site-packages/airflow/example_dags/example_dynamic_task_mapping.py for tasks to queue
[2024-06-18T15:08:29.263+0530] {logging_mixin.py:188} INFO - [2024-06-18T15:08:29.263+0530] {dagbag.py:545} INFO - Filling up the DagBag from /home/kiit/airflow-env/lib/python3.8/site-packages/airflow/example_dags/example_dynamic_task_mapping.py
[2024-06-18T15:08:29.271+0530] {processor.py:840} INFO - DAG(s) 'example_dynamic_task_mapping' retrieved from /home/kiit/airflow-env/lib/python3.8/site-packages/airflow/example_dags/example_dynamic_task_mapping.py
[2024-06-18T15:08:29.300+0530] {logging_mixin.py:188} INFO - [2024-06-18T15:08:29.299+0530] {dag.py:3096} INFO - Sync 1 DAGs
[2024-06-18T15:08:29.328+0530] {logging_mixin.py:188} INFO - [2024-06-18T15:08:29.328+0530] {dag.py:3954} INFO - Setting next_dagrun for example_dynamic_task_mapping to 2022-03-04 00:00:00+00:00, run_after=2022-03-05 00:00:00+00:00
[2024-06-18T15:08:29.363+0530] {processor.py:183} INFO - Processing /home/kiit/airflow-env/lib/python3.8/site-packages/airflow/example_dags/example_dynamic_task_mapping.py took 0.111 seconds
[2024-06-18T15:08:59.929+0530] {processor.py:161} INFO - Started process (PID=33992) to work on /home/kiit/airflow-env/lib/python3.8/site-packages/airflow/example_dags/example_dynamic_task_mapping.py
[2024-06-18T15:08:59.931+0530] {processor.py:830} INFO - Processing file /home/kiit/airflow-env/lib/python3.8/site-packages/airflow/example_dags/example_dynamic_task_mapping.py for tasks to queue
[2024-06-18T15:08:59.933+0530] {logging_mixin.py:188} INFO - [2024-06-18T15:08:59.932+0530] {dagbag.py:545} INFO - Filling up the DagBag from /home/kiit/airflow-env/lib/python3.8/site-packages/airflow/example_dags/example_dynamic_task_mapping.py
[2024-06-18T15:08:59.937+0530] {processor.py:840} INFO - DAG(s) 'example_dynamic_task_mapping' retrieved from /home/kiit/airflow-env/lib/python3.8/site-packages/airflow/example_dags/example_dynamic_task_mapping.py
[2024-06-18T15:08:59.955+0530] {logging_mixin.py:188} INFO - [2024-06-18T15:08:59.955+0530] {dag.py:3096} INFO - Sync 1 DAGs
[2024-06-18T15:08:59.972+0530] {logging_mixin.py:188} INFO - [2024-06-18T15:08:59.972+0530] {dag.py:3954} INFO - Setting next_dagrun for example_dynamic_task_mapping to 2022-03-04 00:00:00+00:00, run_after=2022-03-05 00:00:00+00:00
[2024-06-18T15:08:59.995+0530] {processor.py:183} INFO - Processing /home/kiit/airflow-env/lib/python3.8/site-packages/airflow/example_dags/example_dynamic_task_mapping.py took 0.072 seconds
[2024-06-18T15:09:30.251+0530] {processor.py:161} INFO - Started process (PID=34052) to work on /home/kiit/airflow-env/lib/python3.8/site-packages/airflow/example_dags/example_dynamic_task_mapping.py
[2024-06-18T15:09:30.252+0530] {processor.py:830} INFO - Processing file /home/kiit/airflow-env/lib/python3.8/site-packages/airflow/example_dags/example_dynamic_task_mapping.py for tasks to queue
[2024-06-18T15:09:30.255+0530] {logging_mixin.py:188} INFO - [2024-06-18T15:09:30.254+0530] {dagbag.py:545} INFO - Filling up the DagBag from /home/kiit/airflow-env/lib/python3.8/site-packages/airflow/example_dags/example_dynamic_task_mapping.py
[2024-06-18T15:09:30.259+0530] {processor.py:840} INFO - DAG(s) 'example_dynamic_task_mapping' retrieved from /home/kiit/airflow-env/lib/python3.8/site-packages/airflow/example_dags/example_dynamic_task_mapping.py
[2024-06-18T15:09:30.275+0530] {logging_mixin.py:188} INFO - [2024-06-18T15:09:30.275+0530] {dag.py:3096} INFO - Sync 1 DAGs
[2024-06-18T15:09:30.288+0530] {logging_mixin.py:188} INFO - [2024-06-18T15:09:30.288+0530] {dag.py:3954} INFO - Setting next_dagrun for example_dynamic_task_mapping to 2022-03-04 00:00:00+00:00, run_after=2022-03-05 00:00:00+00:00
[2024-06-18T15:09:30.308+0530] {processor.py:183} INFO - Processing /home/kiit/airflow-env/lib/python3.8/site-packages/airflow/example_dags/example_dynamic_task_mapping.py took 0.065 seconds
[2024-06-18T15:10:00.459+0530] {processor.py:161} INFO - Started process (PID=34111) to work on /home/kiit/airflow-env/lib/python3.8/site-packages/airflow/example_dags/example_dynamic_task_mapping.py
[2024-06-18T15:10:00.460+0530] {processor.py:830} INFO - Processing file /home/kiit/airflow-env/lib/python3.8/site-packages/airflow/example_dags/example_dynamic_task_mapping.py for tasks to queue
[2024-06-18T15:10:00.463+0530] {logging_mixin.py:188} INFO - [2024-06-18T15:10:00.463+0530] {dagbag.py:545} INFO - Filling up the DagBag from /home/kiit/airflow-env/lib/python3.8/site-packages/airflow/example_dags/example_dynamic_task_mapping.py
[2024-06-18T15:10:00.467+0530] {processor.py:840} INFO - DAG(s) 'example_dynamic_task_mapping' retrieved from /home/kiit/airflow-env/lib/python3.8/site-packages/airflow/example_dags/example_dynamic_task_mapping.py
[2024-06-18T15:10:00.482+0530] {logging_mixin.py:188} INFO - [2024-06-18T15:10:00.482+0530] {dag.py:3096} INFO - Sync 1 DAGs
[2024-06-18T15:10:00.498+0530] {logging_mixin.py:188} INFO - [2024-06-18T15:10:00.497+0530] {dag.py:3954} INFO - Setting next_dagrun for example_dynamic_task_mapping to 2022-03-04 00:00:00+00:00, run_after=2022-03-05 00:00:00+00:00
[2024-06-18T15:10:00.517+0530] {processor.py:183} INFO - Processing /home/kiit/airflow-env/lib/python3.8/site-packages/airflow/example_dags/example_dynamic_task_mapping.py took 0.063 seconds
[2024-06-18T15:10:30.769+0530] {processor.py:161} INFO - Started process (PID=34171) to work on /home/kiit/airflow-env/lib/python3.8/site-packages/airflow/example_dags/example_dynamic_task_mapping.py
[2024-06-18T15:10:30.770+0530] {processor.py:830} INFO - Processing file /home/kiit/airflow-env/lib/python3.8/site-packages/airflow/example_dags/example_dynamic_task_mapping.py for tasks to queue
[2024-06-18T15:10:30.772+0530] {logging_mixin.py:188} INFO - [2024-06-18T15:10:30.771+0530] {dagbag.py:545} INFO - Filling up the DagBag from /home/kiit/airflow-env/lib/python3.8/site-packages/airflow/example_dags/example_dynamic_task_mapping.py
[2024-06-18T15:10:30.778+0530] {processor.py:840} INFO - DAG(s) 'example_dynamic_task_mapping' retrieved from /home/kiit/airflow-env/lib/python3.8/site-packages/airflow/example_dags/example_dynamic_task_mapping.py
[2024-06-18T15:10:30.796+0530] {logging_mixin.py:188} INFO - [2024-06-18T15:10:30.796+0530] {dag.py:3096} INFO - Sync 1 DAGs
[2024-06-18T15:10:30.812+0530] {logging_mixin.py:188} INFO - [2024-06-18T15:10:30.812+0530] {dag.py:3954} INFO - Setting next_dagrun for example_dynamic_task_mapping to 2022-03-04 00:00:00+00:00, run_after=2022-03-05 00:00:00+00:00
[2024-06-18T15:10:30.833+0530] {processor.py:183} INFO - Processing /home/kiit/airflow-env/lib/python3.8/site-packages/airflow/example_dags/example_dynamic_task_mapping.py took 0.071 seconds
[2024-06-18T15:11:01.090+0530] {processor.py:161} INFO - Started process (PID=34230) to work on /home/kiit/airflow-env/lib/python3.8/site-packages/airflow/example_dags/example_dynamic_task_mapping.py
[2024-06-18T15:11:01.096+0530] {processor.py:830} INFO - Processing file /home/kiit/airflow-env/lib/python3.8/site-packages/airflow/example_dags/example_dynamic_task_mapping.py for tasks to queue
[2024-06-18T15:11:01.098+0530] {logging_mixin.py:188} INFO - [2024-06-18T15:11:01.098+0530] {dagbag.py:545} INFO - Filling up the DagBag from /home/kiit/airflow-env/lib/python3.8/site-packages/airflow/example_dags/example_dynamic_task_mapping.py
[2024-06-18T15:11:01.104+0530] {processor.py:840} INFO - DAG(s) 'example_dynamic_task_mapping' retrieved from /home/kiit/airflow-env/lib/python3.8/site-packages/airflow/example_dags/example_dynamic_task_mapping.py
[2024-06-18T15:11:01.120+0530] {logging_mixin.py:188} INFO - [2024-06-18T15:11:01.120+0530] {dag.py:3096} INFO - Sync 1 DAGs
[2024-06-18T15:11:01.134+0530] {logging_mixin.py:188} INFO - [2024-06-18T15:11:01.134+0530] {dag.py:3954} INFO - Setting next_dagrun for example_dynamic_task_mapping to 2022-03-04 00:00:00+00:00, run_after=2022-03-05 00:00:00+00:00
[2024-06-18T15:11:01.153+0530] {processor.py:183} INFO - Processing /home/kiit/airflow-env/lib/python3.8/site-packages/airflow/example_dags/example_dynamic_task_mapping.py took 0.070 seconds
[2024-06-18T15:11:31.248+0530] {processor.py:161} INFO - Started process (PID=34289) to work on /home/kiit/airflow-env/lib/python3.8/site-packages/airflow/example_dags/example_dynamic_task_mapping.py
[2024-06-18T15:11:31.250+0530] {processor.py:830} INFO - Processing file /home/kiit/airflow-env/lib/python3.8/site-packages/airflow/example_dags/example_dynamic_task_mapping.py for tasks to queue
[2024-06-18T15:11:31.252+0530] {logging_mixin.py:188} INFO - [2024-06-18T15:11:31.251+0530] {dagbag.py:545} INFO - Filling up the DagBag from /home/kiit/airflow-env/lib/python3.8/site-packages/airflow/example_dags/example_dynamic_task_mapping.py
[2024-06-18T15:11:31.257+0530] {processor.py:840} INFO - DAG(s) 'example_dynamic_task_mapping' retrieved from /home/kiit/airflow-env/lib/python3.8/site-packages/airflow/example_dags/example_dynamic_task_mapping.py
[2024-06-18T15:11:31.275+0530] {logging_mixin.py:188} INFO - [2024-06-18T15:11:31.275+0530] {dag.py:3096} INFO - Sync 1 DAGs
[2024-06-18T15:11:31.290+0530] {logging_mixin.py:188} INFO - [2024-06-18T15:11:31.290+0530] {dag.py:3954} INFO - Setting next_dagrun for example_dynamic_task_mapping to 2022-03-04 00:00:00+00:00, run_after=2022-03-05 00:00:00+00:00
[2024-06-18T15:11:31.312+0530] {processor.py:183} INFO - Processing /home/kiit/airflow-env/lib/python3.8/site-packages/airflow/example_dags/example_dynamic_task_mapping.py took 0.070 seconds
[2024-06-18T15:12:01.511+0530] {processor.py:161} INFO - Started process (PID=34348) to work on /home/kiit/airflow-env/lib/python3.8/site-packages/airflow/example_dags/example_dynamic_task_mapping.py
[2024-06-18T15:12:01.513+0530] {processor.py:830} INFO - Processing file /home/kiit/airflow-env/lib/python3.8/site-packages/airflow/example_dags/example_dynamic_task_mapping.py for tasks to queue
[2024-06-18T15:12:01.514+0530] {logging_mixin.py:188} INFO - [2024-06-18T15:12:01.514+0530] {dagbag.py:545} INFO - Filling up the DagBag from /home/kiit/airflow-env/lib/python3.8/site-packages/airflow/example_dags/example_dynamic_task_mapping.py
[2024-06-18T15:12:01.520+0530] {processor.py:840} INFO - DAG(s) 'example_dynamic_task_mapping' retrieved from /home/kiit/airflow-env/lib/python3.8/site-packages/airflow/example_dags/example_dynamic_task_mapping.py
[2024-06-18T15:12:01.538+0530] {logging_mixin.py:188} INFO - [2024-06-18T15:12:01.538+0530] {dag.py:3096} INFO - Sync 1 DAGs
[2024-06-18T15:12:01.555+0530] {logging_mixin.py:188} INFO - [2024-06-18T15:12:01.555+0530] {dag.py:3954} INFO - Setting next_dagrun for example_dynamic_task_mapping to 2022-03-04 00:00:00+00:00, run_after=2022-03-05 00:00:00+00:00
[2024-06-18T15:12:01.583+0530] {processor.py:183} INFO - Processing /home/kiit/airflow-env/lib/python3.8/site-packages/airflow/example_dags/example_dynamic_task_mapping.py took 0.079 seconds
[2024-06-18T15:12:31.839+0530] {processor.py:161} INFO - Started process (PID=34408) to work on /home/kiit/airflow-env/lib/python3.8/site-packages/airflow/example_dags/example_dynamic_task_mapping.py
[2024-06-18T15:12:31.840+0530] {processor.py:830} INFO - Processing file /home/kiit/airflow-env/lib/python3.8/site-packages/airflow/example_dags/example_dynamic_task_mapping.py for tasks to queue
[2024-06-18T15:12:31.842+0530] {logging_mixin.py:188} INFO - [2024-06-18T15:12:31.842+0530] {dagbag.py:545} INFO - Filling up the DagBag from /home/kiit/airflow-env/lib/python3.8/site-packages/airflow/example_dags/example_dynamic_task_mapping.py
[2024-06-18T15:12:31.847+0530] {processor.py:840} INFO - DAG(s) 'example_dynamic_task_mapping' retrieved from /home/kiit/airflow-env/lib/python3.8/site-packages/airflow/example_dags/example_dynamic_task_mapping.py
[2024-06-18T15:12:31.866+0530] {logging_mixin.py:188} INFO - [2024-06-18T15:12:31.866+0530] {dag.py:3096} INFO - Sync 1 DAGs
[2024-06-18T15:12:31.881+0530] {logging_mixin.py:188} INFO - [2024-06-18T15:12:31.881+0530] {dag.py:3954} INFO - Setting next_dagrun for example_dynamic_task_mapping to 2022-03-04 00:00:00+00:00, run_after=2022-03-05 00:00:00+00:00
[2024-06-18T15:12:31.909+0530] {processor.py:183} INFO - Processing /home/kiit/airflow-env/lib/python3.8/site-packages/airflow/example_dags/example_dynamic_task_mapping.py took 0.078 seconds
[2024-06-18T15:13:02.120+0530] {processor.py:161} INFO - Started process (PID=34467) to work on /home/kiit/airflow-env/lib/python3.8/site-packages/airflow/example_dags/example_dynamic_task_mapping.py
[2024-06-18T15:13:02.122+0530] {processor.py:830} INFO - Processing file /home/kiit/airflow-env/lib/python3.8/site-packages/airflow/example_dags/example_dynamic_task_mapping.py for tasks to queue
[2024-06-18T15:13:02.124+0530] {logging_mixin.py:188} INFO - [2024-06-18T15:13:02.124+0530] {dagbag.py:545} INFO - Filling up the DagBag from /home/kiit/airflow-env/lib/python3.8/site-packages/airflow/example_dags/example_dynamic_task_mapping.py
[2024-06-18T15:13:02.130+0530] {processor.py:840} INFO - DAG(s) 'example_dynamic_task_mapping' retrieved from /home/kiit/airflow-env/lib/python3.8/site-packages/airflow/example_dags/example_dynamic_task_mapping.py
[2024-06-18T15:13:02.148+0530] {logging_mixin.py:188} INFO - [2024-06-18T15:13:02.148+0530] {dag.py:3096} INFO - Sync 1 DAGs
[2024-06-18T15:13:02.163+0530] {logging_mixin.py:188} INFO - [2024-06-18T15:13:02.163+0530] {dag.py:3954} INFO - Setting next_dagrun for example_dynamic_task_mapping to 2022-03-04 00:00:00+00:00, run_after=2022-03-05 00:00:00+00:00
[2024-06-18T15:13:02.185+0530] {processor.py:183} INFO - Processing /home/kiit/airflow-env/lib/python3.8/site-packages/airflow/example_dags/example_dynamic_task_mapping.py took 0.073 seconds
[2024-06-18T15:13:32.434+0530] {processor.py:161} INFO - Started process (PID=34526) to work on /home/kiit/airflow-env/lib/python3.8/site-packages/airflow/example_dags/example_dynamic_task_mapping.py
[2024-06-18T15:13:32.435+0530] {processor.py:830} INFO - Processing file /home/kiit/airflow-env/lib/python3.8/site-packages/airflow/example_dags/example_dynamic_task_mapping.py for tasks to queue
[2024-06-18T15:13:32.436+0530] {logging_mixin.py:188} INFO - [2024-06-18T15:13:32.436+0530] {dagbag.py:545} INFO - Filling up the DagBag from /home/kiit/airflow-env/lib/python3.8/site-packages/airflow/example_dags/example_dynamic_task_mapping.py
[2024-06-18T15:13:32.444+0530] {processor.py:840} INFO - DAG(s) 'example_dynamic_task_mapping' retrieved from /home/kiit/airflow-env/lib/python3.8/site-packages/airflow/example_dags/example_dynamic_task_mapping.py
[2024-06-18T15:13:32.463+0530] {logging_mixin.py:188} INFO - [2024-06-18T15:13:32.463+0530] {dag.py:3096} INFO - Sync 1 DAGs
[2024-06-18T15:13:32.482+0530] {logging_mixin.py:188} INFO - [2024-06-18T15:13:32.482+0530] {dag.py:3954} INFO - Setting next_dagrun for example_dynamic_task_mapping to 2022-03-04 00:00:00+00:00, run_after=2022-03-05 00:00:00+00:00
[2024-06-18T15:13:32.503+0530] {processor.py:183} INFO - Processing /home/kiit/airflow-env/lib/python3.8/site-packages/airflow/example_dags/example_dynamic_task_mapping.py took 0.075 seconds
[2024-06-18T15:14:02.710+0530] {processor.py:161} INFO - Started process (PID=34585) to work on /home/kiit/airflow-env/lib/python3.8/site-packages/airflow/example_dags/example_dynamic_task_mapping.py
[2024-06-18T15:14:02.711+0530] {processor.py:830} INFO - Processing file /home/kiit/airflow-env/lib/python3.8/site-packages/airflow/example_dags/example_dynamic_task_mapping.py for tasks to queue
[2024-06-18T15:14:02.713+0530] {logging_mixin.py:188} INFO - [2024-06-18T15:14:02.712+0530] {dagbag.py:545} INFO - Filling up the DagBag from /home/kiit/airflow-env/lib/python3.8/site-packages/airflow/example_dags/example_dynamic_task_mapping.py
[2024-06-18T15:14:02.719+0530] {processor.py:840} INFO - DAG(s) 'example_dynamic_task_mapping' retrieved from /home/kiit/airflow-env/lib/python3.8/site-packages/airflow/example_dags/example_dynamic_task_mapping.py
[2024-06-18T15:14:02.738+0530] {logging_mixin.py:188} INFO - [2024-06-18T15:14:02.738+0530] {dag.py:3096} INFO - Sync 1 DAGs
[2024-06-18T15:14:02.753+0530] {logging_mixin.py:188} INFO - [2024-06-18T15:14:02.752+0530] {dag.py:3954} INFO - Setting next_dagrun for example_dynamic_task_mapping to 2022-03-04 00:00:00+00:00, run_after=2022-03-05 00:00:00+00:00
[2024-06-18T15:14:02.775+0530] {processor.py:183} INFO - Processing /home/kiit/airflow-env/lib/python3.8/site-packages/airflow/example_dags/example_dynamic_task_mapping.py took 0.071 seconds
[2024-06-18T15:14:33.037+0530] {processor.py:161} INFO - Started process (PID=34644) to work on /home/kiit/airflow-env/lib/python3.8/site-packages/airflow/example_dags/example_dynamic_task_mapping.py
[2024-06-18T15:14:33.038+0530] {processor.py:830} INFO - Processing file /home/kiit/airflow-env/lib/python3.8/site-packages/airflow/example_dags/example_dynamic_task_mapping.py for tasks to queue
[2024-06-18T15:14:33.039+0530] {logging_mixin.py:188} INFO - [2024-06-18T15:14:33.039+0530] {dagbag.py:545} INFO - Filling up the DagBag from /home/kiit/airflow-env/lib/python3.8/site-packages/airflow/example_dags/example_dynamic_task_mapping.py
[2024-06-18T15:14:33.046+0530] {processor.py:840} INFO - DAG(s) 'example_dynamic_task_mapping' retrieved from /home/kiit/airflow-env/lib/python3.8/site-packages/airflow/example_dags/example_dynamic_task_mapping.py
[2024-06-18T15:14:33.064+0530] {logging_mixin.py:188} INFO - [2024-06-18T15:14:33.064+0530] {dag.py:3096} INFO - Sync 1 DAGs
[2024-06-18T15:14:33.080+0530] {logging_mixin.py:188} INFO - [2024-06-18T15:14:33.079+0530] {dag.py:3954} INFO - Setting next_dagrun for example_dynamic_task_mapping to 2022-03-04 00:00:00+00:00, run_after=2022-03-05 00:00:00+00:00
[2024-06-18T15:14:33.103+0530] {processor.py:183} INFO - Processing /home/kiit/airflow-env/lib/python3.8/site-packages/airflow/example_dags/example_dynamic_task_mapping.py took 0.073 seconds
[2024-06-18T15:15:03.389+0530] {processor.py:161} INFO - Started process (PID=34703) to work on /home/kiit/airflow-env/lib/python3.8/site-packages/airflow/example_dags/example_dynamic_task_mapping.py
[2024-06-18T15:15:03.391+0530] {processor.py:830} INFO - Processing file /home/kiit/airflow-env/lib/python3.8/site-packages/airflow/example_dags/example_dynamic_task_mapping.py for tasks to queue
[2024-06-18T15:15:03.393+0530] {logging_mixin.py:188} INFO - [2024-06-18T15:15:03.393+0530] {dagbag.py:545} INFO - Filling up the DagBag from /home/kiit/airflow-env/lib/python3.8/site-packages/airflow/example_dags/example_dynamic_task_mapping.py
[2024-06-18T15:15:03.398+0530] {processor.py:840} INFO - DAG(s) 'example_dynamic_task_mapping' retrieved from /home/kiit/airflow-env/lib/python3.8/site-packages/airflow/example_dags/example_dynamic_task_mapping.py
[2024-06-18T15:15:03.414+0530] {logging_mixin.py:188} INFO - [2024-06-18T15:15:03.413+0530] {dag.py:3096} INFO - Sync 1 DAGs
[2024-06-18T15:15:03.430+0530] {logging_mixin.py:188} INFO - [2024-06-18T15:15:03.430+0530] {dag.py:3954} INFO - Setting next_dagrun for example_dynamic_task_mapping to 2022-03-04 00:00:00+00:00, run_after=2022-03-05 00:00:00+00:00
[2024-06-18T15:15:03.455+0530] {processor.py:183} INFO - Processing /home/kiit/airflow-env/lib/python3.8/site-packages/airflow/example_dags/example_dynamic_task_mapping.py took 0.073 seconds
[2024-06-18T15:15:33.656+0530] {processor.py:161} INFO - Started process (PID=34762) to work on /home/kiit/airflow-env/lib/python3.8/site-packages/airflow/example_dags/example_dynamic_task_mapping.py
[2024-06-18T15:15:33.663+0530] {processor.py:830} INFO - Processing file /home/kiit/airflow-env/lib/python3.8/site-packages/airflow/example_dags/example_dynamic_task_mapping.py for tasks to queue
[2024-06-18T15:15:33.664+0530] {logging_mixin.py:188} INFO - [2024-06-18T15:15:33.664+0530] {dagbag.py:545} INFO - Filling up the DagBag from /home/kiit/airflow-env/lib/python3.8/site-packages/airflow/example_dags/example_dynamic_task_mapping.py
[2024-06-18T15:15:33.670+0530] {processor.py:840} INFO - DAG(s) 'example_dynamic_task_mapping' retrieved from /home/kiit/airflow-env/lib/python3.8/site-packages/airflow/example_dags/example_dynamic_task_mapping.py
[2024-06-18T15:15:33.687+0530] {logging_mixin.py:188} INFO - [2024-06-18T15:15:33.687+0530] {dag.py:3096} INFO - Sync 1 DAGs
[2024-06-18T15:15:33.701+0530] {logging_mixin.py:188} INFO - [2024-06-18T15:15:33.701+0530] {dag.py:3954} INFO - Setting next_dagrun for example_dynamic_task_mapping to 2022-03-04 00:00:00+00:00, run_after=2022-03-05 00:00:00+00:00
[2024-06-18T15:15:33.724+0530] {processor.py:183} INFO - Processing /home/kiit/airflow-env/lib/python3.8/site-packages/airflow/example_dags/example_dynamic_task_mapping.py took 0.075 seconds
[2024-06-18T15:16:03.938+0530] {processor.py:161} INFO - Started process (PID=34821) to work on /home/kiit/airflow-env/lib/python3.8/site-packages/airflow/example_dags/example_dynamic_task_mapping.py
[2024-06-18T15:16:03.938+0530] {processor.py:830} INFO - Processing file /home/kiit/airflow-env/lib/python3.8/site-packages/airflow/example_dags/example_dynamic_task_mapping.py for tasks to queue
[2024-06-18T15:16:03.940+0530] {logging_mixin.py:188} INFO - [2024-06-18T15:16:03.940+0530] {dagbag.py:545} INFO - Filling up the DagBag from /home/kiit/airflow-env/lib/python3.8/site-packages/airflow/example_dags/example_dynamic_task_mapping.py
[2024-06-18T15:16:03.947+0530] {processor.py:840} INFO - DAG(s) 'example_dynamic_task_mapping' retrieved from /home/kiit/airflow-env/lib/python3.8/site-packages/airflow/example_dags/example_dynamic_task_mapping.py
[2024-06-18T15:16:03.966+0530] {logging_mixin.py:188} INFO - [2024-06-18T15:16:03.966+0530] {dag.py:3096} INFO - Sync 1 DAGs
[2024-06-18T15:16:03.984+0530] {logging_mixin.py:188} INFO - [2024-06-18T15:16:03.983+0530] {dag.py:3954} INFO - Setting next_dagrun for example_dynamic_task_mapping to 2022-03-04 00:00:00+00:00, run_after=2022-03-05 00:00:00+00:00
[2024-06-18T15:16:04.008+0530] {processor.py:183} INFO - Processing /home/kiit/airflow-env/lib/python3.8/site-packages/airflow/example_dags/example_dynamic_task_mapping.py took 0.078 seconds
[2024-06-18T15:16:34.187+0530] {processor.py:161} INFO - Started process (PID=34904) to work on /home/kiit/airflow-env/lib/python3.8/site-packages/airflow/example_dags/example_dynamic_task_mapping.py
[2024-06-18T15:16:34.189+0530] {processor.py:830} INFO - Processing file /home/kiit/airflow-env/lib/python3.8/site-packages/airflow/example_dags/example_dynamic_task_mapping.py for tasks to queue
[2024-06-18T15:16:34.191+0530] {logging_mixin.py:188} INFO - [2024-06-18T15:16:34.191+0530] {dagbag.py:545} INFO - Filling up the DagBag from /home/kiit/airflow-env/lib/python3.8/site-packages/airflow/example_dags/example_dynamic_task_mapping.py
[2024-06-18T15:16:34.197+0530] {processor.py:840} INFO - DAG(s) 'example_dynamic_task_mapping' retrieved from /home/kiit/airflow-env/lib/python3.8/site-packages/airflow/example_dags/example_dynamic_task_mapping.py
[2024-06-18T15:16:34.272+0530] {logging_mixin.py:188} INFO - [2024-06-18T15:16:34.271+0530] {dag.py:3096} INFO - Sync 1 DAGs
[2024-06-18T15:16:34.285+0530] {logging_mixin.py:188} INFO - [2024-06-18T15:16:34.285+0530] {dag.py:3954} INFO - Setting next_dagrun for example_dynamic_task_mapping to 2022-03-04 00:00:00+00:00, run_after=2022-03-05 00:00:00+00:00
[2024-06-18T15:16:34.313+0530] {processor.py:183} INFO - Processing /home/kiit/airflow-env/lib/python3.8/site-packages/airflow/example_dags/example_dynamic_task_mapping.py took 0.131 seconds
