[2024-06-18T13:05:31.869+0530] {processor.py:161} INFO - Started process (PID=25332) to work on /home/kiit/airflow-env/lib/python3.8/site-packages/airflow/example_dags/example_params_ui_tutorial.py
[2024-06-18T13:05:31.872+0530] {processor.py:830} INFO - Processing file /home/kiit/airflow-env/lib/python3.8/site-packages/airflow/example_dags/example_params_ui_tutorial.py for tasks to queue
[2024-06-18T13:05:31.875+0530] {logging_mixin.py:188} INFO - [2024-06-18T13:05:31.874+0530] {dagbag.py:545} INFO - Filling up the DagBag from /home/kiit/airflow-env/lib/python3.8/site-packages/airflow/example_dags/example_params_ui_tutorial.py
[2024-06-18T13:05:31.910+0530] {processor.py:840} INFO - DAG(s) 'example_params_ui_tutorial' retrieved from /home/kiit/airflow-env/lib/python3.8/site-packages/airflow/example_dags/example_params_ui_tutorial.py
[2024-06-18T13:05:32.147+0530] {logging_mixin.py:188} INFO - [2024-06-18T13:05:32.146+0530] {dag.py:3096} INFO - Sync 1 DAGs
[2024-06-18T13:05:32.165+0530] {logging_mixin.py:188} INFO - [2024-06-18T13:05:32.165+0530] {dag.py:3954} INFO - Setting next_dagrun for example_params_ui_tutorial to None, run_after=None
[2024-06-18T13:05:32.220+0530] {processor.py:183} INFO - Processing /home/kiit/airflow-env/lib/python3.8/site-packages/airflow/example_dags/example_params_ui_tutorial.py took 0.363 seconds
[2024-06-18T13:06:29.911+0530] {processor.py:161} INFO - Started process (PID=25407) to work on /home/kiit/airflow-env/lib/python3.8/site-packages/airflow/example_dags/example_params_ui_tutorial.py
[2024-06-18T13:06:29.914+0530] {processor.py:830} INFO - Processing file /home/kiit/airflow-env/lib/python3.8/site-packages/airflow/example_dags/example_params_ui_tutorial.py for tasks to queue
[2024-06-18T13:06:29.915+0530] {logging_mixin.py:188} INFO - [2024-06-18T13:06:29.914+0530] {dagbag.py:545} INFO - Filling up the DagBag from /home/kiit/airflow-env/lib/python3.8/site-packages/airflow/example_dags/example_params_ui_tutorial.py
[2024-06-18T13:06:29.922+0530] {processor.py:840} INFO - DAG(s) 'example_params_ui_tutorial' retrieved from /home/kiit/airflow-env/lib/python3.8/site-packages/airflow/example_dags/example_params_ui_tutorial.py
[2024-06-18T13:06:29.958+0530] {logging_mixin.py:188} INFO - [2024-06-18T13:06:29.958+0530] {dag.py:3096} INFO - Sync 1 DAGs
[2024-06-18T13:06:29.967+0530] {logging_mixin.py:188} INFO - [2024-06-18T13:06:29.966+0530] {dag.py:3954} INFO - Setting next_dagrun for example_params_ui_tutorial to None, run_after=None
[2024-06-18T13:06:29.983+0530] {processor.py:183} INFO - Processing /home/kiit/airflow-env/lib/python3.8/site-packages/airflow/example_dags/example_params_ui_tutorial.py took 0.076 seconds
[2024-06-18T13:07:16.177+0530] {processor.py:161} INFO - Started process (PID=25465) to work on /home/kiit/airflow-env/lib/python3.8/site-packages/airflow/example_dags/example_params_ui_tutorial.py
[2024-06-18T13:07:16.179+0530] {processor.py:830} INFO - Processing file /home/kiit/airflow-env/lib/python3.8/site-packages/airflow/example_dags/example_params_ui_tutorial.py for tasks to queue
[2024-06-18T13:07:16.180+0530] {logging_mixin.py:188} INFO - [2024-06-18T13:07:16.180+0530] {dagbag.py:545} INFO - Filling up the DagBag from /home/kiit/airflow-env/lib/python3.8/site-packages/airflow/example_dags/example_params_ui_tutorial.py
[2024-06-18T13:07:16.192+0530] {processor.py:840} INFO - DAG(s) 'example_params_ui_tutorial' retrieved from /home/kiit/airflow-env/lib/python3.8/site-packages/airflow/example_dags/example_params_ui_tutorial.py
[2024-06-18T13:07:16.236+0530] {logging_mixin.py:188} INFO - [2024-06-18T13:07:16.236+0530] {dag.py:3096} INFO - Sync 1 DAGs
[2024-06-18T13:07:16.246+0530] {logging_mixin.py:188} INFO - [2024-06-18T13:07:16.245+0530] {dag.py:3954} INFO - Setting next_dagrun for example_params_ui_tutorial to None, run_after=None
[2024-06-18T13:07:16.351+0530] {processor.py:183} INFO - Processing /home/kiit/airflow-env/lib/python3.8/site-packages/airflow/example_dags/example_params_ui_tutorial.py took 0.180 seconds
[2024-06-18T13:08:13.738+0530] {processor.py:161} INFO - Started process (PID=25517) to work on /home/kiit/airflow-env/lib/python3.8/site-packages/airflow/example_dags/example_params_ui_tutorial.py
[2024-06-18T13:08:13.746+0530] {processor.py:830} INFO - Processing file /home/kiit/airflow-env/lib/python3.8/site-packages/airflow/example_dags/example_params_ui_tutorial.py for tasks to queue
[2024-06-18T13:08:13.747+0530] {logging_mixin.py:188} INFO - [2024-06-18T13:08:13.747+0530] {dagbag.py:545} INFO - Filling up the DagBag from /home/kiit/airflow-env/lib/python3.8/site-packages/airflow/example_dags/example_params_ui_tutorial.py
[2024-06-18T13:08:13.758+0530] {processor.py:840} INFO - DAG(s) 'example_params_ui_tutorial' retrieved from /home/kiit/airflow-env/lib/python3.8/site-packages/airflow/example_dags/example_params_ui_tutorial.py
[2024-06-18T13:08:13.801+0530] {logging_mixin.py:188} INFO - [2024-06-18T13:08:13.800+0530] {dag.py:3096} INFO - Sync 1 DAGs
[2024-06-18T13:08:13.810+0530] {logging_mixin.py:188} INFO - [2024-06-18T13:08:13.810+0530] {dag.py:3954} INFO - Setting next_dagrun for example_params_ui_tutorial to None, run_after=None
[2024-06-18T13:08:13.829+0530] {processor.py:183} INFO - Processing /home/kiit/airflow-env/lib/python3.8/site-packages/airflow/example_dags/example_params_ui_tutorial.py took 0.094 seconds
[2024-06-18T13:09:01.783+0530] {processor.py:161} INFO - Started process (PID=25575) to work on /home/kiit/airflow-env/lib/python3.8/site-packages/airflow/example_dags/example_params_ui_tutorial.py
[2024-06-18T13:09:01.784+0530] {processor.py:830} INFO - Processing file /home/kiit/airflow-env/lib/python3.8/site-packages/airflow/example_dags/example_params_ui_tutorial.py for tasks to queue
[2024-06-18T13:09:01.786+0530] {logging_mixin.py:188} INFO - [2024-06-18T13:09:01.785+0530] {dagbag.py:545} INFO - Filling up the DagBag from /home/kiit/airflow-env/lib/python3.8/site-packages/airflow/example_dags/example_params_ui_tutorial.py
[2024-06-18T13:09:01.796+0530] {processor.py:840} INFO - DAG(s) 'example_params_ui_tutorial' retrieved from /home/kiit/airflow-env/lib/python3.8/site-packages/airflow/example_dags/example_params_ui_tutorial.py
[2024-06-18T13:09:01.833+0530] {logging_mixin.py:188} INFO - [2024-06-18T13:09:01.833+0530] {dag.py:3096} INFO - Sync 1 DAGs
[2024-06-18T13:09:01.843+0530] {logging_mixin.py:188} INFO - [2024-06-18T13:09:01.843+0530] {dag.py:3954} INFO - Setting next_dagrun for example_params_ui_tutorial to None, run_after=None
[2024-06-18T13:09:01.863+0530] {processor.py:183} INFO - Processing /home/kiit/airflow-env/lib/python3.8/site-packages/airflow/example_dags/example_params_ui_tutorial.py took 0.084 seconds
[2024-06-18T13:09:35.241+0530] {processor.py:161} INFO - Started process (PID=25620) to work on /home/kiit/airflow-env/lib/python3.8/site-packages/airflow/example_dags/example_params_ui_tutorial.py
[2024-06-18T13:09:35.248+0530] {processor.py:830} INFO - Processing file /home/kiit/airflow-env/lib/python3.8/site-packages/airflow/example_dags/example_params_ui_tutorial.py for tasks to queue
[2024-06-18T13:09:35.249+0530] {logging_mixin.py:188} INFO - [2024-06-18T13:09:35.249+0530] {dagbag.py:545} INFO - Filling up the DagBag from /home/kiit/airflow-env/lib/python3.8/site-packages/airflow/example_dags/example_params_ui_tutorial.py
[2024-06-18T13:09:35.259+0530] {processor.py:840} INFO - DAG(s) 'example_params_ui_tutorial' retrieved from /home/kiit/airflow-env/lib/python3.8/site-packages/airflow/example_dags/example_params_ui_tutorial.py
[2024-06-18T13:09:35.296+0530] {logging_mixin.py:188} INFO - [2024-06-18T13:09:35.296+0530] {dag.py:3096} INFO - Sync 1 DAGs
[2024-06-18T13:09:35.305+0530] {logging_mixin.py:188} INFO - [2024-06-18T13:09:35.304+0530] {dag.py:3954} INFO - Setting next_dagrun for example_params_ui_tutorial to None, run_after=None
[2024-06-18T13:09:35.324+0530] {processor.py:183} INFO - Processing /home/kiit/airflow-env/lib/python3.8/site-packages/airflow/example_dags/example_params_ui_tutorial.py took 0.087 seconds
[2024-06-18T13:10:16.124+0530] {processor.py:161} INFO - Started process (PID=25664) to work on /home/kiit/airflow-env/lib/python3.8/site-packages/airflow/example_dags/example_params_ui_tutorial.py
[2024-06-18T13:10:16.126+0530] {processor.py:830} INFO - Processing file /home/kiit/airflow-env/lib/python3.8/site-packages/airflow/example_dags/example_params_ui_tutorial.py for tasks to queue
[2024-06-18T13:10:16.129+0530] {logging_mixin.py:188} INFO - [2024-06-18T13:10:16.128+0530] {dagbag.py:545} INFO - Filling up the DagBag from /home/kiit/airflow-env/lib/python3.8/site-packages/airflow/example_dags/example_params_ui_tutorial.py
[2024-06-18T13:10:16.146+0530] {processor.py:840} INFO - DAG(s) 'example_params_ui_tutorial' retrieved from /home/kiit/airflow-env/lib/python3.8/site-packages/airflow/example_dags/example_params_ui_tutorial.py
[2024-06-18T13:10:16.243+0530] {logging_mixin.py:188} INFO - [2024-06-18T13:10:16.243+0530] {dag.py:3096} INFO - Sync 1 DAGs
[2024-06-18T13:10:16.263+0530] {logging_mixin.py:188} INFO - [2024-06-18T13:10:16.263+0530] {dag.py:3954} INFO - Setting next_dagrun for example_params_ui_tutorial to None, run_after=None
[2024-06-18T13:10:16.305+0530] {processor.py:183} INFO - Processing /home/kiit/airflow-env/lib/python3.8/site-packages/airflow/example_dags/example_params_ui_tutorial.py took 0.193 seconds
[2024-06-18T13:11:04.940+0530] {processor.py:161} INFO - Started process (PID=25718) to work on /home/kiit/airflow-env/lib/python3.8/site-packages/airflow/example_dags/example_params_ui_tutorial.py
[2024-06-18T13:11:04.947+0530] {processor.py:830} INFO - Processing file /home/kiit/airflow-env/lib/python3.8/site-packages/airflow/example_dags/example_params_ui_tutorial.py for tasks to queue
[2024-06-18T13:11:04.948+0530] {logging_mixin.py:188} INFO - [2024-06-18T13:11:04.948+0530] {dagbag.py:545} INFO - Filling up the DagBag from /home/kiit/airflow-env/lib/python3.8/site-packages/airflow/example_dags/example_params_ui_tutorial.py
[2024-06-18T13:11:04.956+0530] {processor.py:840} INFO - DAG(s) 'example_params_ui_tutorial' retrieved from /home/kiit/airflow-env/lib/python3.8/site-packages/airflow/example_dags/example_params_ui_tutorial.py
[2024-06-18T13:11:04.998+0530] {logging_mixin.py:188} INFO - [2024-06-18T13:11:04.998+0530] {dag.py:3096} INFO - Sync 1 DAGs
[2024-06-18T13:11:05.006+0530] {logging_mixin.py:188} INFO - [2024-06-18T13:11:05.006+0530] {dag.py:3954} INFO - Setting next_dagrun for example_params_ui_tutorial to None, run_after=None
[2024-06-18T13:11:05.026+0530] {processor.py:183} INFO - Processing /home/kiit/airflow-env/lib/python3.8/site-packages/airflow/example_dags/example_params_ui_tutorial.py took 0.091 seconds
[2024-06-18T13:11:48.217+0530] {processor.py:161} INFO - Started process (PID=25770) to work on /home/kiit/airflow-env/lib/python3.8/site-packages/airflow/example_dags/example_params_ui_tutorial.py
[2024-06-18T13:11:48.218+0530] {processor.py:830} INFO - Processing file /home/kiit/airflow-env/lib/python3.8/site-packages/airflow/example_dags/example_params_ui_tutorial.py for tasks to queue
[2024-06-18T13:11:48.219+0530] {logging_mixin.py:188} INFO - [2024-06-18T13:11:48.219+0530] {dagbag.py:545} INFO - Filling up the DagBag from /home/kiit/airflow-env/lib/python3.8/site-packages/airflow/example_dags/example_params_ui_tutorial.py
[2024-06-18T13:11:48.229+0530] {processor.py:840} INFO - DAG(s) 'example_params_ui_tutorial' retrieved from /home/kiit/airflow-env/lib/python3.8/site-packages/airflow/example_dags/example_params_ui_tutorial.py
[2024-06-18T13:11:48.272+0530] {logging_mixin.py:188} INFO - [2024-06-18T13:11:48.272+0530] {dag.py:3096} INFO - Sync 1 DAGs
[2024-06-18T13:11:48.283+0530] {logging_mixin.py:188} INFO - [2024-06-18T13:11:48.282+0530] {dag.py:3954} INFO - Setting next_dagrun for example_params_ui_tutorial to None, run_after=None
[2024-06-18T13:11:48.304+0530] {processor.py:183} INFO - Processing /home/kiit/airflow-env/lib/python3.8/site-packages/airflow/example_dags/example_params_ui_tutorial.py took 0.093 seconds
[2024-06-18T13:12:30.063+0530] {processor.py:161} INFO - Started process (PID=25819) to work on /home/kiit/airflow-env/lib/python3.8/site-packages/airflow/example_dags/example_params_ui_tutorial.py
[2024-06-18T13:12:30.069+0530] {processor.py:830} INFO - Processing file /home/kiit/airflow-env/lib/python3.8/site-packages/airflow/example_dags/example_params_ui_tutorial.py for tasks to queue
[2024-06-18T13:12:30.070+0530] {logging_mixin.py:188} INFO - [2024-06-18T13:12:30.070+0530] {dagbag.py:545} INFO - Filling up the DagBag from /home/kiit/airflow-env/lib/python3.8/site-packages/airflow/example_dags/example_params_ui_tutorial.py
[2024-06-18T13:12:30.078+0530] {processor.py:840} INFO - DAG(s) 'example_params_ui_tutorial' retrieved from /home/kiit/airflow-env/lib/python3.8/site-packages/airflow/example_dags/example_params_ui_tutorial.py
[2024-06-18T13:12:30.112+0530] {logging_mixin.py:188} INFO - [2024-06-18T13:12:30.112+0530] {dag.py:3096} INFO - Sync 1 DAGs
[2024-06-18T13:12:30.119+0530] {logging_mixin.py:188} INFO - [2024-06-18T13:12:30.119+0530] {dag.py:3954} INFO - Setting next_dagrun for example_params_ui_tutorial to None, run_after=None
[2024-06-18T13:12:30.138+0530] {processor.py:183} INFO - Processing /home/kiit/airflow-env/lib/python3.8/site-packages/airflow/example_dags/example_params_ui_tutorial.py took 0.079 seconds
[2024-06-18T13:13:08.174+0530] {processor.py:161} INFO - Started process (PID=25866) to work on /home/kiit/airflow-env/lib/python3.8/site-packages/airflow/example_dags/example_params_ui_tutorial.py
[2024-06-18T13:13:08.175+0530] {processor.py:830} INFO - Processing file /home/kiit/airflow-env/lib/python3.8/site-packages/airflow/example_dags/example_params_ui_tutorial.py for tasks to queue
[2024-06-18T13:13:08.176+0530] {logging_mixin.py:188} INFO - [2024-06-18T13:13:08.175+0530] {dagbag.py:545} INFO - Filling up the DagBag from /home/kiit/airflow-env/lib/python3.8/site-packages/airflow/example_dags/example_params_ui_tutorial.py
[2024-06-18T13:13:08.183+0530] {processor.py:840} INFO - DAG(s) 'example_params_ui_tutorial' retrieved from /home/kiit/airflow-env/lib/python3.8/site-packages/airflow/example_dags/example_params_ui_tutorial.py
[2024-06-18T13:13:08.216+0530] {logging_mixin.py:188} INFO - [2024-06-18T13:13:08.216+0530] {dag.py:3096} INFO - Sync 1 DAGs
[2024-06-18T13:13:08.225+0530] {logging_mixin.py:188} INFO - [2024-06-18T13:13:08.225+0530] {dag.py:3954} INFO - Setting next_dagrun for example_params_ui_tutorial to None, run_after=None
[2024-06-18T13:13:08.242+0530] {processor.py:183} INFO - Processing /home/kiit/airflow-env/lib/python3.8/site-packages/airflow/example_dags/example_params_ui_tutorial.py took 0.071 seconds
[2024-06-18T13:13:47.568+0530] {processor.py:161} INFO - Started process (PID=25915) to work on /home/kiit/airflow-env/lib/python3.8/site-packages/airflow/example_dags/example_params_ui_tutorial.py
[2024-06-18T13:13:47.569+0530] {processor.py:830} INFO - Processing file /home/kiit/airflow-env/lib/python3.8/site-packages/airflow/example_dags/example_params_ui_tutorial.py for tasks to queue
[2024-06-18T13:13:47.570+0530] {logging_mixin.py:188} INFO - [2024-06-18T13:13:47.570+0530] {dagbag.py:545} INFO - Filling up the DagBag from /home/kiit/airflow-env/lib/python3.8/site-packages/airflow/example_dags/example_params_ui_tutorial.py
[2024-06-18T13:13:47.580+0530] {processor.py:840} INFO - DAG(s) 'example_params_ui_tutorial' retrieved from /home/kiit/airflow-env/lib/python3.8/site-packages/airflow/example_dags/example_params_ui_tutorial.py
[2024-06-18T13:13:47.616+0530] {logging_mixin.py:188} INFO - [2024-06-18T13:13:47.616+0530] {dag.py:3096} INFO - Sync 1 DAGs
[2024-06-18T13:13:47.624+0530] {logging_mixin.py:188} INFO - [2024-06-18T13:13:47.624+0530] {dag.py:3954} INFO - Setting next_dagrun for example_params_ui_tutorial to None, run_after=None
[2024-06-18T13:13:47.642+0530] {processor.py:183} INFO - Processing /home/kiit/airflow-env/lib/python3.8/site-packages/airflow/example_dags/example_params_ui_tutorial.py took 0.079 seconds
[2024-06-18T13:14:23.551+0530] {processor.py:161} INFO - Started process (PID=25960) to work on /home/kiit/airflow-env/lib/python3.8/site-packages/airflow/example_dags/example_params_ui_tutorial.py
[2024-06-18T13:14:23.551+0530] {processor.py:830} INFO - Processing file /home/kiit/airflow-env/lib/python3.8/site-packages/airflow/example_dags/example_params_ui_tutorial.py for tasks to queue
[2024-06-18T13:14:23.553+0530] {logging_mixin.py:188} INFO - [2024-06-18T13:14:23.552+0530] {dagbag.py:545} INFO - Filling up the DagBag from /home/kiit/airflow-env/lib/python3.8/site-packages/airflow/example_dags/example_params_ui_tutorial.py
[2024-06-18T13:14:23.560+0530] {processor.py:840} INFO - DAG(s) 'example_params_ui_tutorial' retrieved from /home/kiit/airflow-env/lib/python3.8/site-packages/airflow/example_dags/example_params_ui_tutorial.py
[2024-06-18T13:14:23.593+0530] {logging_mixin.py:188} INFO - [2024-06-18T13:14:23.593+0530] {dag.py:3096} INFO - Sync 1 DAGs
[2024-06-18T13:14:23.601+0530] {logging_mixin.py:188} INFO - [2024-06-18T13:14:23.601+0530] {dag.py:3954} INFO - Setting next_dagrun for example_params_ui_tutorial to None, run_after=None
[2024-06-18T13:14:23.618+0530] {processor.py:183} INFO - Processing /home/kiit/airflow-env/lib/python3.8/site-packages/airflow/example_dags/example_params_ui_tutorial.py took 0.071 seconds
[2024-06-18T13:15:04.405+0530] {processor.py:161} INFO - Started process (PID=26007) to work on /home/kiit/airflow-env/lib/python3.8/site-packages/airflow/example_dags/example_params_ui_tutorial.py
[2024-06-18T13:15:04.407+0530] {processor.py:830} INFO - Processing file /home/kiit/airflow-env/lib/python3.8/site-packages/airflow/example_dags/example_params_ui_tutorial.py for tasks to queue
[2024-06-18T13:15:04.410+0530] {logging_mixin.py:188} INFO - [2024-06-18T13:15:04.409+0530] {dagbag.py:545} INFO - Filling up the DagBag from /home/kiit/airflow-env/lib/python3.8/site-packages/airflow/example_dags/example_params_ui_tutorial.py
[2024-06-18T13:15:04.446+0530] {processor.py:840} INFO - DAG(s) 'example_params_ui_tutorial' retrieved from /home/kiit/airflow-env/lib/python3.8/site-packages/airflow/example_dags/example_params_ui_tutorial.py
[2024-06-18T13:15:04.579+0530] {logging_mixin.py:188} INFO - [2024-06-18T13:15:04.579+0530] {dag.py:3096} INFO - Sync 1 DAGs
[2024-06-18T13:15:04.607+0530] {logging_mixin.py:188} INFO - [2024-06-18T13:15:04.607+0530] {dag.py:3954} INFO - Setting next_dagrun for example_params_ui_tutorial to None, run_after=None
[2024-06-18T13:15:04.657+0530] {processor.py:183} INFO - Processing /home/kiit/airflow-env/lib/python3.8/site-packages/airflow/example_dags/example_params_ui_tutorial.py took 0.271 seconds
[2024-06-18T13:15:47.051+0530] {processor.py:161} INFO - Started process (PID=26059) to work on /home/kiit/airflow-env/lib/python3.8/site-packages/airflow/example_dags/example_params_ui_tutorial.py
[2024-06-18T13:15:47.053+0530] {processor.py:830} INFO - Processing file /home/kiit/airflow-env/lib/python3.8/site-packages/airflow/example_dags/example_params_ui_tutorial.py for tasks to queue
[2024-06-18T13:15:47.055+0530] {logging_mixin.py:188} INFO - [2024-06-18T13:15:47.054+0530] {dagbag.py:545} INFO - Filling up the DagBag from /home/kiit/airflow-env/lib/python3.8/site-packages/airflow/example_dags/example_params_ui_tutorial.py
[2024-06-18T13:15:47.070+0530] {processor.py:840} INFO - DAG(s) 'example_params_ui_tutorial' retrieved from /home/kiit/airflow-env/lib/python3.8/site-packages/airflow/example_dags/example_params_ui_tutorial.py
[2024-06-18T13:15:47.123+0530] {logging_mixin.py:188} INFO - [2024-06-18T13:15:47.123+0530] {dag.py:3096} INFO - Sync 1 DAGs
[2024-06-18T13:15:47.134+0530] {logging_mixin.py:188} INFO - [2024-06-18T13:15:47.134+0530] {dag.py:3954} INFO - Setting next_dagrun for example_params_ui_tutorial to None, run_after=None
[2024-06-18T13:15:47.156+0530] {processor.py:183} INFO - Processing /home/kiit/airflow-env/lib/python3.8/site-packages/airflow/example_dags/example_params_ui_tutorial.py took 0.112 seconds
[2024-06-18T13:16:26.740+0530] {processor.py:161} INFO - Started process (PID=26105) to work on /home/kiit/airflow-env/lib/python3.8/site-packages/airflow/example_dags/example_params_ui_tutorial.py
[2024-06-18T13:16:26.741+0530] {processor.py:830} INFO - Processing file /home/kiit/airflow-env/lib/python3.8/site-packages/airflow/example_dags/example_params_ui_tutorial.py for tasks to queue
[2024-06-18T13:16:26.742+0530] {logging_mixin.py:188} INFO - [2024-06-18T13:16:26.742+0530] {dagbag.py:545} INFO - Filling up the DagBag from /home/kiit/airflow-env/lib/python3.8/site-packages/airflow/example_dags/example_params_ui_tutorial.py
[2024-06-18T13:16:26.752+0530] {processor.py:840} INFO - DAG(s) 'example_params_ui_tutorial' retrieved from /home/kiit/airflow-env/lib/python3.8/site-packages/airflow/example_dags/example_params_ui_tutorial.py
[2024-06-18T13:16:26.785+0530] {logging_mixin.py:188} INFO - [2024-06-18T13:16:26.785+0530] {dag.py:3096} INFO - Sync 1 DAGs
[2024-06-18T13:16:26.793+0530] {logging_mixin.py:188} INFO - [2024-06-18T13:16:26.793+0530] {dag.py:3954} INFO - Setting next_dagrun for example_params_ui_tutorial to None, run_after=None
[2024-06-18T13:16:26.817+0530] {processor.py:183} INFO - Processing /home/kiit/airflow-env/lib/python3.8/site-packages/airflow/example_dags/example_params_ui_tutorial.py took 0.081 seconds
[2024-06-18T13:17:03.243+0530] {processor.py:161} INFO - Started process (PID=26151) to work on /home/kiit/airflow-env/lib/python3.8/site-packages/airflow/example_dags/example_params_ui_tutorial.py
[2024-06-18T13:17:03.245+0530] {processor.py:830} INFO - Processing file /home/kiit/airflow-env/lib/python3.8/site-packages/airflow/example_dags/example_params_ui_tutorial.py for tasks to queue
[2024-06-18T13:17:03.246+0530] {logging_mixin.py:188} INFO - [2024-06-18T13:17:03.246+0530] {dagbag.py:545} INFO - Filling up the DagBag from /home/kiit/airflow-env/lib/python3.8/site-packages/airflow/example_dags/example_params_ui_tutorial.py
[2024-06-18T13:17:03.257+0530] {processor.py:840} INFO - DAG(s) 'example_params_ui_tutorial' retrieved from /home/kiit/airflow-env/lib/python3.8/site-packages/airflow/example_dags/example_params_ui_tutorial.py
[2024-06-18T13:17:03.300+0530] {logging_mixin.py:188} INFO - [2024-06-18T13:17:03.300+0530] {dag.py:3096} INFO - Sync 1 DAGs
[2024-06-18T13:17:03.310+0530] {logging_mixin.py:188} INFO - [2024-06-18T13:17:03.309+0530] {dag.py:3954} INFO - Setting next_dagrun for example_params_ui_tutorial to None, run_after=None
[2024-06-18T13:17:03.329+0530] {processor.py:183} INFO - Processing /home/kiit/airflow-env/lib/python3.8/site-packages/airflow/example_dags/example_params_ui_tutorial.py took 0.091 seconds
[2024-06-18T13:17:44.282+0530] {processor.py:161} INFO - Started process (PID=26200) to work on /home/kiit/airflow-env/lib/python3.8/site-packages/airflow/example_dags/example_params_ui_tutorial.py
[2024-06-18T13:17:44.283+0530] {processor.py:830} INFO - Processing file /home/kiit/airflow-env/lib/python3.8/site-packages/airflow/example_dags/example_params_ui_tutorial.py for tasks to queue
[2024-06-18T13:17:44.284+0530] {logging_mixin.py:188} INFO - [2024-06-18T13:17:44.284+0530] {dagbag.py:545} INFO - Filling up the DagBag from /home/kiit/airflow-env/lib/python3.8/site-packages/airflow/example_dags/example_params_ui_tutorial.py
[2024-06-18T13:17:44.294+0530] {processor.py:840} INFO - DAG(s) 'example_params_ui_tutorial' retrieved from /home/kiit/airflow-env/lib/python3.8/site-packages/airflow/example_dags/example_params_ui_tutorial.py
[2024-06-18T13:17:44.334+0530] {logging_mixin.py:188} INFO - [2024-06-18T13:17:44.334+0530] {dag.py:3096} INFO - Sync 1 DAGs
[2024-06-18T13:17:44.345+0530] {logging_mixin.py:188} INFO - [2024-06-18T13:17:44.345+0530] {dag.py:3954} INFO - Setting next_dagrun for example_params_ui_tutorial to None, run_after=None
[2024-06-18T13:17:44.363+0530] {processor.py:183} INFO - Processing /home/kiit/airflow-env/lib/python3.8/site-packages/airflow/example_dags/example_params_ui_tutorial.py took 0.086 seconds
[2024-06-18T13:18:26.524+0530] {processor.py:161} INFO - Started process (PID=26249) to work on /home/kiit/airflow-env/lib/python3.8/site-packages/airflow/example_dags/example_params_ui_tutorial.py
[2024-06-18T13:18:26.525+0530] {processor.py:830} INFO - Processing file /home/kiit/airflow-env/lib/python3.8/site-packages/airflow/example_dags/example_params_ui_tutorial.py for tasks to queue
[2024-06-18T13:18:26.526+0530] {logging_mixin.py:188} INFO - [2024-06-18T13:18:26.526+0530] {dagbag.py:545} INFO - Filling up the DagBag from /home/kiit/airflow-env/lib/python3.8/site-packages/airflow/example_dags/example_params_ui_tutorial.py
[2024-06-18T13:18:26.535+0530] {processor.py:840} INFO - DAG(s) 'example_params_ui_tutorial' retrieved from /home/kiit/airflow-env/lib/python3.8/site-packages/airflow/example_dags/example_params_ui_tutorial.py
[2024-06-18T13:18:26.574+0530] {logging_mixin.py:188} INFO - [2024-06-18T13:18:26.573+0530] {dag.py:3096} INFO - Sync 1 DAGs
[2024-06-18T13:18:26.582+0530] {logging_mixin.py:188} INFO - [2024-06-18T13:18:26.582+0530] {dag.py:3954} INFO - Setting next_dagrun for example_params_ui_tutorial to None, run_after=None
[2024-06-18T13:18:26.607+0530] {processor.py:183} INFO - Processing /home/kiit/airflow-env/lib/python3.8/site-packages/airflow/example_dags/example_params_ui_tutorial.py took 0.087 seconds
[2024-06-18T13:19:09.764+0530] {processor.py:161} INFO - Started process (PID=26300) to work on /home/kiit/airflow-env/lib/python3.8/site-packages/airflow/example_dags/example_params_ui_tutorial.py
[2024-06-18T13:19:09.771+0530] {processor.py:830} INFO - Processing file /home/kiit/airflow-env/lib/python3.8/site-packages/airflow/example_dags/example_params_ui_tutorial.py for tasks to queue
[2024-06-18T13:19:09.772+0530] {logging_mixin.py:188} INFO - [2024-06-18T13:19:09.772+0530] {dagbag.py:545} INFO - Filling up the DagBag from /home/kiit/airflow-env/lib/python3.8/site-packages/airflow/example_dags/example_params_ui_tutorial.py
[2024-06-18T13:19:09.781+0530] {processor.py:840} INFO - DAG(s) 'example_params_ui_tutorial' retrieved from /home/kiit/airflow-env/lib/python3.8/site-packages/airflow/example_dags/example_params_ui_tutorial.py
[2024-06-18T13:19:09.820+0530] {logging_mixin.py:188} INFO - [2024-06-18T13:19:09.820+0530] {dag.py:3096} INFO - Sync 1 DAGs
[2024-06-18T13:19:09.827+0530] {logging_mixin.py:188} INFO - [2024-06-18T13:19:09.827+0530] {dag.py:3954} INFO - Setting next_dagrun for example_params_ui_tutorial to None, run_after=None
[2024-06-18T13:19:09.848+0530] {processor.py:183} INFO - Processing /home/kiit/airflow-env/lib/python3.8/site-packages/airflow/example_dags/example_params_ui_tutorial.py took 0.088 seconds
[2024-06-18T13:19:48.658+0530] {processor.py:161} INFO - Started process (PID=26347) to work on /home/kiit/airflow-env/lib/python3.8/site-packages/airflow/example_dags/example_params_ui_tutorial.py
[2024-06-18T13:19:48.659+0530] {processor.py:830} INFO - Processing file /home/kiit/airflow-env/lib/python3.8/site-packages/airflow/example_dags/example_params_ui_tutorial.py for tasks to queue
[2024-06-18T13:19:48.660+0530] {logging_mixin.py:188} INFO - [2024-06-18T13:19:48.660+0530] {dagbag.py:545} INFO - Filling up the DagBag from /home/kiit/airflow-env/lib/python3.8/site-packages/airflow/example_dags/example_params_ui_tutorial.py
[2024-06-18T13:19:48.668+0530] {processor.py:840} INFO - DAG(s) 'example_params_ui_tutorial' retrieved from /home/kiit/airflow-env/lib/python3.8/site-packages/airflow/example_dags/example_params_ui_tutorial.py
[2024-06-18T13:19:48.717+0530] {logging_mixin.py:188} INFO - [2024-06-18T13:19:48.717+0530] {dag.py:3096} INFO - Sync 1 DAGs
[2024-06-18T13:19:48.728+0530] {logging_mixin.py:188} INFO - [2024-06-18T13:19:48.727+0530] {dag.py:3954} INFO - Setting next_dagrun for example_params_ui_tutorial to None, run_after=None
[2024-06-18T13:19:48.748+0530] {processor.py:183} INFO - Processing /home/kiit/airflow-env/lib/python3.8/site-packages/airflow/example_dags/example_params_ui_tutorial.py took 0.095 seconds
[2024-06-18T13:20:25.641+0530] {processor.py:161} INFO - Started process (PID=26393) to work on /home/kiit/airflow-env/lib/python3.8/site-packages/airflow/example_dags/example_params_ui_tutorial.py
[2024-06-18T13:20:25.643+0530] {processor.py:830} INFO - Processing file /home/kiit/airflow-env/lib/python3.8/site-packages/airflow/example_dags/example_params_ui_tutorial.py for tasks to queue
[2024-06-18T13:20:25.644+0530] {logging_mixin.py:188} INFO - [2024-06-18T13:20:25.644+0530] {dagbag.py:545} INFO - Filling up the DagBag from /home/kiit/airflow-env/lib/python3.8/site-packages/airflow/example_dags/example_params_ui_tutorial.py
[2024-06-18T13:20:25.652+0530] {processor.py:840} INFO - DAG(s) 'example_params_ui_tutorial' retrieved from /home/kiit/airflow-env/lib/python3.8/site-packages/airflow/example_dags/example_params_ui_tutorial.py
[2024-06-18T13:20:25.690+0530] {logging_mixin.py:188} INFO - [2024-06-18T13:20:25.690+0530] {dag.py:3096} INFO - Sync 1 DAGs
[2024-06-18T13:20:25.701+0530] {logging_mixin.py:188} INFO - [2024-06-18T13:20:25.701+0530] {dag.py:3954} INFO - Setting next_dagrun for example_params_ui_tutorial to None, run_after=None
[2024-06-18T13:20:25.722+0530] {processor.py:183} INFO - Processing /home/kiit/airflow-env/lib/python3.8/site-packages/airflow/example_dags/example_params_ui_tutorial.py took 0.085 seconds
[2024-06-18T13:21:04.470+0530] {processor.py:161} INFO - Started process (PID=26441) to work on /home/kiit/airflow-env/lib/python3.8/site-packages/airflow/example_dags/example_params_ui_tutorial.py
[2024-06-18T13:21:04.471+0530] {processor.py:830} INFO - Processing file /home/kiit/airflow-env/lib/python3.8/site-packages/airflow/example_dags/example_params_ui_tutorial.py for tasks to queue
[2024-06-18T13:21:04.473+0530] {logging_mixin.py:188} INFO - [2024-06-18T13:21:04.473+0530] {dagbag.py:545} INFO - Filling up the DagBag from /home/kiit/airflow-env/lib/python3.8/site-packages/airflow/example_dags/example_params_ui_tutorial.py
[2024-06-18T13:21:04.505+0530] {processor.py:840} INFO - DAG(s) 'example_params_ui_tutorial' retrieved from /home/kiit/airflow-env/lib/python3.8/site-packages/airflow/example_dags/example_params_ui_tutorial.py
[2024-06-18T13:21:04.565+0530] {logging_mixin.py:188} INFO - [2024-06-18T13:21:04.564+0530] {dag.py:3096} INFO - Sync 1 DAGs
[2024-06-18T13:21:04.575+0530] {logging_mixin.py:188} INFO - [2024-06-18T13:21:04.575+0530] {dag.py:3954} INFO - Setting next_dagrun for example_params_ui_tutorial to None, run_after=None
[2024-06-18T13:21:04.592+0530] {processor.py:183} INFO - Processing /home/kiit/airflow-env/lib/python3.8/site-packages/airflow/example_dags/example_params_ui_tutorial.py took 0.137 seconds
[2024-06-18T13:21:42.743+0530] {processor.py:161} INFO - Started process (PID=26488) to work on /home/kiit/airflow-env/lib/python3.8/site-packages/airflow/example_dags/example_params_ui_tutorial.py
[2024-06-18T13:21:42.744+0530] {processor.py:830} INFO - Processing file /home/kiit/airflow-env/lib/python3.8/site-packages/airflow/example_dags/example_params_ui_tutorial.py for tasks to queue
[2024-06-18T13:21:42.745+0530] {logging_mixin.py:188} INFO - [2024-06-18T13:21:42.745+0530] {dagbag.py:545} INFO - Filling up the DagBag from /home/kiit/airflow-env/lib/python3.8/site-packages/airflow/example_dags/example_params_ui_tutorial.py
[2024-06-18T13:21:42.753+0530] {processor.py:840} INFO - DAG(s) 'example_params_ui_tutorial' retrieved from /home/kiit/airflow-env/lib/python3.8/site-packages/airflow/example_dags/example_params_ui_tutorial.py
[2024-06-18T13:21:42.794+0530] {logging_mixin.py:188} INFO - [2024-06-18T13:21:42.794+0530] {dag.py:3096} INFO - Sync 1 DAGs
[2024-06-18T13:21:42.803+0530] {logging_mixin.py:188} INFO - [2024-06-18T13:21:42.803+0530] {dag.py:3954} INFO - Setting next_dagrun for example_params_ui_tutorial to None, run_after=None
[2024-06-18T13:21:42.823+0530] {processor.py:183} INFO - Processing /home/kiit/airflow-env/lib/python3.8/site-packages/airflow/example_dags/example_params_ui_tutorial.py took 0.085 seconds
[2024-06-18T13:22:21.656+0530] {processor.py:161} INFO - Started process (PID=26534) to work on /home/kiit/airflow-env/lib/python3.8/site-packages/airflow/example_dags/example_params_ui_tutorial.py
[2024-06-18T13:22:21.656+0530] {processor.py:830} INFO - Processing file /home/kiit/airflow-env/lib/python3.8/site-packages/airflow/example_dags/example_params_ui_tutorial.py for tasks to queue
[2024-06-18T13:22:21.657+0530] {logging_mixin.py:188} INFO - [2024-06-18T13:22:21.657+0530] {dagbag.py:545} INFO - Filling up the DagBag from /home/kiit/airflow-env/lib/python3.8/site-packages/airflow/example_dags/example_params_ui_tutorial.py
[2024-06-18T13:22:21.665+0530] {processor.py:840} INFO - DAG(s) 'example_params_ui_tutorial' retrieved from /home/kiit/airflow-env/lib/python3.8/site-packages/airflow/example_dags/example_params_ui_tutorial.py
[2024-06-18T13:22:21.700+0530] {logging_mixin.py:188} INFO - [2024-06-18T13:22:21.700+0530] {dag.py:3096} INFO - Sync 1 DAGs
[2024-06-18T13:22:21.709+0530] {logging_mixin.py:188} INFO - [2024-06-18T13:22:21.708+0530] {dag.py:3954} INFO - Setting next_dagrun for example_params_ui_tutorial to None, run_after=None
[2024-06-18T13:22:21.727+0530] {processor.py:183} INFO - Processing /home/kiit/airflow-env/lib/python3.8/site-packages/airflow/example_dags/example_params_ui_tutorial.py took 0.076 seconds
[2024-06-18T13:22:57.673+0530] {processor.py:161} INFO - Started process (PID=26581) to work on /home/kiit/airflow-env/lib/python3.8/site-packages/airflow/example_dags/example_params_ui_tutorial.py
[2024-06-18T13:22:57.675+0530] {processor.py:830} INFO - Processing file /home/kiit/airflow-env/lib/python3.8/site-packages/airflow/example_dags/example_params_ui_tutorial.py for tasks to queue
[2024-06-18T13:22:57.676+0530] {logging_mixin.py:188} INFO - [2024-06-18T13:22:57.676+0530] {dagbag.py:545} INFO - Filling up the DagBag from /home/kiit/airflow-env/lib/python3.8/site-packages/airflow/example_dags/example_params_ui_tutorial.py
[2024-06-18T13:22:57.685+0530] {processor.py:840} INFO - DAG(s) 'example_params_ui_tutorial' retrieved from /home/kiit/airflow-env/lib/python3.8/site-packages/airflow/example_dags/example_params_ui_tutorial.py
[2024-06-18T13:22:57.730+0530] {logging_mixin.py:188} INFO - [2024-06-18T13:22:57.730+0530] {dag.py:3096} INFO - Sync 1 DAGs
[2024-06-18T13:22:57.739+0530] {logging_mixin.py:188} INFO - [2024-06-18T13:22:57.738+0530] {dag.py:3954} INFO - Setting next_dagrun for example_params_ui_tutorial to None, run_after=None
[2024-06-18T13:22:57.763+0530] {processor.py:183} INFO - Processing /home/kiit/airflow-env/lib/python3.8/site-packages/airflow/example_dags/example_params_ui_tutorial.py took 0.095 seconds
[2024-06-18T13:23:35.403+0530] {processor.py:161} INFO - Started process (PID=26627) to work on /home/kiit/airflow-env/lib/python3.8/site-packages/airflow/example_dags/example_params_ui_tutorial.py
[2024-06-18T13:23:35.404+0530] {processor.py:830} INFO - Processing file /home/kiit/airflow-env/lib/python3.8/site-packages/airflow/example_dags/example_params_ui_tutorial.py for tasks to queue
[2024-06-18T13:23:35.405+0530] {logging_mixin.py:188} INFO - [2024-06-18T13:23:35.405+0530] {dagbag.py:545} INFO - Filling up the DagBag from /home/kiit/airflow-env/lib/python3.8/site-packages/airflow/example_dags/example_params_ui_tutorial.py
[2024-06-18T13:23:35.414+0530] {processor.py:840} INFO - DAG(s) 'example_params_ui_tutorial' retrieved from /home/kiit/airflow-env/lib/python3.8/site-packages/airflow/example_dags/example_params_ui_tutorial.py
[2024-06-18T13:23:35.445+0530] {logging_mixin.py:188} INFO - [2024-06-18T13:23:35.445+0530] {dag.py:3096} INFO - Sync 1 DAGs
[2024-06-18T13:23:35.453+0530] {logging_mixin.py:188} INFO - [2024-06-18T13:23:35.453+0530] {dag.py:3954} INFO - Setting next_dagrun for example_params_ui_tutorial to None, run_after=None
[2024-06-18T13:23:35.470+0530] {processor.py:183} INFO - Processing /home/kiit/airflow-env/lib/python3.8/site-packages/airflow/example_dags/example_params_ui_tutorial.py took 0.071 seconds
[2024-06-18T13:24:15.118+0530] {processor.py:161} INFO - Started process (PID=26674) to work on /home/kiit/airflow-env/lib/python3.8/site-packages/airflow/example_dags/example_params_ui_tutorial.py
[2024-06-18T13:24:15.125+0530] {processor.py:830} INFO - Processing file /home/kiit/airflow-env/lib/python3.8/site-packages/airflow/example_dags/example_params_ui_tutorial.py for tasks to queue
[2024-06-18T13:24:15.126+0530] {logging_mixin.py:188} INFO - [2024-06-18T13:24:15.125+0530] {dagbag.py:545} INFO - Filling up the DagBag from /home/kiit/airflow-env/lib/python3.8/site-packages/airflow/example_dags/example_params_ui_tutorial.py
[2024-06-18T13:24:15.134+0530] {processor.py:840} INFO - DAG(s) 'example_params_ui_tutorial' retrieved from /home/kiit/airflow-env/lib/python3.8/site-packages/airflow/example_dags/example_params_ui_tutorial.py
[2024-06-18T13:24:15.163+0530] {logging_mixin.py:188} INFO - [2024-06-18T13:24:15.163+0530] {dag.py:3096} INFO - Sync 1 DAGs
[2024-06-18T13:24:15.170+0530] {logging_mixin.py:188} INFO - [2024-06-18T13:24:15.170+0530] {dag.py:3954} INFO - Setting next_dagrun for example_params_ui_tutorial to None, run_after=None
[2024-06-18T13:24:15.188+0530] {processor.py:183} INFO - Processing /home/kiit/airflow-env/lib/python3.8/site-packages/airflow/example_dags/example_params_ui_tutorial.py took 0.074 seconds
[2024-06-18T13:24:55.687+0530] {processor.py:161} INFO - Started process (PID=26723) to work on /home/kiit/airflow-env/lib/python3.8/site-packages/airflow/example_dags/example_params_ui_tutorial.py
[2024-06-18T13:24:55.688+0530] {processor.py:830} INFO - Processing file /home/kiit/airflow-env/lib/python3.8/site-packages/airflow/example_dags/example_params_ui_tutorial.py for tasks to queue
[2024-06-18T13:24:55.689+0530] {logging_mixin.py:188} INFO - [2024-06-18T13:24:55.689+0530] {dagbag.py:545} INFO - Filling up the DagBag from /home/kiit/airflow-env/lib/python3.8/site-packages/airflow/example_dags/example_params_ui_tutorial.py
[2024-06-18T13:24:55.699+0530] {processor.py:840} INFO - DAG(s) 'example_params_ui_tutorial' retrieved from /home/kiit/airflow-env/lib/python3.8/site-packages/airflow/example_dags/example_params_ui_tutorial.py
[2024-06-18T13:24:55.736+0530] {logging_mixin.py:188} INFO - [2024-06-18T13:24:55.736+0530] {dag.py:3096} INFO - Sync 1 DAGs
[2024-06-18T13:24:55.744+0530] {logging_mixin.py:188} INFO - [2024-06-18T13:24:55.744+0530] {dag.py:3954} INFO - Setting next_dagrun for example_params_ui_tutorial to None, run_after=None
[2024-06-18T13:24:55.771+0530] {processor.py:183} INFO - Processing /home/kiit/airflow-env/lib/python3.8/site-packages/airflow/example_dags/example_params_ui_tutorial.py took 0.089 seconds
[2024-06-18T13:25:32.386+0530] {processor.py:161} INFO - Started process (PID=26774) to work on /home/kiit/airflow-env/lib/python3.8/site-packages/airflow/example_dags/example_params_ui_tutorial.py
[2024-06-18T13:25:32.388+0530] {processor.py:830} INFO - Processing file /home/kiit/airflow-env/lib/python3.8/site-packages/airflow/example_dags/example_params_ui_tutorial.py for tasks to queue
[2024-06-18T13:25:32.389+0530] {logging_mixin.py:188} INFO - [2024-06-18T13:25:32.389+0530] {dagbag.py:545} INFO - Filling up the DagBag from /home/kiit/airflow-env/lib/python3.8/site-packages/airflow/example_dags/example_params_ui_tutorial.py
[2024-06-18T13:25:32.398+0530] {processor.py:840} INFO - DAG(s) 'example_params_ui_tutorial' retrieved from /home/kiit/airflow-env/lib/python3.8/site-packages/airflow/example_dags/example_params_ui_tutorial.py
[2024-06-18T13:25:32.433+0530] {logging_mixin.py:188} INFO - [2024-06-18T13:25:32.433+0530] {dag.py:3096} INFO - Sync 1 DAGs
[2024-06-18T13:25:32.441+0530] {logging_mixin.py:188} INFO - [2024-06-18T13:25:32.441+0530] {dag.py:3954} INFO - Setting next_dagrun for example_params_ui_tutorial to None, run_after=None
[2024-06-18T13:25:32.463+0530] {processor.py:183} INFO - Processing /home/kiit/airflow-env/lib/python3.8/site-packages/airflow/example_dags/example_params_ui_tutorial.py took 0.083 seconds
[2024-06-18T13:26:10.968+0530] {processor.py:161} INFO - Started process (PID=26819) to work on /home/kiit/airflow-env/lib/python3.8/site-packages/airflow/example_dags/example_params_ui_tutorial.py
[2024-06-18T13:26:10.968+0530] {processor.py:830} INFO - Processing file /home/kiit/airflow-env/lib/python3.8/site-packages/airflow/example_dags/example_params_ui_tutorial.py for tasks to queue
[2024-06-18T13:26:10.970+0530] {logging_mixin.py:188} INFO - [2024-06-18T13:26:10.969+0530] {dagbag.py:545} INFO - Filling up the DagBag from /home/kiit/airflow-env/lib/python3.8/site-packages/airflow/example_dags/example_params_ui_tutorial.py
[2024-06-18T13:26:10.979+0530] {processor.py:840} INFO - DAG(s) 'example_params_ui_tutorial' retrieved from /home/kiit/airflow-env/lib/python3.8/site-packages/airflow/example_dags/example_params_ui_tutorial.py
[2024-06-18T13:26:11.024+0530] {logging_mixin.py:188} INFO - [2024-06-18T13:26:11.023+0530] {dag.py:3096} INFO - Sync 1 DAGs
[2024-06-18T13:26:11.032+0530] {logging_mixin.py:188} INFO - [2024-06-18T13:26:11.032+0530] {dag.py:3954} INFO - Setting next_dagrun for example_params_ui_tutorial to None, run_after=None
[2024-06-18T13:26:11.053+0530] {processor.py:183} INFO - Processing /home/kiit/airflow-env/lib/python3.8/site-packages/airflow/example_dags/example_params_ui_tutorial.py took 0.090 seconds
[2024-06-18T13:26:58.525+0530] {processor.py:161} INFO - Started process (PID=26868) to work on /home/kiit/airflow-env/lib/python3.8/site-packages/airflow/example_dags/example_params_ui_tutorial.py
[2024-06-18T13:26:58.532+0530] {processor.py:830} INFO - Processing file /home/kiit/airflow-env/lib/python3.8/site-packages/airflow/example_dags/example_params_ui_tutorial.py for tasks to queue
[2024-06-18T13:26:58.535+0530] {logging_mixin.py:188} INFO - [2024-06-18T13:26:58.534+0530] {dagbag.py:545} INFO - Filling up the DagBag from /home/kiit/airflow-env/lib/python3.8/site-packages/airflow/example_dags/example_params_ui_tutorial.py
[2024-06-18T13:26:58.557+0530] {processor.py:840} INFO - DAG(s) 'example_params_ui_tutorial' retrieved from /home/kiit/airflow-env/lib/python3.8/site-packages/airflow/example_dags/example_params_ui_tutorial.py
[2024-06-18T13:26:58.645+0530] {logging_mixin.py:188} INFO - [2024-06-18T13:26:58.645+0530] {dag.py:3096} INFO - Sync 1 DAGs
[2024-06-18T13:26:58.675+0530] {logging_mixin.py:188} INFO - [2024-06-18T13:26:58.675+0530] {dag.py:3954} INFO - Setting next_dagrun for example_params_ui_tutorial to None, run_after=None
[2024-06-18T13:26:58.719+0530] {processor.py:183} INFO - Processing /home/kiit/airflow-env/lib/python3.8/site-packages/airflow/example_dags/example_params_ui_tutorial.py took 0.204 seconds
[2024-06-18T13:27:51.539+0530] {processor.py:161} INFO - Started process (PID=26924) to work on /home/kiit/airflow-env/lib/python3.8/site-packages/airflow/example_dags/example_params_ui_tutorial.py
[2024-06-18T13:27:51.545+0530] {processor.py:830} INFO - Processing file /home/kiit/airflow-env/lib/python3.8/site-packages/airflow/example_dags/example_params_ui_tutorial.py for tasks to queue
[2024-06-18T13:27:51.553+0530] {logging_mixin.py:188} INFO - [2024-06-18T13:27:51.551+0530] {dagbag.py:545} INFO - Filling up the DagBag from /home/kiit/airflow-env/lib/python3.8/site-packages/airflow/example_dags/example_params_ui_tutorial.py
[2024-06-18T13:27:51.639+0530] {processor.py:840} INFO - DAG(s) 'example_params_ui_tutorial' retrieved from /home/kiit/airflow-env/lib/python3.8/site-packages/airflow/example_dags/example_params_ui_tutorial.py
[2024-06-18T13:27:52.214+0530] {logging_mixin.py:188} INFO - [2024-06-18T13:27:52.213+0530] {dag.py:3096} INFO - Sync 1 DAGs
[2024-06-18T13:27:52.342+0530] {logging_mixin.py:188} INFO - [2024-06-18T13:27:52.341+0530] {dag.py:3954} INFO - Setting next_dagrun for example_params_ui_tutorial to None, run_after=None
[2024-06-18T13:27:52.502+0530] {processor.py:183} INFO - Processing /home/kiit/airflow-env/lib/python3.8/site-packages/airflow/example_dags/example_params_ui_tutorial.py took 0.995 seconds
[2024-06-18T13:29:04.254+0530] {processor.py:161} INFO - Started process (PID=26983) to work on /home/kiit/airflow-env/lib/python3.8/site-packages/airflow/example_dags/example_params_ui_tutorial.py
[2024-06-18T13:29:04.259+0530] {processor.py:830} INFO - Processing file /home/kiit/airflow-env/lib/python3.8/site-packages/airflow/example_dags/example_params_ui_tutorial.py for tasks to queue
[2024-06-18T13:29:04.265+0530] {logging_mixin.py:188} INFO - [2024-06-18T13:29:04.264+0530] {dagbag.py:545} INFO - Filling up the DagBag from /home/kiit/airflow-env/lib/python3.8/site-packages/airflow/example_dags/example_params_ui_tutorial.py
[2024-06-18T13:29:04.326+0530] {processor.py:840} INFO - DAG(s) 'example_params_ui_tutorial' retrieved from /home/kiit/airflow-env/lib/python3.8/site-packages/airflow/example_dags/example_params_ui_tutorial.py
[2024-06-18T13:29:04.542+0530] {logging_mixin.py:188} INFO - [2024-06-18T13:29:04.541+0530] {dag.py:3096} INFO - Sync 1 DAGs
[2024-06-18T13:29:04.587+0530] {logging_mixin.py:188} INFO - [2024-06-18T13:29:04.585+0530] {dag.py:3954} INFO - Setting next_dagrun for example_params_ui_tutorial to None, run_after=None
[2024-06-18T13:29:04.661+0530] {processor.py:183} INFO - Processing /home/kiit/airflow-env/lib/python3.8/site-packages/airflow/example_dags/example_params_ui_tutorial.py took 0.436 seconds
[2024-06-18T13:29:40.499+0530] {processor.py:161} INFO - Started process (PID=27029) to work on /home/kiit/airflow-env/lib/python3.8/site-packages/airflow/example_dags/example_params_ui_tutorial.py
[2024-06-18T13:29:40.500+0530] {processor.py:830} INFO - Processing file /home/kiit/airflow-env/lib/python3.8/site-packages/airflow/example_dags/example_params_ui_tutorial.py for tasks to queue
[2024-06-18T13:29:40.502+0530] {logging_mixin.py:188} INFO - [2024-06-18T13:29:40.502+0530] {dagbag.py:545} INFO - Filling up the DagBag from /home/kiit/airflow-env/lib/python3.8/site-packages/airflow/example_dags/example_params_ui_tutorial.py
[2024-06-18T13:29:40.520+0530] {processor.py:840} INFO - DAG(s) 'example_params_ui_tutorial' retrieved from /home/kiit/airflow-env/lib/python3.8/site-packages/airflow/example_dags/example_params_ui_tutorial.py
[2024-06-18T13:29:40.616+0530] {logging_mixin.py:188} INFO - [2024-06-18T13:29:40.616+0530] {dag.py:3096} INFO - Sync 1 DAGs
[2024-06-18T13:29:40.636+0530] {logging_mixin.py:188} INFO - [2024-06-18T13:29:40.636+0530] {dag.py:3954} INFO - Setting next_dagrun for example_params_ui_tutorial to None, run_after=None
[2024-06-18T13:29:40.671+0530] {processor.py:183} INFO - Processing /home/kiit/airflow-env/lib/python3.8/site-packages/airflow/example_dags/example_params_ui_tutorial.py took 0.184 seconds
[2024-06-18T13:30:32.864+0530] {processor.py:161} INFO - Started process (PID=27102) to work on /home/kiit/airflow-env/lib/python3.8/site-packages/airflow/example_dags/example_params_ui_tutorial.py
[2024-06-18T13:30:32.865+0530] {processor.py:830} INFO - Processing file /home/kiit/airflow-env/lib/python3.8/site-packages/airflow/example_dags/example_params_ui_tutorial.py for tasks to queue
[2024-06-18T13:30:32.866+0530] {logging_mixin.py:188} INFO - [2024-06-18T13:30:32.866+0530] {dagbag.py:545} INFO - Filling up the DagBag from /home/kiit/airflow-env/lib/python3.8/site-packages/airflow/example_dags/example_params_ui_tutorial.py
[2024-06-18T13:30:32.876+0530] {processor.py:840} INFO - DAG(s) 'example_params_ui_tutorial' retrieved from /home/kiit/airflow-env/lib/python3.8/site-packages/airflow/example_dags/example_params_ui_tutorial.py
[2024-06-18T13:30:32.916+0530] {logging_mixin.py:188} INFO - [2024-06-18T13:30:32.916+0530] {dag.py:3096} INFO - Sync 1 DAGs
[2024-06-18T13:30:32.929+0530] {logging_mixin.py:188} INFO - [2024-06-18T13:30:32.928+0530] {dag.py:3954} INFO - Setting next_dagrun for example_params_ui_tutorial to None, run_after=None
[2024-06-18T13:30:32.955+0530] {processor.py:183} INFO - Processing /home/kiit/airflow-env/lib/python3.8/site-packages/airflow/example_dags/example_params_ui_tutorial.py took 0.095 seconds
[2024-06-18T13:31:26.067+0530] {processor.py:161} INFO - Started process (PID=27153) to work on /home/kiit/airflow-env/lib/python3.8/site-packages/airflow/example_dags/example_params_ui_tutorial.py
[2024-06-18T13:31:26.069+0530] {processor.py:830} INFO - Processing file /home/kiit/airflow-env/lib/python3.8/site-packages/airflow/example_dags/example_params_ui_tutorial.py for tasks to queue
[2024-06-18T13:31:26.070+0530] {logging_mixin.py:188} INFO - [2024-06-18T13:31:26.070+0530] {dagbag.py:545} INFO - Filling up the DagBag from /home/kiit/airflow-env/lib/python3.8/site-packages/airflow/example_dags/example_params_ui_tutorial.py
[2024-06-18T13:31:26.080+0530] {processor.py:840} INFO - DAG(s) 'example_params_ui_tutorial' retrieved from /home/kiit/airflow-env/lib/python3.8/site-packages/airflow/example_dags/example_params_ui_tutorial.py
[2024-06-18T13:31:26.119+0530] {logging_mixin.py:188} INFO - [2024-06-18T13:31:26.118+0530] {dag.py:3096} INFO - Sync 1 DAGs
[2024-06-18T13:31:26.130+0530] {logging_mixin.py:188} INFO - [2024-06-18T13:31:26.130+0530] {dag.py:3954} INFO - Setting next_dagrun for example_params_ui_tutorial to None, run_after=None
[2024-06-18T13:31:26.150+0530] {processor.py:183} INFO - Processing /home/kiit/airflow-env/lib/python3.8/site-packages/airflow/example_dags/example_params_ui_tutorial.py took 0.089 seconds
[2024-06-18T13:32:16.342+0530] {processor.py:161} INFO - Started process (PID=27574) to work on /home/kiit/airflow-env/lib/python3.8/site-packages/airflow/example_dags/example_params_ui_tutorial.py
[2024-06-18T13:32:16.343+0530] {processor.py:830} INFO - Processing file /home/kiit/airflow-env/lib/python3.8/site-packages/airflow/example_dags/example_params_ui_tutorial.py for tasks to queue
[2024-06-18T13:32:16.344+0530] {logging_mixin.py:188} INFO - [2024-06-18T13:32:16.344+0530] {dagbag.py:545} INFO - Filling up the DagBag from /home/kiit/airflow-env/lib/python3.8/site-packages/airflow/example_dags/example_params_ui_tutorial.py
[2024-06-18T13:32:16.354+0530] {processor.py:840} INFO - DAG(s) 'example_params_ui_tutorial' retrieved from /home/kiit/airflow-env/lib/python3.8/site-packages/airflow/example_dags/example_params_ui_tutorial.py
[2024-06-18T13:32:16.390+0530] {logging_mixin.py:188} INFO - [2024-06-18T13:32:16.390+0530] {dag.py:3096} INFO - Sync 1 DAGs
[2024-06-18T13:32:16.400+0530] {logging_mixin.py:188} INFO - [2024-06-18T13:32:16.400+0530] {dag.py:3954} INFO - Setting next_dagrun for example_params_ui_tutorial to None, run_after=None
[2024-06-18T13:32:16.417+0530] {processor.py:183} INFO - Processing /home/kiit/airflow-env/lib/python3.8/site-packages/airflow/example_dags/example_params_ui_tutorial.py took 0.081 seconds
[2024-06-18T13:32:56.076+0530] {processor.py:161} INFO - Started process (PID=28194) to work on /home/kiit/airflow-env/lib/python3.8/site-packages/airflow/example_dags/example_params_ui_tutorial.py
[2024-06-18T13:32:56.078+0530] {processor.py:830} INFO - Processing file /home/kiit/airflow-env/lib/python3.8/site-packages/airflow/example_dags/example_params_ui_tutorial.py for tasks to queue
[2024-06-18T13:32:56.079+0530] {logging_mixin.py:188} INFO - [2024-06-18T13:32:56.079+0530] {dagbag.py:545} INFO - Filling up the DagBag from /home/kiit/airflow-env/lib/python3.8/site-packages/airflow/example_dags/example_params_ui_tutorial.py
[2024-06-18T13:32:56.092+0530] {processor.py:840} INFO - DAG(s) 'example_params_ui_tutorial' retrieved from /home/kiit/airflow-env/lib/python3.8/site-packages/airflow/example_dags/example_params_ui_tutorial.py
[2024-06-18T13:32:56.137+0530] {logging_mixin.py:188} INFO - [2024-06-18T13:32:56.136+0530] {dag.py:3096} INFO - Sync 1 DAGs
[2024-06-18T13:32:56.148+0530] {logging_mixin.py:188} INFO - [2024-06-18T13:32:56.148+0530] {dag.py:3954} INFO - Setting next_dagrun for example_params_ui_tutorial to None, run_after=None
[2024-06-18T13:32:56.170+0530] {processor.py:183} INFO - Processing /home/kiit/airflow-env/lib/python3.8/site-packages/airflow/example_dags/example_params_ui_tutorial.py took 0.101 seconds
[2024-06-18T13:33:39.010+0530] {processor.py:161} INFO - Started process (PID=30174) to work on /home/kiit/airflow-env/lib/python3.8/site-packages/airflow/example_dags/example_params_ui_tutorial.py
[2024-06-18T13:33:39.010+0530] {processor.py:830} INFO - Processing file /home/kiit/airflow-env/lib/python3.8/site-packages/airflow/example_dags/example_params_ui_tutorial.py for tasks to queue
[2024-06-18T13:33:39.011+0530] {logging_mixin.py:188} INFO - [2024-06-18T13:33:39.011+0530] {dagbag.py:545} INFO - Filling up the DagBag from /home/kiit/airflow-env/lib/python3.8/site-packages/airflow/example_dags/example_params_ui_tutorial.py
[2024-06-18T13:33:39.020+0530] {processor.py:840} INFO - DAG(s) 'example_params_ui_tutorial' retrieved from /home/kiit/airflow-env/lib/python3.8/site-packages/airflow/example_dags/example_params_ui_tutorial.py
[2024-06-18T13:33:39.056+0530] {logging_mixin.py:188} INFO - [2024-06-18T13:33:39.056+0530] {dag.py:3096} INFO - Sync 1 DAGs
[2024-06-18T13:33:39.064+0530] {logging_mixin.py:188} INFO - [2024-06-18T13:33:39.064+0530] {dag.py:3954} INFO - Setting next_dagrun for example_params_ui_tutorial to None, run_after=None
[2024-06-18T13:33:39.082+0530] {processor.py:183} INFO - Processing /home/kiit/airflow-env/lib/python3.8/site-packages/airflow/example_dags/example_params_ui_tutorial.py took 0.078 seconds
[2024-06-18T13:34:19.716+0530] {processor.py:161} INFO - Started process (PID=30446) to work on /home/kiit/airflow-env/lib/python3.8/site-packages/airflow/example_dags/example_params_ui_tutorial.py
[2024-06-18T13:34:19.723+0530] {processor.py:830} INFO - Processing file /home/kiit/airflow-env/lib/python3.8/site-packages/airflow/example_dags/example_params_ui_tutorial.py for tasks to queue
[2024-06-18T13:34:19.725+0530] {logging_mixin.py:188} INFO - [2024-06-18T13:34:19.725+0530] {dagbag.py:545} INFO - Filling up the DagBag from /home/kiit/airflow-env/lib/python3.8/site-packages/airflow/example_dags/example_params_ui_tutorial.py
[2024-06-18T13:34:19.734+0530] {processor.py:840} INFO - DAG(s) 'example_params_ui_tutorial' retrieved from /home/kiit/airflow-env/lib/python3.8/site-packages/airflow/example_dags/example_params_ui_tutorial.py
[2024-06-18T13:34:19.774+0530] {logging_mixin.py:188} INFO - [2024-06-18T13:34:19.774+0530] {dag.py:3096} INFO - Sync 1 DAGs
[2024-06-18T13:34:19.782+0530] {logging_mixin.py:188} INFO - [2024-06-18T13:34:19.782+0530] {dag.py:3954} INFO - Setting next_dagrun for example_params_ui_tutorial to None, run_after=None
[2024-06-18T13:34:19.804+0530] {processor.py:183} INFO - Processing /home/kiit/airflow-env/lib/python3.8/site-packages/airflow/example_dags/example_params_ui_tutorial.py took 0.095 seconds
[2024-06-18T13:34:57.707+0530] {processor.py:161} INFO - Started process (PID=30494) to work on /home/kiit/airflow-env/lib/python3.8/site-packages/airflow/example_dags/example_params_ui_tutorial.py
[2024-06-18T13:34:57.716+0530] {processor.py:830} INFO - Processing file /home/kiit/airflow-env/lib/python3.8/site-packages/airflow/example_dags/example_params_ui_tutorial.py for tasks to queue
[2024-06-18T13:34:57.720+0530] {logging_mixin.py:188} INFO - [2024-06-18T13:34:57.719+0530] {dagbag.py:545} INFO - Filling up the DagBag from /home/kiit/airflow-env/lib/python3.8/site-packages/airflow/example_dags/example_params_ui_tutorial.py
[2024-06-18T13:34:57.742+0530] {processor.py:840} INFO - DAG(s) 'example_params_ui_tutorial' retrieved from /home/kiit/airflow-env/lib/python3.8/site-packages/airflow/example_dags/example_params_ui_tutorial.py
[2024-06-18T13:34:57.816+0530] {logging_mixin.py:188} INFO - [2024-06-18T13:34:57.816+0530] {dag.py:3096} INFO - Sync 1 DAGs
[2024-06-18T13:34:57.837+0530] {logging_mixin.py:188} INFO - [2024-06-18T13:34:57.836+0530] {dag.py:3954} INFO - Setting next_dagrun for example_params_ui_tutorial to None, run_after=None
[2024-06-18T13:34:57.861+0530] {processor.py:183} INFO - Processing /home/kiit/airflow-env/lib/python3.8/site-packages/airflow/example_dags/example_params_ui_tutorial.py took 0.160 seconds
[2024-06-18T13:35:40.230+0530] {processor.py:161} INFO - Started process (PID=30542) to work on /home/kiit/airflow-env/lib/python3.8/site-packages/airflow/example_dags/example_params_ui_tutorial.py
[2024-06-18T13:35:40.232+0530] {processor.py:830} INFO - Processing file /home/kiit/airflow-env/lib/python3.8/site-packages/airflow/example_dags/example_params_ui_tutorial.py for tasks to queue
[2024-06-18T13:35:40.234+0530] {logging_mixin.py:188} INFO - [2024-06-18T13:35:40.234+0530] {dagbag.py:545} INFO - Filling up the DagBag from /home/kiit/airflow-env/lib/python3.8/site-packages/airflow/example_dags/example_params_ui_tutorial.py
[2024-06-18T13:35:40.244+0530] {processor.py:840} INFO - DAG(s) 'example_params_ui_tutorial' retrieved from /home/kiit/airflow-env/lib/python3.8/site-packages/airflow/example_dags/example_params_ui_tutorial.py
[2024-06-18T13:35:40.282+0530] {logging_mixin.py:188} INFO - [2024-06-18T13:35:40.282+0530] {dag.py:3096} INFO - Sync 1 DAGs
[2024-06-18T13:35:40.291+0530] {logging_mixin.py:188} INFO - [2024-06-18T13:35:40.291+0530] {dag.py:3954} INFO - Setting next_dagrun for example_params_ui_tutorial to None, run_after=None
[2024-06-18T13:35:40.313+0530] {processor.py:183} INFO - Processing /home/kiit/airflow-env/lib/python3.8/site-packages/airflow/example_dags/example_params_ui_tutorial.py took 0.087 seconds
[2024-06-18T13:36:23.766+0530] {processor.py:161} INFO - Started process (PID=30593) to work on /home/kiit/airflow-env/lib/python3.8/site-packages/airflow/example_dags/example_params_ui_tutorial.py
[2024-06-18T13:36:23.767+0530] {processor.py:830} INFO - Processing file /home/kiit/airflow-env/lib/python3.8/site-packages/airflow/example_dags/example_params_ui_tutorial.py for tasks to queue
[2024-06-18T13:36:23.769+0530] {logging_mixin.py:188} INFO - [2024-06-18T13:36:23.768+0530] {dagbag.py:545} INFO - Filling up the DagBag from /home/kiit/airflow-env/lib/python3.8/site-packages/airflow/example_dags/example_params_ui_tutorial.py
[2024-06-18T13:36:23.780+0530] {processor.py:840} INFO - DAG(s) 'example_params_ui_tutorial' retrieved from /home/kiit/airflow-env/lib/python3.8/site-packages/airflow/example_dags/example_params_ui_tutorial.py
[2024-06-18T13:36:23.813+0530] {logging_mixin.py:188} INFO - [2024-06-18T13:36:23.813+0530] {dag.py:3096} INFO - Sync 1 DAGs
[2024-06-18T13:36:23.821+0530] {logging_mixin.py:188} INFO - [2024-06-18T13:36:23.820+0530] {dag.py:3954} INFO - Setting next_dagrun for example_params_ui_tutorial to None, run_after=None
[2024-06-18T13:36:23.838+0530] {processor.py:183} INFO - Processing /home/kiit/airflow-env/lib/python3.8/site-packages/airflow/example_dags/example_params_ui_tutorial.py took 0.077 seconds
[2024-06-18T13:37:05.885+0530] {processor.py:161} INFO - Started process (PID=30642) to work on /home/kiit/airflow-env/lib/python3.8/site-packages/airflow/example_dags/example_params_ui_tutorial.py
[2024-06-18T13:37:05.892+0530] {processor.py:830} INFO - Processing file /home/kiit/airflow-env/lib/python3.8/site-packages/airflow/example_dags/example_params_ui_tutorial.py for tasks to queue
[2024-06-18T13:37:05.894+0530] {logging_mixin.py:188} INFO - [2024-06-18T13:37:05.894+0530] {dagbag.py:545} INFO - Filling up the DagBag from /home/kiit/airflow-env/lib/python3.8/site-packages/airflow/example_dags/example_params_ui_tutorial.py
[2024-06-18T13:37:05.903+0530] {processor.py:840} INFO - DAG(s) 'example_params_ui_tutorial' retrieved from /home/kiit/airflow-env/lib/python3.8/site-packages/airflow/example_dags/example_params_ui_tutorial.py
[2024-06-18T13:37:05.946+0530] {logging_mixin.py:188} INFO - [2024-06-18T13:37:05.946+0530] {dag.py:3096} INFO - Sync 1 DAGs
[2024-06-18T13:37:05.954+0530] {logging_mixin.py:188} INFO - [2024-06-18T13:37:05.954+0530] {dag.py:3954} INFO - Setting next_dagrun for example_params_ui_tutorial to None, run_after=None
[2024-06-18T13:37:05.977+0530] {processor.py:183} INFO - Processing /home/kiit/airflow-env/lib/python3.8/site-packages/airflow/example_dags/example_params_ui_tutorial.py took 0.097 seconds
[2024-06-18T13:37:49.046+0530] {processor.py:161} INFO - Started process (PID=30691) to work on /home/kiit/airflow-env/lib/python3.8/site-packages/airflow/example_dags/example_params_ui_tutorial.py
[2024-06-18T13:37:49.049+0530] {processor.py:830} INFO - Processing file /home/kiit/airflow-env/lib/python3.8/site-packages/airflow/example_dags/example_params_ui_tutorial.py for tasks to queue
[2024-06-18T13:37:49.052+0530] {logging_mixin.py:188} INFO - [2024-06-18T13:37:49.051+0530] {dagbag.py:545} INFO - Filling up the DagBag from /home/kiit/airflow-env/lib/python3.8/site-packages/airflow/example_dags/example_params_ui_tutorial.py
[2024-06-18T13:37:49.078+0530] {processor.py:840} INFO - DAG(s) 'example_params_ui_tutorial' retrieved from /home/kiit/airflow-env/lib/python3.8/site-packages/airflow/example_dags/example_params_ui_tutorial.py
[2024-06-18T13:37:49.136+0530] {logging_mixin.py:188} INFO - [2024-06-18T13:37:49.136+0530] {dag.py:3096} INFO - Sync 1 DAGs
[2024-06-18T13:37:49.151+0530] {logging_mixin.py:188} INFO - [2024-06-18T13:37:49.151+0530] {dag.py:3954} INFO - Setting next_dagrun for example_params_ui_tutorial to None, run_after=None
[2024-06-18T13:37:49.183+0530] {processor.py:183} INFO - Processing /home/kiit/airflow-env/lib/python3.8/site-packages/airflow/example_dags/example_params_ui_tutorial.py took 0.155 seconds
[2024-06-18T13:38:42.816+0530] {processor.py:161} INFO - Started process (PID=30747) to work on /home/kiit/airflow-env/lib/python3.8/site-packages/airflow/example_dags/example_params_ui_tutorial.py
[2024-06-18T13:38:42.817+0530] {processor.py:830} INFO - Processing file /home/kiit/airflow-env/lib/python3.8/site-packages/airflow/example_dags/example_params_ui_tutorial.py for tasks to queue
[2024-06-18T13:38:42.818+0530] {logging_mixin.py:188} INFO - [2024-06-18T13:38:42.818+0530] {dagbag.py:545} INFO - Filling up the DagBag from /home/kiit/airflow-env/lib/python3.8/site-packages/airflow/example_dags/example_params_ui_tutorial.py
[2024-06-18T13:38:42.829+0530] {processor.py:840} INFO - DAG(s) 'example_params_ui_tutorial' retrieved from /home/kiit/airflow-env/lib/python3.8/site-packages/airflow/example_dags/example_params_ui_tutorial.py
[2024-06-18T13:38:42.866+0530] {logging_mixin.py:188} INFO - [2024-06-18T13:38:42.866+0530] {dag.py:3096} INFO - Sync 1 DAGs
[2024-06-18T13:38:42.876+0530] {logging_mixin.py:188} INFO - [2024-06-18T13:38:42.876+0530] {dag.py:3954} INFO - Setting next_dagrun for example_params_ui_tutorial to None, run_after=None
[2024-06-18T13:38:42.899+0530] {processor.py:183} INFO - Processing /home/kiit/airflow-env/lib/python3.8/site-packages/airflow/example_dags/example_params_ui_tutorial.py took 0.088 seconds
[2024-06-18T13:39:29.181+0530] {processor.py:161} INFO - Started process (PID=30802) to work on /home/kiit/airflow-env/lib/python3.8/site-packages/airflow/example_dags/example_params_ui_tutorial.py
[2024-06-18T13:39:29.188+0530] {processor.py:830} INFO - Processing file /home/kiit/airflow-env/lib/python3.8/site-packages/airflow/example_dags/example_params_ui_tutorial.py for tasks to queue
[2024-06-18T13:39:29.191+0530] {logging_mixin.py:188} INFO - [2024-06-18T13:39:29.190+0530] {dagbag.py:545} INFO - Filling up the DagBag from /home/kiit/airflow-env/lib/python3.8/site-packages/airflow/example_dags/example_params_ui_tutorial.py
[2024-06-18T13:39:29.201+0530] {processor.py:840} INFO - DAG(s) 'example_params_ui_tutorial' retrieved from /home/kiit/airflow-env/lib/python3.8/site-packages/airflow/example_dags/example_params_ui_tutorial.py
[2024-06-18T13:39:29.250+0530] {logging_mixin.py:188} INFO - [2024-06-18T13:39:29.249+0530] {dag.py:3096} INFO - Sync 1 DAGs
[2024-06-18T13:39:29.259+0530] {logging_mixin.py:188} INFO - [2024-06-18T13:39:29.259+0530] {dag.py:3954} INFO - Setting next_dagrun for example_params_ui_tutorial to None, run_after=None
[2024-06-18T13:39:29.282+0530] {processor.py:183} INFO - Processing /home/kiit/airflow-env/lib/python3.8/site-packages/airflow/example_dags/example_params_ui_tutorial.py took 0.106 seconds
[2024-06-18T13:40:09.271+0530] {processor.py:161} INFO - Started process (PID=30916) to work on /home/kiit/airflow-env/lib/python3.8/site-packages/airflow/example_dags/example_params_ui_tutorial.py
[2024-06-18T13:40:09.278+0530] {processor.py:830} INFO - Processing file /home/kiit/airflow-env/lib/python3.8/site-packages/airflow/example_dags/example_params_ui_tutorial.py for tasks to queue
[2024-06-18T13:40:09.281+0530] {logging_mixin.py:188} INFO - [2024-06-18T13:40:09.280+0530] {dagbag.py:545} INFO - Filling up the DagBag from /home/kiit/airflow-env/lib/python3.8/site-packages/airflow/example_dags/example_params_ui_tutorial.py
[2024-06-18T13:40:09.290+0530] {processor.py:840} INFO - DAG(s) 'example_params_ui_tutorial' retrieved from /home/kiit/airflow-env/lib/python3.8/site-packages/airflow/example_dags/example_params_ui_tutorial.py
[2024-06-18T13:40:09.321+0530] {logging_mixin.py:188} INFO - [2024-06-18T13:40:09.320+0530] {dag.py:3096} INFO - Sync 1 DAGs
[2024-06-18T13:40:09.328+0530] {logging_mixin.py:188} INFO - [2024-06-18T13:40:09.328+0530] {dag.py:3954} INFO - Setting next_dagrun for example_params_ui_tutorial to None, run_after=None
[2024-06-18T13:40:09.345+0530] {processor.py:183} INFO - Processing /home/kiit/airflow-env/lib/python3.8/site-packages/airflow/example_dags/example_params_ui_tutorial.py took 0.083 seconds
[2024-06-18T13:40:49.596+0530] {processor.py:161} INFO - Started process (PID=30965) to work on /home/kiit/airflow-env/lib/python3.8/site-packages/airflow/example_dags/example_params_ui_tutorial.py
[2024-06-18T13:40:49.597+0530] {processor.py:830} INFO - Processing file /home/kiit/airflow-env/lib/python3.8/site-packages/airflow/example_dags/example_params_ui_tutorial.py for tasks to queue
[2024-06-18T13:40:49.598+0530] {logging_mixin.py:188} INFO - [2024-06-18T13:40:49.598+0530] {dagbag.py:545} INFO - Filling up the DagBag from /home/kiit/airflow-env/lib/python3.8/site-packages/airflow/example_dags/example_params_ui_tutorial.py
[2024-06-18T13:40:49.607+0530] {processor.py:840} INFO - DAG(s) 'example_params_ui_tutorial' retrieved from /home/kiit/airflow-env/lib/python3.8/site-packages/airflow/example_dags/example_params_ui_tutorial.py
[2024-06-18T13:40:49.637+0530] {logging_mixin.py:188} INFO - [2024-06-18T13:40:49.637+0530] {dag.py:3096} INFO - Sync 1 DAGs
[2024-06-18T13:40:49.645+0530] {logging_mixin.py:188} INFO - [2024-06-18T13:40:49.645+0530] {dag.py:3954} INFO - Setting next_dagrun for example_params_ui_tutorial to None, run_after=None
[2024-06-18T13:40:49.663+0530] {processor.py:183} INFO - Processing /home/kiit/airflow-env/lib/python3.8/site-packages/airflow/example_dags/example_params_ui_tutorial.py took 0.074 seconds
[2024-06-18T13:41:31.944+0530] {processor.py:161} INFO - Started process (PID=31014) to work on /home/kiit/airflow-env/lib/python3.8/site-packages/airflow/example_dags/example_params_ui_tutorial.py
[2024-06-18T13:41:31.951+0530] {processor.py:830} INFO - Processing file /home/kiit/airflow-env/lib/python3.8/site-packages/airflow/example_dags/example_params_ui_tutorial.py for tasks to queue
[2024-06-18T13:41:31.953+0530] {logging_mixin.py:188} INFO - [2024-06-18T13:41:31.953+0530] {dagbag.py:545} INFO - Filling up the DagBag from /home/kiit/airflow-env/lib/python3.8/site-packages/airflow/example_dags/example_params_ui_tutorial.py
[2024-06-18T13:41:31.964+0530] {processor.py:840} INFO - DAG(s) 'example_params_ui_tutorial' retrieved from /home/kiit/airflow-env/lib/python3.8/site-packages/airflow/example_dags/example_params_ui_tutorial.py
[2024-06-18T13:41:32.001+0530] {logging_mixin.py:188} INFO - [2024-06-18T13:41:32.001+0530] {dag.py:3096} INFO - Sync 1 DAGs
[2024-06-18T13:41:32.010+0530] {logging_mixin.py:188} INFO - [2024-06-18T13:41:32.009+0530] {dag.py:3954} INFO - Setting next_dagrun for example_params_ui_tutorial to None, run_after=None
[2024-06-18T13:41:32.028+0530] {processor.py:183} INFO - Processing /home/kiit/airflow-env/lib/python3.8/site-packages/airflow/example_dags/example_params_ui_tutorial.py took 0.087 seconds
[2024-06-18T15:05:48.801+0530] {processor.py:161} INFO - Started process (PID=33597) to work on /home/kiit/airflow-env/lib/python3.8/site-packages/airflow/example_dags/example_params_ui_tutorial.py
[2024-06-18T15:05:48.803+0530] {processor.py:830} INFO - Processing file /home/kiit/airflow-env/lib/python3.8/site-packages/airflow/example_dags/example_params_ui_tutorial.py for tasks to queue
[2024-06-18T15:05:48.805+0530] {logging_mixin.py:188} INFO - [2024-06-18T15:05:48.804+0530] {dagbag.py:545} INFO - Filling up the DagBag from /home/kiit/airflow-env/lib/python3.8/site-packages/airflow/example_dags/example_params_ui_tutorial.py
[2024-06-18T15:05:48.818+0530] {processor.py:840} INFO - DAG(s) 'example_params_ui_tutorial' retrieved from /home/kiit/airflow-env/lib/python3.8/site-packages/airflow/example_dags/example_params_ui_tutorial.py
[2024-06-18T15:05:48.830+0530] {logging_mixin.py:188} INFO - [2024-06-18T15:05:48.830+0530] {dag.py:3096} INFO - Sync 1 DAGs
[2024-06-18T15:05:48.846+0530] {logging_mixin.py:188} INFO - [2024-06-18T15:05:48.846+0530] {dag.py:3954} INFO - Setting next_dagrun for example_params_ui_tutorial to None, run_after=None
[2024-06-18T15:05:48.873+0530] {processor.py:183} INFO - Processing /home/kiit/airflow-env/lib/python3.8/site-packages/airflow/example_dags/example_params_ui_tutorial.py took 0.079 seconds
[2024-06-18T15:06:19.825+0530] {processor.py:161} INFO - Started process (PID=33658) to work on /home/kiit/airflow-env/lib/python3.8/site-packages/airflow/example_dags/example_params_ui_tutorial.py
[2024-06-18T15:06:19.826+0530] {processor.py:830} INFO - Processing file /home/kiit/airflow-env/lib/python3.8/site-packages/airflow/example_dags/example_params_ui_tutorial.py for tasks to queue
[2024-06-18T15:06:19.829+0530] {logging_mixin.py:188} INFO - [2024-06-18T15:06:19.828+0530] {dagbag.py:545} INFO - Filling up the DagBag from /home/kiit/airflow-env/lib/python3.8/site-packages/airflow/example_dags/example_params_ui_tutorial.py
[2024-06-18T15:06:19.844+0530] {processor.py:840} INFO - DAG(s) 'example_params_ui_tutorial' retrieved from /home/kiit/airflow-env/lib/python3.8/site-packages/airflow/example_dags/example_params_ui_tutorial.py
[2024-06-18T15:06:20.074+0530] {logging_mixin.py:188} INFO - [2024-06-18T15:06:20.074+0530] {dag.py:3096} INFO - Sync 1 DAGs
[2024-06-18T15:06:20.083+0530] {logging_mixin.py:188} INFO - [2024-06-18T15:06:20.082+0530] {dag.py:3954} INFO - Setting next_dagrun for example_params_ui_tutorial to None, run_after=None
[2024-06-18T15:06:20.120+0530] {processor.py:183} INFO - Processing /home/kiit/airflow-env/lib/python3.8/site-packages/airflow/example_dags/example_params_ui_tutorial.py took 0.304 seconds
[2024-06-18T15:06:50.329+0530] {processor.py:161} INFO - Started process (PID=33717) to work on /home/kiit/airflow-env/lib/python3.8/site-packages/airflow/example_dags/example_params_ui_tutorial.py
[2024-06-18T15:06:50.331+0530] {processor.py:830} INFO - Processing file /home/kiit/airflow-env/lib/python3.8/site-packages/airflow/example_dags/example_params_ui_tutorial.py for tasks to queue
[2024-06-18T15:06:50.332+0530] {logging_mixin.py:188} INFO - [2024-06-18T15:06:50.332+0530] {dagbag.py:545} INFO - Filling up the DagBag from /home/kiit/airflow-env/lib/python3.8/site-packages/airflow/example_dags/example_params_ui_tutorial.py
[2024-06-18T15:06:50.344+0530] {processor.py:840} INFO - DAG(s) 'example_params_ui_tutorial' retrieved from /home/kiit/airflow-env/lib/python3.8/site-packages/airflow/example_dags/example_params_ui_tutorial.py
[2024-06-18T15:06:50.486+0530] {logging_mixin.py:188} INFO - [2024-06-18T15:06:50.486+0530] {dag.py:3096} INFO - Sync 1 DAGs
[2024-06-18T15:06:50.494+0530] {logging_mixin.py:188} INFO - [2024-06-18T15:06:50.493+0530] {dag.py:3954} INFO - Setting next_dagrun for example_params_ui_tutorial to None, run_after=None
[2024-06-18T15:06:50.521+0530] {processor.py:183} INFO - Processing /home/kiit/airflow-env/lib/python3.8/site-packages/airflow/example_dags/example_params_ui_tutorial.py took 0.201 seconds
[2024-06-18T15:07:21.372+0530] {processor.py:161} INFO - Started process (PID=33776) to work on /home/kiit/airflow-env/lib/python3.8/site-packages/airflow/example_dags/example_params_ui_tutorial.py
[2024-06-18T15:07:21.372+0530] {processor.py:830} INFO - Processing file /home/kiit/airflow-env/lib/python3.8/site-packages/airflow/example_dags/example_params_ui_tutorial.py for tasks to queue
[2024-06-18T15:07:21.374+0530] {logging_mixin.py:188} INFO - [2024-06-18T15:07:21.374+0530] {dagbag.py:545} INFO - Filling up the DagBag from /home/kiit/airflow-env/lib/python3.8/site-packages/airflow/example_dags/example_params_ui_tutorial.py
[2024-06-18T15:07:21.385+0530] {processor.py:840} INFO - DAG(s) 'example_params_ui_tutorial' retrieved from /home/kiit/airflow-env/lib/python3.8/site-packages/airflow/example_dags/example_params_ui_tutorial.py
[2024-06-18T15:07:21.439+0530] {logging_mixin.py:188} INFO - [2024-06-18T15:07:21.439+0530] {dag.py:3096} INFO - Sync 1 DAGs
[2024-06-18T15:07:21.451+0530] {logging_mixin.py:188} INFO - [2024-06-18T15:07:21.450+0530] {dag.py:3954} INFO - Setting next_dagrun for example_params_ui_tutorial to None, run_after=None
[2024-06-18T15:07:21.475+0530] {processor.py:183} INFO - Processing /home/kiit/airflow-env/lib/python3.8/site-packages/airflow/example_dags/example_params_ui_tutorial.py took 0.111 seconds
[2024-06-18T15:07:52.152+0530] {processor.py:161} INFO - Started process (PID=33835) to work on /home/kiit/airflow-env/lib/python3.8/site-packages/airflow/example_dags/example_params_ui_tutorial.py
[2024-06-18T15:07:52.153+0530] {processor.py:830} INFO - Processing file /home/kiit/airflow-env/lib/python3.8/site-packages/airflow/example_dags/example_params_ui_tutorial.py for tasks to queue
[2024-06-18T15:07:52.156+0530] {logging_mixin.py:188} INFO - [2024-06-18T15:07:52.155+0530] {dagbag.py:545} INFO - Filling up the DagBag from /home/kiit/airflow-env/lib/python3.8/site-packages/airflow/example_dags/example_params_ui_tutorial.py
[2024-06-18T15:07:52.166+0530] {processor.py:840} INFO - DAG(s) 'example_params_ui_tutorial' retrieved from /home/kiit/airflow-env/lib/python3.8/site-packages/airflow/example_dags/example_params_ui_tutorial.py
[2024-06-18T15:07:52.218+0530] {logging_mixin.py:188} INFO - [2024-06-18T15:07:52.218+0530] {dag.py:3096} INFO - Sync 1 DAGs
[2024-06-18T15:07:52.229+0530] {logging_mixin.py:188} INFO - [2024-06-18T15:07:52.229+0530] {dag.py:3954} INFO - Setting next_dagrun for example_params_ui_tutorial to None, run_after=None
[2024-06-18T15:07:52.253+0530] {processor.py:183} INFO - Processing /home/kiit/airflow-env/lib/python3.8/site-packages/airflow/example_dags/example_params_ui_tutorial.py took 0.108 seconds
[2024-06-18T15:08:22.946+0530] {processor.py:161} INFO - Started process (PID=33894) to work on /home/kiit/airflow-env/lib/python3.8/site-packages/airflow/example_dags/example_params_ui_tutorial.py
[2024-06-18T15:08:22.948+0530] {processor.py:830} INFO - Processing file /home/kiit/airflow-env/lib/python3.8/site-packages/airflow/example_dags/example_params_ui_tutorial.py for tasks to queue
[2024-06-18T15:08:22.950+0530] {logging_mixin.py:188} INFO - [2024-06-18T15:08:22.950+0530] {dagbag.py:545} INFO - Filling up the DagBag from /home/kiit/airflow-env/lib/python3.8/site-packages/airflow/example_dags/example_params_ui_tutorial.py
[2024-06-18T15:08:22.978+0530] {processor.py:840} INFO - DAG(s) 'example_params_ui_tutorial' retrieved from /home/kiit/airflow-env/lib/python3.8/site-packages/airflow/example_dags/example_params_ui_tutorial.py
[2024-06-18T15:08:23.058+0530] {logging_mixin.py:188} INFO - [2024-06-18T15:08:23.058+0530] {dag.py:3096} INFO - Sync 1 DAGs
[2024-06-18T15:08:23.072+0530] {logging_mixin.py:188} INFO - [2024-06-18T15:08:23.072+0530] {dag.py:3954} INFO - Setting next_dagrun for example_params_ui_tutorial to None, run_after=None
[2024-06-18T15:08:23.098+0530] {processor.py:183} INFO - Processing /home/kiit/airflow-env/lib/python3.8/site-packages/airflow/example_dags/example_params_ui_tutorial.py took 0.163 seconds
[2024-06-18T15:08:53.989+0530] {processor.py:161} INFO - Started process (PID=33947) to work on /home/kiit/airflow-env/lib/python3.8/site-packages/airflow/example_dags/example_params_ui_tutorial.py
[2024-06-18T15:08:53.993+0530] {processor.py:830} INFO - Processing file /home/kiit/airflow-env/lib/python3.8/site-packages/airflow/example_dags/example_params_ui_tutorial.py for tasks to queue
[2024-06-18T15:08:53.994+0530] {logging_mixin.py:188} INFO - [2024-06-18T15:08:53.994+0530] {dagbag.py:545} INFO - Filling up the DagBag from /home/kiit/airflow-env/lib/python3.8/site-packages/airflow/example_dags/example_params_ui_tutorial.py
[2024-06-18T15:08:54.003+0530] {processor.py:840} INFO - DAG(s) 'example_params_ui_tutorial' retrieved from /home/kiit/airflow-env/lib/python3.8/site-packages/airflow/example_dags/example_params_ui_tutorial.py
[2024-06-18T15:08:54.089+0530] {logging_mixin.py:188} INFO - [2024-06-18T15:08:54.088+0530] {dag.py:3096} INFO - Sync 1 DAGs
[2024-06-18T15:08:54.104+0530] {logging_mixin.py:188} INFO - [2024-06-18T15:08:54.104+0530] {dag.py:3954} INFO - Setting next_dagrun for example_params_ui_tutorial to None, run_after=None
[2024-06-18T15:08:54.131+0530] {processor.py:183} INFO - Processing /home/kiit/airflow-env/lib/python3.8/site-packages/airflow/example_dags/example_params_ui_tutorial.py took 0.147 seconds
[2024-06-18T15:09:24.548+0530] {processor.py:161} INFO - Started process (PID=34007) to work on /home/kiit/airflow-env/lib/python3.8/site-packages/airflow/example_dags/example_params_ui_tutorial.py
[2024-06-18T15:09:24.550+0530] {processor.py:830} INFO - Processing file /home/kiit/airflow-env/lib/python3.8/site-packages/airflow/example_dags/example_params_ui_tutorial.py for tasks to queue
[2024-06-18T15:09:24.552+0530] {logging_mixin.py:188} INFO - [2024-06-18T15:09:24.552+0530] {dagbag.py:545} INFO - Filling up the DagBag from /home/kiit/airflow-env/lib/python3.8/site-packages/airflow/example_dags/example_params_ui_tutorial.py
[2024-06-18T15:09:24.564+0530] {processor.py:840} INFO - DAG(s) 'example_params_ui_tutorial' retrieved from /home/kiit/airflow-env/lib/python3.8/site-packages/airflow/example_dags/example_params_ui_tutorial.py
[2024-06-18T15:09:24.619+0530] {logging_mixin.py:188} INFO - [2024-06-18T15:09:24.618+0530] {dag.py:3096} INFO - Sync 1 DAGs
[2024-06-18T15:09:24.631+0530] {logging_mixin.py:188} INFO - [2024-06-18T15:09:24.630+0530] {dag.py:3954} INFO - Setting next_dagrun for example_params_ui_tutorial to None, run_after=None
[2024-06-18T15:09:24.655+0530] {processor.py:183} INFO - Processing /home/kiit/airflow-env/lib/python3.8/site-packages/airflow/example_dags/example_params_ui_tutorial.py took 0.114 seconds
[2024-06-18T15:09:54.834+0530] {processor.py:161} INFO - Started process (PID=34066) to work on /home/kiit/airflow-env/lib/python3.8/site-packages/airflow/example_dags/example_params_ui_tutorial.py
[2024-06-18T15:09:54.835+0530] {processor.py:830} INFO - Processing file /home/kiit/airflow-env/lib/python3.8/site-packages/airflow/example_dags/example_params_ui_tutorial.py for tasks to queue
[2024-06-18T15:09:54.836+0530] {logging_mixin.py:188} INFO - [2024-06-18T15:09:54.836+0530] {dagbag.py:545} INFO - Filling up the DagBag from /home/kiit/airflow-env/lib/python3.8/site-packages/airflow/example_dags/example_params_ui_tutorial.py
[2024-06-18T15:09:54.846+0530] {processor.py:840} INFO - DAG(s) 'example_params_ui_tutorial' retrieved from /home/kiit/airflow-env/lib/python3.8/site-packages/airflow/example_dags/example_params_ui_tutorial.py
[2024-06-18T15:09:54.897+0530] {logging_mixin.py:188} INFO - [2024-06-18T15:09:54.897+0530] {dag.py:3096} INFO - Sync 1 DAGs
[2024-06-18T15:09:54.910+0530] {logging_mixin.py:188} INFO - [2024-06-18T15:09:54.910+0530] {dag.py:3954} INFO - Setting next_dagrun for example_params_ui_tutorial to None, run_after=None
[2024-06-18T15:09:54.935+0530] {processor.py:183} INFO - Processing /home/kiit/airflow-env/lib/python3.8/site-packages/airflow/example_dags/example_params_ui_tutorial.py took 0.107 seconds
[2024-06-18T15:10:25.017+0530] {processor.py:161} INFO - Started process (PID=34124) to work on /home/kiit/airflow-env/lib/python3.8/site-packages/airflow/example_dags/example_params_ui_tutorial.py
[2024-06-18T15:10:25.017+0530] {processor.py:830} INFO - Processing file /home/kiit/airflow-env/lib/python3.8/site-packages/airflow/example_dags/example_params_ui_tutorial.py for tasks to queue
[2024-06-18T15:10:25.019+0530] {logging_mixin.py:188} INFO - [2024-06-18T15:10:25.018+0530] {dagbag.py:545} INFO - Filling up the DagBag from /home/kiit/airflow-env/lib/python3.8/site-packages/airflow/example_dags/example_params_ui_tutorial.py
[2024-06-18T15:10:25.028+0530] {processor.py:840} INFO - DAG(s) 'example_params_ui_tutorial' retrieved from /home/kiit/airflow-env/lib/python3.8/site-packages/airflow/example_dags/example_params_ui_tutorial.py
[2024-06-18T15:10:25.070+0530] {logging_mixin.py:188} INFO - [2024-06-18T15:10:25.070+0530] {dag.py:3096} INFO - Sync 1 DAGs
[2024-06-18T15:10:25.079+0530] {logging_mixin.py:188} INFO - [2024-06-18T15:10:25.079+0530] {dag.py:3954} INFO - Setting next_dagrun for example_params_ui_tutorial to None, run_after=None
[2024-06-18T15:10:25.100+0530] {processor.py:183} INFO - Processing /home/kiit/airflow-env/lib/python3.8/site-packages/airflow/example_dags/example_params_ui_tutorial.py took 0.088 seconds
[2024-06-18T15:10:55.405+0530] {processor.py:161} INFO - Started process (PID=34185) to work on /home/kiit/airflow-env/lib/python3.8/site-packages/airflow/example_dags/example_params_ui_tutorial.py
[2024-06-18T15:10:55.406+0530] {processor.py:830} INFO - Processing file /home/kiit/airflow-env/lib/python3.8/site-packages/airflow/example_dags/example_params_ui_tutorial.py for tasks to queue
[2024-06-18T15:10:55.407+0530] {logging_mixin.py:188} INFO - [2024-06-18T15:10:55.407+0530] {dagbag.py:545} INFO - Filling up the DagBag from /home/kiit/airflow-env/lib/python3.8/site-packages/airflow/example_dags/example_params_ui_tutorial.py
[2024-06-18T15:10:55.419+0530] {processor.py:840} INFO - DAG(s) 'example_params_ui_tutorial' retrieved from /home/kiit/airflow-env/lib/python3.8/site-packages/airflow/example_dags/example_params_ui_tutorial.py
[2024-06-18T15:10:55.468+0530] {logging_mixin.py:188} INFO - [2024-06-18T15:10:55.468+0530] {dag.py:3096} INFO - Sync 1 DAGs
[2024-06-18T15:10:55.480+0530] {logging_mixin.py:188} INFO - [2024-06-18T15:10:55.479+0530] {dag.py:3954} INFO - Setting next_dagrun for example_params_ui_tutorial to None, run_after=None
[2024-06-18T15:10:55.510+0530] {processor.py:183} INFO - Processing /home/kiit/airflow-env/lib/python3.8/site-packages/airflow/example_dags/example_params_ui_tutorial.py took 0.110 seconds
[2024-06-18T15:11:25.658+0530] {processor.py:161} INFO - Started process (PID=34243) to work on /home/kiit/airflow-env/lib/python3.8/site-packages/airflow/example_dags/example_params_ui_tutorial.py
[2024-06-18T15:11:25.659+0530] {processor.py:830} INFO - Processing file /home/kiit/airflow-env/lib/python3.8/site-packages/airflow/example_dags/example_params_ui_tutorial.py for tasks to queue
[2024-06-18T15:11:25.661+0530] {logging_mixin.py:188} INFO - [2024-06-18T15:11:25.661+0530] {dagbag.py:545} INFO - Filling up the DagBag from /home/kiit/airflow-env/lib/python3.8/site-packages/airflow/example_dags/example_params_ui_tutorial.py
[2024-06-18T15:11:25.672+0530] {processor.py:840} INFO - DAG(s) 'example_params_ui_tutorial' retrieved from /home/kiit/airflow-env/lib/python3.8/site-packages/airflow/example_dags/example_params_ui_tutorial.py
[2024-06-18T15:11:25.713+0530] {logging_mixin.py:188} INFO - [2024-06-18T15:11:25.713+0530] {dag.py:3096} INFO - Sync 1 DAGs
[2024-06-18T15:11:25.723+0530] {logging_mixin.py:188} INFO - [2024-06-18T15:11:25.723+0530] {dag.py:3954} INFO - Setting next_dagrun for example_params_ui_tutorial to None, run_after=None
[2024-06-18T15:11:25.745+0530] {processor.py:183} INFO - Processing /home/kiit/airflow-env/lib/python3.8/site-packages/airflow/example_dags/example_params_ui_tutorial.py took 0.093 seconds
[2024-06-18T15:11:55.811+0530] {processor.py:161} INFO - Started process (PID=34302) to work on /home/kiit/airflow-env/lib/python3.8/site-packages/airflow/example_dags/example_params_ui_tutorial.py
[2024-06-18T15:11:55.813+0530] {processor.py:830} INFO - Processing file /home/kiit/airflow-env/lib/python3.8/site-packages/airflow/example_dags/example_params_ui_tutorial.py for tasks to queue
[2024-06-18T15:11:55.814+0530] {logging_mixin.py:188} INFO - [2024-06-18T15:11:55.814+0530] {dagbag.py:545} INFO - Filling up the DagBag from /home/kiit/airflow-env/lib/python3.8/site-packages/airflow/example_dags/example_params_ui_tutorial.py
[2024-06-18T15:11:55.825+0530] {processor.py:840} INFO - DAG(s) 'example_params_ui_tutorial' retrieved from /home/kiit/airflow-env/lib/python3.8/site-packages/airflow/example_dags/example_params_ui_tutorial.py
[2024-06-18T15:11:55.870+0530] {logging_mixin.py:188} INFO - [2024-06-18T15:11:55.870+0530] {dag.py:3096} INFO - Sync 1 DAGs
[2024-06-18T15:11:55.881+0530] {logging_mixin.py:188} INFO - [2024-06-18T15:11:55.880+0530] {dag.py:3954} INFO - Setting next_dagrun for example_params_ui_tutorial to None, run_after=None
[2024-06-18T15:11:55.903+0530] {processor.py:183} INFO - Processing /home/kiit/airflow-env/lib/python3.8/site-packages/airflow/example_dags/example_params_ui_tutorial.py took 0.099 seconds
[2024-06-18T15:12:26.118+0530] {processor.py:161} INFO - Started process (PID=34362) to work on /home/kiit/airflow-env/lib/python3.8/site-packages/airflow/example_dags/example_params_ui_tutorial.py
[2024-06-18T15:12:26.119+0530] {processor.py:830} INFO - Processing file /home/kiit/airflow-env/lib/python3.8/site-packages/airflow/example_dags/example_params_ui_tutorial.py for tasks to queue
[2024-06-18T15:12:26.120+0530] {logging_mixin.py:188} INFO - [2024-06-18T15:12:26.120+0530] {dagbag.py:545} INFO - Filling up the DagBag from /home/kiit/airflow-env/lib/python3.8/site-packages/airflow/example_dags/example_params_ui_tutorial.py
[2024-06-18T15:12:26.134+0530] {processor.py:840} INFO - DAG(s) 'example_params_ui_tutorial' retrieved from /home/kiit/airflow-env/lib/python3.8/site-packages/airflow/example_dags/example_params_ui_tutorial.py
[2024-06-18T15:12:26.176+0530] {logging_mixin.py:188} INFO - [2024-06-18T15:12:26.176+0530] {dag.py:3096} INFO - Sync 1 DAGs
[2024-06-18T15:12:26.188+0530] {logging_mixin.py:188} INFO - [2024-06-18T15:12:26.188+0530] {dag.py:3954} INFO - Setting next_dagrun for example_params_ui_tutorial to None, run_after=None
[2024-06-18T15:12:26.211+0530] {processor.py:183} INFO - Processing /home/kiit/airflow-env/lib/python3.8/site-packages/airflow/example_dags/example_params_ui_tutorial.py took 0.100 seconds
[2024-06-18T15:12:56.442+0530] {processor.py:161} INFO - Started process (PID=34421) to work on /home/kiit/airflow-env/lib/python3.8/site-packages/airflow/example_dags/example_params_ui_tutorial.py
[2024-06-18T15:12:56.450+0530] {processor.py:830} INFO - Processing file /home/kiit/airflow-env/lib/python3.8/site-packages/airflow/example_dags/example_params_ui_tutorial.py for tasks to queue
[2024-06-18T15:12:56.452+0530] {logging_mixin.py:188} INFO - [2024-06-18T15:12:56.452+0530] {dagbag.py:545} INFO - Filling up the DagBag from /home/kiit/airflow-env/lib/python3.8/site-packages/airflow/example_dags/example_params_ui_tutorial.py
[2024-06-18T15:12:56.467+0530] {processor.py:840} INFO - DAG(s) 'example_params_ui_tutorial' retrieved from /home/kiit/airflow-env/lib/python3.8/site-packages/airflow/example_dags/example_params_ui_tutorial.py
[2024-06-18T15:12:56.513+0530] {logging_mixin.py:188} INFO - [2024-06-18T15:12:56.512+0530] {dag.py:3096} INFO - Sync 1 DAGs
[2024-06-18T15:12:56.522+0530] {logging_mixin.py:188} INFO - [2024-06-18T15:12:56.522+0530] {dag.py:3954} INFO - Setting next_dagrun for example_params_ui_tutorial to None, run_after=None
[2024-06-18T15:12:56.552+0530] {processor.py:183} INFO - Processing /home/kiit/airflow-env/lib/python3.8/site-packages/airflow/example_dags/example_params_ui_tutorial.py took 0.118 seconds
[2024-06-18T15:13:26.674+0530] {processor.py:161} INFO - Started process (PID=34480) to work on /home/kiit/airflow-env/lib/python3.8/site-packages/airflow/example_dags/example_params_ui_tutorial.py
[2024-06-18T15:13:26.681+0530] {processor.py:830} INFO - Processing file /home/kiit/airflow-env/lib/python3.8/site-packages/airflow/example_dags/example_params_ui_tutorial.py for tasks to queue
[2024-06-18T15:13:26.682+0530] {logging_mixin.py:188} INFO - [2024-06-18T15:13:26.682+0530] {dagbag.py:545} INFO - Filling up the DagBag from /home/kiit/airflow-env/lib/python3.8/site-packages/airflow/example_dags/example_params_ui_tutorial.py
[2024-06-18T15:13:26.695+0530] {processor.py:840} INFO - DAG(s) 'example_params_ui_tutorial' retrieved from /home/kiit/airflow-env/lib/python3.8/site-packages/airflow/example_dags/example_params_ui_tutorial.py
[2024-06-18T15:13:26.738+0530] {logging_mixin.py:188} INFO - [2024-06-18T15:13:26.738+0530] {dag.py:3096} INFO - Sync 1 DAGs
[2024-06-18T15:13:26.749+0530] {logging_mixin.py:188} INFO - [2024-06-18T15:13:26.749+0530] {dag.py:3954} INFO - Setting next_dagrun for example_params_ui_tutorial to None, run_after=None
[2024-06-18T15:13:26.778+0530] {processor.py:183} INFO - Processing /home/kiit/airflow-env/lib/python3.8/site-packages/airflow/example_dags/example_params_ui_tutorial.py took 0.111 seconds
[2024-06-18T15:13:57.043+0530] {processor.py:161} INFO - Started process (PID=34539) to work on /home/kiit/airflow-env/lib/python3.8/site-packages/airflow/example_dags/example_params_ui_tutorial.py
[2024-06-18T15:13:57.044+0530] {processor.py:830} INFO - Processing file /home/kiit/airflow-env/lib/python3.8/site-packages/airflow/example_dags/example_params_ui_tutorial.py for tasks to queue
[2024-06-18T15:13:57.046+0530] {logging_mixin.py:188} INFO - [2024-06-18T15:13:57.046+0530] {dagbag.py:545} INFO - Filling up the DagBag from /home/kiit/airflow-env/lib/python3.8/site-packages/airflow/example_dags/example_params_ui_tutorial.py
[2024-06-18T15:13:57.056+0530] {processor.py:840} INFO - DAG(s) 'example_params_ui_tutorial' retrieved from /home/kiit/airflow-env/lib/python3.8/site-packages/airflow/example_dags/example_params_ui_tutorial.py
[2024-06-18T15:13:57.101+0530] {logging_mixin.py:188} INFO - [2024-06-18T15:13:57.100+0530] {dag.py:3096} INFO - Sync 1 DAGs
[2024-06-18T15:13:57.111+0530] {logging_mixin.py:188} INFO - [2024-06-18T15:13:57.110+0530] {dag.py:3954} INFO - Setting next_dagrun for example_params_ui_tutorial to None, run_after=None
[2024-06-18T15:13:57.135+0530] {processor.py:183} INFO - Processing /home/kiit/airflow-env/lib/python3.8/site-packages/airflow/example_dags/example_params_ui_tutorial.py took 0.098 seconds
[2024-06-18T15:14:27.292+0530] {processor.py:161} INFO - Started process (PID=34598) to work on /home/kiit/airflow-env/lib/python3.8/site-packages/airflow/example_dags/example_params_ui_tutorial.py
[2024-06-18T15:14:27.300+0530] {processor.py:830} INFO - Processing file /home/kiit/airflow-env/lib/python3.8/site-packages/airflow/example_dags/example_params_ui_tutorial.py for tasks to queue
[2024-06-18T15:14:27.301+0530] {logging_mixin.py:188} INFO - [2024-06-18T15:14:27.301+0530] {dagbag.py:545} INFO - Filling up the DagBag from /home/kiit/airflow-env/lib/python3.8/site-packages/airflow/example_dags/example_params_ui_tutorial.py
[2024-06-18T15:14:27.310+0530] {processor.py:840} INFO - DAG(s) 'example_params_ui_tutorial' retrieved from /home/kiit/airflow-env/lib/python3.8/site-packages/airflow/example_dags/example_params_ui_tutorial.py
[2024-06-18T15:14:27.353+0530] {logging_mixin.py:188} INFO - [2024-06-18T15:14:27.353+0530] {dag.py:3096} INFO - Sync 1 DAGs
[2024-06-18T15:14:27.363+0530] {logging_mixin.py:188} INFO - [2024-06-18T15:14:27.363+0530] {dag.py:3954} INFO - Setting next_dagrun for example_params_ui_tutorial to None, run_after=None
[2024-06-18T15:14:27.384+0530] {processor.py:183} INFO - Processing /home/kiit/airflow-env/lib/python3.8/site-packages/airflow/example_dags/example_params_ui_tutorial.py took 0.098 seconds
[2024-06-18T15:14:57.638+0530] {processor.py:161} INFO - Started process (PID=34657) to work on /home/kiit/airflow-env/lib/python3.8/site-packages/airflow/example_dags/example_params_ui_tutorial.py
[2024-06-18T15:14:57.638+0530] {processor.py:830} INFO - Processing file /home/kiit/airflow-env/lib/python3.8/site-packages/airflow/example_dags/example_params_ui_tutorial.py for tasks to queue
[2024-06-18T15:14:57.639+0530] {logging_mixin.py:188} INFO - [2024-06-18T15:14:57.639+0530] {dagbag.py:545} INFO - Filling up the DagBag from /home/kiit/airflow-env/lib/python3.8/site-packages/airflow/example_dags/example_params_ui_tutorial.py
[2024-06-18T15:14:57.649+0530] {processor.py:840} INFO - DAG(s) 'example_params_ui_tutorial' retrieved from /home/kiit/airflow-env/lib/python3.8/site-packages/airflow/example_dags/example_params_ui_tutorial.py
[2024-06-18T15:14:57.691+0530] {logging_mixin.py:188} INFO - [2024-06-18T15:14:57.691+0530] {dag.py:3096} INFO - Sync 1 DAGs
[2024-06-18T15:14:57.700+0530] {logging_mixin.py:188} INFO - [2024-06-18T15:14:57.700+0530] {dag.py:3954} INFO - Setting next_dagrun for example_params_ui_tutorial to None, run_after=None
[2024-06-18T15:14:57.721+0530] {processor.py:183} INFO - Processing /home/kiit/airflow-env/lib/python3.8/site-packages/airflow/example_dags/example_params_ui_tutorial.py took 0.089 seconds
[2024-06-18T15:15:27.983+0530] {processor.py:161} INFO - Started process (PID=34716) to work on /home/kiit/airflow-env/lib/python3.8/site-packages/airflow/example_dags/example_params_ui_tutorial.py
[2024-06-18T15:15:27.984+0530] {processor.py:830} INFO - Processing file /home/kiit/airflow-env/lib/python3.8/site-packages/airflow/example_dags/example_params_ui_tutorial.py for tasks to queue
[2024-06-18T15:15:27.985+0530] {logging_mixin.py:188} INFO - [2024-06-18T15:15:27.985+0530] {dagbag.py:545} INFO - Filling up the DagBag from /home/kiit/airflow-env/lib/python3.8/site-packages/airflow/example_dags/example_params_ui_tutorial.py
[2024-06-18T15:15:27.993+0530] {processor.py:840} INFO - DAG(s) 'example_params_ui_tutorial' retrieved from /home/kiit/airflow-env/lib/python3.8/site-packages/airflow/example_dags/example_params_ui_tutorial.py
[2024-06-18T15:15:28.035+0530] {logging_mixin.py:188} INFO - [2024-06-18T15:15:28.035+0530] {dag.py:3096} INFO - Sync 1 DAGs
[2024-06-18T15:15:28.043+0530] {logging_mixin.py:188} INFO - [2024-06-18T15:15:28.043+0530] {dag.py:3954} INFO - Setting next_dagrun for example_params_ui_tutorial to None, run_after=None
[2024-06-18T15:15:28.066+0530] {processor.py:183} INFO - Processing /home/kiit/airflow-env/lib/python3.8/site-packages/airflow/example_dags/example_params_ui_tutorial.py took 0.089 seconds
[2024-06-18T15:15:58.242+0530] {processor.py:161} INFO - Started process (PID=34775) to work on /home/kiit/airflow-env/lib/python3.8/site-packages/airflow/example_dags/example_params_ui_tutorial.py
[2024-06-18T15:15:58.243+0530] {processor.py:830} INFO - Processing file /home/kiit/airflow-env/lib/python3.8/site-packages/airflow/example_dags/example_params_ui_tutorial.py for tasks to queue
[2024-06-18T15:15:58.245+0530] {logging_mixin.py:188} INFO - [2024-06-18T15:15:58.245+0530] {dagbag.py:545} INFO - Filling up the DagBag from /home/kiit/airflow-env/lib/python3.8/site-packages/airflow/example_dags/example_params_ui_tutorial.py
[2024-06-18T15:15:58.256+0530] {processor.py:840} INFO - DAG(s) 'example_params_ui_tutorial' retrieved from /home/kiit/airflow-env/lib/python3.8/site-packages/airflow/example_dags/example_params_ui_tutorial.py
[2024-06-18T15:15:58.296+0530] {logging_mixin.py:188} INFO - [2024-06-18T15:15:58.296+0530] {dag.py:3096} INFO - Sync 1 DAGs
[2024-06-18T15:15:58.304+0530] {logging_mixin.py:188} INFO - [2024-06-18T15:15:58.304+0530] {dag.py:3954} INFO - Setting next_dagrun for example_params_ui_tutorial to None, run_after=None
[2024-06-18T15:15:58.327+0530] {processor.py:183} INFO - Processing /home/kiit/airflow-env/lib/python3.8/site-packages/airflow/example_dags/example_params_ui_tutorial.py took 0.090 seconds
[2024-06-18T15:16:28.544+0530] {processor.py:161} INFO - Started process (PID=34858) to work on /home/kiit/airflow-env/lib/python3.8/site-packages/airflow/example_dags/example_params_ui_tutorial.py
[2024-06-18T15:16:28.551+0530] {processor.py:830} INFO - Processing file /home/kiit/airflow-env/lib/python3.8/site-packages/airflow/example_dags/example_params_ui_tutorial.py for tasks to queue
[2024-06-18T15:16:28.553+0530] {logging_mixin.py:188} INFO - [2024-06-18T15:16:28.553+0530] {dagbag.py:545} INFO - Filling up the DagBag from /home/kiit/airflow-env/lib/python3.8/site-packages/airflow/example_dags/example_params_ui_tutorial.py
[2024-06-18T15:16:28.562+0530] {processor.py:840} INFO - DAG(s) 'example_params_ui_tutorial' retrieved from /home/kiit/airflow-env/lib/python3.8/site-packages/airflow/example_dags/example_params_ui_tutorial.py
[2024-06-18T15:16:28.672+0530] {logging_mixin.py:188} INFO - [2024-06-18T15:16:28.672+0530] {dag.py:3096} INFO - Sync 1 DAGs
[2024-06-18T15:16:28.682+0530] {logging_mixin.py:188} INFO - [2024-06-18T15:16:28.682+0530] {dag.py:3954} INFO - Setting next_dagrun for example_params_ui_tutorial to None, run_after=None
[2024-06-18T15:16:28.707+0530] {processor.py:183} INFO - Processing /home/kiit/airflow-env/lib/python3.8/site-packages/airflow/example_dags/example_params_ui_tutorial.py took 0.169 seconds
