[2024-06-18T13:06:15.535+0530] {processor.py:161} INFO - Started process (PID=25385) to work on /home/kiit/airflow-env/lib/python3.8/site-packages/airflow/example_dags/example_trigger_controller_dag.py
[2024-06-18T13:06:15.535+0530] {processor.py:830} INFO - Processing file /home/kiit/airflow-env/lib/python3.8/site-packages/airflow/example_dags/example_trigger_controller_dag.py for tasks to queue
[2024-06-18T13:06:15.537+0530] {logging_mixin.py:188} INFO - [2024-06-18T13:06:15.536+0530] {dagbag.py:545} INFO - Filling up the DagBag from /home/kiit/airflow-env/lib/python3.8/site-packages/airflow/example_dags/example_trigger_controller_dag.py
[2024-06-18T13:06:15.543+0530] {processor.py:840} INFO - DAG(s) 'example_trigger_controller_dag' retrieved from /home/kiit/airflow-env/lib/python3.8/site-packages/airflow/example_dags/example_trigger_controller_dag.py
[2024-06-18T13:06:15.626+0530] {logging_mixin.py:188} INFO - [2024-06-18T13:06:15.626+0530] {dag.py:3096} INFO - Sync 1 DAGs
[2024-06-18T13:06:15.722+0530] {logging_mixin.py:188} INFO - [2024-06-18T13:06:15.722+0530] {dag.py:3954} INFO - Setting next_dagrun for example_trigger_controller_dag to 2021-01-01 00:00:00+00:00, run_after=2021-01-01 00:00:00+00:00
[2024-06-18T13:06:15.743+0530] {processor.py:183} INFO - Processing /home/kiit/airflow-env/lib/python3.8/site-packages/airflow/example_dags/example_trigger_controller_dag.py took 0.213 seconds
[2024-06-18T13:07:07.030+0530] {processor.py:161} INFO - Started process (PID=25449) to work on /home/kiit/airflow-env/lib/python3.8/site-packages/airflow/example_dags/example_trigger_controller_dag.py
[2024-06-18T13:07:07.038+0530] {processor.py:830} INFO - Processing file /home/kiit/airflow-env/lib/python3.8/site-packages/airflow/example_dags/example_trigger_controller_dag.py for tasks to queue
[2024-06-18T13:07:07.039+0530] {logging_mixin.py:188} INFO - [2024-06-18T13:07:07.039+0530] {dagbag.py:545} INFO - Filling up the DagBag from /home/kiit/airflow-env/lib/python3.8/site-packages/airflow/example_dags/example_trigger_controller_dag.py
[2024-06-18T13:07:07.043+0530] {processor.py:840} INFO - DAG(s) 'example_trigger_controller_dag' retrieved from /home/kiit/airflow-env/lib/python3.8/site-packages/airflow/example_dags/example_trigger_controller_dag.py
[2024-06-18T13:07:07.052+0530] {logging_mixin.py:188} INFO - [2024-06-18T13:07:07.051+0530] {dag.py:3096} INFO - Sync 1 DAGs
[2024-06-18T13:07:07.064+0530] {logging_mixin.py:188} INFO - [2024-06-18T13:07:07.063+0530] {dag.py:3954} INFO - Setting next_dagrun for example_trigger_controller_dag to 2021-01-01 00:00:00+00:00, run_after=2021-01-01 00:00:00+00:00
[2024-06-18T13:07:07.137+0530] {processor.py:183} INFO - Processing /home/kiit/airflow-env/lib/python3.8/site-packages/airflow/example_dags/example_trigger_controller_dag.py took 0.110 seconds
[2024-06-18T13:08:30.393+0530] {processor.py:161} INFO - Started process (PID=25535) to work on /home/kiit/airflow-env/lib/python3.8/site-packages/airflow/example_dags/example_trigger_controller_dag.py
[2024-06-18T13:08:30.399+0530] {processor.py:830} INFO - Processing file /home/kiit/airflow-env/lib/python3.8/site-packages/airflow/example_dags/example_trigger_controller_dag.py for tasks to queue
[2024-06-18T13:08:30.400+0530] {logging_mixin.py:188} INFO - [2024-06-18T13:08:30.400+0530] {dagbag.py:545} INFO - Filling up the DagBag from /home/kiit/airflow-env/lib/python3.8/site-packages/airflow/example_dags/example_trigger_controller_dag.py
[2024-06-18T13:08:30.404+0530] {processor.py:840} INFO - DAG(s) 'example_trigger_controller_dag' retrieved from /home/kiit/airflow-env/lib/python3.8/site-packages/airflow/example_dags/example_trigger_controller_dag.py
[2024-06-18T13:08:30.413+0530] {logging_mixin.py:188} INFO - [2024-06-18T13:08:30.413+0530] {dag.py:3096} INFO - Sync 1 DAGs
[2024-06-18T13:08:30.423+0530] {logging_mixin.py:188} INFO - [2024-06-18T13:08:30.423+0530] {dag.py:3954} INFO - Setting next_dagrun for example_trigger_controller_dag to 2021-01-01 00:00:00+00:00, run_after=2021-01-01 00:00:00+00:00
[2024-06-18T13:08:30.438+0530] {processor.py:183} INFO - Processing /home/kiit/airflow-env/lib/python3.8/site-packages/airflow/example_dags/example_trigger_controller_dag.py took 0.050 seconds
[2024-06-18T13:09:24.754+0530] {processor.py:161} INFO - Started process (PID=25600) to work on /home/kiit/airflow-env/lib/python3.8/site-packages/airflow/example_dags/example_trigger_controller_dag.py
[2024-06-18T13:09:24.755+0530] {processor.py:830} INFO - Processing file /home/kiit/airflow-env/lib/python3.8/site-packages/airflow/example_dags/example_trigger_controller_dag.py for tasks to queue
[2024-06-18T13:09:24.756+0530] {logging_mixin.py:188} INFO - [2024-06-18T13:09:24.756+0530] {dagbag.py:545} INFO - Filling up the DagBag from /home/kiit/airflow-env/lib/python3.8/site-packages/airflow/example_dags/example_trigger_controller_dag.py
[2024-06-18T13:09:24.760+0530] {processor.py:840} INFO - DAG(s) 'example_trigger_controller_dag' retrieved from /home/kiit/airflow-env/lib/python3.8/site-packages/airflow/example_dags/example_trigger_controller_dag.py
[2024-06-18T13:09:24.770+0530] {logging_mixin.py:188} INFO - [2024-06-18T13:09:24.770+0530] {dag.py:3096} INFO - Sync 1 DAGs
[2024-06-18T13:09:24.781+0530] {logging_mixin.py:188} INFO - [2024-06-18T13:09:24.781+0530] {dag.py:3954} INFO - Setting next_dagrun for example_trigger_controller_dag to 2021-01-01 00:00:00+00:00, run_after=2021-01-01 00:00:00+00:00
[2024-06-18T13:09:24.798+0530] {processor.py:183} INFO - Processing /home/kiit/airflow-env/lib/python3.8/site-packages/airflow/example_dags/example_trigger_controller_dag.py took 0.048 seconds
[2024-06-18T13:10:27.093+0530] {processor.py:161} INFO - Started process (PID=25675) to work on /home/kiit/airflow-env/lib/python3.8/site-packages/airflow/example_dags/example_trigger_controller_dag.py
[2024-06-18T13:10:27.095+0530] {processor.py:830} INFO - Processing file /home/kiit/airflow-env/lib/python3.8/site-packages/airflow/example_dags/example_trigger_controller_dag.py for tasks to queue
[2024-06-18T13:10:27.096+0530] {logging_mixin.py:188} INFO - [2024-06-18T13:10:27.096+0530] {dagbag.py:545} INFO - Filling up the DagBag from /home/kiit/airflow-env/lib/python3.8/site-packages/airflow/example_dags/example_trigger_controller_dag.py
[2024-06-18T13:10:27.099+0530] {processor.py:840} INFO - DAG(s) 'example_trigger_controller_dag' retrieved from /home/kiit/airflow-env/lib/python3.8/site-packages/airflow/example_dags/example_trigger_controller_dag.py
[2024-06-18T13:10:27.112+0530] {logging_mixin.py:188} INFO - [2024-06-18T13:10:27.112+0530] {dag.py:3096} INFO - Sync 1 DAGs
[2024-06-18T13:10:27.126+0530] {logging_mixin.py:188} INFO - [2024-06-18T13:10:27.126+0530] {dag.py:3954} INFO - Setting next_dagrun for example_trigger_controller_dag to 2021-01-01 00:00:00+00:00, run_after=2021-01-01 00:00:00+00:00
[2024-06-18T13:10:27.143+0530] {processor.py:183} INFO - Processing /home/kiit/airflow-env/lib/python3.8/site-packages/airflow/example_dags/example_trigger_controller_dag.py took 0.054 seconds
[2024-06-18T13:11:20.222+0530] {processor.py:161} INFO - Started process (PID=25733) to work on /home/kiit/airflow-env/lib/python3.8/site-packages/airflow/example_dags/example_trigger_controller_dag.py
[2024-06-18T13:11:20.223+0530] {processor.py:830} INFO - Processing file /home/kiit/airflow-env/lib/python3.8/site-packages/airflow/example_dags/example_trigger_controller_dag.py for tasks to queue
[2024-06-18T13:11:20.225+0530] {logging_mixin.py:188} INFO - [2024-06-18T13:11:20.224+0530] {dagbag.py:545} INFO - Filling up the DagBag from /home/kiit/airflow-env/lib/python3.8/site-packages/airflow/example_dags/example_trigger_controller_dag.py
[2024-06-18T13:11:20.228+0530] {processor.py:840} INFO - DAG(s) 'example_trigger_controller_dag' retrieved from /home/kiit/airflow-env/lib/python3.8/site-packages/airflow/example_dags/example_trigger_controller_dag.py
[2024-06-18T13:11:20.243+0530] {logging_mixin.py:188} INFO - [2024-06-18T13:11:20.243+0530] {dag.py:3096} INFO - Sync 1 DAGs
[2024-06-18T13:11:20.258+0530] {logging_mixin.py:188} INFO - [2024-06-18T13:11:20.257+0530] {dag.py:3954} INFO - Setting next_dagrun for example_trigger_controller_dag to 2021-01-01 00:00:00+00:00, run_after=2021-01-01 00:00:00+00:00
[2024-06-18T13:11:20.276+0530] {processor.py:183} INFO - Processing /home/kiit/airflow-env/lib/python3.8/site-packages/airflow/example_dags/example_trigger_controller_dag.py took 0.059 seconds
[2024-06-18T13:12:22.050+0530] {processor.py:161} INFO - Started process (PID=25804) to work on /home/kiit/airflow-env/lib/python3.8/site-packages/airflow/example_dags/example_trigger_controller_dag.py
[2024-06-18T13:12:22.051+0530] {processor.py:830} INFO - Processing file /home/kiit/airflow-env/lib/python3.8/site-packages/airflow/example_dags/example_trigger_controller_dag.py for tasks to queue
[2024-06-18T13:12:22.052+0530] {logging_mixin.py:188} INFO - [2024-06-18T13:12:22.052+0530] {dagbag.py:545} INFO - Filling up the DagBag from /home/kiit/airflow-env/lib/python3.8/site-packages/airflow/example_dags/example_trigger_controller_dag.py
[2024-06-18T13:12:22.056+0530] {processor.py:840} INFO - DAG(s) 'example_trigger_controller_dag' retrieved from /home/kiit/airflow-env/lib/python3.8/site-packages/airflow/example_dags/example_trigger_controller_dag.py
[2024-06-18T13:12:22.067+0530] {logging_mixin.py:188} INFO - [2024-06-18T13:12:22.067+0530] {dag.py:3096} INFO - Sync 1 DAGs
[2024-06-18T13:12:22.084+0530] {logging_mixin.py:188} INFO - [2024-06-18T13:12:22.084+0530] {dag.py:3954} INFO - Setting next_dagrun for example_trigger_controller_dag to 2021-01-01 00:00:00+00:00, run_after=2021-01-01 00:00:00+00:00
[2024-06-18T13:12:22.104+0530] {processor.py:183} INFO - Processing /home/kiit/airflow-env/lib/python3.8/site-packages/airflow/example_dags/example_trigger_controller_dag.py took 0.059 seconds
[2024-06-18T13:13:20.281+0530] {processor.py:161} INFO - Started process (PID=25878) to work on /home/kiit/airflow-env/lib/python3.8/site-packages/airflow/example_dags/example_trigger_controller_dag.py
[2024-06-18T13:13:20.282+0530] {processor.py:830} INFO - Processing file /home/kiit/airflow-env/lib/python3.8/site-packages/airflow/example_dags/example_trigger_controller_dag.py for tasks to queue
[2024-06-18T13:13:20.283+0530] {logging_mixin.py:188} INFO - [2024-06-18T13:13:20.282+0530] {dagbag.py:545} INFO - Filling up the DagBag from /home/kiit/airflow-env/lib/python3.8/site-packages/airflow/example_dags/example_trigger_controller_dag.py
[2024-06-18T13:13:20.286+0530] {processor.py:840} INFO - DAG(s) 'example_trigger_controller_dag' retrieved from /home/kiit/airflow-env/lib/python3.8/site-packages/airflow/example_dags/example_trigger_controller_dag.py
[2024-06-18T13:13:20.296+0530] {logging_mixin.py:188} INFO - [2024-06-18T13:13:20.295+0530] {dag.py:3096} INFO - Sync 1 DAGs
[2024-06-18T13:13:20.306+0530] {logging_mixin.py:188} INFO - [2024-06-18T13:13:20.306+0530] {dag.py:3954} INFO - Setting next_dagrun for example_trigger_controller_dag to 2021-01-01 00:00:00+00:00, run_after=2021-01-01 00:00:00+00:00
[2024-06-18T13:13:20.323+0530] {processor.py:183} INFO - Processing /home/kiit/airflow-env/lib/python3.8/site-packages/airflow/example_dags/example_trigger_controller_dag.py took 0.046 seconds
[2024-06-18T13:14:16.669+0530] {processor.py:161} INFO - Started process (PID=25945) to work on /home/kiit/airflow-env/lib/python3.8/site-packages/airflow/example_dags/example_trigger_controller_dag.py
[2024-06-18T13:14:16.670+0530] {processor.py:830} INFO - Processing file /home/kiit/airflow-env/lib/python3.8/site-packages/airflow/example_dags/example_trigger_controller_dag.py for tasks to queue
[2024-06-18T13:14:16.671+0530] {logging_mixin.py:188} INFO - [2024-06-18T13:14:16.671+0530] {dagbag.py:545} INFO - Filling up the DagBag from /home/kiit/airflow-env/lib/python3.8/site-packages/airflow/example_dags/example_trigger_controller_dag.py
[2024-06-18T13:14:16.675+0530] {processor.py:840} INFO - DAG(s) 'example_trigger_controller_dag' retrieved from /home/kiit/airflow-env/lib/python3.8/site-packages/airflow/example_dags/example_trigger_controller_dag.py
[2024-06-18T13:14:16.687+0530] {logging_mixin.py:188} INFO - [2024-06-18T13:14:16.687+0530] {dag.py:3096} INFO - Sync 1 DAGs
[2024-06-18T13:14:16.700+0530] {logging_mixin.py:188} INFO - [2024-06-18T13:14:16.700+0530] {dag.py:3954} INFO - Setting next_dagrun for example_trigger_controller_dag to 2021-01-01 00:00:00+00:00, run_after=2021-01-01 00:00:00+00:00
[2024-06-18T13:14:16.717+0530] {processor.py:183} INFO - Processing /home/kiit/airflow-env/lib/python3.8/site-packages/airflow/example_dags/example_trigger_controller_dag.py took 0.054 seconds
[2024-06-18T13:15:18.877+0530] {processor.py:161} INFO - Started process (PID=26021) to work on /home/kiit/airflow-env/lib/python3.8/site-packages/airflow/example_dags/example_trigger_controller_dag.py
[2024-06-18T13:15:18.884+0530] {processor.py:830} INFO - Processing file /home/kiit/airflow-env/lib/python3.8/site-packages/airflow/example_dags/example_trigger_controller_dag.py for tasks to queue
[2024-06-18T13:15:18.886+0530] {logging_mixin.py:188} INFO - [2024-06-18T13:15:18.885+0530] {dagbag.py:545} INFO - Filling up the DagBag from /home/kiit/airflow-env/lib/python3.8/site-packages/airflow/example_dags/example_trigger_controller_dag.py
[2024-06-18T13:15:18.891+0530] {processor.py:840} INFO - DAG(s) 'example_trigger_controller_dag' retrieved from /home/kiit/airflow-env/lib/python3.8/site-packages/airflow/example_dags/example_trigger_controller_dag.py
[2024-06-18T13:15:18.908+0530] {logging_mixin.py:188} INFO - [2024-06-18T13:15:18.908+0530] {dag.py:3096} INFO - Sync 1 DAGs
[2024-06-18T13:15:18.929+0530] {logging_mixin.py:188} INFO - [2024-06-18T13:15:18.928+0530] {dag.py:3954} INFO - Setting next_dagrun for example_trigger_controller_dag to 2021-01-01 00:00:00+00:00, run_after=2021-01-01 00:00:00+00:00
[2024-06-18T13:15:18.959+0530] {processor.py:183} INFO - Processing /home/kiit/airflow-env/lib/python3.8/site-packages/airflow/example_dags/example_trigger_controller_dag.py took 0.090 seconds
[2024-06-18T13:16:19.134+0530] {processor.py:161} INFO - Started process (PID=26090) to work on /home/kiit/airflow-env/lib/python3.8/site-packages/airflow/example_dags/example_trigger_controller_dag.py
[2024-06-18T13:16:19.135+0530] {processor.py:830} INFO - Processing file /home/kiit/airflow-env/lib/python3.8/site-packages/airflow/example_dags/example_trigger_controller_dag.py for tasks to queue
[2024-06-18T13:16:19.136+0530] {logging_mixin.py:188} INFO - [2024-06-18T13:16:19.136+0530] {dagbag.py:545} INFO - Filling up the DagBag from /home/kiit/airflow-env/lib/python3.8/site-packages/airflow/example_dags/example_trigger_controller_dag.py
[2024-06-18T13:16:19.141+0530] {processor.py:840} INFO - DAG(s) 'example_trigger_controller_dag' retrieved from /home/kiit/airflow-env/lib/python3.8/site-packages/airflow/example_dags/example_trigger_controller_dag.py
[2024-06-18T13:16:19.159+0530] {logging_mixin.py:188} INFO - [2024-06-18T13:16:19.158+0530] {dag.py:3096} INFO - Sync 1 DAGs
[2024-06-18T13:16:19.178+0530] {logging_mixin.py:188} INFO - [2024-06-18T13:16:19.178+0530] {dag.py:3954} INFO - Setting next_dagrun for example_trigger_controller_dag to 2021-01-01 00:00:00+00:00, run_after=2021-01-01 00:00:00+00:00
[2024-06-18T13:16:19.199+0530] {processor.py:183} INFO - Processing /home/kiit/airflow-env/lib/python3.8/site-packages/airflow/example_dags/example_trigger_controller_dag.py took 0.071 seconds
[2024-06-18T13:17:15.778+0530] {processor.py:161} INFO - Started process (PID=26163) to work on /home/kiit/airflow-env/lib/python3.8/site-packages/airflow/example_dags/example_trigger_controller_dag.py
[2024-06-18T13:17:15.779+0530] {processor.py:830} INFO - Processing file /home/kiit/airflow-env/lib/python3.8/site-packages/airflow/example_dags/example_trigger_controller_dag.py for tasks to queue
[2024-06-18T13:17:15.781+0530] {logging_mixin.py:188} INFO - [2024-06-18T13:17:15.780+0530] {dagbag.py:545} INFO - Filling up the DagBag from /home/kiit/airflow-env/lib/python3.8/site-packages/airflow/example_dags/example_trigger_controller_dag.py
[2024-06-18T13:17:15.784+0530] {processor.py:840} INFO - DAG(s) 'example_trigger_controller_dag' retrieved from /home/kiit/airflow-env/lib/python3.8/site-packages/airflow/example_dags/example_trigger_controller_dag.py
[2024-06-18T13:17:15.794+0530] {logging_mixin.py:188} INFO - [2024-06-18T13:17:15.794+0530] {dag.py:3096} INFO - Sync 1 DAGs
[2024-06-18T13:17:15.805+0530] {logging_mixin.py:188} INFO - [2024-06-18T13:17:15.805+0530] {dag.py:3954} INFO - Setting next_dagrun for example_trigger_controller_dag to 2021-01-01 00:00:00+00:00, run_after=2021-01-01 00:00:00+00:00
[2024-06-18T13:17:15.823+0530] {processor.py:183} INFO - Processing /home/kiit/airflow-env/lib/python3.8/site-packages/airflow/example_dags/example_trigger_controller_dag.py took 0.050 seconds
[2024-06-18T13:18:18.578+0530] {processor.py:161} INFO - Started process (PID=26234) to work on /home/kiit/airflow-env/lib/python3.8/site-packages/airflow/example_dags/example_trigger_controller_dag.py
[2024-06-18T13:18:18.579+0530] {processor.py:830} INFO - Processing file /home/kiit/airflow-env/lib/python3.8/site-packages/airflow/example_dags/example_trigger_controller_dag.py for tasks to queue
[2024-06-18T13:18:18.580+0530] {logging_mixin.py:188} INFO - [2024-06-18T13:18:18.580+0530] {dagbag.py:545} INFO - Filling up the DagBag from /home/kiit/airflow-env/lib/python3.8/site-packages/airflow/example_dags/example_trigger_controller_dag.py
[2024-06-18T13:18:18.583+0530] {processor.py:840} INFO - DAG(s) 'example_trigger_controller_dag' retrieved from /home/kiit/airflow-env/lib/python3.8/site-packages/airflow/example_dags/example_trigger_controller_dag.py
[2024-06-18T13:18:18.593+0530] {logging_mixin.py:188} INFO - [2024-06-18T13:18:18.593+0530] {dag.py:3096} INFO - Sync 1 DAGs
[2024-06-18T13:18:18.605+0530] {logging_mixin.py:188} INFO - [2024-06-18T13:18:18.605+0530] {dag.py:3954} INFO - Setting next_dagrun for example_trigger_controller_dag to 2021-01-01 00:00:00+00:00, run_after=2021-01-01 00:00:00+00:00
[2024-06-18T13:18:18.624+0530] {processor.py:183} INFO - Processing /home/kiit/airflow-env/lib/python3.8/site-packages/airflow/example_dags/example_trigger_controller_dag.py took 0.051 seconds
[2024-06-18T13:19:21.348+0530] {processor.py:161} INFO - Started process (PID=26312) to work on /home/kiit/airflow-env/lib/python3.8/site-packages/airflow/example_dags/example_trigger_controller_dag.py
[2024-06-18T13:19:21.349+0530] {processor.py:830} INFO - Processing file /home/kiit/airflow-env/lib/python3.8/site-packages/airflow/example_dags/example_trigger_controller_dag.py for tasks to queue
[2024-06-18T13:19:21.350+0530] {logging_mixin.py:188} INFO - [2024-06-18T13:19:21.350+0530] {dagbag.py:545} INFO - Filling up the DagBag from /home/kiit/airflow-env/lib/python3.8/site-packages/airflow/example_dags/example_trigger_controller_dag.py
[2024-06-18T13:19:21.354+0530] {processor.py:840} INFO - DAG(s) 'example_trigger_controller_dag' retrieved from /home/kiit/airflow-env/lib/python3.8/site-packages/airflow/example_dags/example_trigger_controller_dag.py
[2024-06-18T13:19:21.365+0530] {logging_mixin.py:188} INFO - [2024-06-18T13:19:21.365+0530] {dag.py:3096} INFO - Sync 1 DAGs
[2024-06-18T13:19:21.378+0530] {logging_mixin.py:188} INFO - [2024-06-18T13:19:21.378+0530] {dag.py:3954} INFO - Setting next_dagrun for example_trigger_controller_dag to 2021-01-01 00:00:00+00:00, run_after=2021-01-01 00:00:00+00:00
[2024-06-18T13:19:21.395+0530] {processor.py:183} INFO - Processing /home/kiit/airflow-env/lib/python3.8/site-packages/airflow/example_dags/example_trigger_controller_dag.py took 0.052 seconds
[2024-06-18T13:20:17.703+0530] {processor.py:161} INFO - Started process (PID=26378) to work on /home/kiit/airflow-env/lib/python3.8/site-packages/airflow/example_dags/example_trigger_controller_dag.py
[2024-06-18T13:20:17.704+0530] {processor.py:830} INFO - Processing file /home/kiit/airflow-env/lib/python3.8/site-packages/airflow/example_dags/example_trigger_controller_dag.py for tasks to queue
[2024-06-18T13:20:17.705+0530] {logging_mixin.py:188} INFO - [2024-06-18T13:20:17.705+0530] {dagbag.py:545} INFO - Filling up the DagBag from /home/kiit/airflow-env/lib/python3.8/site-packages/airflow/example_dags/example_trigger_controller_dag.py
[2024-06-18T13:20:17.709+0530] {processor.py:840} INFO - DAG(s) 'example_trigger_controller_dag' retrieved from /home/kiit/airflow-env/lib/python3.8/site-packages/airflow/example_dags/example_trigger_controller_dag.py
[2024-06-18T13:20:17.719+0530] {logging_mixin.py:188} INFO - [2024-06-18T13:20:17.719+0530] {dag.py:3096} INFO - Sync 1 DAGs
[2024-06-18T13:20:17.733+0530] {logging_mixin.py:188} INFO - [2024-06-18T13:20:17.733+0530] {dag.py:3954} INFO - Setting next_dagrun for example_trigger_controller_dag to 2021-01-01 00:00:00+00:00, run_after=2021-01-01 00:00:00+00:00
[2024-06-18T13:20:17.751+0530] {processor.py:183} INFO - Processing /home/kiit/airflow-env/lib/python3.8/site-packages/airflow/example_dags/example_trigger_controller_dag.py took 0.053 seconds
[2024-06-18T13:21:15.992+0530] {processor.py:161} INFO - Started process (PID=26453) to work on /home/kiit/airflow-env/lib/python3.8/site-packages/airflow/example_dags/example_trigger_controller_dag.py
[2024-06-18T13:21:15.993+0530] {processor.py:830} INFO - Processing file /home/kiit/airflow-env/lib/python3.8/site-packages/airflow/example_dags/example_trigger_controller_dag.py for tasks to queue
[2024-06-18T13:21:15.994+0530] {logging_mixin.py:188} INFO - [2024-06-18T13:21:15.994+0530] {dagbag.py:545} INFO - Filling up the DagBag from /home/kiit/airflow-env/lib/python3.8/site-packages/airflow/example_dags/example_trigger_controller_dag.py
[2024-06-18T13:21:15.998+0530] {processor.py:840} INFO - DAG(s) 'example_trigger_controller_dag' retrieved from /home/kiit/airflow-env/lib/python3.8/site-packages/airflow/example_dags/example_trigger_controller_dag.py
[2024-06-18T13:21:16.011+0530] {logging_mixin.py:188} INFO - [2024-06-18T13:21:16.010+0530] {dag.py:3096} INFO - Sync 1 DAGs
[2024-06-18T13:21:16.027+0530] {logging_mixin.py:188} INFO - [2024-06-18T13:21:16.027+0530] {dag.py:3954} INFO - Setting next_dagrun for example_trigger_controller_dag to 2021-01-01 00:00:00+00:00, run_after=2021-01-01 00:00:00+00:00
[2024-06-18T13:21:16.048+0530] {processor.py:183} INFO - Processing /home/kiit/airflow-env/lib/python3.8/site-packages/airflow/example_dags/example_trigger_controller_dag.py took 0.062 seconds
[2024-06-18T13:22:13.700+0530] {processor.py:161} INFO - Started process (PID=26519) to work on /home/kiit/airflow-env/lib/python3.8/site-packages/airflow/example_dags/example_trigger_controller_dag.py
[2024-06-18T13:22:13.702+0530] {processor.py:830} INFO - Processing file /home/kiit/airflow-env/lib/python3.8/site-packages/airflow/example_dags/example_trigger_controller_dag.py for tasks to queue
[2024-06-18T13:22:13.703+0530] {logging_mixin.py:188} INFO - [2024-06-18T13:22:13.703+0530] {dagbag.py:545} INFO - Filling up the DagBag from /home/kiit/airflow-env/lib/python3.8/site-packages/airflow/example_dags/example_trigger_controller_dag.py
[2024-06-18T13:22:13.707+0530] {processor.py:840} INFO - DAG(s) 'example_trigger_controller_dag' retrieved from /home/kiit/airflow-env/lib/python3.8/site-packages/airflow/example_dags/example_trigger_controller_dag.py
[2024-06-18T13:22:13.720+0530] {logging_mixin.py:188} INFO - [2024-06-18T13:22:13.720+0530] {dag.py:3096} INFO - Sync 1 DAGs
[2024-06-18T13:22:13.738+0530] {logging_mixin.py:188} INFO - [2024-06-18T13:22:13.738+0530] {dag.py:3954} INFO - Setting next_dagrun for example_trigger_controller_dag to 2021-01-01 00:00:00+00:00, run_after=2021-01-01 00:00:00+00:00
[2024-06-18T13:22:13.760+0530] {processor.py:183} INFO - Processing /home/kiit/airflow-env/lib/python3.8/site-packages/airflow/example_dags/example_trigger_controller_dag.py took 0.064 seconds
[2024-06-18T13:23:07.965+0530] {processor.py:161} INFO - Started process (PID=26591) to work on /home/kiit/airflow-env/lib/python3.8/site-packages/airflow/example_dags/example_trigger_controller_dag.py
[2024-06-18T13:23:07.966+0530] {processor.py:830} INFO - Processing file /home/kiit/airflow-env/lib/python3.8/site-packages/airflow/example_dags/example_trigger_controller_dag.py for tasks to queue
[2024-06-18T13:23:07.968+0530] {logging_mixin.py:188} INFO - [2024-06-18T13:23:07.967+0530] {dagbag.py:545} INFO - Filling up the DagBag from /home/kiit/airflow-env/lib/python3.8/site-packages/airflow/example_dags/example_trigger_controller_dag.py
[2024-06-18T13:23:07.973+0530] {processor.py:840} INFO - DAG(s) 'example_trigger_controller_dag' retrieved from /home/kiit/airflow-env/lib/python3.8/site-packages/airflow/example_dags/example_trigger_controller_dag.py
[2024-06-18T13:23:07.986+0530] {logging_mixin.py:188} INFO - [2024-06-18T13:23:07.986+0530] {dag.py:3096} INFO - Sync 1 DAGs
[2024-06-18T13:23:08.001+0530] {logging_mixin.py:188} INFO - [2024-06-18T13:23:08.001+0530] {dag.py:3954} INFO - Setting next_dagrun for example_trigger_controller_dag to 2021-01-01 00:00:00+00:00, run_after=2021-01-01 00:00:00+00:00
[2024-06-18T13:23:08.023+0530] {processor.py:183} INFO - Processing /home/kiit/airflow-env/lib/python3.8/site-packages/airflow/example_dags/example_trigger_controller_dag.py took 0.063 seconds
[2024-06-18T13:24:06.803+0530] {processor.py:161} INFO - Started process (PID=26659) to work on /home/kiit/airflow-env/lib/python3.8/site-packages/airflow/example_dags/example_trigger_controller_dag.py
[2024-06-18T13:24:06.805+0530] {processor.py:830} INFO - Processing file /home/kiit/airflow-env/lib/python3.8/site-packages/airflow/example_dags/example_trigger_controller_dag.py for tasks to queue
[2024-06-18T13:24:06.806+0530] {logging_mixin.py:188} INFO - [2024-06-18T13:24:06.805+0530] {dagbag.py:545} INFO - Filling up the DagBag from /home/kiit/airflow-env/lib/python3.8/site-packages/airflow/example_dags/example_trigger_controller_dag.py
[2024-06-18T13:24:06.810+0530] {processor.py:840} INFO - DAG(s) 'example_trigger_controller_dag' retrieved from /home/kiit/airflow-env/lib/python3.8/site-packages/airflow/example_dags/example_trigger_controller_dag.py
[2024-06-18T13:24:06.819+0530] {logging_mixin.py:188} INFO - [2024-06-18T13:24:06.819+0530] {dag.py:3096} INFO - Sync 1 DAGs
[2024-06-18T13:24:06.832+0530] {logging_mixin.py:188} INFO - [2024-06-18T13:24:06.832+0530] {dag.py:3954} INFO - Setting next_dagrun for example_trigger_controller_dag to 2021-01-01 00:00:00+00:00, run_after=2021-01-01 00:00:00+00:00
[2024-06-18T13:24:06.850+0530] {processor.py:183} INFO - Processing /home/kiit/airflow-env/lib/python3.8/site-packages/airflow/example_dags/example_trigger_controller_dag.py took 0.052 seconds
[2024-06-18T13:25:06.398+0530] {processor.py:161} INFO - Started process (PID=26739) to work on /home/kiit/airflow-env/lib/python3.8/site-packages/airflow/example_dags/example_trigger_controller_dag.py
[2024-06-18T13:25:06.400+0530] {processor.py:830} INFO - Processing file /home/kiit/airflow-env/lib/python3.8/site-packages/airflow/example_dags/example_trigger_controller_dag.py for tasks to queue
[2024-06-18T13:25:06.402+0530] {logging_mixin.py:188} INFO - [2024-06-18T13:25:06.402+0530] {dagbag.py:545} INFO - Filling up the DagBag from /home/kiit/airflow-env/lib/python3.8/site-packages/airflow/example_dags/example_trigger_controller_dag.py
[2024-06-18T13:25:06.406+0530] {processor.py:840} INFO - DAG(s) 'example_trigger_controller_dag' retrieved from /home/kiit/airflow-env/lib/python3.8/site-packages/airflow/example_dags/example_trigger_controller_dag.py
[2024-06-18T13:25:06.418+0530] {logging_mixin.py:188} INFO - [2024-06-18T13:25:06.418+0530] {dag.py:3096} INFO - Sync 1 DAGs
[2024-06-18T13:25:06.436+0530] {logging_mixin.py:188} INFO - [2024-06-18T13:25:06.436+0530] {dag.py:3954} INFO - Setting next_dagrun for example_trigger_controller_dag to 2021-01-01 00:00:00+00:00, run_after=2021-01-01 00:00:00+00:00
[2024-06-18T13:25:06.458+0530] {processor.py:183} INFO - Processing /home/kiit/airflow-env/lib/python3.8/site-packages/airflow/example_dags/example_trigger_controller_dag.py took 0.067 seconds
[2024-06-18T13:26:02.633+0530] {processor.py:161} INFO - Started process (PID=26804) to work on /home/kiit/airflow-env/lib/python3.8/site-packages/airflow/example_dags/example_trigger_controller_dag.py
[2024-06-18T13:26:02.634+0530] {processor.py:830} INFO - Processing file /home/kiit/airflow-env/lib/python3.8/site-packages/airflow/example_dags/example_trigger_controller_dag.py for tasks to queue
[2024-06-18T13:26:02.635+0530] {logging_mixin.py:188} INFO - [2024-06-18T13:26:02.635+0530] {dagbag.py:545} INFO - Filling up the DagBag from /home/kiit/airflow-env/lib/python3.8/site-packages/airflow/example_dags/example_trigger_controller_dag.py
[2024-06-18T13:26:02.639+0530] {processor.py:840} INFO - DAG(s) 'example_trigger_controller_dag' retrieved from /home/kiit/airflow-env/lib/python3.8/site-packages/airflow/example_dags/example_trigger_controller_dag.py
[2024-06-18T13:26:02.653+0530] {logging_mixin.py:188} INFO - [2024-06-18T13:26:02.652+0530] {dag.py:3096} INFO - Sync 1 DAGs
[2024-06-18T13:26:02.670+0530] {logging_mixin.py:188} INFO - [2024-06-18T13:26:02.670+0530] {dag.py:3954} INFO - Setting next_dagrun for example_trigger_controller_dag to 2021-01-01 00:00:00+00:00, run_after=2021-01-01 00:00:00+00:00
[2024-06-18T13:26:02.696+0530] {processor.py:183} INFO - Processing /home/kiit/airflow-env/lib/python3.8/site-packages/airflow/example_dags/example_trigger_controller_dag.py took 0.070 seconds
[2024-06-18T13:27:15.942+0530] {processor.py:161} INFO - Started process (PID=26885) to work on /home/kiit/airflow-env/lib/python3.8/site-packages/airflow/example_dags/example_trigger_controller_dag.py
[2024-06-18T13:27:15.949+0530] {processor.py:830} INFO - Processing file /home/kiit/airflow-env/lib/python3.8/site-packages/airflow/example_dags/example_trigger_controller_dag.py for tasks to queue
[2024-06-18T13:27:15.951+0530] {logging_mixin.py:188} INFO - [2024-06-18T13:27:15.951+0530] {dagbag.py:545} INFO - Filling up the DagBag from /home/kiit/airflow-env/lib/python3.8/site-packages/airflow/example_dags/example_trigger_controller_dag.py
[2024-06-18T13:27:15.956+0530] {processor.py:840} INFO - DAG(s) 'example_trigger_controller_dag' retrieved from /home/kiit/airflow-env/lib/python3.8/site-packages/airflow/example_dags/example_trigger_controller_dag.py
[2024-06-18T13:27:15.968+0530] {logging_mixin.py:188} INFO - [2024-06-18T13:27:15.968+0530] {dag.py:3096} INFO - Sync 1 DAGs
[2024-06-18T13:27:15.982+0530] {logging_mixin.py:188} INFO - [2024-06-18T13:27:15.981+0530] {dag.py:3954} INFO - Setting next_dagrun for example_trigger_controller_dag to 2021-01-01 00:00:00+00:00, run_after=2021-01-01 00:00:00+00:00
[2024-06-18T13:27:16.001+0530] {processor.py:183} INFO - Processing /home/kiit/airflow-env/lib/python3.8/site-packages/airflow/example_dags/example_trigger_controller_dag.py took 0.064 seconds
[2024-06-18T13:28:46.123+0530] {processor.py:161} INFO - Started process (PID=26962) to work on /home/kiit/airflow-env/lib/python3.8/site-packages/airflow/example_dags/example_trigger_controller_dag.py
[2024-06-18T13:28:46.127+0530] {processor.py:830} INFO - Processing file /home/kiit/airflow-env/lib/python3.8/site-packages/airflow/example_dags/example_trigger_controller_dag.py for tasks to queue
[2024-06-18T13:28:46.133+0530] {logging_mixin.py:188} INFO - [2024-06-18T13:28:46.132+0530] {dagbag.py:545} INFO - Filling up the DagBag from /home/kiit/airflow-env/lib/python3.8/site-packages/airflow/example_dags/example_trigger_controller_dag.py
[2024-06-18T13:28:46.150+0530] {processor.py:840} INFO - DAG(s) 'example_trigger_controller_dag' retrieved from /home/kiit/airflow-env/lib/python3.8/site-packages/airflow/example_dags/example_trigger_controller_dag.py
[2024-06-18T13:28:46.209+0530] {logging_mixin.py:188} INFO - [2024-06-18T13:28:46.208+0530] {dag.py:3096} INFO - Sync 1 DAGs
[2024-06-18T13:28:46.287+0530] {logging_mixin.py:188} INFO - [2024-06-18T13:28:46.286+0530] {dag.py:3954} INFO - Setting next_dagrun for example_trigger_controller_dag to 2021-01-01 00:00:00+00:00, run_after=2021-01-01 00:00:00+00:00
[2024-06-18T13:28:46.399+0530] {processor.py:183} INFO - Processing /home/kiit/airflow-env/lib/python3.8/site-packages/airflow/example_dags/example_trigger_controller_dag.py took 0.299 seconds
[2024-06-18T13:29:53.251+0530] {processor.py:161} INFO - Started process (PID=27040) to work on /home/kiit/airflow-env/lib/python3.8/site-packages/airflow/example_dags/example_trigger_controller_dag.py
[2024-06-18T13:29:53.260+0530] {processor.py:830} INFO - Processing file /home/kiit/airflow-env/lib/python3.8/site-packages/airflow/example_dags/example_trigger_controller_dag.py for tasks to queue
[2024-06-18T13:29:53.263+0530] {logging_mixin.py:188} INFO - [2024-06-18T13:29:53.262+0530] {dagbag.py:545} INFO - Filling up the DagBag from /home/kiit/airflow-env/lib/python3.8/site-packages/airflow/example_dags/example_trigger_controller_dag.py
[2024-06-18T13:29:53.272+0530] {processor.py:840} INFO - DAG(s) 'example_trigger_controller_dag' retrieved from /home/kiit/airflow-env/lib/python3.8/site-packages/airflow/example_dags/example_trigger_controller_dag.py
[2024-06-18T13:29:53.293+0530] {logging_mixin.py:188} INFO - [2024-06-18T13:29:53.293+0530] {dag.py:3096} INFO - Sync 1 DAGs
[2024-06-18T13:29:53.321+0530] {logging_mixin.py:188} INFO - [2024-06-18T13:29:53.321+0530] {dag.py:3954} INFO - Setting next_dagrun for example_trigger_controller_dag to 2021-01-01 00:00:00+00:00, run_after=2021-01-01 00:00:00+00:00
[2024-06-18T13:29:53.353+0530] {processor.py:183} INFO - Processing /home/kiit/airflow-env/lib/python3.8/site-packages/airflow/example_dags/example_trigger_controller_dag.py took 0.112 seconds
[2024-06-18T13:30:45.017+0530] {processor.py:161} INFO - Started process (PID=27114) to work on /home/kiit/airflow-env/lib/python3.8/site-packages/airflow/example_dags/example_trigger_controller_dag.py
[2024-06-18T13:30:45.019+0530] {processor.py:830} INFO - Processing file /home/kiit/airflow-env/lib/python3.8/site-packages/airflow/example_dags/example_trigger_controller_dag.py for tasks to queue
[2024-06-18T13:30:45.023+0530] {logging_mixin.py:188} INFO - [2024-06-18T13:30:45.022+0530] {dagbag.py:545} INFO - Filling up the DagBag from /home/kiit/airflow-env/lib/python3.8/site-packages/airflow/example_dags/example_trigger_controller_dag.py
[2024-06-18T13:30:45.033+0530] {processor.py:840} INFO - DAG(s) 'example_trigger_controller_dag' retrieved from /home/kiit/airflow-env/lib/python3.8/site-packages/airflow/example_dags/example_trigger_controller_dag.py
[2024-06-18T13:30:45.069+0530] {logging_mixin.py:188} INFO - [2024-06-18T13:30:45.069+0530] {dag.py:3096} INFO - Sync 1 DAGs
[2024-06-18T13:30:45.114+0530] {logging_mixin.py:188} INFO - [2024-06-18T13:30:45.114+0530] {dag.py:3954} INFO - Setting next_dagrun for example_trigger_controller_dag to 2021-01-01 00:00:00+00:00, run_after=2021-01-01 00:00:00+00:00
[2024-06-18T13:30:45.172+0530] {processor.py:183} INFO - Processing /home/kiit/airflow-env/lib/python3.8/site-packages/airflow/example_dags/example_trigger_controller_dag.py took 0.167 seconds
[2024-06-18T13:31:45.094+0530] {processor.py:161} INFO - Started process (PID=27441) to work on /home/kiit/airflow-env/lib/python3.8/site-packages/airflow/example_dags/example_trigger_controller_dag.py
[2024-06-18T13:31:45.095+0530] {processor.py:830} INFO - Processing file /home/kiit/airflow-env/lib/python3.8/site-packages/airflow/example_dags/example_trigger_controller_dag.py for tasks to queue
[2024-06-18T13:31:45.097+0530] {logging_mixin.py:188} INFO - [2024-06-18T13:31:45.096+0530] {dagbag.py:545} INFO - Filling up the DagBag from /home/kiit/airflow-env/lib/python3.8/site-packages/airflow/example_dags/example_trigger_controller_dag.py
[2024-06-18T13:31:45.101+0530] {processor.py:840} INFO - DAG(s) 'example_trigger_controller_dag' retrieved from /home/kiit/airflow-env/lib/python3.8/site-packages/airflow/example_dags/example_trigger_controller_dag.py
[2024-06-18T13:31:45.112+0530] {logging_mixin.py:188} INFO - [2024-06-18T13:31:45.112+0530] {dag.py:3096} INFO - Sync 1 DAGs
[2024-06-18T13:31:45.125+0530] {logging_mixin.py:188} INFO - [2024-06-18T13:31:45.125+0530] {dag.py:3954} INFO - Setting next_dagrun for example_trigger_controller_dag to 2021-01-01 00:00:00+00:00, run_after=2021-01-01 00:00:00+00:00
[2024-06-18T13:31:45.147+0530] {processor.py:183} INFO - Processing /home/kiit/airflow-env/lib/python3.8/site-packages/airflow/example_dags/example_trigger_controller_dag.py took 0.059 seconds
[2024-06-18T13:32:46.948+0530] {processor.py:161} INFO - Started process (PID=28148) to work on /home/kiit/airflow-env/lib/python3.8/site-packages/airflow/example_dags/example_trigger_controller_dag.py
[2024-06-18T13:32:46.950+0530] {processor.py:830} INFO - Processing file /home/kiit/airflow-env/lib/python3.8/site-packages/airflow/example_dags/example_trigger_controller_dag.py for tasks to queue
[2024-06-18T13:32:46.953+0530] {logging_mixin.py:188} INFO - [2024-06-18T13:32:46.952+0530] {dagbag.py:545} INFO - Filling up the DagBag from /home/kiit/airflow-env/lib/python3.8/site-packages/airflow/example_dags/example_trigger_controller_dag.py
[2024-06-18T13:32:46.965+0530] {processor.py:840} INFO - DAG(s) 'example_trigger_controller_dag' retrieved from /home/kiit/airflow-env/lib/python3.8/site-packages/airflow/example_dags/example_trigger_controller_dag.py
[2024-06-18T13:32:46.993+0530] {logging_mixin.py:188} INFO - [2024-06-18T13:32:46.992+0530] {dag.py:3096} INFO - Sync 1 DAGs
[2024-06-18T13:32:47.025+0530] {logging_mixin.py:188} INFO - [2024-06-18T13:32:47.024+0530] {dag.py:3954} INFO - Setting next_dagrun for example_trigger_controller_dag to 2021-01-01 00:00:00+00:00, run_after=2021-01-01 00:00:00+00:00
[2024-06-18T13:32:47.064+0530] {processor.py:183} INFO - Processing /home/kiit/airflow-env/lib/python3.8/site-packages/airflow/example_dags/example_trigger_controller_dag.py took 0.132 seconds
[2024-06-18T13:33:50.580+0530] {processor.py:161} INFO - Started process (PID=30238) to work on /home/kiit/airflow-env/lib/python3.8/site-packages/airflow/example_dags/example_trigger_controller_dag.py
[2024-06-18T13:33:50.587+0530] {processor.py:830} INFO - Processing file /home/kiit/airflow-env/lib/python3.8/site-packages/airflow/example_dags/example_trigger_controller_dag.py for tasks to queue
[2024-06-18T13:33:50.589+0530] {logging_mixin.py:188} INFO - [2024-06-18T13:33:50.589+0530] {dagbag.py:545} INFO - Filling up the DagBag from /home/kiit/airflow-env/lib/python3.8/site-packages/airflow/example_dags/example_trigger_controller_dag.py
[2024-06-18T13:33:50.596+0530] {processor.py:840} INFO - DAG(s) 'example_trigger_controller_dag' retrieved from /home/kiit/airflow-env/lib/python3.8/site-packages/airflow/example_dags/example_trigger_controller_dag.py
[2024-06-18T13:33:50.606+0530] {logging_mixin.py:188} INFO - [2024-06-18T13:33:50.606+0530] {dag.py:3096} INFO - Sync 1 DAGs
[2024-06-18T13:33:50.618+0530] {logging_mixin.py:188} INFO - [2024-06-18T13:33:50.618+0530] {dag.py:3954} INFO - Setting next_dagrun for example_trigger_controller_dag to 2021-01-01 00:00:00+00:00, run_after=2021-01-01 00:00:00+00:00
[2024-06-18T13:33:50.634+0530] {processor.py:183} INFO - Processing /home/kiit/airflow-env/lib/python3.8/site-packages/airflow/example_dags/example_trigger_controller_dag.py took 0.062 seconds
[2024-06-18T13:34:49.704+0530] {processor.py:161} INFO - Started process (PID=30478) to work on /home/kiit/airflow-env/lib/python3.8/site-packages/airflow/example_dags/example_trigger_controller_dag.py
[2024-06-18T13:34:49.705+0530] {processor.py:830} INFO - Processing file /home/kiit/airflow-env/lib/python3.8/site-packages/airflow/example_dags/example_trigger_controller_dag.py for tasks to queue
[2024-06-18T13:34:49.707+0530] {logging_mixin.py:188} INFO - [2024-06-18T13:34:49.706+0530] {dagbag.py:545} INFO - Filling up the DagBag from /home/kiit/airflow-env/lib/python3.8/site-packages/airflow/example_dags/example_trigger_controller_dag.py
[2024-06-18T13:34:49.711+0530] {processor.py:840} INFO - DAG(s) 'example_trigger_controller_dag' retrieved from /home/kiit/airflow-env/lib/python3.8/site-packages/airflow/example_dags/example_trigger_controller_dag.py
[2024-06-18T13:34:49.723+0530] {logging_mixin.py:188} INFO - [2024-06-18T13:34:49.723+0530] {dag.py:3096} INFO - Sync 1 DAGs
[2024-06-18T13:34:49.739+0530] {logging_mixin.py:188} INFO - [2024-06-18T13:34:49.739+0530] {dag.py:3954} INFO - Setting next_dagrun for example_trigger_controller_dag to 2021-01-01 00:00:00+00:00, run_after=2021-01-01 00:00:00+00:00
[2024-06-18T13:34:49.757+0530] {processor.py:183} INFO - Processing /home/kiit/airflow-env/lib/python3.8/site-packages/airflow/example_dags/example_trigger_controller_dag.py took 0.059 seconds
[2024-06-18T13:35:52.967+0530] {processor.py:161} INFO - Started process (PID=30555) to work on /home/kiit/airflow-env/lib/python3.8/site-packages/airflow/example_dags/example_trigger_controller_dag.py
[2024-06-18T13:35:52.968+0530] {processor.py:830} INFO - Processing file /home/kiit/airflow-env/lib/python3.8/site-packages/airflow/example_dags/example_trigger_controller_dag.py for tasks to queue
[2024-06-18T13:35:52.970+0530] {logging_mixin.py:188} INFO - [2024-06-18T13:35:52.970+0530] {dagbag.py:545} INFO - Filling up the DagBag from /home/kiit/airflow-env/lib/python3.8/site-packages/airflow/example_dags/example_trigger_controller_dag.py
[2024-06-18T13:35:52.976+0530] {processor.py:840} INFO - DAG(s) 'example_trigger_controller_dag' retrieved from /home/kiit/airflow-env/lib/python3.8/site-packages/airflow/example_dags/example_trigger_controller_dag.py
[2024-06-18T13:35:52.992+0530] {logging_mixin.py:188} INFO - [2024-06-18T13:35:52.992+0530] {dag.py:3096} INFO - Sync 1 DAGs
[2024-06-18T13:35:53.011+0530] {logging_mixin.py:188} INFO - [2024-06-18T13:35:53.011+0530] {dag.py:3954} INFO - Setting next_dagrun for example_trigger_controller_dag to 2021-01-01 00:00:00+00:00, run_after=2021-01-01 00:00:00+00:00
[2024-06-18T13:35:53.034+0530] {processor.py:183} INFO - Processing /home/kiit/airflow-env/lib/python3.8/site-packages/airflow/example_dags/example_trigger_controller_dag.py took 0.074 seconds
[2024-06-18T13:36:56.418+0530] {processor.py:161} INFO - Started process (PID=30626) to work on /home/kiit/airflow-env/lib/python3.8/site-packages/airflow/example_dags/example_trigger_controller_dag.py
[2024-06-18T13:36:56.420+0530] {processor.py:830} INFO - Processing file /home/kiit/airflow-env/lib/python3.8/site-packages/airflow/example_dags/example_trigger_controller_dag.py for tasks to queue
[2024-06-18T13:36:56.421+0530] {logging_mixin.py:188} INFO - [2024-06-18T13:36:56.421+0530] {dagbag.py:545} INFO - Filling up the DagBag from /home/kiit/airflow-env/lib/python3.8/site-packages/airflow/example_dags/example_trigger_controller_dag.py
[2024-06-18T13:36:56.425+0530] {processor.py:840} INFO - DAG(s) 'example_trigger_controller_dag' retrieved from /home/kiit/airflow-env/lib/python3.8/site-packages/airflow/example_dags/example_trigger_controller_dag.py
[2024-06-18T13:36:56.435+0530] {logging_mixin.py:188} INFO - [2024-06-18T13:36:56.435+0530] {dag.py:3096} INFO - Sync 1 DAGs
[2024-06-18T13:36:56.446+0530] {logging_mixin.py:188} INFO - [2024-06-18T13:36:56.445+0530] {dag.py:3954} INFO - Setting next_dagrun for example_trigger_controller_dag to 2021-01-01 00:00:00+00:00, run_after=2021-01-01 00:00:00+00:00
[2024-06-18T13:36:56.465+0530] {processor.py:183} INFO - Processing /home/kiit/airflow-env/lib/python3.8/site-packages/airflow/example_dags/example_trigger_controller_dag.py took 0.054 seconds
[2024-06-18T13:38:03.038+0530] {processor.py:161} INFO - Started process (PID=30705) to work on /home/kiit/airflow-env/lib/python3.8/site-packages/airflow/example_dags/example_trigger_controller_dag.py
[2024-06-18T13:38:03.040+0530] {processor.py:830} INFO - Processing file /home/kiit/airflow-env/lib/python3.8/site-packages/airflow/example_dags/example_trigger_controller_dag.py for tasks to queue
[2024-06-18T13:38:03.045+0530] {logging_mixin.py:188} INFO - [2024-06-18T13:38:03.044+0530] {dagbag.py:545} INFO - Filling up the DagBag from /home/kiit/airflow-env/lib/python3.8/site-packages/airflow/example_dags/example_trigger_controller_dag.py
[2024-06-18T13:38:03.053+0530] {processor.py:840} INFO - DAG(s) 'example_trigger_controller_dag' retrieved from /home/kiit/airflow-env/lib/python3.8/site-packages/airflow/example_dags/example_trigger_controller_dag.py
[2024-06-18T13:38:03.092+0530] {logging_mixin.py:188} INFO - [2024-06-18T13:38:03.092+0530] {dag.py:3096} INFO - Sync 1 DAGs
[2024-06-18T13:38:03.136+0530] {logging_mixin.py:188} INFO - [2024-06-18T13:38:03.136+0530] {dag.py:3954} INFO - Setting next_dagrun for example_trigger_controller_dag to 2021-01-01 00:00:00+00:00, run_after=2021-01-01 00:00:00+00:00
[2024-06-18T13:38:03.180+0530] {processor.py:183} INFO - Processing /home/kiit/airflow-env/lib/python3.8/site-packages/airflow/example_dags/example_trigger_controller_dag.py took 0.153 seconds
[2024-06-18T13:38:59.527+0530] {processor.py:161} INFO - Started process (PID=30764) to work on /home/kiit/airflow-env/lib/python3.8/site-packages/airflow/example_dags/example_trigger_controller_dag.py
[2024-06-18T13:38:59.529+0530] {processor.py:830} INFO - Processing file /home/kiit/airflow-env/lib/python3.8/site-packages/airflow/example_dags/example_trigger_controller_dag.py for tasks to queue
[2024-06-18T13:38:59.530+0530] {logging_mixin.py:188} INFO - [2024-06-18T13:38:59.530+0530] {dagbag.py:545} INFO - Filling up the DagBag from /home/kiit/airflow-env/lib/python3.8/site-packages/airflow/example_dags/example_trigger_controller_dag.py
[2024-06-18T13:38:59.535+0530] {processor.py:840} INFO - DAG(s) 'example_trigger_controller_dag' retrieved from /home/kiit/airflow-env/lib/python3.8/site-packages/airflow/example_dags/example_trigger_controller_dag.py
[2024-06-18T13:38:59.548+0530] {logging_mixin.py:188} INFO - [2024-06-18T13:38:59.547+0530] {dag.py:3096} INFO - Sync 1 DAGs
[2024-06-18T13:38:59.562+0530] {logging_mixin.py:188} INFO - [2024-06-18T13:38:59.562+0530] {dag.py:3954} INFO - Setting next_dagrun for example_trigger_controller_dag to 2021-01-01 00:00:00+00:00, run_after=2021-01-01 00:00:00+00:00
[2024-06-18T13:38:59.581+0530] {processor.py:183} INFO - Processing /home/kiit/airflow-env/lib/python3.8/site-packages/airflow/example_dags/example_trigger_controller_dag.py took 0.058 seconds
[2024-06-18T13:39:58.942+0530] {processor.py:161} INFO - Started process (PID=30833) to work on /home/kiit/airflow-env/lib/python3.8/site-packages/airflow/example_dags/example_trigger_controller_dag.py
[2024-06-18T13:39:58.949+0530] {processor.py:830} INFO - Processing file /home/kiit/airflow-env/lib/python3.8/site-packages/airflow/example_dags/example_trigger_controller_dag.py for tasks to queue
[2024-06-18T13:39:58.951+0530] {logging_mixin.py:188} INFO - [2024-06-18T13:39:58.950+0530] {dagbag.py:545} INFO - Filling up the DagBag from /home/kiit/airflow-env/lib/python3.8/site-packages/airflow/example_dags/example_trigger_controller_dag.py
[2024-06-18T13:39:58.957+0530] {processor.py:840} INFO - DAG(s) 'example_trigger_controller_dag' retrieved from /home/kiit/airflow-env/lib/python3.8/site-packages/airflow/example_dags/example_trigger_controller_dag.py
[2024-06-18T13:39:58.968+0530] {logging_mixin.py:188} INFO - [2024-06-18T13:39:58.968+0530] {dag.py:3096} INFO - Sync 1 DAGs
[2024-06-18T13:39:58.983+0530] {logging_mixin.py:188} INFO - [2024-06-18T13:39:58.982+0530] {dag.py:3954} INFO - Setting next_dagrun for example_trigger_controller_dag to 2021-01-01 00:00:00+00:00, run_after=2021-01-01 00:00:00+00:00
[2024-06-18T13:39:59.002+0530] {processor.py:183} INFO - Processing /home/kiit/airflow-env/lib/python3.8/site-packages/airflow/example_dags/example_trigger_controller_dag.py took 0.066 seconds
[2024-06-18T13:41:01.047+0530] {processor.py:161} INFO - Started process (PID=30976) to work on /home/kiit/airflow-env/lib/python3.8/site-packages/airflow/example_dags/example_trigger_controller_dag.py
[2024-06-18T13:41:01.055+0530] {processor.py:830} INFO - Processing file /home/kiit/airflow-env/lib/python3.8/site-packages/airflow/example_dags/example_trigger_controller_dag.py for tasks to queue
[2024-06-18T13:41:01.057+0530] {logging_mixin.py:188} INFO - [2024-06-18T13:41:01.057+0530] {dagbag.py:545} INFO - Filling up the DagBag from /home/kiit/airflow-env/lib/python3.8/site-packages/airflow/example_dags/example_trigger_controller_dag.py
[2024-06-18T13:41:01.063+0530] {processor.py:840} INFO - DAG(s) 'example_trigger_controller_dag' retrieved from /home/kiit/airflow-env/lib/python3.8/site-packages/airflow/example_dags/example_trigger_controller_dag.py
[2024-06-18T13:41:01.076+0530] {logging_mixin.py:188} INFO - [2024-06-18T13:41:01.076+0530] {dag.py:3096} INFO - Sync 1 DAGs
[2024-06-18T13:41:01.090+0530] {logging_mixin.py:188} INFO - [2024-06-18T13:41:01.090+0530] {dag.py:3954} INFO - Setting next_dagrun for example_trigger_controller_dag to 2021-01-01 00:00:00+00:00, run_after=2021-01-01 00:00:00+00:00
[2024-06-18T13:41:01.115+0530] {processor.py:183} INFO - Processing /home/kiit/airflow-env/lib/python3.8/site-packages/airflow/example_dags/example_trigger_controller_dag.py took 0.073 seconds
[2024-06-18T15:05:50.651+0530] {processor.py:161} INFO - Started process (PID=33636) to work on /home/kiit/airflow-env/lib/python3.8/site-packages/airflow/example_dags/example_trigger_controller_dag.py
[2024-06-18T15:05:50.652+0530] {processor.py:830} INFO - Processing file /home/kiit/airflow-env/lib/python3.8/site-packages/airflow/example_dags/example_trigger_controller_dag.py for tasks to queue
[2024-06-18T15:05:50.655+0530] {logging_mixin.py:188} INFO - [2024-06-18T15:05:50.654+0530] {dagbag.py:545} INFO - Filling up the DagBag from /home/kiit/airflow-env/lib/python3.8/site-packages/airflow/example_dags/example_trigger_controller_dag.py
[2024-06-18T15:05:50.662+0530] {processor.py:840} INFO - DAG(s) 'example_trigger_controller_dag' retrieved from /home/kiit/airflow-env/lib/python3.8/site-packages/airflow/example_dags/example_trigger_controller_dag.py
[2024-06-18T15:05:50.674+0530] {logging_mixin.py:188} INFO - [2024-06-18T15:05:50.674+0530] {dag.py:3096} INFO - Sync 1 DAGs
[2024-06-18T15:05:50.698+0530] {logging_mixin.py:188} INFO - [2024-06-18T15:05:50.697+0530] {dag.py:3954} INFO - Setting next_dagrun for example_trigger_controller_dag to 2021-01-01 00:00:00+00:00, run_after=2021-01-01 00:00:00+00:00
[2024-06-18T15:05:50.724+0530] {processor.py:183} INFO - Processing /home/kiit/airflow-env/lib/python3.8/site-packages/airflow/example_dags/example_trigger_controller_dag.py took 0.079 seconds
[2024-06-18T15:06:25.806+0530] {processor.py:161} INFO - Started process (PID=33695) to work on /home/kiit/airflow-env/lib/python3.8/site-packages/airflow/example_dags/example_trigger_controller_dag.py
[2024-06-18T15:06:25.808+0530] {processor.py:830} INFO - Processing file /home/kiit/airflow-env/lib/python3.8/site-packages/airflow/example_dags/example_trigger_controller_dag.py for tasks to queue
[2024-06-18T15:06:25.811+0530] {logging_mixin.py:188} INFO - [2024-06-18T15:06:25.810+0530] {dagbag.py:545} INFO - Filling up the DagBag from /home/kiit/airflow-env/lib/python3.8/site-packages/airflow/example_dags/example_trigger_controller_dag.py
[2024-06-18T15:06:25.822+0530] {processor.py:840} INFO - DAG(s) 'example_trigger_controller_dag' retrieved from /home/kiit/airflow-env/lib/python3.8/site-packages/airflow/example_dags/example_trigger_controller_dag.py
[2024-06-18T15:06:26.197+0530] {logging_mixin.py:188} INFO - [2024-06-18T15:06:26.197+0530] {dag.py:3096} INFO - Sync 1 DAGs
[2024-06-18T15:06:26.250+0530] {logging_mixin.py:188} INFO - [2024-06-18T15:06:26.249+0530] {dag.py:3954} INFO - Setting next_dagrun for example_trigger_controller_dag to 2021-01-01 00:00:00+00:00, run_after=2021-01-01 00:00:00+00:00
[2024-06-18T15:06:26.315+0530] {processor.py:183} INFO - Processing /home/kiit/airflow-env/lib/python3.8/site-packages/airflow/example_dags/example_trigger_controller_dag.py took 0.520 seconds
[2024-06-18T15:06:56.402+0530] {processor.py:161} INFO - Started process (PID=33754) to work on /home/kiit/airflow-env/lib/python3.8/site-packages/airflow/example_dags/example_trigger_controller_dag.py
[2024-06-18T15:06:56.403+0530] {processor.py:830} INFO - Processing file /home/kiit/airflow-env/lib/python3.8/site-packages/airflow/example_dags/example_trigger_controller_dag.py for tasks to queue
[2024-06-18T15:06:56.405+0530] {logging_mixin.py:188} INFO - [2024-06-18T15:06:56.405+0530] {dagbag.py:545} INFO - Filling up the DagBag from /home/kiit/airflow-env/lib/python3.8/site-packages/airflow/example_dags/example_trigger_controller_dag.py
[2024-06-18T15:06:56.410+0530] {processor.py:840} INFO - DAG(s) 'example_trigger_controller_dag' retrieved from /home/kiit/airflow-env/lib/python3.8/site-packages/airflow/example_dags/example_trigger_controller_dag.py
[2024-06-18T15:06:56.435+0530] {logging_mixin.py:188} INFO - [2024-06-18T15:06:56.434+0530] {dag.py:3096} INFO - Sync 1 DAGs
[2024-06-18T15:06:56.458+0530] {logging_mixin.py:188} INFO - [2024-06-18T15:06:56.457+0530] {dag.py:3954} INFO - Setting next_dagrun for example_trigger_controller_dag to 2021-01-01 00:00:00+00:00, run_after=2021-01-01 00:00:00+00:00
[2024-06-18T15:06:56.485+0530] {processor.py:183} INFO - Processing /home/kiit/airflow-env/lib/python3.8/site-packages/airflow/example_dags/example_trigger_controller_dag.py took 0.092 seconds
[2024-06-18T15:07:27.272+0530] {processor.py:161} INFO - Started process (PID=33813) to work on /home/kiit/airflow-env/lib/python3.8/site-packages/airflow/example_dags/example_trigger_controller_dag.py
[2024-06-18T15:07:27.273+0530] {processor.py:830} INFO - Processing file /home/kiit/airflow-env/lib/python3.8/site-packages/airflow/example_dags/example_trigger_controller_dag.py for tasks to queue
[2024-06-18T15:07:27.275+0530] {logging_mixin.py:188} INFO - [2024-06-18T15:07:27.275+0530] {dagbag.py:545} INFO - Filling up the DagBag from /home/kiit/airflow-env/lib/python3.8/site-packages/airflow/example_dags/example_trigger_controller_dag.py
[2024-06-18T15:07:27.281+0530] {processor.py:840} INFO - DAG(s) 'example_trigger_controller_dag' retrieved from /home/kiit/airflow-env/lib/python3.8/site-packages/airflow/example_dags/example_trigger_controller_dag.py
[2024-06-18T15:07:27.302+0530] {logging_mixin.py:188} INFO - [2024-06-18T15:07:27.302+0530] {dag.py:3096} INFO - Sync 1 DAGs
[2024-06-18T15:07:27.321+0530] {logging_mixin.py:188} INFO - [2024-06-18T15:07:27.320+0530] {dag.py:3954} INFO - Setting next_dagrun for example_trigger_controller_dag to 2021-01-01 00:00:00+00:00, run_after=2021-01-01 00:00:00+00:00
[2024-06-18T15:07:27.342+0530] {processor.py:183} INFO - Processing /home/kiit/airflow-env/lib/python3.8/site-packages/airflow/example_dags/example_trigger_controller_dag.py took 0.077 seconds
[2024-06-18T15:07:58.007+0530] {processor.py:161} INFO - Started process (PID=33872) to work on /home/kiit/airflow-env/lib/python3.8/site-packages/airflow/example_dags/example_trigger_controller_dag.py
[2024-06-18T15:07:58.008+0530] {processor.py:830} INFO - Processing file /home/kiit/airflow-env/lib/python3.8/site-packages/airflow/example_dags/example_trigger_controller_dag.py for tasks to queue
[2024-06-18T15:07:58.010+0530] {logging_mixin.py:188} INFO - [2024-06-18T15:07:58.010+0530] {dagbag.py:545} INFO - Filling up the DagBag from /home/kiit/airflow-env/lib/python3.8/site-packages/airflow/example_dags/example_trigger_controller_dag.py
[2024-06-18T15:07:58.014+0530] {processor.py:840} INFO - DAG(s) 'example_trigger_controller_dag' retrieved from /home/kiit/airflow-env/lib/python3.8/site-packages/airflow/example_dags/example_trigger_controller_dag.py
[2024-06-18T15:07:58.036+0530] {logging_mixin.py:188} INFO - [2024-06-18T15:07:58.036+0530] {dag.py:3096} INFO - Sync 1 DAGs
[2024-06-18T15:07:58.055+0530] {logging_mixin.py:188} INFO - [2024-06-18T15:07:58.054+0530] {dag.py:3954} INFO - Setting next_dagrun for example_trigger_controller_dag to 2021-01-01 00:00:00+00:00, run_after=2021-01-01 00:00:00+00:00
[2024-06-18T15:07:58.076+0530] {processor.py:183} INFO - Processing /home/kiit/airflow-env/lib/python3.8/site-packages/airflow/example_dags/example_trigger_controller_dag.py took 0.076 seconds
[2024-06-18T15:08:28.191+0530] {processor.py:161} INFO - Started process (PID=33931) to work on /home/kiit/airflow-env/lib/python3.8/site-packages/airflow/example_dags/example_trigger_controller_dag.py
[2024-06-18T15:08:28.192+0530] {processor.py:830} INFO - Processing file /home/kiit/airflow-env/lib/python3.8/site-packages/airflow/example_dags/example_trigger_controller_dag.py for tasks to queue
[2024-06-18T15:08:28.194+0530] {logging_mixin.py:188} INFO - [2024-06-18T15:08:28.194+0530] {dagbag.py:545} INFO - Filling up the DagBag from /home/kiit/airflow-env/lib/python3.8/site-packages/airflow/example_dags/example_trigger_controller_dag.py
[2024-06-18T15:08:28.201+0530] {processor.py:840} INFO - DAG(s) 'example_trigger_controller_dag' retrieved from /home/kiit/airflow-env/lib/python3.8/site-packages/airflow/example_dags/example_trigger_controller_dag.py
[2024-06-18T15:08:28.230+0530] {logging_mixin.py:188} INFO - [2024-06-18T15:08:28.229+0530] {dag.py:3096} INFO - Sync 1 DAGs
[2024-06-18T15:08:28.259+0530] {logging_mixin.py:188} INFO - [2024-06-18T15:08:28.258+0530] {dag.py:3954} INFO - Setting next_dagrun for example_trigger_controller_dag to 2021-01-01 00:00:00+00:00, run_after=2021-01-01 00:00:00+00:00
[2024-06-18T15:08:28.291+0530] {processor.py:183} INFO - Processing /home/kiit/airflow-env/lib/python3.8/site-packages/airflow/example_dags/example_trigger_controller_dag.py took 0.108 seconds
[2024-06-18T15:08:58.913+0530] {processor.py:161} INFO - Started process (PID=33991) to work on /home/kiit/airflow-env/lib/python3.8/site-packages/airflow/example_dags/example_trigger_controller_dag.py
[2024-06-18T15:08:58.914+0530] {processor.py:830} INFO - Processing file /home/kiit/airflow-env/lib/python3.8/site-packages/airflow/example_dags/example_trigger_controller_dag.py for tasks to queue
[2024-06-18T15:08:58.916+0530] {logging_mixin.py:188} INFO - [2024-06-18T15:08:58.916+0530] {dagbag.py:545} INFO - Filling up the DagBag from /home/kiit/airflow-env/lib/python3.8/site-packages/airflow/example_dags/example_trigger_controller_dag.py
[2024-06-18T15:08:58.920+0530] {processor.py:840} INFO - DAG(s) 'example_trigger_controller_dag' retrieved from /home/kiit/airflow-env/lib/python3.8/site-packages/airflow/example_dags/example_trigger_controller_dag.py
[2024-06-18T15:08:58.935+0530] {logging_mixin.py:188} INFO - [2024-06-18T15:08:58.934+0530] {dag.py:3096} INFO - Sync 1 DAGs
[2024-06-18T15:08:58.949+0530] {logging_mixin.py:188} INFO - [2024-06-18T15:08:58.949+0530] {dag.py:3954} INFO - Setting next_dagrun for example_trigger_controller_dag to 2021-01-01 00:00:00+00:00, run_after=2021-01-01 00:00:00+00:00
[2024-06-18T15:08:58.969+0530] {processor.py:183} INFO - Processing /home/kiit/airflow-env/lib/python3.8/site-packages/airflow/example_dags/example_trigger_controller_dag.py took 0.060 seconds
[2024-06-18T15:09:29.215+0530] {processor.py:161} INFO - Started process (PID=34051) to work on /home/kiit/airflow-env/lib/python3.8/site-packages/airflow/example_dags/example_trigger_controller_dag.py
[2024-06-18T15:09:29.215+0530] {processor.py:830} INFO - Processing file /home/kiit/airflow-env/lib/python3.8/site-packages/airflow/example_dags/example_trigger_controller_dag.py for tasks to queue
[2024-06-18T15:09:29.216+0530] {logging_mixin.py:188} INFO - [2024-06-18T15:09:29.216+0530] {dagbag.py:545} INFO - Filling up the DagBag from /home/kiit/airflow-env/lib/python3.8/site-packages/airflow/example_dags/example_trigger_controller_dag.py
[2024-06-18T15:09:29.221+0530] {processor.py:840} INFO - DAG(s) 'example_trigger_controller_dag' retrieved from /home/kiit/airflow-env/lib/python3.8/site-packages/airflow/example_dags/example_trigger_controller_dag.py
[2024-06-18T15:09:29.237+0530] {logging_mixin.py:188} INFO - [2024-06-18T15:09:29.237+0530] {dag.py:3096} INFO - Sync 1 DAGs
[2024-06-18T15:09:29.253+0530] {logging_mixin.py:188} INFO - [2024-06-18T15:09:29.253+0530] {dag.py:3954} INFO - Setting next_dagrun for example_trigger_controller_dag to 2021-01-01 00:00:00+00:00, run_after=2021-01-01 00:00:00+00:00
[2024-06-18T15:09:29.277+0530] {processor.py:183} INFO - Processing /home/kiit/airflow-env/lib/python3.8/site-packages/airflow/example_dags/example_trigger_controller_dag.py took 0.069 seconds
[2024-06-18T15:09:59.419+0530] {processor.py:161} INFO - Started process (PID=34110) to work on /home/kiit/airflow-env/lib/python3.8/site-packages/airflow/example_dags/example_trigger_controller_dag.py
[2024-06-18T15:09:59.420+0530] {processor.py:830} INFO - Processing file /home/kiit/airflow-env/lib/python3.8/site-packages/airflow/example_dags/example_trigger_controller_dag.py for tasks to queue
[2024-06-18T15:09:59.422+0530] {logging_mixin.py:188} INFO - [2024-06-18T15:09:59.422+0530] {dagbag.py:545} INFO - Filling up the DagBag from /home/kiit/airflow-env/lib/python3.8/site-packages/airflow/example_dags/example_trigger_controller_dag.py
[2024-06-18T15:09:59.425+0530] {processor.py:840} INFO - DAG(s) 'example_trigger_controller_dag' retrieved from /home/kiit/airflow-env/lib/python3.8/site-packages/airflow/example_dags/example_trigger_controller_dag.py
[2024-06-18T15:09:59.445+0530] {logging_mixin.py:188} INFO - [2024-06-18T15:09:59.445+0530] {dag.py:3096} INFO - Sync 1 DAGs
[2024-06-18T15:09:59.459+0530] {logging_mixin.py:188} INFO - [2024-06-18T15:09:59.459+0530] {dag.py:3954} INFO - Setting next_dagrun for example_trigger_controller_dag to 2021-01-01 00:00:00+00:00, run_after=2021-01-01 00:00:00+00:00
[2024-06-18T15:09:59.484+0530] {processor.py:183} INFO - Processing /home/kiit/airflow-env/lib/python3.8/site-packages/airflow/example_dags/example_trigger_controller_dag.py took 0.071 seconds
[2024-06-18T15:10:29.717+0530] {processor.py:161} INFO - Started process (PID=34170) to work on /home/kiit/airflow-env/lib/python3.8/site-packages/airflow/example_dags/example_trigger_controller_dag.py
[2024-06-18T15:10:29.718+0530] {processor.py:830} INFO - Processing file /home/kiit/airflow-env/lib/python3.8/site-packages/airflow/example_dags/example_trigger_controller_dag.py for tasks to queue
[2024-06-18T15:10:29.719+0530] {logging_mixin.py:188} INFO - [2024-06-18T15:10:29.719+0530] {dagbag.py:545} INFO - Filling up the DagBag from /home/kiit/airflow-env/lib/python3.8/site-packages/airflow/example_dags/example_trigger_controller_dag.py
[2024-06-18T15:10:29.723+0530] {processor.py:840} INFO - DAG(s) 'example_trigger_controller_dag' retrieved from /home/kiit/airflow-env/lib/python3.8/site-packages/airflow/example_dags/example_trigger_controller_dag.py
[2024-06-18T15:10:29.742+0530] {logging_mixin.py:188} INFO - [2024-06-18T15:10:29.742+0530] {dag.py:3096} INFO - Sync 1 DAGs
[2024-06-18T15:10:29.758+0530] {logging_mixin.py:188} INFO - [2024-06-18T15:10:29.758+0530] {dag.py:3954} INFO - Setting next_dagrun for example_trigger_controller_dag to 2021-01-01 00:00:00+00:00, run_after=2021-01-01 00:00:00+00:00
[2024-06-18T15:10:29.776+0530] {processor.py:183} INFO - Processing /home/kiit/airflow-env/lib/python3.8/site-packages/airflow/example_dags/example_trigger_controller_dag.py took 0.064 seconds
[2024-06-18T15:11:00.075+0530] {processor.py:161} INFO - Started process (PID=34229) to work on /home/kiit/airflow-env/lib/python3.8/site-packages/airflow/example_dags/example_trigger_controller_dag.py
[2024-06-18T15:11:00.076+0530] {processor.py:830} INFO - Processing file /home/kiit/airflow-env/lib/python3.8/site-packages/airflow/example_dags/example_trigger_controller_dag.py for tasks to queue
[2024-06-18T15:11:00.077+0530] {logging_mixin.py:188} INFO - [2024-06-18T15:11:00.077+0530] {dagbag.py:545} INFO - Filling up the DagBag from /home/kiit/airflow-env/lib/python3.8/site-packages/airflow/example_dags/example_trigger_controller_dag.py
[2024-06-18T15:11:00.081+0530] {processor.py:840} INFO - DAG(s) 'example_trigger_controller_dag' retrieved from /home/kiit/airflow-env/lib/python3.8/site-packages/airflow/example_dags/example_trigger_controller_dag.py
[2024-06-18T15:11:00.096+0530] {logging_mixin.py:188} INFO - [2024-06-18T15:11:00.096+0530] {dag.py:3096} INFO - Sync 1 DAGs
[2024-06-18T15:11:00.112+0530] {logging_mixin.py:188} INFO - [2024-06-18T15:11:00.112+0530] {dag.py:3954} INFO - Setting next_dagrun for example_trigger_controller_dag to 2021-01-01 00:00:00+00:00, run_after=2021-01-01 00:00:00+00:00
[2024-06-18T15:11:00.131+0530] {processor.py:183} INFO - Processing /home/kiit/airflow-env/lib/python3.8/site-packages/airflow/example_dags/example_trigger_controller_dag.py took 0.061 seconds
[2024-06-18T15:11:30.213+0530] {processor.py:161} INFO - Started process (PID=34288) to work on /home/kiit/airflow-env/lib/python3.8/site-packages/airflow/example_dags/example_trigger_controller_dag.py
[2024-06-18T15:11:30.213+0530] {processor.py:830} INFO - Processing file /home/kiit/airflow-env/lib/python3.8/site-packages/airflow/example_dags/example_trigger_controller_dag.py for tasks to queue
[2024-06-18T15:11:30.214+0530] {logging_mixin.py:188} INFO - [2024-06-18T15:11:30.214+0530] {dagbag.py:545} INFO - Filling up the DagBag from /home/kiit/airflow-env/lib/python3.8/site-packages/airflow/example_dags/example_trigger_controller_dag.py
[2024-06-18T15:11:30.218+0530] {processor.py:840} INFO - DAG(s) 'example_trigger_controller_dag' retrieved from /home/kiit/airflow-env/lib/python3.8/site-packages/airflow/example_dags/example_trigger_controller_dag.py
[2024-06-18T15:11:30.232+0530] {logging_mixin.py:188} INFO - [2024-06-18T15:11:30.232+0530] {dag.py:3096} INFO - Sync 1 DAGs
[2024-06-18T15:11:30.244+0530] {logging_mixin.py:188} INFO - [2024-06-18T15:11:30.244+0530] {dag.py:3954} INFO - Setting next_dagrun for example_trigger_controller_dag to 2021-01-01 00:00:00+00:00, run_after=2021-01-01 00:00:00+00:00
[2024-06-18T15:11:30.259+0530] {processor.py:183} INFO - Processing /home/kiit/airflow-env/lib/python3.8/site-packages/airflow/example_dags/example_trigger_controller_dag.py took 0.052 seconds
[2024-06-18T15:12:00.460+0530] {processor.py:161} INFO - Started process (PID=34347) to work on /home/kiit/airflow-env/lib/python3.8/site-packages/airflow/example_dags/example_trigger_controller_dag.py
[2024-06-18T15:12:00.461+0530] {processor.py:830} INFO - Processing file /home/kiit/airflow-env/lib/python3.8/site-packages/airflow/example_dags/example_trigger_controller_dag.py for tasks to queue
[2024-06-18T15:12:00.462+0530] {logging_mixin.py:188} INFO - [2024-06-18T15:12:00.462+0530] {dagbag.py:545} INFO - Filling up the DagBag from /home/kiit/airflow-env/lib/python3.8/site-packages/airflow/example_dags/example_trigger_controller_dag.py
[2024-06-18T15:12:00.465+0530] {processor.py:840} INFO - DAG(s) 'example_trigger_controller_dag' retrieved from /home/kiit/airflow-env/lib/python3.8/site-packages/airflow/example_dags/example_trigger_controller_dag.py
[2024-06-18T15:12:00.482+0530] {logging_mixin.py:188} INFO - [2024-06-18T15:12:00.481+0530] {dag.py:3096} INFO - Sync 1 DAGs
[2024-06-18T15:12:00.497+0530] {logging_mixin.py:188} INFO - [2024-06-18T15:12:00.497+0530] {dag.py:3954} INFO - Setting next_dagrun for example_trigger_controller_dag to 2021-01-01 00:00:00+00:00, run_after=2021-01-01 00:00:00+00:00
[2024-06-18T15:12:00.513+0530] {processor.py:183} INFO - Processing /home/kiit/airflow-env/lib/python3.8/site-packages/airflow/example_dags/example_trigger_controller_dag.py took 0.058 seconds
[2024-06-18T15:12:30.823+0530] {processor.py:161} INFO - Started process (PID=34407) to work on /home/kiit/airflow-env/lib/python3.8/site-packages/airflow/example_dags/example_trigger_controller_dag.py
[2024-06-18T15:12:30.823+0530] {processor.py:830} INFO - Processing file /home/kiit/airflow-env/lib/python3.8/site-packages/airflow/example_dags/example_trigger_controller_dag.py for tasks to queue
[2024-06-18T15:12:30.825+0530] {logging_mixin.py:188} INFO - [2024-06-18T15:12:30.824+0530] {dagbag.py:545} INFO - Filling up the DagBag from /home/kiit/airflow-env/lib/python3.8/site-packages/airflow/example_dags/example_trigger_controller_dag.py
[2024-06-18T15:12:30.829+0530] {processor.py:840} INFO - DAG(s) 'example_trigger_controller_dag' retrieved from /home/kiit/airflow-env/lib/python3.8/site-packages/airflow/example_dags/example_trigger_controller_dag.py
[2024-06-18T15:12:30.846+0530] {logging_mixin.py:188} INFO - [2024-06-18T15:12:30.845+0530] {dag.py:3096} INFO - Sync 1 DAGs
[2024-06-18T15:12:30.861+0530] {logging_mixin.py:188} INFO - [2024-06-18T15:12:30.861+0530] {dag.py:3954} INFO - Setting next_dagrun for example_trigger_controller_dag to 2021-01-01 00:00:00+00:00, run_after=2021-01-01 00:00:00+00:00
[2024-06-18T15:12:30.879+0530] {processor.py:183} INFO - Processing /home/kiit/airflow-env/lib/python3.8/site-packages/airflow/example_dags/example_trigger_controller_dag.py took 0.061 seconds
[2024-06-18T15:13:01.107+0530] {processor.py:161} INFO - Started process (PID=34466) to work on /home/kiit/airflow-env/lib/python3.8/site-packages/airflow/example_dags/example_trigger_controller_dag.py
[2024-06-18T15:13:01.109+0530] {processor.py:830} INFO - Processing file /home/kiit/airflow-env/lib/python3.8/site-packages/airflow/example_dags/example_trigger_controller_dag.py for tasks to queue
[2024-06-18T15:13:01.110+0530] {logging_mixin.py:188} INFO - [2024-06-18T15:13:01.109+0530] {dagbag.py:545} INFO - Filling up the DagBag from /home/kiit/airflow-env/lib/python3.8/site-packages/airflow/example_dags/example_trigger_controller_dag.py
[2024-06-18T15:13:01.113+0530] {processor.py:840} INFO - DAG(s) 'example_trigger_controller_dag' retrieved from /home/kiit/airflow-env/lib/python3.8/site-packages/airflow/example_dags/example_trigger_controller_dag.py
[2024-06-18T15:13:01.128+0530] {logging_mixin.py:188} INFO - [2024-06-18T15:13:01.128+0530] {dag.py:3096} INFO - Sync 1 DAGs
[2024-06-18T15:13:01.141+0530] {logging_mixin.py:188} INFO - [2024-06-18T15:13:01.141+0530] {dag.py:3954} INFO - Setting next_dagrun for example_trigger_controller_dag to 2021-01-01 00:00:00+00:00, run_after=2021-01-01 00:00:00+00:00
[2024-06-18T15:13:01.160+0530] {processor.py:183} INFO - Processing /home/kiit/airflow-env/lib/python3.8/site-packages/airflow/example_dags/example_trigger_controller_dag.py took 0.057 seconds
[2024-06-18T15:13:31.380+0530] {processor.py:161} INFO - Started process (PID=34525) to work on /home/kiit/airflow-env/lib/python3.8/site-packages/airflow/example_dags/example_trigger_controller_dag.py
[2024-06-18T15:13:31.381+0530] {processor.py:830} INFO - Processing file /home/kiit/airflow-env/lib/python3.8/site-packages/airflow/example_dags/example_trigger_controller_dag.py for tasks to queue
[2024-06-18T15:13:31.383+0530] {logging_mixin.py:188} INFO - [2024-06-18T15:13:31.382+0530] {dagbag.py:545} INFO - Filling up the DagBag from /home/kiit/airflow-env/lib/python3.8/site-packages/airflow/example_dags/example_trigger_controller_dag.py
[2024-06-18T15:13:31.387+0530] {processor.py:840} INFO - DAG(s) 'example_trigger_controller_dag' retrieved from /home/kiit/airflow-env/lib/python3.8/site-packages/airflow/example_dags/example_trigger_controller_dag.py
[2024-06-18T15:13:31.404+0530] {logging_mixin.py:188} INFO - [2024-06-18T15:13:31.404+0530] {dag.py:3096} INFO - Sync 1 DAGs
[2024-06-18T15:13:31.421+0530] {logging_mixin.py:188} INFO - [2024-06-18T15:13:31.421+0530] {dag.py:3954} INFO - Setting next_dagrun for example_trigger_controller_dag to 2021-01-01 00:00:00+00:00, run_after=2021-01-01 00:00:00+00:00
[2024-06-18T15:13:31.441+0530] {processor.py:183} INFO - Processing /home/kiit/airflow-env/lib/python3.8/site-packages/airflow/example_dags/example_trigger_controller_dag.py took 0.064 seconds
[2024-06-18T15:14:01.693+0530] {processor.py:161} INFO - Started process (PID=34584) to work on /home/kiit/airflow-env/lib/python3.8/site-packages/airflow/example_dags/example_trigger_controller_dag.py
[2024-06-18T15:14:01.694+0530] {processor.py:830} INFO - Processing file /home/kiit/airflow-env/lib/python3.8/site-packages/airflow/example_dags/example_trigger_controller_dag.py for tasks to queue
[2024-06-18T15:14:01.695+0530] {logging_mixin.py:188} INFO - [2024-06-18T15:14:01.694+0530] {dagbag.py:545} INFO - Filling up the DagBag from /home/kiit/airflow-env/lib/python3.8/site-packages/airflow/example_dags/example_trigger_controller_dag.py
[2024-06-18T15:14:01.698+0530] {processor.py:840} INFO - DAG(s) 'example_trigger_controller_dag' retrieved from /home/kiit/airflow-env/lib/python3.8/site-packages/airflow/example_dags/example_trigger_controller_dag.py
[2024-06-18T15:14:01.714+0530] {logging_mixin.py:188} INFO - [2024-06-18T15:14:01.713+0530] {dag.py:3096} INFO - Sync 1 DAGs
[2024-06-18T15:14:01.729+0530] {logging_mixin.py:188} INFO - [2024-06-18T15:14:01.729+0530] {dag.py:3954} INFO - Setting next_dagrun for example_trigger_controller_dag to 2021-01-01 00:00:00+00:00, run_after=2021-01-01 00:00:00+00:00
[2024-06-18T15:14:01.749+0530] {processor.py:183} INFO - Processing /home/kiit/airflow-env/lib/python3.8/site-packages/airflow/example_dags/example_trigger_controller_dag.py took 0.060 seconds
[2024-06-18T15:14:31.998+0530] {processor.py:161} INFO - Started process (PID=34643) to work on /home/kiit/airflow-env/lib/python3.8/site-packages/airflow/example_dags/example_trigger_controller_dag.py
[2024-06-18T15:14:31.999+0530] {processor.py:830} INFO - Processing file /home/kiit/airflow-env/lib/python3.8/site-packages/airflow/example_dags/example_trigger_controller_dag.py for tasks to queue
[2024-06-18T15:14:32.000+0530] {logging_mixin.py:188} INFO - [2024-06-18T15:14:32.000+0530] {dagbag.py:545} INFO - Filling up the DagBag from /home/kiit/airflow-env/lib/python3.8/site-packages/airflow/example_dags/example_trigger_controller_dag.py
[2024-06-18T15:14:32.004+0530] {processor.py:840} INFO - DAG(s) 'example_trigger_controller_dag' retrieved from /home/kiit/airflow-env/lib/python3.8/site-packages/airflow/example_dags/example_trigger_controller_dag.py
[2024-06-18T15:14:32.021+0530] {logging_mixin.py:188} INFO - [2024-06-18T15:14:32.021+0530] {dag.py:3096} INFO - Sync 1 DAGs
[2024-06-18T15:14:32.038+0530] {logging_mixin.py:188} INFO - [2024-06-18T15:14:32.037+0530] {dag.py:3954} INFO - Setting next_dagrun for example_trigger_controller_dag to 2021-01-01 00:00:00+00:00, run_after=2021-01-01 00:00:00+00:00
[2024-06-18T15:14:32.058+0530] {processor.py:183} INFO - Processing /home/kiit/airflow-env/lib/python3.8/site-packages/airflow/example_dags/example_trigger_controller_dag.py took 0.066 seconds
[2024-06-18T15:15:02.369+0530] {processor.py:161} INFO - Started process (PID=34702) to work on /home/kiit/airflow-env/lib/python3.8/site-packages/airflow/example_dags/example_trigger_controller_dag.py
[2024-06-18T15:15:02.370+0530] {processor.py:830} INFO - Processing file /home/kiit/airflow-env/lib/python3.8/site-packages/airflow/example_dags/example_trigger_controller_dag.py for tasks to queue
[2024-06-18T15:15:02.372+0530] {logging_mixin.py:188} INFO - [2024-06-18T15:15:02.372+0530] {dagbag.py:545} INFO - Filling up the DagBag from /home/kiit/airflow-env/lib/python3.8/site-packages/airflow/example_dags/example_trigger_controller_dag.py
[2024-06-18T15:15:02.376+0530] {processor.py:840} INFO - DAG(s) 'example_trigger_controller_dag' retrieved from /home/kiit/airflow-env/lib/python3.8/site-packages/airflow/example_dags/example_trigger_controller_dag.py
[2024-06-18T15:15:02.394+0530] {logging_mixin.py:188} INFO - [2024-06-18T15:15:02.394+0530] {dag.py:3096} INFO - Sync 1 DAGs
[2024-06-18T15:15:02.408+0530] {logging_mixin.py:188} INFO - [2024-06-18T15:15:02.408+0530] {dag.py:3954} INFO - Setting next_dagrun for example_trigger_controller_dag to 2021-01-01 00:00:00+00:00, run_after=2021-01-01 00:00:00+00:00
[2024-06-18T15:15:02.430+0530] {processor.py:183} INFO - Processing /home/kiit/airflow-env/lib/python3.8/site-packages/airflow/example_dags/example_trigger_controller_dag.py took 0.066 seconds
[2024-06-18T15:15:32.643+0530] {processor.py:161} INFO - Started process (PID=34761) to work on /home/kiit/airflow-env/lib/python3.8/site-packages/airflow/example_dags/example_trigger_controller_dag.py
[2024-06-18T15:15:32.644+0530] {processor.py:830} INFO - Processing file /home/kiit/airflow-env/lib/python3.8/site-packages/airflow/example_dags/example_trigger_controller_dag.py for tasks to queue
[2024-06-18T15:15:32.645+0530] {logging_mixin.py:188} INFO - [2024-06-18T15:15:32.645+0530] {dagbag.py:545} INFO - Filling up the DagBag from /home/kiit/airflow-env/lib/python3.8/site-packages/airflow/example_dags/example_trigger_controller_dag.py
[2024-06-18T15:15:32.649+0530] {processor.py:840} INFO - DAG(s) 'example_trigger_controller_dag' retrieved from /home/kiit/airflow-env/lib/python3.8/site-packages/airflow/example_dags/example_trigger_controller_dag.py
[2024-06-18T15:15:32.666+0530] {logging_mixin.py:188} INFO - [2024-06-18T15:15:32.665+0530] {dag.py:3096} INFO - Sync 1 DAGs
[2024-06-18T15:15:32.681+0530] {logging_mixin.py:188} INFO - [2024-06-18T15:15:32.681+0530] {dag.py:3954} INFO - Setting next_dagrun for example_trigger_controller_dag to 2021-01-01 00:00:00+00:00, run_after=2021-01-01 00:00:00+00:00
[2024-06-18T15:15:32.703+0530] {processor.py:183} INFO - Processing /home/kiit/airflow-env/lib/python3.8/site-packages/airflow/example_dags/example_trigger_controller_dag.py took 0.064 seconds
[2024-06-18T15:16:02.897+0530] {processor.py:161} INFO - Started process (PID=34820) to work on /home/kiit/airflow-env/lib/python3.8/site-packages/airflow/example_dags/example_trigger_controller_dag.py
[2024-06-18T15:16:02.898+0530] {processor.py:830} INFO - Processing file /home/kiit/airflow-env/lib/python3.8/site-packages/airflow/example_dags/example_trigger_controller_dag.py for tasks to queue
[2024-06-18T15:16:02.899+0530] {logging_mixin.py:188} INFO - [2024-06-18T15:16:02.899+0530] {dagbag.py:545} INFO - Filling up the DagBag from /home/kiit/airflow-env/lib/python3.8/site-packages/airflow/example_dags/example_trigger_controller_dag.py
[2024-06-18T15:16:02.904+0530] {processor.py:840} INFO - DAG(s) 'example_trigger_controller_dag' retrieved from /home/kiit/airflow-env/lib/python3.8/site-packages/airflow/example_dags/example_trigger_controller_dag.py
[2024-06-18T15:16:02.918+0530] {logging_mixin.py:188} INFO - [2024-06-18T15:16:02.918+0530] {dag.py:3096} INFO - Sync 1 DAGs
[2024-06-18T15:16:02.931+0530] {logging_mixin.py:188} INFO - [2024-06-18T15:16:02.931+0530] {dag.py:3954} INFO - Setting next_dagrun for example_trigger_controller_dag to 2021-01-01 00:00:00+00:00, run_after=2021-01-01 00:00:00+00:00
[2024-06-18T15:16:02.949+0530] {processor.py:183} INFO - Processing /home/kiit/airflow-env/lib/python3.8/site-packages/airflow/example_dags/example_trigger_controller_dag.py took 0.057 seconds
[2024-06-18T15:16:33.163+0530] {processor.py:161} INFO - Started process (PID=34903) to work on /home/kiit/airflow-env/lib/python3.8/site-packages/airflow/example_dags/example_trigger_controller_dag.py
[2024-06-18T15:16:33.164+0530] {processor.py:830} INFO - Processing file /home/kiit/airflow-env/lib/python3.8/site-packages/airflow/example_dags/example_trigger_controller_dag.py for tasks to queue
[2024-06-18T15:16:33.165+0530] {logging_mixin.py:188} INFO - [2024-06-18T15:16:33.165+0530] {dagbag.py:545} INFO - Filling up the DagBag from /home/kiit/airflow-env/lib/python3.8/site-packages/airflow/example_dags/example_trigger_controller_dag.py
[2024-06-18T15:16:33.169+0530] {processor.py:840} INFO - DAG(s) 'example_trigger_controller_dag' retrieved from /home/kiit/airflow-env/lib/python3.8/site-packages/airflow/example_dags/example_trigger_controller_dag.py
[2024-06-18T15:16:33.241+0530] {logging_mixin.py:188} INFO - [2024-06-18T15:16:33.240+0530] {dag.py:3096} INFO - Sync 1 DAGs
[2024-06-18T15:16:33.254+0530] {logging_mixin.py:188} INFO - [2024-06-18T15:16:33.254+0530] {dag.py:3954} INFO - Setting next_dagrun for example_trigger_controller_dag to 2021-01-01 00:00:00+00:00, run_after=2021-01-01 00:00:00+00:00
[2024-06-18T15:16:33.283+0530] {processor.py:183} INFO - Processing /home/kiit/airflow-env/lib/python3.8/site-packages/airflow/example_dags/example_trigger_controller_dag.py took 0.125 seconds
