[2024-06-18T13:06:22.003+0530] {processor.py:161} INFO - Started process (PID=25391) to work on /home/kiit/airflow-env/lib/python3.8/site-packages/airflow/example_dags/example_external_task_marker_dag.py
[2024-06-18T13:06:22.004+0530] {processor.py:830} INFO - Processing file /home/kiit/airflow-env/lib/python3.8/site-packages/airflow/example_dags/example_external_task_marker_dag.py for tasks to queue
[2024-06-18T13:06:22.005+0530] {logging_mixin.py:188} INFO - [2024-06-18T13:06:22.005+0530] {dagbag.py:545} INFO - Filling up the DagBag from /home/kiit/airflow-env/lib/python3.8/site-packages/airflow/example_dags/example_external_task_marker_dag.py
[2024-06-18T13:06:22.010+0530] {processor.py:840} INFO - DAG(s) 'example_external_task_marker_parent', 'example_external_task_marker_child' retrieved from /home/kiit/airflow-env/lib/python3.8/site-packages/airflow/example_dags/example_external_task_marker_dag.py
[2024-06-18T13:06:22.074+0530] {logging_mixin.py:188} INFO - [2024-06-18T13:06:22.074+0530] {dag.py:3096} INFO - Sync 2 DAGs
[2024-06-18T13:06:22.139+0530] {logging_mixin.py:188} INFO - [2024-06-18T13:06:22.138+0530] {dag.py:3954} INFO - Setting next_dagrun for example_external_task_marker_child to None, run_after=None
[2024-06-18T13:06:22.141+0530] {logging_mixin.py:188} INFO - [2024-06-18T13:06:22.140+0530] {dag.py:3954} INFO - Setting next_dagrun for example_external_task_marker_parent to None, run_after=None
[2024-06-18T13:06:22.160+0530] {processor.py:183} INFO - Processing /home/kiit/airflow-env/lib/python3.8/site-packages/airflow/example_dags/example_external_task_marker_dag.py took 0.161 seconds
[2024-06-18T13:07:30.491+0530] {processor.py:161} INFO - Started process (PID=25479) to work on /home/kiit/airflow-env/lib/python3.8/site-packages/airflow/example_dags/example_external_task_marker_dag.py
[2024-06-18T13:07:30.498+0530] {processor.py:830} INFO - Processing file /home/kiit/airflow-env/lib/python3.8/site-packages/airflow/example_dags/example_external_task_marker_dag.py for tasks to queue
[2024-06-18T13:07:30.501+0530] {logging_mixin.py:188} INFO - [2024-06-18T13:07:30.500+0530] {dagbag.py:545} INFO - Filling up the DagBag from /home/kiit/airflow-env/lib/python3.8/site-packages/airflow/example_dags/example_external_task_marker_dag.py
[2024-06-18T13:07:30.507+0530] {processor.py:840} INFO - DAG(s) 'example_external_task_marker_child', 'example_external_task_marker_parent' retrieved from /home/kiit/airflow-env/lib/python3.8/site-packages/airflow/example_dags/example_external_task_marker_dag.py
[2024-06-18T13:07:30.524+0530] {logging_mixin.py:188} INFO - [2024-06-18T13:07:30.524+0530] {dag.py:3096} INFO - Sync 2 DAGs
[2024-06-18T13:07:30.600+0530] {logging_mixin.py:188} INFO - [2024-06-18T13:07:30.600+0530] {dag.py:3954} INFO - Setting next_dagrun for example_external_task_marker_child to None, run_after=None
[2024-06-18T13:07:30.603+0530] {logging_mixin.py:188} INFO - [2024-06-18T13:07:30.602+0530] {dag.py:3954} INFO - Setting next_dagrun for example_external_task_marker_parent to None, run_after=None
[2024-06-18T13:07:30.619+0530] {processor.py:183} INFO - Processing /home/kiit/airflow-env/lib/python3.8/site-packages/airflow/example_dags/example_external_task_marker_dag.py took 0.132 seconds
[2024-06-18T13:08:36.211+0530] {processor.py:161} INFO - Started process (PID=25541) to work on /home/kiit/airflow-env/lib/python3.8/site-packages/airflow/example_dags/example_external_task_marker_dag.py
[2024-06-18T13:08:36.218+0530] {processor.py:830} INFO - Processing file /home/kiit/airflow-env/lib/python3.8/site-packages/airflow/example_dags/example_external_task_marker_dag.py for tasks to queue
[2024-06-18T13:08:36.219+0530] {logging_mixin.py:188} INFO - [2024-06-18T13:08:36.219+0530] {dagbag.py:545} INFO - Filling up the DagBag from /home/kiit/airflow-env/lib/python3.8/site-packages/airflow/example_dags/example_external_task_marker_dag.py
[2024-06-18T13:08:36.223+0530] {processor.py:840} INFO - DAG(s) 'example_external_task_marker_child', 'example_external_task_marker_parent' retrieved from /home/kiit/airflow-env/lib/python3.8/site-packages/airflow/example_dags/example_external_task_marker_dag.py
[2024-06-18T13:08:36.234+0530] {logging_mixin.py:188} INFO - [2024-06-18T13:08:36.234+0530] {dag.py:3096} INFO - Sync 2 DAGs
[2024-06-18T13:08:36.241+0530] {logging_mixin.py:188} INFO - [2024-06-18T13:08:36.241+0530] {dag.py:3954} INFO - Setting next_dagrun for example_external_task_marker_child to None, run_after=None
[2024-06-18T13:08:36.243+0530] {logging_mixin.py:188} INFO - [2024-06-18T13:08:36.243+0530] {dag.py:3954} INFO - Setting next_dagrun for example_external_task_marker_parent to None, run_after=None
[2024-06-18T13:08:36.259+0530] {processor.py:183} INFO - Processing /home/kiit/airflow-env/lib/python3.8/site-packages/airflow/example_dags/example_external_task_marker_dag.py took 0.051 seconds
[2024-06-18T13:09:28.766+0530] {processor.py:161} INFO - Started process (PID=25606) to work on /home/kiit/airflow-env/lib/python3.8/site-packages/airflow/example_dags/example_external_task_marker_dag.py
[2024-06-18T13:09:28.767+0530] {processor.py:830} INFO - Processing file /home/kiit/airflow-env/lib/python3.8/site-packages/airflow/example_dags/example_external_task_marker_dag.py for tasks to queue
[2024-06-18T13:09:28.769+0530] {logging_mixin.py:188} INFO - [2024-06-18T13:09:28.769+0530] {dagbag.py:545} INFO - Filling up the DagBag from /home/kiit/airflow-env/lib/python3.8/site-packages/airflow/example_dags/example_external_task_marker_dag.py
[2024-06-18T13:09:28.776+0530] {processor.py:840} INFO - DAG(s) 'example_external_task_marker_child', 'example_external_task_marker_parent' retrieved from /home/kiit/airflow-env/lib/python3.8/site-packages/airflow/example_dags/example_external_task_marker_dag.py
[2024-06-18T13:09:28.793+0530] {logging_mixin.py:188} INFO - [2024-06-18T13:09:28.793+0530] {dag.py:3096} INFO - Sync 2 DAGs
[2024-06-18T13:09:28.802+0530] {logging_mixin.py:188} INFO - [2024-06-18T13:09:28.802+0530] {dag.py:3954} INFO - Setting next_dagrun for example_external_task_marker_child to None, run_after=None
[2024-06-18T13:09:28.805+0530] {logging_mixin.py:188} INFO - [2024-06-18T13:09:28.805+0530] {dag.py:3954} INFO - Setting next_dagrun for example_external_task_marker_parent to None, run_after=None
[2024-06-18T13:09:28.822+0530] {processor.py:183} INFO - Processing /home/kiit/airflow-env/lib/python3.8/site-packages/airflow/example_dags/example_external_task_marker_dag.py took 0.062 seconds
[2024-06-18T13:10:32.500+0530] {processor.py:161} INFO - Started process (PID=25681) to work on /home/kiit/airflow-env/lib/python3.8/site-packages/airflow/example_dags/example_external_task_marker_dag.py
[2024-06-18T13:10:32.501+0530] {processor.py:830} INFO - Processing file /home/kiit/airflow-env/lib/python3.8/site-packages/airflow/example_dags/example_external_task_marker_dag.py for tasks to queue
[2024-06-18T13:10:32.502+0530] {logging_mixin.py:188} INFO - [2024-06-18T13:10:32.502+0530] {dagbag.py:545} INFO - Filling up the DagBag from /home/kiit/airflow-env/lib/python3.8/site-packages/airflow/example_dags/example_external_task_marker_dag.py
[2024-06-18T13:10:32.507+0530] {processor.py:840} INFO - DAG(s) 'example_external_task_marker_parent', 'example_external_task_marker_child' retrieved from /home/kiit/airflow-env/lib/python3.8/site-packages/airflow/example_dags/example_external_task_marker_dag.py
[2024-06-18T13:10:32.521+0530] {logging_mixin.py:188} INFO - [2024-06-18T13:10:32.521+0530] {dag.py:3096} INFO - Sync 2 DAGs
[2024-06-18T13:10:32.531+0530] {logging_mixin.py:188} INFO - [2024-06-18T13:10:32.531+0530] {dag.py:3954} INFO - Setting next_dagrun for example_external_task_marker_child to None, run_after=None
[2024-06-18T13:10:32.534+0530] {logging_mixin.py:188} INFO - [2024-06-18T13:10:32.533+0530] {dag.py:3954} INFO - Setting next_dagrun for example_external_task_marker_parent to None, run_after=None
[2024-06-18T13:10:32.552+0530] {processor.py:183} INFO - Processing /home/kiit/airflow-env/lib/python3.8/site-packages/airflow/example_dags/example_external_task_marker_dag.py took 0.057 seconds
[2024-06-18T13:11:40.811+0530] {processor.py:161} INFO - Started process (PID=25756) to work on /home/kiit/airflow-env/lib/python3.8/site-packages/airflow/example_dags/example_external_task_marker_dag.py
[2024-06-18T13:11:40.812+0530] {processor.py:830} INFO - Processing file /home/kiit/airflow-env/lib/python3.8/site-packages/airflow/example_dags/example_external_task_marker_dag.py for tasks to queue
[2024-06-18T13:11:40.814+0530] {logging_mixin.py:188} INFO - [2024-06-18T13:11:40.813+0530] {dagbag.py:545} INFO - Filling up the DagBag from /home/kiit/airflow-env/lib/python3.8/site-packages/airflow/example_dags/example_external_task_marker_dag.py
[2024-06-18T13:11:40.819+0530] {processor.py:840} INFO - DAG(s) 'example_external_task_marker_child', 'example_external_task_marker_parent' retrieved from /home/kiit/airflow-env/lib/python3.8/site-packages/airflow/example_dags/example_external_task_marker_dag.py
[2024-06-18T13:11:40.834+0530] {logging_mixin.py:188} INFO - [2024-06-18T13:11:40.834+0530] {dag.py:3096} INFO - Sync 2 DAGs
[2024-06-18T13:11:40.844+0530] {logging_mixin.py:188} INFO - [2024-06-18T13:11:40.844+0530] {dag.py:3954} INFO - Setting next_dagrun for example_external_task_marker_child to None, run_after=None
[2024-06-18T13:11:40.847+0530] {logging_mixin.py:188} INFO - [2024-06-18T13:11:40.847+0530] {dag.py:3954} INFO - Setting next_dagrun for example_external_task_marker_parent to None, run_after=None
[2024-06-18T13:11:40.866+0530] {processor.py:183} INFO - Processing /home/kiit/airflow-env/lib/python3.8/site-packages/airflow/example_dags/example_external_task_marker_dag.py took 0.060 seconds
[2024-06-18T13:12:42.620+0530] {processor.py:161} INFO - Started process (PID=25833) to work on /home/kiit/airflow-env/lib/python3.8/site-packages/airflow/example_dags/example_external_task_marker_dag.py
[2024-06-18T13:12:42.621+0530] {processor.py:830} INFO - Processing file /home/kiit/airflow-env/lib/python3.8/site-packages/airflow/example_dags/example_external_task_marker_dag.py for tasks to queue
[2024-06-18T13:12:42.623+0530] {logging_mixin.py:188} INFO - [2024-06-18T13:12:42.622+0530] {dagbag.py:545} INFO - Filling up the DagBag from /home/kiit/airflow-env/lib/python3.8/site-packages/airflow/example_dags/example_external_task_marker_dag.py
[2024-06-18T13:12:42.629+0530] {processor.py:840} INFO - DAG(s) 'example_external_task_marker_parent', 'example_external_task_marker_child' retrieved from /home/kiit/airflow-env/lib/python3.8/site-packages/airflow/example_dags/example_external_task_marker_dag.py
[2024-06-18T13:12:42.649+0530] {logging_mixin.py:188} INFO - [2024-06-18T13:12:42.648+0530] {dag.py:3096} INFO - Sync 2 DAGs
[2024-06-18T13:12:42.661+0530] {logging_mixin.py:188} INFO - [2024-06-18T13:12:42.661+0530] {dag.py:3954} INFO - Setting next_dagrun for example_external_task_marker_child to None, run_after=None
[2024-06-18T13:12:42.665+0530] {logging_mixin.py:188} INFO - [2024-06-18T13:12:42.665+0530] {dag.py:3954} INFO - Setting next_dagrun for example_external_task_marker_parent to None, run_after=None
[2024-06-18T13:12:42.685+0530] {processor.py:183} INFO - Processing /home/kiit/airflow-env/lib/python3.8/site-packages/airflow/example_dags/example_external_task_marker_dag.py took 0.070 seconds
[2024-06-18T13:13:40.829+0530] {processor.py:161} INFO - Started process (PID=25901) to work on /home/kiit/airflow-env/lib/python3.8/site-packages/airflow/example_dags/example_external_task_marker_dag.py
[2024-06-18T13:13:40.830+0530] {processor.py:830} INFO - Processing file /home/kiit/airflow-env/lib/python3.8/site-packages/airflow/example_dags/example_external_task_marker_dag.py for tasks to queue
[2024-06-18T13:13:40.832+0530] {logging_mixin.py:188} INFO - [2024-06-18T13:13:40.831+0530] {dagbag.py:545} INFO - Filling up the DagBag from /home/kiit/airflow-env/lib/python3.8/site-packages/airflow/example_dags/example_external_task_marker_dag.py
[2024-06-18T13:13:40.836+0530] {processor.py:840} INFO - DAG(s) 'example_external_task_marker_child', 'example_external_task_marker_parent' retrieved from /home/kiit/airflow-env/lib/python3.8/site-packages/airflow/example_dags/example_external_task_marker_dag.py
[2024-06-18T13:13:40.852+0530] {logging_mixin.py:188} INFO - [2024-06-18T13:13:40.851+0530] {dag.py:3096} INFO - Sync 2 DAGs
[2024-06-18T13:13:40.864+0530] {logging_mixin.py:188} INFO - [2024-06-18T13:13:40.864+0530] {dag.py:3954} INFO - Setting next_dagrun for example_external_task_marker_child to None, run_after=None
[2024-06-18T13:13:40.868+0530] {logging_mixin.py:188} INFO - [2024-06-18T13:13:40.868+0530] {dag.py:3954} INFO - Setting next_dagrun for example_external_task_marker_parent to None, run_after=None
[2024-06-18T13:13:40.887+0530] {processor.py:183} INFO - Processing /home/kiit/airflow-env/lib/python3.8/site-packages/airflow/example_dags/example_external_task_marker_dag.py took 0.063 seconds
[2024-06-18T13:14:35.813+0530] {processor.py:161} INFO - Started process (PID=25973) to work on /home/kiit/airflow-env/lib/python3.8/site-packages/airflow/example_dags/example_external_task_marker_dag.py
[2024-06-18T13:14:35.815+0530] {processor.py:830} INFO - Processing file /home/kiit/airflow-env/lib/python3.8/site-packages/airflow/example_dags/example_external_task_marker_dag.py for tasks to queue
[2024-06-18T13:14:35.816+0530] {logging_mixin.py:188} INFO - [2024-06-18T13:14:35.816+0530] {dagbag.py:545} INFO - Filling up the DagBag from /home/kiit/airflow-env/lib/python3.8/site-packages/airflow/example_dags/example_external_task_marker_dag.py
[2024-06-18T13:14:35.821+0530] {processor.py:840} INFO - DAG(s) 'example_external_task_marker_child', 'example_external_task_marker_parent' retrieved from /home/kiit/airflow-env/lib/python3.8/site-packages/airflow/example_dags/example_external_task_marker_dag.py
[2024-06-18T13:14:35.836+0530] {logging_mixin.py:188} INFO - [2024-06-18T13:14:35.835+0530] {dag.py:3096} INFO - Sync 2 DAGs
[2024-06-18T13:14:35.844+0530] {logging_mixin.py:188} INFO - [2024-06-18T13:14:35.844+0530] {dag.py:3954} INFO - Setting next_dagrun for example_external_task_marker_child to None, run_after=None
[2024-06-18T13:14:35.847+0530] {logging_mixin.py:188} INFO - [2024-06-18T13:14:35.847+0530] {dag.py:3954} INFO - Setting next_dagrun for example_external_task_marker_parent to None, run_after=None
[2024-06-18T13:14:35.864+0530] {processor.py:183} INFO - Processing /home/kiit/airflow-env/lib/python3.8/site-packages/airflow/example_dags/example_external_task_marker_dag.py took 0.056 seconds
[2024-06-18T13:15:40.304+0530] {processor.py:161} INFO - Started process (PID=26045) to work on /home/kiit/airflow-env/lib/python3.8/site-packages/airflow/example_dags/example_external_task_marker_dag.py
[2024-06-18T13:15:40.305+0530] {processor.py:830} INFO - Processing file /home/kiit/airflow-env/lib/python3.8/site-packages/airflow/example_dags/example_external_task_marker_dag.py for tasks to queue
[2024-06-18T13:15:40.306+0530] {logging_mixin.py:188} INFO - [2024-06-18T13:15:40.306+0530] {dagbag.py:545} INFO - Filling up the DagBag from /home/kiit/airflow-env/lib/python3.8/site-packages/airflow/example_dags/example_external_task_marker_dag.py
[2024-06-18T13:15:40.314+0530] {processor.py:840} INFO - DAG(s) 'example_external_task_marker_child', 'example_external_task_marker_parent' retrieved from /home/kiit/airflow-env/lib/python3.8/site-packages/airflow/example_dags/example_external_task_marker_dag.py
[2024-06-18T13:15:40.336+0530] {logging_mixin.py:188} INFO - [2024-06-18T13:15:40.336+0530] {dag.py:3096} INFO - Sync 2 DAGs
[2024-06-18T13:15:40.349+0530] {logging_mixin.py:188} INFO - [2024-06-18T13:15:40.348+0530] {dag.py:3954} INFO - Setting next_dagrun for example_external_task_marker_child to None, run_after=None
[2024-06-18T13:15:40.354+0530] {logging_mixin.py:188} INFO - [2024-06-18T13:15:40.353+0530] {dag.py:3954} INFO - Setting next_dagrun for example_external_task_marker_parent to None, run_after=None
[2024-06-18T13:15:40.378+0530] {processor.py:183} INFO - Processing /home/kiit/airflow-env/lib/python3.8/site-packages/airflow/example_dags/example_external_task_marker_dag.py took 0.082 seconds
[2024-06-18T13:16:38.570+0530] {processor.py:161} INFO - Started process (PID=26119) to work on /home/kiit/airflow-env/lib/python3.8/site-packages/airflow/example_dags/example_external_task_marker_dag.py
[2024-06-18T13:16:38.576+0530] {processor.py:830} INFO - Processing file /home/kiit/airflow-env/lib/python3.8/site-packages/airflow/example_dags/example_external_task_marker_dag.py for tasks to queue
[2024-06-18T13:16:38.577+0530] {logging_mixin.py:188} INFO - [2024-06-18T13:16:38.577+0530] {dagbag.py:545} INFO - Filling up the DagBag from /home/kiit/airflow-env/lib/python3.8/site-packages/airflow/example_dags/example_external_task_marker_dag.py
[2024-06-18T13:16:38.581+0530] {processor.py:840} INFO - DAG(s) 'example_external_task_marker_parent', 'example_external_task_marker_child' retrieved from /home/kiit/airflow-env/lib/python3.8/site-packages/airflow/example_dags/example_external_task_marker_dag.py
[2024-06-18T13:16:38.592+0530] {logging_mixin.py:188} INFO - [2024-06-18T13:16:38.592+0530] {dag.py:3096} INFO - Sync 2 DAGs
[2024-06-18T13:16:38.600+0530] {logging_mixin.py:188} INFO - [2024-06-18T13:16:38.600+0530] {dag.py:3954} INFO - Setting next_dagrun for example_external_task_marker_child to None, run_after=None
[2024-06-18T13:16:38.602+0530] {logging_mixin.py:188} INFO - [2024-06-18T13:16:38.602+0530] {dag.py:3954} INFO - Setting next_dagrun for example_external_task_marker_parent to None, run_after=None
[2024-06-18T13:16:38.620+0530] {processor.py:183} INFO - Processing /home/kiit/airflow-env/lib/python3.8/site-packages/airflow/example_dags/example_external_task_marker_dag.py took 0.055 seconds
[2024-06-18T13:17:37.408+0530] {processor.py:161} INFO - Started process (PID=26186) to work on /home/kiit/airflow-env/lib/python3.8/site-packages/airflow/example_dags/example_external_task_marker_dag.py
[2024-06-18T13:17:37.409+0530] {processor.py:830} INFO - Processing file /home/kiit/airflow-env/lib/python3.8/site-packages/airflow/example_dags/example_external_task_marker_dag.py for tasks to queue
[2024-06-18T13:17:37.410+0530] {logging_mixin.py:188} INFO - [2024-06-18T13:17:37.410+0530] {dagbag.py:545} INFO - Filling up the DagBag from /home/kiit/airflow-env/lib/python3.8/site-packages/airflow/example_dags/example_external_task_marker_dag.py
[2024-06-18T13:17:37.414+0530] {processor.py:840} INFO - DAG(s) 'example_external_task_marker_parent', 'example_external_task_marker_child' retrieved from /home/kiit/airflow-env/lib/python3.8/site-packages/airflow/example_dags/example_external_task_marker_dag.py
[2024-06-18T13:17:37.429+0530] {logging_mixin.py:188} INFO - [2024-06-18T13:17:37.429+0530] {dag.py:3096} INFO - Sync 2 DAGs
[2024-06-18T13:17:37.437+0530] {logging_mixin.py:188} INFO - [2024-06-18T13:17:37.437+0530] {dag.py:3954} INFO - Setting next_dagrun for example_external_task_marker_child to None, run_after=None
[2024-06-18T13:17:37.439+0530] {logging_mixin.py:188} INFO - [2024-06-18T13:17:37.439+0530] {dag.py:3954} INFO - Setting next_dagrun for example_external_task_marker_parent to None, run_after=None
[2024-06-18T13:17:37.457+0530] {processor.py:183} INFO - Processing /home/kiit/airflow-env/lib/python3.8/site-packages/airflow/example_dags/example_external_task_marker_dag.py took 0.053 seconds
[2024-06-18T13:18:41.523+0530] {processor.py:161} INFO - Started process (PID=26264) to work on /home/kiit/airflow-env/lib/python3.8/site-packages/airflow/example_dags/example_external_task_marker_dag.py
[2024-06-18T13:18:41.524+0530] {processor.py:830} INFO - Processing file /home/kiit/airflow-env/lib/python3.8/site-packages/airflow/example_dags/example_external_task_marker_dag.py for tasks to queue
[2024-06-18T13:18:41.526+0530] {logging_mixin.py:188} INFO - [2024-06-18T13:18:41.525+0530] {dagbag.py:545} INFO - Filling up the DagBag from /home/kiit/airflow-env/lib/python3.8/site-packages/airflow/example_dags/example_external_task_marker_dag.py
[2024-06-18T13:18:41.530+0530] {processor.py:840} INFO - DAG(s) 'example_external_task_marker_child', 'example_external_task_marker_parent' retrieved from /home/kiit/airflow-env/lib/python3.8/site-packages/airflow/example_dags/example_external_task_marker_dag.py
[2024-06-18T13:18:41.546+0530] {logging_mixin.py:188} INFO - [2024-06-18T13:18:41.546+0530] {dag.py:3096} INFO - Sync 2 DAGs
[2024-06-18T13:18:41.554+0530] {logging_mixin.py:188} INFO - [2024-06-18T13:18:41.554+0530] {dag.py:3954} INFO - Setting next_dagrun for example_external_task_marker_child to None, run_after=None
[2024-06-18T13:18:41.557+0530] {logging_mixin.py:188} INFO - [2024-06-18T13:18:41.557+0530] {dag.py:3954} INFO - Setting next_dagrun for example_external_task_marker_parent to None, run_after=None
[2024-06-18T13:18:41.578+0530] {processor.py:183} INFO - Processing /home/kiit/airflow-env/lib/python3.8/site-packages/airflow/example_dags/example_external_task_marker_dag.py took 0.060 seconds
[2024-06-18T13:19:42.241+0530] {processor.py:161} INFO - Started process (PID=26333) to work on /home/kiit/airflow-env/lib/python3.8/site-packages/airflow/example_dags/example_external_task_marker_dag.py
[2024-06-18T13:19:42.243+0530] {processor.py:830} INFO - Processing file /home/kiit/airflow-env/lib/python3.8/site-packages/airflow/example_dags/example_external_task_marker_dag.py for tasks to queue
[2024-06-18T13:19:42.244+0530] {logging_mixin.py:188} INFO - [2024-06-18T13:19:42.243+0530] {dagbag.py:545} INFO - Filling up the DagBag from /home/kiit/airflow-env/lib/python3.8/site-packages/airflow/example_dags/example_external_task_marker_dag.py
[2024-06-18T13:19:42.249+0530] {processor.py:840} INFO - DAG(s) 'example_external_task_marker_child', 'example_external_task_marker_parent' retrieved from /home/kiit/airflow-env/lib/python3.8/site-packages/airflow/example_dags/example_external_task_marker_dag.py
[2024-06-18T13:19:42.261+0530] {logging_mixin.py:188} INFO - [2024-06-18T13:19:42.261+0530] {dag.py:3096} INFO - Sync 2 DAGs
[2024-06-18T13:19:42.269+0530] {logging_mixin.py:188} INFO - [2024-06-18T13:19:42.269+0530] {dag.py:3954} INFO - Setting next_dagrun for example_external_task_marker_child to None, run_after=None
[2024-06-18T13:19:42.271+0530] {logging_mixin.py:188} INFO - [2024-06-18T13:19:42.271+0530] {dag.py:3954} INFO - Setting next_dagrun for example_external_task_marker_parent to None, run_after=None
[2024-06-18T13:19:42.289+0530] {processor.py:183} INFO - Processing /home/kiit/airflow-env/lib/python3.8/site-packages/airflow/example_dags/example_external_task_marker_dag.py took 0.054 seconds
[2024-06-18T13:20:38.506+0530] {processor.py:161} INFO - Started process (PID=26407) to work on /home/kiit/airflow-env/lib/python3.8/site-packages/airflow/example_dags/example_external_task_marker_dag.py
[2024-06-18T13:20:38.508+0530] {processor.py:830} INFO - Processing file /home/kiit/airflow-env/lib/python3.8/site-packages/airflow/example_dags/example_external_task_marker_dag.py for tasks to queue
[2024-06-18T13:20:38.509+0530] {logging_mixin.py:188} INFO - [2024-06-18T13:20:38.509+0530] {dagbag.py:545} INFO - Filling up the DagBag from /home/kiit/airflow-env/lib/python3.8/site-packages/airflow/example_dags/example_external_task_marker_dag.py
[2024-06-18T13:20:38.515+0530] {processor.py:840} INFO - DAG(s) 'example_external_task_marker_parent', 'example_external_task_marker_child' retrieved from /home/kiit/airflow-env/lib/python3.8/site-packages/airflow/example_dags/example_external_task_marker_dag.py
[2024-06-18T13:20:38.528+0530] {logging_mixin.py:188} INFO - [2024-06-18T13:20:38.528+0530] {dag.py:3096} INFO - Sync 2 DAGs
[2024-06-18T13:20:38.538+0530] {logging_mixin.py:188} INFO - [2024-06-18T13:20:38.538+0530] {dag.py:3954} INFO - Setting next_dagrun for example_external_task_marker_child to None, run_after=None
[2024-06-18T13:20:38.540+0530] {logging_mixin.py:188} INFO - [2024-06-18T13:20:38.540+0530] {dag.py:3954} INFO - Setting next_dagrun for example_external_task_marker_parent to None, run_after=None
[2024-06-18T13:20:38.557+0530] {processor.py:183} INFO - Processing /home/kiit/airflow-env/lib/python3.8/site-packages/airflow/example_dags/example_external_task_marker_dag.py took 0.055 seconds
[2024-06-18T13:21:35.319+0530] {processor.py:161} INFO - Started process (PID=26474) to work on /home/kiit/airflow-env/lib/python3.8/site-packages/airflow/example_dags/example_external_task_marker_dag.py
[2024-06-18T13:21:35.320+0530] {processor.py:830} INFO - Processing file /home/kiit/airflow-env/lib/python3.8/site-packages/airflow/example_dags/example_external_task_marker_dag.py for tasks to queue
[2024-06-18T13:21:35.322+0530] {logging_mixin.py:188} INFO - [2024-06-18T13:21:35.322+0530] {dagbag.py:545} INFO - Filling up the DagBag from /home/kiit/airflow-env/lib/python3.8/site-packages/airflow/example_dags/example_external_task_marker_dag.py
[2024-06-18T13:21:35.327+0530] {processor.py:840} INFO - DAG(s) 'example_external_task_marker_child', 'example_external_task_marker_parent' retrieved from /home/kiit/airflow-env/lib/python3.8/site-packages/airflow/example_dags/example_external_task_marker_dag.py
[2024-06-18T13:21:35.343+0530] {logging_mixin.py:188} INFO - [2024-06-18T13:21:35.343+0530] {dag.py:3096} INFO - Sync 2 DAGs
[2024-06-18T13:21:35.352+0530] {logging_mixin.py:188} INFO - [2024-06-18T13:21:35.352+0530] {dag.py:3954} INFO - Setting next_dagrun for example_external_task_marker_child to None, run_after=None
[2024-06-18T13:21:35.355+0530] {logging_mixin.py:188} INFO - [2024-06-18T13:21:35.355+0530] {dag.py:3954} INFO - Setting next_dagrun for example_external_task_marker_parent to None, run_after=None
[2024-06-18T13:21:35.375+0530] {processor.py:183} INFO - Processing /home/kiit/airflow-env/lib/python3.8/site-packages/airflow/example_dags/example_external_task_marker_dag.py took 0.062 seconds
[2024-06-18T13:22:34.228+0530] {processor.py:161} INFO - Started process (PID=26548) to work on /home/kiit/airflow-env/lib/python3.8/site-packages/airflow/example_dags/example_external_task_marker_dag.py
[2024-06-18T13:22:34.229+0530] {processor.py:830} INFO - Processing file /home/kiit/airflow-env/lib/python3.8/site-packages/airflow/example_dags/example_external_task_marker_dag.py for tasks to queue
[2024-06-18T13:22:34.230+0530] {logging_mixin.py:188} INFO - [2024-06-18T13:22:34.229+0530] {dagbag.py:545} INFO - Filling up the DagBag from /home/kiit/airflow-env/lib/python3.8/site-packages/airflow/example_dags/example_external_task_marker_dag.py
[2024-06-18T13:22:34.233+0530] {processor.py:840} INFO - DAG(s) 'example_external_task_marker_parent', 'example_external_task_marker_child' retrieved from /home/kiit/airflow-env/lib/python3.8/site-packages/airflow/example_dags/example_external_task_marker_dag.py
[2024-06-18T13:22:34.246+0530] {logging_mixin.py:188} INFO - [2024-06-18T13:22:34.246+0530] {dag.py:3096} INFO - Sync 2 DAGs
[2024-06-18T13:22:34.254+0530] {logging_mixin.py:188} INFO - [2024-06-18T13:22:34.253+0530] {dag.py:3954} INFO - Setting next_dagrun for example_external_task_marker_child to None, run_after=None
[2024-06-18T13:22:34.256+0530] {logging_mixin.py:188} INFO - [2024-06-18T13:22:34.255+0530] {dag.py:3954} INFO - Setting next_dagrun for example_external_task_marker_parent to None, run_after=None
[2024-06-18T13:22:34.274+0530] {processor.py:183} INFO - Processing /home/kiit/airflow-env/lib/python3.8/site-packages/airflow/example_dags/example_external_task_marker_dag.py took 0.051 seconds
[2024-06-18T13:23:28.649+0530] {processor.py:161} INFO - Started process (PID=26613) to work on /home/kiit/airflow-env/lib/python3.8/site-packages/airflow/example_dags/example_external_task_marker_dag.py
[2024-06-18T13:23:28.650+0530] {processor.py:830} INFO - Processing file /home/kiit/airflow-env/lib/python3.8/site-packages/airflow/example_dags/example_external_task_marker_dag.py for tasks to queue
[2024-06-18T13:23:28.651+0530] {logging_mixin.py:188} INFO - [2024-06-18T13:23:28.651+0530] {dagbag.py:545} INFO - Filling up the DagBag from /home/kiit/airflow-env/lib/python3.8/site-packages/airflow/example_dags/example_external_task_marker_dag.py
[2024-06-18T13:23:28.655+0530] {processor.py:840} INFO - DAG(s) 'example_external_task_marker_parent', 'example_external_task_marker_child' retrieved from /home/kiit/airflow-env/lib/python3.8/site-packages/airflow/example_dags/example_external_task_marker_dag.py
[2024-06-18T13:23:28.673+0530] {logging_mixin.py:188} INFO - [2024-06-18T13:23:28.673+0530] {dag.py:3096} INFO - Sync 2 DAGs
[2024-06-18T13:23:28.686+0530] {logging_mixin.py:188} INFO - [2024-06-18T13:23:28.685+0530] {dag.py:3954} INFO - Setting next_dagrun for example_external_task_marker_child to None, run_after=None
[2024-06-18T13:23:28.689+0530] {logging_mixin.py:188} INFO - [2024-06-18T13:23:28.689+0530] {dag.py:3954} INFO - Setting next_dagrun for example_external_task_marker_parent to None, run_after=None
[2024-06-18T13:23:28.714+0530] {processor.py:183} INFO - Processing /home/kiit/airflow-env/lib/python3.8/site-packages/airflow/example_dags/example_external_task_marker_dag.py took 0.070 seconds
[2024-06-18T13:24:29.316+0530] {processor.py:161} INFO - Started process (PID=26688) to work on /home/kiit/airflow-env/lib/python3.8/site-packages/airflow/example_dags/example_external_task_marker_dag.py
[2024-06-18T13:24:29.317+0530] {processor.py:830} INFO - Processing file /home/kiit/airflow-env/lib/python3.8/site-packages/airflow/example_dags/example_external_task_marker_dag.py for tasks to queue
[2024-06-18T13:24:29.318+0530] {logging_mixin.py:188} INFO - [2024-06-18T13:24:29.318+0530] {dagbag.py:545} INFO - Filling up the DagBag from /home/kiit/airflow-env/lib/python3.8/site-packages/airflow/example_dags/example_external_task_marker_dag.py
[2024-06-18T13:24:29.322+0530] {processor.py:840} INFO - DAG(s) 'example_external_task_marker_child', 'example_external_task_marker_parent' retrieved from /home/kiit/airflow-env/lib/python3.8/site-packages/airflow/example_dags/example_external_task_marker_dag.py
[2024-06-18T13:24:29.336+0530] {logging_mixin.py:188} INFO - [2024-06-18T13:24:29.335+0530] {dag.py:3096} INFO - Sync 2 DAGs
[2024-06-18T13:24:29.343+0530] {logging_mixin.py:188} INFO - [2024-06-18T13:24:29.343+0530] {dag.py:3954} INFO - Setting next_dagrun for example_external_task_marker_child to None, run_after=None
[2024-06-18T13:24:29.345+0530] {logging_mixin.py:188} INFO - [2024-06-18T13:24:29.345+0530] {dag.py:3954} INFO - Setting next_dagrun for example_external_task_marker_parent to None, run_after=None
[2024-06-18T13:24:29.361+0530] {processor.py:183} INFO - Processing /home/kiit/airflow-env/lib/python3.8/site-packages/airflow/example_dags/example_external_task_marker_dag.py took 0.049 seconds
[2024-06-18T13:25:26.073+0530] {processor.py:161} INFO - Started process (PID=26760) to work on /home/kiit/airflow-env/lib/python3.8/site-packages/airflow/example_dags/example_external_task_marker_dag.py
[2024-06-18T13:25:26.074+0530] {processor.py:830} INFO - Processing file /home/kiit/airflow-env/lib/python3.8/site-packages/airflow/example_dags/example_external_task_marker_dag.py for tasks to queue
[2024-06-18T13:25:26.076+0530] {logging_mixin.py:188} INFO - [2024-06-18T13:25:26.075+0530] {dagbag.py:545} INFO - Filling up the DagBag from /home/kiit/airflow-env/lib/python3.8/site-packages/airflow/example_dags/example_external_task_marker_dag.py
[2024-06-18T13:25:26.082+0530] {processor.py:840} INFO - DAG(s) 'example_external_task_marker_parent', 'example_external_task_marker_child' retrieved from /home/kiit/airflow-env/lib/python3.8/site-packages/airflow/example_dags/example_external_task_marker_dag.py
[2024-06-18T13:25:26.095+0530] {logging_mixin.py:188} INFO - [2024-06-18T13:25:26.094+0530] {dag.py:3096} INFO - Sync 2 DAGs
[2024-06-18T13:25:26.103+0530] {logging_mixin.py:188} INFO - [2024-06-18T13:25:26.102+0530] {dag.py:3954} INFO - Setting next_dagrun for example_external_task_marker_child to None, run_after=None
[2024-06-18T13:25:26.105+0530] {logging_mixin.py:188} INFO - [2024-06-18T13:25:26.105+0530] {dag.py:3954} INFO - Setting next_dagrun for example_external_task_marker_parent to None, run_after=None
[2024-06-18T13:25:26.123+0530] {processor.py:183} INFO - Processing /home/kiit/airflow-env/lib/python3.8/site-packages/airflow/example_dags/example_external_task_marker_dag.py took 0.055 seconds
[2024-06-18T13:26:24.141+0530] {processor.py:161} INFO - Started process (PID=26833) to work on /home/kiit/airflow-env/lib/python3.8/site-packages/airflow/example_dags/example_external_task_marker_dag.py
[2024-06-18T13:26:24.142+0530] {processor.py:830} INFO - Processing file /home/kiit/airflow-env/lib/python3.8/site-packages/airflow/example_dags/example_external_task_marker_dag.py for tasks to queue
[2024-06-18T13:26:24.144+0530] {logging_mixin.py:188} INFO - [2024-06-18T13:26:24.144+0530] {dagbag.py:545} INFO - Filling up the DagBag from /home/kiit/airflow-env/lib/python3.8/site-packages/airflow/example_dags/example_external_task_marker_dag.py
[2024-06-18T13:26:24.150+0530] {processor.py:840} INFO - DAG(s) 'example_external_task_marker_parent', 'example_external_task_marker_child' retrieved from /home/kiit/airflow-env/lib/python3.8/site-packages/airflow/example_dags/example_external_task_marker_dag.py
[2024-06-18T13:26:24.172+0530] {logging_mixin.py:188} INFO - [2024-06-18T13:26:24.171+0530] {dag.py:3096} INFO - Sync 2 DAGs
[2024-06-18T13:26:24.181+0530] {logging_mixin.py:188} INFO - [2024-06-18T13:26:24.181+0530] {dag.py:3954} INFO - Setting next_dagrun for example_external_task_marker_child to None, run_after=None
[2024-06-18T13:26:24.184+0530] {logging_mixin.py:188} INFO - [2024-06-18T13:26:24.184+0530] {dag.py:3954} INFO - Setting next_dagrun for example_external_task_marker_parent to None, run_after=None
[2024-06-18T13:26:24.202+0530] {processor.py:183} INFO - Processing /home/kiit/airflow-env/lib/python3.8/site-packages/airflow/example_dags/example_external_task_marker_dag.py took 0.066 seconds
[2024-06-18T13:27:21.265+0530] {processor.py:161} INFO - Started process (PID=26891) to work on /home/kiit/airflow-env/lib/python3.8/site-packages/airflow/example_dags/example_external_task_marker_dag.py
[2024-06-18T13:27:21.271+0530] {processor.py:830} INFO - Processing file /home/kiit/airflow-env/lib/python3.8/site-packages/airflow/example_dags/example_external_task_marker_dag.py for tasks to queue
[2024-06-18T13:27:21.273+0530] {logging_mixin.py:188} INFO - [2024-06-18T13:27:21.272+0530] {dagbag.py:545} INFO - Filling up the DagBag from /home/kiit/airflow-env/lib/python3.8/site-packages/airflow/example_dags/example_external_task_marker_dag.py
[2024-06-18T13:27:21.277+0530] {processor.py:840} INFO - DAG(s) 'example_external_task_marker_child', 'example_external_task_marker_parent' retrieved from /home/kiit/airflow-env/lib/python3.8/site-packages/airflow/example_dags/example_external_task_marker_dag.py
[2024-06-18T13:27:21.289+0530] {logging_mixin.py:188} INFO - [2024-06-18T13:27:21.289+0530] {dag.py:3096} INFO - Sync 2 DAGs
[2024-06-18T13:27:21.297+0530] {logging_mixin.py:188} INFO - [2024-06-18T13:27:21.297+0530] {dag.py:3954} INFO - Setting next_dagrun for example_external_task_marker_child to None, run_after=None
[2024-06-18T13:27:21.299+0530] {logging_mixin.py:188} INFO - [2024-06-18T13:27:21.299+0530] {dag.py:3954} INFO - Setting next_dagrun for example_external_task_marker_parent to None, run_after=None
[2024-06-18T13:27:21.318+0530] {processor.py:183} INFO - Processing /home/kiit/airflow-env/lib/python3.8/site-packages/airflow/example_dags/example_external_task_marker_dag.py took 0.058 seconds
[2024-06-18T13:28:53.441+0530] {processor.py:161} INFO - Started process (PID=26968) to work on /home/kiit/airflow-env/lib/python3.8/site-packages/airflow/example_dags/example_external_task_marker_dag.py
[2024-06-18T13:28:53.445+0530] {processor.py:830} INFO - Processing file /home/kiit/airflow-env/lib/python3.8/site-packages/airflow/example_dags/example_external_task_marker_dag.py for tasks to queue
[2024-06-18T13:28:53.454+0530] {logging_mixin.py:188} INFO - [2024-06-18T13:28:53.452+0530] {dagbag.py:545} INFO - Filling up the DagBag from /home/kiit/airflow-env/lib/python3.8/site-packages/airflow/example_dags/example_external_task_marker_dag.py
[2024-06-18T13:28:53.478+0530] {processor.py:840} INFO - DAG(s) 'example_external_task_marker_parent', 'example_external_task_marker_child' retrieved from /home/kiit/airflow-env/lib/python3.8/site-packages/airflow/example_dags/example_external_task_marker_dag.py
[2024-06-18T13:28:53.559+0530] {logging_mixin.py:188} INFO - [2024-06-18T13:28:53.558+0530] {dag.py:3096} INFO - Sync 2 DAGs
[2024-06-18T13:28:53.610+0530] {logging_mixin.py:188} INFO - [2024-06-18T13:28:53.609+0530] {dag.py:3954} INFO - Setting next_dagrun for example_external_task_marker_child to None, run_after=None
[2024-06-18T13:28:53.621+0530] {logging_mixin.py:188} INFO - [2024-06-18T13:28:53.620+0530] {dag.py:3954} INFO - Setting next_dagrun for example_external_task_marker_parent to None, run_after=None
[2024-06-18T13:28:53.692+0530] {processor.py:183} INFO - Processing /home/kiit/airflow-env/lib/python3.8/site-packages/airflow/example_dags/example_external_task_marker_dag.py took 0.273 seconds
[2024-06-18T13:29:59.993+0530] {processor.py:161} INFO - Started process (PID=27046) to work on /home/kiit/airflow-env/lib/python3.8/site-packages/airflow/example_dags/example_external_task_marker_dag.py
[2024-06-18T13:29:59.997+0530] {processor.py:830} INFO - Processing file /home/kiit/airflow-env/lib/python3.8/site-packages/airflow/example_dags/example_external_task_marker_dag.py for tasks to queue
[2024-06-18T13:30:00.009+0530] {logging_mixin.py:188} INFO - [2024-06-18T13:30:00.000+0530] {dagbag.py:545} INFO - Filling up the DagBag from /home/kiit/airflow-env/lib/python3.8/site-packages/airflow/example_dags/example_external_task_marker_dag.py
[2024-06-18T13:30:00.047+0530] {processor.py:840} INFO - DAG(s) 'example_external_task_marker_parent', 'example_external_task_marker_child' retrieved from /home/kiit/airflow-env/lib/python3.8/site-packages/airflow/example_dags/example_external_task_marker_dag.py
[2024-06-18T13:30:00.142+0530] {logging_mixin.py:188} INFO - [2024-06-18T13:30:00.141+0530] {dag.py:3096} INFO - Sync 2 DAGs
[2024-06-18T13:30:00.178+0530] {logging_mixin.py:188} INFO - [2024-06-18T13:30:00.177+0530] {dag.py:3954} INFO - Setting next_dagrun for example_external_task_marker_child to None, run_after=None
[2024-06-18T13:30:00.192+0530] {logging_mixin.py:188} INFO - [2024-06-18T13:30:00.191+0530] {dag.py:3954} INFO - Setting next_dagrun for example_external_task_marker_parent to None, run_after=None
[2024-06-18T13:30:00.249+0530] {processor.py:183} INFO - Processing /home/kiit/airflow-env/lib/python3.8/site-packages/airflow/example_dags/example_external_task_marker_dag.py took 0.317 seconds
[2024-06-18T13:31:16.958+0530] {processor.py:161} INFO - Started process (PID=27138) to work on /home/kiit/airflow-env/lib/python3.8/site-packages/airflow/example_dags/example_external_task_marker_dag.py
[2024-06-18T13:31:16.970+0530] {processor.py:830} INFO - Processing file /home/kiit/airflow-env/lib/python3.8/site-packages/airflow/example_dags/example_external_task_marker_dag.py for tasks to queue
[2024-06-18T13:31:16.986+0530] {logging_mixin.py:188} INFO - [2024-06-18T13:31:16.973+0530] {dagbag.py:545} INFO - Filling up the DagBag from /home/kiit/airflow-env/lib/python3.8/site-packages/airflow/example_dags/example_external_task_marker_dag.py
[2024-06-18T13:31:17.016+0530] {processor.py:840} INFO - DAG(s) 'example_external_task_marker_parent', 'example_external_task_marker_child' retrieved from /home/kiit/airflow-env/lib/python3.8/site-packages/airflow/example_dags/example_external_task_marker_dag.py
[2024-06-18T13:31:17.109+0530] {logging_mixin.py:188} INFO - [2024-06-18T13:31:17.105+0530] {dag.py:3096} INFO - Sync 2 DAGs
[2024-06-18T13:31:17.176+0530] {logging_mixin.py:188} INFO - [2024-06-18T13:31:17.176+0530] {dag.py:3954} INFO - Setting next_dagrun for example_external_task_marker_child to None, run_after=None
[2024-06-18T13:31:17.189+0530] {logging_mixin.py:188} INFO - [2024-06-18T13:31:17.188+0530] {dag.py:3954} INFO - Setting next_dagrun for example_external_task_marker_parent to None, run_after=None
[2024-06-18T13:31:17.244+0530] {processor.py:183} INFO - Processing /home/kiit/airflow-env/lib/python3.8/site-packages/airflow/example_dags/example_external_task_marker_dag.py took 0.323 seconds
[2024-06-18T13:32:07.969+0530] {processor.py:161} INFO - Started process (PID=27560) to work on /home/kiit/airflow-env/lib/python3.8/site-packages/airflow/example_dags/example_external_task_marker_dag.py
[2024-06-18T13:32:07.970+0530] {processor.py:830} INFO - Processing file /home/kiit/airflow-env/lib/python3.8/site-packages/airflow/example_dags/example_external_task_marker_dag.py for tasks to queue
[2024-06-18T13:32:07.972+0530] {logging_mixin.py:188} INFO - [2024-06-18T13:32:07.971+0530] {dagbag.py:545} INFO - Filling up the DagBag from /home/kiit/airflow-env/lib/python3.8/site-packages/airflow/example_dags/example_external_task_marker_dag.py
[2024-06-18T13:32:07.978+0530] {processor.py:840} INFO - DAG(s) 'example_external_task_marker_parent', 'example_external_task_marker_child' retrieved from /home/kiit/airflow-env/lib/python3.8/site-packages/airflow/example_dags/example_external_task_marker_dag.py
[2024-06-18T13:32:07.993+0530] {logging_mixin.py:188} INFO - [2024-06-18T13:32:07.993+0530] {dag.py:3096} INFO - Sync 2 DAGs
[2024-06-18T13:32:08.003+0530] {logging_mixin.py:188} INFO - [2024-06-18T13:32:08.003+0530] {dag.py:3954} INFO - Setting next_dagrun for example_external_task_marker_child to None, run_after=None
[2024-06-18T13:32:08.006+0530] {logging_mixin.py:188} INFO - [2024-06-18T13:32:08.006+0530] {dag.py:3954} INFO - Setting next_dagrun for example_external_task_marker_parent to None, run_after=None
[2024-06-18T13:32:08.024+0530] {processor.py:183} INFO - Processing /home/kiit/airflow-env/lib/python3.8/site-packages/airflow/example_dags/example_external_task_marker_dag.py took 0.061 seconds
[2024-06-18T13:33:09.233+0530] {processor.py:161} INFO - Started process (PID=28463) to work on /home/kiit/airflow-env/lib/python3.8/site-packages/airflow/example_dags/example_external_task_marker_dag.py
[2024-06-18T13:33:09.235+0530] {processor.py:830} INFO - Processing file /home/kiit/airflow-env/lib/python3.8/site-packages/airflow/example_dags/example_external_task_marker_dag.py for tasks to queue
[2024-06-18T13:33:09.238+0530] {logging_mixin.py:188} INFO - [2024-06-18T13:33:09.237+0530] {dagbag.py:545} INFO - Filling up the DagBag from /home/kiit/airflow-env/lib/python3.8/site-packages/airflow/example_dags/example_external_task_marker_dag.py
[2024-06-18T13:33:09.250+0530] {processor.py:840} INFO - DAG(s) 'example_external_task_marker_parent', 'example_external_task_marker_child' retrieved from /home/kiit/airflow-env/lib/python3.8/site-packages/airflow/example_dags/example_external_task_marker_dag.py
[2024-06-18T13:33:09.290+0530] {logging_mixin.py:188} INFO - [2024-06-18T13:33:09.289+0530] {dag.py:3096} INFO - Sync 2 DAGs
[2024-06-18T13:33:09.317+0530] {logging_mixin.py:188} INFO - [2024-06-18T13:33:09.317+0530] {dag.py:3954} INFO - Setting next_dagrun for example_external_task_marker_child to None, run_after=None
[2024-06-18T13:33:09.324+0530] {logging_mixin.py:188} INFO - [2024-06-18T13:33:09.323+0530] {dag.py:3954} INFO - Setting next_dagrun for example_external_task_marker_parent to None, run_after=None
[2024-06-18T13:33:09.368+0530] {processor.py:183} INFO - Processing /home/kiit/airflow-env/lib/python3.8/site-packages/airflow/example_dags/example_external_task_marker_dag.py took 0.145 seconds
[2024-06-18T13:34:12.413+0530] {processor.py:161} INFO - Started process (PID=30432) to work on /home/kiit/airflow-env/lib/python3.8/site-packages/airflow/example_dags/example_external_task_marker_dag.py
[2024-06-18T13:34:12.419+0530] {processor.py:830} INFO - Processing file /home/kiit/airflow-env/lib/python3.8/site-packages/airflow/example_dags/example_external_task_marker_dag.py for tasks to queue
[2024-06-18T13:34:12.421+0530] {logging_mixin.py:188} INFO - [2024-06-18T13:34:12.420+0530] {dagbag.py:545} INFO - Filling up the DagBag from /home/kiit/airflow-env/lib/python3.8/site-packages/airflow/example_dags/example_external_task_marker_dag.py
[2024-06-18T13:34:12.430+0530] {processor.py:840} INFO - DAG(s) 'example_external_task_marker_parent', 'example_external_task_marker_child' retrieved from /home/kiit/airflow-env/lib/python3.8/site-packages/airflow/example_dags/example_external_task_marker_dag.py
[2024-06-18T13:34:12.443+0530] {logging_mixin.py:188} INFO - [2024-06-18T13:34:12.443+0530] {dag.py:3096} INFO - Sync 2 DAGs
[2024-06-18T13:34:12.452+0530] {logging_mixin.py:188} INFO - [2024-06-18T13:34:12.452+0530] {dag.py:3954} INFO - Setting next_dagrun for example_external_task_marker_child to None, run_after=None
[2024-06-18T13:34:12.454+0530] {logging_mixin.py:188} INFO - [2024-06-18T13:34:12.454+0530] {dag.py:3954} INFO - Setting next_dagrun for example_external_task_marker_parent to None, run_after=None
[2024-06-18T13:34:12.471+0530] {processor.py:183} INFO - Processing /home/kiit/airflow-env/lib/python3.8/site-packages/airflow/example_dags/example_external_task_marker_dag.py took 0.063 seconds
[2024-06-18T13:35:11.404+0530] {processor.py:161} INFO - Started process (PID=30507) to work on /home/kiit/airflow-env/lib/python3.8/site-packages/airflow/example_dags/example_external_task_marker_dag.py
[2024-06-18T13:35:11.411+0530] {processor.py:830} INFO - Processing file /home/kiit/airflow-env/lib/python3.8/site-packages/airflow/example_dags/example_external_task_marker_dag.py for tasks to queue
[2024-06-18T13:35:11.413+0530] {logging_mixin.py:188} INFO - [2024-06-18T13:35:11.412+0530] {dagbag.py:545} INFO - Filling up the DagBag from /home/kiit/airflow-env/lib/python3.8/site-packages/airflow/example_dags/example_external_task_marker_dag.py
[2024-06-18T13:35:11.420+0530] {processor.py:840} INFO - DAG(s) 'example_external_task_marker_child', 'example_external_task_marker_parent' retrieved from /home/kiit/airflow-env/lib/python3.8/site-packages/airflow/example_dags/example_external_task_marker_dag.py
[2024-06-18T13:35:11.441+0530] {logging_mixin.py:188} INFO - [2024-06-18T13:35:11.441+0530] {dag.py:3096} INFO - Sync 2 DAGs
[2024-06-18T13:35:11.452+0530] {logging_mixin.py:188} INFO - [2024-06-18T13:35:11.452+0530] {dag.py:3954} INFO - Setting next_dagrun for example_external_task_marker_child to None, run_after=None
[2024-06-18T13:35:11.455+0530] {logging_mixin.py:188} INFO - [2024-06-18T13:35:11.454+0530] {dag.py:3954} INFO - Setting next_dagrun for example_external_task_marker_parent to None, run_after=None
[2024-06-18T13:35:11.474+0530] {processor.py:183} INFO - Processing /home/kiit/airflow-env/lib/python3.8/site-packages/airflow/example_dags/example_external_task_marker_dag.py took 0.078 seconds
[2024-06-18T13:36:17.521+0530] {processor.py:161} INFO - Started process (PID=30579) to work on /home/kiit/airflow-env/lib/python3.8/site-packages/airflow/example_dags/example_external_task_marker_dag.py
[2024-06-18T13:36:17.522+0530] {processor.py:830} INFO - Processing file /home/kiit/airflow-env/lib/python3.8/site-packages/airflow/example_dags/example_external_task_marker_dag.py for tasks to queue
[2024-06-18T13:36:17.525+0530] {logging_mixin.py:188} INFO - [2024-06-18T13:36:17.525+0530] {dagbag.py:545} INFO - Filling up the DagBag from /home/kiit/airflow-env/lib/python3.8/site-packages/airflow/example_dags/example_external_task_marker_dag.py
[2024-06-18T13:36:17.531+0530] {processor.py:840} INFO - DAG(s) 'example_external_task_marker_parent', 'example_external_task_marker_child' retrieved from /home/kiit/airflow-env/lib/python3.8/site-packages/airflow/example_dags/example_external_task_marker_dag.py
[2024-06-18T13:36:17.550+0530] {logging_mixin.py:188} INFO - [2024-06-18T13:36:17.549+0530] {dag.py:3096} INFO - Sync 2 DAGs
[2024-06-18T13:36:17.563+0530] {logging_mixin.py:188} INFO - [2024-06-18T13:36:17.563+0530] {dag.py:3954} INFO - Setting next_dagrun for example_external_task_marker_child to None, run_after=None
[2024-06-18T13:36:17.566+0530] {logging_mixin.py:188} INFO - [2024-06-18T13:36:17.566+0530] {dag.py:3954} INFO - Setting next_dagrun for example_external_task_marker_parent to None, run_after=None
[2024-06-18T13:36:17.587+0530] {processor.py:183} INFO - Processing /home/kiit/airflow-env/lib/python3.8/site-packages/airflow/example_dags/example_external_task_marker_dag.py took 0.071 seconds
[2024-06-18T13:37:18.309+0530] {processor.py:161} INFO - Started process (PID=30656) to work on /home/kiit/airflow-env/lib/python3.8/site-packages/airflow/example_dags/example_external_task_marker_dag.py
[2024-06-18T13:37:18.310+0530] {processor.py:830} INFO - Processing file /home/kiit/airflow-env/lib/python3.8/site-packages/airflow/example_dags/example_external_task_marker_dag.py for tasks to queue
[2024-06-18T13:37:18.313+0530] {logging_mixin.py:188} INFO - [2024-06-18T13:37:18.312+0530] {dagbag.py:545} INFO - Filling up the DagBag from /home/kiit/airflow-env/lib/python3.8/site-packages/airflow/example_dags/example_external_task_marker_dag.py
[2024-06-18T13:37:18.319+0530] {processor.py:840} INFO - DAG(s) 'example_external_task_marker_parent', 'example_external_task_marker_child' retrieved from /home/kiit/airflow-env/lib/python3.8/site-packages/airflow/example_dags/example_external_task_marker_dag.py
[2024-06-18T13:37:18.337+0530] {logging_mixin.py:188} INFO - [2024-06-18T13:37:18.336+0530] {dag.py:3096} INFO - Sync 2 DAGs
[2024-06-18T13:37:18.345+0530] {logging_mixin.py:188} INFO - [2024-06-18T13:37:18.345+0530] {dag.py:3954} INFO - Setting next_dagrun for example_external_task_marker_child to None, run_after=None
[2024-06-18T13:37:18.349+0530] {logging_mixin.py:188} INFO - [2024-06-18T13:37:18.349+0530] {dag.py:3954} INFO - Setting next_dagrun for example_external_task_marker_parent to None, run_after=None
[2024-06-18T13:37:18.369+0530] {processor.py:183} INFO - Processing /home/kiit/airflow-env/lib/python3.8/site-packages/airflow/example_dags/example_external_task_marker_dag.py took 0.066 seconds
[2024-06-18T13:38:34.773+0530] {processor.py:161} INFO - Started process (PID=30733) to work on /home/kiit/airflow-env/lib/python3.8/site-packages/airflow/example_dags/example_external_task_marker_dag.py
[2024-06-18T13:38:34.776+0530] {processor.py:830} INFO - Processing file /home/kiit/airflow-env/lib/python3.8/site-packages/airflow/example_dags/example_external_task_marker_dag.py for tasks to queue
[2024-06-18T13:38:34.781+0530] {logging_mixin.py:188} INFO - [2024-06-18T13:38:34.780+0530] {dagbag.py:545} INFO - Filling up the DagBag from /home/kiit/airflow-env/lib/python3.8/site-packages/airflow/example_dags/example_external_task_marker_dag.py
[2024-06-18T13:38:34.800+0530] {processor.py:840} INFO - DAG(s) 'example_external_task_marker_child', 'example_external_task_marker_parent' retrieved from /home/kiit/airflow-env/lib/python3.8/site-packages/airflow/example_dags/example_external_task_marker_dag.py
[2024-06-18T13:38:34.854+0530] {logging_mixin.py:188} INFO - [2024-06-18T13:38:34.853+0530] {dag.py:3096} INFO - Sync 2 DAGs
[2024-06-18T13:38:34.896+0530] {logging_mixin.py:188} INFO - [2024-06-18T13:38:34.895+0530] {dag.py:3954} INFO - Setting next_dagrun for example_external_task_marker_child to None, run_after=None
[2024-06-18T13:38:34.905+0530] {logging_mixin.py:188} INFO - [2024-06-18T13:38:34.905+0530] {dag.py:3954} INFO - Setting next_dagrun for example_external_task_marker_parent to None, run_after=None
[2024-06-18T13:38:34.962+0530] {processor.py:183} INFO - Processing /home/kiit/airflow-env/lib/python3.8/site-packages/airflow/example_dags/example_external_task_marker_dag.py took 0.218 seconds
[2024-06-18T13:39:24.280+0530] {processor.py:161} INFO - Started process (PID=30791) to work on /home/kiit/airflow-env/lib/python3.8/site-packages/airflow/example_dags/example_external_task_marker_dag.py
[2024-06-18T13:39:24.286+0530] {processor.py:830} INFO - Processing file /home/kiit/airflow-env/lib/python3.8/site-packages/airflow/example_dags/example_external_task_marker_dag.py for tasks to queue
[2024-06-18T13:39:24.288+0530] {logging_mixin.py:188} INFO - [2024-06-18T13:39:24.287+0530] {dagbag.py:545} INFO - Filling up the DagBag from /home/kiit/airflow-env/lib/python3.8/site-packages/airflow/example_dags/example_external_task_marker_dag.py
[2024-06-18T13:39:24.292+0530] {processor.py:840} INFO - DAG(s) 'example_external_task_marker_parent', 'example_external_task_marker_child' retrieved from /home/kiit/airflow-env/lib/python3.8/site-packages/airflow/example_dags/example_external_task_marker_dag.py
[2024-06-18T13:39:24.304+0530] {logging_mixin.py:188} INFO - [2024-06-18T13:39:24.304+0530] {dag.py:3096} INFO - Sync 2 DAGs
[2024-06-18T13:39:24.313+0530] {logging_mixin.py:188} INFO - [2024-06-18T13:39:24.312+0530] {dag.py:3954} INFO - Setting next_dagrun for example_external_task_marker_child to None, run_after=None
[2024-06-18T13:39:24.315+0530] {logging_mixin.py:188} INFO - [2024-06-18T13:39:24.314+0530] {dag.py:3954} INFO - Setting next_dagrun for example_external_task_marker_parent to None, run_after=None
[2024-06-18T13:39:24.330+0530] {processor.py:183} INFO - Processing /home/kiit/airflow-env/lib/python3.8/site-packages/airflow/example_dags/example_external_task_marker_dag.py took 0.055 seconds
[2024-06-18T13:40:25.205+0530] {processor.py:161} INFO - Started process (PID=30933) to work on /home/kiit/airflow-env/lib/python3.8/site-packages/airflow/example_dags/example_external_task_marker_dag.py
[2024-06-18T13:40:25.213+0530] {processor.py:830} INFO - Processing file /home/kiit/airflow-env/lib/python3.8/site-packages/airflow/example_dags/example_external_task_marker_dag.py for tasks to queue
[2024-06-18T13:40:25.215+0530] {logging_mixin.py:188} INFO - [2024-06-18T13:40:25.215+0530] {dagbag.py:545} INFO - Filling up the DagBag from /home/kiit/airflow-env/lib/python3.8/site-packages/airflow/example_dags/example_external_task_marker_dag.py
[2024-06-18T13:40:25.223+0530] {processor.py:840} INFO - DAG(s) 'example_external_task_marker_child', 'example_external_task_marker_parent' retrieved from /home/kiit/airflow-env/lib/python3.8/site-packages/airflow/example_dags/example_external_task_marker_dag.py
[2024-06-18T13:40:25.257+0530] {logging_mixin.py:188} INFO - [2024-06-18T13:40:25.257+0530] {dag.py:3096} INFO - Sync 2 DAGs
[2024-06-18T13:40:25.265+0530] {logging_mixin.py:188} INFO - [2024-06-18T13:40:25.265+0530] {dag.py:3954} INFO - Setting next_dagrun for example_external_task_marker_child to None, run_after=None
[2024-06-18T13:40:25.268+0530] {logging_mixin.py:188} INFO - [2024-06-18T13:40:25.268+0530] {dag.py:3954} INFO - Setting next_dagrun for example_external_task_marker_parent to None, run_after=None
[2024-06-18T13:40:25.295+0530] {processor.py:183} INFO - Processing /home/kiit/airflow-env/lib/python3.8/site-packages/airflow/example_dags/example_external_task_marker_dag.py took 0.097 seconds
[2024-06-18T13:41:27.395+0530] {processor.py:161} INFO - Started process (PID=31003) to work on /home/kiit/airflow-env/lib/python3.8/site-packages/airflow/example_dags/example_external_task_marker_dag.py
[2024-06-18T13:41:27.402+0530] {processor.py:830} INFO - Processing file /home/kiit/airflow-env/lib/python3.8/site-packages/airflow/example_dags/example_external_task_marker_dag.py for tasks to queue
[2024-06-18T13:41:27.404+0530] {logging_mixin.py:188} INFO - [2024-06-18T13:41:27.404+0530] {dagbag.py:545} INFO - Filling up the DagBag from /home/kiit/airflow-env/lib/python3.8/site-packages/airflow/example_dags/example_external_task_marker_dag.py
[2024-06-18T13:41:27.410+0530] {processor.py:840} INFO - DAG(s) 'example_external_task_marker_child', 'example_external_task_marker_parent' retrieved from /home/kiit/airflow-env/lib/python3.8/site-packages/airflow/example_dags/example_external_task_marker_dag.py
[2024-06-18T13:41:27.424+0530] {logging_mixin.py:188} INFO - [2024-06-18T13:41:27.423+0530] {dag.py:3096} INFO - Sync 2 DAGs
[2024-06-18T13:41:27.431+0530] {logging_mixin.py:188} INFO - [2024-06-18T13:41:27.431+0530] {dag.py:3954} INFO - Setting next_dagrun for example_external_task_marker_child to None, run_after=None
[2024-06-18T13:41:27.433+0530] {logging_mixin.py:188} INFO - [2024-06-18T13:41:27.433+0530] {dag.py:3954} INFO - Setting next_dagrun for example_external_task_marker_parent to None, run_after=None
[2024-06-18T13:41:27.450+0530] {processor.py:183} INFO - Processing /home/kiit/airflow-env/lib/python3.8/site-packages/airflow/example_dags/example_external_task_marker_dag.py took 0.060 seconds
[2024-06-18T15:05:50.921+0530] {processor.py:161} INFO - Started process (PID=33642) to work on /home/kiit/airflow-env/lib/python3.8/site-packages/airflow/example_dags/example_external_task_marker_dag.py
[2024-06-18T15:05:50.923+0530] {processor.py:830} INFO - Processing file /home/kiit/airflow-env/lib/python3.8/site-packages/airflow/example_dags/example_external_task_marker_dag.py for tasks to queue
[2024-06-18T15:05:50.924+0530] {logging_mixin.py:188} INFO - [2024-06-18T15:05:50.924+0530] {dagbag.py:545} INFO - Filling up the DagBag from /home/kiit/airflow-env/lib/python3.8/site-packages/airflow/example_dags/example_external_task_marker_dag.py
[2024-06-18T15:05:50.930+0530] {processor.py:840} INFO - DAG(s) 'example_external_task_marker_parent', 'example_external_task_marker_child' retrieved from /home/kiit/airflow-env/lib/python3.8/site-packages/airflow/example_dags/example_external_task_marker_dag.py
[2024-06-18T15:05:50.944+0530] {logging_mixin.py:188} INFO - [2024-06-18T15:05:50.944+0530] {dag.py:3096} INFO - Sync 2 DAGs
[2024-06-18T15:05:50.959+0530] {logging_mixin.py:188} INFO - [2024-06-18T15:05:50.958+0530] {dag.py:3954} INFO - Setting next_dagrun for example_external_task_marker_child to None, run_after=None
[2024-06-18T15:05:50.963+0530] {logging_mixin.py:188} INFO - [2024-06-18T15:05:50.963+0530] {dag.py:3954} INFO - Setting next_dagrun for example_external_task_marker_parent to None, run_after=None
[2024-06-18T15:05:50.988+0530] {processor.py:183} INFO - Processing /home/kiit/airflow-env/lib/python3.8/site-packages/airflow/example_dags/example_external_task_marker_dag.py took 0.073 seconds
[2024-06-18T15:06:27.683+0530] {processor.py:161} INFO - Started process (PID=33701) to work on /home/kiit/airflow-env/lib/python3.8/site-packages/airflow/example_dags/example_external_task_marker_dag.py
[2024-06-18T15:06:27.686+0530] {processor.py:830} INFO - Processing file /home/kiit/airflow-env/lib/python3.8/site-packages/airflow/example_dags/example_external_task_marker_dag.py for tasks to queue
[2024-06-18T15:06:27.691+0530] {logging_mixin.py:188} INFO - [2024-06-18T15:06:27.690+0530] {dagbag.py:545} INFO - Filling up the DagBag from /home/kiit/airflow-env/lib/python3.8/site-packages/airflow/example_dags/example_external_task_marker_dag.py
[2024-06-18T15:06:27.710+0530] {processor.py:840} INFO - DAG(s) 'example_external_task_marker_parent', 'example_external_task_marker_child' retrieved from /home/kiit/airflow-env/lib/python3.8/site-packages/airflow/example_dags/example_external_task_marker_dag.py
[2024-06-18T15:06:28.237+0530] {logging_mixin.py:188} INFO - [2024-06-18T15:06:28.236+0530] {dag.py:3096} INFO - Sync 2 DAGs
[2024-06-18T15:06:28.265+0530] {logging_mixin.py:188} INFO - [2024-06-18T15:06:28.264+0530] {dag.py:3954} INFO - Setting next_dagrun for example_external_task_marker_child to None, run_after=None
[2024-06-18T15:06:28.275+0530] {logging_mixin.py:188} INFO - [2024-06-18T15:06:28.275+0530] {dag.py:3954} INFO - Setting next_dagrun for example_external_task_marker_parent to None, run_after=None
[2024-06-18T15:06:28.336+0530] {processor.py:183} INFO - Processing /home/kiit/airflow-env/lib/python3.8/site-packages/airflow/example_dags/example_external_task_marker_dag.py took 0.674 seconds
[2024-06-18T15:06:58.800+0530] {processor.py:161} INFO - Started process (PID=33760) to work on /home/kiit/airflow-env/lib/python3.8/site-packages/airflow/example_dags/example_external_task_marker_dag.py
[2024-06-18T15:06:58.802+0530] {processor.py:830} INFO - Processing file /home/kiit/airflow-env/lib/python3.8/site-packages/airflow/example_dags/example_external_task_marker_dag.py for tasks to queue
[2024-06-18T15:06:58.804+0530] {logging_mixin.py:188} INFO - [2024-06-18T15:06:58.804+0530] {dagbag.py:545} INFO - Filling up the DagBag from /home/kiit/airflow-env/lib/python3.8/site-packages/airflow/example_dags/example_external_task_marker_dag.py
[2024-06-18T15:06:58.813+0530] {processor.py:840} INFO - DAG(s) 'example_external_task_marker_child', 'example_external_task_marker_parent' retrieved from /home/kiit/airflow-env/lib/python3.8/site-packages/airflow/example_dags/example_external_task_marker_dag.py
[2024-06-18T15:06:58.858+0530] {logging_mixin.py:188} INFO - [2024-06-18T15:06:58.857+0530] {dag.py:3096} INFO - Sync 2 DAGs
[2024-06-18T15:06:58.879+0530] {logging_mixin.py:188} INFO - [2024-06-18T15:06:58.879+0530] {dag.py:3954} INFO - Setting next_dagrun for example_external_task_marker_child to None, run_after=None
[2024-06-18T15:06:58.888+0530] {logging_mixin.py:188} INFO - [2024-06-18T15:06:58.888+0530] {dag.py:3954} INFO - Setting next_dagrun for example_external_task_marker_parent to None, run_after=None
[2024-06-18T15:06:58.923+0530] {processor.py:183} INFO - Processing /home/kiit/airflow-env/lib/python3.8/site-packages/airflow/example_dags/example_external_task_marker_dag.py took 0.133 seconds
[2024-06-18T15:07:29.535+0530] {processor.py:161} INFO - Started process (PID=33819) to work on /home/kiit/airflow-env/lib/python3.8/site-packages/airflow/example_dags/example_external_task_marker_dag.py
[2024-06-18T15:07:29.536+0530] {processor.py:830} INFO - Processing file /home/kiit/airflow-env/lib/python3.8/site-packages/airflow/example_dags/example_external_task_marker_dag.py for tasks to queue
[2024-06-18T15:07:29.538+0530] {logging_mixin.py:188} INFO - [2024-06-18T15:07:29.538+0530] {dagbag.py:545} INFO - Filling up the DagBag from /home/kiit/airflow-env/lib/python3.8/site-packages/airflow/example_dags/example_external_task_marker_dag.py
[2024-06-18T15:07:29.551+0530] {processor.py:840} INFO - DAG(s) 'example_external_task_marker_child', 'example_external_task_marker_parent' retrieved from /home/kiit/airflow-env/lib/python3.8/site-packages/airflow/example_dags/example_external_task_marker_dag.py
[2024-06-18T15:07:29.594+0530] {logging_mixin.py:188} INFO - [2024-06-18T15:07:29.594+0530] {dag.py:3096} INFO - Sync 2 DAGs
[2024-06-18T15:07:29.615+0530] {logging_mixin.py:188} INFO - [2024-06-18T15:07:29.614+0530] {dag.py:3954} INFO - Setting next_dagrun for example_external_task_marker_child to None, run_after=None
[2024-06-18T15:07:29.622+0530] {logging_mixin.py:188} INFO - [2024-06-18T15:07:29.621+0530] {dag.py:3954} INFO - Setting next_dagrun for example_external_task_marker_parent to None, run_after=None
[2024-06-18T15:07:29.658+0530] {processor.py:183} INFO - Processing /home/kiit/airflow-env/lib/python3.8/site-packages/airflow/example_dags/example_external_task_marker_dag.py took 0.133 seconds
[2024-06-18T15:08:00.266+0530] {processor.py:161} INFO - Started process (PID=33878) to work on /home/kiit/airflow-env/lib/python3.8/site-packages/airflow/example_dags/example_external_task_marker_dag.py
[2024-06-18T15:08:00.267+0530] {processor.py:830} INFO - Processing file /home/kiit/airflow-env/lib/python3.8/site-packages/airflow/example_dags/example_external_task_marker_dag.py for tasks to queue
[2024-06-18T15:08:00.268+0530] {logging_mixin.py:188} INFO - [2024-06-18T15:08:00.268+0530] {dagbag.py:545} INFO - Filling up the DagBag from /home/kiit/airflow-env/lib/python3.8/site-packages/airflow/example_dags/example_external_task_marker_dag.py
[2024-06-18T15:08:00.273+0530] {processor.py:840} INFO - DAG(s) 'example_external_task_marker_parent', 'example_external_task_marker_child' retrieved from /home/kiit/airflow-env/lib/python3.8/site-packages/airflow/example_dags/example_external_task_marker_dag.py
[2024-06-18T15:08:00.295+0530] {logging_mixin.py:188} INFO - [2024-06-18T15:08:00.294+0530] {dag.py:3096} INFO - Sync 2 DAGs
[2024-06-18T15:08:00.305+0530] {logging_mixin.py:188} INFO - [2024-06-18T15:08:00.305+0530] {dag.py:3954} INFO - Setting next_dagrun for example_external_task_marker_child to None, run_after=None
[2024-06-18T15:08:00.308+0530] {logging_mixin.py:188} INFO - [2024-06-18T15:08:00.308+0530] {dag.py:3954} INFO - Setting next_dagrun for example_external_task_marker_parent to None, run_after=None
[2024-06-18T15:08:00.334+0530] {processor.py:183} INFO - Processing /home/kiit/airflow-env/lib/python3.8/site-packages/airflow/example_dags/example_external_task_marker_dag.py took 0.073 seconds
[2024-06-18T15:08:30.524+0530] {processor.py:161} INFO - Started process (PID=33937) to work on /home/kiit/airflow-env/lib/python3.8/site-packages/airflow/example_dags/example_external_task_marker_dag.py
[2024-06-18T15:08:30.525+0530] {processor.py:830} INFO - Processing file /home/kiit/airflow-env/lib/python3.8/site-packages/airflow/example_dags/example_external_task_marker_dag.py for tasks to queue
[2024-06-18T15:08:30.526+0530] {logging_mixin.py:188} INFO - [2024-06-18T15:08:30.526+0530] {dagbag.py:545} INFO - Filling up the DagBag from /home/kiit/airflow-env/lib/python3.8/site-packages/airflow/example_dags/example_external_task_marker_dag.py
[2024-06-18T15:08:30.532+0530] {processor.py:840} INFO - DAG(s) 'example_external_task_marker_parent', 'example_external_task_marker_child' retrieved from /home/kiit/airflow-env/lib/python3.8/site-packages/airflow/example_dags/example_external_task_marker_dag.py
[2024-06-18T15:08:30.558+0530] {logging_mixin.py:188} INFO - [2024-06-18T15:08:30.557+0530] {dag.py:3096} INFO - Sync 2 DAGs
[2024-06-18T15:08:30.572+0530] {logging_mixin.py:188} INFO - [2024-06-18T15:08:30.572+0530] {dag.py:3954} INFO - Setting next_dagrun for example_external_task_marker_child to None, run_after=None
[2024-06-18T15:08:30.576+0530] {logging_mixin.py:188} INFO - [2024-06-18T15:08:30.576+0530] {dag.py:3954} INFO - Setting next_dagrun for example_external_task_marker_parent to None, run_after=None
[2024-06-18T15:08:30.605+0530] {processor.py:183} INFO - Processing /home/kiit/airflow-env/lib/python3.8/site-packages/airflow/example_dags/example_external_task_marker_dag.py took 0.087 seconds
[2024-06-18T15:09:01.118+0530] {processor.py:161} INFO - Started process (PID=33997) to work on /home/kiit/airflow-env/lib/python3.8/site-packages/airflow/example_dags/example_external_task_marker_dag.py
[2024-06-18T15:09:01.120+0530] {processor.py:830} INFO - Processing file /home/kiit/airflow-env/lib/python3.8/site-packages/airflow/example_dags/example_external_task_marker_dag.py for tasks to queue
[2024-06-18T15:09:01.122+0530] {logging_mixin.py:188} INFO - [2024-06-18T15:09:01.122+0530] {dagbag.py:545} INFO - Filling up the DagBag from /home/kiit/airflow-env/lib/python3.8/site-packages/airflow/example_dags/example_external_task_marker_dag.py
[2024-06-18T15:09:01.128+0530] {processor.py:840} INFO - DAG(s) 'example_external_task_marker_child', 'example_external_task_marker_parent' retrieved from /home/kiit/airflow-env/lib/python3.8/site-packages/airflow/example_dags/example_external_task_marker_dag.py
[2024-06-18T15:09:01.148+0530] {logging_mixin.py:188} INFO - [2024-06-18T15:09:01.148+0530] {dag.py:3096} INFO - Sync 2 DAGs
[2024-06-18T15:09:01.159+0530] {logging_mixin.py:188} INFO - [2024-06-18T15:09:01.159+0530] {dag.py:3954} INFO - Setting next_dagrun for example_external_task_marker_child to None, run_after=None
[2024-06-18T15:09:01.162+0530] {logging_mixin.py:188} INFO - [2024-06-18T15:09:01.162+0530] {dag.py:3954} INFO - Setting next_dagrun for example_external_task_marker_parent to None, run_after=None
[2024-06-18T15:09:01.187+0530] {processor.py:183} INFO - Processing /home/kiit/airflow-env/lib/python3.8/site-packages/airflow/example_dags/example_external_task_marker_dag.py took 0.073 seconds
[2024-06-18T15:09:31.406+0530] {processor.py:161} INFO - Started process (PID=34057) to work on /home/kiit/airflow-env/lib/python3.8/site-packages/airflow/example_dags/example_external_task_marker_dag.py
[2024-06-18T15:09:31.407+0530] {processor.py:830} INFO - Processing file /home/kiit/airflow-env/lib/python3.8/site-packages/airflow/example_dags/example_external_task_marker_dag.py for tasks to queue
[2024-06-18T15:09:31.408+0530] {logging_mixin.py:188} INFO - [2024-06-18T15:09:31.408+0530] {dagbag.py:545} INFO - Filling up the DagBag from /home/kiit/airflow-env/lib/python3.8/site-packages/airflow/example_dags/example_external_task_marker_dag.py
[2024-06-18T15:09:31.413+0530] {processor.py:840} INFO - DAG(s) 'example_external_task_marker_parent', 'example_external_task_marker_child' retrieved from /home/kiit/airflow-env/lib/python3.8/site-packages/airflow/example_dags/example_external_task_marker_dag.py
[2024-06-18T15:09:31.431+0530] {logging_mixin.py:188} INFO - [2024-06-18T15:09:31.431+0530] {dag.py:3096} INFO - Sync 2 DAGs
[2024-06-18T15:09:31.441+0530] {logging_mixin.py:188} INFO - [2024-06-18T15:09:31.441+0530] {dag.py:3954} INFO - Setting next_dagrun for example_external_task_marker_child to None, run_after=None
[2024-06-18T15:09:31.443+0530] {logging_mixin.py:188} INFO - [2024-06-18T15:09:31.443+0530] {dag.py:3954} INFO - Setting next_dagrun for example_external_task_marker_parent to None, run_after=None
[2024-06-18T15:09:31.462+0530] {processor.py:183} INFO - Processing /home/kiit/airflow-env/lib/python3.8/site-packages/airflow/example_dags/example_external_task_marker_dag.py took 0.061 seconds
[2024-06-18T15:10:01.612+0530] {processor.py:161} INFO - Started process (PID=34116) to work on /home/kiit/airflow-env/lib/python3.8/site-packages/airflow/example_dags/example_external_task_marker_dag.py
[2024-06-18T15:10:01.613+0530] {processor.py:830} INFO - Processing file /home/kiit/airflow-env/lib/python3.8/site-packages/airflow/example_dags/example_external_task_marker_dag.py for tasks to queue
[2024-06-18T15:10:01.615+0530] {logging_mixin.py:188} INFO - [2024-06-18T15:10:01.615+0530] {dagbag.py:545} INFO - Filling up the DagBag from /home/kiit/airflow-env/lib/python3.8/site-packages/airflow/example_dags/example_external_task_marker_dag.py
[2024-06-18T15:10:01.619+0530] {processor.py:840} INFO - DAG(s) 'example_external_task_marker_child', 'example_external_task_marker_parent' retrieved from /home/kiit/airflow-env/lib/python3.8/site-packages/airflow/example_dags/example_external_task_marker_dag.py
[2024-06-18T15:10:01.639+0530] {logging_mixin.py:188} INFO - [2024-06-18T15:10:01.639+0530] {dag.py:3096} INFO - Sync 2 DAGs
[2024-06-18T15:10:01.649+0530] {logging_mixin.py:188} INFO - [2024-06-18T15:10:01.649+0530] {dag.py:3954} INFO - Setting next_dagrun for example_external_task_marker_child to None, run_after=None
[2024-06-18T15:10:01.652+0530] {logging_mixin.py:188} INFO - [2024-06-18T15:10:01.652+0530] {dag.py:3954} INFO - Setting next_dagrun for example_external_task_marker_parent to None, run_after=None
[2024-06-18T15:10:01.672+0530] {processor.py:183} INFO - Processing /home/kiit/airflow-env/lib/python3.8/site-packages/airflow/example_dags/example_external_task_marker_dag.py took 0.067 seconds
[2024-06-18T15:10:31.945+0530] {processor.py:161} INFO - Started process (PID=34176) to work on /home/kiit/airflow-env/lib/python3.8/site-packages/airflow/example_dags/example_external_task_marker_dag.py
[2024-06-18T15:10:31.945+0530] {processor.py:830} INFO - Processing file /home/kiit/airflow-env/lib/python3.8/site-packages/airflow/example_dags/example_external_task_marker_dag.py for tasks to queue
[2024-06-18T15:10:31.947+0530] {logging_mixin.py:188} INFO - [2024-06-18T15:10:31.946+0530] {dagbag.py:545} INFO - Filling up the DagBag from /home/kiit/airflow-env/lib/python3.8/site-packages/airflow/example_dags/example_external_task_marker_dag.py
[2024-06-18T15:10:31.952+0530] {processor.py:840} INFO - DAG(s) 'example_external_task_marker_parent', 'example_external_task_marker_child' retrieved from /home/kiit/airflow-env/lib/python3.8/site-packages/airflow/example_dags/example_external_task_marker_dag.py
[2024-06-18T15:10:31.976+0530] {logging_mixin.py:188} INFO - [2024-06-18T15:10:31.976+0530] {dag.py:3096} INFO - Sync 2 DAGs
[2024-06-18T15:10:31.986+0530] {logging_mixin.py:188} INFO - [2024-06-18T15:10:31.986+0530] {dag.py:3954} INFO - Setting next_dagrun for example_external_task_marker_child to None, run_after=None
[2024-06-18T15:10:31.989+0530] {logging_mixin.py:188} INFO - [2024-06-18T15:10:31.989+0530] {dag.py:3954} INFO - Setting next_dagrun for example_external_task_marker_parent to None, run_after=None
[2024-06-18T15:10:32.013+0530] {processor.py:183} INFO - Processing /home/kiit/airflow-env/lib/python3.8/site-packages/airflow/example_dags/example_external_task_marker_dag.py took 0.076 seconds
[2024-06-18T15:11:02.255+0530] {processor.py:161} INFO - Started process (PID=34235) to work on /home/kiit/airflow-env/lib/python3.8/site-packages/airflow/example_dags/example_external_task_marker_dag.py
[2024-06-18T15:11:02.256+0530] {processor.py:830} INFO - Processing file /home/kiit/airflow-env/lib/python3.8/site-packages/airflow/example_dags/example_external_task_marker_dag.py for tasks to queue
[2024-06-18T15:11:02.257+0530] {logging_mixin.py:188} INFO - [2024-06-18T15:11:02.257+0530] {dagbag.py:545} INFO - Filling up the DagBag from /home/kiit/airflow-env/lib/python3.8/site-packages/airflow/example_dags/example_external_task_marker_dag.py
[2024-06-18T15:11:02.261+0530] {processor.py:840} INFO - DAG(s) 'example_external_task_marker_parent', 'example_external_task_marker_child' retrieved from /home/kiit/airflow-env/lib/python3.8/site-packages/airflow/example_dags/example_external_task_marker_dag.py
[2024-06-18T15:11:02.281+0530] {logging_mixin.py:188} INFO - [2024-06-18T15:11:02.281+0530] {dag.py:3096} INFO - Sync 2 DAGs
[2024-06-18T15:11:02.291+0530] {logging_mixin.py:188} INFO - [2024-06-18T15:11:02.291+0530] {dag.py:3954} INFO - Setting next_dagrun for example_external_task_marker_child to None, run_after=None
[2024-06-18T15:11:02.294+0530] {logging_mixin.py:188} INFO - [2024-06-18T15:11:02.294+0530] {dag.py:3954} INFO - Setting next_dagrun for example_external_task_marker_parent to None, run_after=None
[2024-06-18T15:11:02.316+0530] {processor.py:183} INFO - Processing /home/kiit/airflow-env/lib/python3.8/site-packages/airflow/example_dags/example_external_task_marker_dag.py took 0.067 seconds
[2024-06-18T15:11:32.404+0530] {processor.py:161} INFO - Started process (PID=34294) to work on /home/kiit/airflow-env/lib/python3.8/site-packages/airflow/example_dags/example_external_task_marker_dag.py
[2024-06-18T15:11:32.405+0530] {processor.py:830} INFO - Processing file /home/kiit/airflow-env/lib/python3.8/site-packages/airflow/example_dags/example_external_task_marker_dag.py for tasks to queue
[2024-06-18T15:11:32.407+0530] {logging_mixin.py:188} INFO - [2024-06-18T15:11:32.406+0530] {dagbag.py:545} INFO - Filling up the DagBag from /home/kiit/airflow-env/lib/python3.8/site-packages/airflow/example_dags/example_external_task_marker_dag.py
[2024-06-18T15:11:32.413+0530] {processor.py:840} INFO - DAG(s) 'example_external_task_marker_child', 'example_external_task_marker_parent' retrieved from /home/kiit/airflow-env/lib/python3.8/site-packages/airflow/example_dags/example_external_task_marker_dag.py
[2024-06-18T15:11:32.435+0530] {logging_mixin.py:188} INFO - [2024-06-18T15:11:32.435+0530] {dag.py:3096} INFO - Sync 2 DAGs
[2024-06-18T15:11:32.444+0530] {logging_mixin.py:188} INFO - [2024-06-18T15:11:32.444+0530] {dag.py:3954} INFO - Setting next_dagrun for example_external_task_marker_child to None, run_after=None
[2024-06-18T15:11:32.448+0530] {logging_mixin.py:188} INFO - [2024-06-18T15:11:32.448+0530] {dag.py:3954} INFO - Setting next_dagrun for example_external_task_marker_parent to None, run_after=None
[2024-06-18T15:11:32.470+0530] {processor.py:183} INFO - Processing /home/kiit/airflow-env/lib/python3.8/site-packages/airflow/example_dags/example_external_task_marker_dag.py took 0.071 seconds
[2024-06-18T15:12:02.702+0530] {processor.py:161} INFO - Started process (PID=34353) to work on /home/kiit/airflow-env/lib/python3.8/site-packages/airflow/example_dags/example_external_task_marker_dag.py
[2024-06-18T15:12:02.706+0530] {processor.py:830} INFO - Processing file /home/kiit/airflow-env/lib/python3.8/site-packages/airflow/example_dags/example_external_task_marker_dag.py for tasks to queue
[2024-06-18T15:12:02.709+0530] {logging_mixin.py:188} INFO - [2024-06-18T15:12:02.708+0530] {dagbag.py:545} INFO - Filling up the DagBag from /home/kiit/airflow-env/lib/python3.8/site-packages/airflow/example_dags/example_external_task_marker_dag.py
[2024-06-18T15:12:02.715+0530] {processor.py:840} INFO - DAG(s) 'example_external_task_marker_parent', 'example_external_task_marker_child' retrieved from /home/kiit/airflow-env/lib/python3.8/site-packages/airflow/example_dags/example_external_task_marker_dag.py
[2024-06-18T15:12:02.737+0530] {logging_mixin.py:188} INFO - [2024-06-18T15:12:02.737+0530] {dag.py:3096} INFO - Sync 2 DAGs
[2024-06-18T15:12:02.748+0530] {logging_mixin.py:188} INFO - [2024-06-18T15:12:02.747+0530] {dag.py:3954} INFO - Setting next_dagrun for example_external_task_marker_child to None, run_after=None
[2024-06-18T15:12:02.751+0530] {logging_mixin.py:188} INFO - [2024-06-18T15:12:02.751+0530] {dag.py:3954} INFO - Setting next_dagrun for example_external_task_marker_parent to None, run_after=None
[2024-06-18T15:12:02.773+0530] {processor.py:183} INFO - Processing /home/kiit/airflow-env/lib/python3.8/site-packages/airflow/example_dags/example_external_task_marker_dag.py took 0.077 seconds
[2024-06-18T15:12:33.021+0530] {processor.py:161} INFO - Started process (PID=34413) to work on /home/kiit/airflow-env/lib/python3.8/site-packages/airflow/example_dags/example_external_task_marker_dag.py
[2024-06-18T15:12:33.022+0530] {processor.py:830} INFO - Processing file /home/kiit/airflow-env/lib/python3.8/site-packages/airflow/example_dags/example_external_task_marker_dag.py for tasks to queue
[2024-06-18T15:12:33.023+0530] {logging_mixin.py:188} INFO - [2024-06-18T15:12:33.023+0530] {dagbag.py:545} INFO - Filling up the DagBag from /home/kiit/airflow-env/lib/python3.8/site-packages/airflow/example_dags/example_external_task_marker_dag.py
[2024-06-18T15:12:33.029+0530] {processor.py:840} INFO - DAG(s) 'example_external_task_marker_parent', 'example_external_task_marker_child' retrieved from /home/kiit/airflow-env/lib/python3.8/site-packages/airflow/example_dags/example_external_task_marker_dag.py
[2024-06-18T15:12:33.050+0530] {logging_mixin.py:188} INFO - [2024-06-18T15:12:33.049+0530] {dag.py:3096} INFO - Sync 2 DAGs
[2024-06-18T15:12:33.060+0530] {logging_mixin.py:188} INFO - [2024-06-18T15:12:33.060+0530] {dag.py:3954} INFO - Setting next_dagrun for example_external_task_marker_child to None, run_after=None
[2024-06-18T15:12:33.063+0530] {logging_mixin.py:188} INFO - [2024-06-18T15:12:33.063+0530] {dag.py:3954} INFO - Setting next_dagrun for example_external_task_marker_parent to None, run_after=None
[2024-06-18T15:12:33.090+0530] {processor.py:183} INFO - Processing /home/kiit/airflow-env/lib/python3.8/site-packages/airflow/example_dags/example_external_task_marker_dag.py took 0.076 seconds
[2024-06-18T15:13:03.287+0530] {processor.py:161} INFO - Started process (PID=34472) to work on /home/kiit/airflow-env/lib/python3.8/site-packages/airflow/example_dags/example_external_task_marker_dag.py
[2024-06-18T15:13:03.288+0530] {processor.py:830} INFO - Processing file /home/kiit/airflow-env/lib/python3.8/site-packages/airflow/example_dags/example_external_task_marker_dag.py for tasks to queue
[2024-06-18T15:13:03.289+0530] {logging_mixin.py:188} INFO - [2024-06-18T15:13:03.289+0530] {dagbag.py:545} INFO - Filling up the DagBag from /home/kiit/airflow-env/lib/python3.8/site-packages/airflow/example_dags/example_external_task_marker_dag.py
[2024-06-18T15:13:03.294+0530] {processor.py:840} INFO - DAG(s) 'example_external_task_marker_parent', 'example_external_task_marker_child' retrieved from /home/kiit/airflow-env/lib/python3.8/site-packages/airflow/example_dags/example_external_task_marker_dag.py
[2024-06-18T15:13:03.318+0530] {logging_mixin.py:188} INFO - [2024-06-18T15:13:03.318+0530] {dag.py:3096} INFO - Sync 2 DAGs
[2024-06-18T15:13:03.329+0530] {logging_mixin.py:188} INFO - [2024-06-18T15:13:03.328+0530] {dag.py:3954} INFO - Setting next_dagrun for example_external_task_marker_child to None, run_after=None
[2024-06-18T15:13:03.332+0530] {logging_mixin.py:188} INFO - [2024-06-18T15:13:03.332+0530] {dag.py:3954} INFO - Setting next_dagrun for example_external_task_marker_parent to None, run_after=None
[2024-06-18T15:13:03.356+0530] {processor.py:183} INFO - Processing /home/kiit/airflow-env/lib/python3.8/site-packages/airflow/example_dags/example_external_task_marker_dag.py took 0.073 seconds
[2024-06-18T15:13:33.608+0530] {processor.py:161} INFO - Started process (PID=34531) to work on /home/kiit/airflow-env/lib/python3.8/site-packages/airflow/example_dags/example_external_task_marker_dag.py
[2024-06-18T15:13:33.612+0530] {processor.py:830} INFO - Processing file /home/kiit/airflow-env/lib/python3.8/site-packages/airflow/example_dags/example_external_task_marker_dag.py for tasks to queue
[2024-06-18T15:13:33.613+0530] {logging_mixin.py:188} INFO - [2024-06-18T15:13:33.613+0530] {dagbag.py:545} INFO - Filling up the DagBag from /home/kiit/airflow-env/lib/python3.8/site-packages/airflow/example_dags/example_external_task_marker_dag.py
[2024-06-18T15:13:33.617+0530] {processor.py:840} INFO - DAG(s) 'example_external_task_marker_parent', 'example_external_task_marker_child' retrieved from /home/kiit/airflow-env/lib/python3.8/site-packages/airflow/example_dags/example_external_task_marker_dag.py
[2024-06-18T15:13:33.641+0530] {logging_mixin.py:188} INFO - [2024-06-18T15:13:33.640+0530] {dag.py:3096} INFO - Sync 2 DAGs
[2024-06-18T15:13:33.652+0530] {logging_mixin.py:188} INFO - [2024-06-18T15:13:33.652+0530] {dag.py:3954} INFO - Setting next_dagrun for example_external_task_marker_child to None, run_after=None
[2024-06-18T15:13:33.656+0530] {logging_mixin.py:188} INFO - [2024-06-18T15:13:33.656+0530] {dag.py:3954} INFO - Setting next_dagrun for example_external_task_marker_parent to None, run_after=None
[2024-06-18T15:13:33.680+0530] {processor.py:183} INFO - Processing /home/kiit/airflow-env/lib/python3.8/site-packages/airflow/example_dags/example_external_task_marker_dag.py took 0.078 seconds
[2024-06-18T15:14:03.888+0530] {processor.py:161} INFO - Started process (PID=34590) to work on /home/kiit/airflow-env/lib/python3.8/site-packages/airflow/example_dags/example_external_task_marker_dag.py
[2024-06-18T15:14:03.890+0530] {processor.py:830} INFO - Processing file /home/kiit/airflow-env/lib/python3.8/site-packages/airflow/example_dags/example_external_task_marker_dag.py for tasks to queue
[2024-06-18T15:14:03.891+0530] {logging_mixin.py:188} INFO - [2024-06-18T15:14:03.891+0530] {dagbag.py:545} INFO - Filling up the DagBag from /home/kiit/airflow-env/lib/python3.8/site-packages/airflow/example_dags/example_external_task_marker_dag.py
[2024-06-18T15:14:03.897+0530] {processor.py:840} INFO - DAG(s) 'example_external_task_marker_child', 'example_external_task_marker_parent' retrieved from /home/kiit/airflow-env/lib/python3.8/site-packages/airflow/example_dags/example_external_task_marker_dag.py
[2024-06-18T15:14:03.915+0530] {logging_mixin.py:188} INFO - [2024-06-18T15:14:03.915+0530] {dag.py:3096} INFO - Sync 2 DAGs
[2024-06-18T15:14:03.924+0530] {logging_mixin.py:188} INFO - [2024-06-18T15:14:03.924+0530] {dag.py:3954} INFO - Setting next_dagrun for example_external_task_marker_child to None, run_after=None
[2024-06-18T15:14:03.927+0530] {logging_mixin.py:188} INFO - [2024-06-18T15:14:03.927+0530] {dag.py:3954} INFO - Setting next_dagrun for example_external_task_marker_parent to None, run_after=None
[2024-06-18T15:14:03.945+0530] {processor.py:183} INFO - Processing /home/kiit/airflow-env/lib/python3.8/site-packages/airflow/example_dags/example_external_task_marker_dag.py took 0.063 seconds
[2024-06-18T15:14:34.217+0530] {processor.py:161} INFO - Started process (PID=34649) to work on /home/kiit/airflow-env/lib/python3.8/site-packages/airflow/example_dags/example_external_task_marker_dag.py
[2024-06-18T15:14:34.219+0530] {processor.py:830} INFO - Processing file /home/kiit/airflow-env/lib/python3.8/site-packages/airflow/example_dags/example_external_task_marker_dag.py for tasks to queue
[2024-06-18T15:14:34.221+0530] {logging_mixin.py:188} INFO - [2024-06-18T15:14:34.220+0530] {dagbag.py:545} INFO - Filling up the DagBag from /home/kiit/airflow-env/lib/python3.8/site-packages/airflow/example_dags/example_external_task_marker_dag.py
[2024-06-18T15:14:34.225+0530] {processor.py:840} INFO - DAG(s) 'example_external_task_marker_child', 'example_external_task_marker_parent' retrieved from /home/kiit/airflow-env/lib/python3.8/site-packages/airflow/example_dags/example_external_task_marker_dag.py
[2024-06-18T15:14:34.248+0530] {logging_mixin.py:188} INFO - [2024-06-18T15:14:34.248+0530] {dag.py:3096} INFO - Sync 2 DAGs
[2024-06-18T15:14:34.256+0530] {logging_mixin.py:188} INFO - [2024-06-18T15:14:34.256+0530] {dag.py:3954} INFO - Setting next_dagrun for example_external_task_marker_child to None, run_after=None
[2024-06-18T15:14:34.259+0530] {logging_mixin.py:188} INFO - [2024-06-18T15:14:34.259+0530] {dag.py:3954} INFO - Setting next_dagrun for example_external_task_marker_parent to None, run_after=None
[2024-06-18T15:14:34.279+0530] {processor.py:183} INFO - Processing /home/kiit/airflow-env/lib/python3.8/site-packages/airflow/example_dags/example_external_task_marker_dag.py took 0.068 seconds
[2024-06-18T15:15:04.568+0530] {processor.py:161} INFO - Started process (PID=34708) to work on /home/kiit/airflow-env/lib/python3.8/site-packages/airflow/example_dags/example_external_task_marker_dag.py
[2024-06-18T15:15:04.569+0530] {processor.py:830} INFO - Processing file /home/kiit/airflow-env/lib/python3.8/site-packages/airflow/example_dags/example_external_task_marker_dag.py for tasks to queue
[2024-06-18T15:15:04.570+0530] {logging_mixin.py:188} INFO - [2024-06-18T15:15:04.570+0530] {dagbag.py:545} INFO - Filling up the DagBag from /home/kiit/airflow-env/lib/python3.8/site-packages/airflow/example_dags/example_external_task_marker_dag.py
[2024-06-18T15:15:04.576+0530] {processor.py:840} INFO - DAG(s) 'example_external_task_marker_child', 'example_external_task_marker_parent' retrieved from /home/kiit/airflow-env/lib/python3.8/site-packages/airflow/example_dags/example_external_task_marker_dag.py
[2024-06-18T15:15:04.596+0530] {logging_mixin.py:188} INFO - [2024-06-18T15:15:04.596+0530] {dag.py:3096} INFO - Sync 2 DAGs
[2024-06-18T15:15:04.604+0530] {logging_mixin.py:188} INFO - [2024-06-18T15:15:04.604+0530] {dag.py:3954} INFO - Setting next_dagrun for example_external_task_marker_child to None, run_after=None
[2024-06-18T15:15:04.607+0530] {logging_mixin.py:188} INFO - [2024-06-18T15:15:04.607+0530] {dag.py:3954} INFO - Setting next_dagrun for example_external_task_marker_parent to None, run_after=None
[2024-06-18T15:15:04.629+0530] {processor.py:183} INFO - Processing /home/kiit/airflow-env/lib/python3.8/site-packages/airflow/example_dags/example_external_task_marker_dag.py took 0.066 seconds
[2024-06-18T15:15:34.813+0530] {processor.py:161} INFO - Started process (PID=34767) to work on /home/kiit/airflow-env/lib/python3.8/site-packages/airflow/example_dags/example_external_task_marker_dag.py
[2024-06-18T15:15:34.815+0530] {processor.py:830} INFO - Processing file /home/kiit/airflow-env/lib/python3.8/site-packages/airflow/example_dags/example_external_task_marker_dag.py for tasks to queue
[2024-06-18T15:15:34.817+0530] {logging_mixin.py:188} INFO - [2024-06-18T15:15:34.817+0530] {dagbag.py:545} INFO - Filling up the DagBag from /home/kiit/airflow-env/lib/python3.8/site-packages/airflow/example_dags/example_external_task_marker_dag.py
[2024-06-18T15:15:34.823+0530] {processor.py:840} INFO - DAG(s) 'example_external_task_marker_child', 'example_external_task_marker_parent' retrieved from /home/kiit/airflow-env/lib/python3.8/site-packages/airflow/example_dags/example_external_task_marker_dag.py
[2024-06-18T15:15:34.844+0530] {logging_mixin.py:188} INFO - [2024-06-18T15:15:34.844+0530] {dag.py:3096} INFO - Sync 2 DAGs
[2024-06-18T15:15:34.855+0530] {logging_mixin.py:188} INFO - [2024-06-18T15:15:34.854+0530] {dag.py:3954} INFO - Setting next_dagrun for example_external_task_marker_child to None, run_after=None
[2024-06-18T15:15:34.858+0530] {logging_mixin.py:188} INFO - [2024-06-18T15:15:34.858+0530] {dag.py:3954} INFO - Setting next_dagrun for example_external_task_marker_parent to None, run_after=None
[2024-06-18T15:15:34.876+0530] {processor.py:183} INFO - Processing /home/kiit/airflow-env/lib/python3.8/site-packages/airflow/example_dags/example_external_task_marker_dag.py took 0.068 seconds
[2024-06-18T15:16:05.123+0530] {processor.py:161} INFO - Started process (PID=34826) to work on /home/kiit/airflow-env/lib/python3.8/site-packages/airflow/example_dags/example_external_task_marker_dag.py
[2024-06-18T15:16:05.123+0530] {processor.py:830} INFO - Processing file /home/kiit/airflow-env/lib/python3.8/site-packages/airflow/example_dags/example_external_task_marker_dag.py for tasks to queue
[2024-06-18T15:16:05.124+0530] {logging_mixin.py:188} INFO - [2024-06-18T15:16:05.124+0530] {dagbag.py:545} INFO - Filling up the DagBag from /home/kiit/airflow-env/lib/python3.8/site-packages/airflow/example_dags/example_external_task_marker_dag.py
[2024-06-18T15:16:05.130+0530] {processor.py:840} INFO - DAG(s) 'example_external_task_marker_parent', 'example_external_task_marker_child' retrieved from /home/kiit/airflow-env/lib/python3.8/site-packages/airflow/example_dags/example_external_task_marker_dag.py
[2024-06-18T15:16:05.147+0530] {logging_mixin.py:188} INFO - [2024-06-18T15:16:05.147+0530] {dag.py:3096} INFO - Sync 2 DAGs
[2024-06-18T15:16:05.157+0530] {logging_mixin.py:188} INFO - [2024-06-18T15:16:05.157+0530] {dag.py:3954} INFO - Setting next_dagrun for example_external_task_marker_child to None, run_after=None
[2024-06-18T15:16:05.160+0530] {logging_mixin.py:188} INFO - [2024-06-18T15:16:05.160+0530] {dag.py:3954} INFO - Setting next_dagrun for example_external_task_marker_parent to None, run_after=None
[2024-06-18T15:16:05.179+0530] {processor.py:183} INFO - Processing /home/kiit/airflow-env/lib/python3.8/site-packages/airflow/example_dags/example_external_task_marker_dag.py took 0.062 seconds
[2024-06-18T15:16:35.477+0530] {processor.py:161} INFO - Started process (PID=34909) to work on /home/kiit/airflow-env/lib/python3.8/site-packages/airflow/example_dags/example_external_task_marker_dag.py
[2024-06-18T15:16:35.482+0530] {processor.py:830} INFO - Processing file /home/kiit/airflow-env/lib/python3.8/site-packages/airflow/example_dags/example_external_task_marker_dag.py for tasks to queue
[2024-06-18T15:16:35.484+0530] {logging_mixin.py:188} INFO - [2024-06-18T15:16:35.484+0530] {dagbag.py:545} INFO - Filling up the DagBag from /home/kiit/airflow-env/lib/python3.8/site-packages/airflow/example_dags/example_external_task_marker_dag.py
[2024-06-18T15:16:35.489+0530] {processor.py:840} INFO - DAG(s) 'example_external_task_marker_child', 'example_external_task_marker_parent' retrieved from /home/kiit/airflow-env/lib/python3.8/site-packages/airflow/example_dags/example_external_task_marker_dag.py
[2024-06-18T15:16:35.569+0530] {logging_mixin.py:188} INFO - [2024-06-18T15:16:35.569+0530] {dag.py:3096} INFO - Sync 2 DAGs
[2024-06-18T15:16:35.578+0530] {logging_mixin.py:188} INFO - [2024-06-18T15:16:35.578+0530] {dag.py:3954} INFO - Setting next_dagrun for example_external_task_marker_child to None, run_after=None
[2024-06-18T15:16:35.580+0530] {logging_mixin.py:188} INFO - [2024-06-18T15:16:35.580+0530] {dag.py:3954} INFO - Setting next_dagrun for example_external_task_marker_parent to None, run_after=None
[2024-06-18T15:16:35.600+0530] {processor.py:183} INFO - Processing /home/kiit/airflow-env/lib/python3.8/site-packages/airflow/example_dags/example_external_task_marker_dag.py took 0.128 seconds
