[2024-06-18T13:05:57.895+0530] {processor.py:161} INFO - Started process (PID=25355) to work on /home/kiit/airflow-env/lib/python3.8/site-packages/airflow/example_dags/example_short_circuit_decorator.py
[2024-06-18T13:05:57.895+0530] {processor.py:830} INFO - Processing file /home/kiit/airflow-env/lib/python3.8/site-packages/airflow/example_dags/example_short_circuit_decorator.py for tasks to queue
[2024-06-18T13:05:57.896+0530] {logging_mixin.py:188} INFO - [2024-06-18T13:05:57.896+0530] {dagbag.py:545} INFO - Filling up the DagBag from /home/kiit/airflow-env/lib/python3.8/site-packages/airflow/example_dags/example_short_circuit_decorator.py
[2024-06-18T13:05:57.904+0530] {processor.py:840} INFO - DAG(s) 'example_short_circuit_decorator' retrieved from /home/kiit/airflow-env/lib/python3.8/site-packages/airflow/example_dags/example_short_circuit_decorator.py
[2024-06-18T13:05:57.973+0530] {logging_mixin.py:188} INFO - [2024-06-18T13:05:57.973+0530] {dag.py:3096} INFO - Sync 1 DAGs
[2024-06-18T13:05:57.985+0530] {logging_mixin.py:188} INFO - [2024-06-18T13:05:57.985+0530] {dag.py:3954} INFO - Setting next_dagrun for example_short_circuit_decorator to 2024-06-17 00:00:00+00:00, run_after=2024-06-18 00:00:00+00:00
[2024-06-18T13:05:58.067+0530] {processor.py:183} INFO - Processing /home/kiit/airflow-env/lib/python3.8/site-packages/airflow/example_dags/example_short_circuit_decorator.py took 0.176 seconds
[2024-06-18T13:06:52.740+0530] {processor.py:161} INFO - Started process (PID=25435) to work on /home/kiit/airflow-env/lib/python3.8/site-packages/airflow/example_dags/example_short_circuit_decorator.py
[2024-06-18T13:06:52.746+0530] {processor.py:830} INFO - Processing file /home/kiit/airflow-env/lib/python3.8/site-packages/airflow/example_dags/example_short_circuit_decorator.py for tasks to queue
[2024-06-18T13:06:52.747+0530] {logging_mixin.py:188} INFO - [2024-06-18T13:06:52.747+0530] {dagbag.py:545} INFO - Filling up the DagBag from /home/kiit/airflow-env/lib/python3.8/site-packages/airflow/example_dags/example_short_circuit_decorator.py
[2024-06-18T13:06:52.753+0530] {processor.py:840} INFO - DAG(s) 'example_short_circuit_decorator' retrieved from /home/kiit/airflow-env/lib/python3.8/site-packages/airflow/example_dags/example_short_circuit_decorator.py
[2024-06-18T13:06:52.767+0530] {logging_mixin.py:188} INFO - [2024-06-18T13:06:52.767+0530] {dag.py:3096} INFO - Sync 1 DAGs
[2024-06-18T13:06:52.779+0530] {logging_mixin.py:188} INFO - [2024-06-18T13:06:52.779+0530] {dag.py:3954} INFO - Setting next_dagrun for example_short_circuit_decorator to 2024-06-17 00:00:00+00:00, run_after=2024-06-18 00:00:00+00:00
[2024-06-18T13:06:52.796+0530] {processor.py:183} INFO - Processing /home/kiit/airflow-env/lib/python3.8/site-packages/airflow/example_dags/example_short_circuit_decorator.py took 0.060 seconds
[2024-06-18T13:07:47.381+0530] {processor.py:161} INFO - Started process (PID=25493) to work on /home/kiit/airflow-env/lib/python3.8/site-packages/airflow/example_dags/example_short_circuit_decorator.py
[2024-06-18T13:07:47.390+0530] {processor.py:830} INFO - Processing file /home/kiit/airflow-env/lib/python3.8/site-packages/airflow/example_dags/example_short_circuit_decorator.py for tasks to queue
[2024-06-18T13:07:47.398+0530] {logging_mixin.py:188} INFO - [2024-06-18T13:07:47.396+0530] {dagbag.py:545} INFO - Filling up the DagBag from /home/kiit/airflow-env/lib/python3.8/site-packages/airflow/example_dags/example_short_circuit_decorator.py
[2024-06-18T13:07:47.836+0530] {processor.py:840} INFO - DAG(s) 'example_short_circuit_decorator' retrieved from /home/kiit/airflow-env/lib/python3.8/site-packages/airflow/example_dags/example_short_circuit_decorator.py
[2024-06-18T13:07:47.926+0530] {logging_mixin.py:188} INFO - [2024-06-18T13:07:47.925+0530] {dag.py:3096} INFO - Sync 1 DAGs
[2024-06-18T13:07:48.041+0530] {logging_mixin.py:188} INFO - [2024-06-18T13:07:48.040+0530] {dag.py:3954} INFO - Setting next_dagrun for example_short_circuit_decorator to 2024-06-17 00:00:00+00:00, run_after=2024-06-18 00:00:00+00:00
[2024-06-18T13:07:48.207+0530] {processor.py:183} INFO - Processing /home/kiit/airflow-env/lib/python3.8/site-packages/airflow/example_dags/example_short_circuit_decorator.py took 0.865 seconds
[2024-06-18T13:08:46.496+0530] {processor.py:161} INFO - Started process (PID=25552) to work on /home/kiit/airflow-env/lib/python3.8/site-packages/airflow/example_dags/example_short_circuit_decorator.py
[2024-06-18T13:08:46.503+0530] {processor.py:830} INFO - Processing file /home/kiit/airflow-env/lib/python3.8/site-packages/airflow/example_dags/example_short_circuit_decorator.py for tasks to queue
[2024-06-18T13:08:46.504+0530] {logging_mixin.py:188} INFO - [2024-06-18T13:08:46.504+0530] {dagbag.py:545} INFO - Filling up the DagBag from /home/kiit/airflow-env/lib/python3.8/site-packages/airflow/example_dags/example_short_circuit_decorator.py
[2024-06-18T13:08:46.512+0530] {processor.py:840} INFO - DAG(s) 'example_short_circuit_decorator' retrieved from /home/kiit/airflow-env/lib/python3.8/site-packages/airflow/example_dags/example_short_circuit_decorator.py
[2024-06-18T13:08:46.526+0530] {logging_mixin.py:188} INFO - [2024-06-18T13:08:46.526+0530] {dag.py:3096} INFO - Sync 1 DAGs
[2024-06-18T13:08:46.541+0530] {logging_mixin.py:188} INFO - [2024-06-18T13:08:46.541+0530] {dag.py:3954} INFO - Setting next_dagrun for example_short_circuit_decorator to 2024-06-17 00:00:00+00:00, run_after=2024-06-18 00:00:00+00:00
[2024-06-18T13:08:46.561+0530] {processor.py:183} INFO - Processing /home/kiit/airflow-env/lib/python3.8/site-packages/airflow/example_dags/example_short_circuit_decorator.py took 0.070 seconds
[2024-06-18T13:09:23.622+0530] {processor.py:161} INFO - Started process (PID=25599) to work on /home/kiit/airflow-env/lib/python3.8/site-packages/airflow/example_dags/example_short_circuit_decorator.py
[2024-06-18T13:09:23.623+0530] {processor.py:830} INFO - Processing file /home/kiit/airflow-env/lib/python3.8/site-packages/airflow/example_dags/example_short_circuit_decorator.py for tasks to queue
[2024-06-18T13:09:23.624+0530] {logging_mixin.py:188} INFO - [2024-06-18T13:09:23.624+0530] {dagbag.py:545} INFO - Filling up the DagBag from /home/kiit/airflow-env/lib/python3.8/site-packages/airflow/example_dags/example_short_circuit_decorator.py
[2024-06-18T13:09:23.630+0530] {processor.py:840} INFO - DAG(s) 'example_short_circuit_decorator' retrieved from /home/kiit/airflow-env/lib/python3.8/site-packages/airflow/example_dags/example_short_circuit_decorator.py
[2024-06-18T13:09:23.643+0530] {logging_mixin.py:188} INFO - [2024-06-18T13:09:23.643+0530] {dag.py:3096} INFO - Sync 1 DAGs
[2024-06-18T13:09:23.656+0530] {logging_mixin.py:188} INFO - [2024-06-18T13:09:23.656+0530] {dag.py:3954} INFO - Setting next_dagrun for example_short_circuit_decorator to 2024-06-17 00:00:00+00:00, run_after=2024-06-18 00:00:00+00:00
[2024-06-18T13:09:23.674+0530] {processor.py:183} INFO - Processing /home/kiit/airflow-env/lib/python3.8/site-packages/airflow/example_dags/example_short_circuit_decorator.py took 0.057 seconds
[2024-06-18T13:10:21.260+0530] {processor.py:161} INFO - Started process (PID=25669) to work on /home/kiit/airflow-env/lib/python3.8/site-packages/airflow/example_dags/example_short_circuit_decorator.py
[2024-06-18T13:10:21.262+0530] {processor.py:830} INFO - Processing file /home/kiit/airflow-env/lib/python3.8/site-packages/airflow/example_dags/example_short_circuit_decorator.py for tasks to queue
[2024-06-18T13:10:21.264+0530] {logging_mixin.py:188} INFO - [2024-06-18T13:10:21.263+0530] {dagbag.py:545} INFO - Filling up the DagBag from /home/kiit/airflow-env/lib/python3.8/site-packages/airflow/example_dags/example_short_circuit_decorator.py
[2024-06-18T13:10:21.272+0530] {processor.py:840} INFO - DAG(s) 'example_short_circuit_decorator' retrieved from /home/kiit/airflow-env/lib/python3.8/site-packages/airflow/example_dags/example_short_circuit_decorator.py
[2024-06-18T13:10:21.287+0530] {logging_mixin.py:188} INFO - [2024-06-18T13:10:21.287+0530] {dag.py:3096} INFO - Sync 1 DAGs
[2024-06-18T13:10:21.302+0530] {logging_mixin.py:188} INFO - [2024-06-18T13:10:21.302+0530] {dag.py:3954} INFO - Setting next_dagrun for example_short_circuit_decorator to 2024-06-17 00:00:00+00:00, run_after=2024-06-18 00:00:00+00:00
[2024-06-18T13:10:21.323+0530] {processor.py:183} INFO - Processing /home/kiit/airflow-env/lib/python3.8/site-packages/airflow/example_dags/example_short_circuit_decorator.py took 0.067 seconds
[2024-06-18T13:11:13.967+0530] {processor.py:161} INFO - Started process (PID=25727) to work on /home/kiit/airflow-env/lib/python3.8/site-packages/airflow/example_dags/example_short_circuit_decorator.py
[2024-06-18T13:11:13.968+0530] {processor.py:830} INFO - Processing file /home/kiit/airflow-env/lib/python3.8/site-packages/airflow/example_dags/example_short_circuit_decorator.py for tasks to queue
[2024-06-18T13:11:13.969+0530] {logging_mixin.py:188} INFO - [2024-06-18T13:11:13.969+0530] {dagbag.py:545} INFO - Filling up the DagBag from /home/kiit/airflow-env/lib/python3.8/site-packages/airflow/example_dags/example_short_circuit_decorator.py
[2024-06-18T13:11:13.978+0530] {processor.py:840} INFO - DAG(s) 'example_short_circuit_decorator' retrieved from /home/kiit/airflow-env/lib/python3.8/site-packages/airflow/example_dags/example_short_circuit_decorator.py
[2024-06-18T13:11:13.997+0530] {logging_mixin.py:188} INFO - [2024-06-18T13:11:13.997+0530] {dag.py:3096} INFO - Sync 1 DAGs
[2024-06-18T13:11:14.048+0530] {logging_mixin.py:188} INFO - [2024-06-18T13:11:14.048+0530] {dag.py:3954} INFO - Setting next_dagrun for example_short_circuit_decorator to 2024-06-17 00:00:00+00:00, run_after=2024-06-18 00:00:00+00:00
[2024-06-18T13:11:14.082+0530] {processor.py:183} INFO - Processing /home/kiit/airflow-env/lib/python3.8/site-packages/airflow/example_dags/example_short_circuit_decorator.py took 0.122 seconds
[2024-06-18T13:11:57.373+0530] {processor.py:161} INFO - Started process (PID=25779) to work on /home/kiit/airflow-env/lib/python3.8/site-packages/airflow/example_dags/example_short_circuit_decorator.py
[2024-06-18T13:11:57.374+0530] {processor.py:830} INFO - Processing file /home/kiit/airflow-env/lib/python3.8/site-packages/airflow/example_dags/example_short_circuit_decorator.py for tasks to queue
[2024-06-18T13:11:57.376+0530] {logging_mixin.py:188} INFO - [2024-06-18T13:11:57.376+0530] {dagbag.py:545} INFO - Filling up the DagBag from /home/kiit/airflow-env/lib/python3.8/site-packages/airflow/example_dags/example_short_circuit_decorator.py
[2024-06-18T13:11:57.389+0530] {processor.py:840} INFO - DAG(s) 'example_short_circuit_decorator' retrieved from /home/kiit/airflow-env/lib/python3.8/site-packages/airflow/example_dags/example_short_circuit_decorator.py
[2024-06-18T13:11:57.408+0530] {logging_mixin.py:188} INFO - [2024-06-18T13:11:57.407+0530] {dag.py:3096} INFO - Sync 1 DAGs
[2024-06-18T13:11:57.425+0530] {logging_mixin.py:188} INFO - [2024-06-18T13:11:57.425+0530] {dag.py:3954} INFO - Setting next_dagrun for example_short_circuit_decorator to 2024-06-17 00:00:00+00:00, run_after=2024-06-18 00:00:00+00:00
[2024-06-18T13:11:57.448+0530] {processor.py:183} INFO - Processing /home/kiit/airflow-env/lib/python3.8/site-packages/airflow/example_dags/example_short_circuit_decorator.py took 0.081 seconds
[2024-06-18T13:12:40.158+0530] {processor.py:161} INFO - Started process (PID=25830) to work on /home/kiit/airflow-env/lib/python3.8/site-packages/airflow/example_dags/example_short_circuit_decorator.py
[2024-06-18T13:12:40.165+0530] {processor.py:830} INFO - Processing file /home/kiit/airflow-env/lib/python3.8/site-packages/airflow/example_dags/example_short_circuit_decorator.py for tasks to queue
[2024-06-18T13:12:40.166+0530] {logging_mixin.py:188} INFO - [2024-06-18T13:12:40.166+0530] {dagbag.py:545} INFO - Filling up the DagBag from /home/kiit/airflow-env/lib/python3.8/site-packages/airflow/example_dags/example_short_circuit_decorator.py
[2024-06-18T13:12:40.172+0530] {processor.py:840} INFO - DAG(s) 'example_short_circuit_decorator' retrieved from /home/kiit/airflow-env/lib/python3.8/site-packages/airflow/example_dags/example_short_circuit_decorator.py
[2024-06-18T13:12:40.183+0530] {logging_mixin.py:188} INFO - [2024-06-18T13:12:40.183+0530] {dag.py:3096} INFO - Sync 1 DAGs
[2024-06-18T13:12:40.195+0530] {logging_mixin.py:188} INFO - [2024-06-18T13:12:40.195+0530] {dag.py:3954} INFO - Setting next_dagrun for example_short_circuit_decorator to 2024-06-17 00:00:00+00:00, run_after=2024-06-18 00:00:00+00:00
[2024-06-18T13:12:40.212+0530] {processor.py:183} INFO - Processing /home/kiit/airflow-env/lib/python3.8/site-packages/airflow/example_dags/example_short_circuit_decorator.py took 0.059 seconds
[2024-06-18T13:13:37.439+0530] {processor.py:161} INFO - Started process (PID=25898) to work on /home/kiit/airflow-env/lib/python3.8/site-packages/airflow/example_dags/example_short_circuit_decorator.py
[2024-06-18T13:13:37.441+0530] {processor.py:830} INFO - Processing file /home/kiit/airflow-env/lib/python3.8/site-packages/airflow/example_dags/example_short_circuit_decorator.py for tasks to queue
[2024-06-18T13:13:37.442+0530] {logging_mixin.py:188} INFO - [2024-06-18T13:13:37.442+0530] {dagbag.py:545} INFO - Filling up the DagBag from /home/kiit/airflow-env/lib/python3.8/site-packages/airflow/example_dags/example_short_circuit_decorator.py
[2024-06-18T13:13:37.451+0530] {processor.py:840} INFO - DAG(s) 'example_short_circuit_decorator' retrieved from /home/kiit/airflow-env/lib/python3.8/site-packages/airflow/example_dags/example_short_circuit_decorator.py
[2024-06-18T13:13:37.467+0530] {logging_mixin.py:188} INFO - [2024-06-18T13:13:37.467+0530] {dag.py:3096} INFO - Sync 1 DAGs
[2024-06-18T13:13:37.483+0530] {logging_mixin.py:188} INFO - [2024-06-18T13:13:37.482+0530] {dag.py:3954} INFO - Setting next_dagrun for example_short_circuit_decorator to 2024-06-17 00:00:00+00:00, run_after=2024-06-18 00:00:00+00:00
[2024-06-18T13:13:37.503+0530] {processor.py:183} INFO - Processing /home/kiit/airflow-env/lib/python3.8/site-packages/airflow/example_dags/example_short_circuit_decorator.py took 0.069 seconds
[2024-06-18T13:14:33.226+0530] {processor.py:161} INFO - Started process (PID=25970) to work on /home/kiit/airflow-env/lib/python3.8/site-packages/airflow/example_dags/example_short_circuit_decorator.py
[2024-06-18T13:14:33.227+0530] {processor.py:830} INFO - Processing file /home/kiit/airflow-env/lib/python3.8/site-packages/airflow/example_dags/example_short_circuit_decorator.py for tasks to queue
[2024-06-18T13:14:33.228+0530] {logging_mixin.py:188} INFO - [2024-06-18T13:14:33.228+0530] {dagbag.py:545} INFO - Filling up the DagBag from /home/kiit/airflow-env/lib/python3.8/site-packages/airflow/example_dags/example_short_circuit_decorator.py
[2024-06-18T13:14:33.235+0530] {processor.py:840} INFO - DAG(s) 'example_short_circuit_decorator' retrieved from /home/kiit/airflow-env/lib/python3.8/site-packages/airflow/example_dags/example_short_circuit_decorator.py
[2024-06-18T13:14:33.249+0530] {logging_mixin.py:188} INFO - [2024-06-18T13:14:33.248+0530] {dag.py:3096} INFO - Sync 1 DAGs
[2024-06-18T13:14:33.263+0530] {logging_mixin.py:188} INFO - [2024-06-18T13:14:33.263+0530] {dag.py:3954} INFO - Setting next_dagrun for example_short_circuit_decorator to 2024-06-17 00:00:00+00:00, run_after=2024-06-18 00:00:00+00:00
[2024-06-18T13:14:33.283+0530] {processor.py:183} INFO - Processing /home/kiit/airflow-env/lib/python3.8/site-packages/airflow/example_dags/example_short_circuit_decorator.py took 0.063 seconds
[2024-06-18T13:15:35.502+0530] {processor.py:161} INFO - Started process (PID=26040) to work on /home/kiit/airflow-env/lib/python3.8/site-packages/airflow/example_dags/example_short_circuit_decorator.py
[2024-06-18T13:15:35.503+0530] {processor.py:830} INFO - Processing file /home/kiit/airflow-env/lib/python3.8/site-packages/airflow/example_dags/example_short_circuit_decorator.py for tasks to queue
[2024-06-18T13:15:35.505+0530] {logging_mixin.py:188} INFO - [2024-06-18T13:15:35.504+0530] {dagbag.py:545} INFO - Filling up the DagBag from /home/kiit/airflow-env/lib/python3.8/site-packages/airflow/example_dags/example_short_circuit_decorator.py
[2024-06-18T13:15:35.512+0530] {processor.py:840} INFO - DAG(s) 'example_short_circuit_decorator' retrieved from /home/kiit/airflow-env/lib/python3.8/site-packages/airflow/example_dags/example_short_circuit_decorator.py
[2024-06-18T13:15:35.529+0530] {logging_mixin.py:188} INFO - [2024-06-18T13:15:35.529+0530] {dag.py:3096} INFO - Sync 1 DAGs
[2024-06-18T13:15:35.547+0530] {logging_mixin.py:188} INFO - [2024-06-18T13:15:35.546+0530] {dag.py:3954} INFO - Setting next_dagrun for example_short_circuit_decorator to 2024-06-17 00:00:00+00:00, run_after=2024-06-18 00:00:00+00:00
[2024-06-18T13:15:35.566+0530] {processor.py:183} INFO - Processing /home/kiit/airflow-env/lib/python3.8/site-packages/airflow/example_dags/example_short_circuit_decorator.py took 0.069 seconds
[2024-06-18T13:16:34.562+0530] {processor.py:161} INFO - Started process (PID=26114) to work on /home/kiit/airflow-env/lib/python3.8/site-packages/airflow/example_dags/example_short_circuit_decorator.py
[2024-06-18T13:16:34.564+0530] {processor.py:830} INFO - Processing file /home/kiit/airflow-env/lib/python3.8/site-packages/airflow/example_dags/example_short_circuit_decorator.py for tasks to queue
[2024-06-18T13:16:34.565+0530] {logging_mixin.py:188} INFO - [2024-06-18T13:16:34.565+0530] {dagbag.py:545} INFO - Filling up the DagBag from /home/kiit/airflow-env/lib/python3.8/site-packages/airflow/example_dags/example_short_circuit_decorator.py
[2024-06-18T13:16:34.572+0530] {processor.py:840} INFO - DAG(s) 'example_short_circuit_decorator' retrieved from /home/kiit/airflow-env/lib/python3.8/site-packages/airflow/example_dags/example_short_circuit_decorator.py
[2024-06-18T13:16:34.586+0530] {logging_mixin.py:188} INFO - [2024-06-18T13:16:34.586+0530] {dag.py:3096} INFO - Sync 1 DAGs
[2024-06-18T13:16:34.603+0530] {logging_mixin.py:188} INFO - [2024-06-18T13:16:34.603+0530] {dag.py:3954} INFO - Setting next_dagrun for example_short_circuit_decorator to 2024-06-17 00:00:00+00:00, run_after=2024-06-18 00:00:00+00:00
[2024-06-18T13:16:34.626+0530] {processor.py:183} INFO - Processing /home/kiit/airflow-env/lib/python3.8/site-packages/airflow/example_dags/example_short_circuit_decorator.py took 0.070 seconds
[2024-06-18T13:17:31.743+0530] {processor.py:161} INFO - Started process (PID=26181) to work on /home/kiit/airflow-env/lib/python3.8/site-packages/airflow/example_dags/example_short_circuit_decorator.py
[2024-06-18T13:17:31.744+0530] {processor.py:830} INFO - Processing file /home/kiit/airflow-env/lib/python3.8/site-packages/airflow/example_dags/example_short_circuit_decorator.py for tasks to queue
[2024-06-18T13:17:31.745+0530] {logging_mixin.py:188} INFO - [2024-06-18T13:17:31.745+0530] {dagbag.py:545} INFO - Filling up the DagBag from /home/kiit/airflow-env/lib/python3.8/site-packages/airflow/example_dags/example_short_circuit_decorator.py
[2024-06-18T13:17:31.752+0530] {processor.py:840} INFO - DAG(s) 'example_short_circuit_decorator' retrieved from /home/kiit/airflow-env/lib/python3.8/site-packages/airflow/example_dags/example_short_circuit_decorator.py
[2024-06-18T13:17:31.765+0530] {logging_mixin.py:188} INFO - [2024-06-18T13:17:31.765+0530] {dag.py:3096} INFO - Sync 1 DAGs
[2024-06-18T13:17:31.777+0530] {logging_mixin.py:188} INFO - [2024-06-18T13:17:31.777+0530] {dag.py:3954} INFO - Setting next_dagrun for example_short_circuit_decorator to 2024-06-17 00:00:00+00:00, run_after=2024-06-18 00:00:00+00:00
[2024-06-18T13:17:31.798+0530] {processor.py:183} INFO - Processing /home/kiit/airflow-env/lib/python3.8/site-packages/airflow/example_dags/example_short_circuit_decorator.py took 0.060 seconds
[2024-06-18T13:18:14.517+0530] {processor.py:161} INFO - Started process (PID=26230) to work on /home/kiit/airflow-env/lib/python3.8/site-packages/airflow/example_dags/example_short_circuit_decorator.py
[2024-06-18T13:18:14.518+0530] {processor.py:830} INFO - Processing file /home/kiit/airflow-env/lib/python3.8/site-packages/airflow/example_dags/example_short_circuit_decorator.py for tasks to queue
[2024-06-18T13:18:14.519+0530] {logging_mixin.py:188} INFO - [2024-06-18T13:18:14.519+0530] {dagbag.py:545} INFO - Filling up the DagBag from /home/kiit/airflow-env/lib/python3.8/site-packages/airflow/example_dags/example_short_circuit_decorator.py
[2024-06-18T13:18:14.525+0530] {processor.py:840} INFO - DAG(s) 'example_short_circuit_decorator' retrieved from /home/kiit/airflow-env/lib/python3.8/site-packages/airflow/example_dags/example_short_circuit_decorator.py
[2024-06-18T13:18:14.537+0530] {logging_mixin.py:188} INFO - [2024-06-18T13:18:14.537+0530] {dag.py:3096} INFO - Sync 1 DAGs
[2024-06-18T13:18:14.549+0530] {logging_mixin.py:188} INFO - [2024-06-18T13:18:14.549+0530] {dag.py:3954} INFO - Setting next_dagrun for example_short_circuit_decorator to 2024-06-17 00:00:00+00:00, run_after=2024-06-18 00:00:00+00:00
[2024-06-18T13:18:14.568+0530] {processor.py:183} INFO - Processing /home/kiit/airflow-env/lib/python3.8/site-packages/airflow/example_dags/example_short_circuit_decorator.py took 0.055 seconds
[2024-06-18T13:18:59.657+0530] {processor.py:161} INFO - Started process (PID=26282) to work on /home/kiit/airflow-env/lib/python3.8/site-packages/airflow/example_dags/example_short_circuit_decorator.py
[2024-06-18T13:18:59.658+0530] {processor.py:830} INFO - Processing file /home/kiit/airflow-env/lib/python3.8/site-packages/airflow/example_dags/example_short_circuit_decorator.py for tasks to queue
[2024-06-18T13:18:59.659+0530] {logging_mixin.py:188} INFO - [2024-06-18T13:18:59.659+0530] {dagbag.py:545} INFO - Filling up the DagBag from /home/kiit/airflow-env/lib/python3.8/site-packages/airflow/example_dags/example_short_circuit_decorator.py
[2024-06-18T13:18:59.666+0530] {processor.py:840} INFO - DAG(s) 'example_short_circuit_decorator' retrieved from /home/kiit/airflow-env/lib/python3.8/site-packages/airflow/example_dags/example_short_circuit_decorator.py
[2024-06-18T13:18:59.678+0530] {logging_mixin.py:188} INFO - [2024-06-18T13:18:59.678+0530] {dag.py:3096} INFO - Sync 1 DAGs
[2024-06-18T13:18:59.691+0530] {logging_mixin.py:188} INFO - [2024-06-18T13:18:59.691+0530] {dag.py:3954} INFO - Setting next_dagrun for example_short_circuit_decorator to 2024-06-17 00:00:00+00:00, run_after=2024-06-18 00:00:00+00:00
[2024-06-18T13:18:59.709+0530] {processor.py:183} INFO - Processing /home/kiit/airflow-env/lib/python3.8/site-packages/airflow/example_dags/example_short_circuit_decorator.py took 0.058 seconds
[2024-06-18T13:19:57.413+0530] {processor.py:161} INFO - Started process (PID=26357) to work on /home/kiit/airflow-env/lib/python3.8/site-packages/airflow/example_dags/example_short_circuit_decorator.py
[2024-06-18T13:19:57.415+0530] {processor.py:830} INFO - Processing file /home/kiit/airflow-env/lib/python3.8/site-packages/airflow/example_dags/example_short_circuit_decorator.py for tasks to queue
[2024-06-18T13:19:57.416+0530] {logging_mixin.py:188} INFO - [2024-06-18T13:19:57.416+0530] {dagbag.py:545} INFO - Filling up the DagBag from /home/kiit/airflow-env/lib/python3.8/site-packages/airflow/example_dags/example_short_circuit_decorator.py
[2024-06-18T13:19:57.422+0530] {processor.py:840} INFO - DAG(s) 'example_short_circuit_decorator' retrieved from /home/kiit/airflow-env/lib/python3.8/site-packages/airflow/example_dags/example_short_circuit_decorator.py
[2024-06-18T13:19:57.438+0530] {logging_mixin.py:188} INFO - [2024-06-18T13:19:57.438+0530] {dag.py:3096} INFO - Sync 1 DAGs
[2024-06-18T13:19:57.454+0530] {logging_mixin.py:188} INFO - [2024-06-18T13:19:57.454+0530] {dag.py:3954} INFO - Setting next_dagrun for example_short_circuit_decorator to 2024-06-17 00:00:00+00:00, run_after=2024-06-18 00:00:00+00:00
[2024-06-18T13:19:57.473+0530] {processor.py:183} INFO - Processing /home/kiit/airflow-env/lib/python3.8/site-packages/airflow/example_dags/example_short_circuit_decorator.py took 0.065 seconds
[2024-06-18T13:20:53.638+0530] {processor.py:161} INFO - Started process (PID=26423) to work on /home/kiit/airflow-env/lib/python3.8/site-packages/airflow/example_dags/example_short_circuit_decorator.py
[2024-06-18T13:20:53.639+0530] {processor.py:830} INFO - Processing file /home/kiit/airflow-env/lib/python3.8/site-packages/airflow/example_dags/example_short_circuit_decorator.py for tasks to queue
[2024-06-18T13:20:53.641+0530] {logging_mixin.py:188} INFO - [2024-06-18T13:20:53.641+0530] {dagbag.py:545} INFO - Filling up the DagBag from /home/kiit/airflow-env/lib/python3.8/site-packages/airflow/example_dags/example_short_circuit_decorator.py
[2024-06-18T13:20:53.651+0530] {processor.py:840} INFO - DAG(s) 'example_short_circuit_decorator' retrieved from /home/kiit/airflow-env/lib/python3.8/site-packages/airflow/example_dags/example_short_circuit_decorator.py
[2024-06-18T13:20:53.668+0530] {logging_mixin.py:188} INFO - [2024-06-18T13:20:53.668+0530] {dag.py:3096} INFO - Sync 1 DAGs
[2024-06-18T13:20:53.686+0530] {logging_mixin.py:188} INFO - [2024-06-18T13:20:53.686+0530] {dag.py:3954} INFO - Setting next_dagrun for example_short_circuit_decorator to 2024-06-17 00:00:00+00:00, run_after=2024-06-18 00:00:00+00:00
[2024-06-18T13:20:53.710+0530] {processor.py:183} INFO - Processing /home/kiit/airflow-env/lib/python3.8/site-packages/airflow/example_dags/example_short_circuit_decorator.py took 0.078 seconds
[2024-06-18T13:21:50.759+0530] {processor.py:161} INFO - Started process (PID=26496) to work on /home/kiit/airflow-env/lib/python3.8/site-packages/airflow/example_dags/example_short_circuit_decorator.py
[2024-06-18T13:21:50.761+0530] {processor.py:830} INFO - Processing file /home/kiit/airflow-env/lib/python3.8/site-packages/airflow/example_dags/example_short_circuit_decorator.py for tasks to queue
[2024-06-18T13:21:50.765+0530] {logging_mixin.py:188} INFO - [2024-06-18T13:21:50.763+0530] {dagbag.py:545} INFO - Filling up the DagBag from /home/kiit/airflow-env/lib/python3.8/site-packages/airflow/example_dags/example_short_circuit_decorator.py
[2024-06-18T13:21:50.773+0530] {processor.py:840} INFO - DAG(s) 'example_short_circuit_decorator' retrieved from /home/kiit/airflow-env/lib/python3.8/site-packages/airflow/example_dags/example_short_circuit_decorator.py
[2024-06-18T13:21:50.792+0530] {logging_mixin.py:188} INFO - [2024-06-18T13:21:50.792+0530] {dag.py:3096} INFO - Sync 1 DAGs
[2024-06-18T13:21:50.816+0530] {logging_mixin.py:188} INFO - [2024-06-18T13:21:50.816+0530] {dag.py:3954} INFO - Setting next_dagrun for example_short_circuit_decorator to 2024-06-17 00:00:00+00:00, run_after=2024-06-18 00:00:00+00:00
[2024-06-18T13:21:50.836+0530] {processor.py:183} INFO - Processing /home/kiit/airflow-env/lib/python3.8/site-packages/airflow/example_dags/example_short_circuit_decorator.py took 0.083 seconds
[2024-06-18T13:22:47.388+0530] {processor.py:161} INFO - Started process (PID=26563) to work on /home/kiit/airflow-env/lib/python3.8/site-packages/airflow/example_dags/example_short_circuit_decorator.py
[2024-06-18T13:22:47.390+0530] {processor.py:830} INFO - Processing file /home/kiit/airflow-env/lib/python3.8/site-packages/airflow/example_dags/example_short_circuit_decorator.py for tasks to queue
[2024-06-18T13:22:47.391+0530] {logging_mixin.py:188} INFO - [2024-06-18T13:22:47.391+0530] {dagbag.py:545} INFO - Filling up the DagBag from /home/kiit/airflow-env/lib/python3.8/site-packages/airflow/example_dags/example_short_circuit_decorator.py
[2024-06-18T13:22:47.399+0530] {processor.py:840} INFO - DAG(s) 'example_short_circuit_decorator' retrieved from /home/kiit/airflow-env/lib/python3.8/site-packages/airflow/example_dags/example_short_circuit_decorator.py
[2024-06-18T13:22:47.416+0530] {logging_mixin.py:188} INFO - [2024-06-18T13:22:47.416+0530] {dag.py:3096} INFO - Sync 1 DAGs
[2024-06-18T13:22:47.435+0530] {logging_mixin.py:188} INFO - [2024-06-18T13:22:47.434+0530] {dag.py:3954} INFO - Setting next_dagrun for example_short_circuit_decorator to 2024-06-17 00:00:00+00:00, run_after=2024-06-18 00:00:00+00:00
[2024-06-18T13:22:47.460+0530] {processor.py:183} INFO - Processing /home/kiit/airflow-env/lib/python3.8/site-packages/airflow/example_dags/example_short_circuit_decorator.py took 0.080 seconds
[2024-06-18T13:23:44.274+0530] {processor.py:161} INFO - Started process (PID=26636) to work on /home/kiit/airflow-env/lib/python3.8/site-packages/airflow/example_dags/example_short_circuit_decorator.py
[2024-06-18T13:23:44.275+0530] {processor.py:830} INFO - Processing file /home/kiit/airflow-env/lib/python3.8/site-packages/airflow/example_dags/example_short_circuit_decorator.py for tasks to queue
[2024-06-18T13:23:44.277+0530] {logging_mixin.py:188} INFO - [2024-06-18T13:23:44.277+0530] {dagbag.py:545} INFO - Filling up the DagBag from /home/kiit/airflow-env/lib/python3.8/site-packages/airflow/example_dags/example_short_circuit_decorator.py
[2024-06-18T13:23:44.283+0530] {processor.py:840} INFO - DAG(s) 'example_short_circuit_decorator' retrieved from /home/kiit/airflow-env/lib/python3.8/site-packages/airflow/example_dags/example_short_circuit_decorator.py
[2024-06-18T13:23:44.295+0530] {logging_mixin.py:188} INFO - [2024-06-18T13:23:44.294+0530] {dag.py:3096} INFO - Sync 1 DAGs
[2024-06-18T13:23:44.306+0530] {logging_mixin.py:188} INFO - [2024-06-18T13:23:44.306+0530] {dag.py:3954} INFO - Setting next_dagrun for example_short_circuit_decorator to 2024-06-17 00:00:00+00:00, run_after=2024-06-18 00:00:00+00:00
[2024-06-18T13:23:44.323+0530] {processor.py:183} INFO - Processing /home/kiit/airflow-env/lib/python3.8/site-packages/airflow/example_dags/example_short_circuit_decorator.py took 0.053 seconds
[2024-06-18T13:24:45.362+0530] {processor.py:161} INFO - Started process (PID=26705) to work on /home/kiit/airflow-env/lib/python3.8/site-packages/airflow/example_dags/example_short_circuit_decorator.py
[2024-06-18T13:24:45.364+0530] {processor.py:830} INFO - Processing file /home/kiit/airflow-env/lib/python3.8/site-packages/airflow/example_dags/example_short_circuit_decorator.py for tasks to queue
[2024-06-18T13:24:45.365+0530] {logging_mixin.py:188} INFO - [2024-06-18T13:24:45.365+0530] {dagbag.py:545} INFO - Filling up the DagBag from /home/kiit/airflow-env/lib/python3.8/site-packages/airflow/example_dags/example_short_circuit_decorator.py
[2024-06-18T13:24:45.372+0530] {processor.py:840} INFO - DAG(s) 'example_short_circuit_decorator' retrieved from /home/kiit/airflow-env/lib/python3.8/site-packages/airflow/example_dags/example_short_circuit_decorator.py
[2024-06-18T13:24:45.386+0530] {logging_mixin.py:188} INFO - [2024-06-18T13:24:45.385+0530] {dag.py:3096} INFO - Sync 1 DAGs
[2024-06-18T13:24:45.399+0530] {logging_mixin.py:188} INFO - [2024-06-18T13:24:45.399+0530] {dag.py:3954} INFO - Setting next_dagrun for example_short_circuit_decorator to 2024-06-17 00:00:00+00:00, run_after=2024-06-18 00:00:00+00:00
[2024-06-18T13:24:45.418+0530] {processor.py:183} INFO - Processing /home/kiit/airflow-env/lib/python3.8/site-packages/airflow/example_dags/example_short_circuit_decorator.py took 0.061 seconds
[2024-06-18T13:25:39.804+0530] {processor.py:161} INFO - Started process (PID=26781) to work on /home/kiit/airflow-env/lib/python3.8/site-packages/airflow/example_dags/example_short_circuit_decorator.py
[2024-06-18T13:25:39.805+0530] {processor.py:830} INFO - Processing file /home/kiit/airflow-env/lib/python3.8/site-packages/airflow/example_dags/example_short_circuit_decorator.py for tasks to queue
[2024-06-18T13:25:39.807+0530] {logging_mixin.py:188} INFO - [2024-06-18T13:25:39.806+0530] {dagbag.py:545} INFO - Filling up the DagBag from /home/kiit/airflow-env/lib/python3.8/site-packages/airflow/example_dags/example_short_circuit_decorator.py
[2024-06-18T13:25:39.815+0530] {processor.py:840} INFO - DAG(s) 'example_short_circuit_decorator' retrieved from /home/kiit/airflow-env/lib/python3.8/site-packages/airflow/example_dags/example_short_circuit_decorator.py
[2024-06-18T13:25:39.829+0530] {logging_mixin.py:188} INFO - [2024-06-18T13:25:39.829+0530] {dag.py:3096} INFO - Sync 1 DAGs
[2024-06-18T13:25:39.846+0530] {logging_mixin.py:188} INFO - [2024-06-18T13:25:39.846+0530] {dag.py:3954} INFO - Setting next_dagrun for example_short_circuit_decorator to 2024-06-17 00:00:00+00:00, run_after=2024-06-18 00:00:00+00:00
[2024-06-18T13:25:39.866+0530] {processor.py:183} INFO - Processing /home/kiit/airflow-env/lib/python3.8/site-packages/airflow/example_dags/example_short_circuit_decorator.py took 0.067 seconds
[2024-06-18T13:26:40.975+0530] {processor.py:161} INFO - Started process (PID=26850) to work on /home/kiit/airflow-env/lib/python3.8/site-packages/airflow/example_dags/example_short_circuit_decorator.py
[2024-06-18T13:26:40.977+0530] {processor.py:830} INFO - Processing file /home/kiit/airflow-env/lib/python3.8/site-packages/airflow/example_dags/example_short_circuit_decorator.py for tasks to queue
[2024-06-18T13:26:40.980+0530] {logging_mixin.py:188} INFO - [2024-06-18T13:26:40.979+0530] {dagbag.py:545} INFO - Filling up the DagBag from /home/kiit/airflow-env/lib/python3.8/site-packages/airflow/example_dags/example_short_circuit_decorator.py
[2024-06-18T13:26:40.990+0530] {processor.py:840} INFO - DAG(s) 'example_short_circuit_decorator' retrieved from /home/kiit/airflow-env/lib/python3.8/site-packages/airflow/example_dags/example_short_circuit_decorator.py
[2024-06-18T13:26:41.036+0530] {logging_mixin.py:188} INFO - [2024-06-18T13:26:41.035+0530] {dag.py:3096} INFO - Sync 1 DAGs
[2024-06-18T13:26:41.101+0530] {logging_mixin.py:188} INFO - [2024-06-18T13:26:41.099+0530] {dag.py:3954} INFO - Setting next_dagrun for example_short_circuit_decorator to 2024-06-17 00:00:00+00:00, run_after=2024-06-18 00:00:00+00:00
[2024-06-18T13:26:41.163+0530] {processor.py:183} INFO - Processing /home/kiit/airflow-env/lib/python3.8/site-packages/airflow/example_dags/example_short_circuit_decorator.py took 0.196 seconds
[2024-06-18T13:27:31.990+0530] {processor.py:161} INFO - Started process (PID=26904) to work on /home/kiit/airflow-env/lib/python3.8/site-packages/airflow/example_dags/example_short_circuit_decorator.py
[2024-06-18T13:27:31.991+0530] {processor.py:830} INFO - Processing file /home/kiit/airflow-env/lib/python3.8/site-packages/airflow/example_dags/example_short_circuit_decorator.py for tasks to queue
[2024-06-18T13:27:31.993+0530] {logging_mixin.py:188} INFO - [2024-06-18T13:27:31.992+0530] {dagbag.py:545} INFO - Filling up the DagBag from /home/kiit/airflow-env/lib/python3.8/site-packages/airflow/example_dags/example_short_circuit_decorator.py
[2024-06-18T13:27:32.002+0530] {processor.py:840} INFO - DAG(s) 'example_short_circuit_decorator' retrieved from /home/kiit/airflow-env/lib/python3.8/site-packages/airflow/example_dags/example_short_circuit_decorator.py
[2024-06-18T13:27:32.020+0530] {logging_mixin.py:188} INFO - [2024-06-18T13:27:32.020+0530] {dag.py:3096} INFO - Sync 1 DAGs
[2024-06-18T13:27:32.040+0530] {logging_mixin.py:188} INFO - [2024-06-18T13:27:32.040+0530] {dag.py:3954} INFO - Setting next_dagrun for example_short_circuit_decorator to 2024-06-17 00:00:00+00:00, run_after=2024-06-18 00:00:00+00:00
[2024-06-18T13:27:32.065+0530] {processor.py:183} INFO - Processing /home/kiit/airflow-env/lib/python3.8/site-packages/airflow/example_dags/example_short_circuit_decorator.py took 0.083 seconds
[2024-06-18T13:28:31.595+0530] {processor.py:161} INFO - Started process (PID=26954) to work on /home/kiit/airflow-env/lib/python3.8/site-packages/airflow/example_dags/example_short_circuit_decorator.py
[2024-06-18T13:28:31.598+0530] {processor.py:830} INFO - Processing file /home/kiit/airflow-env/lib/python3.8/site-packages/airflow/example_dags/example_short_circuit_decorator.py for tasks to queue
[2024-06-18T13:28:31.610+0530] {logging_mixin.py:188} INFO - [2024-06-18T13:28:31.609+0530] {dagbag.py:545} INFO - Filling up the DagBag from /home/kiit/airflow-env/lib/python3.8/site-packages/airflow/example_dags/example_short_circuit_decorator.py
[2024-06-18T13:28:31.653+0530] {processor.py:840} INFO - DAG(s) 'example_short_circuit_decorator' retrieved from /home/kiit/airflow-env/lib/python3.8/site-packages/airflow/example_dags/example_short_circuit_decorator.py
[2024-06-18T13:28:31.797+0530] {logging_mixin.py:188} INFO - [2024-06-18T13:28:31.796+0530] {dag.py:3096} INFO - Sync 1 DAGs
[2024-06-18T13:28:31.947+0530] {logging_mixin.py:188} INFO - [2024-06-18T13:28:31.946+0530] {dag.py:3954} INFO - Setting next_dagrun for example_short_circuit_decorator to 2024-06-17 00:00:00+00:00, run_after=2024-06-18 00:00:00+00:00
[2024-06-18T13:28:32.073+0530] {processor.py:183} INFO - Processing /home/kiit/airflow-env/lib/python3.8/site-packages/airflow/example_dags/example_short_circuit_decorator.py took 0.504 seconds
[2024-06-18T13:29:44.092+0530] {processor.py:161} INFO - Started process (PID=27032) to work on /home/kiit/airflow-env/lib/python3.8/site-packages/airflow/example_dags/example_short_circuit_decorator.py
[2024-06-18T13:29:44.101+0530] {processor.py:830} INFO - Processing file /home/kiit/airflow-env/lib/python3.8/site-packages/airflow/example_dags/example_short_circuit_decorator.py for tasks to queue
[2024-06-18T13:29:44.107+0530] {logging_mixin.py:188} INFO - [2024-06-18T13:29:44.106+0530] {dagbag.py:545} INFO - Filling up the DagBag from /home/kiit/airflow-env/lib/python3.8/site-packages/airflow/example_dags/example_short_circuit_decorator.py
[2024-06-18T13:29:44.135+0530] {processor.py:840} INFO - DAG(s) 'example_short_circuit_decorator' retrieved from /home/kiit/airflow-env/lib/python3.8/site-packages/airflow/example_dags/example_short_circuit_decorator.py
[2024-06-18T13:29:44.207+0530] {logging_mixin.py:188} INFO - [2024-06-18T13:29:44.206+0530] {dag.py:3096} INFO - Sync 1 DAGs
[2024-06-18T13:29:44.274+0530] {logging_mixin.py:188} INFO - [2024-06-18T13:29:44.274+0530] {dag.py:3954} INFO - Setting next_dagrun for example_short_circuit_decorator to 2024-06-17 00:00:00+00:00, run_after=2024-06-18 00:00:00+00:00
[2024-06-18T13:29:44.345+0530] {processor.py:183} INFO - Processing /home/kiit/airflow-env/lib/python3.8/site-packages/airflow/example_dags/example_short_circuit_decorator.py took 0.272 seconds
[2024-06-18T13:30:35.802+0530] {processor.py:161} INFO - Started process (PID=27105) to work on /home/kiit/airflow-env/lib/python3.8/site-packages/airflow/example_dags/example_short_circuit_decorator.py
[2024-06-18T13:30:35.803+0530] {processor.py:830} INFO - Processing file /home/kiit/airflow-env/lib/python3.8/site-packages/airflow/example_dags/example_short_circuit_decorator.py for tasks to queue
[2024-06-18T13:30:35.804+0530] {logging_mixin.py:188} INFO - [2024-06-18T13:30:35.804+0530] {dagbag.py:545} INFO - Filling up the DagBag from /home/kiit/airflow-env/lib/python3.8/site-packages/airflow/example_dags/example_short_circuit_decorator.py
[2024-06-18T13:30:35.811+0530] {processor.py:840} INFO - DAG(s) 'example_short_circuit_decorator' retrieved from /home/kiit/airflow-env/lib/python3.8/site-packages/airflow/example_dags/example_short_circuit_decorator.py
[2024-06-18T13:30:35.826+0530] {logging_mixin.py:188} INFO - [2024-06-18T13:30:35.826+0530] {dag.py:3096} INFO - Sync 1 DAGs
[2024-06-18T13:30:35.841+0530] {logging_mixin.py:188} INFO - [2024-06-18T13:30:35.841+0530] {dag.py:3954} INFO - Setting next_dagrun for example_short_circuit_decorator to 2024-06-17 00:00:00+00:00, run_after=2024-06-18 00:00:00+00:00
[2024-06-18T13:30:35.869+0530] {processor.py:183} INFO - Processing /home/kiit/airflow-env/lib/python3.8/site-packages/airflow/example_dags/example_short_circuit_decorator.py took 0.076 seconds
[2024-06-18T13:31:30.267+0530] {processor.py:161} INFO - Started process (PID=27158) to work on /home/kiit/airflow-env/lib/python3.8/site-packages/airflow/example_dags/example_short_circuit_decorator.py
[2024-06-18T13:31:30.268+0530] {processor.py:830} INFO - Processing file /home/kiit/airflow-env/lib/python3.8/site-packages/airflow/example_dags/example_short_circuit_decorator.py for tasks to queue
[2024-06-18T13:31:30.270+0530] {logging_mixin.py:188} INFO - [2024-06-18T13:31:30.270+0530] {dagbag.py:545} INFO - Filling up the DagBag from /home/kiit/airflow-env/lib/python3.8/site-packages/airflow/example_dags/example_short_circuit_decorator.py
[2024-06-18T13:31:30.278+0530] {processor.py:840} INFO - DAG(s) 'example_short_circuit_decorator' retrieved from /home/kiit/airflow-env/lib/python3.8/site-packages/airflow/example_dags/example_short_circuit_decorator.py
[2024-06-18T13:31:30.292+0530] {logging_mixin.py:188} INFO - [2024-06-18T13:31:30.292+0530] {dag.py:3096} INFO - Sync 1 DAGs
[2024-06-18T13:31:30.306+0530] {logging_mixin.py:188} INFO - [2024-06-18T13:31:30.306+0530] {dag.py:3954} INFO - Setting next_dagrun for example_short_circuit_decorator to 2024-06-17 00:00:00+00:00, run_after=2024-06-18 00:00:00+00:00
[2024-06-18T13:31:30.325+0530] {processor.py:183} INFO - Processing /home/kiit/airflow-env/lib/python3.8/site-packages/airflow/example_dags/example_short_circuit_decorator.py took 0.065 seconds
[2024-06-18T13:32:19.791+0530] {processor.py:161} INFO - Started process (PID=27579) to work on /home/kiit/airflow-env/lib/python3.8/site-packages/airflow/example_dags/example_short_circuit_decorator.py
[2024-06-18T13:32:19.797+0530] {processor.py:830} INFO - Processing file /home/kiit/airflow-env/lib/python3.8/site-packages/airflow/example_dags/example_short_circuit_decorator.py for tasks to queue
[2024-06-18T13:32:19.799+0530] {logging_mixin.py:188} INFO - [2024-06-18T13:32:19.798+0530] {dagbag.py:545} INFO - Filling up the DagBag from /home/kiit/airflow-env/lib/python3.8/site-packages/airflow/example_dags/example_short_circuit_decorator.py
[2024-06-18T13:32:19.806+0530] {processor.py:840} INFO - DAG(s) 'example_short_circuit_decorator' retrieved from /home/kiit/airflow-env/lib/python3.8/site-packages/airflow/example_dags/example_short_circuit_decorator.py
[2024-06-18T13:32:19.824+0530] {logging_mixin.py:188} INFO - [2024-06-18T13:32:19.823+0530] {dag.py:3096} INFO - Sync 1 DAGs
[2024-06-18T13:32:19.837+0530] {logging_mixin.py:188} INFO - [2024-06-18T13:32:19.837+0530] {dag.py:3954} INFO - Setting next_dagrun for example_short_circuit_decorator to 2024-06-17 00:00:00+00:00, run_after=2024-06-18 00:00:00+00:00
[2024-06-18T13:32:19.855+0530] {processor.py:183} INFO - Processing /home/kiit/airflow-env/lib/python3.8/site-packages/airflow/example_dags/example_short_circuit_decorator.py took 0.069 seconds
[2024-06-18T13:33:06.358+0530] {processor.py:161} INFO - Started process (PID=28282) to work on /home/kiit/airflow-env/lib/python3.8/site-packages/airflow/example_dags/example_short_circuit_decorator.py
[2024-06-18T13:33:06.360+0530] {processor.py:830} INFO - Processing file /home/kiit/airflow-env/lib/python3.8/site-packages/airflow/example_dags/example_short_circuit_decorator.py for tasks to queue
[2024-06-18T13:33:06.362+0530] {logging_mixin.py:188} INFO - [2024-06-18T13:33:06.361+0530] {dagbag.py:545} INFO - Filling up the DagBag from /home/kiit/airflow-env/lib/python3.8/site-packages/airflow/example_dags/example_short_circuit_decorator.py
[2024-06-18T13:33:06.373+0530] {processor.py:840} INFO - DAG(s) 'example_short_circuit_decorator' retrieved from /home/kiit/airflow-env/lib/python3.8/site-packages/airflow/example_dags/example_short_circuit_decorator.py
[2024-06-18T13:33:06.394+0530] {logging_mixin.py:188} INFO - [2024-06-18T13:33:06.393+0530] {dag.py:3096} INFO - Sync 1 DAGs
[2024-06-18T13:33:06.416+0530] {logging_mixin.py:188} INFO - [2024-06-18T13:33:06.416+0530] {dag.py:3954} INFO - Setting next_dagrun for example_short_circuit_decorator to 2024-06-17 00:00:00+00:00, run_after=2024-06-18 00:00:00+00:00
[2024-06-18T13:33:06.447+0530] {processor.py:183} INFO - Processing /home/kiit/airflow-env/lib/python3.8/site-packages/airflow/example_dags/example_short_circuit_decorator.py took 0.096 seconds
[2024-06-18T13:34:08.388+0530] {processor.py:161} INFO - Started process (PID=30427) to work on /home/kiit/airflow-env/lib/python3.8/site-packages/airflow/example_dags/example_short_circuit_decorator.py
[2024-06-18T13:34:08.395+0530] {processor.py:830} INFO - Processing file /home/kiit/airflow-env/lib/python3.8/site-packages/airflow/example_dags/example_short_circuit_decorator.py for tasks to queue
[2024-06-18T13:34:08.397+0530] {logging_mixin.py:188} INFO - [2024-06-18T13:34:08.396+0530] {dagbag.py:545} INFO - Filling up the DagBag from /home/kiit/airflow-env/lib/python3.8/site-packages/airflow/example_dags/example_short_circuit_decorator.py
[2024-06-18T13:34:08.404+0530] {processor.py:840} INFO - DAG(s) 'example_short_circuit_decorator' retrieved from /home/kiit/airflow-env/lib/python3.8/site-packages/airflow/example_dags/example_short_circuit_decorator.py
[2024-06-18T13:34:08.420+0530] {logging_mixin.py:188} INFO - [2024-06-18T13:34:08.420+0530] {dag.py:3096} INFO - Sync 1 DAGs
[2024-06-18T13:34:08.433+0530] {logging_mixin.py:188} INFO - [2024-06-18T13:34:08.433+0530] {dag.py:3954} INFO - Setting next_dagrun for example_short_circuit_decorator to 2024-06-17 00:00:00+00:00, run_after=2024-06-18 00:00:00+00:00
[2024-06-18T13:34:08.453+0530] {processor.py:183} INFO - Processing /home/kiit/airflow-env/lib/python3.8/site-packages/airflow/example_dags/example_short_circuit_decorator.py took 0.069 seconds
[2024-06-18T13:35:06.264+0530] {processor.py:161} INFO - Started process (PID=30502) to work on /home/kiit/airflow-env/lib/python3.8/site-packages/airflow/example_dags/example_short_circuit_decorator.py
[2024-06-18T13:35:06.272+0530] {processor.py:830} INFO - Processing file /home/kiit/airflow-env/lib/python3.8/site-packages/airflow/example_dags/example_short_circuit_decorator.py for tasks to queue
[2024-06-18T13:35:06.273+0530] {logging_mixin.py:188} INFO - [2024-06-18T13:35:06.273+0530] {dagbag.py:545} INFO - Filling up the DagBag from /home/kiit/airflow-env/lib/python3.8/site-packages/airflow/example_dags/example_short_circuit_decorator.py
[2024-06-18T13:35:06.280+0530] {processor.py:840} INFO - DAG(s) 'example_short_circuit_decorator' retrieved from /home/kiit/airflow-env/lib/python3.8/site-packages/airflow/example_dags/example_short_circuit_decorator.py
[2024-06-18T13:35:06.295+0530] {logging_mixin.py:188} INFO - [2024-06-18T13:35:06.294+0530] {dag.py:3096} INFO - Sync 1 DAGs
[2024-06-18T13:35:06.309+0530] {logging_mixin.py:188} INFO - [2024-06-18T13:35:06.309+0530] {dag.py:3954} INFO - Setting next_dagrun for example_short_circuit_decorator to 2024-06-17 00:00:00+00:00, run_after=2024-06-18 00:00:00+00:00
[2024-06-18T13:35:06.329+0530] {processor.py:183} INFO - Processing /home/kiit/airflow-env/lib/python3.8/site-packages/airflow/example_dags/example_short_circuit_decorator.py took 0.071 seconds
[2024-06-18T13:35:50.494+0530] {processor.py:161} INFO - Started process (PID=30552) to work on /home/kiit/airflow-env/lib/python3.8/site-packages/airflow/example_dags/example_short_circuit_decorator.py
[2024-06-18T13:35:50.495+0530] {processor.py:830} INFO - Processing file /home/kiit/airflow-env/lib/python3.8/site-packages/airflow/example_dags/example_short_circuit_decorator.py for tasks to queue
[2024-06-18T13:35:50.497+0530] {logging_mixin.py:188} INFO - [2024-06-18T13:35:50.497+0530] {dagbag.py:545} INFO - Filling up the DagBag from /home/kiit/airflow-env/lib/python3.8/site-packages/airflow/example_dags/example_short_circuit_decorator.py
[2024-06-18T13:35:50.503+0530] {processor.py:840} INFO - DAG(s) 'example_short_circuit_decorator' retrieved from /home/kiit/airflow-env/lib/python3.8/site-packages/airflow/example_dags/example_short_circuit_decorator.py
[2024-06-18T13:35:50.520+0530] {logging_mixin.py:188} INFO - [2024-06-18T13:35:50.520+0530] {dag.py:3096} INFO - Sync 1 DAGs
[2024-06-18T13:35:50.538+0530] {logging_mixin.py:188} INFO - [2024-06-18T13:35:50.538+0530] {dag.py:3954} INFO - Setting next_dagrun for example_short_circuit_decorator to 2024-06-17 00:00:00+00:00, run_after=2024-06-18 00:00:00+00:00
[2024-06-18T13:35:50.556+0530] {processor.py:183} INFO - Processing /home/kiit/airflow-env/lib/python3.8/site-packages/airflow/example_dags/example_short_circuit_decorator.py took 0.068 seconds
[2024-06-18T13:36:33.921+0530] {processor.py:161} INFO - Started process (PID=30603) to work on /home/kiit/airflow-env/lib/python3.8/site-packages/airflow/example_dags/example_short_circuit_decorator.py
[2024-06-18T13:36:33.922+0530] {processor.py:830} INFO - Processing file /home/kiit/airflow-env/lib/python3.8/site-packages/airflow/example_dags/example_short_circuit_decorator.py for tasks to queue
[2024-06-18T13:36:33.924+0530] {logging_mixin.py:188} INFO - [2024-06-18T13:36:33.924+0530] {dagbag.py:545} INFO - Filling up the DagBag from /home/kiit/airflow-env/lib/python3.8/site-packages/airflow/example_dags/example_short_circuit_decorator.py
[2024-06-18T13:36:33.932+0530] {processor.py:840} INFO - DAG(s) 'example_short_circuit_decorator' retrieved from /home/kiit/airflow-env/lib/python3.8/site-packages/airflow/example_dags/example_short_circuit_decorator.py
[2024-06-18T13:36:33.946+0530] {logging_mixin.py:188} INFO - [2024-06-18T13:36:33.945+0530] {dag.py:3096} INFO - Sync 1 DAGs
[2024-06-18T13:36:33.964+0530] {logging_mixin.py:188} INFO - [2024-06-18T13:36:33.963+0530] {dag.py:3954} INFO - Setting next_dagrun for example_short_circuit_decorator to 2024-06-17 00:00:00+00:00, run_after=2024-06-18 00:00:00+00:00
[2024-06-18T13:36:33.986+0530] {processor.py:183} INFO - Processing /home/kiit/airflow-env/lib/python3.8/site-packages/airflow/example_dags/example_short_circuit_decorator.py took 0.073 seconds
[2024-06-18T13:37:34.859+0530] {processor.py:161} INFO - Started process (PID=30672) to work on /home/kiit/airflow-env/lib/python3.8/site-packages/airflow/example_dags/example_short_circuit_decorator.py
[2024-06-18T13:37:34.861+0530] {processor.py:830} INFO - Processing file /home/kiit/airflow-env/lib/python3.8/site-packages/airflow/example_dags/example_short_circuit_decorator.py for tasks to queue
[2024-06-18T13:37:34.862+0530] {logging_mixin.py:188} INFO - [2024-06-18T13:37:34.862+0530] {dagbag.py:545} INFO - Filling up the DagBag from /home/kiit/airflow-env/lib/python3.8/site-packages/airflow/example_dags/example_short_circuit_decorator.py
[2024-06-18T13:37:34.873+0530] {processor.py:840} INFO - DAG(s) 'example_short_circuit_decorator' retrieved from /home/kiit/airflow-env/lib/python3.8/site-packages/airflow/example_dags/example_short_circuit_decorator.py
[2024-06-18T13:37:34.897+0530] {logging_mixin.py:188} INFO - [2024-06-18T13:37:34.897+0530] {dag.py:3096} INFO - Sync 1 DAGs
[2024-06-18T13:37:34.919+0530] {logging_mixin.py:188} INFO - [2024-06-18T13:37:34.918+0530] {dag.py:3954} INFO - Setting next_dagrun for example_short_circuit_decorator to 2024-06-17 00:00:00+00:00, run_after=2024-06-18 00:00:00+00:00
[2024-06-18T13:37:34.949+0530] {processor.py:183} INFO - Processing /home/kiit/airflow-env/lib/python3.8/site-packages/airflow/example_dags/example_short_circuit_decorator.py took 0.098 seconds
[2024-06-18T13:38:23.921+0530] {processor.py:161} INFO - Started process (PID=30723) to work on /home/kiit/airflow-env/lib/python3.8/site-packages/airflow/example_dags/example_short_circuit_decorator.py
[2024-06-18T13:38:23.925+0530] {processor.py:830} INFO - Processing file /home/kiit/airflow-env/lib/python3.8/site-packages/airflow/example_dags/example_short_circuit_decorator.py for tasks to queue
[2024-06-18T13:38:23.935+0530] {logging_mixin.py:188} INFO - [2024-06-18T13:38:23.934+0530] {dagbag.py:545} INFO - Filling up the DagBag from /home/kiit/airflow-env/lib/python3.8/site-packages/airflow/example_dags/example_short_circuit_decorator.py
[2024-06-18T13:38:23.986+0530] {processor.py:840} INFO - DAG(s) 'example_short_circuit_decorator' retrieved from /home/kiit/airflow-env/lib/python3.8/site-packages/airflow/example_dags/example_short_circuit_decorator.py
[2024-06-18T13:38:24.084+0530] {logging_mixin.py:188} INFO - [2024-06-18T13:38:24.083+0530] {dag.py:3096} INFO - Sync 1 DAGs
[2024-06-18T13:38:24.233+0530] {logging_mixin.py:188} INFO - [2024-06-18T13:38:24.232+0530] {dag.py:3954} INFO - Setting next_dagrun for example_short_circuit_decorator to 2024-06-17 00:00:00+00:00, run_after=2024-06-18 00:00:00+00:00
[2024-06-18T13:38:24.427+0530] {processor.py:183} INFO - Processing /home/kiit/airflow-env/lib/python3.8/site-packages/airflow/example_dags/example_short_circuit_decorator.py took 0.534 seconds
[2024-06-18T13:39:16.699+0530] {processor.py:161} INFO - Started process (PID=30783) to work on /home/kiit/airflow-env/lib/python3.8/site-packages/airflow/example_dags/example_short_circuit_decorator.py
[2024-06-18T13:39:16.707+0530] {processor.py:830} INFO - Processing file /home/kiit/airflow-env/lib/python3.8/site-packages/airflow/example_dags/example_short_circuit_decorator.py for tasks to queue
[2024-06-18T13:39:16.708+0530] {logging_mixin.py:188} INFO - [2024-06-18T13:39:16.708+0530] {dagbag.py:545} INFO - Filling up the DagBag from /home/kiit/airflow-env/lib/python3.8/site-packages/airflow/example_dags/example_short_circuit_decorator.py
[2024-06-18T13:39:16.714+0530] {processor.py:840} INFO - DAG(s) 'example_short_circuit_decorator' retrieved from /home/kiit/airflow-env/lib/python3.8/site-packages/airflow/example_dags/example_short_circuit_decorator.py
[2024-06-18T13:39:16.729+0530] {logging_mixin.py:188} INFO - [2024-06-18T13:39:16.729+0530] {dag.py:3096} INFO - Sync 1 DAGs
[2024-06-18T13:39:16.741+0530] {logging_mixin.py:188} INFO - [2024-06-18T13:39:16.741+0530] {dag.py:3954} INFO - Setting next_dagrun for example_short_circuit_decorator to 2024-06-17 00:00:00+00:00, run_after=2024-06-18 00:00:00+00:00
[2024-06-18T13:39:16.759+0530] {processor.py:183} INFO - Processing /home/kiit/airflow-env/lib/python3.8/site-packages/airflow/example_dags/example_short_circuit_decorator.py took 0.066 seconds
[2024-06-18T13:40:17.341+0530] {processor.py:161} INFO - Started process (PID=30925) to work on /home/kiit/airflow-env/lib/python3.8/site-packages/airflow/example_dags/example_short_circuit_decorator.py
[2024-06-18T13:40:17.348+0530] {processor.py:830} INFO - Processing file /home/kiit/airflow-env/lib/python3.8/site-packages/airflow/example_dags/example_short_circuit_decorator.py for tasks to queue
[2024-06-18T13:40:17.350+0530] {logging_mixin.py:188} INFO - [2024-06-18T13:40:17.349+0530] {dagbag.py:545} INFO - Filling up the DagBag from /home/kiit/airflow-env/lib/python3.8/site-packages/airflow/example_dags/example_short_circuit_decorator.py
[2024-06-18T13:40:17.356+0530] {processor.py:840} INFO - DAG(s) 'example_short_circuit_decorator' retrieved from /home/kiit/airflow-env/lib/python3.8/site-packages/airflow/example_dags/example_short_circuit_decorator.py
[2024-06-18T13:40:17.369+0530] {logging_mixin.py:188} INFO - [2024-06-18T13:40:17.369+0530] {dag.py:3096} INFO - Sync 1 DAGs
[2024-06-18T13:40:17.384+0530] {logging_mixin.py:188} INFO - [2024-06-18T13:40:17.384+0530] {dag.py:3954} INFO - Setting next_dagrun for example_short_circuit_decorator to 2024-06-17 00:00:00+00:00, run_after=2024-06-18 00:00:00+00:00
[2024-06-18T13:40:17.405+0530] {processor.py:183} INFO - Processing /home/kiit/airflow-env/lib/python3.8/site-packages/airflow/example_dags/example_short_circuit_decorator.py took 0.068 seconds
[2024-06-18T13:41:19.521+0530] {processor.py:161} INFO - Started process (PID=30995) to work on /home/kiit/airflow-env/lib/python3.8/site-packages/airflow/example_dags/example_short_circuit_decorator.py
[2024-06-18T13:41:19.522+0530] {processor.py:830} INFO - Processing file /home/kiit/airflow-env/lib/python3.8/site-packages/airflow/example_dags/example_short_circuit_decorator.py for tasks to queue
[2024-06-18T13:41:19.523+0530] {logging_mixin.py:188} INFO - [2024-06-18T13:41:19.523+0530] {dagbag.py:545} INFO - Filling up the DagBag from /home/kiit/airflow-env/lib/python3.8/site-packages/airflow/example_dags/example_short_circuit_decorator.py
[2024-06-18T13:41:19.531+0530] {processor.py:840} INFO - DAG(s) 'example_short_circuit_decorator' retrieved from /home/kiit/airflow-env/lib/python3.8/site-packages/airflow/example_dags/example_short_circuit_decorator.py
[2024-06-18T13:41:19.548+0530] {logging_mixin.py:188} INFO - [2024-06-18T13:41:19.548+0530] {dag.py:3096} INFO - Sync 1 DAGs
[2024-06-18T13:41:19.564+0530] {logging_mixin.py:188} INFO - [2024-06-18T13:41:19.563+0530] {dag.py:3954} INFO - Setting next_dagrun for example_short_circuit_decorator to 2024-06-17 00:00:00+00:00, run_after=2024-06-18 00:00:00+00:00
[2024-06-18T13:41:19.588+0530] {processor.py:183} INFO - Processing /home/kiit/airflow-env/lib/python3.8/site-packages/airflow/example_dags/example_short_circuit_decorator.py took 0.073 seconds
[2024-06-18T15:05:49.977+0530] {processor.py:161} INFO - Started process (PID=33622) to work on /home/kiit/airflow-env/lib/python3.8/site-packages/airflow/example_dags/example_short_circuit_decorator.py
[2024-06-18T15:05:49.979+0530] {processor.py:830} INFO - Processing file /home/kiit/airflow-env/lib/python3.8/site-packages/airflow/example_dags/example_short_circuit_decorator.py for tasks to queue
[2024-06-18T15:05:49.981+0530] {logging_mixin.py:188} INFO - [2024-06-18T15:05:49.980+0530] {dagbag.py:545} INFO - Filling up the DagBag from /home/kiit/airflow-env/lib/python3.8/site-packages/airflow/example_dags/example_short_circuit_decorator.py
[2024-06-18T15:05:49.992+0530] {processor.py:840} INFO - DAG(s) 'example_short_circuit_decorator' retrieved from /home/kiit/airflow-env/lib/python3.8/site-packages/airflow/example_dags/example_short_circuit_decorator.py
[2024-06-18T15:05:50.004+0530] {logging_mixin.py:188} INFO - [2024-06-18T15:05:50.004+0530] {dag.py:3096} INFO - Sync 1 DAGs
[2024-06-18T15:05:50.026+0530] {logging_mixin.py:188} INFO - [2024-06-18T15:05:50.026+0530] {dag.py:3954} INFO - Setting next_dagrun for example_short_circuit_decorator to 2024-06-17 00:00:00+00:00, run_after=2024-06-18 00:00:00+00:00
[2024-06-18T15:05:50.050+0530] {processor.py:183} INFO - Processing /home/kiit/airflow-env/lib/python3.8/site-packages/airflow/example_dags/example_short_circuit_decorator.py took 0.079 seconds
[2024-06-18T15:06:23.376+0530] {processor.py:161} INFO - Started process (PID=33681) to work on /home/kiit/airflow-env/lib/python3.8/site-packages/airflow/example_dags/example_short_circuit_decorator.py
[2024-06-18T15:06:23.376+0530] {processor.py:830} INFO - Processing file /home/kiit/airflow-env/lib/python3.8/site-packages/airflow/example_dags/example_short_circuit_decorator.py for tasks to queue
[2024-06-18T15:06:23.378+0530] {logging_mixin.py:188} INFO - [2024-06-18T15:06:23.378+0530] {dagbag.py:545} INFO - Filling up the DagBag from /home/kiit/airflow-env/lib/python3.8/site-packages/airflow/example_dags/example_short_circuit_decorator.py
[2024-06-18T15:06:23.387+0530] {processor.py:840} INFO - DAG(s) 'example_short_circuit_decorator' retrieved from /home/kiit/airflow-env/lib/python3.8/site-packages/airflow/example_dags/example_short_circuit_decorator.py
[2024-06-18T15:06:23.571+0530] {logging_mixin.py:188} INFO - [2024-06-18T15:06:23.571+0530] {dag.py:3096} INFO - Sync 1 DAGs
[2024-06-18T15:06:23.589+0530] {logging_mixin.py:188} INFO - [2024-06-18T15:06:23.589+0530] {dag.py:3954} INFO - Setting next_dagrun for example_short_circuit_decorator to 2024-06-17 00:00:00+00:00, run_after=2024-06-18 00:00:00+00:00
[2024-06-18T15:06:23.634+0530] {processor.py:183} INFO - Processing /home/kiit/airflow-env/lib/python3.8/site-packages/airflow/example_dags/example_short_circuit_decorator.py took 0.266 seconds
[2024-06-18T15:06:53.721+0530] {processor.py:161} INFO - Started process (PID=33740) to work on /home/kiit/airflow-env/lib/python3.8/site-packages/airflow/example_dags/example_short_circuit_decorator.py
[2024-06-18T15:06:53.722+0530] {processor.py:830} INFO - Processing file /home/kiit/airflow-env/lib/python3.8/site-packages/airflow/example_dags/example_short_circuit_decorator.py for tasks to queue
[2024-06-18T15:06:53.723+0530] {logging_mixin.py:188} INFO - [2024-06-18T15:06:53.723+0530] {dagbag.py:545} INFO - Filling up the DagBag from /home/kiit/airflow-env/lib/python3.8/site-packages/airflow/example_dags/example_short_circuit_decorator.py
[2024-06-18T15:06:53.735+0530] {processor.py:840} INFO - DAG(s) 'example_short_circuit_decorator' retrieved from /home/kiit/airflow-env/lib/python3.8/site-packages/airflow/example_dags/example_short_circuit_decorator.py
[2024-06-18T15:06:53.759+0530] {logging_mixin.py:188} INFO - [2024-06-18T15:06:53.758+0530] {dag.py:3096} INFO - Sync 1 DAGs
[2024-06-18T15:06:53.782+0530] {logging_mixin.py:188} INFO - [2024-06-18T15:06:53.782+0530] {dag.py:3954} INFO - Setting next_dagrun for example_short_circuit_decorator to 2024-06-17 00:00:00+00:00, run_after=2024-06-18 00:00:00+00:00
[2024-06-18T15:06:53.808+0530] {processor.py:183} INFO - Processing /home/kiit/airflow-env/lib/python3.8/site-packages/airflow/example_dags/example_short_circuit_decorator.py took 0.092 seconds
[2024-06-18T15:07:24.582+0530] {processor.py:161} INFO - Started process (PID=33799) to work on /home/kiit/airflow-env/lib/python3.8/site-packages/airflow/example_dags/example_short_circuit_decorator.py
[2024-06-18T15:07:24.583+0530] {processor.py:830} INFO - Processing file /home/kiit/airflow-env/lib/python3.8/site-packages/airflow/example_dags/example_short_circuit_decorator.py for tasks to queue
[2024-06-18T15:07:24.584+0530] {logging_mixin.py:188} INFO - [2024-06-18T15:07:24.584+0530] {dagbag.py:545} INFO - Filling up the DagBag from /home/kiit/airflow-env/lib/python3.8/site-packages/airflow/example_dags/example_short_circuit_decorator.py
[2024-06-18T15:07:24.595+0530] {processor.py:840} INFO - DAG(s) 'example_short_circuit_decorator' retrieved from /home/kiit/airflow-env/lib/python3.8/site-packages/airflow/example_dags/example_short_circuit_decorator.py
[2024-06-18T15:07:24.617+0530] {logging_mixin.py:188} INFO - [2024-06-18T15:07:24.616+0530] {dag.py:3096} INFO - Sync 1 DAGs
[2024-06-18T15:07:24.638+0530] {logging_mixin.py:188} INFO - [2024-06-18T15:07:24.638+0530] {dag.py:3954} INFO - Setting next_dagrun for example_short_circuit_decorator to 2024-06-17 00:00:00+00:00, run_after=2024-06-18 00:00:00+00:00
[2024-06-18T15:07:24.666+0530] {processor.py:183} INFO - Processing /home/kiit/airflow-env/lib/python3.8/site-packages/airflow/example_dags/example_short_circuit_decorator.py took 0.090 seconds
[2024-06-18T15:07:55.309+0530] {processor.py:161} INFO - Started process (PID=33858) to work on /home/kiit/airflow-env/lib/python3.8/site-packages/airflow/example_dags/example_short_circuit_decorator.py
[2024-06-18T15:07:55.310+0530] {processor.py:830} INFO - Processing file /home/kiit/airflow-env/lib/python3.8/site-packages/airflow/example_dags/example_short_circuit_decorator.py for tasks to queue
[2024-06-18T15:07:55.313+0530] {logging_mixin.py:188} INFO - [2024-06-18T15:07:55.312+0530] {dagbag.py:545} INFO - Filling up the DagBag from /home/kiit/airflow-env/lib/python3.8/site-packages/airflow/example_dags/example_short_circuit_decorator.py
[2024-06-18T15:07:55.323+0530] {processor.py:840} INFO - DAG(s) 'example_short_circuit_decorator' retrieved from /home/kiit/airflow-env/lib/python3.8/site-packages/airflow/example_dags/example_short_circuit_decorator.py
[2024-06-18T15:07:55.352+0530] {logging_mixin.py:188} INFO - [2024-06-18T15:07:55.352+0530] {dag.py:3096} INFO - Sync 1 DAGs
[2024-06-18T15:07:55.379+0530] {logging_mixin.py:188} INFO - [2024-06-18T15:07:55.379+0530] {dag.py:3954} INFO - Setting next_dagrun for example_short_circuit_decorator to 2024-06-17 00:00:00+00:00, run_after=2024-06-18 00:00:00+00:00
[2024-06-18T15:07:55.407+0530] {processor.py:183} INFO - Processing /home/kiit/airflow-env/lib/python3.8/site-packages/airflow/example_dags/example_short_circuit_decorator.py took 0.106 seconds
[2024-06-18T15:08:26.387+0530] {processor.py:161} INFO - Started process (PID=33917) to work on /home/kiit/airflow-env/lib/python3.8/site-packages/airflow/example_dags/example_short_circuit_decorator.py
[2024-06-18T15:08:26.388+0530] {processor.py:830} INFO - Processing file /home/kiit/airflow-env/lib/python3.8/site-packages/airflow/example_dags/example_short_circuit_decorator.py for tasks to queue
[2024-06-18T15:08:26.389+0530] {logging_mixin.py:188} INFO - [2024-06-18T15:08:26.389+0530] {dagbag.py:545} INFO - Filling up the DagBag from /home/kiit/airflow-env/lib/python3.8/site-packages/airflow/example_dags/example_short_circuit_decorator.py
[2024-06-18T15:08:26.401+0530] {processor.py:840} INFO - DAG(s) 'example_short_circuit_decorator' retrieved from /home/kiit/airflow-env/lib/python3.8/site-packages/airflow/example_dags/example_short_circuit_decorator.py
[2024-06-18T15:08:26.428+0530] {logging_mixin.py:188} INFO - [2024-06-18T15:08:26.428+0530] {dag.py:3096} INFO - Sync 1 DAGs
[2024-06-18T15:08:26.456+0530] {logging_mixin.py:188} INFO - [2024-06-18T15:08:26.455+0530] {dag.py:3954} INFO - Setting next_dagrun for example_short_circuit_decorator to 2024-06-17 00:00:00+00:00, run_after=2024-06-18 00:00:00+00:00
[2024-06-18T15:08:26.488+0530] {processor.py:183} INFO - Processing /home/kiit/airflow-env/lib/python3.8/site-packages/airflow/example_dags/example_short_circuit_decorator.py took 0.110 seconds
[2024-06-18T15:08:57.263+0530] {processor.py:161} INFO - Started process (PID=33977) to work on /home/kiit/airflow-env/lib/python3.8/site-packages/airflow/example_dags/example_short_circuit_decorator.py
[2024-06-18T15:08:57.264+0530] {processor.py:830} INFO - Processing file /home/kiit/airflow-env/lib/python3.8/site-packages/airflow/example_dags/example_short_circuit_decorator.py for tasks to queue
[2024-06-18T15:08:57.266+0530] {logging_mixin.py:188} INFO - [2024-06-18T15:08:57.265+0530] {dagbag.py:545} INFO - Filling up the DagBag from /home/kiit/airflow-env/lib/python3.8/site-packages/airflow/example_dags/example_short_circuit_decorator.py
[2024-06-18T15:08:57.276+0530] {processor.py:840} INFO - DAG(s) 'example_short_circuit_decorator' retrieved from /home/kiit/airflow-env/lib/python3.8/site-packages/airflow/example_dags/example_short_circuit_decorator.py
[2024-06-18T15:08:57.300+0530] {logging_mixin.py:188} INFO - [2024-06-18T15:08:57.300+0530] {dag.py:3096} INFO - Sync 1 DAGs
[2024-06-18T15:08:57.319+0530] {logging_mixin.py:188} INFO - [2024-06-18T15:08:57.319+0530] {dag.py:3954} INFO - Setting next_dagrun for example_short_circuit_decorator to 2024-06-17 00:00:00+00:00, run_after=2024-06-18 00:00:00+00:00
[2024-06-18T15:08:57.343+0530] {processor.py:183} INFO - Processing /home/kiit/airflow-env/lib/python3.8/site-packages/airflow/example_dags/example_short_circuit_decorator.py took 0.087 seconds
[2024-06-18T15:09:27.627+0530] {processor.py:161} INFO - Started process (PID=34037) to work on /home/kiit/airflow-env/lib/python3.8/site-packages/airflow/example_dags/example_short_circuit_decorator.py
[2024-06-18T15:09:27.628+0530] {processor.py:830} INFO - Processing file /home/kiit/airflow-env/lib/python3.8/site-packages/airflow/example_dags/example_short_circuit_decorator.py for tasks to queue
[2024-06-18T15:09:27.629+0530] {logging_mixin.py:188} INFO - [2024-06-18T15:09:27.629+0530] {dagbag.py:545} INFO - Filling up the DagBag from /home/kiit/airflow-env/lib/python3.8/site-packages/airflow/example_dags/example_short_circuit_decorator.py
[2024-06-18T15:09:27.637+0530] {processor.py:840} INFO - DAG(s) 'example_short_circuit_decorator' retrieved from /home/kiit/airflow-env/lib/python3.8/site-packages/airflow/example_dags/example_short_circuit_decorator.py
[2024-06-18T15:09:27.655+0530] {logging_mixin.py:188} INFO - [2024-06-18T15:09:27.655+0530] {dag.py:3096} INFO - Sync 1 DAGs
[2024-06-18T15:09:27.671+0530] {logging_mixin.py:188} INFO - [2024-06-18T15:09:27.671+0530] {dag.py:3954} INFO - Setting next_dagrun for example_short_circuit_decorator to 2024-06-17 00:00:00+00:00, run_after=2024-06-18 00:00:00+00:00
[2024-06-18T15:09:27.692+0530] {processor.py:183} INFO - Processing /home/kiit/airflow-env/lib/python3.8/site-packages/airflow/example_dags/example_short_circuit_decorator.py took 0.069 seconds
[2024-06-18T15:09:57.902+0530] {processor.py:161} INFO - Started process (PID=34096) to work on /home/kiit/airflow-env/lib/python3.8/site-packages/airflow/example_dags/example_short_circuit_decorator.py
[2024-06-18T15:09:57.903+0530] {processor.py:830} INFO - Processing file /home/kiit/airflow-env/lib/python3.8/site-packages/airflow/example_dags/example_short_circuit_decorator.py for tasks to queue
[2024-06-18T15:09:57.904+0530] {logging_mixin.py:188} INFO - [2024-06-18T15:09:57.904+0530] {dagbag.py:545} INFO - Filling up the DagBag from /home/kiit/airflow-env/lib/python3.8/site-packages/airflow/example_dags/example_short_circuit_decorator.py
[2024-06-18T15:09:57.911+0530] {processor.py:840} INFO - DAG(s) 'example_short_circuit_decorator' retrieved from /home/kiit/airflow-env/lib/python3.8/site-packages/airflow/example_dags/example_short_circuit_decorator.py
[2024-06-18T15:09:57.931+0530] {logging_mixin.py:188} INFO - [2024-06-18T15:09:57.931+0530] {dag.py:3096} INFO - Sync 1 DAGs
[2024-06-18T15:09:57.946+0530] {logging_mixin.py:188} INFO - [2024-06-18T15:09:57.946+0530] {dag.py:3954} INFO - Setting next_dagrun for example_short_circuit_decorator to 2024-06-17 00:00:00+00:00, run_after=2024-06-18 00:00:00+00:00
[2024-06-18T15:09:57.966+0530] {processor.py:183} INFO - Processing /home/kiit/airflow-env/lib/python3.8/site-packages/airflow/example_dags/example_short_circuit_decorator.py took 0.069 seconds
[2024-06-18T15:10:28.129+0530] {processor.py:161} INFO - Started process (PID=34156) to work on /home/kiit/airflow-env/lib/python3.8/site-packages/airflow/example_dags/example_short_circuit_decorator.py
[2024-06-18T15:10:28.130+0530] {processor.py:830} INFO - Processing file /home/kiit/airflow-env/lib/python3.8/site-packages/airflow/example_dags/example_short_circuit_decorator.py for tasks to queue
[2024-06-18T15:10:28.132+0530] {logging_mixin.py:188} INFO - [2024-06-18T15:10:28.131+0530] {dagbag.py:545} INFO - Filling up the DagBag from /home/kiit/airflow-env/lib/python3.8/site-packages/airflow/example_dags/example_short_circuit_decorator.py
[2024-06-18T15:10:28.140+0530] {processor.py:840} INFO - DAG(s) 'example_short_circuit_decorator' retrieved from /home/kiit/airflow-env/lib/python3.8/site-packages/airflow/example_dags/example_short_circuit_decorator.py
[2024-06-18T15:10:28.162+0530] {logging_mixin.py:188} INFO - [2024-06-18T15:10:28.162+0530] {dag.py:3096} INFO - Sync 1 DAGs
[2024-06-18T15:10:28.182+0530] {logging_mixin.py:188} INFO - [2024-06-18T15:10:28.182+0530] {dag.py:3954} INFO - Setting next_dagrun for example_short_circuit_decorator to 2024-06-17 00:00:00+00:00, run_after=2024-06-18 00:00:00+00:00
[2024-06-18T15:10:28.203+0530] {processor.py:183} INFO - Processing /home/kiit/airflow-env/lib/python3.8/site-packages/airflow/example_dags/example_short_circuit_decorator.py took 0.081 seconds
[2024-06-18T15:10:58.505+0530] {processor.py:161} INFO - Started process (PID=34215) to work on /home/kiit/airflow-env/lib/python3.8/site-packages/airflow/example_dags/example_short_circuit_decorator.py
[2024-06-18T15:10:58.506+0530] {processor.py:830} INFO - Processing file /home/kiit/airflow-env/lib/python3.8/site-packages/airflow/example_dags/example_short_circuit_decorator.py for tasks to queue
[2024-06-18T15:10:58.508+0530] {logging_mixin.py:188} INFO - [2024-06-18T15:10:58.507+0530] {dagbag.py:545} INFO - Filling up the DagBag from /home/kiit/airflow-env/lib/python3.8/site-packages/airflow/example_dags/example_short_circuit_decorator.py
[2024-06-18T15:10:58.515+0530] {processor.py:840} INFO - DAG(s) 'example_short_circuit_decorator' retrieved from /home/kiit/airflow-env/lib/python3.8/site-packages/airflow/example_dags/example_short_circuit_decorator.py
[2024-06-18T15:10:58.532+0530] {logging_mixin.py:188} INFO - [2024-06-18T15:10:58.532+0530] {dag.py:3096} INFO - Sync 1 DAGs
[2024-06-18T15:10:58.547+0530] {logging_mixin.py:188} INFO - [2024-06-18T15:10:58.547+0530] {dag.py:3954} INFO - Setting next_dagrun for example_short_circuit_decorator to 2024-06-17 00:00:00+00:00, run_after=2024-06-18 00:00:00+00:00
[2024-06-18T15:10:58.568+0530] {processor.py:183} INFO - Processing /home/kiit/airflow-env/lib/python3.8/site-packages/airflow/example_dags/example_short_circuit_decorator.py took 0.068 seconds
[2024-06-18T15:11:28.677+0530] {processor.py:161} INFO - Started process (PID=34274) to work on /home/kiit/airflow-env/lib/python3.8/site-packages/airflow/example_dags/example_short_circuit_decorator.py
[2024-06-18T15:11:28.677+0530] {processor.py:830} INFO - Processing file /home/kiit/airflow-env/lib/python3.8/site-packages/airflow/example_dags/example_short_circuit_decorator.py for tasks to queue
[2024-06-18T15:11:28.679+0530] {logging_mixin.py:188} INFO - [2024-06-18T15:11:28.678+0530] {dagbag.py:545} INFO - Filling up the DagBag from /home/kiit/airflow-env/lib/python3.8/site-packages/airflow/example_dags/example_short_circuit_decorator.py
[2024-06-18T15:11:28.685+0530] {processor.py:840} INFO - DAG(s) 'example_short_circuit_decorator' retrieved from /home/kiit/airflow-env/lib/python3.8/site-packages/airflow/example_dags/example_short_circuit_decorator.py
[2024-06-18T15:11:28.704+0530] {logging_mixin.py:188} INFO - [2024-06-18T15:11:28.704+0530] {dag.py:3096} INFO - Sync 1 DAGs
[2024-06-18T15:11:28.720+0530] {logging_mixin.py:188} INFO - [2024-06-18T15:11:28.720+0530] {dag.py:3954} INFO - Setting next_dagrun for example_short_circuit_decorator to 2024-06-17 00:00:00+00:00, run_after=2024-06-18 00:00:00+00:00
[2024-06-18T15:11:28.739+0530] {processor.py:183} INFO - Processing /home/kiit/airflow-env/lib/python3.8/site-packages/airflow/example_dags/example_short_circuit_decorator.py took 0.067 seconds
[2024-06-18T15:11:58.884+0530] {processor.py:161} INFO - Started process (PID=34333) to work on /home/kiit/airflow-env/lib/python3.8/site-packages/airflow/example_dags/example_short_circuit_decorator.py
[2024-06-18T15:11:58.885+0530] {processor.py:830} INFO - Processing file /home/kiit/airflow-env/lib/python3.8/site-packages/airflow/example_dags/example_short_circuit_decorator.py for tasks to queue
[2024-06-18T15:11:58.887+0530] {logging_mixin.py:188} INFO - [2024-06-18T15:11:58.886+0530] {dagbag.py:545} INFO - Filling up the DagBag from /home/kiit/airflow-env/lib/python3.8/site-packages/airflow/example_dags/example_short_circuit_decorator.py
[2024-06-18T15:11:58.893+0530] {processor.py:840} INFO - DAG(s) 'example_short_circuit_decorator' retrieved from /home/kiit/airflow-env/lib/python3.8/site-packages/airflow/example_dags/example_short_circuit_decorator.py
[2024-06-18T15:11:58.910+0530] {logging_mixin.py:188} INFO - [2024-06-18T15:11:58.910+0530] {dag.py:3096} INFO - Sync 1 DAGs
[2024-06-18T15:11:58.925+0530] {logging_mixin.py:188} INFO - [2024-06-18T15:11:58.925+0530] {dag.py:3954} INFO - Setting next_dagrun for example_short_circuit_decorator to 2024-06-17 00:00:00+00:00, run_after=2024-06-18 00:00:00+00:00
[2024-06-18T15:11:58.946+0530] {processor.py:183} INFO - Processing /home/kiit/airflow-env/lib/python3.8/site-packages/airflow/example_dags/example_short_circuit_decorator.py took 0.067 seconds
[2024-06-18T15:12:29.224+0530] {processor.py:161} INFO - Started process (PID=34393) to work on /home/kiit/airflow-env/lib/python3.8/site-packages/airflow/example_dags/example_short_circuit_decorator.py
[2024-06-18T15:12:29.225+0530] {processor.py:830} INFO - Processing file /home/kiit/airflow-env/lib/python3.8/site-packages/airflow/example_dags/example_short_circuit_decorator.py for tasks to queue
[2024-06-18T15:12:29.226+0530] {logging_mixin.py:188} INFO - [2024-06-18T15:12:29.226+0530] {dagbag.py:545} INFO - Filling up the DagBag from /home/kiit/airflow-env/lib/python3.8/site-packages/airflow/example_dags/example_short_circuit_decorator.py
[2024-06-18T15:12:29.234+0530] {processor.py:840} INFO - DAG(s) 'example_short_circuit_decorator' retrieved from /home/kiit/airflow-env/lib/python3.8/site-packages/airflow/example_dags/example_short_circuit_decorator.py
[2024-06-18T15:12:29.254+0530] {logging_mixin.py:188} INFO - [2024-06-18T15:12:29.254+0530] {dag.py:3096} INFO - Sync 1 DAGs
[2024-06-18T15:12:29.270+0530] {logging_mixin.py:188} INFO - [2024-06-18T15:12:29.270+0530] {dag.py:3954} INFO - Setting next_dagrun for example_short_circuit_decorator to 2024-06-17 00:00:00+00:00, run_after=2024-06-18 00:00:00+00:00
[2024-06-18T15:12:29.290+0530] {processor.py:183} INFO - Processing /home/kiit/airflow-env/lib/python3.8/site-packages/airflow/example_dags/example_short_circuit_decorator.py took 0.071 seconds
[2024-06-18T15:12:59.554+0530] {processor.py:161} INFO - Started process (PID=34452) to work on /home/kiit/airflow-env/lib/python3.8/site-packages/airflow/example_dags/example_short_circuit_decorator.py
[2024-06-18T15:12:59.555+0530] {processor.py:830} INFO - Processing file /home/kiit/airflow-env/lib/python3.8/site-packages/airflow/example_dags/example_short_circuit_decorator.py for tasks to queue
[2024-06-18T15:12:59.557+0530] {logging_mixin.py:188} INFO - [2024-06-18T15:12:59.556+0530] {dagbag.py:545} INFO - Filling up the DagBag from /home/kiit/airflow-env/lib/python3.8/site-packages/airflow/example_dags/example_short_circuit_decorator.py
[2024-06-18T15:12:59.563+0530] {processor.py:840} INFO - DAG(s) 'example_short_circuit_decorator' retrieved from /home/kiit/airflow-env/lib/python3.8/site-packages/airflow/example_dags/example_short_circuit_decorator.py
[2024-06-18T15:12:59.581+0530] {logging_mixin.py:188} INFO - [2024-06-18T15:12:59.581+0530] {dag.py:3096} INFO - Sync 1 DAGs
[2024-06-18T15:12:59.597+0530] {logging_mixin.py:188} INFO - [2024-06-18T15:12:59.597+0530] {dag.py:3954} INFO - Setting next_dagrun for example_short_circuit_decorator to 2024-06-17 00:00:00+00:00, run_after=2024-06-18 00:00:00+00:00
[2024-06-18T15:12:59.615+0530] {processor.py:183} INFO - Processing /home/kiit/airflow-env/lib/python3.8/site-packages/airflow/example_dags/example_short_circuit_decorator.py took 0.067 seconds
[2024-06-18T15:13:29.832+0530] {processor.py:161} INFO - Started process (PID=34511) to work on /home/kiit/airflow-env/lib/python3.8/site-packages/airflow/example_dags/example_short_circuit_decorator.py
[2024-06-18T15:13:29.833+0530] {processor.py:830} INFO - Processing file /home/kiit/airflow-env/lib/python3.8/site-packages/airflow/example_dags/example_short_circuit_decorator.py for tasks to queue
[2024-06-18T15:13:29.835+0530] {logging_mixin.py:188} INFO - [2024-06-18T15:13:29.834+0530] {dagbag.py:545} INFO - Filling up the DagBag from /home/kiit/airflow-env/lib/python3.8/site-packages/airflow/example_dags/example_short_circuit_decorator.py
[2024-06-18T15:13:29.841+0530] {processor.py:840} INFO - DAG(s) 'example_short_circuit_decorator' retrieved from /home/kiit/airflow-env/lib/python3.8/site-packages/airflow/example_dags/example_short_circuit_decorator.py
[2024-06-18T15:13:29.861+0530] {logging_mixin.py:188} INFO - [2024-06-18T15:13:29.861+0530] {dag.py:3096} INFO - Sync 1 DAGs
[2024-06-18T15:13:29.876+0530] {logging_mixin.py:188} INFO - [2024-06-18T15:13:29.875+0530] {dag.py:3954} INFO - Setting next_dagrun for example_short_circuit_decorator to 2024-06-17 00:00:00+00:00, run_after=2024-06-18 00:00:00+00:00
[2024-06-18T15:13:29.894+0530] {processor.py:183} INFO - Processing /home/kiit/airflow-env/lib/python3.8/site-packages/airflow/example_dags/example_short_circuit_decorator.py took 0.067 seconds
[2024-06-18T15:14:00.113+0530] {processor.py:161} INFO - Started process (PID=34570) to work on /home/kiit/airflow-env/lib/python3.8/site-packages/airflow/example_dags/example_short_circuit_decorator.py
[2024-06-18T15:14:00.114+0530] {processor.py:830} INFO - Processing file /home/kiit/airflow-env/lib/python3.8/site-packages/airflow/example_dags/example_short_circuit_decorator.py for tasks to queue
[2024-06-18T15:14:00.115+0530] {logging_mixin.py:188} INFO - [2024-06-18T15:14:00.115+0530] {dagbag.py:545} INFO - Filling up the DagBag from /home/kiit/airflow-env/lib/python3.8/site-packages/airflow/example_dags/example_short_circuit_decorator.py
[2024-06-18T15:14:00.122+0530] {processor.py:840} INFO - DAG(s) 'example_short_circuit_decorator' retrieved from /home/kiit/airflow-env/lib/python3.8/site-packages/airflow/example_dags/example_short_circuit_decorator.py
[2024-06-18T15:14:00.144+0530] {logging_mixin.py:188} INFO - [2024-06-18T15:14:00.143+0530] {dag.py:3096} INFO - Sync 1 DAGs
[2024-06-18T15:14:00.162+0530] {logging_mixin.py:188} INFO - [2024-06-18T15:14:00.162+0530] {dag.py:3954} INFO - Setting next_dagrun for example_short_circuit_decorator to 2024-06-17 00:00:00+00:00, run_after=2024-06-18 00:00:00+00:00
[2024-06-18T15:14:00.182+0530] {processor.py:183} INFO - Processing /home/kiit/airflow-env/lib/python3.8/site-packages/airflow/example_dags/example_short_circuit_decorator.py took 0.074 seconds
[2024-06-18T15:14:30.452+0530] {processor.py:161} INFO - Started process (PID=34629) to work on /home/kiit/airflow-env/lib/python3.8/site-packages/airflow/example_dags/example_short_circuit_decorator.py
[2024-06-18T15:14:30.453+0530] {processor.py:830} INFO - Processing file /home/kiit/airflow-env/lib/python3.8/site-packages/airflow/example_dags/example_short_circuit_decorator.py for tasks to queue
[2024-06-18T15:14:30.454+0530] {logging_mixin.py:188} INFO - [2024-06-18T15:14:30.454+0530] {dagbag.py:545} INFO - Filling up the DagBag from /home/kiit/airflow-env/lib/python3.8/site-packages/airflow/example_dags/example_short_circuit_decorator.py
[2024-06-18T15:14:30.461+0530] {processor.py:840} INFO - DAG(s) 'example_short_circuit_decorator' retrieved from /home/kiit/airflow-env/lib/python3.8/site-packages/airflow/example_dags/example_short_circuit_decorator.py
[2024-06-18T15:14:30.479+0530] {logging_mixin.py:188} INFO - [2024-06-18T15:14:30.479+0530] {dag.py:3096} INFO - Sync 1 DAGs
[2024-06-18T15:14:30.496+0530] {logging_mixin.py:188} INFO - [2024-06-18T15:14:30.495+0530] {dag.py:3954} INFO - Setting next_dagrun for example_short_circuit_decorator to 2024-06-17 00:00:00+00:00, run_after=2024-06-18 00:00:00+00:00
[2024-06-18T15:14:30.514+0530] {processor.py:183} INFO - Processing /home/kiit/airflow-env/lib/python3.8/site-packages/airflow/example_dags/example_short_circuit_decorator.py took 0.068 seconds
[2024-06-18T15:15:00.808+0530] {processor.py:161} INFO - Started process (PID=34688) to work on /home/kiit/airflow-env/lib/python3.8/site-packages/airflow/example_dags/example_short_circuit_decorator.py
[2024-06-18T15:15:00.809+0530] {processor.py:830} INFO - Processing file /home/kiit/airflow-env/lib/python3.8/site-packages/airflow/example_dags/example_short_circuit_decorator.py for tasks to queue
[2024-06-18T15:15:00.810+0530] {logging_mixin.py:188} INFO - [2024-06-18T15:15:00.810+0530] {dagbag.py:545} INFO - Filling up the DagBag from /home/kiit/airflow-env/lib/python3.8/site-packages/airflow/example_dags/example_short_circuit_decorator.py
[2024-06-18T15:15:00.819+0530] {processor.py:840} INFO - DAG(s) 'example_short_circuit_decorator' retrieved from /home/kiit/airflow-env/lib/python3.8/site-packages/airflow/example_dags/example_short_circuit_decorator.py
[2024-06-18T15:15:00.840+0530] {logging_mixin.py:188} INFO - [2024-06-18T15:15:00.839+0530] {dag.py:3096} INFO - Sync 1 DAGs
[2024-06-18T15:15:00.855+0530] {logging_mixin.py:188} INFO - [2024-06-18T15:15:00.854+0530] {dag.py:3954} INFO - Setting next_dagrun for example_short_circuit_decorator to 2024-06-17 00:00:00+00:00, run_after=2024-06-18 00:00:00+00:00
[2024-06-18T15:15:00.877+0530] {processor.py:183} INFO - Processing /home/kiit/airflow-env/lib/python3.8/site-packages/airflow/example_dags/example_short_circuit_decorator.py took 0.075 seconds
[2024-06-18T15:15:31.065+0530] {processor.py:161} INFO - Started process (PID=34747) to work on /home/kiit/airflow-env/lib/python3.8/site-packages/airflow/example_dags/example_short_circuit_decorator.py
[2024-06-18T15:15:31.066+0530] {processor.py:830} INFO - Processing file /home/kiit/airflow-env/lib/python3.8/site-packages/airflow/example_dags/example_short_circuit_decorator.py for tasks to queue
[2024-06-18T15:15:31.067+0530] {logging_mixin.py:188} INFO - [2024-06-18T15:15:31.067+0530] {dagbag.py:545} INFO - Filling up the DagBag from /home/kiit/airflow-env/lib/python3.8/site-packages/airflow/example_dags/example_short_circuit_decorator.py
[2024-06-18T15:15:31.075+0530] {processor.py:840} INFO - DAG(s) 'example_short_circuit_decorator' retrieved from /home/kiit/airflow-env/lib/python3.8/site-packages/airflow/example_dags/example_short_circuit_decorator.py
[2024-06-18T15:15:31.094+0530] {logging_mixin.py:188} INFO - [2024-06-18T15:15:31.094+0530] {dag.py:3096} INFO - Sync 1 DAGs
[2024-06-18T15:15:31.109+0530] {logging_mixin.py:188} INFO - [2024-06-18T15:15:31.109+0530] {dag.py:3954} INFO - Setting next_dagrun for example_short_circuit_decorator to 2024-06-17 00:00:00+00:00, run_after=2024-06-18 00:00:00+00:00
[2024-06-18T15:15:31.129+0530] {processor.py:183} INFO - Processing /home/kiit/airflow-env/lib/python3.8/site-packages/airflow/example_dags/example_short_circuit_decorator.py took 0.069 seconds
[2024-06-18T15:16:01.335+0530] {processor.py:161} INFO - Started process (PID=34806) to work on /home/kiit/airflow-env/lib/python3.8/site-packages/airflow/example_dags/example_short_circuit_decorator.py
[2024-06-18T15:16:01.336+0530] {processor.py:830} INFO - Processing file /home/kiit/airflow-env/lib/python3.8/site-packages/airflow/example_dags/example_short_circuit_decorator.py for tasks to queue
[2024-06-18T15:16:01.337+0530] {logging_mixin.py:188} INFO - [2024-06-18T15:16:01.337+0530] {dagbag.py:545} INFO - Filling up the DagBag from /home/kiit/airflow-env/lib/python3.8/site-packages/airflow/example_dags/example_short_circuit_decorator.py
[2024-06-18T15:16:01.344+0530] {processor.py:840} INFO - DAG(s) 'example_short_circuit_decorator' retrieved from /home/kiit/airflow-env/lib/python3.8/site-packages/airflow/example_dags/example_short_circuit_decorator.py
[2024-06-18T15:16:01.362+0530] {logging_mixin.py:188} INFO - [2024-06-18T15:16:01.362+0530] {dag.py:3096} INFO - Sync 1 DAGs
[2024-06-18T15:16:01.378+0530] {logging_mixin.py:188} INFO - [2024-06-18T15:16:01.378+0530] {dag.py:3954} INFO - Setting next_dagrun for example_short_circuit_decorator to 2024-06-17 00:00:00+00:00, run_after=2024-06-18 00:00:00+00:00
[2024-06-18T15:16:01.397+0530] {processor.py:183} INFO - Processing /home/kiit/airflow-env/lib/python3.8/site-packages/airflow/example_dags/example_short_circuit_decorator.py took 0.067 seconds
[2024-06-18T15:16:32.187+0530] {processor.py:161} INFO - Started process (PID=34889) to work on /home/kiit/airflow-env/lib/python3.8/site-packages/airflow/example_dags/example_short_circuit_decorator.py
[2024-06-18T15:16:32.188+0530] {processor.py:830} INFO - Processing file /home/kiit/airflow-env/lib/python3.8/site-packages/airflow/example_dags/example_short_circuit_decorator.py for tasks to queue
[2024-06-18T15:16:32.190+0530] {logging_mixin.py:188} INFO - [2024-06-18T15:16:32.190+0530] {dagbag.py:545} INFO - Filling up the DagBag from /home/kiit/airflow-env/lib/python3.8/site-packages/airflow/example_dags/example_short_circuit_decorator.py
[2024-06-18T15:16:32.196+0530] {processor.py:840} INFO - DAG(s) 'example_short_circuit_decorator' retrieved from /home/kiit/airflow-env/lib/python3.8/site-packages/airflow/example_dags/example_short_circuit_decorator.py
[2024-06-18T15:16:32.279+0530] {logging_mixin.py:188} INFO - [2024-06-18T15:16:32.279+0530] {dag.py:3096} INFO - Sync 1 DAGs
[2024-06-18T15:16:32.296+0530] {logging_mixin.py:188} INFO - [2024-06-18T15:16:32.295+0530] {dag.py:3954} INFO - Setting next_dagrun for example_short_circuit_decorator to 2024-06-17 00:00:00+00:00, run_after=2024-06-18 00:00:00+00:00
[2024-06-18T15:16:32.320+0530] {processor.py:183} INFO - Processing /home/kiit/airflow-env/lib/python3.8/site-packages/airflow/example_dags/example_short_circuit_decorator.py took 0.138 seconds
