[2024-06-18T13:05:34.822+0530] {processor.py:161} INFO - Started process (PID=25334) to work on /home/kiit/airflow-env/lib/python3.8/site-packages/airflow/example_dags/example_xcom.py
[2024-06-18T13:05:34.823+0530] {processor.py:830} INFO - Processing file /home/kiit/airflow-env/lib/python3.8/site-packages/airflow/example_dags/example_xcom.py for tasks to queue
[2024-06-18T13:05:34.827+0530] {logging_mixin.py:188} INFO - [2024-06-18T13:05:34.826+0530] {dagbag.py:545} INFO - Filling up the DagBag from /home/kiit/airflow-env/lib/python3.8/site-packages/airflow/example_dags/example_xcom.py
[2024-06-18T13:05:34.848+0530] {processor.py:840} INFO - DAG(s) 'example_xcom' retrieved from /home/kiit/airflow-env/lib/python3.8/site-packages/airflow/example_dags/example_xcom.py
[2024-06-18T13:05:35.025+0530] {logging_mixin.py:188} INFO - [2024-06-18T13:05:35.024+0530] {dag.py:3096} INFO - Sync 1 DAGs
[2024-06-18T13:05:35.055+0530] {logging_mixin.py:188} INFO - [2024-06-18T13:05:35.055+0530] {dag.py:3954} INFO - Setting next_dagrun for example_xcom to 2021-01-01 00:00:00+00:00, run_after=2021-01-01 00:00:00+00:00
[2024-06-18T13:05:35.104+0530] {processor.py:183} INFO - Processing /home/kiit/airflow-env/lib/python3.8/site-packages/airflow/example_dags/example_xcom.py took 0.294 seconds
[2024-06-18T13:06:32.183+0530] {processor.py:161} INFO - Started process (PID=25409) to work on /home/kiit/airflow-env/lib/python3.8/site-packages/airflow/example_dags/example_xcom.py
[2024-06-18T13:06:32.184+0530] {processor.py:830} INFO - Processing file /home/kiit/airflow-env/lib/python3.8/site-packages/airflow/example_dags/example_xcom.py for tasks to queue
[2024-06-18T13:06:32.185+0530] {logging_mixin.py:188} INFO - [2024-06-18T13:06:32.185+0530] {dagbag.py:545} INFO - Filling up the DagBag from /home/kiit/airflow-env/lib/python3.8/site-packages/airflow/example_dags/example_xcom.py
[2024-06-18T13:06:32.190+0530] {processor.py:840} INFO - DAG(s) 'example_xcom' retrieved from /home/kiit/airflow-env/lib/python3.8/site-packages/airflow/example_dags/example_xcom.py
[2024-06-18T13:06:32.201+0530] {logging_mixin.py:188} INFO - [2024-06-18T13:06:32.201+0530] {dag.py:3096} INFO - Sync 1 DAGs
[2024-06-18T13:06:32.217+0530] {logging_mixin.py:188} INFO - [2024-06-18T13:06:32.217+0530] {dag.py:3954} INFO - Setting next_dagrun for example_xcom to 2021-01-01 00:00:00+00:00, run_after=2021-01-01 00:00:00+00:00
[2024-06-18T13:06:32.236+0530] {processor.py:183} INFO - Processing /home/kiit/airflow-env/lib/python3.8/site-packages/airflow/example_dags/example_xcom.py took 0.057 seconds
[2024-06-18T13:07:18.657+0530] {processor.py:161} INFO - Started process (PID=25467) to work on /home/kiit/airflow-env/lib/python3.8/site-packages/airflow/example_dags/example_xcom.py
[2024-06-18T13:07:18.663+0530] {processor.py:830} INFO - Processing file /home/kiit/airflow-env/lib/python3.8/site-packages/airflow/example_dags/example_xcom.py for tasks to queue
[2024-06-18T13:07:18.665+0530] {logging_mixin.py:188} INFO - [2024-06-18T13:07:18.664+0530] {dagbag.py:545} INFO - Filling up the DagBag from /home/kiit/airflow-env/lib/python3.8/site-packages/airflow/example_dags/example_xcom.py
[2024-06-18T13:07:18.669+0530] {processor.py:840} INFO - DAG(s) 'example_xcom' retrieved from /home/kiit/airflow-env/lib/python3.8/site-packages/airflow/example_dags/example_xcom.py
[2024-06-18T13:07:18.679+0530] {logging_mixin.py:188} INFO - [2024-06-18T13:07:18.679+0530] {dag.py:3096} INFO - Sync 1 DAGs
[2024-06-18T13:07:18.691+0530] {logging_mixin.py:188} INFO - [2024-06-18T13:07:18.690+0530] {dag.py:3954} INFO - Setting next_dagrun for example_xcom to 2021-01-01 00:00:00+00:00, run_after=2021-01-01 00:00:00+00:00
[2024-06-18T13:07:18.765+0530] {processor.py:183} INFO - Processing /home/kiit/airflow-env/lib/python3.8/site-packages/airflow/example_dags/example_xcom.py took 0.112 seconds
[2024-06-18T13:08:15.262+0530] {processor.py:161} INFO - Started process (PID=25519) to work on /home/kiit/airflow-env/lib/python3.8/site-packages/airflow/example_dags/example_xcom.py
[2024-06-18T13:08:15.263+0530] {processor.py:830} INFO - Processing file /home/kiit/airflow-env/lib/python3.8/site-packages/airflow/example_dags/example_xcom.py for tasks to queue
[2024-06-18T13:08:15.265+0530] {logging_mixin.py:188} INFO - [2024-06-18T13:08:15.264+0530] {dagbag.py:545} INFO - Filling up the DagBag from /home/kiit/airflow-env/lib/python3.8/site-packages/airflow/example_dags/example_xcom.py
[2024-06-18T13:08:15.270+0530] {processor.py:840} INFO - DAG(s) 'example_xcom' retrieved from /home/kiit/airflow-env/lib/python3.8/site-packages/airflow/example_dags/example_xcom.py
[2024-06-18T13:08:15.284+0530] {logging_mixin.py:188} INFO - [2024-06-18T13:08:15.284+0530] {dag.py:3096} INFO - Sync 1 DAGs
[2024-06-18T13:08:15.298+0530] {logging_mixin.py:188} INFO - [2024-06-18T13:08:15.298+0530] {dag.py:3954} INFO - Setting next_dagrun for example_xcom to 2021-01-01 00:00:00+00:00, run_after=2021-01-01 00:00:00+00:00
[2024-06-18T13:08:15.321+0530] {processor.py:183} INFO - Processing /home/kiit/airflow-env/lib/python3.8/site-packages/airflow/example_dags/example_xcom.py took 0.064 seconds
[2024-06-18T13:09:02.220+0530] {processor.py:161} INFO - Started process (PID=25577) to work on /home/kiit/airflow-env/lib/python3.8/site-packages/airflow/example_dags/example_xcom.py
[2024-06-18T13:09:02.222+0530] {processor.py:830} INFO - Processing file /home/kiit/airflow-env/lib/python3.8/site-packages/airflow/example_dags/example_xcom.py for tasks to queue
[2024-06-18T13:09:02.223+0530] {logging_mixin.py:188} INFO - [2024-06-18T13:09:02.222+0530] {dagbag.py:545} INFO - Filling up the DagBag from /home/kiit/airflow-env/lib/python3.8/site-packages/airflow/example_dags/example_xcom.py
[2024-06-18T13:09:02.229+0530] {processor.py:840} INFO - DAG(s) 'example_xcom' retrieved from /home/kiit/airflow-env/lib/python3.8/site-packages/airflow/example_dags/example_xcom.py
[2024-06-18T13:09:02.242+0530] {logging_mixin.py:188} INFO - [2024-06-18T13:09:02.241+0530] {dag.py:3096} INFO - Sync 1 DAGs
[2024-06-18T13:09:02.254+0530] {logging_mixin.py:188} INFO - [2024-06-18T13:09:02.254+0530] {dag.py:3954} INFO - Setting next_dagrun for example_xcom to 2021-01-01 00:00:00+00:00, run_after=2021-01-01 00:00:00+00:00
[2024-06-18T13:09:02.272+0530] {processor.py:183} INFO - Processing /home/kiit/airflow-env/lib/python3.8/site-packages/airflow/example_dags/example_xcom.py took 0.056 seconds
[2024-06-18T13:09:37.635+0530] {processor.py:161} INFO - Started process (PID=25622) to work on /home/kiit/airflow-env/lib/python3.8/site-packages/airflow/example_dags/example_xcom.py
[2024-06-18T13:09:37.636+0530] {processor.py:830} INFO - Processing file /home/kiit/airflow-env/lib/python3.8/site-packages/airflow/example_dags/example_xcom.py for tasks to queue
[2024-06-18T13:09:37.637+0530] {logging_mixin.py:188} INFO - [2024-06-18T13:09:37.637+0530] {dagbag.py:545} INFO - Filling up the DagBag from /home/kiit/airflow-env/lib/python3.8/site-packages/airflow/example_dags/example_xcom.py
[2024-06-18T13:09:37.643+0530] {processor.py:840} INFO - DAG(s) 'example_xcom' retrieved from /home/kiit/airflow-env/lib/python3.8/site-packages/airflow/example_dags/example_xcom.py
[2024-06-18T13:09:37.655+0530] {logging_mixin.py:188} INFO - [2024-06-18T13:09:37.655+0530] {dag.py:3096} INFO - Sync 1 DAGs
[2024-06-18T13:09:37.668+0530] {logging_mixin.py:188} INFO - [2024-06-18T13:09:37.668+0530] {dag.py:3954} INFO - Setting next_dagrun for example_xcom to 2021-01-01 00:00:00+00:00, run_after=2021-01-01 00:00:00+00:00
[2024-06-18T13:09:37.687+0530] {processor.py:183} INFO - Processing /home/kiit/airflow-env/lib/python3.8/site-packages/airflow/example_dags/example_xcom.py took 0.056 seconds
[2024-06-18T13:10:18.614+0530] {processor.py:161} INFO - Started process (PID=25666) to work on /home/kiit/airflow-env/lib/python3.8/site-packages/airflow/example_dags/example_xcom.py
[2024-06-18T13:10:18.615+0530] {processor.py:830} INFO - Processing file /home/kiit/airflow-env/lib/python3.8/site-packages/airflow/example_dags/example_xcom.py for tasks to queue
[2024-06-18T13:10:18.616+0530] {logging_mixin.py:188} INFO - [2024-06-18T13:10:18.616+0530] {dagbag.py:545} INFO - Filling up the DagBag from /home/kiit/airflow-env/lib/python3.8/site-packages/airflow/example_dags/example_xcom.py
[2024-06-18T13:10:18.624+0530] {processor.py:840} INFO - DAG(s) 'example_xcom' retrieved from /home/kiit/airflow-env/lib/python3.8/site-packages/airflow/example_dags/example_xcom.py
[2024-06-18T13:10:18.645+0530] {logging_mixin.py:188} INFO - [2024-06-18T13:10:18.644+0530] {dag.py:3096} INFO - Sync 1 DAGs
[2024-06-18T13:10:18.680+0530] {logging_mixin.py:188} INFO - [2024-06-18T13:10:18.680+0530] {dag.py:3954} INFO - Setting next_dagrun for example_xcom to 2021-01-01 00:00:00+00:00, run_after=2021-01-01 00:00:00+00:00
[2024-06-18T13:10:18.711+0530] {processor.py:183} INFO - Processing /home/kiit/airflow-env/lib/python3.8/site-packages/airflow/example_dags/example_xcom.py took 0.104 seconds
[2024-06-18T13:11:06.431+0530] {processor.py:161} INFO - Started process (PID=25720) to work on /home/kiit/airflow-env/lib/python3.8/site-packages/airflow/example_dags/example_xcom.py
[2024-06-18T13:11:06.432+0530] {processor.py:830} INFO - Processing file /home/kiit/airflow-env/lib/python3.8/site-packages/airflow/example_dags/example_xcom.py for tasks to queue
[2024-06-18T13:11:06.434+0530] {logging_mixin.py:188} INFO - [2024-06-18T13:11:06.433+0530] {dagbag.py:545} INFO - Filling up the DagBag from /home/kiit/airflow-env/lib/python3.8/site-packages/airflow/example_dags/example_xcom.py
[2024-06-18T13:11:06.440+0530] {processor.py:840} INFO - DAG(s) 'example_xcom' retrieved from /home/kiit/airflow-env/lib/python3.8/site-packages/airflow/example_dags/example_xcom.py
[2024-06-18T13:11:06.457+0530] {logging_mixin.py:188} INFO - [2024-06-18T13:11:06.457+0530] {dag.py:3096} INFO - Sync 1 DAGs
[2024-06-18T13:11:06.477+0530] {logging_mixin.py:188} INFO - [2024-06-18T13:11:06.477+0530] {dag.py:3954} INFO - Setting next_dagrun for example_xcom to 2021-01-01 00:00:00+00:00, run_after=2021-01-01 00:00:00+00:00
[2024-06-18T13:11:06.503+0530] {processor.py:183} INFO - Processing /home/kiit/airflow-env/lib/python3.8/site-packages/airflow/example_dags/example_xcom.py took 0.080 seconds
[2024-06-18T13:11:49.964+0530] {processor.py:161} INFO - Started process (PID=25772) to work on /home/kiit/airflow-env/lib/python3.8/site-packages/airflow/example_dags/example_xcom.py
[2024-06-18T13:11:49.966+0530] {processor.py:830} INFO - Processing file /home/kiit/airflow-env/lib/python3.8/site-packages/airflow/example_dags/example_xcom.py for tasks to queue
[2024-06-18T13:11:49.967+0530] {logging_mixin.py:188} INFO - [2024-06-18T13:11:49.967+0530] {dagbag.py:545} INFO - Filling up the DagBag from /home/kiit/airflow-env/lib/python3.8/site-packages/airflow/example_dags/example_xcom.py
[2024-06-18T13:11:49.974+0530] {processor.py:840} INFO - DAG(s) 'example_xcom' retrieved from /home/kiit/airflow-env/lib/python3.8/site-packages/airflow/example_dags/example_xcom.py
[2024-06-18T13:11:49.989+0530] {logging_mixin.py:188} INFO - [2024-06-18T13:11:49.989+0530] {dag.py:3096} INFO - Sync 1 DAGs
[2024-06-18T13:11:50.011+0530] {logging_mixin.py:188} INFO - [2024-06-18T13:11:50.011+0530] {dag.py:3954} INFO - Setting next_dagrun for example_xcom to 2021-01-01 00:00:00+00:00, run_after=2021-01-01 00:00:00+00:00
[2024-06-18T13:11:50.034+0530] {processor.py:183} INFO - Processing /home/kiit/airflow-env/lib/python3.8/site-packages/airflow/example_dags/example_xcom.py took 0.075 seconds
[2024-06-18T13:12:32.340+0530] {processor.py:161} INFO - Started process (PID=25821) to work on /home/kiit/airflow-env/lib/python3.8/site-packages/airflow/example_dags/example_xcom.py
[2024-06-18T13:12:32.342+0530] {processor.py:830} INFO - Processing file /home/kiit/airflow-env/lib/python3.8/site-packages/airflow/example_dags/example_xcom.py for tasks to queue
[2024-06-18T13:12:32.343+0530] {logging_mixin.py:188} INFO - [2024-06-18T13:12:32.343+0530] {dagbag.py:545} INFO - Filling up the DagBag from /home/kiit/airflow-env/lib/python3.8/site-packages/airflow/example_dags/example_xcom.py
[2024-06-18T13:12:32.350+0530] {processor.py:840} INFO - DAG(s) 'example_xcom' retrieved from /home/kiit/airflow-env/lib/python3.8/site-packages/airflow/example_dags/example_xcom.py
[2024-06-18T13:12:32.367+0530] {logging_mixin.py:188} INFO - [2024-06-18T13:12:32.366+0530] {dag.py:3096} INFO - Sync 1 DAGs
[2024-06-18T13:12:32.382+0530] {logging_mixin.py:188} INFO - [2024-06-18T13:12:32.382+0530] {dag.py:3954} INFO - Setting next_dagrun for example_xcom to 2021-01-01 00:00:00+00:00, run_after=2021-01-01 00:00:00+00:00
[2024-06-18T13:12:32.401+0530] {processor.py:183} INFO - Processing /home/kiit/airflow-env/lib/python3.8/site-packages/airflow/example_dags/example_xcom.py took 0.066 seconds
[2024-06-18T13:13:10.443+0530] {processor.py:161} INFO - Started process (PID=25868) to work on /home/kiit/airflow-env/lib/python3.8/site-packages/airflow/example_dags/example_xcom.py
[2024-06-18T13:13:10.444+0530] {processor.py:830} INFO - Processing file /home/kiit/airflow-env/lib/python3.8/site-packages/airflow/example_dags/example_xcom.py for tasks to queue
[2024-06-18T13:13:10.445+0530] {logging_mixin.py:188} INFO - [2024-06-18T13:13:10.445+0530] {dagbag.py:545} INFO - Filling up the DagBag from /home/kiit/airflow-env/lib/python3.8/site-packages/airflow/example_dags/example_xcom.py
[2024-06-18T13:13:10.450+0530] {processor.py:840} INFO - DAG(s) 'example_xcom' retrieved from /home/kiit/airflow-env/lib/python3.8/site-packages/airflow/example_dags/example_xcom.py
[2024-06-18T13:13:10.465+0530] {logging_mixin.py:188} INFO - [2024-06-18T13:13:10.465+0530] {dag.py:3096} INFO - Sync 1 DAGs
[2024-06-18T13:13:10.480+0530] {logging_mixin.py:188} INFO - [2024-06-18T13:13:10.479+0530] {dag.py:3954} INFO - Setting next_dagrun for example_xcom to 2021-01-01 00:00:00+00:00, run_after=2021-01-01 00:00:00+00:00
[2024-06-18T13:13:10.498+0530] {processor.py:183} INFO - Processing /home/kiit/airflow-env/lib/python3.8/site-packages/airflow/example_dags/example_xcom.py took 0.059 seconds
[2024-06-18T13:13:49.412+0530] {processor.py:161} INFO - Started process (PID=25917) to work on /home/kiit/airflow-env/lib/python3.8/site-packages/airflow/example_dags/example_xcom.py
[2024-06-18T13:13:49.413+0530] {processor.py:830} INFO - Processing file /home/kiit/airflow-env/lib/python3.8/site-packages/airflow/example_dags/example_xcom.py for tasks to queue
[2024-06-18T13:13:49.414+0530] {logging_mixin.py:188} INFO - [2024-06-18T13:13:49.414+0530] {dagbag.py:545} INFO - Filling up the DagBag from /home/kiit/airflow-env/lib/python3.8/site-packages/airflow/example_dags/example_xcom.py
[2024-06-18T13:13:49.420+0530] {processor.py:840} INFO - DAG(s) 'example_xcom' retrieved from /home/kiit/airflow-env/lib/python3.8/site-packages/airflow/example_dags/example_xcom.py
[2024-06-18T13:13:49.432+0530] {logging_mixin.py:188} INFO - [2024-06-18T13:13:49.432+0530] {dag.py:3096} INFO - Sync 1 DAGs
[2024-06-18T13:13:49.449+0530] {logging_mixin.py:188} INFO - [2024-06-18T13:13:49.449+0530] {dag.py:3954} INFO - Setting next_dagrun for example_xcom to 2021-01-01 00:00:00+00:00, run_after=2021-01-01 00:00:00+00:00
[2024-06-18T13:13:49.469+0530] {processor.py:183} INFO - Processing /home/kiit/airflow-env/lib/python3.8/site-packages/airflow/example_dags/example_xcom.py took 0.062 seconds
[2024-06-18T13:14:25.821+0530] {processor.py:161} INFO - Started process (PID=25962) to work on /home/kiit/airflow-env/lib/python3.8/site-packages/airflow/example_dags/example_xcom.py
[2024-06-18T13:14:25.821+0530] {processor.py:830} INFO - Processing file /home/kiit/airflow-env/lib/python3.8/site-packages/airflow/example_dags/example_xcom.py for tasks to queue
[2024-06-18T13:14:25.822+0530] {logging_mixin.py:188} INFO - [2024-06-18T13:14:25.822+0530] {dagbag.py:545} INFO - Filling up the DagBag from /home/kiit/airflow-env/lib/python3.8/site-packages/airflow/example_dags/example_xcom.py
[2024-06-18T13:14:25.827+0530] {processor.py:840} INFO - DAG(s) 'example_xcom' retrieved from /home/kiit/airflow-env/lib/python3.8/site-packages/airflow/example_dags/example_xcom.py
[2024-06-18T13:14:25.838+0530] {logging_mixin.py:188} INFO - [2024-06-18T13:14:25.838+0530] {dag.py:3096} INFO - Sync 1 DAGs
[2024-06-18T13:14:25.849+0530] {logging_mixin.py:188} INFO - [2024-06-18T13:14:25.849+0530] {dag.py:3954} INFO - Setting next_dagrun for example_xcom to 2021-01-01 00:00:00+00:00, run_after=2021-01-01 00:00:00+00:00
[2024-06-18T13:14:25.867+0530] {processor.py:183} INFO - Processing /home/kiit/airflow-env/lib/python3.8/site-packages/airflow/example_dags/example_xcom.py took 0.051 seconds
[2024-06-18T13:15:06.206+0530] {processor.py:161} INFO - Started process (PID=26009) to work on /home/kiit/airflow-env/lib/python3.8/site-packages/airflow/example_dags/example_xcom.py
[2024-06-18T13:15:06.208+0530] {processor.py:830} INFO - Processing file /home/kiit/airflow-env/lib/python3.8/site-packages/airflow/example_dags/example_xcom.py for tasks to queue
[2024-06-18T13:15:06.210+0530] {logging_mixin.py:188} INFO - [2024-06-18T13:15:06.209+0530] {dagbag.py:545} INFO - Filling up the DagBag from /home/kiit/airflow-env/lib/python3.8/site-packages/airflow/example_dags/example_xcom.py
[2024-06-18T13:15:06.221+0530] {processor.py:840} INFO - DAG(s) 'example_xcom' retrieved from /home/kiit/airflow-env/lib/python3.8/site-packages/airflow/example_dags/example_xcom.py
[2024-06-18T13:15:06.246+0530] {logging_mixin.py:188} INFO - [2024-06-18T13:15:06.246+0530] {dag.py:3096} INFO - Sync 1 DAGs
[2024-06-18T13:15:06.268+0530] {logging_mixin.py:188} INFO - [2024-06-18T13:15:06.267+0530] {dag.py:3954} INFO - Setting next_dagrun for example_xcom to 2021-01-01 00:00:00+00:00, run_after=2021-01-01 00:00:00+00:00
[2024-06-18T13:15:06.307+0530] {processor.py:183} INFO - Processing /home/kiit/airflow-env/lib/python3.8/site-packages/airflow/example_dags/example_xcom.py took 0.108 seconds
[2024-06-18T13:15:49.300+0530] {processor.py:161} INFO - Started process (PID=26061) to work on /home/kiit/airflow-env/lib/python3.8/site-packages/airflow/example_dags/example_xcom.py
[2024-06-18T13:15:49.301+0530] {processor.py:830} INFO - Processing file /home/kiit/airflow-env/lib/python3.8/site-packages/airflow/example_dags/example_xcom.py for tasks to queue
[2024-06-18T13:15:49.303+0530] {logging_mixin.py:188} INFO - [2024-06-18T13:15:49.302+0530] {dagbag.py:545} INFO - Filling up the DagBag from /home/kiit/airflow-env/lib/python3.8/site-packages/airflow/example_dags/example_xcom.py
[2024-06-18T13:15:49.308+0530] {processor.py:840} INFO - DAG(s) 'example_xcom' retrieved from /home/kiit/airflow-env/lib/python3.8/site-packages/airflow/example_dags/example_xcom.py
[2024-06-18T13:15:49.327+0530] {logging_mixin.py:188} INFO - [2024-06-18T13:15:49.327+0530] {dag.py:3096} INFO - Sync 1 DAGs
[2024-06-18T13:15:49.343+0530] {logging_mixin.py:188} INFO - [2024-06-18T13:15:49.343+0530] {dag.py:3954} INFO - Setting next_dagrun for example_xcom to 2021-01-01 00:00:00+00:00, run_after=2021-01-01 00:00:00+00:00
[2024-06-18T13:15:49.366+0530] {processor.py:183} INFO - Processing /home/kiit/airflow-env/lib/python3.8/site-packages/airflow/example_dags/example_xcom.py took 0.071 seconds
[2024-06-18T13:16:28.287+0530] {processor.py:161} INFO - Started process (PID=26107) to work on /home/kiit/airflow-env/lib/python3.8/site-packages/airflow/example_dags/example_xcom.py
[2024-06-18T13:16:28.287+0530] {processor.py:830} INFO - Processing file /home/kiit/airflow-env/lib/python3.8/site-packages/airflow/example_dags/example_xcom.py for tasks to queue
[2024-06-18T13:16:28.289+0530] {logging_mixin.py:188} INFO - [2024-06-18T13:16:28.288+0530] {dagbag.py:545} INFO - Filling up the DagBag from /home/kiit/airflow-env/lib/python3.8/site-packages/airflow/example_dags/example_xcom.py
[2024-06-18T13:16:28.295+0530] {processor.py:840} INFO - DAG(s) 'example_xcom' retrieved from /home/kiit/airflow-env/lib/python3.8/site-packages/airflow/example_dags/example_xcom.py
[2024-06-18T13:16:28.312+0530] {logging_mixin.py:188} INFO - [2024-06-18T13:16:28.312+0530] {dag.py:3096} INFO - Sync 1 DAGs
[2024-06-18T13:16:28.326+0530] {logging_mixin.py:188} INFO - [2024-06-18T13:16:28.325+0530] {dag.py:3954} INFO - Setting next_dagrun for example_xcom to 2021-01-01 00:00:00+00:00, run_after=2021-01-01 00:00:00+00:00
[2024-06-18T13:16:28.349+0530] {processor.py:183} INFO - Processing /home/kiit/airflow-env/lib/python3.8/site-packages/airflow/example_dags/example_xcom.py took 0.068 seconds
[2024-06-18T13:17:05.634+0530] {processor.py:161} INFO - Started process (PID=26153) to work on /home/kiit/airflow-env/lib/python3.8/site-packages/airflow/example_dags/example_xcom.py
[2024-06-18T13:17:05.635+0530] {processor.py:830} INFO - Processing file /home/kiit/airflow-env/lib/python3.8/site-packages/airflow/example_dags/example_xcom.py for tasks to queue
[2024-06-18T13:17:05.636+0530] {logging_mixin.py:188} INFO - [2024-06-18T13:17:05.636+0530] {dagbag.py:545} INFO - Filling up the DagBag from /home/kiit/airflow-env/lib/python3.8/site-packages/airflow/example_dags/example_xcom.py
[2024-06-18T13:17:05.644+0530] {processor.py:840} INFO - DAG(s) 'example_xcom' retrieved from /home/kiit/airflow-env/lib/python3.8/site-packages/airflow/example_dags/example_xcom.py
[2024-06-18T13:17:05.658+0530] {logging_mixin.py:188} INFO - [2024-06-18T13:17:05.658+0530] {dag.py:3096} INFO - Sync 1 DAGs
[2024-06-18T13:17:05.671+0530] {logging_mixin.py:188} INFO - [2024-06-18T13:17:05.671+0530] {dag.py:3954} INFO - Setting next_dagrun for example_xcom to 2021-01-01 00:00:00+00:00, run_after=2021-01-01 00:00:00+00:00
[2024-06-18T13:17:05.688+0530] {processor.py:183} INFO - Processing /home/kiit/airflow-env/lib/python3.8/site-packages/airflow/example_dags/example_xcom.py took 0.061 seconds
[2024-06-18T13:17:46.551+0530] {processor.py:161} INFO - Started process (PID=26202) to work on /home/kiit/airflow-env/lib/python3.8/site-packages/airflow/example_dags/example_xcom.py
[2024-06-18T13:17:46.553+0530] {processor.py:830} INFO - Processing file /home/kiit/airflow-env/lib/python3.8/site-packages/airflow/example_dags/example_xcom.py for tasks to queue
[2024-06-18T13:17:46.554+0530] {logging_mixin.py:188} INFO - [2024-06-18T13:17:46.554+0530] {dagbag.py:545} INFO - Filling up the DagBag from /home/kiit/airflow-env/lib/python3.8/site-packages/airflow/example_dags/example_xcom.py
[2024-06-18T13:17:46.559+0530] {processor.py:840} INFO - DAG(s) 'example_xcom' retrieved from /home/kiit/airflow-env/lib/python3.8/site-packages/airflow/example_dags/example_xcom.py
[2024-06-18T13:17:46.572+0530] {logging_mixin.py:188} INFO - [2024-06-18T13:17:46.572+0530] {dag.py:3096} INFO - Sync 1 DAGs
[2024-06-18T13:17:46.587+0530] {logging_mixin.py:188} INFO - [2024-06-18T13:17:46.586+0530] {dag.py:3954} INFO - Setting next_dagrun for example_xcom to 2021-01-01 00:00:00+00:00, run_after=2021-01-01 00:00:00+00:00
[2024-06-18T13:17:46.604+0530] {processor.py:183} INFO - Processing /home/kiit/airflow-env/lib/python3.8/site-packages/airflow/example_dags/example_xcom.py took 0.057 seconds
[2024-06-18T13:18:28.816+0530] {processor.py:161} INFO - Started process (PID=26251) to work on /home/kiit/airflow-env/lib/python3.8/site-packages/airflow/example_dags/example_xcom.py
[2024-06-18T13:18:28.817+0530] {processor.py:830} INFO - Processing file /home/kiit/airflow-env/lib/python3.8/site-packages/airflow/example_dags/example_xcom.py for tasks to queue
[2024-06-18T13:18:28.819+0530] {logging_mixin.py:188} INFO - [2024-06-18T13:18:28.818+0530] {dagbag.py:545} INFO - Filling up the DagBag from /home/kiit/airflow-env/lib/python3.8/site-packages/airflow/example_dags/example_xcom.py
[2024-06-18T13:18:28.827+0530] {processor.py:840} INFO - DAG(s) 'example_xcom' retrieved from /home/kiit/airflow-env/lib/python3.8/site-packages/airflow/example_dags/example_xcom.py
[2024-06-18T13:18:28.843+0530] {logging_mixin.py:188} INFO - [2024-06-18T13:18:28.843+0530] {dag.py:3096} INFO - Sync 1 DAGs
[2024-06-18T13:18:28.861+0530] {logging_mixin.py:188} INFO - [2024-06-18T13:18:28.861+0530] {dag.py:3954} INFO - Setting next_dagrun for example_xcom to 2021-01-01 00:00:00+00:00, run_after=2021-01-01 00:00:00+00:00
[2024-06-18T13:18:28.880+0530] {processor.py:183} INFO - Processing /home/kiit/airflow-env/lib/python3.8/site-packages/airflow/example_dags/example_xcom.py took 0.071 seconds
[2024-06-18T13:19:11.676+0530] {processor.py:161} INFO - Started process (PID=26302) to work on /home/kiit/airflow-env/lib/python3.8/site-packages/airflow/example_dags/example_xcom.py
[2024-06-18T13:19:11.677+0530] {processor.py:830} INFO - Processing file /home/kiit/airflow-env/lib/python3.8/site-packages/airflow/example_dags/example_xcom.py for tasks to queue
[2024-06-18T13:19:11.678+0530] {logging_mixin.py:188} INFO - [2024-06-18T13:19:11.678+0530] {dagbag.py:545} INFO - Filling up the DagBag from /home/kiit/airflow-env/lib/python3.8/site-packages/airflow/example_dags/example_xcom.py
[2024-06-18T13:19:11.683+0530] {processor.py:840} INFO - DAG(s) 'example_xcom' retrieved from /home/kiit/airflow-env/lib/python3.8/site-packages/airflow/example_dags/example_xcom.py
[2024-06-18T13:19:11.694+0530] {logging_mixin.py:188} INFO - [2024-06-18T13:19:11.694+0530] {dag.py:3096} INFO - Sync 1 DAGs
[2024-06-18T13:19:11.705+0530] {logging_mixin.py:188} INFO - [2024-06-18T13:19:11.705+0530] {dag.py:3954} INFO - Setting next_dagrun for example_xcom to 2021-01-01 00:00:00+00:00, run_after=2021-01-01 00:00:00+00:00
[2024-06-18T13:19:11.723+0530] {processor.py:183} INFO - Processing /home/kiit/airflow-env/lib/python3.8/site-packages/airflow/example_dags/example_xcom.py took 0.051 seconds
[2024-06-18T13:19:50.938+0530] {processor.py:161} INFO - Started process (PID=26349) to work on /home/kiit/airflow-env/lib/python3.8/site-packages/airflow/example_dags/example_xcom.py
[2024-06-18T13:19:50.939+0530] {processor.py:830} INFO - Processing file /home/kiit/airflow-env/lib/python3.8/site-packages/airflow/example_dags/example_xcom.py for tasks to queue
[2024-06-18T13:19:50.941+0530] {logging_mixin.py:188} INFO - [2024-06-18T13:19:50.941+0530] {dagbag.py:545} INFO - Filling up the DagBag from /home/kiit/airflow-env/lib/python3.8/site-packages/airflow/example_dags/example_xcom.py
[2024-06-18T13:19:50.949+0530] {processor.py:840} INFO - DAG(s) 'example_xcom' retrieved from /home/kiit/airflow-env/lib/python3.8/site-packages/airflow/example_dags/example_xcom.py
[2024-06-18T13:19:50.967+0530] {logging_mixin.py:188} INFO - [2024-06-18T13:19:50.967+0530] {dag.py:3096} INFO - Sync 1 DAGs
[2024-06-18T13:19:50.985+0530] {logging_mixin.py:188} INFO - [2024-06-18T13:19:50.985+0530] {dag.py:3954} INFO - Setting next_dagrun for example_xcom to 2021-01-01 00:00:00+00:00, run_after=2021-01-01 00:00:00+00:00
[2024-06-18T13:19:51.005+0530] {processor.py:183} INFO - Processing /home/kiit/airflow-env/lib/python3.8/site-packages/airflow/example_dags/example_xcom.py took 0.073 seconds
[2024-06-18T13:20:27.342+0530] {processor.py:161} INFO - Started process (PID=26395) to work on /home/kiit/airflow-env/lib/python3.8/site-packages/airflow/example_dags/example_xcom.py
[2024-06-18T13:20:27.342+0530] {processor.py:830} INFO - Processing file /home/kiit/airflow-env/lib/python3.8/site-packages/airflow/example_dags/example_xcom.py for tasks to queue
[2024-06-18T13:20:27.343+0530] {logging_mixin.py:188} INFO - [2024-06-18T13:20:27.343+0530] {dagbag.py:545} INFO - Filling up the DagBag from /home/kiit/airflow-env/lib/python3.8/site-packages/airflow/example_dags/example_xcom.py
[2024-06-18T13:20:27.349+0530] {processor.py:840} INFO - DAG(s) 'example_xcom' retrieved from /home/kiit/airflow-env/lib/python3.8/site-packages/airflow/example_dags/example_xcom.py
[2024-06-18T13:20:27.360+0530] {logging_mixin.py:188} INFO - [2024-06-18T13:20:27.360+0530] {dag.py:3096} INFO - Sync 1 DAGs
[2024-06-18T13:20:27.373+0530] {logging_mixin.py:188} INFO - [2024-06-18T13:20:27.373+0530] {dag.py:3954} INFO - Setting next_dagrun for example_xcom to 2021-01-01 00:00:00+00:00, run_after=2021-01-01 00:00:00+00:00
[2024-06-18T13:20:27.392+0530] {processor.py:183} INFO - Processing /home/kiit/airflow-env/lib/python3.8/site-packages/airflow/example_dags/example_xcom.py took 0.054 seconds
[2024-06-18T13:21:06.838+0530] {processor.py:161} INFO - Started process (PID=26443) to work on /home/kiit/airflow-env/lib/python3.8/site-packages/airflow/example_dags/example_xcom.py
[2024-06-18T13:21:06.840+0530] {processor.py:830} INFO - Processing file /home/kiit/airflow-env/lib/python3.8/site-packages/airflow/example_dags/example_xcom.py for tasks to queue
[2024-06-18T13:21:06.841+0530] {logging_mixin.py:188} INFO - [2024-06-18T13:21:06.841+0530] {dagbag.py:545} INFO - Filling up the DagBag from /home/kiit/airflow-env/lib/python3.8/site-packages/airflow/example_dags/example_xcom.py
[2024-06-18T13:21:06.846+0530] {processor.py:840} INFO - DAG(s) 'example_xcom' retrieved from /home/kiit/airflow-env/lib/python3.8/site-packages/airflow/example_dags/example_xcom.py
[2024-06-18T13:21:06.857+0530] {logging_mixin.py:188} INFO - [2024-06-18T13:21:06.856+0530] {dag.py:3096} INFO - Sync 1 DAGs
[2024-06-18T13:21:06.871+0530] {logging_mixin.py:188} INFO - [2024-06-18T13:21:06.870+0530] {dag.py:3954} INFO - Setting next_dagrun for example_xcom to 2021-01-01 00:00:00+00:00, run_after=2021-01-01 00:00:00+00:00
[2024-06-18T13:21:06.891+0530] {processor.py:183} INFO - Processing /home/kiit/airflow-env/lib/python3.8/site-packages/airflow/example_dags/example_xcom.py took 0.058 seconds
[2024-06-18T13:21:44.980+0530] {processor.py:161} INFO - Started process (PID=26490) to work on /home/kiit/airflow-env/lib/python3.8/site-packages/airflow/example_dags/example_xcom.py
[2024-06-18T13:21:44.982+0530] {processor.py:830} INFO - Processing file /home/kiit/airflow-env/lib/python3.8/site-packages/airflow/example_dags/example_xcom.py for tasks to queue
[2024-06-18T13:21:44.983+0530] {logging_mixin.py:188} INFO - [2024-06-18T13:21:44.983+0530] {dagbag.py:545} INFO - Filling up the DagBag from /home/kiit/airflow-env/lib/python3.8/site-packages/airflow/example_dags/example_xcom.py
[2024-06-18T13:21:44.990+0530] {processor.py:840} INFO - DAG(s) 'example_xcom' retrieved from /home/kiit/airflow-env/lib/python3.8/site-packages/airflow/example_dags/example_xcom.py
[2024-06-18T13:21:45.005+0530] {logging_mixin.py:188} INFO - [2024-06-18T13:21:45.005+0530] {dag.py:3096} INFO - Sync 1 DAGs
[2024-06-18T13:21:45.021+0530] {logging_mixin.py:188} INFO - [2024-06-18T13:21:45.021+0530] {dag.py:3954} INFO - Setting next_dagrun for example_xcom to 2021-01-01 00:00:00+00:00, run_after=2021-01-01 00:00:00+00:00
[2024-06-18T13:21:45.039+0530] {processor.py:183} INFO - Processing /home/kiit/airflow-env/lib/python3.8/site-packages/airflow/example_dags/example_xcom.py took 0.063 seconds
[2024-06-18T13:22:23.928+0530] {processor.py:161} INFO - Started process (PID=26536) to work on /home/kiit/airflow-env/lib/python3.8/site-packages/airflow/example_dags/example_xcom.py
[2024-06-18T13:22:23.929+0530] {processor.py:830} INFO - Processing file /home/kiit/airflow-env/lib/python3.8/site-packages/airflow/example_dags/example_xcom.py for tasks to queue
[2024-06-18T13:22:23.930+0530] {logging_mixin.py:188} INFO - [2024-06-18T13:22:23.930+0530] {dagbag.py:545} INFO - Filling up the DagBag from /home/kiit/airflow-env/lib/python3.8/site-packages/airflow/example_dags/example_xcom.py
[2024-06-18T13:22:23.935+0530] {processor.py:840} INFO - DAG(s) 'example_xcom' retrieved from /home/kiit/airflow-env/lib/python3.8/site-packages/airflow/example_dags/example_xcom.py
[2024-06-18T13:22:23.948+0530] {logging_mixin.py:188} INFO - [2024-06-18T13:22:23.948+0530] {dag.py:3096} INFO - Sync 1 DAGs
[2024-06-18T13:22:23.964+0530] {logging_mixin.py:188} INFO - [2024-06-18T13:22:23.964+0530] {dag.py:3954} INFO - Setting next_dagrun for example_xcom to 2021-01-01 00:00:00+00:00, run_after=2021-01-01 00:00:00+00:00
[2024-06-18T13:22:23.983+0530] {processor.py:183} INFO - Processing /home/kiit/airflow-env/lib/python3.8/site-packages/airflow/example_dags/example_xcom.py took 0.061 seconds
[2024-06-18T13:22:59.946+0530] {processor.py:161} INFO - Started process (PID=26583) to work on /home/kiit/airflow-env/lib/python3.8/site-packages/airflow/example_dags/example_xcom.py
[2024-06-18T13:22:59.947+0530] {processor.py:830} INFO - Processing file /home/kiit/airflow-env/lib/python3.8/site-packages/airflow/example_dags/example_xcom.py for tasks to queue
[2024-06-18T13:22:59.948+0530] {logging_mixin.py:188} INFO - [2024-06-18T13:22:59.948+0530] {dagbag.py:545} INFO - Filling up the DagBag from /home/kiit/airflow-env/lib/python3.8/site-packages/airflow/example_dags/example_xcom.py
[2024-06-18T13:22:59.954+0530] {processor.py:840} INFO - DAG(s) 'example_xcom' retrieved from /home/kiit/airflow-env/lib/python3.8/site-packages/airflow/example_dags/example_xcom.py
[2024-06-18T13:22:59.966+0530] {logging_mixin.py:188} INFO - [2024-06-18T13:22:59.965+0530] {dag.py:3096} INFO - Sync 1 DAGs
[2024-06-18T13:22:59.981+0530] {logging_mixin.py:188} INFO - [2024-06-18T13:22:59.981+0530] {dag.py:3954} INFO - Setting next_dagrun for example_xcom to 2021-01-01 00:00:00+00:00, run_after=2021-01-01 00:00:00+00:00
[2024-06-18T13:22:59.999+0530] {processor.py:183} INFO - Processing /home/kiit/airflow-env/lib/python3.8/site-packages/airflow/example_dags/example_xcom.py took 0.057 seconds
[2024-06-18T13:23:37.663+0530] {processor.py:161} INFO - Started process (PID=26629) to work on /home/kiit/airflow-env/lib/python3.8/site-packages/airflow/example_dags/example_xcom.py
[2024-06-18T13:23:37.664+0530] {processor.py:830} INFO - Processing file /home/kiit/airflow-env/lib/python3.8/site-packages/airflow/example_dags/example_xcom.py for tasks to queue
[2024-06-18T13:23:37.665+0530] {logging_mixin.py:188} INFO - [2024-06-18T13:23:37.665+0530] {dagbag.py:545} INFO - Filling up the DagBag from /home/kiit/airflow-env/lib/python3.8/site-packages/airflow/example_dags/example_xcom.py
[2024-06-18T13:23:37.670+0530] {processor.py:840} INFO - DAG(s) 'example_xcom' retrieved from /home/kiit/airflow-env/lib/python3.8/site-packages/airflow/example_dags/example_xcom.py
[2024-06-18T13:23:37.683+0530] {logging_mixin.py:188} INFO - [2024-06-18T13:23:37.682+0530] {dag.py:3096} INFO - Sync 1 DAGs
[2024-06-18T13:23:37.694+0530] {logging_mixin.py:188} INFO - [2024-06-18T13:23:37.694+0530] {dag.py:3954} INFO - Setting next_dagrun for example_xcom to 2021-01-01 00:00:00+00:00, run_after=2021-01-01 00:00:00+00:00
[2024-06-18T13:23:37.711+0530] {processor.py:183} INFO - Processing /home/kiit/airflow-env/lib/python3.8/site-packages/airflow/example_dags/example_xcom.py took 0.052 seconds
[2024-06-18T13:24:16.931+0530] {processor.py:161} INFO - Started process (PID=26676) to work on /home/kiit/airflow-env/lib/python3.8/site-packages/airflow/example_dags/example_xcom.py
[2024-06-18T13:24:16.933+0530] {processor.py:830} INFO - Processing file /home/kiit/airflow-env/lib/python3.8/site-packages/airflow/example_dags/example_xcom.py for tasks to queue
[2024-06-18T13:24:16.934+0530] {logging_mixin.py:188} INFO - [2024-06-18T13:24:16.934+0530] {dagbag.py:545} INFO - Filling up the DagBag from /home/kiit/airflow-env/lib/python3.8/site-packages/airflow/example_dags/example_xcom.py
[2024-06-18T13:24:16.939+0530] {processor.py:840} INFO - DAG(s) 'example_xcom' retrieved from /home/kiit/airflow-env/lib/python3.8/site-packages/airflow/example_dags/example_xcom.py
[2024-06-18T13:24:16.950+0530] {logging_mixin.py:188} INFO - [2024-06-18T13:24:16.950+0530] {dag.py:3096} INFO - Sync 1 DAGs
[2024-06-18T13:24:16.964+0530] {logging_mixin.py:188} INFO - [2024-06-18T13:24:16.964+0530] {dag.py:3954} INFO - Setting next_dagrun for example_xcom to 2021-01-01 00:00:00+00:00, run_after=2021-01-01 00:00:00+00:00
[2024-06-18T13:24:16.982+0530] {processor.py:183} INFO - Processing /home/kiit/airflow-env/lib/python3.8/site-packages/airflow/example_dags/example_xcom.py took 0.055 seconds
[2024-06-18T13:24:57.399+0530] {processor.py:161} INFO - Started process (PID=26725) to work on /home/kiit/airflow-env/lib/python3.8/site-packages/airflow/example_dags/example_xcom.py
[2024-06-18T13:24:57.400+0530] {processor.py:830} INFO - Processing file /home/kiit/airflow-env/lib/python3.8/site-packages/airflow/example_dags/example_xcom.py for tasks to queue
[2024-06-18T13:24:57.402+0530] {logging_mixin.py:188} INFO - [2024-06-18T13:24:57.401+0530] {dagbag.py:545} INFO - Filling up the DagBag from /home/kiit/airflow-env/lib/python3.8/site-packages/airflow/example_dags/example_xcom.py
[2024-06-18T13:24:57.409+0530] {processor.py:840} INFO - DAG(s) 'example_xcom' retrieved from /home/kiit/airflow-env/lib/python3.8/site-packages/airflow/example_dags/example_xcom.py
[2024-06-18T13:24:57.423+0530] {logging_mixin.py:188} INFO - [2024-06-18T13:24:57.422+0530] {dag.py:3096} INFO - Sync 1 DAGs
[2024-06-18T13:24:57.438+0530] {logging_mixin.py:188} INFO - [2024-06-18T13:24:57.437+0530] {dag.py:3954} INFO - Setting next_dagrun for example_xcom to 2021-01-01 00:00:00+00:00, run_after=2021-01-01 00:00:00+00:00
[2024-06-18T13:24:57.458+0530] {processor.py:183} INFO - Processing /home/kiit/airflow-env/lib/python3.8/site-packages/airflow/example_dags/example_xcom.py took 0.064 seconds
[2024-06-18T13:25:34.662+0530] {processor.py:161} INFO - Started process (PID=26776) to work on /home/kiit/airflow-env/lib/python3.8/site-packages/airflow/example_dags/example_xcom.py
[2024-06-18T13:25:34.663+0530] {processor.py:830} INFO - Processing file /home/kiit/airflow-env/lib/python3.8/site-packages/airflow/example_dags/example_xcom.py for tasks to queue
[2024-06-18T13:25:34.664+0530] {logging_mixin.py:188} INFO - [2024-06-18T13:25:34.664+0530] {dagbag.py:545} INFO - Filling up the DagBag from /home/kiit/airflow-env/lib/python3.8/site-packages/airflow/example_dags/example_xcom.py
[2024-06-18T13:25:34.669+0530] {processor.py:840} INFO - DAG(s) 'example_xcom' retrieved from /home/kiit/airflow-env/lib/python3.8/site-packages/airflow/example_dags/example_xcom.py
[2024-06-18T13:25:34.681+0530] {logging_mixin.py:188} INFO - [2024-06-18T13:25:34.680+0530] {dag.py:3096} INFO - Sync 1 DAGs
[2024-06-18T13:25:34.694+0530] {logging_mixin.py:188} INFO - [2024-06-18T13:25:34.694+0530] {dag.py:3954} INFO - Setting next_dagrun for example_xcom to 2021-01-01 00:00:00+00:00, run_after=2021-01-01 00:00:00+00:00
[2024-06-18T13:25:34.713+0530] {processor.py:183} INFO - Processing /home/kiit/airflow-env/lib/python3.8/site-packages/airflow/example_dags/example_xcom.py took 0.055 seconds
[2024-06-18T13:26:12.603+0530] {processor.py:161} INFO - Started process (PID=26821) to work on /home/kiit/airflow-env/lib/python3.8/site-packages/airflow/example_dags/example_xcom.py
[2024-06-18T13:26:12.604+0530] {processor.py:830} INFO - Processing file /home/kiit/airflow-env/lib/python3.8/site-packages/airflow/example_dags/example_xcom.py for tasks to queue
[2024-06-18T13:26:12.605+0530] {logging_mixin.py:188} INFO - [2024-06-18T13:26:12.605+0530] {dagbag.py:545} INFO - Filling up the DagBag from /home/kiit/airflow-env/lib/python3.8/site-packages/airflow/example_dags/example_xcom.py
[2024-06-18T13:26:12.611+0530] {processor.py:840} INFO - DAG(s) 'example_xcom' retrieved from /home/kiit/airflow-env/lib/python3.8/site-packages/airflow/example_dags/example_xcom.py
[2024-06-18T13:26:12.625+0530] {logging_mixin.py:188} INFO - [2024-06-18T13:26:12.625+0530] {dag.py:3096} INFO - Sync 1 DAGs
[2024-06-18T13:26:12.641+0530] {logging_mixin.py:188} INFO - [2024-06-18T13:26:12.641+0530] {dag.py:3954} INFO - Setting next_dagrun for example_xcom to 2021-01-01 00:00:00+00:00, run_after=2021-01-01 00:00:00+00:00
[2024-06-18T13:26:12.661+0530] {processor.py:183} INFO - Processing /home/kiit/airflow-env/lib/python3.8/site-packages/airflow/example_dags/example_xcom.py took 0.063 seconds
[2024-06-18T13:27:01.121+0530] {processor.py:161} INFO - Started process (PID=26870) to work on /home/kiit/airflow-env/lib/python3.8/site-packages/airflow/example_dags/example_xcom.py
[2024-06-18T13:27:01.129+0530] {processor.py:830} INFO - Processing file /home/kiit/airflow-env/lib/python3.8/site-packages/airflow/example_dags/example_xcom.py for tasks to queue
[2024-06-18T13:27:01.130+0530] {logging_mixin.py:188} INFO - [2024-06-18T13:27:01.130+0530] {dagbag.py:545} INFO - Filling up the DagBag from /home/kiit/airflow-env/lib/python3.8/site-packages/airflow/example_dags/example_xcom.py
[2024-06-18T13:27:01.138+0530] {processor.py:840} INFO - DAG(s) 'example_xcom' retrieved from /home/kiit/airflow-env/lib/python3.8/site-packages/airflow/example_dags/example_xcom.py
[2024-06-18T13:27:01.156+0530] {logging_mixin.py:188} INFO - [2024-06-18T13:27:01.155+0530] {dag.py:3096} INFO - Sync 1 DAGs
[2024-06-18T13:27:01.175+0530] {logging_mixin.py:188} INFO - [2024-06-18T13:27:01.175+0530] {dag.py:3954} INFO - Setting next_dagrun for example_xcom to 2021-01-01 00:00:00+00:00, run_after=2021-01-01 00:00:00+00:00
[2024-06-18T13:27:01.201+0530] {processor.py:183} INFO - Processing /home/kiit/airflow-env/lib/python3.8/site-packages/airflow/example_dags/example_xcom.py took 0.088 seconds
[2024-06-18T13:27:55.627+0530] {processor.py:161} INFO - Started process (PID=26926) to work on /home/kiit/airflow-env/lib/python3.8/site-packages/airflow/example_dags/example_xcom.py
[2024-06-18T13:27:55.635+0530] {processor.py:830} INFO - Processing file /home/kiit/airflow-env/lib/python3.8/site-packages/airflow/example_dags/example_xcom.py for tasks to queue
[2024-06-18T13:27:55.644+0530] {logging_mixin.py:188} INFO - [2024-06-18T13:27:55.643+0530] {dagbag.py:545} INFO - Filling up the DagBag from /home/kiit/airflow-env/lib/python3.8/site-packages/airflow/example_dags/example_xcom.py
[2024-06-18T13:27:55.694+0530] {processor.py:840} INFO - DAG(s) 'example_xcom' retrieved from /home/kiit/airflow-env/lib/python3.8/site-packages/airflow/example_dags/example_xcom.py
[2024-06-18T13:27:55.799+0530] {logging_mixin.py:188} INFO - [2024-06-18T13:27:55.798+0530] {dag.py:3096} INFO - Sync 1 DAGs
[2024-06-18T13:27:55.950+0530] {logging_mixin.py:188} INFO - [2024-06-18T13:27:55.949+0530] {dag.py:3954} INFO - Setting next_dagrun for example_xcom to 2021-01-01 00:00:00+00:00, run_after=2021-01-01 00:00:00+00:00
[2024-06-18T13:27:56.127+0530] {processor.py:183} INFO - Processing /home/kiit/airflow-env/lib/python3.8/site-packages/airflow/example_dags/example_xcom.py took 0.532 seconds
[2024-06-18T13:29:07.388+0530] {processor.py:161} INFO - Started process (PID=26985) to work on /home/kiit/airflow-env/lib/python3.8/site-packages/airflow/example_dags/example_xcom.py
[2024-06-18T13:29:07.393+0530] {processor.py:830} INFO - Processing file /home/kiit/airflow-env/lib/python3.8/site-packages/airflow/example_dags/example_xcom.py for tasks to queue
[2024-06-18T13:29:07.398+0530] {logging_mixin.py:188} INFO - [2024-06-18T13:29:07.397+0530] {dagbag.py:545} INFO - Filling up the DagBag from /home/kiit/airflow-env/lib/python3.8/site-packages/airflow/example_dags/example_xcom.py
[2024-06-18T13:29:07.429+0530] {processor.py:840} INFO - DAG(s) 'example_xcom' retrieved from /home/kiit/airflow-env/lib/python3.8/site-packages/airflow/example_dags/example_xcom.py
[2024-06-18T13:29:07.501+0530] {logging_mixin.py:188} INFO - [2024-06-18T13:29:07.500+0530] {dag.py:3096} INFO - Sync 1 DAGs
[2024-06-18T13:29:07.649+0530] {logging_mixin.py:188} INFO - [2024-06-18T13:29:07.648+0530] {dag.py:3954} INFO - Setting next_dagrun for example_xcom to 2021-01-01 00:00:00+00:00, run_after=2021-01-01 00:00:00+00:00
[2024-06-18T13:29:07.818+0530] {processor.py:183} INFO - Processing /home/kiit/airflow-env/lib/python3.8/site-packages/airflow/example_dags/example_xcom.py took 0.451 seconds
[2024-06-18T13:30:05.270+0530] {processor.py:161} INFO - Started process (PID=27051) to work on /home/kiit/airflow-env/lib/python3.8/site-packages/airflow/example_dags/example_xcom.py
[2024-06-18T13:30:05.272+0530] {processor.py:830} INFO - Processing file /home/kiit/airflow-env/lib/python3.8/site-packages/airflow/example_dags/example_xcom.py for tasks to queue
[2024-06-18T13:30:05.274+0530] {logging_mixin.py:188} INFO - [2024-06-18T13:30:05.274+0530] {dagbag.py:545} INFO - Filling up the DagBag from /home/kiit/airflow-env/lib/python3.8/site-packages/airflow/example_dags/example_xcom.py
[2024-06-18T13:30:05.286+0530] {processor.py:840} INFO - DAG(s) 'example_xcom' retrieved from /home/kiit/airflow-env/lib/python3.8/site-packages/airflow/example_dags/example_xcom.py
[2024-06-18T13:30:05.305+0530] {logging_mixin.py:188} INFO - [2024-06-18T13:30:05.305+0530] {dag.py:3096} INFO - Sync 1 DAGs
[2024-06-18T13:30:05.325+0530] {logging_mixin.py:188} INFO - [2024-06-18T13:30:05.325+0530] {dag.py:3954} INFO - Setting next_dagrun for example_xcom to 2021-01-01 00:00:00+00:00, run_after=2021-01-01 00:00:00+00:00
[2024-06-18T13:30:05.358+0530] {processor.py:183} INFO - Processing /home/kiit/airflow-env/lib/python3.8/site-packages/airflow/example_dags/example_xcom.py took 0.096 seconds
[2024-06-18T13:30:51.941+0530] {processor.py:161} INFO - Started process (PID=27120) to work on /home/kiit/airflow-env/lib/python3.8/site-packages/airflow/example_dags/example_xcom.py
[2024-06-18T13:30:51.946+0530] {processor.py:830} INFO - Processing file /home/kiit/airflow-env/lib/python3.8/site-packages/airflow/example_dags/example_xcom.py for tasks to queue
[2024-06-18T13:30:51.950+0530] {logging_mixin.py:188} INFO - [2024-06-18T13:30:51.949+0530] {dagbag.py:545} INFO - Filling up the DagBag from /home/kiit/airflow-env/lib/python3.8/site-packages/airflow/example_dags/example_xcom.py
[2024-06-18T13:30:51.976+0530] {processor.py:840} INFO - DAG(s) 'example_xcom' retrieved from /home/kiit/airflow-env/lib/python3.8/site-packages/airflow/example_dags/example_xcom.py
[2024-06-18T13:30:52.033+0530] {logging_mixin.py:188} INFO - [2024-06-18T13:30:52.032+0530] {dag.py:3096} INFO - Sync 1 DAGs
[2024-06-18T13:30:52.094+0530] {logging_mixin.py:188} INFO - [2024-06-18T13:30:52.093+0530] {dag.py:3954} INFO - Setting next_dagrun for example_xcom to 2021-01-01 00:00:00+00:00, run_after=2021-01-01 00:00:00+00:00
[2024-06-18T13:30:52.162+0530] {processor.py:183} INFO - Processing /home/kiit/airflow-env/lib/python3.8/site-packages/airflow/example_dags/example_xcom.py took 0.245 seconds
[2024-06-18T13:31:50.664+0530] {processor.py:161} INFO - Started process (PID=27447) to work on /home/kiit/airflow-env/lib/python3.8/site-packages/airflow/example_dags/example_xcom.py
[2024-06-18T13:31:50.666+0530] {processor.py:830} INFO - Processing file /home/kiit/airflow-env/lib/python3.8/site-packages/airflow/example_dags/example_xcom.py for tasks to queue
[2024-06-18T13:31:50.668+0530] {logging_mixin.py:188} INFO - [2024-06-18T13:31:50.668+0530] {dagbag.py:545} INFO - Filling up the DagBag from /home/kiit/airflow-env/lib/python3.8/site-packages/airflow/example_dags/example_xcom.py
[2024-06-18T13:31:50.675+0530] {processor.py:840} INFO - DAG(s) 'example_xcom' retrieved from /home/kiit/airflow-env/lib/python3.8/site-packages/airflow/example_dags/example_xcom.py
[2024-06-18T13:31:50.689+0530] {logging_mixin.py:188} INFO - [2024-06-18T13:31:50.689+0530] {dag.py:3096} INFO - Sync 1 DAGs
[2024-06-18T13:31:50.701+0530] {logging_mixin.py:188} INFO - [2024-06-18T13:31:50.701+0530] {dag.py:3954} INFO - Setting next_dagrun for example_xcom to 2021-01-01 00:00:00+00:00, run_after=2021-01-01 00:00:00+00:00
[2024-06-18T13:31:50.719+0530] {processor.py:183} INFO - Processing /home/kiit/airflow-env/lib/python3.8/site-packages/airflow/example_dags/example_xcom.py took 0.061 seconds
[2024-06-18T13:32:32.442+0530] {processor.py:161} INFO - Started process (PID=28126) to work on /home/kiit/airflow-env/lib/python3.8/site-packages/airflow/example_dags/example_xcom.py
[2024-06-18T13:32:32.443+0530] {processor.py:830} INFO - Processing file /home/kiit/airflow-env/lib/python3.8/site-packages/airflow/example_dags/example_xcom.py for tasks to queue
[2024-06-18T13:32:32.445+0530] {logging_mixin.py:188} INFO - [2024-06-18T13:32:32.445+0530] {dagbag.py:545} INFO - Filling up the DagBag from /home/kiit/airflow-env/lib/python3.8/site-packages/airflow/example_dags/example_xcom.py
[2024-06-18T13:32:32.455+0530] {processor.py:840} INFO - DAG(s) 'example_xcom' retrieved from /home/kiit/airflow-env/lib/python3.8/site-packages/airflow/example_dags/example_xcom.py
[2024-06-18T13:32:32.477+0530] {logging_mixin.py:188} INFO - [2024-06-18T13:32:32.476+0530] {dag.py:3096} INFO - Sync 1 DAGs
[2024-06-18T13:32:32.499+0530] {logging_mixin.py:188} INFO - [2024-06-18T13:32:32.498+0530] {dag.py:3954} INFO - Setting next_dagrun for example_xcom to 2021-01-01 00:00:00+00:00, run_after=2021-01-01 00:00:00+00:00
[2024-06-18T13:32:32.524+0530] {processor.py:183} INFO - Processing /home/kiit/airflow-env/lib/python3.8/site-packages/airflow/example_dags/example_xcom.py took 0.091 seconds
[2024-06-18T13:33:14.061+0530] {processor.py:161} INFO - Started process (PID=28485) to work on /home/kiit/airflow-env/lib/python3.8/site-packages/airflow/example_dags/example_xcom.py
[2024-06-18T13:33:14.063+0530] {processor.py:830} INFO - Processing file /home/kiit/airflow-env/lib/python3.8/site-packages/airflow/example_dags/example_xcom.py for tasks to queue
[2024-06-18T13:33:14.065+0530] {logging_mixin.py:188} INFO - [2024-06-18T13:33:14.064+0530] {dagbag.py:545} INFO - Filling up the DagBag from /home/kiit/airflow-env/lib/python3.8/site-packages/airflow/example_dags/example_xcom.py
[2024-06-18T13:33:14.075+0530] {processor.py:840} INFO - DAG(s) 'example_xcom' retrieved from /home/kiit/airflow-env/lib/python3.8/site-packages/airflow/example_dags/example_xcom.py
[2024-06-18T13:33:14.100+0530] {logging_mixin.py:188} INFO - [2024-06-18T13:33:14.099+0530] {dag.py:3096} INFO - Sync 1 DAGs
[2024-06-18T13:33:14.121+0530] {logging_mixin.py:188} INFO - [2024-06-18T13:33:14.121+0530] {dag.py:3954} INFO - Setting next_dagrun for example_xcom to 2021-01-01 00:00:00+00:00, run_after=2021-01-01 00:00:00+00:00
[2024-06-18T13:33:14.152+0530] {processor.py:183} INFO - Processing /home/kiit/airflow-env/lib/python3.8/site-packages/airflow/example_dags/example_xcom.py took 0.098 seconds
[2024-06-18T13:33:56.863+0530] {processor.py:161} INFO - Started process (PID=30386) to work on /home/kiit/airflow-env/lib/python3.8/site-packages/airflow/example_dags/example_xcom.py
[2024-06-18T13:33:56.865+0530] {processor.py:830} INFO - Processing file /home/kiit/airflow-env/lib/python3.8/site-packages/airflow/example_dags/example_xcom.py for tasks to queue
[2024-06-18T13:33:56.867+0530] {logging_mixin.py:188} INFO - [2024-06-18T13:33:56.866+0530] {dagbag.py:545} INFO - Filling up the DagBag from /home/kiit/airflow-env/lib/python3.8/site-packages/airflow/example_dags/example_xcom.py
[2024-06-18T13:33:56.878+0530] {processor.py:840} INFO - DAG(s) 'example_xcom' retrieved from /home/kiit/airflow-env/lib/python3.8/site-packages/airflow/example_dags/example_xcom.py
[2024-06-18T13:33:56.900+0530] {logging_mixin.py:188} INFO - [2024-06-18T13:33:56.900+0530] {dag.py:3096} INFO - Sync 1 DAGs
[2024-06-18T13:33:56.930+0530] {logging_mixin.py:188} INFO - [2024-06-18T13:33:56.930+0530] {dag.py:3954} INFO - Setting next_dagrun for example_xcom to 2021-01-01 00:00:00+00:00, run_after=2021-01-01 00:00:00+00:00
[2024-06-18T13:33:56.960+0530] {processor.py:183} INFO - Processing /home/kiit/airflow-env/lib/python3.8/site-packages/airflow/example_dags/example_xcom.py took 0.106 seconds
[2024-06-18T13:34:34.854+0530] {processor.py:161} INFO - Started process (PID=30464) to work on /home/kiit/airflow-env/lib/python3.8/site-packages/airflow/example_dags/example_xcom.py
[2024-06-18T13:34:34.854+0530] {processor.py:830} INFO - Processing file /home/kiit/airflow-env/lib/python3.8/site-packages/airflow/example_dags/example_xcom.py for tasks to queue
[2024-06-18T13:34:34.856+0530] {logging_mixin.py:188} INFO - [2024-06-18T13:34:34.856+0530] {dagbag.py:545} INFO - Filling up the DagBag from /home/kiit/airflow-env/lib/python3.8/site-packages/airflow/example_dags/example_xcom.py
[2024-06-18T13:34:34.865+0530] {processor.py:840} INFO - DAG(s) 'example_xcom' retrieved from /home/kiit/airflow-env/lib/python3.8/site-packages/airflow/example_dags/example_xcom.py
[2024-06-18T13:34:34.879+0530] {logging_mixin.py:188} INFO - [2024-06-18T13:34:34.879+0530] {dag.py:3096} INFO - Sync 1 DAGs
[2024-06-18T13:34:34.898+0530] {logging_mixin.py:188} INFO - [2024-06-18T13:34:34.898+0530] {dag.py:3954} INFO - Setting next_dagrun for example_xcom to 2021-01-01 00:00:00+00:00, run_after=2021-01-01 00:00:00+00:00
[2024-06-18T13:34:34.919+0530] {processor.py:183} INFO - Processing /home/kiit/airflow-env/lib/python3.8/site-packages/airflow/example_dags/example_xcom.py took 0.071 seconds
[2024-06-18T13:35:15.521+0530] {processor.py:161} INFO - Started process (PID=30511) to work on /home/kiit/airflow-env/lib/python3.8/site-packages/airflow/example_dags/example_xcom.py
[2024-06-18T13:35:15.522+0530] {processor.py:830} INFO - Processing file /home/kiit/airflow-env/lib/python3.8/site-packages/airflow/example_dags/example_xcom.py for tasks to queue
[2024-06-18T13:35:15.524+0530] {logging_mixin.py:188} INFO - [2024-06-18T13:35:15.524+0530] {dagbag.py:545} INFO - Filling up the DagBag from /home/kiit/airflow-env/lib/python3.8/site-packages/airflow/example_dags/example_xcom.py
[2024-06-18T13:35:15.532+0530] {processor.py:840} INFO - DAG(s) 'example_xcom' retrieved from /home/kiit/airflow-env/lib/python3.8/site-packages/airflow/example_dags/example_xcom.py
[2024-06-18T13:35:15.546+0530] {logging_mixin.py:188} INFO - [2024-06-18T13:35:15.546+0530] {dag.py:3096} INFO - Sync 1 DAGs
[2024-06-18T13:35:15.561+0530] {logging_mixin.py:188} INFO - [2024-06-18T13:35:15.561+0530] {dag.py:3954} INFO - Setting next_dagrun for example_xcom to 2021-01-01 00:00:00+00:00, run_after=2021-01-01 00:00:00+00:00
[2024-06-18T13:35:15.582+0530] {processor.py:183} INFO - Processing /home/kiit/airflow-env/lib/python3.8/site-packages/airflow/example_dags/example_xcom.py took 0.065 seconds
[2024-06-18T13:35:59.264+0530] {processor.py:161} INFO - Started process (PID=30561) to work on /home/kiit/airflow-env/lib/python3.8/site-packages/airflow/example_dags/example_xcom.py
[2024-06-18T13:35:59.265+0530] {processor.py:830} INFO - Processing file /home/kiit/airflow-env/lib/python3.8/site-packages/airflow/example_dags/example_xcom.py for tasks to queue
[2024-06-18T13:35:59.267+0530] {logging_mixin.py:188} INFO - [2024-06-18T13:35:59.267+0530] {dagbag.py:545} INFO - Filling up the DagBag from /home/kiit/airflow-env/lib/python3.8/site-packages/airflow/example_dags/example_xcom.py
[2024-06-18T13:35:59.273+0530] {processor.py:840} INFO - DAG(s) 'example_xcom' retrieved from /home/kiit/airflow-env/lib/python3.8/site-packages/airflow/example_dags/example_xcom.py
[2024-06-18T13:35:59.285+0530] {logging_mixin.py:188} INFO - [2024-06-18T13:35:59.285+0530] {dag.py:3096} INFO - Sync 1 DAGs
[2024-06-18T13:35:59.301+0530] {logging_mixin.py:188} INFO - [2024-06-18T13:35:59.301+0530] {dag.py:3954} INFO - Setting next_dagrun for example_xcom to 2021-01-01 00:00:00+00:00, run_after=2021-01-01 00:00:00+00:00
[2024-06-18T13:35:59.326+0530] {processor.py:183} INFO - Processing /home/kiit/airflow-env/lib/python3.8/site-packages/airflow/example_dags/example_xcom.py took 0.067 seconds
[2024-06-18T13:36:41.783+0530] {processor.py:161} INFO - Started process (PID=30612) to work on /home/kiit/airflow-env/lib/python3.8/site-packages/airflow/example_dags/example_xcom.py
[2024-06-18T13:36:41.790+0530] {processor.py:830} INFO - Processing file /home/kiit/airflow-env/lib/python3.8/site-packages/airflow/example_dags/example_xcom.py for tasks to queue
[2024-06-18T13:36:41.792+0530] {logging_mixin.py:188} INFO - [2024-06-18T13:36:41.792+0530] {dagbag.py:545} INFO - Filling up the DagBag from /home/kiit/airflow-env/lib/python3.8/site-packages/airflow/example_dags/example_xcom.py
[2024-06-18T13:36:41.802+0530] {processor.py:840} INFO - DAG(s) 'example_xcom' retrieved from /home/kiit/airflow-env/lib/python3.8/site-packages/airflow/example_dags/example_xcom.py
[2024-06-18T13:36:41.817+0530] {logging_mixin.py:188} INFO - [2024-06-18T13:36:41.817+0530] {dag.py:3096} INFO - Sync 1 DAGs
[2024-06-18T13:36:41.831+0530] {logging_mixin.py:188} INFO - [2024-06-18T13:36:41.831+0530] {dag.py:3954} INFO - Setting next_dagrun for example_xcom to 2021-01-01 00:00:00+00:00, run_after=2021-01-01 00:00:00+00:00
[2024-06-18T13:36:41.849+0530] {processor.py:183} INFO - Processing /home/kiit/airflow-env/lib/python3.8/site-packages/airflow/example_dags/example_xcom.py took 0.075 seconds
[2024-06-18T13:37:22.307+0530] {processor.py:161} INFO - Started process (PID=30660) to work on /home/kiit/airflow-env/lib/python3.8/site-packages/airflow/example_dags/example_xcom.py
[2024-06-18T13:37:22.308+0530] {processor.py:830} INFO - Processing file /home/kiit/airflow-env/lib/python3.8/site-packages/airflow/example_dags/example_xcom.py for tasks to queue
[2024-06-18T13:37:22.310+0530] {logging_mixin.py:188} INFO - [2024-06-18T13:37:22.309+0530] {dagbag.py:545} INFO - Filling up the DagBag from /home/kiit/airflow-env/lib/python3.8/site-packages/airflow/example_dags/example_xcom.py
[2024-06-18T13:37:22.317+0530] {processor.py:840} INFO - DAG(s) 'example_xcom' retrieved from /home/kiit/airflow-env/lib/python3.8/site-packages/airflow/example_dags/example_xcom.py
[2024-06-18T13:37:22.331+0530] {logging_mixin.py:188} INFO - [2024-06-18T13:37:22.331+0530] {dag.py:3096} INFO - Sync 1 DAGs
[2024-06-18T13:37:22.355+0530] {logging_mixin.py:188} INFO - [2024-06-18T13:37:22.354+0530] {dag.py:3954} INFO - Setting next_dagrun for example_xcom to 2021-01-01 00:00:00+00:00, run_after=2021-01-01 00:00:00+00:00
[2024-06-18T13:37:22.378+0530] {processor.py:183} INFO - Processing /home/kiit/airflow-env/lib/python3.8/site-packages/airflow/example_dags/example_xcom.py took 0.077 seconds
[2024-06-18T13:38:09.577+0530] {processor.py:161} INFO - Started process (PID=30711) to work on /home/kiit/airflow-env/lib/python3.8/site-packages/airflow/example_dags/example_xcom.py
[2024-06-18T13:38:09.579+0530] {processor.py:830} INFO - Processing file /home/kiit/airflow-env/lib/python3.8/site-packages/airflow/example_dags/example_xcom.py for tasks to queue
[2024-06-18T13:38:09.582+0530] {logging_mixin.py:188} INFO - [2024-06-18T13:38:09.581+0530] {dagbag.py:545} INFO - Filling up the DagBag from /home/kiit/airflow-env/lib/python3.8/site-packages/airflow/example_dags/example_xcom.py
[2024-06-18T13:38:09.594+0530] {processor.py:840} INFO - DAG(s) 'example_xcom' retrieved from /home/kiit/airflow-env/lib/python3.8/site-packages/airflow/example_dags/example_xcom.py
[2024-06-18T13:38:09.618+0530] {logging_mixin.py:188} INFO - [2024-06-18T13:38:09.618+0530] {dag.py:3096} INFO - Sync 1 DAGs
[2024-06-18T13:38:09.641+0530] {logging_mixin.py:188} INFO - [2024-06-18T13:38:09.640+0530] {dag.py:3954} INFO - Setting next_dagrun for example_xcom to 2021-01-01 00:00:00+00:00, run_after=2021-01-01 00:00:00+00:00
[2024-06-18T13:38:09.666+0530] {processor.py:183} INFO - Processing /home/kiit/airflow-env/lib/python3.8/site-packages/airflow/example_dags/example_xcom.py took 0.096 seconds
[2024-06-18T13:39:06.304+0530] {processor.py:161} INFO - Started process (PID=30771) to work on /home/kiit/airflow-env/lib/python3.8/site-packages/airflow/example_dags/example_xcom.py
[2024-06-18T13:39:06.306+0530] {processor.py:830} INFO - Processing file /home/kiit/airflow-env/lib/python3.8/site-packages/airflow/example_dags/example_xcom.py for tasks to queue
[2024-06-18T13:39:06.310+0530] {logging_mixin.py:188} INFO - [2024-06-18T13:39:06.309+0530] {dagbag.py:545} INFO - Filling up the DagBag from /home/kiit/airflow-env/lib/python3.8/site-packages/airflow/example_dags/example_xcom.py
[2024-06-18T13:39:06.325+0530] {processor.py:840} INFO - DAG(s) 'example_xcom' retrieved from /home/kiit/airflow-env/lib/python3.8/site-packages/airflow/example_dags/example_xcom.py
[2024-06-18T13:39:06.354+0530] {logging_mixin.py:188} INFO - [2024-06-18T13:39:06.354+0530] {dag.py:3096} INFO - Sync 1 DAGs
[2024-06-18T13:39:06.375+0530] {logging_mixin.py:188} INFO - [2024-06-18T13:39:06.374+0530] {dag.py:3954} INFO - Setting next_dagrun for example_xcom to 2021-01-01 00:00:00+00:00, run_after=2021-01-01 00:00:00+00:00
[2024-06-18T13:39:06.409+0530] {processor.py:183} INFO - Processing /home/kiit/airflow-env/lib/python3.8/site-packages/airflow/example_dags/example_xcom.py took 0.119 seconds
[2024-06-18T13:39:45.670+0530] {processor.py:161} INFO - Started process (PID=30819) to work on /home/kiit/airflow-env/lib/python3.8/site-packages/airflow/example_dags/example_xcom.py
[2024-06-18T13:39:45.677+0530] {processor.py:830} INFO - Processing file /home/kiit/airflow-env/lib/python3.8/site-packages/airflow/example_dags/example_xcom.py for tasks to queue
[2024-06-18T13:39:45.678+0530] {logging_mixin.py:188} INFO - [2024-06-18T13:39:45.678+0530] {dagbag.py:545} INFO - Filling up the DagBag from /home/kiit/airflow-env/lib/python3.8/site-packages/airflow/example_dags/example_xcom.py
[2024-06-18T13:39:45.685+0530] {processor.py:840} INFO - DAG(s) 'example_xcom' retrieved from /home/kiit/airflow-env/lib/python3.8/site-packages/airflow/example_dags/example_xcom.py
[2024-06-18T13:39:45.699+0530] {logging_mixin.py:188} INFO - [2024-06-18T13:39:45.699+0530] {dag.py:3096} INFO - Sync 1 DAGs
[2024-06-18T13:39:45.712+0530] {logging_mixin.py:188} INFO - [2024-06-18T13:39:45.712+0530] {dag.py:3954} INFO - Setting next_dagrun for example_xcom to 2021-01-01 00:00:00+00:00, run_after=2021-01-01 00:00:00+00:00
[2024-06-18T13:39:45.732+0530] {processor.py:183} INFO - Processing /home/kiit/airflow-env/lib/python3.8/site-packages/airflow/example_dags/example_xcom.py took 0.068 seconds
[2024-06-18T13:40:26.485+0530] {processor.py:161} INFO - Started process (PID=30934) to work on /home/kiit/airflow-env/lib/python3.8/site-packages/airflow/example_dags/example_xcom.py
[2024-06-18T13:40:26.494+0530] {processor.py:830} INFO - Processing file /home/kiit/airflow-env/lib/python3.8/site-packages/airflow/example_dags/example_xcom.py for tasks to queue
[2024-06-18T13:40:26.498+0530] {logging_mixin.py:188} INFO - [2024-06-18T13:40:26.497+0530] {dagbag.py:545} INFO - Filling up the DagBag from /home/kiit/airflow-env/lib/python3.8/site-packages/airflow/example_dags/example_xcom.py
[2024-06-18T13:40:26.514+0530] {processor.py:840} INFO - DAG(s) 'example_xcom' retrieved from /home/kiit/airflow-env/lib/python3.8/site-packages/airflow/example_dags/example_xcom.py
[2024-06-18T13:40:26.541+0530] {logging_mixin.py:188} INFO - [2024-06-18T13:40:26.541+0530] {dag.py:3096} INFO - Sync 1 DAGs
[2024-06-18T13:40:26.556+0530] {logging_mixin.py:188} INFO - [2024-06-18T13:40:26.556+0530] {dag.py:3954} INFO - Setting next_dagrun for example_xcom to 2021-01-01 00:00:00+00:00, run_after=2021-01-01 00:00:00+00:00
[2024-06-18T13:40:26.574+0530] {processor.py:183} INFO - Processing /home/kiit/airflow-env/lib/python3.8/site-packages/airflow/example_dags/example_xcom.py took 0.105 seconds
[2024-06-18T13:41:08.254+0530] {processor.py:161} INFO - Started process (PID=30983) to work on /home/kiit/airflow-env/lib/python3.8/site-packages/airflow/example_dags/example_xcom.py
[2024-06-18T13:41:08.256+0530] {processor.py:830} INFO - Processing file /home/kiit/airflow-env/lib/python3.8/site-packages/airflow/example_dags/example_xcom.py for tasks to queue
[2024-06-18T13:41:08.258+0530] {logging_mixin.py:188} INFO - [2024-06-18T13:41:08.257+0530] {dagbag.py:545} INFO - Filling up the DagBag from /home/kiit/airflow-env/lib/python3.8/site-packages/airflow/example_dags/example_xcom.py
[2024-06-18T13:41:08.267+0530] {processor.py:840} INFO - DAG(s) 'example_xcom' retrieved from /home/kiit/airflow-env/lib/python3.8/site-packages/airflow/example_dags/example_xcom.py
[2024-06-18T13:41:08.279+0530] {logging_mixin.py:188} INFO - [2024-06-18T13:41:08.279+0530] {dag.py:3096} INFO - Sync 1 DAGs
[2024-06-18T13:41:08.295+0530] {logging_mixin.py:188} INFO - [2024-06-18T13:41:08.295+0530] {dag.py:3954} INFO - Setting next_dagrun for example_xcom to 2021-01-01 00:00:00+00:00, run_after=2021-01-01 00:00:00+00:00
[2024-06-18T13:41:08.319+0530] {processor.py:183} INFO - Processing /home/kiit/airflow-env/lib/python3.8/site-packages/airflow/example_dags/example_xcom.py took 0.072 seconds
[2024-06-18T13:41:48.829+0530] {processor.py:161} INFO - Started process (PID=31032) to work on /home/kiit/airflow-env/lib/python3.8/site-packages/airflow/example_dags/example_xcom.py
[2024-06-18T13:41:48.836+0530] {processor.py:830} INFO - Processing file /home/kiit/airflow-env/lib/python3.8/site-packages/airflow/example_dags/example_xcom.py for tasks to queue
[2024-06-18T13:41:48.838+0530] {logging_mixin.py:188} INFO - [2024-06-18T13:41:48.838+0530] {dagbag.py:545} INFO - Filling up the DagBag from /home/kiit/airflow-env/lib/python3.8/site-packages/airflow/example_dags/example_xcom.py
[2024-06-18T13:41:48.844+0530] {processor.py:840} INFO - DAG(s) 'example_xcom' retrieved from /home/kiit/airflow-env/lib/python3.8/site-packages/airflow/example_dags/example_xcom.py
[2024-06-18T13:41:48.855+0530] {logging_mixin.py:188} INFO - [2024-06-18T13:41:48.855+0530] {dag.py:3096} INFO - Sync 1 DAGs
[2024-06-18T13:41:48.866+0530] {logging_mixin.py:188} INFO - [2024-06-18T13:41:48.865+0530] {dag.py:3954} INFO - Setting next_dagrun for example_xcom to 2021-01-01 00:00:00+00:00, run_after=2021-01-01 00:00:00+00:00
[2024-06-18T13:41:48.882+0530] {processor.py:183} INFO - Processing /home/kiit/airflow-env/lib/python3.8/site-packages/airflow/example_dags/example_xcom.py took 0.058 seconds
[2024-06-18T15:05:48.982+0530] {processor.py:161} INFO - Started process (PID=33599) to work on /home/kiit/airflow-env/lib/python3.8/site-packages/airflow/example_dags/example_xcom.py
[2024-06-18T15:05:48.984+0530] {processor.py:830} INFO - Processing file /home/kiit/airflow-env/lib/python3.8/site-packages/airflow/example_dags/example_xcom.py for tasks to queue
[2024-06-18T15:05:48.985+0530] {logging_mixin.py:188} INFO - [2024-06-18T15:05:48.985+0530] {dagbag.py:545} INFO - Filling up the DagBag from /home/kiit/airflow-env/lib/python3.8/site-packages/airflow/example_dags/example_xcom.py
[2024-06-18T15:05:48.996+0530] {processor.py:840} INFO - DAG(s) 'example_xcom' retrieved from /home/kiit/airflow-env/lib/python3.8/site-packages/airflow/example_dags/example_xcom.py
[2024-06-18T15:05:49.010+0530] {logging_mixin.py:188} INFO - [2024-06-18T15:05:49.010+0530] {dag.py:3096} INFO - Sync 1 DAGs
[2024-06-18T15:05:49.030+0530] {logging_mixin.py:188} INFO - [2024-06-18T15:05:49.029+0530] {dag.py:3954} INFO - Setting next_dagrun for example_xcom to 2021-01-01 00:00:00+00:00, run_after=2021-01-01 00:00:00+00:00
[2024-06-18T15:05:49.054+0530] {processor.py:183} INFO - Processing /home/kiit/airflow-env/lib/python3.8/site-packages/airflow/example_dags/example_xcom.py took 0.079 seconds
[2024-06-18T15:06:20.142+0530] {processor.py:161} INFO - Started process (PID=33660) to work on /home/kiit/airflow-env/lib/python3.8/site-packages/airflow/example_dags/example_xcom.py
[2024-06-18T15:06:20.143+0530] {processor.py:830} INFO - Processing file /home/kiit/airflow-env/lib/python3.8/site-packages/airflow/example_dags/example_xcom.py for tasks to queue
[2024-06-18T15:06:20.144+0530] {logging_mixin.py:188} INFO - [2024-06-18T15:06:20.144+0530] {dagbag.py:545} INFO - Filling up the DagBag from /home/kiit/airflow-env/lib/python3.8/site-packages/airflow/example_dags/example_xcom.py
[2024-06-18T15:06:20.152+0530] {processor.py:840} INFO - DAG(s) 'example_xcom' retrieved from /home/kiit/airflow-env/lib/python3.8/site-packages/airflow/example_dags/example_xcom.py
[2024-06-18T15:06:20.344+0530] {logging_mixin.py:188} INFO - [2024-06-18T15:06:20.344+0530] {dag.py:3096} INFO - Sync 1 DAGs
[2024-06-18T15:06:20.363+0530] {logging_mixin.py:188} INFO - [2024-06-18T15:06:20.363+0530] {dag.py:3954} INFO - Setting next_dagrun for example_xcom to 2021-01-01 00:00:00+00:00, run_after=2021-01-01 00:00:00+00:00
[2024-06-18T15:06:20.395+0530] {processor.py:183} INFO - Processing /home/kiit/airflow-env/lib/python3.8/site-packages/airflow/example_dags/example_xcom.py took 0.260 seconds
[2024-06-18T15:06:50.629+0530] {processor.py:161} INFO - Started process (PID=33721) to work on /home/kiit/airflow-env/lib/python3.8/site-packages/airflow/example_dags/example_xcom.py
[2024-06-18T15:06:50.630+0530] {processor.py:830} INFO - Processing file /home/kiit/airflow-env/lib/python3.8/site-packages/airflow/example_dags/example_xcom.py for tasks to queue
[2024-06-18T15:06:50.632+0530] {logging_mixin.py:188} INFO - [2024-06-18T15:06:50.631+0530] {dagbag.py:545} INFO - Filling up the DagBag from /home/kiit/airflow-env/lib/python3.8/site-packages/airflow/example_dags/example_xcom.py
[2024-06-18T15:06:50.640+0530] {processor.py:840} INFO - DAG(s) 'example_xcom' retrieved from /home/kiit/airflow-env/lib/python3.8/site-packages/airflow/example_dags/example_xcom.py
[2024-06-18T15:06:50.732+0530] {logging_mixin.py:188} INFO - [2024-06-18T15:06:50.732+0530] {dag.py:3096} INFO - Sync 1 DAGs
[2024-06-18T15:06:50.746+0530] {logging_mixin.py:188} INFO - [2024-06-18T15:06:50.746+0530] {dag.py:3954} INFO - Setting next_dagrun for example_xcom to 2021-01-01 00:00:00+00:00, run_after=2021-01-01 00:00:00+00:00
[2024-06-18T15:06:50.775+0530] {processor.py:183} INFO - Processing /home/kiit/airflow-env/lib/python3.8/site-packages/airflow/example_dags/example_xcom.py took 0.152 seconds
[2024-06-18T15:07:21.565+0530] {processor.py:161} INFO - Started process (PID=33778) to work on /home/kiit/airflow-env/lib/python3.8/site-packages/airflow/example_dags/example_xcom.py
[2024-06-18T15:07:21.566+0530] {processor.py:830} INFO - Processing file /home/kiit/airflow-env/lib/python3.8/site-packages/airflow/example_dags/example_xcom.py for tasks to queue
[2024-06-18T15:07:21.567+0530] {logging_mixin.py:188} INFO - [2024-06-18T15:07:21.567+0530] {dagbag.py:545} INFO - Filling up the DagBag from /home/kiit/airflow-env/lib/python3.8/site-packages/airflow/example_dags/example_xcom.py
[2024-06-18T15:07:21.575+0530] {processor.py:840} INFO - DAG(s) 'example_xcom' retrieved from /home/kiit/airflow-env/lib/python3.8/site-packages/airflow/example_dags/example_xcom.py
[2024-06-18T15:07:21.596+0530] {logging_mixin.py:188} INFO - [2024-06-18T15:07:21.596+0530] {dag.py:3096} INFO - Sync 1 DAGs
[2024-06-18T15:07:21.614+0530] {logging_mixin.py:188} INFO - [2024-06-18T15:07:21.614+0530] {dag.py:3954} INFO - Setting next_dagrun for example_xcom to 2021-01-01 00:00:00+00:00, run_after=2021-01-01 00:00:00+00:00
[2024-06-18T15:07:21.637+0530] {processor.py:183} INFO - Processing /home/kiit/airflow-env/lib/python3.8/site-packages/airflow/example_dags/example_xcom.py took 0.079 seconds
[2024-06-18T15:07:52.316+0530] {processor.py:161} INFO - Started process (PID=33837) to work on /home/kiit/airflow-env/lib/python3.8/site-packages/airflow/example_dags/example_xcom.py
[2024-06-18T15:07:52.318+0530] {processor.py:830} INFO - Processing file /home/kiit/airflow-env/lib/python3.8/site-packages/airflow/example_dags/example_xcom.py for tasks to queue
[2024-06-18T15:07:52.319+0530] {logging_mixin.py:188} INFO - [2024-06-18T15:07:52.319+0530] {dagbag.py:545} INFO - Filling up the DagBag from /home/kiit/airflow-env/lib/python3.8/site-packages/airflow/example_dags/example_xcom.py
[2024-06-18T15:07:52.325+0530] {processor.py:840} INFO - DAG(s) 'example_xcom' retrieved from /home/kiit/airflow-env/lib/python3.8/site-packages/airflow/example_dags/example_xcom.py
[2024-06-18T15:07:52.346+0530] {logging_mixin.py:188} INFO - [2024-06-18T15:07:52.346+0530] {dag.py:3096} INFO - Sync 1 DAGs
[2024-06-18T15:07:52.363+0530] {logging_mixin.py:188} INFO - [2024-06-18T15:07:52.363+0530] {dag.py:3954} INFO - Setting next_dagrun for example_xcom to 2021-01-01 00:00:00+00:00, run_after=2021-01-01 00:00:00+00:00
[2024-06-18T15:07:52.386+0530] {processor.py:183} INFO - Processing /home/kiit/airflow-env/lib/python3.8/site-packages/airflow/example_dags/example_xcom.py took 0.076 seconds
[2024-06-18T15:08:23.226+0530] {processor.py:161} INFO - Started process (PID=33896) to work on /home/kiit/airflow-env/lib/python3.8/site-packages/airflow/example_dags/example_xcom.py
[2024-06-18T15:08:23.227+0530] {processor.py:830} INFO - Processing file /home/kiit/airflow-env/lib/python3.8/site-packages/airflow/example_dags/example_xcom.py for tasks to queue
[2024-06-18T15:08:23.231+0530] {logging_mixin.py:188} INFO - [2024-06-18T15:08:23.230+0530] {dagbag.py:545} INFO - Filling up the DagBag from /home/kiit/airflow-env/lib/python3.8/site-packages/airflow/example_dags/example_xcom.py
[2024-06-18T15:08:23.239+0530] {processor.py:840} INFO - DAG(s) 'example_xcom' retrieved from /home/kiit/airflow-env/lib/python3.8/site-packages/airflow/example_dags/example_xcom.py
[2024-06-18T15:08:23.266+0530] {logging_mixin.py:188} INFO - [2024-06-18T15:08:23.266+0530] {dag.py:3096} INFO - Sync 1 DAGs
[2024-06-18T15:08:23.286+0530] {logging_mixin.py:188} INFO - [2024-06-18T15:08:23.286+0530] {dag.py:3954} INFO - Setting next_dagrun for example_xcom to 2021-01-01 00:00:00+00:00, run_after=2021-01-01 00:00:00+00:00
[2024-06-18T15:08:23.315+0530] {processor.py:183} INFO - Processing /home/kiit/airflow-env/lib/python3.8/site-packages/airflow/example_dags/example_xcom.py took 0.095 seconds
[2024-06-18T15:08:54.248+0530] {processor.py:161} INFO - Started process (PID=33956) to work on /home/kiit/airflow-env/lib/python3.8/site-packages/airflow/example_dags/example_xcom.py
[2024-06-18T15:08:54.249+0530] {processor.py:830} INFO - Processing file /home/kiit/airflow-env/lib/python3.8/site-packages/airflow/example_dags/example_xcom.py for tasks to queue
[2024-06-18T15:08:54.251+0530] {logging_mixin.py:188} INFO - [2024-06-18T15:08:54.250+0530] {dagbag.py:545} INFO - Filling up the DagBag from /home/kiit/airflow-env/lib/python3.8/site-packages/airflow/example_dags/example_xcom.py
[2024-06-18T15:08:54.258+0530] {processor.py:840} INFO - DAG(s) 'example_xcom' retrieved from /home/kiit/airflow-env/lib/python3.8/site-packages/airflow/example_dags/example_xcom.py
[2024-06-18T15:08:54.278+0530] {logging_mixin.py:188} INFO - [2024-06-18T15:08:54.277+0530] {dag.py:3096} INFO - Sync 1 DAGs
[2024-06-18T15:08:54.294+0530] {logging_mixin.py:188} INFO - [2024-06-18T15:08:54.294+0530] {dag.py:3954} INFO - Setting next_dagrun for example_xcom to 2021-01-01 00:00:00+00:00, run_after=2021-01-01 00:00:00+00:00
[2024-06-18T15:08:54.320+0530] {processor.py:183} INFO - Processing /home/kiit/airflow-env/lib/python3.8/site-packages/airflow/example_dags/example_xcom.py took 0.077 seconds
[2024-06-18T15:09:24.754+0530] {processor.py:161} INFO - Started process (PID=34016) to work on /home/kiit/airflow-env/lib/python3.8/site-packages/airflow/example_dags/example_xcom.py
[2024-06-18T15:09:24.755+0530] {processor.py:830} INFO - Processing file /home/kiit/airflow-env/lib/python3.8/site-packages/airflow/example_dags/example_xcom.py for tasks to queue
[2024-06-18T15:09:24.756+0530] {logging_mixin.py:188} INFO - [2024-06-18T15:09:24.756+0530] {dagbag.py:545} INFO - Filling up the DagBag from /home/kiit/airflow-env/lib/python3.8/site-packages/airflow/example_dags/example_xcom.py
[2024-06-18T15:09:24.761+0530] {processor.py:840} INFO - DAG(s) 'example_xcom' retrieved from /home/kiit/airflow-env/lib/python3.8/site-packages/airflow/example_dags/example_xcom.py
[2024-06-18T15:09:24.779+0530] {logging_mixin.py:188} INFO - [2024-06-18T15:09:24.778+0530] {dag.py:3096} INFO - Sync 1 DAGs
[2024-06-18T15:09:24.794+0530] {logging_mixin.py:188} INFO - [2024-06-18T15:09:24.794+0530] {dag.py:3954} INFO - Setting next_dagrun for example_xcom to 2021-01-01 00:00:00+00:00, run_after=2021-01-01 00:00:00+00:00
[2024-06-18T15:09:24.815+0530] {processor.py:183} INFO - Processing /home/kiit/airflow-env/lib/python3.8/site-packages/airflow/example_dags/example_xcom.py took 0.066 seconds
[2024-06-18T15:09:55.071+0530] {processor.py:161} INFO - Started process (PID=34076) to work on /home/kiit/airflow-env/lib/python3.8/site-packages/airflow/example_dags/example_xcom.py
[2024-06-18T15:09:55.072+0530] {processor.py:830} INFO - Processing file /home/kiit/airflow-env/lib/python3.8/site-packages/airflow/example_dags/example_xcom.py for tasks to queue
[2024-06-18T15:09:55.074+0530] {logging_mixin.py:188} INFO - [2024-06-18T15:09:55.073+0530] {dagbag.py:545} INFO - Filling up the DagBag from /home/kiit/airflow-env/lib/python3.8/site-packages/airflow/example_dags/example_xcom.py
[2024-06-18T15:09:55.080+0530] {processor.py:840} INFO - DAG(s) 'example_xcom' retrieved from /home/kiit/airflow-env/lib/python3.8/site-packages/airflow/example_dags/example_xcom.py
[2024-06-18T15:09:55.096+0530] {logging_mixin.py:188} INFO - [2024-06-18T15:09:55.096+0530] {dag.py:3096} INFO - Sync 1 DAGs
[2024-06-18T15:09:55.113+0530] {logging_mixin.py:188} INFO - [2024-06-18T15:09:55.113+0530] {dag.py:3954} INFO - Setting next_dagrun for example_xcom to 2021-01-01 00:00:00+00:00, run_after=2021-01-01 00:00:00+00:00
[2024-06-18T15:09:55.132+0530] {processor.py:183} INFO - Processing /home/kiit/airflow-env/lib/python3.8/site-packages/airflow/example_dags/example_xcom.py took 0.068 seconds
[2024-06-18T15:10:25.187+0530] {processor.py:161} INFO - Started process (PID=34135) to work on /home/kiit/airflow-env/lib/python3.8/site-packages/airflow/example_dags/example_xcom.py
[2024-06-18T15:10:25.188+0530] {processor.py:830} INFO - Processing file /home/kiit/airflow-env/lib/python3.8/site-packages/airflow/example_dags/example_xcom.py for tasks to queue
[2024-06-18T15:10:25.190+0530] {logging_mixin.py:188} INFO - [2024-06-18T15:10:25.189+0530] {dagbag.py:545} INFO - Filling up the DagBag from /home/kiit/airflow-env/lib/python3.8/site-packages/airflow/example_dags/example_xcom.py
[2024-06-18T15:10:25.196+0530] {processor.py:840} INFO - DAG(s) 'example_xcom' retrieved from /home/kiit/airflow-env/lib/python3.8/site-packages/airflow/example_dags/example_xcom.py
[2024-06-18T15:10:25.223+0530] {logging_mixin.py:188} INFO - [2024-06-18T15:10:25.222+0530] {dag.py:3096} INFO - Sync 1 DAGs
[2024-06-18T15:10:25.238+0530] {logging_mixin.py:188} INFO - [2024-06-18T15:10:25.238+0530] {dag.py:3954} INFO - Setting next_dagrun for example_xcom to 2021-01-01 00:00:00+00:00, run_after=2021-01-01 00:00:00+00:00
[2024-06-18T15:10:25.258+0530] {processor.py:183} INFO - Processing /home/kiit/airflow-env/lib/python3.8/site-packages/airflow/example_dags/example_xcom.py took 0.077 seconds
[2024-06-18T15:10:55.616+0530] {processor.py:161} INFO - Started process (PID=34194) to work on /home/kiit/airflow-env/lib/python3.8/site-packages/airflow/example_dags/example_xcom.py
[2024-06-18T15:10:55.618+0530] {processor.py:830} INFO - Processing file /home/kiit/airflow-env/lib/python3.8/site-packages/airflow/example_dags/example_xcom.py for tasks to queue
[2024-06-18T15:10:55.619+0530] {logging_mixin.py:188} INFO - [2024-06-18T15:10:55.619+0530] {dagbag.py:545} INFO - Filling up the DagBag from /home/kiit/airflow-env/lib/python3.8/site-packages/airflow/example_dags/example_xcom.py
[2024-06-18T15:10:55.624+0530] {processor.py:840} INFO - DAG(s) 'example_xcom' retrieved from /home/kiit/airflow-env/lib/python3.8/site-packages/airflow/example_dags/example_xcom.py
[2024-06-18T15:10:55.644+0530] {logging_mixin.py:188} INFO - [2024-06-18T15:10:55.644+0530] {dag.py:3096} INFO - Sync 1 DAGs
[2024-06-18T15:10:55.660+0530] {logging_mixin.py:188} INFO - [2024-06-18T15:10:55.659+0530] {dag.py:3954} INFO - Setting next_dagrun for example_xcom to 2021-01-01 00:00:00+00:00, run_after=2021-01-01 00:00:00+00:00
[2024-06-18T15:10:55.681+0530] {processor.py:183} INFO - Processing /home/kiit/airflow-env/lib/python3.8/site-packages/airflow/example_dags/example_xcom.py took 0.070 seconds
[2024-06-18T15:11:25.771+0530] {processor.py:161} INFO - Started process (PID=34253) to work on /home/kiit/airflow-env/lib/python3.8/site-packages/airflow/example_dags/example_xcom.py
[2024-06-18T15:11:25.772+0530] {processor.py:830} INFO - Processing file /home/kiit/airflow-env/lib/python3.8/site-packages/airflow/example_dags/example_xcom.py for tasks to queue
[2024-06-18T15:11:25.773+0530] {logging_mixin.py:188} INFO - [2024-06-18T15:11:25.773+0530] {dagbag.py:545} INFO - Filling up the DagBag from /home/kiit/airflow-env/lib/python3.8/site-packages/airflow/example_dags/example_xcom.py
[2024-06-18T15:11:25.780+0530] {processor.py:840} INFO - DAG(s) 'example_xcom' retrieved from /home/kiit/airflow-env/lib/python3.8/site-packages/airflow/example_dags/example_xcom.py
[2024-06-18T15:11:25.800+0530] {logging_mixin.py:188} INFO - [2024-06-18T15:11:25.799+0530] {dag.py:3096} INFO - Sync 1 DAGs
[2024-06-18T15:11:25.819+0530] {logging_mixin.py:188} INFO - [2024-06-18T15:11:25.819+0530] {dag.py:3954} INFO - Setting next_dagrun for example_xcom to 2021-01-01 00:00:00+00:00, run_after=2021-01-01 00:00:00+00:00
[2024-06-18T15:11:25.840+0530] {processor.py:183} INFO - Processing /home/kiit/airflow-env/lib/python3.8/site-packages/airflow/example_dags/example_xcom.py took 0.075 seconds
[2024-06-18T15:11:55.912+0530] {processor.py:161} INFO - Started process (PID=34304) to work on /home/kiit/airflow-env/lib/python3.8/site-packages/airflow/example_dags/example_xcom.py
[2024-06-18T15:11:55.913+0530] {processor.py:830} INFO - Processing file /home/kiit/airflow-env/lib/python3.8/site-packages/airflow/example_dags/example_xcom.py for tasks to queue
[2024-06-18T15:11:55.914+0530] {logging_mixin.py:188} INFO - [2024-06-18T15:11:55.913+0530] {dagbag.py:545} INFO - Filling up the DagBag from /home/kiit/airflow-env/lib/python3.8/site-packages/airflow/example_dags/example_xcom.py
[2024-06-18T15:11:55.918+0530] {processor.py:840} INFO - DAG(s) 'example_xcom' retrieved from /home/kiit/airflow-env/lib/python3.8/site-packages/airflow/example_dags/example_xcom.py
[2024-06-18T15:11:55.936+0530] {logging_mixin.py:188} INFO - [2024-06-18T15:11:55.936+0530] {dag.py:3096} INFO - Sync 1 DAGs
[2024-06-18T15:11:55.952+0530] {logging_mixin.py:188} INFO - [2024-06-18T15:11:55.952+0530] {dag.py:3954} INFO - Setting next_dagrun for example_xcom to 2021-01-01 00:00:00+00:00, run_after=2021-01-01 00:00:00+00:00
[2024-06-18T15:11:55.975+0530] {processor.py:183} INFO - Processing /home/kiit/airflow-env/lib/python3.8/site-packages/airflow/example_dags/example_xcom.py took 0.068 seconds
[2024-06-18T15:12:26.215+0530] {processor.py:161} INFO - Started process (PID=34364) to work on /home/kiit/airflow-env/lib/python3.8/site-packages/airflow/example_dags/example_xcom.py
[2024-06-18T15:12:26.217+0530] {processor.py:830} INFO - Processing file /home/kiit/airflow-env/lib/python3.8/site-packages/airflow/example_dags/example_xcom.py for tasks to queue
[2024-06-18T15:12:26.218+0530] {logging_mixin.py:188} INFO - [2024-06-18T15:12:26.218+0530] {dagbag.py:545} INFO - Filling up the DagBag from /home/kiit/airflow-env/lib/python3.8/site-packages/airflow/example_dags/example_xcom.py
[2024-06-18T15:12:26.223+0530] {processor.py:840} INFO - DAG(s) 'example_xcom' retrieved from /home/kiit/airflow-env/lib/python3.8/site-packages/airflow/example_dags/example_xcom.py
[2024-06-18T15:12:26.242+0530] {logging_mixin.py:188} INFO - [2024-06-18T15:12:26.242+0530] {dag.py:3096} INFO - Sync 1 DAGs
[2024-06-18T15:12:26.259+0530] {logging_mixin.py:188} INFO - [2024-06-18T15:12:26.259+0530] {dag.py:3954} INFO - Setting next_dagrun for example_xcom to 2021-01-01 00:00:00+00:00, run_after=2021-01-01 00:00:00+00:00
[2024-06-18T15:12:26.280+0530] {processor.py:183} INFO - Processing /home/kiit/airflow-env/lib/python3.8/site-packages/airflow/example_dags/example_xcom.py took 0.072 seconds
[2024-06-18T15:12:56.557+0530] {processor.py:161} INFO - Started process (PID=34423) to work on /home/kiit/airflow-env/lib/python3.8/site-packages/airflow/example_dags/example_xcom.py
[2024-06-18T15:12:56.566+0530] {processor.py:830} INFO - Processing file /home/kiit/airflow-env/lib/python3.8/site-packages/airflow/example_dags/example_xcom.py for tasks to queue
[2024-06-18T15:12:56.567+0530] {logging_mixin.py:188} INFO - [2024-06-18T15:12:56.567+0530] {dagbag.py:545} INFO - Filling up the DagBag from /home/kiit/airflow-env/lib/python3.8/site-packages/airflow/example_dags/example_xcom.py
[2024-06-18T15:12:56.575+0530] {processor.py:840} INFO - DAG(s) 'example_xcom' retrieved from /home/kiit/airflow-env/lib/python3.8/site-packages/airflow/example_dags/example_xcom.py
[2024-06-18T15:12:56.599+0530] {logging_mixin.py:188} INFO - [2024-06-18T15:12:56.599+0530] {dag.py:3096} INFO - Sync 1 DAGs
[2024-06-18T15:12:56.619+0530] {logging_mixin.py:188} INFO - [2024-06-18T15:12:56.619+0530] {dag.py:3954} INFO - Setting next_dagrun for example_xcom to 2021-01-01 00:00:00+00:00, run_after=2021-01-01 00:00:00+00:00
[2024-06-18T15:12:56.643+0530] {processor.py:183} INFO - Processing /home/kiit/airflow-env/lib/python3.8/site-packages/airflow/example_dags/example_xcom.py took 0.091 seconds
[2024-06-18T15:13:26.782+0530] {processor.py:161} INFO - Started process (PID=34482) to work on /home/kiit/airflow-env/lib/python3.8/site-packages/airflow/example_dags/example_xcom.py
[2024-06-18T15:13:26.783+0530] {processor.py:830} INFO - Processing file /home/kiit/airflow-env/lib/python3.8/site-packages/airflow/example_dags/example_xcom.py for tasks to queue
[2024-06-18T15:13:26.785+0530] {logging_mixin.py:188} INFO - [2024-06-18T15:13:26.784+0530] {dagbag.py:545} INFO - Filling up the DagBag from /home/kiit/airflow-env/lib/python3.8/site-packages/airflow/example_dags/example_xcom.py
[2024-06-18T15:13:26.792+0530] {processor.py:840} INFO - DAG(s) 'example_xcom' retrieved from /home/kiit/airflow-env/lib/python3.8/site-packages/airflow/example_dags/example_xcom.py
[2024-06-18T15:13:26.813+0530] {logging_mixin.py:188} INFO - [2024-06-18T15:13:26.812+0530] {dag.py:3096} INFO - Sync 1 DAGs
[2024-06-18T15:13:26.828+0530] {logging_mixin.py:188} INFO - [2024-06-18T15:13:26.828+0530] {dag.py:3954} INFO - Setting next_dagrun for example_xcom to 2021-01-01 00:00:00+00:00, run_after=2021-01-01 00:00:00+00:00
[2024-06-18T15:13:26.849+0530] {processor.py:183} INFO - Processing /home/kiit/airflow-env/lib/python3.8/site-packages/airflow/example_dags/example_xcom.py took 0.073 seconds
[2024-06-18T15:13:57.137+0530] {processor.py:161} INFO - Started process (PID=34541) to work on /home/kiit/airflow-env/lib/python3.8/site-packages/airflow/example_dags/example_xcom.py
[2024-06-18T15:13:57.138+0530] {processor.py:830} INFO - Processing file /home/kiit/airflow-env/lib/python3.8/site-packages/airflow/example_dags/example_xcom.py for tasks to queue
[2024-06-18T15:13:57.139+0530] {logging_mixin.py:188} INFO - [2024-06-18T15:13:57.139+0530] {dagbag.py:545} INFO - Filling up the DagBag from /home/kiit/airflow-env/lib/python3.8/site-packages/airflow/example_dags/example_xcom.py
[2024-06-18T15:13:57.144+0530] {processor.py:840} INFO - DAG(s) 'example_xcom' retrieved from /home/kiit/airflow-env/lib/python3.8/site-packages/airflow/example_dags/example_xcom.py
[2024-06-18T15:13:57.162+0530] {logging_mixin.py:188} INFO - [2024-06-18T15:13:57.161+0530] {dag.py:3096} INFO - Sync 1 DAGs
[2024-06-18T15:13:57.178+0530] {logging_mixin.py:188} INFO - [2024-06-18T15:13:57.178+0530] {dag.py:3954} INFO - Setting next_dagrun for example_xcom to 2021-01-01 00:00:00+00:00, run_after=2021-01-01 00:00:00+00:00
[2024-06-18T15:13:57.203+0530] {processor.py:183} INFO - Processing /home/kiit/airflow-env/lib/python3.8/site-packages/airflow/example_dags/example_xcom.py took 0.071 seconds
[2024-06-18T15:14:27.387+0530] {processor.py:161} INFO - Started process (PID=34600) to work on /home/kiit/airflow-env/lib/python3.8/site-packages/airflow/example_dags/example_xcom.py
[2024-06-18T15:14:27.388+0530] {processor.py:830} INFO - Processing file /home/kiit/airflow-env/lib/python3.8/site-packages/airflow/example_dags/example_xcom.py for tasks to queue
[2024-06-18T15:14:27.389+0530] {logging_mixin.py:188} INFO - [2024-06-18T15:14:27.389+0530] {dagbag.py:545} INFO - Filling up the DagBag from /home/kiit/airflow-env/lib/python3.8/site-packages/airflow/example_dags/example_xcom.py
[2024-06-18T15:14:27.395+0530] {processor.py:840} INFO - DAG(s) 'example_xcom' retrieved from /home/kiit/airflow-env/lib/python3.8/site-packages/airflow/example_dags/example_xcom.py
[2024-06-18T15:14:27.414+0530] {logging_mixin.py:188} INFO - [2024-06-18T15:14:27.413+0530] {dag.py:3096} INFO - Sync 1 DAGs
[2024-06-18T15:14:27.429+0530] {logging_mixin.py:188} INFO - [2024-06-18T15:14:27.428+0530] {dag.py:3954} INFO - Setting next_dagrun for example_xcom to 2021-01-01 00:00:00+00:00, run_after=2021-01-01 00:00:00+00:00
[2024-06-18T15:14:27.451+0530] {processor.py:183} INFO - Processing /home/kiit/airflow-env/lib/python3.8/site-packages/airflow/example_dags/example_xcom.py took 0.069 seconds
[2024-06-18T15:14:57.719+0530] {processor.py:161} INFO - Started process (PID=34659) to work on /home/kiit/airflow-env/lib/python3.8/site-packages/airflow/example_dags/example_xcom.py
[2024-06-18T15:14:57.720+0530] {processor.py:830} INFO - Processing file /home/kiit/airflow-env/lib/python3.8/site-packages/airflow/example_dags/example_xcom.py for tasks to queue
[2024-06-18T15:14:57.721+0530] {logging_mixin.py:188} INFO - [2024-06-18T15:14:57.721+0530] {dagbag.py:545} INFO - Filling up the DagBag from /home/kiit/airflow-env/lib/python3.8/site-packages/airflow/example_dags/example_xcom.py
[2024-06-18T15:14:57.728+0530] {processor.py:840} INFO - DAG(s) 'example_xcom' retrieved from /home/kiit/airflow-env/lib/python3.8/site-packages/airflow/example_dags/example_xcom.py
[2024-06-18T15:14:57.745+0530] {logging_mixin.py:188} INFO - [2024-06-18T15:14:57.745+0530] {dag.py:3096} INFO - Sync 1 DAGs
[2024-06-18T15:14:57.762+0530] {logging_mixin.py:188} INFO - [2024-06-18T15:14:57.762+0530] {dag.py:3954} INFO - Setting next_dagrun for example_xcom to 2021-01-01 00:00:00+00:00, run_after=2021-01-01 00:00:00+00:00
[2024-06-18T15:14:57.782+0530] {processor.py:183} INFO - Processing /home/kiit/airflow-env/lib/python3.8/site-packages/airflow/example_dags/example_xcom.py took 0.068 seconds
[2024-06-18T15:15:28.064+0530] {processor.py:161} INFO - Started process (PID=34718) to work on /home/kiit/airflow-env/lib/python3.8/site-packages/airflow/example_dags/example_xcom.py
[2024-06-18T15:15:28.065+0530] {processor.py:830} INFO - Processing file /home/kiit/airflow-env/lib/python3.8/site-packages/airflow/example_dags/example_xcom.py for tasks to queue
[2024-06-18T15:15:28.067+0530] {logging_mixin.py:188} INFO - [2024-06-18T15:15:28.066+0530] {dagbag.py:545} INFO - Filling up the DagBag from /home/kiit/airflow-env/lib/python3.8/site-packages/airflow/example_dags/example_xcom.py
[2024-06-18T15:15:28.072+0530] {processor.py:840} INFO - DAG(s) 'example_xcom' retrieved from /home/kiit/airflow-env/lib/python3.8/site-packages/airflow/example_dags/example_xcom.py
[2024-06-18T15:15:28.088+0530] {logging_mixin.py:188} INFO - [2024-06-18T15:15:28.088+0530] {dag.py:3096} INFO - Sync 1 DAGs
[2024-06-18T15:15:28.105+0530] {logging_mixin.py:188} INFO - [2024-06-18T15:15:28.105+0530] {dag.py:3954} INFO - Setting next_dagrun for example_xcom to 2021-01-01 00:00:00+00:00, run_after=2021-01-01 00:00:00+00:00
[2024-06-18T15:15:28.125+0530] {processor.py:183} INFO - Processing /home/kiit/airflow-env/lib/python3.8/site-packages/airflow/example_dags/example_xcom.py took 0.066 seconds
[2024-06-18T15:15:58.332+0530] {processor.py:161} INFO - Started process (PID=34777) to work on /home/kiit/airflow-env/lib/python3.8/site-packages/airflow/example_dags/example_xcom.py
[2024-06-18T15:15:58.332+0530] {processor.py:830} INFO - Processing file /home/kiit/airflow-env/lib/python3.8/site-packages/airflow/example_dags/example_xcom.py for tasks to queue
[2024-06-18T15:15:58.334+0530] {logging_mixin.py:188} INFO - [2024-06-18T15:15:58.334+0530] {dagbag.py:545} INFO - Filling up the DagBag from /home/kiit/airflow-env/lib/python3.8/site-packages/airflow/example_dags/example_xcom.py
[2024-06-18T15:15:58.339+0530] {processor.py:840} INFO - DAG(s) 'example_xcom' retrieved from /home/kiit/airflow-env/lib/python3.8/site-packages/airflow/example_dags/example_xcom.py
[2024-06-18T15:15:58.356+0530] {logging_mixin.py:188} INFO - [2024-06-18T15:15:58.356+0530] {dag.py:3096} INFO - Sync 1 DAGs
[2024-06-18T15:15:58.374+0530] {logging_mixin.py:188} INFO - [2024-06-18T15:15:58.374+0530] {dag.py:3954} INFO - Setting next_dagrun for example_xcom to 2021-01-01 00:00:00+00:00, run_after=2021-01-01 00:00:00+00:00
[2024-06-18T15:15:58.397+0530] {processor.py:183} INFO - Processing /home/kiit/airflow-env/lib/python3.8/site-packages/airflow/example_dags/example_xcom.py took 0.070 seconds
[2024-06-18T15:16:28.699+0530] {processor.py:161} INFO - Started process (PID=34860) to work on /home/kiit/airflow-env/lib/python3.8/site-packages/airflow/example_dags/example_xcom.py
[2024-06-18T15:16:28.701+0530] {processor.py:830} INFO - Processing file /home/kiit/airflow-env/lib/python3.8/site-packages/airflow/example_dags/example_xcom.py for tasks to queue
[2024-06-18T15:16:28.702+0530] {logging_mixin.py:188} INFO - [2024-06-18T15:16:28.702+0530] {dagbag.py:545} INFO - Filling up the DagBag from /home/kiit/airflow-env/lib/python3.8/site-packages/airflow/example_dags/example_xcom.py
[2024-06-18T15:16:28.709+0530] {processor.py:840} INFO - DAG(s) 'example_xcom' retrieved from /home/kiit/airflow-env/lib/python3.8/site-packages/airflow/example_dags/example_xcom.py
[2024-06-18T15:16:28.784+0530] {logging_mixin.py:188} INFO - [2024-06-18T15:16:28.783+0530] {dag.py:3096} INFO - Sync 1 DAGs
[2024-06-18T15:16:28.798+0530] {logging_mixin.py:188} INFO - [2024-06-18T15:16:28.798+0530] {dag.py:3954} INFO - Setting next_dagrun for example_xcom to 2021-01-01 00:00:00+00:00, run_after=2021-01-01 00:00:00+00:00
[2024-06-18T15:16:28.823+0530] {processor.py:183} INFO - Processing /home/kiit/airflow-env/lib/python3.8/site-packages/airflow/example_dags/example_xcom.py took 0.129 seconds
