[2024-06-18T13:05:47.901+0530] {processor.py:161} INFO - Started process (PID=25346) to work on /home/kiit/airflow-env/lib/python3.8/site-packages/airflow/example_dags/example_complex.py
[2024-06-18T13:05:47.901+0530] {processor.py:830} INFO - Processing file /home/kiit/airflow-env/lib/python3.8/site-packages/airflow/example_dags/example_complex.py for tasks to queue
[2024-06-18T13:05:47.903+0530] {logging_mixin.py:188} INFO - [2024-06-18T13:05:47.903+0530] {dagbag.py:545} INFO - Filling up the DagBag from /home/kiit/airflow-env/lib/python3.8/site-packages/airflow/example_dags/example_complex.py
[2024-06-18T13:05:47.913+0530] {processor.py:840} INFO - DAG(s) 'example_complex' retrieved from /home/kiit/airflow-env/lib/python3.8/site-packages/airflow/example_dags/example_complex.py
[2024-06-18T13:05:47.994+0530] {logging_mixin.py:188} INFO - [2024-06-18T13:05:47.994+0530] {dag.py:3096} INFO - Sync 1 DAGs
[2024-06-18T13:05:48.002+0530] {logging_mixin.py:188} INFO - [2024-06-18T13:05:48.002+0530] {dag.py:3954} INFO - Setting next_dagrun for example_complex to None, run_after=None
[2024-06-18T13:05:48.036+0530] {processor.py:183} INFO - Processing /home/kiit/airflow-env/lib/python3.8/site-packages/airflow/example_dags/example_complex.py took 0.140 seconds
[2024-06-18T13:06:43.617+0530] {processor.py:161} INFO - Started process (PID=25421) to work on /home/kiit/airflow-env/lib/python3.8/site-packages/airflow/example_dags/example_complex.py
[2024-06-18T13:06:43.623+0530] {processor.py:830} INFO - Processing file /home/kiit/airflow-env/lib/python3.8/site-packages/airflow/example_dags/example_complex.py for tasks to queue
[2024-06-18T13:06:43.624+0530] {logging_mixin.py:188} INFO - [2024-06-18T13:06:43.624+0530] {dagbag.py:545} INFO - Filling up the DagBag from /home/kiit/airflow-env/lib/python3.8/site-packages/airflow/example_dags/example_complex.py
[2024-06-18T13:06:43.631+0530] {processor.py:840} INFO - DAG(s) 'example_complex' retrieved from /home/kiit/airflow-env/lib/python3.8/site-packages/airflow/example_dags/example_complex.py
[2024-06-18T13:06:43.646+0530] {logging_mixin.py:188} INFO - [2024-06-18T13:06:43.646+0530] {dag.py:3096} INFO - Sync 1 DAGs
[2024-06-18T13:06:43.653+0530] {logging_mixin.py:188} INFO - [2024-06-18T13:06:43.653+0530] {dag.py:3954} INFO - Setting next_dagrun for example_complex to None, run_after=None
[2024-06-18T13:06:43.671+0530] {processor.py:183} INFO - Processing /home/kiit/airflow-env/lib/python3.8/site-packages/airflow/example_dags/example_complex.py took 0.058 seconds
[2024-06-18T13:07:36.381+0530] {processor.py:161} INFO - Started process (PID=25484) to work on /home/kiit/airflow-env/lib/python3.8/site-packages/airflow/example_dags/example_complex.py
[2024-06-18T13:07:36.383+0530] {processor.py:830} INFO - Processing file /home/kiit/airflow-env/lib/python3.8/site-packages/airflow/example_dags/example_complex.py for tasks to queue
[2024-06-18T13:07:36.384+0530] {logging_mixin.py:188} INFO - [2024-06-18T13:07:36.384+0530] {dagbag.py:545} INFO - Filling up the DagBag from /home/kiit/airflow-env/lib/python3.8/site-packages/airflow/example_dags/example_complex.py
[2024-06-18T13:07:36.395+0530] {processor.py:840} INFO - DAG(s) 'example_complex' retrieved from /home/kiit/airflow-env/lib/python3.8/site-packages/airflow/example_dags/example_complex.py
[2024-06-18T13:07:36.502+0530] {logging_mixin.py:188} INFO - [2024-06-18T13:07:36.502+0530] {dag.py:3096} INFO - Sync 1 DAGs
[2024-06-18T13:07:36.512+0530] {logging_mixin.py:188} INFO - [2024-06-18T13:07:36.512+0530] {dag.py:3954} INFO - Setting next_dagrun for example_complex to None, run_after=None
[2024-06-18T13:07:36.539+0530] {processor.py:183} INFO - Processing /home/kiit/airflow-env/lib/python3.8/site-packages/airflow/example_dags/example_complex.py took 0.164 seconds
[2024-06-18T13:08:27.074+0530] {processor.py:161} INFO - Started process (PID=25531) to work on /home/kiit/airflow-env/lib/python3.8/site-packages/airflow/example_dags/example_complex.py
[2024-06-18T13:08:27.080+0530] {processor.py:830} INFO - Processing file /home/kiit/airflow-env/lib/python3.8/site-packages/airflow/example_dags/example_complex.py for tasks to queue
[2024-06-18T13:08:27.081+0530] {logging_mixin.py:188} INFO - [2024-06-18T13:08:27.081+0530] {dagbag.py:545} INFO - Filling up the DagBag from /home/kiit/airflow-env/lib/python3.8/site-packages/airflow/example_dags/example_complex.py
[2024-06-18T13:08:27.087+0530] {processor.py:840} INFO - DAG(s) 'example_complex' retrieved from /home/kiit/airflow-env/lib/python3.8/site-packages/airflow/example_dags/example_complex.py
[2024-06-18T13:08:27.104+0530] {logging_mixin.py:188} INFO - [2024-06-18T13:08:27.104+0530] {dag.py:3096} INFO - Sync 1 DAGs
[2024-06-18T13:08:27.111+0530] {logging_mixin.py:188} INFO - [2024-06-18T13:08:27.111+0530] {dag.py:3954} INFO - Setting next_dagrun for example_complex to None, run_after=None
[2024-06-18T13:08:27.128+0530] {processor.py:183} INFO - Processing /home/kiit/airflow-env/lib/python3.8/site-packages/airflow/example_dags/example_complex.py took 0.059 seconds
[2024-06-18T13:09:13.591+0530] {processor.py:161} INFO - Started process (PID=25589) to work on /home/kiit/airflow-env/lib/python3.8/site-packages/airflow/example_dags/example_complex.py
[2024-06-18T13:09:13.592+0530] {processor.py:830} INFO - Processing file /home/kiit/airflow-env/lib/python3.8/site-packages/airflow/example_dags/example_complex.py for tasks to queue
[2024-06-18T13:09:13.593+0530] {logging_mixin.py:188} INFO - [2024-06-18T13:09:13.593+0530] {dagbag.py:545} INFO - Filling up the DagBag from /home/kiit/airflow-env/lib/python3.8/site-packages/airflow/example_dags/example_complex.py
[2024-06-18T13:09:13.601+0530] {processor.py:840} INFO - DAG(s) 'example_complex' retrieved from /home/kiit/airflow-env/lib/python3.8/site-packages/airflow/example_dags/example_complex.py
[2024-06-18T13:09:13.622+0530] {logging_mixin.py:188} INFO - [2024-06-18T13:09:13.621+0530] {dag.py:3096} INFO - Sync 1 DAGs
[2024-06-18T13:09:13.629+0530] {logging_mixin.py:188} INFO - [2024-06-18T13:09:13.629+0530] {dag.py:3954} INFO - Setting next_dagrun for example_complex to None, run_after=None
[2024-06-18T13:09:13.647+0530] {processor.py:183} INFO - Processing /home/kiit/airflow-env/lib/python3.8/site-packages/airflow/example_dags/example_complex.py took 0.060 seconds
[2024-06-18T13:10:04.003+0530] {processor.py:161} INFO - Started process (PID=25648) to work on /home/kiit/airflow-env/lib/python3.8/site-packages/airflow/example_dags/example_complex.py
[2024-06-18T13:10:04.010+0530] {processor.py:830} INFO - Processing file /home/kiit/airflow-env/lib/python3.8/site-packages/airflow/example_dags/example_complex.py for tasks to queue
[2024-06-18T13:10:04.012+0530] {logging_mixin.py:188} INFO - [2024-06-18T13:10:04.011+0530] {dagbag.py:545} INFO - Filling up the DagBag from /home/kiit/airflow-env/lib/python3.8/site-packages/airflow/example_dags/example_complex.py
[2024-06-18T13:10:04.024+0530] {processor.py:840} INFO - DAG(s) 'example_complex' retrieved from /home/kiit/airflow-env/lib/python3.8/site-packages/airflow/example_dags/example_complex.py
[2024-06-18T13:10:04.055+0530] {logging_mixin.py:188} INFO - [2024-06-18T13:10:04.055+0530] {dag.py:3096} INFO - Sync 1 DAGs
[2024-06-18T13:10:04.065+0530] {logging_mixin.py:188} INFO - [2024-06-18T13:10:04.065+0530] {dag.py:3954} INFO - Setting next_dagrun for example_complex to None, run_after=None
[2024-06-18T13:10:04.085+0530] {processor.py:183} INFO - Processing /home/kiit/airflow-env/lib/python3.8/site-packages/airflow/example_dags/example_complex.py took 0.088 seconds
[2024-06-18T13:10:50.964+0530] {processor.py:161} INFO - Started process (PID=25698) to work on /home/kiit/airflow-env/lib/python3.8/site-packages/airflow/example_dags/example_complex.py
[2024-06-18T13:10:50.966+0530] {processor.py:830} INFO - Processing file /home/kiit/airflow-env/lib/python3.8/site-packages/airflow/example_dags/example_complex.py for tasks to queue
[2024-06-18T13:10:50.969+0530] {logging_mixin.py:188} INFO - [2024-06-18T13:10:50.968+0530] {dagbag.py:545} INFO - Filling up the DagBag from /home/kiit/airflow-env/lib/python3.8/site-packages/airflow/example_dags/example_complex.py
[2024-06-18T13:10:50.989+0530] {processor.py:840} INFO - DAG(s) 'example_complex' retrieved from /home/kiit/airflow-env/lib/python3.8/site-packages/airflow/example_dags/example_complex.py
[2024-06-18T13:10:51.045+0530] {logging_mixin.py:188} INFO - [2024-06-18T13:10:51.044+0530] {dag.py:3096} INFO - Sync 1 DAGs
[2024-06-18T13:10:51.066+0530] {logging_mixin.py:188} INFO - [2024-06-18T13:10:51.066+0530] {dag.py:3954} INFO - Setting next_dagrun for example_complex to None, run_after=None
[2024-06-18T13:10:51.101+0530] {processor.py:183} INFO - Processing /home/kiit/airflow-env/lib/python3.8/site-packages/airflow/example_dags/example_complex.py took 0.146 seconds
[2024-06-18T13:11:35.692+0530] {processor.py:161} INFO - Started process (PID=25751) to work on /home/kiit/airflow-env/lib/python3.8/site-packages/airflow/example_dags/example_complex.py
[2024-06-18T13:11:35.693+0530] {processor.py:830} INFO - Processing file /home/kiit/airflow-env/lib/python3.8/site-packages/airflow/example_dags/example_complex.py for tasks to queue
[2024-06-18T13:11:35.695+0530] {logging_mixin.py:188} INFO - [2024-06-18T13:11:35.694+0530] {dagbag.py:545} INFO - Filling up the DagBag from /home/kiit/airflow-env/lib/python3.8/site-packages/airflow/example_dags/example_complex.py
[2024-06-18T13:11:35.703+0530] {processor.py:840} INFO - DAG(s) 'example_complex' retrieved from /home/kiit/airflow-env/lib/python3.8/site-packages/airflow/example_dags/example_complex.py
[2024-06-18T13:11:35.724+0530] {logging_mixin.py:188} INFO - [2024-06-18T13:11:35.724+0530] {dag.py:3096} INFO - Sync 1 DAGs
[2024-06-18T13:11:35.733+0530] {logging_mixin.py:188} INFO - [2024-06-18T13:11:35.733+0530] {dag.py:3954} INFO - Setting next_dagrun for example_complex to None, run_after=None
[2024-06-18T13:11:35.754+0530] {processor.py:183} INFO - Processing /home/kiit/airflow-env/lib/python3.8/site-packages/airflow/example_dags/example_complex.py took 0.067 seconds
[2024-06-18T13:12:18.491+0530] {processor.py:161} INFO - Started process (PID=25800) to work on /home/kiit/airflow-env/lib/python3.8/site-packages/airflow/example_dags/example_complex.py
[2024-06-18T13:12:18.497+0530] {processor.py:830} INFO - Processing file /home/kiit/airflow-env/lib/python3.8/site-packages/airflow/example_dags/example_complex.py for tasks to queue
[2024-06-18T13:12:18.499+0530] {logging_mixin.py:188} INFO - [2024-06-18T13:12:18.499+0530] {dagbag.py:545} INFO - Filling up the DagBag from /home/kiit/airflow-env/lib/python3.8/site-packages/airflow/example_dags/example_complex.py
[2024-06-18T13:12:18.508+0530] {processor.py:840} INFO - DAG(s) 'example_complex' retrieved from /home/kiit/airflow-env/lib/python3.8/site-packages/airflow/example_dags/example_complex.py
[2024-06-18T13:12:18.529+0530] {logging_mixin.py:188} INFO - [2024-06-18T13:12:18.529+0530] {dag.py:3096} INFO - Sync 1 DAGs
[2024-06-18T13:12:18.538+0530] {logging_mixin.py:188} INFO - [2024-06-18T13:12:18.538+0530] {dag.py:3954} INFO - Setting next_dagrun for example_complex to None, run_after=None
[2024-06-18T13:12:18.559+0530] {processor.py:183} INFO - Processing /home/kiit/airflow-env/lib/python3.8/site-packages/airflow/example_dags/example_complex.py took 0.073 seconds
[2024-06-18T13:13:12.743+0530] {processor.py:161} INFO - Started process (PID=25870) to work on /home/kiit/airflow-env/lib/python3.8/site-packages/airflow/example_dags/example_complex.py
[2024-06-18T13:13:12.746+0530] {processor.py:830} INFO - Processing file /home/kiit/airflow-env/lib/python3.8/site-packages/airflow/example_dags/example_complex.py for tasks to queue
[2024-06-18T13:13:12.747+0530] {logging_mixin.py:188} INFO - [2024-06-18T13:13:12.747+0530] {dagbag.py:545} INFO - Filling up the DagBag from /home/kiit/airflow-env/lib/python3.8/site-packages/airflow/example_dags/example_complex.py
[2024-06-18T13:13:12.755+0530] {processor.py:840} INFO - DAG(s) 'example_complex' retrieved from /home/kiit/airflow-env/lib/python3.8/site-packages/airflow/example_dags/example_complex.py
[2024-06-18T13:13:12.774+0530] {logging_mixin.py:188} INFO - [2024-06-18T13:13:12.774+0530] {dag.py:3096} INFO - Sync 1 DAGs
[2024-06-18T13:13:12.782+0530] {logging_mixin.py:188} INFO - [2024-06-18T13:13:12.782+0530] {dag.py:3954} INFO - Setting next_dagrun for example_complex to None, run_after=None
[2024-06-18T13:13:12.799+0530] {processor.py:183} INFO - Processing /home/kiit/airflow-env/lib/python3.8/site-packages/airflow/example_dags/example_complex.py took 0.061 seconds
[2024-06-18T13:13:52.709+0530] {processor.py:161} INFO - Started process (PID=25920) to work on /home/kiit/airflow-env/lib/python3.8/site-packages/airflow/example_dags/example_complex.py
[2024-06-18T13:13:52.709+0530] {processor.py:830} INFO - Processing file /home/kiit/airflow-env/lib/python3.8/site-packages/airflow/example_dags/example_complex.py for tasks to queue
[2024-06-18T13:13:52.710+0530] {logging_mixin.py:188} INFO - [2024-06-18T13:13:52.710+0530] {dagbag.py:545} INFO - Filling up the DagBag from /home/kiit/airflow-env/lib/python3.8/site-packages/airflow/example_dags/example_complex.py
[2024-06-18T13:13:52.717+0530] {processor.py:840} INFO - DAG(s) 'example_complex' retrieved from /home/kiit/airflow-env/lib/python3.8/site-packages/airflow/example_dags/example_complex.py
[2024-06-18T13:13:52.734+0530] {logging_mixin.py:188} INFO - [2024-06-18T13:13:52.734+0530] {dag.py:3096} INFO - Sync 1 DAGs
[2024-06-18T13:13:52.742+0530] {logging_mixin.py:188} INFO - [2024-06-18T13:13:52.742+0530] {dag.py:3954} INFO - Setting next_dagrun for example_complex to None, run_after=None
[2024-06-18T13:13:52.763+0530] {processor.py:183} INFO - Processing /home/kiit/airflow-env/lib/python3.8/site-packages/airflow/example_dags/example_complex.py took 0.059 seconds
[2024-06-18T13:14:49.816+0530] {processor.py:161} INFO - Started process (PID=25987) to work on /home/kiit/airflow-env/lib/python3.8/site-packages/airflow/example_dags/example_complex.py
[2024-06-18T13:14:49.823+0530] {processor.py:830} INFO - Processing file /home/kiit/airflow-env/lib/python3.8/site-packages/airflow/example_dags/example_complex.py for tasks to queue
[2024-06-18T13:14:49.824+0530] {logging_mixin.py:188} INFO - [2024-06-18T13:14:49.824+0530] {dagbag.py:545} INFO - Filling up the DagBag from /home/kiit/airflow-env/lib/python3.8/site-packages/airflow/example_dags/example_complex.py
[2024-06-18T13:14:49.833+0530] {processor.py:840} INFO - DAG(s) 'example_complex' retrieved from /home/kiit/airflow-env/lib/python3.8/site-packages/airflow/example_dags/example_complex.py
[2024-06-18T13:14:49.855+0530] {logging_mixin.py:188} INFO - [2024-06-18T13:14:49.855+0530] {dag.py:3096} INFO - Sync 1 DAGs
[2024-06-18T13:14:49.863+0530] {logging_mixin.py:188} INFO - [2024-06-18T13:14:49.863+0530] {dag.py:3954} INFO - Setting next_dagrun for example_complex to None, run_after=None
[2024-06-18T13:14:49.881+0530] {processor.py:183} INFO - Processing /home/kiit/airflow-env/lib/python3.8/site-packages/airflow/example_dags/example_complex.py took 0.069 seconds
[2024-06-18T13:15:32.641+0530] {processor.py:161} INFO - Started process (PID=26036) to work on /home/kiit/airflow-env/lib/python3.8/site-packages/airflow/example_dags/example_complex.py
[2024-06-18T13:15:32.642+0530] {processor.py:830} INFO - Processing file /home/kiit/airflow-env/lib/python3.8/site-packages/airflow/example_dags/example_complex.py for tasks to queue
[2024-06-18T13:15:32.643+0530] {logging_mixin.py:188} INFO - [2024-06-18T13:15:32.643+0530] {dagbag.py:545} INFO - Filling up the DagBag from /home/kiit/airflow-env/lib/python3.8/site-packages/airflow/example_dags/example_complex.py
[2024-06-18T13:15:32.651+0530] {processor.py:840} INFO - DAG(s) 'example_complex' retrieved from /home/kiit/airflow-env/lib/python3.8/site-packages/airflow/example_dags/example_complex.py
[2024-06-18T13:15:32.677+0530] {logging_mixin.py:188} INFO - [2024-06-18T13:15:32.676+0530] {dag.py:3096} INFO - Sync 1 DAGs
[2024-06-18T13:15:32.690+0530] {logging_mixin.py:188} INFO - [2024-06-18T13:15:32.690+0530] {dag.py:3954} INFO - Setting next_dagrun for example_complex to None, run_after=None
[2024-06-18T13:15:32.716+0530] {processor.py:183} INFO - Processing /home/kiit/airflow-env/lib/python3.8/site-packages/airflow/example_dags/example_complex.py took 0.081 seconds
[2024-06-18T13:16:13.994+0530] {processor.py:161} INFO - Started process (PID=26085) to work on /home/kiit/airflow-env/lib/python3.8/site-packages/airflow/example_dags/example_complex.py
[2024-06-18T13:16:13.995+0530] {processor.py:830} INFO - Processing file /home/kiit/airflow-env/lib/python3.8/site-packages/airflow/example_dags/example_complex.py for tasks to queue
[2024-06-18T13:16:13.996+0530] {logging_mixin.py:188} INFO - [2024-06-18T13:16:13.996+0530] {dagbag.py:545} INFO - Filling up the DagBag from /home/kiit/airflow-env/lib/python3.8/site-packages/airflow/example_dags/example_complex.py
[2024-06-18T13:16:14.004+0530] {processor.py:840} INFO - DAG(s) 'example_complex' retrieved from /home/kiit/airflow-env/lib/python3.8/site-packages/airflow/example_dags/example_complex.py
[2024-06-18T13:16:14.030+0530] {logging_mixin.py:188} INFO - [2024-06-18T13:16:14.030+0530] {dag.py:3096} INFO - Sync 1 DAGs
[2024-06-18T13:16:14.040+0530] {logging_mixin.py:188} INFO - [2024-06-18T13:16:14.040+0530] {dag.py:3954} INFO - Setting next_dagrun for example_complex to None, run_after=None
[2024-06-18T13:16:14.059+0530] {processor.py:183} INFO - Processing /home/kiit/airflow-env/lib/python3.8/site-packages/airflow/example_dags/example_complex.py took 0.070 seconds
[2024-06-18T13:17:10.343+0530] {processor.py:161} INFO - Started process (PID=26158) to work on /home/kiit/airflow-env/lib/python3.8/site-packages/airflow/example_dags/example_complex.py
[2024-06-18T13:17:10.345+0530] {processor.py:830} INFO - Processing file /home/kiit/airflow-env/lib/python3.8/site-packages/airflow/example_dags/example_complex.py for tasks to queue
[2024-06-18T13:17:10.346+0530] {logging_mixin.py:188} INFO - [2024-06-18T13:17:10.346+0530] {dagbag.py:545} INFO - Filling up the DagBag from /home/kiit/airflow-env/lib/python3.8/site-packages/airflow/example_dags/example_complex.py
[2024-06-18T13:17:10.354+0530] {processor.py:840} INFO - DAG(s) 'example_complex' retrieved from /home/kiit/airflow-env/lib/python3.8/site-packages/airflow/example_dags/example_complex.py
[2024-06-18T13:17:10.374+0530] {logging_mixin.py:188} INFO - [2024-06-18T13:17:10.373+0530] {dag.py:3096} INFO - Sync 1 DAGs
[2024-06-18T13:17:10.381+0530] {logging_mixin.py:188} INFO - [2024-06-18T13:17:10.381+0530] {dag.py:3954} INFO - Setting next_dagrun for example_complex to None, run_after=None
[2024-06-18T13:17:10.399+0530] {processor.py:183} INFO - Processing /home/kiit/airflow-env/lib/python3.8/site-packages/airflow/example_dags/example_complex.py took 0.060 seconds
[2024-06-18T13:17:50.867+0530] {processor.py:161} INFO - Started process (PID=26207) to work on /home/kiit/airflow-env/lib/python3.8/site-packages/airflow/example_dags/example_complex.py
[2024-06-18T13:17:50.869+0530] {processor.py:830} INFO - Processing file /home/kiit/airflow-env/lib/python3.8/site-packages/airflow/example_dags/example_complex.py for tasks to queue
[2024-06-18T13:17:50.870+0530] {logging_mixin.py:188} INFO - [2024-06-18T13:17:50.869+0530] {dagbag.py:545} INFO - Filling up the DagBag from /home/kiit/airflow-env/lib/python3.8/site-packages/airflow/example_dags/example_complex.py
[2024-06-18T13:17:50.876+0530] {processor.py:840} INFO - DAG(s) 'example_complex' retrieved from /home/kiit/airflow-env/lib/python3.8/site-packages/airflow/example_dags/example_complex.py
[2024-06-18T13:17:50.904+0530] {logging_mixin.py:188} INFO - [2024-06-18T13:17:50.903+0530] {dag.py:3096} INFO - Sync 1 DAGs
[2024-06-18T13:17:50.914+0530] {logging_mixin.py:188} INFO - [2024-06-18T13:17:50.913+0530] {dag.py:3954} INFO - Setting next_dagrun for example_complex to None, run_after=None
[2024-06-18T13:17:50.932+0530] {processor.py:183} INFO - Processing /home/kiit/airflow-env/lib/python3.8/site-packages/airflow/example_dags/example_complex.py took 0.070 seconds
[2024-06-18T13:18:33.755+0530] {processor.py:161} INFO - Started process (PID=26256) to work on /home/kiit/airflow-env/lib/python3.8/site-packages/airflow/example_dags/example_complex.py
[2024-06-18T13:18:33.756+0530] {processor.py:830} INFO - Processing file /home/kiit/airflow-env/lib/python3.8/site-packages/airflow/example_dags/example_complex.py for tasks to queue
[2024-06-18T13:18:33.758+0530] {logging_mixin.py:188} INFO - [2024-06-18T13:18:33.757+0530] {dagbag.py:545} INFO - Filling up the DagBag from /home/kiit/airflow-env/lib/python3.8/site-packages/airflow/example_dags/example_complex.py
[2024-06-18T13:18:33.764+0530] {processor.py:840} INFO - DAG(s) 'example_complex' retrieved from /home/kiit/airflow-env/lib/python3.8/site-packages/airflow/example_dags/example_complex.py
[2024-06-18T13:18:33.783+0530] {logging_mixin.py:188} INFO - [2024-06-18T13:18:33.783+0530] {dag.py:3096} INFO - Sync 1 DAGs
[2024-06-18T13:18:33.792+0530] {logging_mixin.py:188} INFO - [2024-06-18T13:18:33.792+0530] {dag.py:3954} INFO - Setting next_dagrun for example_complex to None, run_after=None
[2024-06-18T13:18:33.813+0530] {processor.py:183} INFO - Processing /home/kiit/airflow-env/lib/python3.8/site-packages/airflow/example_dags/example_complex.py took 0.064 seconds
[2024-06-18T13:19:16.443+0530] {processor.py:161} INFO - Started process (PID=26307) to work on /home/kiit/airflow-env/lib/python3.8/site-packages/airflow/example_dags/example_complex.py
[2024-06-18T13:19:16.444+0530] {processor.py:830} INFO - Processing file /home/kiit/airflow-env/lib/python3.8/site-packages/airflow/example_dags/example_complex.py for tasks to queue
[2024-06-18T13:19:16.445+0530] {logging_mixin.py:188} INFO - [2024-06-18T13:19:16.445+0530] {dagbag.py:545} INFO - Filling up the DagBag from /home/kiit/airflow-env/lib/python3.8/site-packages/airflow/example_dags/example_complex.py
[2024-06-18T13:19:16.453+0530] {processor.py:840} INFO - DAG(s) 'example_complex' retrieved from /home/kiit/airflow-env/lib/python3.8/site-packages/airflow/example_dags/example_complex.py
[2024-06-18T13:19:16.475+0530] {logging_mixin.py:188} INFO - [2024-06-18T13:19:16.475+0530] {dag.py:3096} INFO - Sync 1 DAGs
[2024-06-18T13:19:16.484+0530] {logging_mixin.py:188} INFO - [2024-06-18T13:19:16.483+0530] {dag.py:3954} INFO - Setting next_dagrun for example_complex to None, run_after=None
[2024-06-18T13:19:16.501+0530] {processor.py:183} INFO - Processing /home/kiit/airflow-env/lib/python3.8/site-packages/airflow/example_dags/example_complex.py took 0.063 seconds
[2024-06-18T13:19:54.025+0530] {processor.py:161} INFO - Started process (PID=26354) to work on /home/kiit/airflow-env/lib/python3.8/site-packages/airflow/example_dags/example_complex.py
[2024-06-18T13:19:54.026+0530] {processor.py:830} INFO - Processing file /home/kiit/airflow-env/lib/python3.8/site-packages/airflow/example_dags/example_complex.py for tasks to queue
[2024-06-18T13:19:54.028+0530] {logging_mixin.py:188} INFO - [2024-06-18T13:19:54.027+0530] {dagbag.py:545} INFO - Filling up the DagBag from /home/kiit/airflow-env/lib/python3.8/site-packages/airflow/example_dags/example_complex.py
[2024-06-18T13:19:54.038+0530] {processor.py:840} INFO - DAG(s) 'example_complex' retrieved from /home/kiit/airflow-env/lib/python3.8/site-packages/airflow/example_dags/example_complex.py
[2024-06-18T13:19:54.064+0530] {logging_mixin.py:188} INFO - [2024-06-18T13:19:54.064+0530] {dag.py:3096} INFO - Sync 1 DAGs
[2024-06-18T13:19:54.076+0530] {logging_mixin.py:188} INFO - [2024-06-18T13:19:54.076+0530] {dag.py:3954} INFO - Setting next_dagrun for example_complex to None, run_after=None
[2024-06-18T13:19:54.098+0530] {processor.py:183} INFO - Processing /home/kiit/airflow-env/lib/python3.8/site-packages/airflow/example_dags/example_complex.py took 0.079 seconds
[2024-06-18T13:20:51.419+0530] {processor.py:161} INFO - Started process (PID=26420) to work on /home/kiit/airflow-env/lib/python3.8/site-packages/airflow/example_dags/example_complex.py
[2024-06-18T13:20:51.421+0530] {processor.py:830} INFO - Processing file /home/kiit/airflow-env/lib/python3.8/site-packages/airflow/example_dags/example_complex.py for tasks to queue
[2024-06-18T13:20:51.422+0530] {logging_mixin.py:188} INFO - [2024-06-18T13:20:51.422+0530] {dagbag.py:545} INFO - Filling up the DagBag from /home/kiit/airflow-env/lib/python3.8/site-packages/airflow/example_dags/example_complex.py
[2024-06-18T13:20:51.430+0530] {processor.py:840} INFO - DAG(s) 'example_complex' retrieved from /home/kiit/airflow-env/lib/python3.8/site-packages/airflow/example_dags/example_complex.py
[2024-06-18T13:20:51.450+0530] {logging_mixin.py:188} INFO - [2024-06-18T13:20:51.450+0530] {dag.py:3096} INFO - Sync 1 DAGs
[2024-06-18T13:20:51.459+0530] {logging_mixin.py:188} INFO - [2024-06-18T13:20:51.459+0530] {dag.py:3954} INFO - Setting next_dagrun for example_complex to None, run_after=None
[2024-06-18T13:20:51.479+0530] {processor.py:183} INFO - Processing /home/kiit/airflow-env/lib/python3.8/site-packages/airflow/example_dags/example_complex.py took 0.064 seconds
[2024-06-18T13:21:29.213+0530] {processor.py:161} INFO - Started process (PID=26467) to work on /home/kiit/airflow-env/lib/python3.8/site-packages/airflow/example_dags/example_complex.py
[2024-06-18T13:21:29.222+0530] {processor.py:830} INFO - Processing file /home/kiit/airflow-env/lib/python3.8/site-packages/airflow/example_dags/example_complex.py for tasks to queue
[2024-06-18T13:21:29.223+0530] {logging_mixin.py:188} INFO - [2024-06-18T13:21:29.223+0530] {dagbag.py:545} INFO - Filling up the DagBag from /home/kiit/airflow-env/lib/python3.8/site-packages/airflow/example_dags/example_complex.py
[2024-06-18T13:21:29.231+0530] {processor.py:840} INFO - DAG(s) 'example_complex' retrieved from /home/kiit/airflow-env/lib/python3.8/site-packages/airflow/example_dags/example_complex.py
[2024-06-18T13:21:29.251+0530] {logging_mixin.py:188} INFO - [2024-06-18T13:21:29.251+0530] {dag.py:3096} INFO - Sync 1 DAGs
[2024-06-18T13:21:29.261+0530] {logging_mixin.py:188} INFO - [2024-06-18T13:21:29.261+0530] {dag.py:3954} INFO - Setting next_dagrun for example_complex to None, run_after=None
[2024-06-18T13:21:29.279+0530] {processor.py:183} INFO - Processing /home/kiit/airflow-env/lib/python3.8/site-packages/airflow/example_dags/example_complex.py took 0.072 seconds
[2024-06-18T13:22:26.793+0530] {processor.py:161} INFO - Started process (PID=26540) to work on /home/kiit/airflow-env/lib/python3.8/site-packages/airflow/example_dags/example_complex.py
[2024-06-18T13:22:26.795+0530] {processor.py:830} INFO - Processing file /home/kiit/airflow-env/lib/python3.8/site-packages/airflow/example_dags/example_complex.py for tasks to queue
[2024-06-18T13:22:26.796+0530] {logging_mixin.py:188} INFO - [2024-06-18T13:22:26.796+0530] {dagbag.py:545} INFO - Filling up the DagBag from /home/kiit/airflow-env/lib/python3.8/site-packages/airflow/example_dags/example_complex.py
[2024-06-18T13:22:26.805+0530] {processor.py:840} INFO - DAG(s) 'example_complex' retrieved from /home/kiit/airflow-env/lib/python3.8/site-packages/airflow/example_dags/example_complex.py
[2024-06-18T13:22:26.826+0530] {logging_mixin.py:188} INFO - [2024-06-18T13:22:26.825+0530] {dag.py:3096} INFO - Sync 1 DAGs
[2024-06-18T13:22:26.837+0530] {logging_mixin.py:188} INFO - [2024-06-18T13:22:26.837+0530] {dag.py:3954} INFO - Setting next_dagrun for example_complex to None, run_after=None
[2024-06-18T13:22:26.856+0530] {processor.py:183} INFO - Processing /home/kiit/airflow-env/lib/python3.8/site-packages/airflow/example_dags/example_complex.py took 0.066 seconds
[2024-06-18T13:23:22.793+0530] {processor.py:161} INFO - Started process (PID=26605) to work on /home/kiit/airflow-env/lib/python3.8/site-packages/airflow/example_dags/example_complex.py
[2024-06-18T13:23:22.794+0530] {processor.py:830} INFO - Processing file /home/kiit/airflow-env/lib/python3.8/site-packages/airflow/example_dags/example_complex.py for tasks to queue
[2024-06-18T13:23:22.795+0530] {logging_mixin.py:188} INFO - [2024-06-18T13:23:22.795+0530] {dagbag.py:545} INFO - Filling up the DagBag from /home/kiit/airflow-env/lib/python3.8/site-packages/airflow/example_dags/example_complex.py
[2024-06-18T13:23:22.806+0530] {processor.py:840} INFO - DAG(s) 'example_complex' retrieved from /home/kiit/airflow-env/lib/python3.8/site-packages/airflow/example_dags/example_complex.py
[2024-06-18T13:23:22.830+0530] {logging_mixin.py:188} INFO - [2024-06-18T13:23:22.830+0530] {dag.py:3096} INFO - Sync 1 DAGs
[2024-06-18T13:23:22.841+0530] {logging_mixin.py:188} INFO - [2024-06-18T13:23:22.841+0530] {dag.py:3954} INFO - Setting next_dagrun for example_complex to None, run_after=None
[2024-06-18T13:23:22.865+0530] {processor.py:183} INFO - Processing /home/kiit/airflow-env/lib/python3.8/site-packages/airflow/example_dags/example_complex.py took 0.078 seconds
[2024-06-18T13:24:00.837+0530] {processor.py:161} INFO - Started process (PID=26653) to work on /home/kiit/airflow-env/lib/python3.8/site-packages/airflow/example_dags/example_complex.py
[2024-06-18T13:24:00.844+0530] {processor.py:830} INFO - Processing file /home/kiit/airflow-env/lib/python3.8/site-packages/airflow/example_dags/example_complex.py for tasks to queue
[2024-06-18T13:24:00.846+0530] {logging_mixin.py:188} INFO - [2024-06-18T13:24:00.845+0530] {dagbag.py:545} INFO - Filling up the DagBag from /home/kiit/airflow-env/lib/python3.8/site-packages/airflow/example_dags/example_complex.py
[2024-06-18T13:24:00.852+0530] {processor.py:840} INFO - DAG(s) 'example_complex' retrieved from /home/kiit/airflow-env/lib/python3.8/site-packages/airflow/example_dags/example_complex.py
[2024-06-18T13:24:00.874+0530] {logging_mixin.py:188} INFO - [2024-06-18T13:24:00.874+0530] {dag.py:3096} INFO - Sync 1 DAGs
[2024-06-18T13:24:00.882+0530] {logging_mixin.py:188} INFO - [2024-06-18T13:24:00.881+0530] {dag.py:3954} INFO - Setting next_dagrun for example_complex to None, run_after=None
[2024-06-18T13:24:00.899+0530] {processor.py:183} INFO - Processing /home/kiit/airflow-env/lib/python3.8/site-packages/airflow/example_dags/example_complex.py took 0.066 seconds
[2024-06-18T13:24:40.829+0530] {processor.py:161} INFO - Started process (PID=26701) to work on /home/kiit/airflow-env/lib/python3.8/site-packages/airflow/example_dags/example_complex.py
[2024-06-18T13:24:40.830+0530] {processor.py:830} INFO - Processing file /home/kiit/airflow-env/lib/python3.8/site-packages/airflow/example_dags/example_complex.py for tasks to queue
[2024-06-18T13:24:40.831+0530] {logging_mixin.py:188} INFO - [2024-06-18T13:24:40.831+0530] {dagbag.py:545} INFO - Filling up the DagBag from /home/kiit/airflow-env/lib/python3.8/site-packages/airflow/example_dags/example_complex.py
[2024-06-18T13:24:40.839+0530] {processor.py:840} INFO - DAG(s) 'example_complex' retrieved from /home/kiit/airflow-env/lib/python3.8/site-packages/airflow/example_dags/example_complex.py
[2024-06-18T13:24:40.858+0530] {logging_mixin.py:188} INFO - [2024-06-18T13:24:40.858+0530] {dag.py:3096} INFO - Sync 1 DAGs
[2024-06-18T13:24:40.867+0530] {logging_mixin.py:188} INFO - [2024-06-18T13:24:40.867+0530] {dag.py:3954} INFO - Setting next_dagrun for example_complex to None, run_after=None
[2024-06-18T13:24:40.887+0530] {processor.py:183} INFO - Processing /home/kiit/airflow-env/lib/python3.8/site-packages/airflow/example_dags/example_complex.py took 0.064 seconds
[2024-06-18T13:25:19.238+0530] {processor.py:161} INFO - Started process (PID=26753) to work on /home/kiit/airflow-env/lib/python3.8/site-packages/airflow/example_dags/example_complex.py
[2024-06-18T13:25:19.241+0530] {processor.py:830} INFO - Processing file /home/kiit/airflow-env/lib/python3.8/site-packages/airflow/example_dags/example_complex.py for tasks to queue
[2024-06-18T13:25:19.242+0530] {logging_mixin.py:188} INFO - [2024-06-18T13:25:19.242+0530] {dagbag.py:545} INFO - Filling up the DagBag from /home/kiit/airflow-env/lib/python3.8/site-packages/airflow/example_dags/example_complex.py
[2024-06-18T13:25:19.253+0530] {processor.py:840} INFO - DAG(s) 'example_complex' retrieved from /home/kiit/airflow-env/lib/python3.8/site-packages/airflow/example_dags/example_complex.py
[2024-06-18T13:25:19.278+0530] {logging_mixin.py:188} INFO - [2024-06-18T13:25:19.278+0530] {dag.py:3096} INFO - Sync 1 DAGs
[2024-06-18T13:25:19.287+0530] {logging_mixin.py:188} INFO - [2024-06-18T13:25:19.287+0530] {dag.py:3954} INFO - Setting next_dagrun for example_complex to None, run_after=None
[2024-06-18T13:25:19.309+0530] {processor.py:183} INFO - Processing /home/kiit/airflow-env/lib/python3.8/site-packages/airflow/example_dags/example_complex.py took 0.076 seconds
[2024-06-18T13:26:16.140+0530] {processor.py:161} INFO - Started process (PID=26824) to work on /home/kiit/airflow-env/lib/python3.8/site-packages/airflow/example_dags/example_complex.py
[2024-06-18T13:26:16.141+0530] {processor.py:830} INFO - Processing file /home/kiit/airflow-env/lib/python3.8/site-packages/airflow/example_dags/example_complex.py for tasks to queue
[2024-06-18T13:26:16.143+0530] {logging_mixin.py:188} INFO - [2024-06-18T13:26:16.143+0530] {dagbag.py:545} INFO - Filling up the DagBag from /home/kiit/airflow-env/lib/python3.8/site-packages/airflow/example_dags/example_complex.py
[2024-06-18T13:26:16.150+0530] {processor.py:840} INFO - DAG(s) 'example_complex' retrieved from /home/kiit/airflow-env/lib/python3.8/site-packages/airflow/example_dags/example_complex.py
[2024-06-18T13:26:16.172+0530] {logging_mixin.py:188} INFO - [2024-06-18T13:26:16.172+0530] {dag.py:3096} INFO - Sync 1 DAGs
[2024-06-18T13:26:16.181+0530] {logging_mixin.py:188} INFO - [2024-06-18T13:26:16.181+0530] {dag.py:3954} INFO - Setting next_dagrun for example_complex to None, run_after=None
[2024-06-18T13:26:16.201+0530] {processor.py:183} INFO - Processing /home/kiit/airflow-env/lib/python3.8/site-packages/airflow/example_dags/example_complex.py took 0.066 seconds
[2024-06-18T13:27:04.639+0530] {processor.py:161} INFO - Started process (PID=26873) to work on /home/kiit/airflow-env/lib/python3.8/site-packages/airflow/example_dags/example_complex.py
[2024-06-18T13:27:04.646+0530] {processor.py:830} INFO - Processing file /home/kiit/airflow-env/lib/python3.8/site-packages/airflow/example_dags/example_complex.py for tasks to queue
[2024-06-18T13:27:04.649+0530] {logging_mixin.py:188} INFO - [2024-06-18T13:27:04.648+0530] {dagbag.py:545} INFO - Filling up the DagBag from /home/kiit/airflow-env/lib/python3.8/site-packages/airflow/example_dags/example_complex.py
[2024-06-18T13:27:04.661+0530] {processor.py:840} INFO - DAG(s) 'example_complex' retrieved from /home/kiit/airflow-env/lib/python3.8/site-packages/airflow/example_dags/example_complex.py
[2024-06-18T13:27:04.680+0530] {logging_mixin.py:188} INFO - [2024-06-18T13:27:04.679+0530] {dag.py:3096} INFO - Sync 1 DAGs
[2024-06-18T13:27:04.687+0530] {logging_mixin.py:188} INFO - [2024-06-18T13:27:04.687+0530] {dag.py:3954} INFO - Setting next_dagrun for example_complex to None, run_after=None
[2024-06-18T13:27:04.707+0530] {processor.py:183} INFO - Processing /home/kiit/airflow-env/lib/python3.8/site-packages/airflow/example_dags/example_complex.py took 0.075 seconds
[2024-06-18T13:28:00.474+0530] {processor.py:161} INFO - Started process (PID=26929) to work on /home/kiit/airflow-env/lib/python3.8/site-packages/airflow/example_dags/example_complex.py
[2024-06-18T13:28:00.483+0530] {processor.py:830} INFO - Processing file /home/kiit/airflow-env/lib/python3.8/site-packages/airflow/example_dags/example_complex.py for tasks to queue
[2024-06-18T13:28:00.488+0530] {logging_mixin.py:188} INFO - [2024-06-18T13:28:00.487+0530] {dagbag.py:545} INFO - Filling up the DagBag from /home/kiit/airflow-env/lib/python3.8/site-packages/airflow/example_dags/example_complex.py
[2024-06-18T13:28:00.518+0530] {processor.py:840} INFO - DAG(s) 'example_complex' retrieved from /home/kiit/airflow-env/lib/python3.8/site-packages/airflow/example_dags/example_complex.py
[2024-06-18T13:28:00.604+0530] {logging_mixin.py:188} INFO - [2024-06-18T13:28:00.604+0530] {dag.py:3096} INFO - Sync 1 DAGs
[2024-06-18T13:28:00.637+0530] {logging_mixin.py:188} INFO - [2024-06-18T13:28:00.637+0530] {dag.py:3954} INFO - Setting next_dagrun for example_complex to None, run_after=None
[2024-06-18T13:28:00.700+0530] {processor.py:183} INFO - Processing /home/kiit/airflow-env/lib/python3.8/site-packages/airflow/example_dags/example_complex.py took 0.244 seconds
[2024-06-18T13:29:23.176+0530] {processor.py:161} INFO - Started process (PID=26997) to work on /home/kiit/airflow-env/lib/python3.8/site-packages/airflow/example_dags/example_complex.py
[2024-06-18T13:29:23.183+0530] {processor.py:830} INFO - Processing file /home/kiit/airflow-env/lib/python3.8/site-packages/airflow/example_dags/example_complex.py for tasks to queue
[2024-06-18T13:29:23.185+0530] {logging_mixin.py:188} INFO - [2024-06-18T13:29:23.184+0530] {dagbag.py:545} INFO - Filling up the DagBag from /home/kiit/airflow-env/lib/python3.8/site-packages/airflow/example_dags/example_complex.py
[2024-06-18T13:29:23.196+0530] {processor.py:840} INFO - DAG(s) 'example_complex' retrieved from /home/kiit/airflow-env/lib/python3.8/site-packages/airflow/example_dags/example_complex.py
[2024-06-18T13:29:23.229+0530] {logging_mixin.py:188} INFO - [2024-06-18T13:29:23.229+0530] {dag.py:3096} INFO - Sync 1 DAGs
[2024-06-18T13:29:23.244+0530] {logging_mixin.py:188} INFO - [2024-06-18T13:29:23.244+0530] {dag.py:3954} INFO - Setting next_dagrun for example_complex to None, run_after=None
[2024-06-18T13:29:23.271+0530] {processor.py:183} INFO - Processing /home/kiit/airflow-env/lib/python3.8/site-packages/airflow/example_dags/example_complex.py took 0.102 seconds
[2024-06-18T13:30:16.602+0530] {processor.py:161} INFO - Started process (PID=27071) to work on /home/kiit/airflow-env/lib/python3.8/site-packages/airflow/example_dags/example_complex.py
[2024-06-18T13:30:16.603+0530] {processor.py:830} INFO - Processing file /home/kiit/airflow-env/lib/python3.8/site-packages/airflow/example_dags/example_complex.py for tasks to queue
[2024-06-18T13:30:16.605+0530] {logging_mixin.py:188} INFO - [2024-06-18T13:30:16.605+0530] {dagbag.py:545} INFO - Filling up the DagBag from /home/kiit/airflow-env/lib/python3.8/site-packages/airflow/example_dags/example_complex.py
[2024-06-18T13:30:16.616+0530] {processor.py:840} INFO - DAG(s) 'example_complex' retrieved from /home/kiit/airflow-env/lib/python3.8/site-packages/airflow/example_dags/example_complex.py
[2024-06-18T13:30:16.644+0530] {logging_mixin.py:188} INFO - [2024-06-18T13:30:16.644+0530] {dag.py:3096} INFO - Sync 1 DAGs
[2024-06-18T13:30:16.655+0530] {logging_mixin.py:188} INFO - [2024-06-18T13:30:16.655+0530] {dag.py:3954} INFO - Setting next_dagrun for example_complex to None, run_after=None
[2024-06-18T13:30:16.676+0530] {processor.py:183} INFO - Processing /home/kiit/airflow-env/lib/python3.8/site-packages/airflow/example_dags/example_complex.py took 0.080 seconds
[2024-06-18T13:31:07.924+0530] {processor.py:161} INFO - Started process (PID=27132) to work on /home/kiit/airflow-env/lib/python3.8/site-packages/airflow/example_dags/example_complex.py
[2024-06-18T13:31:07.925+0530] {processor.py:830} INFO - Processing file /home/kiit/airflow-env/lib/python3.8/site-packages/airflow/example_dags/example_complex.py for tasks to queue
[2024-06-18T13:31:07.928+0530] {logging_mixin.py:188} INFO - [2024-06-18T13:31:07.927+0530] {dagbag.py:545} INFO - Filling up the DagBag from /home/kiit/airflow-env/lib/python3.8/site-packages/airflow/example_dags/example_complex.py
[2024-06-18T13:31:07.943+0530] {processor.py:840} INFO - DAG(s) 'example_complex' retrieved from /home/kiit/airflow-env/lib/python3.8/site-packages/airflow/example_dags/example_complex.py
[2024-06-18T13:31:07.978+0530] {logging_mixin.py:188} INFO - [2024-06-18T13:31:07.978+0530] {dag.py:3096} INFO - Sync 1 DAGs
[2024-06-18T13:31:07.995+0530] {logging_mixin.py:188} INFO - [2024-06-18T13:31:07.995+0530] {dag.py:3954} INFO - Setting next_dagrun for example_complex to None, run_after=None
[2024-06-18T13:31:08.029+0530] {processor.py:183} INFO - Processing /home/kiit/airflow-env/lib/python3.8/site-packages/airflow/example_dags/example_complex.py took 0.114 seconds
[2024-06-18T13:32:03.360+0530] {processor.py:161} INFO - Started process (PID=27554) to work on /home/kiit/airflow-env/lib/python3.8/site-packages/airflow/example_dags/example_complex.py
[2024-06-18T13:32:03.361+0530] {processor.py:830} INFO - Processing file /home/kiit/airflow-env/lib/python3.8/site-packages/airflow/example_dags/example_complex.py for tasks to queue
[2024-06-18T13:32:03.363+0530] {logging_mixin.py:188} INFO - [2024-06-18T13:32:03.362+0530] {dagbag.py:545} INFO - Filling up the DagBag from /home/kiit/airflow-env/lib/python3.8/site-packages/airflow/example_dags/example_complex.py
[2024-06-18T13:32:03.374+0530] {processor.py:840} INFO - DAG(s) 'example_complex' retrieved from /home/kiit/airflow-env/lib/python3.8/site-packages/airflow/example_dags/example_complex.py
[2024-06-18T13:32:03.395+0530] {logging_mixin.py:188} INFO - [2024-06-18T13:32:03.395+0530] {dag.py:3096} INFO - Sync 1 DAGs
[2024-06-18T13:32:03.403+0530] {logging_mixin.py:188} INFO - [2024-06-18T13:32:03.403+0530] {dag.py:3954} INFO - Setting next_dagrun for example_complex to None, run_after=None
[2024-06-18T13:32:03.422+0530] {processor.py:183} INFO - Processing /home/kiit/airflow-env/lib/python3.8/site-packages/airflow/example_dags/example_complex.py took 0.068 seconds
[2024-06-18T13:32:58.451+0530] {processor.py:161} INFO - Started process (PID=28196) to work on /home/kiit/airflow-env/lib/python3.8/site-packages/airflow/example_dags/example_complex.py
[2024-06-18T13:32:58.452+0530] {processor.py:830} INFO - Processing file /home/kiit/airflow-env/lib/python3.8/site-packages/airflow/example_dags/example_complex.py for tasks to queue
[2024-06-18T13:32:58.454+0530] {logging_mixin.py:188} INFO - [2024-06-18T13:32:58.454+0530] {dagbag.py:545} INFO - Filling up the DagBag from /home/kiit/airflow-env/lib/python3.8/site-packages/airflow/example_dags/example_complex.py
[2024-06-18T13:32:58.466+0530] {processor.py:840} INFO - DAG(s) 'example_complex' retrieved from /home/kiit/airflow-env/lib/python3.8/site-packages/airflow/example_dags/example_complex.py
[2024-06-18T13:32:58.498+0530] {logging_mixin.py:188} INFO - [2024-06-18T13:32:58.497+0530] {dag.py:3096} INFO - Sync 1 DAGs
[2024-06-18T13:32:58.509+0530] {logging_mixin.py:188} INFO - [2024-06-18T13:32:58.509+0530] {dag.py:3954} INFO - Setting next_dagrun for example_complex to None, run_after=None
[2024-06-18T13:32:58.536+0530] {processor.py:183} INFO - Processing /home/kiit/airflow-env/lib/python3.8/site-packages/airflow/example_dags/example_complex.py took 0.091 seconds
[2024-06-18T13:33:40.409+0530] {processor.py:161} INFO - Started process (PID=30176) to work on /home/kiit/airflow-env/lib/python3.8/site-packages/airflow/example_dags/example_complex.py
[2024-06-18T13:33:40.410+0530] {processor.py:830} INFO - Processing file /home/kiit/airflow-env/lib/python3.8/site-packages/airflow/example_dags/example_complex.py for tasks to queue
[2024-06-18T13:33:40.411+0530] {logging_mixin.py:188} INFO - [2024-06-18T13:33:40.411+0530] {dagbag.py:545} INFO - Filling up the DagBag from /home/kiit/airflow-env/lib/python3.8/site-packages/airflow/example_dags/example_complex.py
[2024-06-18T13:33:40.421+0530] {processor.py:840} INFO - DAG(s) 'example_complex' retrieved from /home/kiit/airflow-env/lib/python3.8/site-packages/airflow/example_dags/example_complex.py
[2024-06-18T13:33:40.443+0530] {logging_mixin.py:188} INFO - [2024-06-18T13:33:40.443+0530] {dag.py:3096} INFO - Sync 1 DAGs
[2024-06-18T13:33:40.451+0530] {logging_mixin.py:188} INFO - [2024-06-18T13:33:40.451+0530] {dag.py:3954} INFO - Setting next_dagrun for example_complex to None, run_after=None
[2024-06-18T13:33:40.472+0530] {processor.py:183} INFO - Processing /home/kiit/airflow-env/lib/python3.8/site-packages/airflow/example_dags/example_complex.py took 0.069 seconds
[2024-06-18T13:34:21.568+0530] {processor.py:161} INFO - Started process (PID=30448) to work on /home/kiit/airflow-env/lib/python3.8/site-packages/airflow/example_dags/example_complex.py
[2024-06-18T13:34:21.569+0530] {processor.py:830} INFO - Processing file /home/kiit/airflow-env/lib/python3.8/site-packages/airflow/example_dags/example_complex.py for tasks to queue
[2024-06-18T13:34:21.571+0530] {logging_mixin.py:188} INFO - [2024-06-18T13:34:21.571+0530] {dagbag.py:545} INFO - Filling up the DagBag from /home/kiit/airflow-env/lib/python3.8/site-packages/airflow/example_dags/example_complex.py
[2024-06-18T13:34:21.579+0530] {processor.py:840} INFO - DAG(s) 'example_complex' retrieved from /home/kiit/airflow-env/lib/python3.8/site-packages/airflow/example_dags/example_complex.py
[2024-06-18T13:34:21.601+0530] {logging_mixin.py:188} INFO - [2024-06-18T13:34:21.601+0530] {dag.py:3096} INFO - Sync 1 DAGs
[2024-06-18T13:34:21.612+0530] {logging_mixin.py:188} INFO - [2024-06-18T13:34:21.612+0530] {dag.py:3954} INFO - Setting next_dagrun for example_complex to None, run_after=None
[2024-06-18T13:34:21.634+0530] {processor.py:183} INFO - Processing /home/kiit/airflow-env/lib/python3.8/site-packages/airflow/example_dags/example_complex.py took 0.074 seconds
[2024-06-18T13:35:02.520+0530] {processor.py:161} INFO - Started process (PID=30498) to work on /home/kiit/airflow-env/lib/python3.8/site-packages/airflow/example_dags/example_complex.py
[2024-06-18T13:35:02.527+0530] {processor.py:830} INFO - Processing file /home/kiit/airflow-env/lib/python3.8/site-packages/airflow/example_dags/example_complex.py for tasks to queue
[2024-06-18T13:35:02.529+0530] {logging_mixin.py:188} INFO - [2024-06-18T13:35:02.529+0530] {dagbag.py:545} INFO - Filling up the DagBag from /home/kiit/airflow-env/lib/python3.8/site-packages/airflow/example_dags/example_complex.py
[2024-06-18T13:35:02.537+0530] {processor.py:840} INFO - DAG(s) 'example_complex' retrieved from /home/kiit/airflow-env/lib/python3.8/site-packages/airflow/example_dags/example_complex.py
[2024-06-18T13:35:02.561+0530] {logging_mixin.py:188} INFO - [2024-06-18T13:35:02.560+0530] {dag.py:3096} INFO - Sync 1 DAGs
[2024-06-18T13:35:02.568+0530] {logging_mixin.py:188} INFO - [2024-06-18T13:35:02.568+0530] {dag.py:3954} INFO - Setting next_dagrun for example_complex to None, run_after=None
[2024-06-18T13:35:02.585+0530] {processor.py:183} INFO - Processing /home/kiit/airflow-env/lib/python3.8/site-packages/airflow/example_dags/example_complex.py took 0.070 seconds
[2024-06-18T13:35:44.083+0530] {processor.py:161} INFO - Started process (PID=30546) to work on /home/kiit/airflow-env/lib/python3.8/site-packages/airflow/example_dags/example_complex.py
[2024-06-18T13:35:44.085+0530] {processor.py:830} INFO - Processing file /home/kiit/airflow-env/lib/python3.8/site-packages/airflow/example_dags/example_complex.py for tasks to queue
[2024-06-18T13:35:44.087+0530] {logging_mixin.py:188} INFO - [2024-06-18T13:35:44.087+0530] {dagbag.py:545} INFO - Filling up the DagBag from /home/kiit/airflow-env/lib/python3.8/site-packages/airflow/example_dags/example_complex.py
[2024-06-18T13:35:44.104+0530] {processor.py:840} INFO - DAG(s) 'example_complex' retrieved from /home/kiit/airflow-env/lib/python3.8/site-packages/airflow/example_dags/example_complex.py
[2024-06-18T13:35:44.143+0530] {logging_mixin.py:188} INFO - [2024-06-18T13:35:44.143+0530] {dag.py:3096} INFO - Sync 1 DAGs
[2024-06-18T13:35:44.156+0530] {logging_mixin.py:188} INFO - [2024-06-18T13:35:44.156+0530] {dag.py:3954} INFO - Setting next_dagrun for example_complex to None, run_after=None
[2024-06-18T13:35:44.177+0530] {processor.py:183} INFO - Processing /home/kiit/airflow-env/lib/python3.8/site-packages/airflow/example_dags/example_complex.py took 0.103 seconds
[2024-06-18T13:36:27.807+0530] {processor.py:161} INFO - Started process (PID=30597) to work on /home/kiit/airflow-env/lib/python3.8/site-packages/airflow/example_dags/example_complex.py
[2024-06-18T13:36:27.808+0530] {processor.py:830} INFO - Processing file /home/kiit/airflow-env/lib/python3.8/site-packages/airflow/example_dags/example_complex.py for tasks to queue
[2024-06-18T13:36:27.809+0530] {logging_mixin.py:188} INFO - [2024-06-18T13:36:27.809+0530] {dagbag.py:545} INFO - Filling up the DagBag from /home/kiit/airflow-env/lib/python3.8/site-packages/airflow/example_dags/example_complex.py
[2024-06-18T13:36:27.816+0530] {processor.py:840} INFO - DAG(s) 'example_complex' retrieved from /home/kiit/airflow-env/lib/python3.8/site-packages/airflow/example_dags/example_complex.py
[2024-06-18T13:36:27.834+0530] {logging_mixin.py:188} INFO - [2024-06-18T13:36:27.834+0530] {dag.py:3096} INFO - Sync 1 DAGs
[2024-06-18T13:36:27.845+0530] {logging_mixin.py:188} INFO - [2024-06-18T13:36:27.845+0530] {dag.py:3954} INFO - Setting next_dagrun for example_complex to None, run_after=None
[2024-06-18T13:36:27.866+0530] {processor.py:183} INFO - Processing /home/kiit/airflow-env/lib/python3.8/site-packages/airflow/example_dags/example_complex.py took 0.066 seconds
[2024-06-18T13:37:09.106+0530] {processor.py:161} INFO - Started process (PID=30646) to work on /home/kiit/airflow-env/lib/python3.8/site-packages/airflow/example_dags/example_complex.py
[2024-06-18T13:37:09.108+0530] {processor.py:830} INFO - Processing file /home/kiit/airflow-env/lib/python3.8/site-packages/airflow/example_dags/example_complex.py for tasks to queue
[2024-06-18T13:37:09.111+0530] {logging_mixin.py:188} INFO - [2024-06-18T13:37:09.110+0530] {dagbag.py:545} INFO - Filling up the DagBag from /home/kiit/airflow-env/lib/python3.8/site-packages/airflow/example_dags/example_complex.py
[2024-06-18T13:37:09.129+0530] {processor.py:840} INFO - DAG(s) 'example_complex' retrieved from /home/kiit/airflow-env/lib/python3.8/site-packages/airflow/example_dags/example_complex.py
[2024-06-18T13:37:09.171+0530] {logging_mixin.py:188} INFO - [2024-06-18T13:37:09.170+0530] {dag.py:3096} INFO - Sync 1 DAGs
[2024-06-18T13:37:09.192+0530] {logging_mixin.py:188} INFO - [2024-06-18T13:37:09.192+0530] {dag.py:3954} INFO - Setting next_dagrun for example_complex to None, run_after=None
[2024-06-18T13:37:09.239+0530] {processor.py:183} INFO - Processing /home/kiit/airflow-env/lib/python3.8/site-packages/airflow/example_dags/example_complex.py took 0.140 seconds
[2024-06-18T13:37:52.874+0530] {processor.py:161} INFO - Started process (PID=30695) to work on /home/kiit/airflow-env/lib/python3.8/site-packages/airflow/example_dags/example_complex.py
[2024-06-18T13:37:52.875+0530] {processor.py:830} INFO - Processing file /home/kiit/airflow-env/lib/python3.8/site-packages/airflow/example_dags/example_complex.py for tasks to queue
[2024-06-18T13:37:52.878+0530] {logging_mixin.py:188} INFO - [2024-06-18T13:37:52.878+0530] {dagbag.py:545} INFO - Filling up the DagBag from /home/kiit/airflow-env/lib/python3.8/site-packages/airflow/example_dags/example_complex.py
[2024-06-18T13:37:52.891+0530] {processor.py:840} INFO - DAG(s) 'example_complex' retrieved from /home/kiit/airflow-env/lib/python3.8/site-packages/airflow/example_dags/example_complex.py
[2024-06-18T13:37:52.916+0530] {logging_mixin.py:188} INFO - [2024-06-18T13:37:52.916+0530] {dag.py:3096} INFO - Sync 1 DAGs
[2024-06-18T13:37:52.925+0530] {logging_mixin.py:188} INFO - [2024-06-18T13:37:52.925+0530] {dag.py:3954} INFO - Setting next_dagrun for example_complex to None, run_after=None
[2024-06-18T13:37:52.951+0530] {processor.py:183} INFO - Processing /home/kiit/airflow-env/lib/python3.8/site-packages/airflow/example_dags/example_complex.py took 0.083 seconds
[2024-06-18T13:38:46.950+0530] {processor.py:161} INFO - Started process (PID=30751) to work on /home/kiit/airflow-env/lib/python3.8/site-packages/airflow/example_dags/example_complex.py
[2024-06-18T13:38:46.952+0530] {processor.py:830} INFO - Processing file /home/kiit/airflow-env/lib/python3.8/site-packages/airflow/example_dags/example_complex.py for tasks to queue
[2024-06-18T13:38:46.953+0530] {logging_mixin.py:188} INFO - [2024-06-18T13:38:46.953+0530] {dagbag.py:545} INFO - Filling up the DagBag from /home/kiit/airflow-env/lib/python3.8/site-packages/airflow/example_dags/example_complex.py
[2024-06-18T13:38:46.966+0530] {processor.py:840} INFO - DAG(s) 'example_complex' retrieved from /home/kiit/airflow-env/lib/python3.8/site-packages/airflow/example_dags/example_complex.py
[2024-06-18T13:38:46.991+0530] {logging_mixin.py:188} INFO - [2024-06-18T13:38:46.991+0530] {dag.py:3096} INFO - Sync 1 DAGs
[2024-06-18T13:38:47.001+0530] {logging_mixin.py:188} INFO - [2024-06-18T13:38:47.001+0530] {dag.py:3954} INFO - Setting next_dagrun for example_complex to None, run_after=None
[2024-06-18T13:38:47.025+0530] {processor.py:183} INFO - Processing /home/kiit/airflow-env/lib/python3.8/site-packages/airflow/example_dags/example_complex.py took 0.080 seconds
[2024-06-18T13:39:32.292+0530] {processor.py:161} INFO - Started process (PID=30806) to work on /home/kiit/airflow-env/lib/python3.8/site-packages/airflow/example_dags/example_complex.py
[2024-06-18T13:39:32.293+0530] {processor.py:830} INFO - Processing file /home/kiit/airflow-env/lib/python3.8/site-packages/airflow/example_dags/example_complex.py for tasks to queue
[2024-06-18T13:39:32.295+0530] {logging_mixin.py:188} INFO - [2024-06-18T13:39:32.295+0530] {dagbag.py:545} INFO - Filling up the DagBag from /home/kiit/airflow-env/lib/python3.8/site-packages/airflow/example_dags/example_complex.py
[2024-06-18T13:39:32.302+0530] {processor.py:840} INFO - DAG(s) 'example_complex' retrieved from /home/kiit/airflow-env/lib/python3.8/site-packages/airflow/example_dags/example_complex.py
[2024-06-18T13:39:32.319+0530] {logging_mixin.py:188} INFO - [2024-06-18T13:39:32.319+0530] {dag.py:3096} INFO - Sync 1 DAGs
[2024-06-18T13:39:32.326+0530] {logging_mixin.py:188} INFO - [2024-06-18T13:39:32.326+0530] {dag.py:3954} INFO - Setting next_dagrun for example_complex to None, run_after=None
[2024-06-18T13:39:32.343+0530] {processor.py:183} INFO - Processing /home/kiit/airflow-env/lib/python3.8/site-packages/airflow/example_dags/example_complex.py took 0.055 seconds
[2024-06-18T13:40:12.847+0530] {processor.py:161} INFO - Started process (PID=30920) to work on /home/kiit/airflow-env/lib/python3.8/site-packages/airflow/example_dags/example_complex.py
[2024-06-18T13:40:12.855+0530] {processor.py:830} INFO - Processing file /home/kiit/airflow-env/lib/python3.8/site-packages/airflow/example_dags/example_complex.py for tasks to queue
[2024-06-18T13:40:12.857+0530] {logging_mixin.py:188} INFO - [2024-06-18T13:40:12.856+0530] {dagbag.py:545} INFO - Filling up the DagBag from /home/kiit/airflow-env/lib/python3.8/site-packages/airflow/example_dags/example_complex.py
[2024-06-18T13:40:12.864+0530] {processor.py:840} INFO - DAG(s) 'example_complex' retrieved from /home/kiit/airflow-env/lib/python3.8/site-packages/airflow/example_dags/example_complex.py
[2024-06-18T13:40:12.881+0530] {logging_mixin.py:188} INFO - [2024-06-18T13:40:12.880+0530] {dag.py:3096} INFO - Sync 1 DAGs
[2024-06-18T13:40:12.888+0530] {logging_mixin.py:188} INFO - [2024-06-18T13:40:12.888+0530] {dag.py:3954} INFO - Setting next_dagrun for example_complex to None, run_after=None
[2024-06-18T13:40:12.905+0530] {processor.py:183} INFO - Processing /home/kiit/airflow-env/lib/python3.8/site-packages/airflow/example_dags/example_complex.py took 0.062 seconds
[2024-06-18T13:40:54.160+0530] {processor.py:161} INFO - Started process (PID=30969) to work on /home/kiit/airflow-env/lib/python3.8/site-packages/airflow/example_dags/example_complex.py
[2024-06-18T13:40:54.167+0530] {processor.py:830} INFO - Processing file /home/kiit/airflow-env/lib/python3.8/site-packages/airflow/example_dags/example_complex.py for tasks to queue
[2024-06-18T13:40:54.169+0530] {logging_mixin.py:188} INFO - [2024-06-18T13:40:54.168+0530] {dagbag.py:545} INFO - Filling up the DagBag from /home/kiit/airflow-env/lib/python3.8/site-packages/airflow/example_dags/example_complex.py
[2024-06-18T13:40:54.175+0530] {processor.py:840} INFO - DAG(s) 'example_complex' retrieved from /home/kiit/airflow-env/lib/python3.8/site-packages/airflow/example_dags/example_complex.py
[2024-06-18T13:40:54.193+0530] {logging_mixin.py:188} INFO - [2024-06-18T13:40:54.193+0530] {dag.py:3096} INFO - Sync 1 DAGs
[2024-06-18T13:40:54.200+0530] {logging_mixin.py:188} INFO - [2024-06-18T13:40:54.200+0530] {dag.py:3954} INFO - Setting next_dagrun for example_complex to None, run_after=None
[2024-06-18T13:40:54.218+0530] {processor.py:183} INFO - Processing /home/kiit/airflow-env/lib/python3.8/site-packages/airflow/example_dags/example_complex.py took 0.067 seconds
[2024-06-18T13:41:35.856+0530] {processor.py:161} INFO - Started process (PID=31018) to work on /home/kiit/airflow-env/lib/python3.8/site-packages/airflow/example_dags/example_complex.py
[2024-06-18T13:41:35.864+0530] {processor.py:830} INFO - Processing file /home/kiit/airflow-env/lib/python3.8/site-packages/airflow/example_dags/example_complex.py for tasks to queue
[2024-06-18T13:41:35.866+0530] {logging_mixin.py:188} INFO - [2024-06-18T13:41:35.865+0530] {dagbag.py:545} INFO - Filling up the DagBag from /home/kiit/airflow-env/lib/python3.8/site-packages/airflow/example_dags/example_complex.py
[2024-06-18T13:41:35.874+0530] {processor.py:840} INFO - DAG(s) 'example_complex' retrieved from /home/kiit/airflow-env/lib/python3.8/site-packages/airflow/example_dags/example_complex.py
[2024-06-18T13:41:35.895+0530] {logging_mixin.py:188} INFO - [2024-06-18T13:41:35.895+0530] {dag.py:3096} INFO - Sync 1 DAGs
[2024-06-18T13:41:35.903+0530] {logging_mixin.py:188} INFO - [2024-06-18T13:41:35.903+0530] {dag.py:3954} INFO - Setting next_dagrun for example_complex to None, run_after=None
[2024-06-18T13:41:35.921+0530] {processor.py:183} INFO - Processing /home/kiit/airflow-env/lib/python3.8/site-packages/airflow/example_dags/example_complex.py took 0.070 seconds
[2024-06-18T15:05:49.541+0530] {processor.py:161} INFO - Started process (PID=33613) to work on /home/kiit/airflow-env/lib/python3.8/site-packages/airflow/example_dags/example_complex.py
[2024-06-18T15:05:49.543+0530] {processor.py:830} INFO - Processing file /home/kiit/airflow-env/lib/python3.8/site-packages/airflow/example_dags/example_complex.py for tasks to queue
[2024-06-18T15:05:49.544+0530] {logging_mixin.py:188} INFO - [2024-06-18T15:05:49.544+0530] {dagbag.py:545} INFO - Filling up the DagBag from /home/kiit/airflow-env/lib/python3.8/site-packages/airflow/example_dags/example_complex.py
[2024-06-18T15:05:49.560+0530] {processor.py:840} INFO - DAG(s) 'example_complex' retrieved from /home/kiit/airflow-env/lib/python3.8/site-packages/airflow/example_dags/example_complex.py
[2024-06-18T15:05:49.574+0530] {logging_mixin.py:188} INFO - [2024-06-18T15:05:49.573+0530] {dag.py:3096} INFO - Sync 1 DAGs
[2024-06-18T15:05:49.589+0530] {logging_mixin.py:188} INFO - [2024-06-18T15:05:49.589+0530] {dag.py:3954} INFO - Setting next_dagrun for example_complex to None, run_after=None
[2024-06-18T15:05:49.615+0530] {processor.py:183} INFO - Processing /home/kiit/airflow-env/lib/python3.8/site-packages/airflow/example_dags/example_complex.py took 0.081 seconds
[2024-06-18T15:06:21.727+0530] {processor.py:161} INFO - Started process (PID=33672) to work on /home/kiit/airflow-env/lib/python3.8/site-packages/airflow/example_dags/example_complex.py
[2024-06-18T15:06:21.727+0530] {processor.py:830} INFO - Processing file /home/kiit/airflow-env/lib/python3.8/site-packages/airflow/example_dags/example_complex.py for tasks to queue
[2024-06-18T15:06:21.729+0530] {logging_mixin.py:188} INFO - [2024-06-18T15:06:21.729+0530] {dagbag.py:545} INFO - Filling up the DagBag from /home/kiit/airflow-env/lib/python3.8/site-packages/airflow/example_dags/example_complex.py
[2024-06-18T15:06:21.742+0530] {processor.py:840} INFO - DAG(s) 'example_complex' retrieved from /home/kiit/airflow-env/lib/python3.8/site-packages/airflow/example_dags/example_complex.py
[2024-06-18T15:06:21.944+0530] {logging_mixin.py:188} INFO - [2024-06-18T15:06:21.944+0530] {dag.py:3096} INFO - Sync 1 DAGs
[2024-06-18T15:06:21.953+0530] {logging_mixin.py:188} INFO - [2024-06-18T15:06:21.953+0530] {dag.py:3954} INFO - Setting next_dagrun for example_complex to None, run_after=None
[2024-06-18T15:06:21.979+0530] {processor.py:183} INFO - Processing /home/kiit/airflow-env/lib/python3.8/site-packages/airflow/example_dags/example_complex.py took 0.259 seconds
[2024-06-18T15:06:53.046+0530] {processor.py:161} INFO - Started process (PID=33731) to work on /home/kiit/airflow-env/lib/python3.8/site-packages/airflow/example_dags/example_complex.py
[2024-06-18T15:06:53.048+0530] {processor.py:830} INFO - Processing file /home/kiit/airflow-env/lib/python3.8/site-packages/airflow/example_dags/example_complex.py for tasks to queue
[2024-06-18T15:06:53.050+0530] {logging_mixin.py:188} INFO - [2024-06-18T15:06:53.050+0530] {dagbag.py:545} INFO - Filling up the DagBag from /home/kiit/airflow-env/lib/python3.8/site-packages/airflow/example_dags/example_complex.py
[2024-06-18T15:06:53.059+0530] {processor.py:840} INFO - DAG(s) 'example_complex' retrieved from /home/kiit/airflow-env/lib/python3.8/site-packages/airflow/example_dags/example_complex.py
[2024-06-18T15:06:53.094+0530] {logging_mixin.py:188} INFO - [2024-06-18T15:06:53.093+0530] {dag.py:3096} INFO - Sync 1 DAGs
[2024-06-18T15:06:53.109+0530] {logging_mixin.py:188} INFO - [2024-06-18T15:06:53.109+0530] {dag.py:3954} INFO - Setting next_dagrun for example_complex to None, run_after=None
[2024-06-18T15:06:53.140+0530] {processor.py:183} INFO - Processing /home/kiit/airflow-env/lib/python3.8/site-packages/airflow/example_dags/example_complex.py took 0.102 seconds
[2024-06-18T15:07:24.060+0530] {processor.py:161} INFO - Started process (PID=33790) to work on /home/kiit/airflow-env/lib/python3.8/site-packages/airflow/example_dags/example_complex.py
[2024-06-18T15:07:24.061+0530] {processor.py:830} INFO - Processing file /home/kiit/airflow-env/lib/python3.8/site-packages/airflow/example_dags/example_complex.py for tasks to queue
[2024-06-18T15:07:24.063+0530] {logging_mixin.py:188} INFO - [2024-06-18T15:07:24.062+0530] {dagbag.py:545} INFO - Filling up the DagBag from /home/kiit/airflow-env/lib/python3.8/site-packages/airflow/example_dags/example_complex.py
[2024-06-18T15:07:24.073+0530] {processor.py:840} INFO - DAG(s) 'example_complex' retrieved from /home/kiit/airflow-env/lib/python3.8/site-packages/airflow/example_dags/example_complex.py
[2024-06-18T15:07:24.107+0530] {logging_mixin.py:188} INFO - [2024-06-18T15:07:24.107+0530] {dag.py:3096} INFO - Sync 1 DAGs
[2024-06-18T15:07:24.120+0530] {logging_mixin.py:188} INFO - [2024-06-18T15:07:24.120+0530] {dag.py:3954} INFO - Setting next_dagrun for example_complex to None, run_after=None
[2024-06-18T15:07:24.149+0530] {processor.py:183} INFO - Processing /home/kiit/airflow-env/lib/python3.8/site-packages/airflow/example_dags/example_complex.py took 0.095 seconds
[2024-06-18T15:07:54.802+0530] {processor.py:161} INFO - Started process (PID=33849) to work on /home/kiit/airflow-env/lib/python3.8/site-packages/airflow/example_dags/example_complex.py
[2024-06-18T15:07:54.803+0530] {processor.py:830} INFO - Processing file /home/kiit/airflow-env/lib/python3.8/site-packages/airflow/example_dags/example_complex.py for tasks to queue
[2024-06-18T15:07:54.805+0530] {logging_mixin.py:188} INFO - [2024-06-18T15:07:54.805+0530] {dagbag.py:545} INFO - Filling up the DagBag from /home/kiit/airflow-env/lib/python3.8/site-packages/airflow/example_dags/example_complex.py
[2024-06-18T15:07:54.815+0530] {processor.py:840} INFO - DAG(s) 'example_complex' retrieved from /home/kiit/airflow-env/lib/python3.8/site-packages/airflow/example_dags/example_complex.py
[2024-06-18T15:07:54.844+0530] {logging_mixin.py:188} INFO - [2024-06-18T15:07:54.844+0530] {dag.py:3096} INFO - Sync 1 DAGs
[2024-06-18T15:07:54.856+0530] {logging_mixin.py:188} INFO - [2024-06-18T15:07:54.855+0530] {dag.py:3954} INFO - Setting next_dagrun for example_complex to None, run_after=None
[2024-06-18T15:07:54.880+0530] {processor.py:183} INFO - Processing /home/kiit/airflow-env/lib/python3.8/site-packages/airflow/example_dags/example_complex.py took 0.085 seconds
[2024-06-18T15:08:25.798+0530] {processor.py:161} INFO - Started process (PID=33908) to work on /home/kiit/airflow-env/lib/python3.8/site-packages/airflow/example_dags/example_complex.py
[2024-06-18T15:08:25.799+0530] {processor.py:830} INFO - Processing file /home/kiit/airflow-env/lib/python3.8/site-packages/airflow/example_dags/example_complex.py for tasks to queue
[2024-06-18T15:08:25.802+0530] {logging_mixin.py:188} INFO - [2024-06-18T15:08:25.801+0530] {dagbag.py:545} INFO - Filling up the DagBag from /home/kiit/airflow-env/lib/python3.8/site-packages/airflow/example_dags/example_complex.py
[2024-06-18T15:08:25.813+0530] {processor.py:840} INFO - DAG(s) 'example_complex' retrieved from /home/kiit/airflow-env/lib/python3.8/site-packages/airflow/example_dags/example_complex.py
[2024-06-18T15:08:25.854+0530] {logging_mixin.py:188} INFO - [2024-06-18T15:08:25.853+0530] {dag.py:3096} INFO - Sync 1 DAGs
[2024-06-18T15:08:25.866+0530] {logging_mixin.py:188} INFO - [2024-06-18T15:08:25.866+0530] {dag.py:3954} INFO - Setting next_dagrun for example_complex to None, run_after=None
[2024-06-18T15:08:25.898+0530] {processor.py:183} INFO - Processing /home/kiit/airflow-env/lib/python3.8/site-packages/airflow/example_dags/example_complex.py took 0.109 seconds
[2024-06-18T15:08:56.778+0530] {processor.py:161} INFO - Started process (PID=33968) to work on /home/kiit/airflow-env/lib/python3.8/site-packages/airflow/example_dags/example_complex.py
[2024-06-18T15:08:56.779+0530] {processor.py:830} INFO - Processing file /home/kiit/airflow-env/lib/python3.8/site-packages/airflow/example_dags/example_complex.py for tasks to queue
[2024-06-18T15:08:56.781+0530] {logging_mixin.py:188} INFO - [2024-06-18T15:08:56.781+0530] {dagbag.py:545} INFO - Filling up the DagBag from /home/kiit/airflow-env/lib/python3.8/site-packages/airflow/example_dags/example_complex.py
[2024-06-18T15:08:56.792+0530] {processor.py:840} INFO - DAG(s) 'example_complex' retrieved from /home/kiit/airflow-env/lib/python3.8/site-packages/airflow/example_dags/example_complex.py
[2024-06-18T15:08:56.819+0530] {logging_mixin.py:188} INFO - [2024-06-18T15:08:56.819+0530] {dag.py:3096} INFO - Sync 1 DAGs
[2024-06-18T15:08:56.830+0530] {logging_mixin.py:188} INFO - [2024-06-18T15:08:56.830+0530] {dag.py:3954} INFO - Setting next_dagrun for example_complex to None, run_after=None
[2024-06-18T15:08:56.857+0530] {processor.py:183} INFO - Processing /home/kiit/airflow-env/lib/python3.8/site-packages/airflow/example_dags/example_complex.py took 0.084 seconds
[2024-06-18T15:09:27.212+0530] {processor.py:161} INFO - Started process (PID=34028) to work on /home/kiit/airflow-env/lib/python3.8/site-packages/airflow/example_dags/example_complex.py
[2024-06-18T15:09:27.213+0530] {processor.py:830} INFO - Processing file /home/kiit/airflow-env/lib/python3.8/site-packages/airflow/example_dags/example_complex.py for tasks to queue
[2024-06-18T15:09:27.214+0530] {logging_mixin.py:188} INFO - [2024-06-18T15:09:27.214+0530] {dagbag.py:545} INFO - Filling up the DagBag from /home/kiit/airflow-env/lib/python3.8/site-packages/airflow/example_dags/example_complex.py
[2024-06-18T15:09:27.223+0530] {processor.py:840} INFO - DAG(s) 'example_complex' retrieved from /home/kiit/airflow-env/lib/python3.8/site-packages/airflow/example_dags/example_complex.py
[2024-06-18T15:09:27.247+0530] {logging_mixin.py:188} INFO - [2024-06-18T15:09:27.247+0530] {dag.py:3096} INFO - Sync 1 DAGs
[2024-06-18T15:09:27.256+0530] {logging_mixin.py:188} INFO - [2024-06-18T15:09:27.256+0530] {dag.py:3954} INFO - Setting next_dagrun for example_complex to None, run_after=None
[2024-06-18T15:09:27.278+0530] {processor.py:183} INFO - Processing /home/kiit/airflow-env/lib/python3.8/site-packages/airflow/example_dags/example_complex.py took 0.072 seconds
[2024-06-18T15:09:57.509+0530] {processor.py:161} INFO - Started process (PID=34087) to work on /home/kiit/airflow-env/lib/python3.8/site-packages/airflow/example_dags/example_complex.py
[2024-06-18T15:09:57.510+0530] {processor.py:830} INFO - Processing file /home/kiit/airflow-env/lib/python3.8/site-packages/airflow/example_dags/example_complex.py for tasks to queue
[2024-06-18T15:09:57.512+0530] {logging_mixin.py:188} INFO - [2024-06-18T15:09:57.511+0530] {dagbag.py:545} INFO - Filling up the DagBag from /home/kiit/airflow-env/lib/python3.8/site-packages/airflow/example_dags/example_complex.py
[2024-06-18T15:09:57.521+0530] {processor.py:840} INFO - DAG(s) 'example_complex' retrieved from /home/kiit/airflow-env/lib/python3.8/site-packages/airflow/example_dags/example_complex.py
[2024-06-18T15:09:57.541+0530] {logging_mixin.py:188} INFO - [2024-06-18T15:09:57.541+0530] {dag.py:3096} INFO - Sync 1 DAGs
[2024-06-18T15:09:57.549+0530] {logging_mixin.py:188} INFO - [2024-06-18T15:09:57.549+0530] {dag.py:3954} INFO - Setting next_dagrun for example_complex to None, run_after=None
[2024-06-18T15:09:57.573+0530] {processor.py:183} INFO - Processing /home/kiit/airflow-env/lib/python3.8/site-packages/airflow/example_dags/example_complex.py took 0.069 seconds
[2024-06-18T15:10:27.685+0530] {processor.py:161} INFO - Started process (PID=34147) to work on /home/kiit/airflow-env/lib/python3.8/site-packages/airflow/example_dags/example_complex.py
[2024-06-18T15:10:27.686+0530] {processor.py:830} INFO - Processing file /home/kiit/airflow-env/lib/python3.8/site-packages/airflow/example_dags/example_complex.py for tasks to queue
[2024-06-18T15:10:27.688+0530] {logging_mixin.py:188} INFO - [2024-06-18T15:10:27.687+0530] {dagbag.py:545} INFO - Filling up the DagBag from /home/kiit/airflow-env/lib/python3.8/site-packages/airflow/example_dags/example_complex.py
[2024-06-18T15:10:27.696+0530] {processor.py:840} INFO - DAG(s) 'example_complex' retrieved from /home/kiit/airflow-env/lib/python3.8/site-packages/airflow/example_dags/example_complex.py
[2024-06-18T15:10:27.722+0530] {logging_mixin.py:188} INFO - [2024-06-18T15:10:27.722+0530] {dag.py:3096} INFO - Sync 1 DAGs
[2024-06-18T15:10:27.732+0530] {logging_mixin.py:188} INFO - [2024-06-18T15:10:27.732+0530] {dag.py:3954} INFO - Setting next_dagrun for example_complex to None, run_after=None
[2024-06-18T15:10:27.752+0530] {processor.py:183} INFO - Processing /home/kiit/airflow-env/lib/python3.8/site-packages/airflow/example_dags/example_complex.py took 0.072 seconds
[2024-06-18T15:10:58.111+0530] {processor.py:161} INFO - Started process (PID=34206) to work on /home/kiit/airflow-env/lib/python3.8/site-packages/airflow/example_dags/example_complex.py
[2024-06-18T15:10:58.113+0530] {processor.py:830} INFO - Processing file /home/kiit/airflow-env/lib/python3.8/site-packages/airflow/example_dags/example_complex.py for tasks to queue
[2024-06-18T15:10:58.115+0530] {logging_mixin.py:188} INFO - [2024-06-18T15:10:58.114+0530] {dagbag.py:545} INFO - Filling up the DagBag from /home/kiit/airflow-env/lib/python3.8/site-packages/airflow/example_dags/example_complex.py
[2024-06-18T15:10:58.122+0530] {processor.py:840} INFO - DAG(s) 'example_complex' retrieved from /home/kiit/airflow-env/lib/python3.8/site-packages/airflow/example_dags/example_complex.py
[2024-06-18T15:10:58.147+0530] {logging_mixin.py:188} INFO - [2024-06-18T15:10:58.147+0530] {dag.py:3096} INFO - Sync 1 DAGs
[2024-06-18T15:10:58.156+0530] {logging_mixin.py:188} INFO - [2024-06-18T15:10:58.155+0530] {dag.py:3954} INFO - Setting next_dagrun for example_complex to None, run_after=None
[2024-06-18T15:10:58.175+0530] {processor.py:183} INFO - Processing /home/kiit/airflow-env/lib/python3.8/site-packages/airflow/example_dags/example_complex.py took 0.069 seconds
[2024-06-18T15:11:28.294+0530] {processor.py:161} INFO - Started process (PID=34265) to work on /home/kiit/airflow-env/lib/python3.8/site-packages/airflow/example_dags/example_complex.py
[2024-06-18T15:11:28.294+0530] {processor.py:830} INFO - Processing file /home/kiit/airflow-env/lib/python3.8/site-packages/airflow/example_dags/example_complex.py for tasks to queue
[2024-06-18T15:11:28.296+0530] {logging_mixin.py:188} INFO - [2024-06-18T15:11:28.296+0530] {dagbag.py:545} INFO - Filling up the DagBag from /home/kiit/airflow-env/lib/python3.8/site-packages/airflow/example_dags/example_complex.py
[2024-06-18T15:11:28.304+0530] {processor.py:840} INFO - DAG(s) 'example_complex' retrieved from /home/kiit/airflow-env/lib/python3.8/site-packages/airflow/example_dags/example_complex.py
[2024-06-18T15:11:28.326+0530] {logging_mixin.py:188} INFO - [2024-06-18T15:11:28.325+0530] {dag.py:3096} INFO - Sync 1 DAGs
[2024-06-18T15:11:28.334+0530] {logging_mixin.py:188} INFO - [2024-06-18T15:11:28.334+0530] {dag.py:3954} INFO - Setting next_dagrun for example_complex to None, run_after=None
[2024-06-18T15:11:28.354+0530] {processor.py:183} INFO - Processing /home/kiit/airflow-env/lib/python3.8/site-packages/airflow/example_dags/example_complex.py took 0.067 seconds
[2024-06-18T15:11:58.462+0530] {processor.py:161} INFO - Started process (PID=34324) to work on /home/kiit/airflow-env/lib/python3.8/site-packages/airflow/example_dags/example_complex.py
[2024-06-18T15:11:58.465+0530] {processor.py:830} INFO - Processing file /home/kiit/airflow-env/lib/python3.8/site-packages/airflow/example_dags/example_complex.py for tasks to queue
[2024-06-18T15:11:58.467+0530] {logging_mixin.py:188} INFO - [2024-06-18T15:11:58.467+0530] {dagbag.py:545} INFO - Filling up the DagBag from /home/kiit/airflow-env/lib/python3.8/site-packages/airflow/example_dags/example_complex.py
[2024-06-18T15:11:58.475+0530] {processor.py:840} INFO - DAG(s) 'example_complex' retrieved from /home/kiit/airflow-env/lib/python3.8/site-packages/airflow/example_dags/example_complex.py
[2024-06-18T15:11:58.502+0530] {logging_mixin.py:188} INFO - [2024-06-18T15:11:58.502+0530] {dag.py:3096} INFO - Sync 1 DAGs
[2024-06-18T15:11:58.512+0530] {logging_mixin.py:188} INFO - [2024-06-18T15:11:58.512+0530] {dag.py:3954} INFO - Setting next_dagrun for example_complex to None, run_after=None
[2024-06-18T15:11:58.531+0530] {processor.py:183} INFO - Processing /home/kiit/airflow-env/lib/python3.8/site-packages/airflow/example_dags/example_complex.py took 0.074 seconds
[2024-06-18T15:12:28.813+0530] {processor.py:161} INFO - Started process (PID=34384) to work on /home/kiit/airflow-env/lib/python3.8/site-packages/airflow/example_dags/example_complex.py
[2024-06-18T15:12:28.814+0530] {processor.py:830} INFO - Processing file /home/kiit/airflow-env/lib/python3.8/site-packages/airflow/example_dags/example_complex.py for tasks to queue
[2024-06-18T15:12:28.815+0530] {logging_mixin.py:188} INFO - [2024-06-18T15:12:28.815+0530] {dagbag.py:545} INFO - Filling up the DagBag from /home/kiit/airflow-env/lib/python3.8/site-packages/airflow/example_dags/example_complex.py
[2024-06-18T15:12:28.824+0530] {processor.py:840} INFO - DAG(s) 'example_complex' retrieved from /home/kiit/airflow-env/lib/python3.8/site-packages/airflow/example_dags/example_complex.py
[2024-06-18T15:12:28.849+0530] {logging_mixin.py:188} INFO - [2024-06-18T15:12:28.848+0530] {dag.py:3096} INFO - Sync 1 DAGs
[2024-06-18T15:12:28.858+0530] {logging_mixin.py:188} INFO - [2024-06-18T15:12:28.858+0530] {dag.py:3954} INFO - Setting next_dagrun for example_complex to None, run_after=None
[2024-06-18T15:12:28.879+0530] {processor.py:183} INFO - Processing /home/kiit/airflow-env/lib/python3.8/site-packages/airflow/example_dags/example_complex.py took 0.071 seconds
[2024-06-18T15:12:59.147+0530] {processor.py:161} INFO - Started process (PID=34443) to work on /home/kiit/airflow-env/lib/python3.8/site-packages/airflow/example_dags/example_complex.py
[2024-06-18T15:12:59.149+0530] {processor.py:830} INFO - Processing file /home/kiit/airflow-env/lib/python3.8/site-packages/airflow/example_dags/example_complex.py for tasks to queue
[2024-06-18T15:12:59.151+0530] {logging_mixin.py:188} INFO - [2024-06-18T15:12:59.151+0530] {dagbag.py:545} INFO - Filling up the DagBag from /home/kiit/airflow-env/lib/python3.8/site-packages/airflow/example_dags/example_complex.py
[2024-06-18T15:12:59.159+0530] {processor.py:840} INFO - DAG(s) 'example_complex' retrieved from /home/kiit/airflow-env/lib/python3.8/site-packages/airflow/example_dags/example_complex.py
[2024-06-18T15:12:59.185+0530] {logging_mixin.py:188} INFO - [2024-06-18T15:12:59.185+0530] {dag.py:3096} INFO - Sync 1 DAGs
[2024-06-18T15:12:59.195+0530] {logging_mixin.py:188} INFO - [2024-06-18T15:12:59.195+0530] {dag.py:3954} INFO - Setting next_dagrun for example_complex to None, run_after=None
[2024-06-18T15:12:59.217+0530] {processor.py:183} INFO - Processing /home/kiit/airflow-env/lib/python3.8/site-packages/airflow/example_dags/example_complex.py took 0.076 seconds
[2024-06-18T15:13:29.436+0530] {processor.py:161} INFO - Started process (PID=34502) to work on /home/kiit/airflow-env/lib/python3.8/site-packages/airflow/example_dags/example_complex.py
[2024-06-18T15:13:29.437+0530] {processor.py:830} INFO - Processing file /home/kiit/airflow-env/lib/python3.8/site-packages/airflow/example_dags/example_complex.py for tasks to queue
[2024-06-18T15:13:29.439+0530] {logging_mixin.py:188} INFO - [2024-06-18T15:13:29.439+0530] {dagbag.py:545} INFO - Filling up the DagBag from /home/kiit/airflow-env/lib/python3.8/site-packages/airflow/example_dags/example_complex.py
[2024-06-18T15:13:29.449+0530] {processor.py:840} INFO - DAG(s) 'example_complex' retrieved from /home/kiit/airflow-env/lib/python3.8/site-packages/airflow/example_dags/example_complex.py
[2024-06-18T15:13:29.472+0530] {logging_mixin.py:188} INFO - [2024-06-18T15:13:29.472+0530] {dag.py:3096} INFO - Sync 1 DAGs
[2024-06-18T15:13:29.483+0530] {logging_mixin.py:188} INFO - [2024-06-18T15:13:29.483+0530] {dag.py:3954} INFO - Setting next_dagrun for example_complex to None, run_after=None
[2024-06-18T15:13:29.504+0530] {processor.py:183} INFO - Processing /home/kiit/airflow-env/lib/python3.8/site-packages/airflow/example_dags/example_complex.py took 0.073 seconds
[2024-06-18T15:13:59.709+0530] {processor.py:161} INFO - Started process (PID=34561) to work on /home/kiit/airflow-env/lib/python3.8/site-packages/airflow/example_dags/example_complex.py
[2024-06-18T15:13:59.710+0530] {processor.py:830} INFO - Processing file /home/kiit/airflow-env/lib/python3.8/site-packages/airflow/example_dags/example_complex.py for tasks to queue
[2024-06-18T15:13:59.712+0530] {logging_mixin.py:188} INFO - [2024-06-18T15:13:59.711+0530] {dagbag.py:545} INFO - Filling up the DagBag from /home/kiit/airflow-env/lib/python3.8/site-packages/airflow/example_dags/example_complex.py
[2024-06-18T15:13:59.721+0530] {processor.py:840} INFO - DAG(s) 'example_complex' retrieved from /home/kiit/airflow-env/lib/python3.8/site-packages/airflow/example_dags/example_complex.py
[2024-06-18T15:13:59.741+0530] {logging_mixin.py:188} INFO - [2024-06-18T15:13:59.740+0530] {dag.py:3096} INFO - Sync 1 DAGs
[2024-06-18T15:13:59.750+0530] {logging_mixin.py:188} INFO - [2024-06-18T15:13:59.749+0530] {dag.py:3954} INFO - Setting next_dagrun for example_complex to None, run_after=None
[2024-06-18T15:13:59.769+0530] {processor.py:183} INFO - Processing /home/kiit/airflow-env/lib/python3.8/site-packages/airflow/example_dags/example_complex.py took 0.066 seconds
[2024-06-18T15:14:30.059+0530] {processor.py:161} INFO - Started process (PID=34620) to work on /home/kiit/airflow-env/lib/python3.8/site-packages/airflow/example_dags/example_complex.py
[2024-06-18T15:14:30.060+0530] {processor.py:830} INFO - Processing file /home/kiit/airflow-env/lib/python3.8/site-packages/airflow/example_dags/example_complex.py for tasks to queue
[2024-06-18T15:14:30.061+0530] {logging_mixin.py:188} INFO - [2024-06-18T15:14:30.061+0530] {dagbag.py:545} INFO - Filling up the DagBag from /home/kiit/airflow-env/lib/python3.8/site-packages/airflow/example_dags/example_complex.py
[2024-06-18T15:14:30.067+0530] {processor.py:840} INFO - DAG(s) 'example_complex' retrieved from /home/kiit/airflow-env/lib/python3.8/site-packages/airflow/example_dags/example_complex.py
[2024-06-18T15:14:30.089+0530] {logging_mixin.py:188} INFO - [2024-06-18T15:14:30.089+0530] {dag.py:3096} INFO - Sync 1 DAGs
[2024-06-18T15:14:30.098+0530] {logging_mixin.py:188} INFO - [2024-06-18T15:14:30.098+0530] {dag.py:3954} INFO - Setting next_dagrun for example_complex to None, run_after=None
[2024-06-18T15:14:30.117+0530] {processor.py:183} INFO - Processing /home/kiit/airflow-env/lib/python3.8/site-packages/airflow/example_dags/example_complex.py took 0.064 seconds
[2024-06-18T15:15:00.398+0530] {processor.py:161} INFO - Started process (PID=34679) to work on /home/kiit/airflow-env/lib/python3.8/site-packages/airflow/example_dags/example_complex.py
[2024-06-18T15:15:00.398+0530] {processor.py:830} INFO - Processing file /home/kiit/airflow-env/lib/python3.8/site-packages/airflow/example_dags/example_complex.py for tasks to queue
[2024-06-18T15:15:00.400+0530] {logging_mixin.py:188} INFO - [2024-06-18T15:15:00.399+0530] {dagbag.py:545} INFO - Filling up the DagBag from /home/kiit/airflow-env/lib/python3.8/site-packages/airflow/example_dags/example_complex.py
[2024-06-18T15:15:00.407+0530] {processor.py:840} INFO - DAG(s) 'example_complex' retrieved from /home/kiit/airflow-env/lib/python3.8/site-packages/airflow/example_dags/example_complex.py
[2024-06-18T15:15:00.431+0530] {logging_mixin.py:188} INFO - [2024-06-18T15:15:00.430+0530] {dag.py:3096} INFO - Sync 1 DAGs
[2024-06-18T15:15:00.442+0530] {logging_mixin.py:188} INFO - [2024-06-18T15:15:00.441+0530] {dag.py:3954} INFO - Setting next_dagrun for example_complex to None, run_after=None
[2024-06-18T15:15:00.463+0530] {processor.py:183} INFO - Processing /home/kiit/airflow-env/lib/python3.8/site-packages/airflow/example_dags/example_complex.py took 0.071 seconds
[2024-06-18T15:15:30.644+0530] {processor.py:161} INFO - Started process (PID=34738) to work on /home/kiit/airflow-env/lib/python3.8/site-packages/airflow/example_dags/example_complex.py
[2024-06-18T15:15:30.647+0530] {processor.py:830} INFO - Processing file /home/kiit/airflow-env/lib/python3.8/site-packages/airflow/example_dags/example_complex.py for tasks to queue
[2024-06-18T15:15:30.649+0530] {logging_mixin.py:188} INFO - [2024-06-18T15:15:30.649+0530] {dagbag.py:545} INFO - Filling up the DagBag from /home/kiit/airflow-env/lib/python3.8/site-packages/airflow/example_dags/example_complex.py
[2024-06-18T15:15:30.660+0530] {processor.py:840} INFO - DAG(s) 'example_complex' retrieved from /home/kiit/airflow-env/lib/python3.8/site-packages/airflow/example_dags/example_complex.py
[2024-06-18T15:15:30.686+0530] {logging_mixin.py:188} INFO - [2024-06-18T15:15:30.685+0530] {dag.py:3096} INFO - Sync 1 DAGs
[2024-06-18T15:15:30.693+0530] {logging_mixin.py:188} INFO - [2024-06-18T15:15:30.693+0530] {dag.py:3954} INFO - Setting next_dagrun for example_complex to None, run_after=None
[2024-06-18T15:15:30.715+0530] {processor.py:183} INFO - Processing /home/kiit/airflow-env/lib/python3.8/site-packages/airflow/example_dags/example_complex.py took 0.075 seconds
[2024-06-18T15:16:00.934+0530] {processor.py:161} INFO - Started process (PID=34797) to work on /home/kiit/airflow-env/lib/python3.8/site-packages/airflow/example_dags/example_complex.py
[2024-06-18T15:16:00.935+0530] {processor.py:830} INFO - Processing file /home/kiit/airflow-env/lib/python3.8/site-packages/airflow/example_dags/example_complex.py for tasks to queue
[2024-06-18T15:16:00.936+0530] {logging_mixin.py:188} INFO - [2024-06-18T15:16:00.936+0530] {dagbag.py:545} INFO - Filling up the DagBag from /home/kiit/airflow-env/lib/python3.8/site-packages/airflow/example_dags/example_complex.py
[2024-06-18T15:16:00.946+0530] {processor.py:840} INFO - DAG(s) 'example_complex' retrieved from /home/kiit/airflow-env/lib/python3.8/site-packages/airflow/example_dags/example_complex.py
[2024-06-18T15:16:00.972+0530] {logging_mixin.py:188} INFO - [2024-06-18T15:16:00.972+0530] {dag.py:3096} INFO - Sync 1 DAGs
[2024-06-18T15:16:00.981+0530] {logging_mixin.py:188} INFO - [2024-06-18T15:16:00.981+0530] {dag.py:3954} INFO - Setting next_dagrun for example_complex to None, run_after=None
[2024-06-18T15:16:01.001+0530] {processor.py:183} INFO - Processing /home/kiit/airflow-env/lib/python3.8/site-packages/airflow/example_dags/example_complex.py took 0.073 seconds
[2024-06-18T15:16:31.466+0530] {processor.py:161} INFO - Started process (PID=34880) to work on /home/kiit/airflow-env/lib/python3.8/site-packages/airflow/example_dags/example_complex.py
[2024-06-18T15:16:31.467+0530] {processor.py:830} INFO - Processing file /home/kiit/airflow-env/lib/python3.8/site-packages/airflow/example_dags/example_complex.py for tasks to queue
[2024-06-18T15:16:31.468+0530] {logging_mixin.py:188} INFO - [2024-06-18T15:16:31.468+0530] {dagbag.py:545} INFO - Filling up the DagBag from /home/kiit/airflow-env/lib/python3.8/site-packages/airflow/example_dags/example_complex.py
[2024-06-18T15:16:31.476+0530] {processor.py:840} INFO - DAG(s) 'example_complex' retrieved from /home/kiit/airflow-env/lib/python3.8/site-packages/airflow/example_dags/example_complex.py
[2024-06-18T15:16:31.558+0530] {logging_mixin.py:188} INFO - [2024-06-18T15:16:31.558+0530] {dag.py:3096} INFO - Sync 1 DAGs
[2024-06-18T15:16:31.566+0530] {logging_mixin.py:188} INFO - [2024-06-18T15:16:31.566+0530] {dag.py:3954} INFO - Setting next_dagrun for example_complex to None, run_after=None
[2024-06-18T15:16:31.588+0530] {processor.py:183} INFO - Processing /home/kiit/airflow-env/lib/python3.8/site-packages/airflow/example_dags/example_complex.py took 0.130 seconds
