[2024-06-18T13:06:08.912+0530] {processor.py:161} INFO - Started process (PID=25364) to work on /home/kiit/airflow-env/lib/python3.8/site-packages/airflow/example_dags/example_bash_operator.py
[2024-06-18T13:06:08.913+0530] {processor.py:830} INFO - Processing file /home/kiit/airflow-env/lib/python3.8/site-packages/airflow/example_dags/example_bash_operator.py for tasks to queue
[2024-06-18T13:06:08.915+0530] {logging_mixin.py:188} INFO - [2024-06-18T13:06:08.914+0530] {dagbag.py:545} INFO - Filling up the DagBag from /home/kiit/airflow-env/lib/python3.8/site-packages/airflow/example_dags/example_bash_operator.py
[2024-06-18T13:06:08.940+0530] {processor.py:840} INFO - DAG(s) 'example_bash_operator' retrieved from /home/kiit/airflow-env/lib/python3.8/site-packages/airflow/example_dags/example_bash_operator.py
[2024-06-18T13:06:09.095+0530] {logging_mixin.py:188} INFO - [2024-06-18T13:06:09.095+0530] {dag.py:3096} INFO - Sync 1 DAGs
[2024-06-18T13:06:09.225+0530] {logging_mixin.py:188} INFO - [2024-06-18T13:06:09.225+0530] {dag.py:3954} INFO - Setting next_dagrun for example_bash_operator to 2024-06-17 00:00:00+00:00, run_after=2024-06-18 00:00:00+00:00
[2024-06-18T13:06:09.269+0530] {processor.py:183} INFO - Processing /home/kiit/airflow-env/lib/python3.8/site-packages/airflow/example_dags/example_bash_operator.py took 0.365 seconds
[2024-06-18T13:07:01.890+0530] {processor.py:161} INFO - Started process (PID=25444) to work on /home/kiit/airflow-env/lib/python3.8/site-packages/airflow/example_dags/example_bash_operator.py
[2024-06-18T13:07:01.891+0530] {processor.py:830} INFO - Processing file /home/kiit/airflow-env/lib/python3.8/site-packages/airflow/example_dags/example_bash_operator.py for tasks to queue
[2024-06-18T13:07:01.892+0530] {logging_mixin.py:188} INFO - [2024-06-18T13:07:01.892+0530] {dagbag.py:545} INFO - Filling up the DagBag from /home/kiit/airflow-env/lib/python3.8/site-packages/airflow/example_dags/example_bash_operator.py
[2024-06-18T13:07:01.900+0530] {processor.py:840} INFO - DAG(s) 'example_bash_operator' retrieved from /home/kiit/airflow-env/lib/python3.8/site-packages/airflow/example_dags/example_bash_operator.py
[2024-06-18T13:07:01.915+0530] {logging_mixin.py:188} INFO - [2024-06-18T13:07:01.915+0530] {dag.py:3096} INFO - Sync 1 DAGs
[2024-06-18T13:07:01.929+0530] {logging_mixin.py:188} INFO - [2024-06-18T13:07:01.929+0530] {dag.py:3954} INFO - Setting next_dagrun for example_bash_operator to 2024-06-17 00:00:00+00:00, run_after=2024-06-18 00:00:00+00:00
[2024-06-18T13:07:02.011+0530] {processor.py:183} INFO - Processing /home/kiit/airflow-env/lib/python3.8/site-packages/airflow/example_dags/example_bash_operator.py took 0.125 seconds
[2024-06-18T13:08:03.833+0530] {processor.py:161} INFO - Started process (PID=25502) to work on /home/kiit/airflow-env/lib/python3.8/site-packages/airflow/example_dags/example_bash_operator.py
[2024-06-18T13:08:03.838+0530] {processor.py:830} INFO - Processing file /home/kiit/airflow-env/lib/python3.8/site-packages/airflow/example_dags/example_bash_operator.py for tasks to queue
[2024-06-18T13:08:03.852+0530] {logging_mixin.py:188} INFO - [2024-06-18T13:08:03.850+0530] {dagbag.py:545} INFO - Filling up the DagBag from /home/kiit/airflow-env/lib/python3.8/site-packages/airflow/example_dags/example_bash_operator.py
[2024-06-18T13:08:03.933+0530] {processor.py:840} INFO - DAG(s) 'example_bash_operator' retrieved from /home/kiit/airflow-env/lib/python3.8/site-packages/airflow/example_dags/example_bash_operator.py
[2024-06-18T13:08:04.164+0530] {logging_mixin.py:188} INFO - [2024-06-18T13:08:04.163+0530] {dag.py:3096} INFO - Sync 1 DAGs
[2024-06-18T13:08:04.306+0530] {logging_mixin.py:188} INFO - [2024-06-18T13:08:04.305+0530] {dag.py:3954} INFO - Setting next_dagrun for example_bash_operator to 2024-06-17 00:00:00+00:00, run_after=2024-06-18 00:00:00+00:00
[2024-06-18T13:08:04.392+0530] {processor.py:183} INFO - Processing /home/kiit/airflow-env/lib/python3.8/site-packages/airflow/example_dags/example_bash_operator.py took 0.608 seconds
[2024-06-18T13:08:55.479+0530] {processor.py:161} INFO - Started process (PID=25561) to work on /home/kiit/airflow-env/lib/python3.8/site-packages/airflow/example_dags/example_bash_operator.py
[2024-06-18T13:08:55.485+0530] {processor.py:830} INFO - Processing file /home/kiit/airflow-env/lib/python3.8/site-packages/airflow/example_dags/example_bash_operator.py for tasks to queue
[2024-06-18T13:08:55.487+0530] {logging_mixin.py:188} INFO - [2024-06-18T13:08:55.487+0530] {dagbag.py:545} INFO - Filling up the DagBag from /home/kiit/airflow-env/lib/python3.8/site-packages/airflow/example_dags/example_bash_operator.py
[2024-06-18T13:08:55.498+0530] {processor.py:840} INFO - DAG(s) 'example_bash_operator' retrieved from /home/kiit/airflow-env/lib/python3.8/site-packages/airflow/example_dags/example_bash_operator.py
[2024-06-18T13:08:55.515+0530] {logging_mixin.py:188} INFO - [2024-06-18T13:08:55.515+0530] {dag.py:3096} INFO - Sync 1 DAGs
[2024-06-18T13:08:55.530+0530] {logging_mixin.py:188} INFO - [2024-06-18T13:08:55.530+0530] {dag.py:3954} INFO - Setting next_dagrun for example_bash_operator to 2024-06-17 00:00:00+00:00, run_after=2024-06-18 00:00:00+00:00
[2024-06-18T13:08:55.550+0530] {processor.py:183} INFO - Processing /home/kiit/airflow-env/lib/python3.8/site-packages/airflow/example_dags/example_bash_operator.py took 0.078 seconds
[2024-06-18T13:09:46.055+0530] {processor.py:161} INFO - Started process (PID=25631) to work on /home/kiit/airflow-env/lib/python3.8/site-packages/airflow/example_dags/example_bash_operator.py
[2024-06-18T13:09:46.062+0530] {processor.py:830} INFO - Processing file /home/kiit/airflow-env/lib/python3.8/site-packages/airflow/example_dags/example_bash_operator.py for tasks to queue
[2024-06-18T13:09:46.064+0530] {logging_mixin.py:188} INFO - [2024-06-18T13:09:46.063+0530] {dagbag.py:545} INFO - Filling up the DagBag from /home/kiit/airflow-env/lib/python3.8/site-packages/airflow/example_dags/example_bash_operator.py
[2024-06-18T13:09:46.073+0530] {processor.py:840} INFO - DAG(s) 'example_bash_operator' retrieved from /home/kiit/airflow-env/lib/python3.8/site-packages/airflow/example_dags/example_bash_operator.py
[2024-06-18T13:09:46.089+0530] {logging_mixin.py:188} INFO - [2024-06-18T13:09:46.089+0530] {dag.py:3096} INFO - Sync 1 DAGs
[2024-06-18T13:09:46.103+0530] {logging_mixin.py:188} INFO - [2024-06-18T13:09:46.102+0530] {dag.py:3954} INFO - Setting next_dagrun for example_bash_operator to 2024-06-17 00:00:00+00:00, run_after=2024-06-18 00:00:00+00:00
[2024-06-18T13:09:46.120+0530] {processor.py:183} INFO - Processing /home/kiit/airflow-env/lib/python3.8/site-packages/airflow/example_dags/example_bash_operator.py took 0.069 seconds
[2024-06-18T13:10:56.623+0530] {processor.py:161} INFO - Started process (PID=25704) to work on /home/kiit/airflow-env/lib/python3.8/site-packages/airflow/example_dags/example_bash_operator.py
[2024-06-18T13:10:56.625+0530] {processor.py:830} INFO - Processing file /home/kiit/airflow-env/lib/python3.8/site-packages/airflow/example_dags/example_bash_operator.py for tasks to queue
[2024-06-18T13:10:56.628+0530] {logging_mixin.py:188} INFO - [2024-06-18T13:10:56.627+0530] {dagbag.py:545} INFO - Filling up the DagBag from /home/kiit/airflow-env/lib/python3.8/site-packages/airflow/example_dags/example_bash_operator.py
[2024-06-18T13:10:56.648+0530] {processor.py:840} INFO - DAG(s) 'example_bash_operator' retrieved from /home/kiit/airflow-env/lib/python3.8/site-packages/airflow/example_dags/example_bash_operator.py
[2024-06-18T13:10:56.685+0530] {logging_mixin.py:188} INFO - [2024-06-18T13:10:56.685+0530] {dag.py:3096} INFO - Sync 1 DAGs
[2024-06-18T13:10:56.717+0530] {logging_mixin.py:188} INFO - [2024-06-18T13:10:56.717+0530] {dag.py:3954} INFO - Setting next_dagrun for example_bash_operator to 2024-06-17 00:00:00+00:00, run_after=2024-06-18 00:00:00+00:00
[2024-06-18T13:10:56.748+0530] {processor.py:183} INFO - Processing /home/kiit/airflow-env/lib/python3.8/site-packages/airflow/example_dags/example_bash_operator.py took 0.133 seconds
[2024-06-18T13:12:01.380+0530] {processor.py:161} INFO - Started process (PID=25783) to work on /home/kiit/airflow-env/lib/python3.8/site-packages/airflow/example_dags/example_bash_operator.py
[2024-06-18T13:12:01.382+0530] {processor.py:830} INFO - Processing file /home/kiit/airflow-env/lib/python3.8/site-packages/airflow/example_dags/example_bash_operator.py for tasks to queue
[2024-06-18T13:12:01.383+0530] {logging_mixin.py:188} INFO - [2024-06-18T13:12:01.383+0530] {dagbag.py:545} INFO - Filling up the DagBag from /home/kiit/airflow-env/lib/python3.8/site-packages/airflow/example_dags/example_bash_operator.py
[2024-06-18T13:12:01.392+0530] {processor.py:840} INFO - DAG(s) 'example_bash_operator' retrieved from /home/kiit/airflow-env/lib/python3.8/site-packages/airflow/example_dags/example_bash_operator.py
[2024-06-18T13:12:01.410+0530] {logging_mixin.py:188} INFO - [2024-06-18T13:12:01.410+0530] {dag.py:3096} INFO - Sync 1 DAGs
[2024-06-18T13:12:01.426+0530] {logging_mixin.py:188} INFO - [2024-06-18T13:12:01.425+0530] {dag.py:3954} INFO - Setting next_dagrun for example_bash_operator to 2024-06-17 00:00:00+00:00, run_after=2024-06-18 00:00:00+00:00
[2024-06-18T13:12:01.446+0530] {processor.py:183} INFO - Processing /home/kiit/airflow-env/lib/python3.8/site-packages/airflow/example_dags/example_bash_operator.py took 0.071 seconds
[2024-06-18T13:13:00.914+0530] {processor.py:161} INFO - Started process (PID=25852) to work on /home/kiit/airflow-env/lib/python3.8/site-packages/airflow/example_dags/example_bash_operator.py
[2024-06-18T13:13:00.915+0530] {processor.py:830} INFO - Processing file /home/kiit/airflow-env/lib/python3.8/site-packages/airflow/example_dags/example_bash_operator.py for tasks to queue
[2024-06-18T13:13:00.917+0530] {logging_mixin.py:188} INFO - [2024-06-18T13:13:00.916+0530] {dagbag.py:545} INFO - Filling up the DagBag from /home/kiit/airflow-env/lib/python3.8/site-packages/airflow/example_dags/example_bash_operator.py
[2024-06-18T13:13:00.926+0530] {processor.py:840} INFO - DAG(s) 'example_bash_operator' retrieved from /home/kiit/airflow-env/lib/python3.8/site-packages/airflow/example_dags/example_bash_operator.py
[2024-06-18T13:13:00.942+0530] {logging_mixin.py:188} INFO - [2024-06-18T13:13:00.942+0530] {dag.py:3096} INFO - Sync 1 DAGs
[2024-06-18T13:13:00.956+0530] {logging_mixin.py:188} INFO - [2024-06-18T13:13:00.955+0530] {dag.py:3954} INFO - Setting next_dagrun for example_bash_operator to 2024-06-17 00:00:00+00:00, run_after=2024-06-18 00:00:00+00:00
[2024-06-18T13:13:00.976+0530] {processor.py:183} INFO - Processing /home/kiit/airflow-env/lib/python3.8/site-packages/airflow/example_dags/example_bash_operator.py took 0.067 seconds
[2024-06-18T13:13:57.851+0530] {processor.py:161} INFO - Started process (PID=25926) to work on /home/kiit/airflow-env/lib/python3.8/site-packages/airflow/example_dags/example_bash_operator.py
[2024-06-18T13:13:57.852+0530] {processor.py:830} INFO - Processing file /home/kiit/airflow-env/lib/python3.8/site-packages/airflow/example_dags/example_bash_operator.py for tasks to queue
[2024-06-18T13:13:57.853+0530] {logging_mixin.py:188} INFO - [2024-06-18T13:13:57.853+0530] {dagbag.py:545} INFO - Filling up the DagBag from /home/kiit/airflow-env/lib/python3.8/site-packages/airflow/example_dags/example_bash_operator.py
[2024-06-18T13:13:57.861+0530] {processor.py:840} INFO - DAG(s) 'example_bash_operator' retrieved from /home/kiit/airflow-env/lib/python3.8/site-packages/airflow/example_dags/example_bash_operator.py
[2024-06-18T13:13:57.878+0530] {logging_mixin.py:188} INFO - [2024-06-18T13:13:57.878+0530] {dag.py:3096} INFO - Sync 1 DAGs
[2024-06-18T13:13:57.892+0530] {logging_mixin.py:188} INFO - [2024-06-18T13:13:57.892+0530] {dag.py:3954} INFO - Setting next_dagrun for example_bash_operator to 2024-06-17 00:00:00+00:00, run_after=2024-06-18 00:00:00+00:00
[2024-06-18T13:13:57.912+0530] {processor.py:183} INFO - Processing /home/kiit/airflow-env/lib/python3.8/site-packages/airflow/example_dags/example_bash_operator.py took 0.065 seconds
[2024-06-18T13:14:56.647+0530] {processor.py:161} INFO - Started process (PID=25993) to work on /home/kiit/airflow-env/lib/python3.8/site-packages/airflow/example_dags/example_bash_operator.py
[2024-06-18T13:14:56.649+0530] {processor.py:830} INFO - Processing file /home/kiit/airflow-env/lib/python3.8/site-packages/airflow/example_dags/example_bash_operator.py for tasks to queue
[2024-06-18T13:14:56.651+0530] {logging_mixin.py:188} INFO - [2024-06-18T13:14:56.650+0530] {dagbag.py:545} INFO - Filling up the DagBag from /home/kiit/airflow-env/lib/python3.8/site-packages/airflow/example_dags/example_bash_operator.py
[2024-06-18T13:14:56.665+0530] {processor.py:840} INFO - DAG(s) 'example_bash_operator' retrieved from /home/kiit/airflow-env/lib/python3.8/site-packages/airflow/example_dags/example_bash_operator.py
[2024-06-18T13:14:56.688+0530] {logging_mixin.py:188} INFO - [2024-06-18T13:14:56.688+0530] {dag.py:3096} INFO - Sync 1 DAGs
[2024-06-18T13:14:56.713+0530] {logging_mixin.py:188} INFO - [2024-06-18T13:14:56.713+0530] {dag.py:3954} INFO - Setting next_dagrun for example_bash_operator to 2024-06-17 00:00:00+00:00, run_after=2024-06-18 00:00:00+00:00
[2024-06-18T13:14:56.742+0530] {processor.py:183} INFO - Processing /home/kiit/airflow-env/lib/python3.8/site-packages/airflow/example_dags/example_bash_operator.py took 0.102 seconds
[2024-06-18T13:15:59.428+0530] {processor.py:161} INFO - Started process (PID=26071) to work on /home/kiit/airflow-env/lib/python3.8/site-packages/airflow/example_dags/example_bash_operator.py
[2024-06-18T13:15:59.430+0530] {processor.py:830} INFO - Processing file /home/kiit/airflow-env/lib/python3.8/site-packages/airflow/example_dags/example_bash_operator.py for tasks to queue
[2024-06-18T13:15:59.431+0530] {logging_mixin.py:188} INFO - [2024-06-18T13:15:59.430+0530] {dagbag.py:545} INFO - Filling up the DagBag from /home/kiit/airflow-env/lib/python3.8/site-packages/airflow/example_dags/example_bash_operator.py
[2024-06-18T13:15:59.440+0530] {processor.py:840} INFO - DAG(s) 'example_bash_operator' retrieved from /home/kiit/airflow-env/lib/python3.8/site-packages/airflow/example_dags/example_bash_operator.py
[2024-06-18T13:15:59.456+0530] {logging_mixin.py:188} INFO - [2024-06-18T13:15:59.455+0530] {dag.py:3096} INFO - Sync 1 DAGs
[2024-06-18T13:15:59.469+0530] {logging_mixin.py:188} INFO - [2024-06-18T13:15:59.468+0530] {dag.py:3954} INFO - Setting next_dagrun for example_bash_operator to 2024-06-17 00:00:00+00:00, run_after=2024-06-18 00:00:00+00:00
[2024-06-18T13:15:59.488+0530] {processor.py:183} INFO - Processing /home/kiit/airflow-env/lib/python3.8/site-packages/airflow/example_dags/example_bash_operator.py took 0.064 seconds
[2024-06-18T13:16:56.252+0530] {processor.py:161} INFO - Started process (PID=26137) to work on /home/kiit/airflow-env/lib/python3.8/site-packages/airflow/example_dags/example_bash_operator.py
[2024-06-18T13:16:56.253+0530] {processor.py:830} INFO - Processing file /home/kiit/airflow-env/lib/python3.8/site-packages/airflow/example_dags/example_bash_operator.py for tasks to queue
[2024-06-18T13:16:56.254+0530] {logging_mixin.py:188} INFO - [2024-06-18T13:16:56.254+0530] {dagbag.py:545} INFO - Filling up the DagBag from /home/kiit/airflow-env/lib/python3.8/site-packages/airflow/example_dags/example_bash_operator.py
[2024-06-18T13:16:56.265+0530] {processor.py:840} INFO - DAG(s) 'example_bash_operator' retrieved from /home/kiit/airflow-env/lib/python3.8/site-packages/airflow/example_dags/example_bash_operator.py
[2024-06-18T13:16:56.290+0530] {logging_mixin.py:188} INFO - [2024-06-18T13:16:56.289+0530] {dag.py:3096} INFO - Sync 1 DAGs
[2024-06-18T13:16:56.304+0530] {logging_mixin.py:188} INFO - [2024-06-18T13:16:56.304+0530] {dag.py:3954} INFO - Setting next_dagrun for example_bash_operator to 2024-06-17 00:00:00+00:00, run_after=2024-06-18 00:00:00+00:00
[2024-06-18T13:16:56.324+0530] {processor.py:183} INFO - Processing /home/kiit/airflow-env/lib/python3.8/site-packages/airflow/example_dags/example_bash_operator.py took 0.077 seconds
[2024-06-18T13:17:56.971+0530] {processor.py:161} INFO - Started process (PID=26213) to work on /home/kiit/airflow-env/lib/python3.8/site-packages/airflow/example_dags/example_bash_operator.py
[2024-06-18T13:17:56.972+0530] {processor.py:830} INFO - Processing file /home/kiit/airflow-env/lib/python3.8/site-packages/airflow/example_dags/example_bash_operator.py for tasks to queue
[2024-06-18T13:17:56.974+0530] {logging_mixin.py:188} INFO - [2024-06-18T13:17:56.973+0530] {dagbag.py:545} INFO - Filling up the DagBag from /home/kiit/airflow-env/lib/python3.8/site-packages/airflow/example_dags/example_bash_operator.py
[2024-06-18T13:17:56.984+0530] {processor.py:840} INFO - DAG(s) 'example_bash_operator' retrieved from /home/kiit/airflow-env/lib/python3.8/site-packages/airflow/example_dags/example_bash_operator.py
[2024-06-18T13:17:57.003+0530] {logging_mixin.py:188} INFO - [2024-06-18T13:17:57.002+0530] {dag.py:3096} INFO - Sync 1 DAGs
[2024-06-18T13:17:57.020+0530] {logging_mixin.py:188} INFO - [2024-06-18T13:17:57.019+0530] {dag.py:3954} INFO - Setting next_dagrun for example_bash_operator to 2024-06-17 00:00:00+00:00, run_after=2024-06-18 00:00:00+00:00
[2024-06-18T13:17:57.040+0530] {processor.py:183} INFO - Processing /home/kiit/airflow-env/lib/python3.8/site-packages/airflow/example_dags/example_bash_operator.py took 0.076 seconds
[2024-06-18T13:19:02.928+0530] {processor.py:161} INFO - Started process (PID=26286) to work on /home/kiit/airflow-env/lib/python3.8/site-packages/airflow/example_dags/example_bash_operator.py
[2024-06-18T13:19:02.930+0530] {processor.py:830} INFO - Processing file /home/kiit/airflow-env/lib/python3.8/site-packages/airflow/example_dags/example_bash_operator.py for tasks to queue
[2024-06-18T13:19:02.932+0530] {logging_mixin.py:188} INFO - [2024-06-18T13:19:02.932+0530] {dagbag.py:545} INFO - Filling up the DagBag from /home/kiit/airflow-env/lib/python3.8/site-packages/airflow/example_dags/example_bash_operator.py
[2024-06-18T13:19:02.944+0530] {processor.py:840} INFO - DAG(s) 'example_bash_operator' retrieved from /home/kiit/airflow-env/lib/python3.8/site-packages/airflow/example_dags/example_bash_operator.py
[2024-06-18T13:19:02.967+0530] {logging_mixin.py:188} INFO - [2024-06-18T13:19:02.967+0530] {dag.py:3096} INFO - Sync 1 DAGs
[2024-06-18T13:19:02.987+0530] {logging_mixin.py:188} INFO - [2024-06-18T13:19:02.987+0530] {dag.py:3954} INFO - Setting next_dagrun for example_bash_operator to 2024-06-17 00:00:00+00:00, run_after=2024-06-18 00:00:00+00:00
[2024-06-18T13:19:03.012+0530] {processor.py:183} INFO - Processing /home/kiit/airflow-env/lib/python3.8/site-packages/airflow/example_dags/example_bash_operator.py took 0.093 seconds
[2024-06-18T13:20:01.211+0530] {processor.py:161} INFO - Started process (PID=26361) to work on /home/kiit/airflow-env/lib/python3.8/site-packages/airflow/example_dags/example_bash_operator.py
[2024-06-18T13:20:01.218+0530] {processor.py:830} INFO - Processing file /home/kiit/airflow-env/lib/python3.8/site-packages/airflow/example_dags/example_bash_operator.py for tasks to queue
[2024-06-18T13:20:01.220+0530] {logging_mixin.py:188} INFO - [2024-06-18T13:20:01.219+0530] {dagbag.py:545} INFO - Filling up the DagBag from /home/kiit/airflow-env/lib/python3.8/site-packages/airflow/example_dags/example_bash_operator.py
[2024-06-18T13:20:01.229+0530] {processor.py:840} INFO - DAG(s) 'example_bash_operator' retrieved from /home/kiit/airflow-env/lib/python3.8/site-packages/airflow/example_dags/example_bash_operator.py
[2024-06-18T13:20:01.251+0530] {logging_mixin.py:188} INFO - [2024-06-18T13:20:01.251+0530] {dag.py:3096} INFO - Sync 1 DAGs
[2024-06-18T13:20:01.266+0530] {logging_mixin.py:188} INFO - [2024-06-18T13:20:01.266+0530] {dag.py:3954} INFO - Setting next_dagrun for example_bash_operator to 2024-06-17 00:00:00+00:00, run_after=2024-06-18 00:00:00+00:00
[2024-06-18T13:20:01.286+0530] {processor.py:183} INFO - Processing /home/kiit/airflow-env/lib/python3.8/site-packages/airflow/example_dags/example_bash_operator.py took 0.080 seconds
[2024-06-18T13:20:57.601+0530] {processor.py:161} INFO - Started process (PID=26427) to work on /home/kiit/airflow-env/lib/python3.8/site-packages/airflow/example_dags/example_bash_operator.py
[2024-06-18T13:20:57.602+0530] {processor.py:830} INFO - Processing file /home/kiit/airflow-env/lib/python3.8/site-packages/airflow/example_dags/example_bash_operator.py for tasks to queue
[2024-06-18T13:20:57.603+0530] {logging_mixin.py:188} INFO - [2024-06-18T13:20:57.603+0530] {dagbag.py:545} INFO - Filling up the DagBag from /home/kiit/airflow-env/lib/python3.8/site-packages/airflow/example_dags/example_bash_operator.py
[2024-06-18T13:20:57.612+0530] {processor.py:840} INFO - DAG(s) 'example_bash_operator' retrieved from /home/kiit/airflow-env/lib/python3.8/site-packages/airflow/example_dags/example_bash_operator.py
[2024-06-18T13:20:57.634+0530] {logging_mixin.py:188} INFO - [2024-06-18T13:20:57.634+0530] {dag.py:3096} INFO - Sync 1 DAGs
[2024-06-18T13:20:57.651+0530] {logging_mixin.py:188} INFO - [2024-06-18T13:20:57.651+0530] {dag.py:3954} INFO - Setting next_dagrun for example_bash_operator to 2024-06-17 00:00:00+00:00, run_after=2024-06-18 00:00:00+00:00
[2024-06-18T13:20:57.670+0530] {processor.py:183} INFO - Processing /home/kiit/airflow-env/lib/python3.8/site-packages/airflow/example_dags/example_bash_operator.py took 0.074 seconds
[2024-06-18T13:21:54.169+0530] {processor.py:161} INFO - Started process (PID=26500) to work on /home/kiit/airflow-env/lib/python3.8/site-packages/airflow/example_dags/example_bash_operator.py
[2024-06-18T13:21:54.170+0530] {processor.py:830} INFO - Processing file /home/kiit/airflow-env/lib/python3.8/site-packages/airflow/example_dags/example_bash_operator.py for tasks to queue
[2024-06-18T13:21:54.171+0530] {logging_mixin.py:188} INFO - [2024-06-18T13:21:54.171+0530] {dagbag.py:545} INFO - Filling up the DagBag from /home/kiit/airflow-env/lib/python3.8/site-packages/airflow/example_dags/example_bash_operator.py
[2024-06-18T13:21:54.181+0530] {processor.py:840} INFO - DAG(s) 'example_bash_operator' retrieved from /home/kiit/airflow-env/lib/python3.8/site-packages/airflow/example_dags/example_bash_operator.py
[2024-06-18T13:21:54.202+0530] {logging_mixin.py:188} INFO - [2024-06-18T13:21:54.202+0530] {dag.py:3096} INFO - Sync 1 DAGs
[2024-06-18T13:21:54.217+0530] {logging_mixin.py:188} INFO - [2024-06-18T13:21:54.217+0530] {dag.py:3954} INFO - Setting next_dagrun for example_bash_operator to 2024-06-17 00:00:00+00:00, run_after=2024-06-18 00:00:00+00:00
[2024-06-18T13:21:54.236+0530] {processor.py:183} INFO - Processing /home/kiit/airflow-env/lib/python3.8/site-packages/airflow/example_dags/example_bash_operator.py took 0.073 seconds
[2024-06-18T13:22:51.915+0530] {processor.py:161} INFO - Started process (PID=26567) to work on /home/kiit/airflow-env/lib/python3.8/site-packages/airflow/example_dags/example_bash_operator.py
[2024-06-18T13:22:51.917+0530] {processor.py:830} INFO - Processing file /home/kiit/airflow-env/lib/python3.8/site-packages/airflow/example_dags/example_bash_operator.py for tasks to queue
[2024-06-18T13:22:51.918+0530] {logging_mixin.py:188} INFO - [2024-06-18T13:22:51.918+0530] {dagbag.py:545} INFO - Filling up the DagBag from /home/kiit/airflow-env/lib/python3.8/site-packages/airflow/example_dags/example_bash_operator.py
[2024-06-18T13:22:51.926+0530] {processor.py:840} INFO - DAG(s) 'example_bash_operator' retrieved from /home/kiit/airflow-env/lib/python3.8/site-packages/airflow/example_dags/example_bash_operator.py
[2024-06-18T13:22:51.943+0530] {logging_mixin.py:188} INFO - [2024-06-18T13:22:51.943+0530] {dag.py:3096} INFO - Sync 1 DAGs
[2024-06-18T13:22:51.956+0530] {logging_mixin.py:188} INFO - [2024-06-18T13:22:51.956+0530] {dag.py:3954} INFO - Setting next_dagrun for example_bash_operator to 2024-06-17 00:00:00+00:00, run_after=2024-06-18 00:00:00+00:00
[2024-06-18T13:22:51.974+0530] {processor.py:183} INFO - Processing /home/kiit/airflow-env/lib/python3.8/site-packages/airflow/example_dags/example_bash_operator.py took 0.062 seconds
[2024-06-18T13:23:48.802+0530] {processor.py:161} INFO - Started process (PID=26640) to work on /home/kiit/airflow-env/lib/python3.8/site-packages/airflow/example_dags/example_bash_operator.py
[2024-06-18T13:23:48.803+0530] {processor.py:830} INFO - Processing file /home/kiit/airflow-env/lib/python3.8/site-packages/airflow/example_dags/example_bash_operator.py for tasks to queue
[2024-06-18T13:23:48.804+0530] {logging_mixin.py:188} INFO - [2024-06-18T13:23:48.804+0530] {dagbag.py:545} INFO - Filling up the DagBag from /home/kiit/airflow-env/lib/python3.8/site-packages/airflow/example_dags/example_bash_operator.py
[2024-06-18T13:23:48.813+0530] {processor.py:840} INFO - DAG(s) 'example_bash_operator' retrieved from /home/kiit/airflow-env/lib/python3.8/site-packages/airflow/example_dags/example_bash_operator.py
[2024-06-18T13:23:48.834+0530] {logging_mixin.py:188} INFO - [2024-06-18T13:23:48.834+0530] {dag.py:3096} INFO - Sync 1 DAGs
[2024-06-18T13:23:48.849+0530] {logging_mixin.py:188} INFO - [2024-06-18T13:23:48.849+0530] {dag.py:3954} INFO - Setting next_dagrun for example_bash_operator to 2024-06-17 00:00:00+00:00, run_after=2024-06-18 00:00:00+00:00
[2024-06-18T13:23:48.868+0530] {processor.py:183} INFO - Processing /home/kiit/airflow-env/lib/python3.8/site-packages/airflow/example_dags/example_bash_operator.py took 0.071 seconds
[2024-06-18T13:24:48.465+0530] {processor.py:161} INFO - Started process (PID=26709) to work on /home/kiit/airflow-env/lib/python3.8/site-packages/airflow/example_dags/example_bash_operator.py
[2024-06-18T13:24:48.466+0530] {processor.py:830} INFO - Processing file /home/kiit/airflow-env/lib/python3.8/site-packages/airflow/example_dags/example_bash_operator.py for tasks to queue
[2024-06-18T13:24:48.467+0530] {logging_mixin.py:188} INFO - [2024-06-18T13:24:48.467+0530] {dagbag.py:545} INFO - Filling up the DagBag from /home/kiit/airflow-env/lib/python3.8/site-packages/airflow/example_dags/example_bash_operator.py
[2024-06-18T13:24:48.476+0530] {processor.py:840} INFO - DAG(s) 'example_bash_operator' retrieved from /home/kiit/airflow-env/lib/python3.8/site-packages/airflow/example_dags/example_bash_operator.py
[2024-06-18T13:24:48.496+0530] {logging_mixin.py:188} INFO - [2024-06-18T13:24:48.496+0530] {dag.py:3096} INFO - Sync 1 DAGs
[2024-06-18T13:24:48.511+0530] {logging_mixin.py:188} INFO - [2024-06-18T13:24:48.511+0530] {dag.py:3954} INFO - Setting next_dagrun for example_bash_operator to 2024-06-17 00:00:00+00:00, run_after=2024-06-18 00:00:00+00:00
[2024-06-18T13:24:48.532+0530] {processor.py:183} INFO - Processing /home/kiit/airflow-env/lib/python3.8/site-packages/airflow/example_dags/example_bash_operator.py took 0.071 seconds
[2024-06-18T13:25:42.666+0530] {processor.py:161} INFO - Started process (PID=26785) to work on /home/kiit/airflow-env/lib/python3.8/site-packages/airflow/example_dags/example_bash_operator.py
[2024-06-18T13:25:42.668+0530] {processor.py:830} INFO - Processing file /home/kiit/airflow-env/lib/python3.8/site-packages/airflow/example_dags/example_bash_operator.py for tasks to queue
[2024-06-18T13:25:42.669+0530] {logging_mixin.py:188} INFO - [2024-06-18T13:25:42.669+0530] {dagbag.py:545} INFO - Filling up the DagBag from /home/kiit/airflow-env/lib/python3.8/site-packages/airflow/example_dags/example_bash_operator.py
[2024-06-18T13:25:42.678+0530] {processor.py:840} INFO - DAG(s) 'example_bash_operator' retrieved from /home/kiit/airflow-env/lib/python3.8/site-packages/airflow/example_dags/example_bash_operator.py
[2024-06-18T13:25:42.694+0530] {logging_mixin.py:188} INFO - [2024-06-18T13:25:42.694+0530] {dag.py:3096} INFO - Sync 1 DAGs
[2024-06-18T13:25:42.710+0530] {logging_mixin.py:188} INFO - [2024-06-18T13:25:42.709+0530] {dag.py:3954} INFO - Setting next_dagrun for example_bash_operator to 2024-06-17 00:00:00+00:00, run_after=2024-06-18 00:00:00+00:00
[2024-06-18T13:25:42.730+0530] {processor.py:183} INFO - Processing /home/kiit/airflow-env/lib/python3.8/site-packages/airflow/example_dags/example_bash_operator.py took 0.069 seconds
[2024-06-18T13:26:46.268+0530] {processor.py:161} INFO - Started process (PID=26854) to work on /home/kiit/airflow-env/lib/python3.8/site-packages/airflow/example_dags/example_bash_operator.py
[2024-06-18T13:26:46.272+0530] {processor.py:830} INFO - Processing file /home/kiit/airflow-env/lib/python3.8/site-packages/airflow/example_dags/example_bash_operator.py for tasks to queue
[2024-06-18T13:26:46.276+0530] {logging_mixin.py:188} INFO - [2024-06-18T13:26:46.276+0530] {dagbag.py:545} INFO - Filling up the DagBag from /home/kiit/airflow-env/lib/python3.8/site-packages/airflow/example_dags/example_bash_operator.py
[2024-06-18T13:26:46.313+0530] {processor.py:840} INFO - DAG(s) 'example_bash_operator' retrieved from /home/kiit/airflow-env/lib/python3.8/site-packages/airflow/example_dags/example_bash_operator.py
[2024-06-18T13:26:46.399+0530] {logging_mixin.py:188} INFO - [2024-06-18T13:26:46.397+0530] {dag.py:3096} INFO - Sync 1 DAGs
[2024-06-18T13:26:46.463+0530] {logging_mixin.py:188} INFO - [2024-06-18T13:26:46.463+0530] {dag.py:3954} INFO - Setting next_dagrun for example_bash_operator to 2024-06-17 00:00:00+00:00, run_after=2024-06-18 00:00:00+00:00
[2024-06-18T13:26:46.532+0530] {processor.py:183} INFO - Processing /home/kiit/airflow-env/lib/python3.8/site-packages/airflow/example_dags/example_bash_operator.py took 0.287 seconds
[2024-06-18T13:27:36.529+0530] {processor.py:161} INFO - Started process (PID=26908) to work on /home/kiit/airflow-env/lib/python3.8/site-packages/airflow/example_dags/example_bash_operator.py
[2024-06-18T13:27:36.532+0530] {processor.py:830} INFO - Processing file /home/kiit/airflow-env/lib/python3.8/site-packages/airflow/example_dags/example_bash_operator.py for tasks to queue
[2024-06-18T13:27:36.534+0530] {logging_mixin.py:188} INFO - [2024-06-18T13:27:36.533+0530] {dagbag.py:545} INFO - Filling up the DagBag from /home/kiit/airflow-env/lib/python3.8/site-packages/airflow/example_dags/example_bash_operator.py
[2024-06-18T13:27:36.547+0530] {processor.py:840} INFO - DAG(s) 'example_bash_operator' retrieved from /home/kiit/airflow-env/lib/python3.8/site-packages/airflow/example_dags/example_bash_operator.py
[2024-06-18T13:27:36.575+0530] {logging_mixin.py:188} INFO - [2024-06-18T13:27:36.575+0530] {dag.py:3096} INFO - Sync 1 DAGs
[2024-06-18T13:27:36.599+0530] {logging_mixin.py:188} INFO - [2024-06-18T13:27:36.598+0530] {dag.py:3954} INFO - Setting next_dagrun for example_bash_operator to 2024-06-17 00:00:00+00:00, run_after=2024-06-18 00:00:00+00:00
[2024-06-18T13:27:36.626+0530] {processor.py:183} INFO - Processing /home/kiit/airflow-env/lib/python3.8/site-packages/airflow/example_dags/example_bash_operator.py took 0.104 seconds
[2024-06-18T13:28:40.770+0530] {processor.py:161} INFO - Started process (PID=26959) to work on /home/kiit/airflow-env/lib/python3.8/site-packages/airflow/example_dags/example_bash_operator.py
[2024-06-18T13:28:40.774+0530] {processor.py:830} INFO - Processing file /home/kiit/airflow-env/lib/python3.8/site-packages/airflow/example_dags/example_bash_operator.py for tasks to queue
[2024-06-18T13:28:40.790+0530] {logging_mixin.py:188} INFO - [2024-06-18T13:28:40.789+0530] {dagbag.py:545} INFO - Filling up the DagBag from /home/kiit/airflow-env/lib/python3.8/site-packages/airflow/example_dags/example_bash_operator.py
[2024-06-18T13:28:40.867+0530] {processor.py:840} INFO - DAG(s) 'example_bash_operator' retrieved from /home/kiit/airflow-env/lib/python3.8/site-packages/airflow/example_dags/example_bash_operator.py
[2024-06-18T13:28:40.983+0530] {logging_mixin.py:188} INFO - [2024-06-18T13:28:40.982+0530] {dag.py:3096} INFO - Sync 1 DAGs
[2024-06-18T13:28:41.083+0530] {logging_mixin.py:188} INFO - [2024-06-18T13:28:41.082+0530] {dag.py:3954} INFO - Setting next_dagrun for example_bash_operator to 2024-06-17 00:00:00+00:00, run_after=2024-06-18 00:00:00+00:00
[2024-06-18T13:28:41.213+0530] {processor.py:183} INFO - Processing /home/kiit/airflow-env/lib/python3.8/site-packages/airflow/example_dags/example_bash_operator.py took 0.495 seconds
[2024-06-18T13:29:49.475+0530] {processor.py:161} INFO - Started process (PID=27037) to work on /home/kiit/airflow-env/lib/python3.8/site-packages/airflow/example_dags/example_bash_operator.py
[2024-06-18T13:29:49.476+0530] {processor.py:830} INFO - Processing file /home/kiit/airflow-env/lib/python3.8/site-packages/airflow/example_dags/example_bash_operator.py for tasks to queue
[2024-06-18T13:29:49.479+0530] {logging_mixin.py:188} INFO - [2024-06-18T13:29:49.479+0530] {dagbag.py:545} INFO - Filling up the DagBag from /home/kiit/airflow-env/lib/python3.8/site-packages/airflow/example_dags/example_bash_operator.py
[2024-06-18T13:29:49.500+0530] {processor.py:840} INFO - DAG(s) 'example_bash_operator' retrieved from /home/kiit/airflow-env/lib/python3.8/site-packages/airflow/example_dags/example_bash_operator.py
[2024-06-18T13:29:49.541+0530] {logging_mixin.py:188} INFO - [2024-06-18T13:29:49.541+0530] {dag.py:3096} INFO - Sync 1 DAGs
[2024-06-18T13:29:49.575+0530] {logging_mixin.py:188} INFO - [2024-06-18T13:29:49.575+0530] {dag.py:3954} INFO - Setting next_dagrun for example_bash_operator to 2024-06-17 00:00:00+00:00, run_after=2024-06-18 00:00:00+00:00
[2024-06-18T13:29:49.609+0530] {processor.py:183} INFO - Processing /home/kiit/airflow-env/lib/python3.8/site-packages/airflow/example_dags/example_bash_operator.py took 0.144 seconds
[2024-06-18T13:30:40.973+0530] {processor.py:161} INFO - Started process (PID=27110) to work on /home/kiit/airflow-env/lib/python3.8/site-packages/airflow/example_dags/example_bash_operator.py
[2024-06-18T13:30:40.974+0530] {processor.py:830} INFO - Processing file /home/kiit/airflow-env/lib/python3.8/site-packages/airflow/example_dags/example_bash_operator.py for tasks to queue
[2024-06-18T13:30:40.976+0530] {logging_mixin.py:188} INFO - [2024-06-18T13:30:40.975+0530] {dagbag.py:545} INFO - Filling up the DagBag from /home/kiit/airflow-env/lib/python3.8/site-packages/airflow/example_dags/example_bash_operator.py
[2024-06-18T13:30:40.987+0530] {processor.py:840} INFO - DAG(s) 'example_bash_operator' retrieved from /home/kiit/airflow-env/lib/python3.8/site-packages/airflow/example_dags/example_bash_operator.py
[2024-06-18T13:30:41.010+0530] {logging_mixin.py:188} INFO - [2024-06-18T13:30:41.009+0530] {dag.py:3096} INFO - Sync 1 DAGs
[2024-06-18T13:30:41.027+0530] {logging_mixin.py:188} INFO - [2024-06-18T13:30:41.027+0530] {dag.py:3954} INFO - Setting next_dagrun for example_bash_operator to 2024-06-17 00:00:00+00:00, run_after=2024-06-18 00:00:00+00:00
[2024-06-18T13:30:41.047+0530] {processor.py:183} INFO - Processing /home/kiit/airflow-env/lib/python3.8/site-packages/airflow/example_dags/example_bash_operator.py took 0.080 seconds
[2024-06-18T13:31:39.723+0530] {processor.py:161} INFO - Started process (PID=27431) to work on /home/kiit/airflow-env/lib/python3.8/site-packages/airflow/example_dags/example_bash_operator.py
[2024-06-18T13:31:39.725+0530] {processor.py:830} INFO - Processing file /home/kiit/airflow-env/lib/python3.8/site-packages/airflow/example_dags/example_bash_operator.py for tasks to queue
[2024-06-18T13:31:39.728+0530] {logging_mixin.py:188} INFO - [2024-06-18T13:31:39.727+0530] {dagbag.py:545} INFO - Filling up the DagBag from /home/kiit/airflow-env/lib/python3.8/site-packages/airflow/example_dags/example_bash_operator.py
[2024-06-18T13:31:39.752+0530] {processor.py:840} INFO - DAG(s) 'example_bash_operator' retrieved from /home/kiit/airflow-env/lib/python3.8/site-packages/airflow/example_dags/example_bash_operator.py
[2024-06-18T13:31:39.788+0530] {logging_mixin.py:188} INFO - [2024-06-18T13:31:39.787+0530] {dag.py:3096} INFO - Sync 1 DAGs
[2024-06-18T13:31:39.819+0530] {logging_mixin.py:188} INFO - [2024-06-18T13:31:39.819+0530] {dag.py:3954} INFO - Setting next_dagrun for example_bash_operator to 2024-06-17 00:00:00+00:00, run_after=2024-06-18 00:00:00+00:00
[2024-06-18T13:31:39.856+0530] {processor.py:183} INFO - Processing /home/kiit/airflow-env/lib/python3.8/site-packages/airflow/example_dags/example_bash_operator.py took 0.144 seconds
[2024-06-18T13:32:28.238+0530] {processor.py:161} INFO - Started process (PID=27774) to work on /home/kiit/airflow-env/lib/python3.8/site-packages/airflow/example_dags/example_bash_operator.py
[2024-06-18T13:32:28.240+0530] {processor.py:830} INFO - Processing file /home/kiit/airflow-env/lib/python3.8/site-packages/airflow/example_dags/example_bash_operator.py for tasks to queue
[2024-06-18T13:32:28.241+0530] {logging_mixin.py:188} INFO - [2024-06-18T13:32:28.241+0530] {dagbag.py:545} INFO - Filling up the DagBag from /home/kiit/airflow-env/lib/python3.8/site-packages/airflow/example_dags/example_bash_operator.py
[2024-06-18T13:32:28.252+0530] {processor.py:840} INFO - DAG(s) 'example_bash_operator' retrieved from /home/kiit/airflow-env/lib/python3.8/site-packages/airflow/example_dags/example_bash_operator.py
[2024-06-18T13:32:28.275+0530] {logging_mixin.py:188} INFO - [2024-06-18T13:32:28.275+0530] {dag.py:3096} INFO - Sync 1 DAGs
[2024-06-18T13:32:28.291+0530] {logging_mixin.py:188} INFO - [2024-06-18T13:32:28.290+0530] {dag.py:3954} INFO - Setting next_dagrun for example_bash_operator to 2024-06-17 00:00:00+00:00, run_after=2024-06-18 00:00:00+00:00
[2024-06-18T13:32:28.311+0530] {processor.py:183} INFO - Processing /home/kiit/airflow-env/lib/python3.8/site-packages/airflow/example_dags/example_bash_operator.py took 0.078 seconds
[2024-06-18T13:33:31.303+0530] {processor.py:161} INFO - Started process (PID=29120) to work on /home/kiit/airflow-env/lib/python3.8/site-packages/airflow/example_dags/example_bash_operator.py
[2024-06-18T13:33:31.310+0530] {processor.py:830} INFO - Processing file /home/kiit/airflow-env/lib/python3.8/site-packages/airflow/example_dags/example_bash_operator.py for tasks to queue
[2024-06-18T13:33:31.312+0530] {logging_mixin.py:188} INFO - [2024-06-18T13:33:31.312+0530] {dagbag.py:545} INFO - Filling up the DagBag from /home/kiit/airflow-env/lib/python3.8/site-packages/airflow/example_dags/example_bash_operator.py
[2024-06-18T13:33:31.322+0530] {processor.py:840} INFO - DAG(s) 'example_bash_operator' retrieved from /home/kiit/airflow-env/lib/python3.8/site-packages/airflow/example_dags/example_bash_operator.py
[2024-06-18T13:33:31.336+0530] {logging_mixin.py:188} INFO - [2024-06-18T13:33:31.336+0530] {dag.py:3096} INFO - Sync 1 DAGs
[2024-06-18T13:33:31.350+0530] {logging_mixin.py:188} INFO - [2024-06-18T13:33:31.350+0530] {dag.py:3954} INFO - Setting next_dagrun for example_bash_operator to 2024-06-17 00:00:00+00:00, run_after=2024-06-18 00:00:00+00:00
[2024-06-18T13:33:31.367+0530] {processor.py:183} INFO - Processing /home/kiit/airflow-env/lib/python3.8/site-packages/airflow/example_dags/example_bash_operator.py took 0.068 seconds
[2024-06-18T13:34:31.437+0530] {processor.py:161} INFO - Started process (PID=30460) to work on /home/kiit/airflow-env/lib/python3.8/site-packages/airflow/example_dags/example_bash_operator.py
[2024-06-18T13:34:31.443+0530] {processor.py:830} INFO - Processing file /home/kiit/airflow-env/lib/python3.8/site-packages/airflow/example_dags/example_bash_operator.py for tasks to queue
[2024-06-18T13:34:31.445+0530] {logging_mixin.py:188} INFO - [2024-06-18T13:34:31.444+0530] {dagbag.py:545} INFO - Filling up the DagBag from /home/kiit/airflow-env/lib/python3.8/site-packages/airflow/example_dags/example_bash_operator.py
[2024-06-18T13:34:31.456+0530] {processor.py:840} INFO - DAG(s) 'example_bash_operator' retrieved from /home/kiit/airflow-env/lib/python3.8/site-packages/airflow/example_dags/example_bash_operator.py
[2024-06-18T13:34:31.478+0530] {logging_mixin.py:188} INFO - [2024-06-18T13:34:31.478+0530] {dag.py:3096} INFO - Sync 1 DAGs
[2024-06-18T13:34:31.494+0530] {logging_mixin.py:188} INFO - [2024-06-18T13:34:31.494+0530] {dag.py:3954} INFO - Setting next_dagrun for example_bash_operator to 2024-06-17 00:00:00+00:00, run_after=2024-06-18 00:00:00+00:00
[2024-06-18T13:34:31.514+0530] {processor.py:183} INFO - Processing /home/kiit/airflow-env/lib/python3.8/site-packages/airflow/example_dags/example_bash_operator.py took 0.083 seconds
[2024-06-18T13:35:32.729+0530] {processor.py:161} INFO - Started process (PID=30528) to work on /home/kiit/airflow-env/lib/python3.8/site-packages/airflow/example_dags/example_bash_operator.py
[2024-06-18T13:35:32.732+0530] {processor.py:830} INFO - Processing file /home/kiit/airflow-env/lib/python3.8/site-packages/airflow/example_dags/example_bash_operator.py for tasks to queue
[2024-06-18T13:35:32.734+0530] {logging_mixin.py:188} INFO - [2024-06-18T13:35:32.733+0530] {dagbag.py:545} INFO - Filling up the DagBag from /home/kiit/airflow-env/lib/python3.8/site-packages/airflow/example_dags/example_bash_operator.py
[2024-06-18T13:35:32.754+0530] {processor.py:840} INFO - DAG(s) 'example_bash_operator' retrieved from /home/kiit/airflow-env/lib/python3.8/site-packages/airflow/example_dags/example_bash_operator.py
[2024-06-18T13:35:32.788+0530] {logging_mixin.py:188} INFO - [2024-06-18T13:35:32.788+0530] {dag.py:3096} INFO - Sync 1 DAGs
[2024-06-18T13:35:32.808+0530] {logging_mixin.py:188} INFO - [2024-06-18T13:35:32.808+0530] {dag.py:3954} INFO - Setting next_dagrun for example_bash_operator to 2024-06-17 00:00:00+00:00, run_after=2024-06-18 00:00:00+00:00
[2024-06-18T13:35:32.838+0530] {processor.py:183} INFO - Processing /home/kiit/airflow-env/lib/python3.8/site-packages/airflow/example_dags/example_bash_operator.py took 0.120 seconds
[2024-06-18T13:36:37.265+0530] {processor.py:161} INFO - Started process (PID=30607) to work on /home/kiit/airflow-env/lib/python3.8/site-packages/airflow/example_dags/example_bash_operator.py
[2024-06-18T13:36:37.266+0530] {processor.py:830} INFO - Processing file /home/kiit/airflow-env/lib/python3.8/site-packages/airflow/example_dags/example_bash_operator.py for tasks to queue
[2024-06-18T13:36:37.268+0530] {logging_mixin.py:188} INFO - [2024-06-18T13:36:37.268+0530] {dagbag.py:545} INFO - Filling up the DagBag from /home/kiit/airflow-env/lib/python3.8/site-packages/airflow/example_dags/example_bash_operator.py
[2024-06-18T13:36:37.276+0530] {processor.py:840} INFO - DAG(s) 'example_bash_operator' retrieved from /home/kiit/airflow-env/lib/python3.8/site-packages/airflow/example_dags/example_bash_operator.py
[2024-06-18T13:36:37.302+0530] {logging_mixin.py:188} INFO - [2024-06-18T13:36:37.302+0530] {dag.py:3096} INFO - Sync 1 DAGs
[2024-06-18T13:36:37.319+0530] {logging_mixin.py:188} INFO - [2024-06-18T13:36:37.319+0530] {dag.py:3954} INFO - Setting next_dagrun for example_bash_operator to 2024-06-17 00:00:00+00:00, run_after=2024-06-18 00:00:00+00:00
[2024-06-18T13:36:37.337+0530] {processor.py:183} INFO - Processing /home/kiit/airflow-env/lib/python3.8/site-packages/airflow/example_dags/example_bash_operator.py took 0.076 seconds
[2024-06-18T13:37:38.862+0530] {processor.py:161} INFO - Started process (PID=30676) to work on /home/kiit/airflow-env/lib/python3.8/site-packages/airflow/example_dags/example_bash_operator.py
[2024-06-18T13:37:38.863+0530] {processor.py:830} INFO - Processing file /home/kiit/airflow-env/lib/python3.8/site-packages/airflow/example_dags/example_bash_operator.py for tasks to queue
[2024-06-18T13:37:38.865+0530] {logging_mixin.py:188} INFO - [2024-06-18T13:37:38.864+0530] {dagbag.py:545} INFO - Filling up the DagBag from /home/kiit/airflow-env/lib/python3.8/site-packages/airflow/example_dags/example_bash_operator.py
[2024-06-18T13:37:38.881+0530] {processor.py:840} INFO - DAG(s) 'example_bash_operator' retrieved from /home/kiit/airflow-env/lib/python3.8/site-packages/airflow/example_dags/example_bash_operator.py
[2024-06-18T13:37:38.910+0530] {logging_mixin.py:188} INFO - [2024-06-18T13:37:38.910+0530] {dag.py:3096} INFO - Sync 1 DAGs
[2024-06-18T13:37:38.935+0530] {logging_mixin.py:188} INFO - [2024-06-18T13:37:38.934+0530] {dag.py:3954} INFO - Setting next_dagrun for example_bash_operator to 2024-06-17 00:00:00+00:00, run_after=2024-06-18 00:00:00+00:00
[2024-06-18T13:37:38.964+0530] {processor.py:183} INFO - Processing /home/kiit/airflow-env/lib/python3.8/site-packages/airflow/example_dags/example_bash_operator.py took 0.111 seconds
[2024-06-18T13:38:33.314+0530] {processor.py:161} INFO - Started process (PID=30732) to work on /home/kiit/airflow-env/lib/python3.8/site-packages/airflow/example_dags/example_bash_operator.py
[2024-06-18T13:38:33.317+0530] {processor.py:830} INFO - Processing file /home/kiit/airflow-env/lib/python3.8/site-packages/airflow/example_dags/example_bash_operator.py for tasks to queue
[2024-06-18T13:38:33.320+0530] {logging_mixin.py:188} INFO - [2024-06-18T13:38:33.319+0530] {dagbag.py:545} INFO - Filling up the DagBag from /home/kiit/airflow-env/lib/python3.8/site-packages/airflow/example_dags/example_bash_operator.py
[2024-06-18T13:38:33.357+0530] {processor.py:840} INFO - DAG(s) 'example_bash_operator' retrieved from /home/kiit/airflow-env/lib/python3.8/site-packages/airflow/example_dags/example_bash_operator.py
[2024-06-18T13:38:33.433+0530] {logging_mixin.py:188} INFO - [2024-06-18T13:38:33.432+0530] {dag.py:3096} INFO - Sync 1 DAGs
[2024-06-18T13:38:33.500+0530] {logging_mixin.py:188} INFO - [2024-06-18T13:38:33.499+0530] {dag.py:3954} INFO - Setting next_dagrun for example_bash_operator to 2024-06-17 00:00:00+00:00, run_after=2024-06-18 00:00:00+00:00
[2024-06-18T13:38:33.565+0530] {processor.py:183} INFO - Processing /home/kiit/airflow-env/lib/python3.8/site-packages/airflow/example_dags/example_bash_operator.py took 0.265 seconds
[2024-06-18T13:39:24.000+0530] {processor.py:161} INFO - Started process (PID=30790) to work on /home/kiit/airflow-env/lib/python3.8/site-packages/airflow/example_dags/example_bash_operator.py
[2024-06-18T13:39:24.001+0530] {processor.py:830} INFO - Processing file /home/kiit/airflow-env/lib/python3.8/site-packages/airflow/example_dags/example_bash_operator.py for tasks to queue
[2024-06-18T13:39:24.003+0530] {logging_mixin.py:188} INFO - [2024-06-18T13:39:24.003+0530] {dagbag.py:545} INFO - Filling up the DagBag from /home/kiit/airflow-env/lib/python3.8/site-packages/airflow/example_dags/example_bash_operator.py
[2024-06-18T13:39:24.015+0530] {processor.py:840} INFO - DAG(s) 'example_bash_operator' retrieved from /home/kiit/airflow-env/lib/python3.8/site-packages/airflow/example_dags/example_bash_operator.py
[2024-06-18T13:39:24.032+0530] {logging_mixin.py:188} INFO - [2024-06-18T13:39:24.032+0530] {dag.py:3096} INFO - Sync 1 DAGs
[2024-06-18T13:39:24.046+0530] {logging_mixin.py:188} INFO - [2024-06-18T13:39:24.046+0530] {dag.py:3954} INFO - Setting next_dagrun for example_bash_operator to 2024-06-17 00:00:00+00:00, run_after=2024-06-18 00:00:00+00:00
[2024-06-18T13:39:24.065+0530] {processor.py:183} INFO - Processing /home/kiit/airflow-env/lib/python3.8/site-packages/airflow/example_dags/example_bash_operator.py took 0.070 seconds
[2024-06-18T13:40:24.544+0530] {processor.py:161} INFO - Started process (PID=30932) to work on /home/kiit/airflow-env/lib/python3.8/site-packages/airflow/example_dags/example_bash_operator.py
[2024-06-18T13:40:24.545+0530] {processor.py:830} INFO - Processing file /home/kiit/airflow-env/lib/python3.8/site-packages/airflow/example_dags/example_bash_operator.py for tasks to queue
[2024-06-18T13:40:24.547+0530] {logging_mixin.py:188} INFO - [2024-06-18T13:40:24.546+0530] {dagbag.py:545} INFO - Filling up the DagBag from /home/kiit/airflow-env/lib/python3.8/site-packages/airflow/example_dags/example_bash_operator.py
[2024-06-18T13:40:24.555+0530] {processor.py:840} INFO - DAG(s) 'example_bash_operator' retrieved from /home/kiit/airflow-env/lib/python3.8/site-packages/airflow/example_dags/example_bash_operator.py
[2024-06-18T13:40:24.570+0530] {logging_mixin.py:188} INFO - [2024-06-18T13:40:24.570+0530] {dag.py:3096} INFO - Sync 1 DAGs
[2024-06-18T13:40:24.583+0530] {logging_mixin.py:188} INFO - [2024-06-18T13:40:24.583+0530] {dag.py:3954} INFO - Setting next_dagrun for example_bash_operator to 2024-06-17 00:00:00+00:00, run_after=2024-06-18 00:00:00+00:00
[2024-06-18T13:40:24.600+0530] {processor.py:183} INFO - Processing /home/kiit/airflow-env/lib/python3.8/site-packages/airflow/example_dags/example_bash_operator.py took 0.059 seconds
[2024-06-18T13:41:26.260+0530] {processor.py:161} INFO - Started process (PID=31002) to work on /home/kiit/airflow-env/lib/python3.8/site-packages/airflow/example_dags/example_bash_operator.py
[2024-06-18T13:41:26.261+0530] {processor.py:830} INFO - Processing file /home/kiit/airflow-env/lib/python3.8/site-packages/airflow/example_dags/example_bash_operator.py for tasks to queue
[2024-06-18T13:41:26.263+0530] {logging_mixin.py:188} INFO - [2024-06-18T13:41:26.263+0530] {dagbag.py:545} INFO - Filling up the DagBag from /home/kiit/airflow-env/lib/python3.8/site-packages/airflow/example_dags/example_bash_operator.py
[2024-06-18T13:41:26.274+0530] {processor.py:840} INFO - DAG(s) 'example_bash_operator' retrieved from /home/kiit/airflow-env/lib/python3.8/site-packages/airflow/example_dags/example_bash_operator.py
[2024-06-18T13:41:26.293+0530] {logging_mixin.py:188} INFO - [2024-06-18T13:41:26.293+0530] {dag.py:3096} INFO - Sync 1 DAGs
[2024-06-18T13:41:26.308+0530] {logging_mixin.py:188} INFO - [2024-06-18T13:41:26.308+0530] {dag.py:3954} INFO - Setting next_dagrun for example_bash_operator to 2024-06-17 00:00:00+00:00, run_after=2024-06-18 00:00:00+00:00
[2024-06-18T13:41:26.327+0530] {processor.py:183} INFO - Processing /home/kiit/airflow-env/lib/python3.8/site-packages/airflow/example_dags/example_bash_operator.py took 0.074 seconds
[2024-06-18T15:05:50.413+0530] {processor.py:161} INFO - Started process (PID=33631) to work on /home/kiit/airflow-env/lib/python3.8/site-packages/airflow/example_dags/example_bash_operator.py
[2024-06-18T15:05:50.414+0530] {processor.py:830} INFO - Processing file /home/kiit/airflow-env/lib/python3.8/site-packages/airflow/example_dags/example_bash_operator.py for tasks to queue
[2024-06-18T15:05:50.416+0530] {logging_mixin.py:188} INFO - [2024-06-18T15:05:50.416+0530] {dagbag.py:545} INFO - Filling up the DagBag from /home/kiit/airflow-env/lib/python3.8/site-packages/airflow/example_dags/example_bash_operator.py
[2024-06-18T15:05:50.431+0530] {processor.py:840} INFO - DAG(s) 'example_bash_operator' retrieved from /home/kiit/airflow-env/lib/python3.8/site-packages/airflow/example_dags/example_bash_operator.py
[2024-06-18T15:05:50.442+0530] {logging_mixin.py:188} INFO - [2024-06-18T15:05:50.442+0530] {dag.py:3096} INFO - Sync 1 DAGs
[2024-06-18T15:05:50.465+0530] {logging_mixin.py:188} INFO - [2024-06-18T15:05:50.465+0530] {dag.py:3954} INFO - Setting next_dagrun for example_bash_operator to 2024-06-17 00:00:00+00:00, run_after=2024-06-18 00:00:00+00:00
[2024-06-18T15:05:50.490+0530] {processor.py:183} INFO - Processing /home/kiit/airflow-env/lib/python3.8/site-packages/airflow/example_dags/example_bash_operator.py took 0.082 seconds
[2024-06-18T15:06:24.822+0530] {processor.py:161} INFO - Started process (PID=33690) to work on /home/kiit/airflow-env/lib/python3.8/site-packages/airflow/example_dags/example_bash_operator.py
[2024-06-18T15:06:24.823+0530] {processor.py:830} INFO - Processing file /home/kiit/airflow-env/lib/python3.8/site-packages/airflow/example_dags/example_bash_operator.py for tasks to queue
[2024-06-18T15:06:24.825+0530] {logging_mixin.py:188} INFO - [2024-06-18T15:06:24.825+0530] {dagbag.py:545} INFO - Filling up the DagBag from /home/kiit/airflow-env/lib/python3.8/site-packages/airflow/example_dags/example_bash_operator.py
[2024-06-18T15:06:24.841+0530] {processor.py:840} INFO - DAG(s) 'example_bash_operator' retrieved from /home/kiit/airflow-env/lib/python3.8/site-packages/airflow/example_dags/example_bash_operator.py
[2024-06-18T15:06:25.123+0530] {logging_mixin.py:188} INFO - [2024-06-18T15:06:25.122+0530] {dag.py:3096} INFO - Sync 1 DAGs
[2024-06-18T15:06:25.154+0530] {logging_mixin.py:188} INFO - [2024-06-18T15:06:25.154+0530] {dag.py:3954} INFO - Setting next_dagrun for example_bash_operator to 2024-06-17 00:00:00+00:00, run_after=2024-06-18 00:00:00+00:00
[2024-06-18T15:06:25.195+0530] {processor.py:183} INFO - Processing /home/kiit/airflow-env/lib/python3.8/site-packages/airflow/example_dags/example_bash_operator.py took 0.381 seconds
[2024-06-18T15:06:56.108+0530] {processor.py:161} INFO - Started process (PID=33749) to work on /home/kiit/airflow-env/lib/python3.8/site-packages/airflow/example_dags/example_bash_operator.py
[2024-06-18T15:06:56.115+0530] {processor.py:830} INFO - Processing file /home/kiit/airflow-env/lib/python3.8/site-packages/airflow/example_dags/example_bash_operator.py for tasks to queue
[2024-06-18T15:06:56.117+0530] {logging_mixin.py:188} INFO - [2024-06-18T15:06:56.117+0530] {dagbag.py:545} INFO - Filling up the DagBag from /home/kiit/airflow-env/lib/python3.8/site-packages/airflow/example_dags/example_bash_operator.py
[2024-06-18T15:06:56.129+0530] {processor.py:840} INFO - DAG(s) 'example_bash_operator' retrieved from /home/kiit/airflow-env/lib/python3.8/site-packages/airflow/example_dags/example_bash_operator.py
[2024-06-18T15:06:56.166+0530] {logging_mixin.py:188} INFO - [2024-06-18T15:06:56.165+0530] {dag.py:3096} INFO - Sync 1 DAGs
[2024-06-18T15:06:56.188+0530] {logging_mixin.py:188} INFO - [2024-06-18T15:06:56.187+0530] {dag.py:3954} INFO - Setting next_dagrun for example_bash_operator to 2024-06-17 00:00:00+00:00, run_after=2024-06-18 00:00:00+00:00
[2024-06-18T15:06:56.219+0530] {processor.py:183} INFO - Processing /home/kiit/airflow-env/lib/python3.8/site-packages/airflow/example_dags/example_bash_operator.py took 0.117 seconds
[2024-06-18T15:07:27.020+0530] {processor.py:161} INFO - Started process (PID=33808) to work on /home/kiit/airflow-env/lib/python3.8/site-packages/airflow/example_dags/example_bash_operator.py
[2024-06-18T15:07:27.021+0530] {processor.py:830} INFO - Processing file /home/kiit/airflow-env/lib/python3.8/site-packages/airflow/example_dags/example_bash_operator.py for tasks to queue
[2024-06-18T15:07:27.023+0530] {logging_mixin.py:188} INFO - [2024-06-18T15:07:27.022+0530] {dagbag.py:545} INFO - Filling up the DagBag from /home/kiit/airflow-env/lib/python3.8/site-packages/airflow/example_dags/example_bash_operator.py
[2024-06-18T15:07:27.033+0530] {processor.py:840} INFO - DAG(s) 'example_bash_operator' retrieved from /home/kiit/airflow-env/lib/python3.8/site-packages/airflow/example_dags/example_bash_operator.py
[2024-06-18T15:07:27.061+0530] {logging_mixin.py:188} INFO - [2024-06-18T15:07:27.061+0530] {dag.py:3096} INFO - Sync 1 DAGs
[2024-06-18T15:07:27.079+0530] {logging_mixin.py:188} INFO - [2024-06-18T15:07:27.079+0530] {dag.py:3954} INFO - Setting next_dagrun for example_bash_operator to 2024-06-17 00:00:00+00:00, run_after=2024-06-18 00:00:00+00:00
[2024-06-18T15:07:27.106+0530] {processor.py:183} INFO - Processing /home/kiit/airflow-env/lib/python3.8/site-packages/airflow/example_dags/example_bash_operator.py took 0.092 seconds
[2024-06-18T15:07:57.764+0530] {processor.py:161} INFO - Started process (PID=33867) to work on /home/kiit/airflow-env/lib/python3.8/site-packages/airflow/example_dags/example_bash_operator.py
[2024-06-18T15:07:57.772+0530] {processor.py:830} INFO - Processing file /home/kiit/airflow-env/lib/python3.8/site-packages/airflow/example_dags/example_bash_operator.py for tasks to queue
[2024-06-18T15:07:57.774+0530] {logging_mixin.py:188} INFO - [2024-06-18T15:07:57.773+0530] {dagbag.py:545} INFO - Filling up the DagBag from /home/kiit/airflow-env/lib/python3.8/site-packages/airflow/example_dags/example_bash_operator.py
[2024-06-18T15:07:57.783+0530] {processor.py:840} INFO - DAG(s) 'example_bash_operator' retrieved from /home/kiit/airflow-env/lib/python3.8/site-packages/airflow/example_dags/example_bash_operator.py
[2024-06-18T15:07:57.810+0530] {logging_mixin.py:188} INFO - [2024-06-18T15:07:57.809+0530] {dag.py:3096} INFO - Sync 1 DAGs
[2024-06-18T15:07:57.828+0530] {logging_mixin.py:188} INFO - [2024-06-18T15:07:57.828+0530] {dag.py:3954} INFO - Setting next_dagrun for example_bash_operator to 2024-06-17 00:00:00+00:00, run_after=2024-06-18 00:00:00+00:00
[2024-06-18T15:07:57.855+0530] {processor.py:183} INFO - Processing /home/kiit/airflow-env/lib/python3.8/site-packages/airflow/example_dags/example_bash_operator.py took 0.096 seconds
[2024-06-18T15:08:27.909+0530] {processor.py:161} INFO - Started process (PID=33926) to work on /home/kiit/airflow-env/lib/python3.8/site-packages/airflow/example_dags/example_bash_operator.py
[2024-06-18T15:08:27.910+0530] {processor.py:830} INFO - Processing file /home/kiit/airflow-env/lib/python3.8/site-packages/airflow/example_dags/example_bash_operator.py for tasks to queue
[2024-06-18T15:08:27.911+0530] {logging_mixin.py:188} INFO - [2024-06-18T15:08:27.911+0530] {dagbag.py:545} INFO - Filling up the DagBag from /home/kiit/airflow-env/lib/python3.8/site-packages/airflow/example_dags/example_bash_operator.py
[2024-06-18T15:08:27.921+0530] {processor.py:840} INFO - DAG(s) 'example_bash_operator' retrieved from /home/kiit/airflow-env/lib/python3.8/site-packages/airflow/example_dags/example_bash_operator.py
[2024-06-18T15:08:27.953+0530] {logging_mixin.py:188} INFO - [2024-06-18T15:08:27.953+0530] {dag.py:3096} INFO - Sync 1 DAGs
[2024-06-18T15:08:27.977+0530] {logging_mixin.py:188} INFO - [2024-06-18T15:08:27.977+0530] {dag.py:3954} INFO - Setting next_dagrun for example_bash_operator to 2024-06-17 00:00:00+00:00, run_after=2024-06-18 00:00:00+00:00
[2024-06-18T15:08:28.010+0530] {processor.py:183} INFO - Processing /home/kiit/airflow-env/lib/python3.8/site-packages/airflow/example_dags/example_bash_operator.py took 0.108 seconds
[2024-06-18T15:08:58.677+0530] {processor.py:161} INFO - Started process (PID=33986) to work on /home/kiit/airflow-env/lib/python3.8/site-packages/airflow/example_dags/example_bash_operator.py
[2024-06-18T15:08:58.685+0530] {processor.py:830} INFO - Processing file /home/kiit/airflow-env/lib/python3.8/site-packages/airflow/example_dags/example_bash_operator.py for tasks to queue
[2024-06-18T15:08:58.687+0530] {logging_mixin.py:188} INFO - [2024-06-18T15:08:58.686+0530] {dagbag.py:545} INFO - Filling up the DagBag from /home/kiit/airflow-env/lib/python3.8/site-packages/airflow/example_dags/example_bash_operator.py
[2024-06-18T15:08:58.696+0530] {processor.py:840} INFO - DAG(s) 'example_bash_operator' retrieved from /home/kiit/airflow-env/lib/python3.8/site-packages/airflow/example_dags/example_bash_operator.py
[2024-06-18T15:08:58.723+0530] {logging_mixin.py:188} INFO - [2024-06-18T15:08:58.723+0530] {dag.py:3096} INFO - Sync 1 DAGs
[2024-06-18T15:08:58.741+0530] {logging_mixin.py:188} INFO - [2024-06-18T15:08:58.740+0530] {dag.py:3954} INFO - Setting next_dagrun for example_bash_operator to 2024-06-17 00:00:00+00:00, run_after=2024-06-18 00:00:00+00:00
[2024-06-18T15:08:58.763+0530] {processor.py:183} INFO - Processing /home/kiit/airflow-env/lib/python3.8/site-packages/airflow/example_dags/example_bash_operator.py took 0.092 seconds
[2024-06-18T15:09:29.005+0530] {processor.py:161} INFO - Started process (PID=34046) to work on /home/kiit/airflow-env/lib/python3.8/site-packages/airflow/example_dags/example_bash_operator.py
[2024-06-18T15:09:29.006+0530] {processor.py:830} INFO - Processing file /home/kiit/airflow-env/lib/python3.8/site-packages/airflow/example_dags/example_bash_operator.py for tasks to queue
[2024-06-18T15:09:29.008+0530] {logging_mixin.py:188} INFO - [2024-06-18T15:09:29.008+0530] {dagbag.py:545} INFO - Filling up the DagBag from /home/kiit/airflow-env/lib/python3.8/site-packages/airflow/example_dags/example_bash_operator.py
[2024-06-18T15:09:29.015+0530] {processor.py:840} INFO - DAG(s) 'example_bash_operator' retrieved from /home/kiit/airflow-env/lib/python3.8/site-packages/airflow/example_dags/example_bash_operator.py
[2024-06-18T15:09:29.042+0530] {logging_mixin.py:188} INFO - [2024-06-18T15:09:29.041+0530] {dag.py:3096} INFO - Sync 1 DAGs
[2024-06-18T15:09:29.061+0530] {logging_mixin.py:188} INFO - [2024-06-18T15:09:29.061+0530] {dag.py:3954} INFO - Setting next_dagrun for example_bash_operator to 2024-06-17 00:00:00+00:00, run_after=2024-06-18 00:00:00+00:00
[2024-06-18T15:09:29.087+0530] {processor.py:183} INFO - Processing /home/kiit/airflow-env/lib/python3.8/site-packages/airflow/example_dags/example_bash_operator.py took 0.088 seconds
[2024-06-18T15:09:59.230+0530] {processor.py:161} INFO - Started process (PID=34105) to work on /home/kiit/airflow-env/lib/python3.8/site-packages/airflow/example_dags/example_bash_operator.py
[2024-06-18T15:09:59.231+0530] {processor.py:830} INFO - Processing file /home/kiit/airflow-env/lib/python3.8/site-packages/airflow/example_dags/example_bash_operator.py for tasks to queue
[2024-06-18T15:09:59.232+0530] {logging_mixin.py:188} INFO - [2024-06-18T15:09:59.232+0530] {dagbag.py:545} INFO - Filling up the DagBag from /home/kiit/airflow-env/lib/python3.8/site-packages/airflow/example_dags/example_bash_operator.py
[2024-06-18T15:09:59.244+0530] {processor.py:840} INFO - DAG(s) 'example_bash_operator' retrieved from /home/kiit/airflow-env/lib/python3.8/site-packages/airflow/example_dags/example_bash_operator.py
[2024-06-18T15:09:59.268+0530] {logging_mixin.py:188} INFO - [2024-06-18T15:09:59.268+0530] {dag.py:3096} INFO - Sync 1 DAGs
[2024-06-18T15:09:59.286+0530] {logging_mixin.py:188} INFO - [2024-06-18T15:09:59.285+0530] {dag.py:3954} INFO - Setting next_dagrun for example_bash_operator to 2024-06-17 00:00:00+00:00, run_after=2024-06-18 00:00:00+00:00
[2024-06-18T15:09:59.305+0530] {processor.py:183} INFO - Processing /home/kiit/airflow-env/lib/python3.8/site-packages/airflow/example_dags/example_bash_operator.py took 0.081 seconds
[2024-06-18T15:10:29.518+0530] {processor.py:161} INFO - Started process (PID=34165) to work on /home/kiit/airflow-env/lib/python3.8/site-packages/airflow/example_dags/example_bash_operator.py
[2024-06-18T15:10:29.519+0530] {processor.py:830} INFO - Processing file /home/kiit/airflow-env/lib/python3.8/site-packages/airflow/example_dags/example_bash_operator.py for tasks to queue
[2024-06-18T15:10:29.521+0530] {logging_mixin.py:188} INFO - [2024-06-18T15:10:29.520+0530] {dagbag.py:545} INFO - Filling up the DagBag from /home/kiit/airflow-env/lib/python3.8/site-packages/airflow/example_dags/example_bash_operator.py
[2024-06-18T15:10:29.529+0530] {processor.py:840} INFO - DAG(s) 'example_bash_operator' retrieved from /home/kiit/airflow-env/lib/python3.8/site-packages/airflow/example_dags/example_bash_operator.py
[2024-06-18T15:10:29.550+0530] {logging_mixin.py:188} INFO - [2024-06-18T15:10:29.550+0530] {dag.py:3096} INFO - Sync 1 DAGs
[2024-06-18T15:10:29.566+0530] {logging_mixin.py:188} INFO - [2024-06-18T15:10:29.566+0530] {dag.py:3954} INFO - Setting next_dagrun for example_bash_operator to 2024-06-17 00:00:00+00:00, run_after=2024-06-18 00:00:00+00:00
[2024-06-18T15:10:29.586+0530] {processor.py:183} INFO - Processing /home/kiit/airflow-env/lib/python3.8/site-packages/airflow/example_dags/example_bash_operator.py took 0.078 seconds
[2024-06-18T15:10:59.863+0530] {processor.py:161} INFO - Started process (PID=34224) to work on /home/kiit/airflow-env/lib/python3.8/site-packages/airflow/example_dags/example_bash_operator.py
[2024-06-18T15:10:59.865+0530] {processor.py:830} INFO - Processing file /home/kiit/airflow-env/lib/python3.8/site-packages/airflow/example_dags/example_bash_operator.py for tasks to queue
[2024-06-18T15:10:59.868+0530] {logging_mixin.py:188} INFO - [2024-06-18T15:10:59.868+0530] {dagbag.py:545} INFO - Filling up the DagBag from /home/kiit/airflow-env/lib/python3.8/site-packages/airflow/example_dags/example_bash_operator.py
[2024-06-18T15:10:59.877+0530] {processor.py:840} INFO - DAG(s) 'example_bash_operator' retrieved from /home/kiit/airflow-env/lib/python3.8/site-packages/airflow/example_dags/example_bash_operator.py
[2024-06-18T15:10:59.901+0530] {logging_mixin.py:188} INFO - [2024-06-18T15:10:59.901+0530] {dag.py:3096} INFO - Sync 1 DAGs
[2024-06-18T15:10:59.915+0530] {logging_mixin.py:188} INFO - [2024-06-18T15:10:59.915+0530] {dag.py:3954} INFO - Setting next_dagrun for example_bash_operator to 2024-06-17 00:00:00+00:00, run_after=2024-06-18 00:00:00+00:00
[2024-06-18T15:10:59.936+0530] {processor.py:183} INFO - Processing /home/kiit/airflow-env/lib/python3.8/site-packages/airflow/example_dags/example_bash_operator.py took 0.079 seconds
[2024-06-18T15:11:30.034+0530] {processor.py:161} INFO - Started process (PID=34283) to work on /home/kiit/airflow-env/lib/python3.8/site-packages/airflow/example_dags/example_bash_operator.py
[2024-06-18T15:11:30.035+0530] {processor.py:830} INFO - Processing file /home/kiit/airflow-env/lib/python3.8/site-packages/airflow/example_dags/example_bash_operator.py for tasks to queue
[2024-06-18T15:11:30.037+0530] {logging_mixin.py:188} INFO - [2024-06-18T15:11:30.037+0530] {dagbag.py:545} INFO - Filling up the DagBag from /home/kiit/airflow-env/lib/python3.8/site-packages/airflow/example_dags/example_bash_operator.py
[2024-06-18T15:11:30.047+0530] {processor.py:840} INFO - DAG(s) 'example_bash_operator' retrieved from /home/kiit/airflow-env/lib/python3.8/site-packages/airflow/example_dags/example_bash_operator.py
[2024-06-18T15:11:30.069+0530] {logging_mixin.py:188} INFO - [2024-06-18T15:11:30.069+0530] {dag.py:3096} INFO - Sync 1 DAGs
[2024-06-18T15:11:30.087+0530] {logging_mixin.py:188} INFO - [2024-06-18T15:11:30.086+0530] {dag.py:3954} INFO - Setting next_dagrun for example_bash_operator to 2024-06-17 00:00:00+00:00, run_after=2024-06-18 00:00:00+00:00
[2024-06-18T15:11:30.106+0530] {processor.py:183} INFO - Processing /home/kiit/airflow-env/lib/python3.8/site-packages/airflow/example_dags/example_bash_operator.py took 0.079 seconds
[2024-06-18T15:12:00.243+0530] {processor.py:161} INFO - Started process (PID=34342) to work on /home/kiit/airflow-env/lib/python3.8/site-packages/airflow/example_dags/example_bash_operator.py
[2024-06-18T15:12:00.250+0530] {processor.py:830} INFO - Processing file /home/kiit/airflow-env/lib/python3.8/site-packages/airflow/example_dags/example_bash_operator.py for tasks to queue
[2024-06-18T15:12:00.252+0530] {logging_mixin.py:188} INFO - [2024-06-18T15:12:00.252+0530] {dagbag.py:545} INFO - Filling up the DagBag from /home/kiit/airflow-env/lib/python3.8/site-packages/airflow/example_dags/example_bash_operator.py
[2024-06-18T15:12:00.262+0530] {processor.py:840} INFO - DAG(s) 'example_bash_operator' retrieved from /home/kiit/airflow-env/lib/python3.8/site-packages/airflow/example_dags/example_bash_operator.py
[2024-06-18T15:12:00.288+0530] {logging_mixin.py:188} INFO - [2024-06-18T15:12:00.287+0530] {dag.py:3096} INFO - Sync 1 DAGs
[2024-06-18T15:12:00.302+0530] {logging_mixin.py:188} INFO - [2024-06-18T15:12:00.302+0530] {dag.py:3954} INFO - Setting next_dagrun for example_bash_operator to 2024-06-17 00:00:00+00:00, run_after=2024-06-18 00:00:00+00:00
[2024-06-18T15:12:00.323+0530] {processor.py:183} INFO - Processing /home/kiit/airflow-env/lib/python3.8/site-packages/airflow/example_dags/example_bash_operator.py took 0.086 seconds
[2024-06-18T15:12:30.607+0530] {processor.py:161} INFO - Started process (PID=34402) to work on /home/kiit/airflow-env/lib/python3.8/site-packages/airflow/example_dags/example_bash_operator.py
[2024-06-18T15:12:30.608+0530] {processor.py:830} INFO - Processing file /home/kiit/airflow-env/lib/python3.8/site-packages/airflow/example_dags/example_bash_operator.py for tasks to queue
[2024-06-18T15:12:30.610+0530] {logging_mixin.py:188} INFO - [2024-06-18T15:12:30.609+0530] {dagbag.py:545} INFO - Filling up the DagBag from /home/kiit/airflow-env/lib/python3.8/site-packages/airflow/example_dags/example_bash_operator.py
[2024-06-18T15:12:30.619+0530] {processor.py:840} INFO - DAG(s) 'example_bash_operator' retrieved from /home/kiit/airflow-env/lib/python3.8/site-packages/airflow/example_dags/example_bash_operator.py
[2024-06-18T15:12:30.646+0530] {logging_mixin.py:188} INFO - [2024-06-18T15:12:30.646+0530] {dag.py:3096} INFO - Sync 1 DAGs
[2024-06-18T15:12:30.661+0530] {logging_mixin.py:188} INFO - [2024-06-18T15:12:30.661+0530] {dag.py:3954} INFO - Setting next_dagrun for example_bash_operator to 2024-06-17 00:00:00+00:00, run_after=2024-06-18 00:00:00+00:00
[2024-06-18T15:12:30.687+0530] {processor.py:183} INFO - Processing /home/kiit/airflow-env/lib/python3.8/site-packages/airflow/example_dags/example_bash_operator.py took 0.087 seconds
[2024-06-18T15:13:00.899+0530] {processor.py:161} INFO - Started process (PID=34461) to work on /home/kiit/airflow-env/lib/python3.8/site-packages/airflow/example_dags/example_bash_operator.py
[2024-06-18T15:13:00.901+0530] {processor.py:830} INFO - Processing file /home/kiit/airflow-env/lib/python3.8/site-packages/airflow/example_dags/example_bash_operator.py for tasks to queue
[2024-06-18T15:13:00.903+0530] {logging_mixin.py:188} INFO - [2024-06-18T15:13:00.902+0530] {dagbag.py:545} INFO - Filling up the DagBag from /home/kiit/airflow-env/lib/python3.8/site-packages/airflow/example_dags/example_bash_operator.py
[2024-06-18T15:13:00.913+0530] {processor.py:840} INFO - DAG(s) 'example_bash_operator' retrieved from /home/kiit/airflow-env/lib/python3.8/site-packages/airflow/example_dags/example_bash_operator.py
[2024-06-18T15:13:00.938+0530] {logging_mixin.py:188} INFO - [2024-06-18T15:13:00.938+0530] {dag.py:3096} INFO - Sync 1 DAGs
[2024-06-18T15:13:00.952+0530] {logging_mixin.py:188} INFO - [2024-06-18T15:13:00.952+0530] {dag.py:3954} INFO - Setting next_dagrun for example_bash_operator to 2024-06-17 00:00:00+00:00, run_after=2024-06-18 00:00:00+00:00
[2024-06-18T15:13:00.972+0530] {processor.py:183} INFO - Processing /home/kiit/airflow-env/lib/python3.8/site-packages/airflow/example_dags/example_bash_operator.py took 0.079 seconds
[2024-06-18T15:13:31.178+0530] {processor.py:161} INFO - Started process (PID=34520) to work on /home/kiit/airflow-env/lib/python3.8/site-packages/airflow/example_dags/example_bash_operator.py
[2024-06-18T15:13:31.180+0530] {processor.py:830} INFO - Processing file /home/kiit/airflow-env/lib/python3.8/site-packages/airflow/example_dags/example_bash_operator.py for tasks to queue
[2024-06-18T15:13:31.182+0530] {logging_mixin.py:188} INFO - [2024-06-18T15:13:31.182+0530] {dagbag.py:545} INFO - Filling up the DagBag from /home/kiit/airflow-env/lib/python3.8/site-packages/airflow/example_dags/example_bash_operator.py
[2024-06-18T15:13:31.192+0530] {processor.py:840} INFO - DAG(s) 'example_bash_operator' retrieved from /home/kiit/airflow-env/lib/python3.8/site-packages/airflow/example_dags/example_bash_operator.py
[2024-06-18T15:13:31.214+0530] {logging_mixin.py:188} INFO - [2024-06-18T15:13:31.213+0530] {dag.py:3096} INFO - Sync 1 DAGs
[2024-06-18T15:13:31.228+0530] {logging_mixin.py:188} INFO - [2024-06-18T15:13:31.228+0530] {dag.py:3954} INFO - Setting next_dagrun for example_bash_operator to 2024-06-17 00:00:00+00:00, run_after=2024-06-18 00:00:00+00:00
[2024-06-18T15:13:31.247+0530] {processor.py:183} INFO - Processing /home/kiit/airflow-env/lib/python3.8/site-packages/airflow/example_dags/example_bash_operator.py took 0.075 seconds
[2024-06-18T15:14:01.466+0530] {processor.py:161} INFO - Started process (PID=34579) to work on /home/kiit/airflow-env/lib/python3.8/site-packages/airflow/example_dags/example_bash_operator.py
[2024-06-18T15:14:01.467+0530] {processor.py:830} INFO - Processing file /home/kiit/airflow-env/lib/python3.8/site-packages/airflow/example_dags/example_bash_operator.py for tasks to queue
[2024-06-18T15:14:01.469+0530] {logging_mixin.py:188} INFO - [2024-06-18T15:14:01.469+0530] {dagbag.py:545} INFO - Filling up the DagBag from /home/kiit/airflow-env/lib/python3.8/site-packages/airflow/example_dags/example_bash_operator.py
[2024-06-18T15:14:01.480+0530] {processor.py:840} INFO - DAG(s) 'example_bash_operator' retrieved from /home/kiit/airflow-env/lib/python3.8/site-packages/airflow/example_dags/example_bash_operator.py
[2024-06-18T15:14:01.507+0530] {logging_mixin.py:188} INFO - [2024-06-18T15:14:01.507+0530] {dag.py:3096} INFO - Sync 1 DAGs
[2024-06-18T15:14:01.523+0530] {logging_mixin.py:188} INFO - [2024-06-18T15:14:01.523+0530] {dag.py:3954} INFO - Setting next_dagrun for example_bash_operator to 2024-06-17 00:00:00+00:00, run_after=2024-06-18 00:00:00+00:00
[2024-06-18T15:14:01.545+0530] {processor.py:183} INFO - Processing /home/kiit/airflow-env/lib/python3.8/site-packages/airflow/example_dags/example_bash_operator.py took 0.086 seconds
[2024-06-18T15:14:31.800+0530] {processor.py:161} INFO - Started process (PID=34638) to work on /home/kiit/airflow-env/lib/python3.8/site-packages/airflow/example_dags/example_bash_operator.py
[2024-06-18T15:14:31.808+0530] {processor.py:830} INFO - Processing file /home/kiit/airflow-env/lib/python3.8/site-packages/airflow/example_dags/example_bash_operator.py for tasks to queue
[2024-06-18T15:14:31.809+0530] {logging_mixin.py:188} INFO - [2024-06-18T15:14:31.809+0530] {dagbag.py:545} INFO - Filling up the DagBag from /home/kiit/airflow-env/lib/python3.8/site-packages/airflow/example_dags/example_bash_operator.py
[2024-06-18T15:14:31.818+0530] {processor.py:840} INFO - DAG(s) 'example_bash_operator' retrieved from /home/kiit/airflow-env/lib/python3.8/site-packages/airflow/example_dags/example_bash_operator.py
[2024-06-18T15:14:31.841+0530] {logging_mixin.py:188} INFO - [2024-06-18T15:14:31.841+0530] {dag.py:3096} INFO - Sync 1 DAGs
[2024-06-18T15:14:31.859+0530] {logging_mixin.py:188} INFO - [2024-06-18T15:14:31.859+0530] {dag.py:3954} INFO - Setting next_dagrun for example_bash_operator to 2024-06-17 00:00:00+00:00, run_after=2024-06-18 00:00:00+00:00
[2024-06-18T15:14:31.886+0530] {processor.py:183} INFO - Processing /home/kiit/airflow-env/lib/python3.8/site-packages/airflow/example_dags/example_bash_operator.py took 0.093 seconds
[2024-06-18T15:15:02.141+0530] {processor.py:161} INFO - Started process (PID=34697) to work on /home/kiit/airflow-env/lib/python3.8/site-packages/airflow/example_dags/example_bash_operator.py
[2024-06-18T15:15:02.142+0530] {processor.py:830} INFO - Processing file /home/kiit/airflow-env/lib/python3.8/site-packages/airflow/example_dags/example_bash_operator.py for tasks to queue
[2024-06-18T15:15:02.143+0530] {logging_mixin.py:188} INFO - [2024-06-18T15:15:02.143+0530] {dagbag.py:545} INFO - Filling up the DagBag from /home/kiit/airflow-env/lib/python3.8/site-packages/airflow/example_dags/example_bash_operator.py
[2024-06-18T15:15:02.153+0530] {processor.py:840} INFO - DAG(s) 'example_bash_operator' retrieved from /home/kiit/airflow-env/lib/python3.8/site-packages/airflow/example_dags/example_bash_operator.py
[2024-06-18T15:15:02.182+0530] {logging_mixin.py:188} INFO - [2024-06-18T15:15:02.181+0530] {dag.py:3096} INFO - Sync 1 DAGs
[2024-06-18T15:15:02.198+0530] {logging_mixin.py:188} INFO - [2024-06-18T15:15:02.198+0530] {dag.py:3954} INFO - Setting next_dagrun for example_bash_operator to 2024-06-17 00:00:00+00:00, run_after=2024-06-18 00:00:00+00:00
[2024-06-18T15:15:02.223+0530] {processor.py:183} INFO - Processing /home/kiit/airflow-env/lib/python3.8/site-packages/airflow/example_dags/example_bash_operator.py took 0.089 seconds
[2024-06-18T15:15:32.415+0530] {processor.py:161} INFO - Started process (PID=34756) to work on /home/kiit/airflow-env/lib/python3.8/site-packages/airflow/example_dags/example_bash_operator.py
[2024-06-18T15:15:32.423+0530] {processor.py:830} INFO - Processing file /home/kiit/airflow-env/lib/python3.8/site-packages/airflow/example_dags/example_bash_operator.py for tasks to queue
[2024-06-18T15:15:32.425+0530] {logging_mixin.py:188} INFO - [2024-06-18T15:15:32.424+0530] {dagbag.py:545} INFO - Filling up the DagBag from /home/kiit/airflow-env/lib/python3.8/site-packages/airflow/example_dags/example_bash_operator.py
[2024-06-18T15:15:32.432+0530] {processor.py:840} INFO - DAG(s) 'example_bash_operator' retrieved from /home/kiit/airflow-env/lib/python3.8/site-packages/airflow/example_dags/example_bash_operator.py
[2024-06-18T15:15:32.457+0530] {logging_mixin.py:188} INFO - [2024-06-18T15:15:32.457+0530] {dag.py:3096} INFO - Sync 1 DAGs
[2024-06-18T15:15:32.472+0530] {logging_mixin.py:188} INFO - [2024-06-18T15:15:32.472+0530] {dag.py:3954} INFO - Setting next_dagrun for example_bash_operator to 2024-06-17 00:00:00+00:00, run_after=2024-06-18 00:00:00+00:00
[2024-06-18T15:15:32.494+0530] {processor.py:183} INFO - Processing /home/kiit/airflow-env/lib/python3.8/site-packages/airflow/example_dags/example_bash_operator.py took 0.084 seconds
[2024-06-18T15:16:02.707+0530] {processor.py:161} INFO - Started process (PID=34815) to work on /home/kiit/airflow-env/lib/python3.8/site-packages/airflow/example_dags/example_bash_operator.py
[2024-06-18T15:16:02.708+0530] {processor.py:830} INFO - Processing file /home/kiit/airflow-env/lib/python3.8/site-packages/airflow/example_dags/example_bash_operator.py for tasks to queue
[2024-06-18T15:16:02.709+0530] {logging_mixin.py:188} INFO - [2024-06-18T15:16:02.709+0530] {dagbag.py:545} INFO - Filling up the DagBag from /home/kiit/airflow-env/lib/python3.8/site-packages/airflow/example_dags/example_bash_operator.py
[2024-06-18T15:16:02.722+0530] {processor.py:840} INFO - DAG(s) 'example_bash_operator' retrieved from /home/kiit/airflow-env/lib/python3.8/site-packages/airflow/example_dags/example_bash_operator.py
[2024-06-18T15:16:02.745+0530] {logging_mixin.py:188} INFO - [2024-06-18T15:16:02.745+0530] {dag.py:3096} INFO - Sync 1 DAGs
[2024-06-18T15:16:02.763+0530] {logging_mixin.py:188} INFO - [2024-06-18T15:16:02.762+0530] {dag.py:3954} INFO - Setting next_dagrun for example_bash_operator to 2024-06-17 00:00:00+00:00, run_after=2024-06-18 00:00:00+00:00
[2024-06-18T15:16:02.783+0530] {processor.py:183} INFO - Processing /home/kiit/airflow-env/lib/python3.8/site-packages/airflow/example_dags/example_bash_operator.py took 0.081 seconds
[2024-06-18T15:16:32.840+0530] {processor.py:161} INFO - Started process (PID=34898) to work on /home/kiit/airflow-env/lib/python3.8/site-packages/airflow/example_dags/example_bash_operator.py
[2024-06-18T15:16:32.842+0530] {processor.py:830} INFO - Processing file /home/kiit/airflow-env/lib/python3.8/site-packages/airflow/example_dags/example_bash_operator.py for tasks to queue
[2024-06-18T15:16:32.843+0530] {logging_mixin.py:188} INFO - [2024-06-18T15:16:32.843+0530] {dagbag.py:545} INFO - Filling up the DagBag from /home/kiit/airflow-env/lib/python3.8/site-packages/airflow/example_dags/example_bash_operator.py
[2024-06-18T15:16:32.852+0530] {processor.py:840} INFO - DAG(s) 'example_bash_operator' retrieved from /home/kiit/airflow-env/lib/python3.8/site-packages/airflow/example_dags/example_bash_operator.py
[2024-06-18T15:16:32.933+0530] {logging_mixin.py:188} INFO - [2024-06-18T15:16:32.933+0530] {dag.py:3096} INFO - Sync 1 DAGs
[2024-06-18T15:16:32.949+0530] {logging_mixin.py:188} INFO - [2024-06-18T15:16:32.948+0530] {dag.py:3954} INFO - Setting next_dagrun for example_bash_operator to 2024-06-17 00:00:00+00:00, run_after=2024-06-18 00:00:00+00:00
[2024-06-18T15:16:32.971+0530] {processor.py:183} INFO - Processing /home/kiit/airflow-env/lib/python3.8/site-packages/airflow/example_dags/example_bash_operator.py took 0.137 seconds
