[2024-06-18T13:06:07.519+0530] {processor.py:161} INFO - Started process (PID=25363) to work on /home/kiit/airflow-env/lib/python3.8/site-packages/airflow/example_dags/example_time_delta_sensor_async.py
[2024-06-18T13:06:07.520+0530] {processor.py:830} INFO - Processing file /home/kiit/airflow-env/lib/python3.8/site-packages/airflow/example_dags/example_time_delta_sensor_async.py for tasks to queue
[2024-06-18T13:06:07.522+0530] {logging_mixin.py:188} INFO - [2024-06-18T13:06:07.522+0530] {dagbag.py:545} INFO - Filling up the DagBag from /home/kiit/airflow-env/lib/python3.8/site-packages/airflow/example_dags/example_time_delta_sensor_async.py
[2024-06-18T13:06:07.532+0530] {processor.py:840} INFO - DAG(s) 'example_time_delta_sensor_async' retrieved from /home/kiit/airflow-env/lib/python3.8/site-packages/airflow/example_dags/example_time_delta_sensor_async.py
[2024-06-18T13:06:07.679+0530] {logging_mixin.py:188} INFO - [2024-06-18T13:06:07.678+0530] {dag.py:3096} INFO - Sync 1 DAGs
[2024-06-18T13:06:07.694+0530] {logging_mixin.py:188} INFO - [2024-06-18T13:06:07.694+0530] {dag.py:3954} INFO - Setting next_dagrun for example_time_delta_sensor_async to None, run_after=None
[2024-06-18T13:06:07.845+0530] {processor.py:183} INFO - Processing /home/kiit/airflow-env/lib/python3.8/site-packages/airflow/example_dags/example_time_delta_sensor_async.py took 0.335 seconds
[2024-06-18T13:07:00.754+0530] {processor.py:161} INFO - Started process (PID=25443) to work on /home/kiit/airflow-env/lib/python3.8/site-packages/airflow/example_dags/example_time_delta_sensor_async.py
[2024-06-18T13:07:00.756+0530] {processor.py:830} INFO - Processing file /home/kiit/airflow-env/lib/python3.8/site-packages/airflow/example_dags/example_time_delta_sensor_async.py for tasks to queue
[2024-06-18T13:07:00.757+0530] {logging_mixin.py:188} INFO - [2024-06-18T13:07:00.757+0530] {dagbag.py:545} INFO - Filling up the DagBag from /home/kiit/airflow-env/lib/python3.8/site-packages/airflow/example_dags/example_time_delta_sensor_async.py
[2024-06-18T13:07:00.763+0530] {processor.py:840} INFO - DAG(s) 'example_time_delta_sensor_async' retrieved from /home/kiit/airflow-env/lib/python3.8/site-packages/airflow/example_dags/example_time_delta_sensor_async.py
[2024-06-18T13:07:00.777+0530] {logging_mixin.py:188} INFO - [2024-06-18T13:07:00.777+0530] {dag.py:3096} INFO - Sync 1 DAGs
[2024-06-18T13:07:00.785+0530] {logging_mixin.py:188} INFO - [2024-06-18T13:07:00.785+0530] {dag.py:3954} INFO - Setting next_dagrun for example_time_delta_sensor_async to None, run_after=None
[2024-06-18T13:07:00.802+0530] {processor.py:183} INFO - Processing /home/kiit/airflow-env/lib/python3.8/site-packages/airflow/example_dags/example_time_delta_sensor_async.py took 0.054 seconds
[2024-06-18T13:08:02.218+0530] {processor.py:161} INFO - Started process (PID=25501) to work on /home/kiit/airflow-env/lib/python3.8/site-packages/airflow/example_dags/example_time_delta_sensor_async.py
[2024-06-18T13:08:02.227+0530] {processor.py:830} INFO - Processing file /home/kiit/airflow-env/lib/python3.8/site-packages/airflow/example_dags/example_time_delta_sensor_async.py for tasks to queue
[2024-06-18T13:08:02.233+0530] {logging_mixin.py:188} INFO - [2024-06-18T13:08:02.231+0530] {dagbag.py:545} INFO - Filling up the DagBag from /home/kiit/airflow-env/lib/python3.8/site-packages/airflow/example_dags/example_time_delta_sensor_async.py
[2024-06-18T13:08:02.257+0530] {processor.py:840} INFO - DAG(s) 'example_time_delta_sensor_async' retrieved from /home/kiit/airflow-env/lib/python3.8/site-packages/airflow/example_dags/example_time_delta_sensor_async.py
[2024-06-18T13:08:02.340+0530] {logging_mixin.py:188} INFO - [2024-06-18T13:08:02.339+0530] {dag.py:3096} INFO - Sync 1 DAGs
[2024-06-18T13:08:02.427+0530] {logging_mixin.py:188} INFO - [2024-06-18T13:08:02.426+0530] {dag.py:3954} INFO - Setting next_dagrun for example_time_delta_sensor_async to None, run_after=None
[2024-06-18T13:08:02.553+0530] {processor.py:183} INFO - Processing /home/kiit/airflow-env/lib/python3.8/site-packages/airflow/example_dags/example_time_delta_sensor_async.py took 0.362 seconds
[2024-06-18T13:08:54.351+0530] {processor.py:161} INFO - Started process (PID=25560) to work on /home/kiit/airflow-env/lib/python3.8/site-packages/airflow/example_dags/example_time_delta_sensor_async.py
[2024-06-18T13:08:54.352+0530] {processor.py:830} INFO - Processing file /home/kiit/airflow-env/lib/python3.8/site-packages/airflow/example_dags/example_time_delta_sensor_async.py for tasks to queue
[2024-06-18T13:08:54.353+0530] {logging_mixin.py:188} INFO - [2024-06-18T13:08:54.353+0530] {dagbag.py:545} INFO - Filling up the DagBag from /home/kiit/airflow-env/lib/python3.8/site-packages/airflow/example_dags/example_time_delta_sensor_async.py
[2024-06-18T13:08:54.356+0530] {processor.py:840} INFO - DAG(s) 'example_time_delta_sensor_async' retrieved from /home/kiit/airflow-env/lib/python3.8/site-packages/airflow/example_dags/example_time_delta_sensor_async.py
[2024-06-18T13:08:54.369+0530] {logging_mixin.py:188} INFO - [2024-06-18T13:08:54.369+0530] {dag.py:3096} INFO - Sync 1 DAGs
[2024-06-18T13:08:54.376+0530] {logging_mixin.py:188} INFO - [2024-06-18T13:08:54.376+0530] {dag.py:3954} INFO - Setting next_dagrun for example_time_delta_sensor_async to None, run_after=None
[2024-06-18T13:08:54.397+0530] {processor.py:183} INFO - Processing /home/kiit/airflow-env/lib/python3.8/site-packages/airflow/example_dags/example_time_delta_sensor_async.py took 0.051 seconds
[2024-06-18T13:09:45.516+0530] {processor.py:161} INFO - Started process (PID=25630) to work on /home/kiit/airflow-env/lib/python3.8/site-packages/airflow/example_dags/example_time_delta_sensor_async.py
[2024-06-18T13:09:45.517+0530] {processor.py:830} INFO - Processing file /home/kiit/airflow-env/lib/python3.8/site-packages/airflow/example_dags/example_time_delta_sensor_async.py for tasks to queue
[2024-06-18T13:09:45.518+0530] {logging_mixin.py:188} INFO - [2024-06-18T13:09:45.518+0530] {dagbag.py:545} INFO - Filling up the DagBag from /home/kiit/airflow-env/lib/python3.8/site-packages/airflow/example_dags/example_time_delta_sensor_async.py
[2024-06-18T13:09:45.522+0530] {processor.py:840} INFO - DAG(s) 'example_time_delta_sensor_async' retrieved from /home/kiit/airflow-env/lib/python3.8/site-packages/airflow/example_dags/example_time_delta_sensor_async.py
[2024-06-18T13:09:45.532+0530] {logging_mixin.py:188} INFO - [2024-06-18T13:09:45.532+0530] {dag.py:3096} INFO - Sync 1 DAGs
[2024-06-18T13:09:45.540+0530] {logging_mixin.py:188} INFO - [2024-06-18T13:09:45.540+0530] {dag.py:3954} INFO - Setting next_dagrun for example_time_delta_sensor_async to None, run_after=None
[2024-06-18T13:09:45.558+0530] {processor.py:183} INFO - Processing /home/kiit/airflow-env/lib/python3.8/site-packages/airflow/example_dags/example_time_delta_sensor_async.py took 0.045 seconds
[2024-06-18T13:10:56.290+0530] {processor.py:161} INFO - Started process (PID=25703) to work on /home/kiit/airflow-env/lib/python3.8/site-packages/airflow/example_dags/example_time_delta_sensor_async.py
[2024-06-18T13:10:56.293+0530] {processor.py:830} INFO - Processing file /home/kiit/airflow-env/lib/python3.8/site-packages/airflow/example_dags/example_time_delta_sensor_async.py for tasks to queue
[2024-06-18T13:10:56.295+0530] {logging_mixin.py:188} INFO - [2024-06-18T13:10:56.295+0530] {dagbag.py:545} INFO - Filling up the DagBag from /home/kiit/airflow-env/lib/python3.8/site-packages/airflow/example_dags/example_time_delta_sensor_async.py
[2024-06-18T13:10:56.301+0530] {processor.py:840} INFO - DAG(s) 'example_time_delta_sensor_async' retrieved from /home/kiit/airflow-env/lib/python3.8/site-packages/airflow/example_dags/example_time_delta_sensor_async.py
[2024-06-18T13:10:56.323+0530] {logging_mixin.py:188} INFO - [2024-06-18T13:10:56.323+0530] {dag.py:3096} INFO - Sync 1 DAGs
[2024-06-18T13:10:56.340+0530] {logging_mixin.py:188} INFO - [2024-06-18T13:10:56.339+0530] {dag.py:3954} INFO - Setting next_dagrun for example_time_delta_sensor_async to None, run_after=None
[2024-06-18T13:10:56.372+0530] {processor.py:183} INFO - Processing /home/kiit/airflow-env/lib/python3.8/site-packages/airflow/example_dags/example_time_delta_sensor_async.py took 0.091 seconds
[2024-06-18T13:12:00.251+0530] {processor.py:161} INFO - Started process (PID=25782) to work on /home/kiit/airflow-env/lib/python3.8/site-packages/airflow/example_dags/example_time_delta_sensor_async.py
[2024-06-18T13:12:00.252+0530] {processor.py:830} INFO - Processing file /home/kiit/airflow-env/lib/python3.8/site-packages/airflow/example_dags/example_time_delta_sensor_async.py for tasks to queue
[2024-06-18T13:12:00.253+0530] {logging_mixin.py:188} INFO - [2024-06-18T13:12:00.253+0530] {dagbag.py:545} INFO - Filling up the DagBag from /home/kiit/airflow-env/lib/python3.8/site-packages/airflow/example_dags/example_time_delta_sensor_async.py
[2024-06-18T13:12:00.257+0530] {processor.py:840} INFO - DAG(s) 'example_time_delta_sensor_async' retrieved from /home/kiit/airflow-env/lib/python3.8/site-packages/airflow/example_dags/example_time_delta_sensor_async.py
[2024-06-18T13:12:00.269+0530] {logging_mixin.py:188} INFO - [2024-06-18T13:12:00.269+0530] {dag.py:3096} INFO - Sync 1 DAGs
[2024-06-18T13:12:00.279+0530] {logging_mixin.py:188} INFO - [2024-06-18T13:12:00.279+0530] {dag.py:3954} INFO - Setting next_dagrun for example_time_delta_sensor_async to None, run_after=None
[2024-06-18T13:12:00.298+0530] {processor.py:183} INFO - Processing /home/kiit/airflow-env/lib/python3.8/site-packages/airflow/example_dags/example_time_delta_sensor_async.py took 0.052 seconds
[2024-06-18T13:13:00.308+0530] {processor.py:161} INFO - Started process (PID=25851) to work on /home/kiit/airflow-env/lib/python3.8/site-packages/airflow/example_dags/example_time_delta_sensor_async.py
[2024-06-18T13:13:00.310+0530] {processor.py:830} INFO - Processing file /home/kiit/airflow-env/lib/python3.8/site-packages/airflow/example_dags/example_time_delta_sensor_async.py for tasks to queue
[2024-06-18T13:13:00.311+0530] {logging_mixin.py:188} INFO - [2024-06-18T13:13:00.311+0530] {dagbag.py:545} INFO - Filling up the DagBag from /home/kiit/airflow-env/lib/python3.8/site-packages/airflow/example_dags/example_time_delta_sensor_async.py
[2024-06-18T13:13:00.315+0530] {processor.py:840} INFO - DAG(s) 'example_time_delta_sensor_async' retrieved from /home/kiit/airflow-env/lib/python3.8/site-packages/airflow/example_dags/example_time_delta_sensor_async.py
[2024-06-18T13:13:00.328+0530] {logging_mixin.py:188} INFO - [2024-06-18T13:13:00.328+0530] {dag.py:3096} INFO - Sync 1 DAGs
[2024-06-18T13:13:00.340+0530] {logging_mixin.py:188} INFO - [2024-06-18T13:13:00.340+0530] {dag.py:3954} INFO - Setting next_dagrun for example_time_delta_sensor_async to None, run_after=None
[2024-06-18T13:13:00.360+0530] {processor.py:183} INFO - Processing /home/kiit/airflow-env/lib/python3.8/site-packages/airflow/example_dags/example_time_delta_sensor_async.py took 0.058 seconds
[2024-06-18T13:13:57.707+0530] {processor.py:161} INFO - Started process (PID=25925) to work on /home/kiit/airflow-env/lib/python3.8/site-packages/airflow/example_dags/example_time_delta_sensor_async.py
[2024-06-18T13:13:57.708+0530] {processor.py:830} INFO - Processing file /home/kiit/airflow-env/lib/python3.8/site-packages/airflow/example_dags/example_time_delta_sensor_async.py for tasks to queue
[2024-06-18T13:13:57.709+0530] {logging_mixin.py:188} INFO - [2024-06-18T13:13:57.709+0530] {dagbag.py:545} INFO - Filling up the DagBag from /home/kiit/airflow-env/lib/python3.8/site-packages/airflow/example_dags/example_time_delta_sensor_async.py
[2024-06-18T13:13:57.713+0530] {processor.py:840} INFO - DAG(s) 'example_time_delta_sensor_async' retrieved from /home/kiit/airflow-env/lib/python3.8/site-packages/airflow/example_dags/example_time_delta_sensor_async.py
[2024-06-18T13:13:57.722+0530] {logging_mixin.py:188} INFO - [2024-06-18T13:13:57.722+0530] {dag.py:3096} INFO - Sync 1 DAGs
[2024-06-18T13:13:57.730+0530] {logging_mixin.py:188} INFO - [2024-06-18T13:13:57.730+0530] {dag.py:3954} INFO - Setting next_dagrun for example_time_delta_sensor_async to None, run_after=None
[2024-06-18T13:13:57.748+0530] {processor.py:183} INFO - Processing /home/kiit/airflow-env/lib/python3.8/site-packages/airflow/example_dags/example_time_delta_sensor_async.py took 0.045 seconds
[2024-06-18T13:14:55.517+0530] {processor.py:161} INFO - Started process (PID=25992) to work on /home/kiit/airflow-env/lib/python3.8/site-packages/airflow/example_dags/example_time_delta_sensor_async.py
[2024-06-18T13:14:55.519+0530] {processor.py:830} INFO - Processing file /home/kiit/airflow-env/lib/python3.8/site-packages/airflow/example_dags/example_time_delta_sensor_async.py for tasks to queue
[2024-06-18T13:14:55.521+0530] {logging_mixin.py:188} INFO - [2024-06-18T13:14:55.521+0530] {dagbag.py:545} INFO - Filling up the DagBag from /home/kiit/airflow-env/lib/python3.8/site-packages/airflow/example_dags/example_time_delta_sensor_async.py
[2024-06-18T13:14:55.528+0530] {processor.py:840} INFO - DAG(s) 'example_time_delta_sensor_async' retrieved from /home/kiit/airflow-env/lib/python3.8/site-packages/airflow/example_dags/example_time_delta_sensor_async.py
[2024-06-18T13:14:55.548+0530] {logging_mixin.py:188} INFO - [2024-06-18T13:14:55.547+0530] {dag.py:3096} INFO - Sync 1 DAGs
[2024-06-18T13:14:55.563+0530] {logging_mixin.py:188} INFO - [2024-06-18T13:14:55.562+0530] {dag.py:3954} INFO - Setting next_dagrun for example_time_delta_sensor_async to None, run_after=None
[2024-06-18T13:14:55.591+0530] {processor.py:183} INFO - Processing /home/kiit/airflow-env/lib/python3.8/site-packages/airflow/example_dags/example_time_delta_sensor_async.py took 0.090 seconds
[2024-06-18T13:15:58.459+0530] {processor.py:161} INFO - Started process (PID=26070) to work on /home/kiit/airflow-env/lib/python3.8/site-packages/airflow/example_dags/example_time_delta_sensor_async.py
[2024-06-18T13:15:58.460+0530] {processor.py:830} INFO - Processing file /home/kiit/airflow-env/lib/python3.8/site-packages/airflow/example_dags/example_time_delta_sensor_async.py for tasks to queue
[2024-06-18T13:15:58.462+0530] {logging_mixin.py:188} INFO - [2024-06-18T13:15:58.462+0530] {dagbag.py:545} INFO - Filling up the DagBag from /home/kiit/airflow-env/lib/python3.8/site-packages/airflow/example_dags/example_time_delta_sensor_async.py
[2024-06-18T13:15:58.466+0530] {processor.py:840} INFO - DAG(s) 'example_time_delta_sensor_async' retrieved from /home/kiit/airflow-env/lib/python3.8/site-packages/airflow/example_dags/example_time_delta_sensor_async.py
[2024-06-18T13:15:58.479+0530] {logging_mixin.py:188} INFO - [2024-06-18T13:15:58.478+0530] {dag.py:3096} INFO - Sync 1 DAGs
[2024-06-18T13:15:58.487+0530] {logging_mixin.py:188} INFO - [2024-06-18T13:15:58.487+0530] {dag.py:3954} INFO - Setting next_dagrun for example_time_delta_sensor_async to None, run_after=None
[2024-06-18T13:15:58.509+0530] {processor.py:183} INFO - Processing /home/kiit/airflow-env/lib/python3.8/site-packages/airflow/example_dags/example_time_delta_sensor_async.py took 0.056 seconds
[2024-06-18T13:16:55.122+0530] {processor.py:161} INFO - Started process (PID=26136) to work on /home/kiit/airflow-env/lib/python3.8/site-packages/airflow/example_dags/example_time_delta_sensor_async.py
[2024-06-18T13:16:55.123+0530] {processor.py:830} INFO - Processing file /home/kiit/airflow-env/lib/python3.8/site-packages/airflow/example_dags/example_time_delta_sensor_async.py for tasks to queue
[2024-06-18T13:16:55.124+0530] {logging_mixin.py:188} INFO - [2024-06-18T13:16:55.124+0530] {dagbag.py:545} INFO - Filling up the DagBag from /home/kiit/airflow-env/lib/python3.8/site-packages/airflow/example_dags/example_time_delta_sensor_async.py
[2024-06-18T13:16:55.128+0530] {processor.py:840} INFO - DAG(s) 'example_time_delta_sensor_async' retrieved from /home/kiit/airflow-env/lib/python3.8/site-packages/airflow/example_dags/example_time_delta_sensor_async.py
[2024-06-18T13:16:55.140+0530] {logging_mixin.py:188} INFO - [2024-06-18T13:16:55.140+0530] {dag.py:3096} INFO - Sync 1 DAGs
[2024-06-18T13:16:55.148+0530] {logging_mixin.py:188} INFO - [2024-06-18T13:16:55.148+0530] {dag.py:3954} INFO - Setting next_dagrun for example_time_delta_sensor_async to None, run_after=None
[2024-06-18T13:16:55.168+0530] {processor.py:183} INFO - Processing /home/kiit/airflow-env/lib/python3.8/site-packages/airflow/example_dags/example_time_delta_sensor_async.py took 0.051 seconds
[2024-06-18T13:17:55.836+0530] {processor.py:161} INFO - Started process (PID=26212) to work on /home/kiit/airflow-env/lib/python3.8/site-packages/airflow/example_dags/example_time_delta_sensor_async.py
[2024-06-18T13:17:55.837+0530] {processor.py:830} INFO - Processing file /home/kiit/airflow-env/lib/python3.8/site-packages/airflow/example_dags/example_time_delta_sensor_async.py for tasks to queue
[2024-06-18T13:17:55.840+0530] {logging_mixin.py:188} INFO - [2024-06-18T13:17:55.839+0530] {dagbag.py:545} INFO - Filling up the DagBag from /home/kiit/airflow-env/lib/python3.8/site-packages/airflow/example_dags/example_time_delta_sensor_async.py
[2024-06-18T13:17:55.846+0530] {processor.py:840} INFO - DAG(s) 'example_time_delta_sensor_async' retrieved from /home/kiit/airflow-env/lib/python3.8/site-packages/airflow/example_dags/example_time_delta_sensor_async.py
[2024-06-18T13:17:55.863+0530] {logging_mixin.py:188} INFO - [2024-06-18T13:17:55.863+0530] {dag.py:3096} INFO - Sync 1 DAGs
[2024-06-18T13:17:55.878+0530] {logging_mixin.py:188} INFO - [2024-06-18T13:17:55.877+0530] {dag.py:3954} INFO - Setting next_dagrun for example_time_delta_sensor_async to None, run_after=None
[2024-06-18T13:17:55.902+0530] {processor.py:183} INFO - Processing /home/kiit/airflow-env/lib/python3.8/site-packages/airflow/example_dags/example_time_delta_sensor_async.py took 0.073 seconds
[2024-06-18T13:19:01.788+0530] {processor.py:161} INFO - Started process (PID=26285) to work on /home/kiit/airflow-env/lib/python3.8/site-packages/airflow/example_dags/example_time_delta_sensor_async.py
[2024-06-18T13:19:01.789+0530] {processor.py:830} INFO - Processing file /home/kiit/airflow-env/lib/python3.8/site-packages/airflow/example_dags/example_time_delta_sensor_async.py for tasks to queue
[2024-06-18T13:19:01.791+0530] {logging_mixin.py:188} INFO - [2024-06-18T13:19:01.790+0530] {dagbag.py:545} INFO - Filling up the DagBag from /home/kiit/airflow-env/lib/python3.8/site-packages/airflow/example_dags/example_time_delta_sensor_async.py
[2024-06-18T13:19:01.794+0530] {processor.py:840} INFO - DAG(s) 'example_time_delta_sensor_async' retrieved from /home/kiit/airflow-env/lib/python3.8/site-packages/airflow/example_dags/example_time_delta_sensor_async.py
[2024-06-18T13:19:01.807+0530] {logging_mixin.py:188} INFO - [2024-06-18T13:19:01.806+0530] {dag.py:3096} INFO - Sync 1 DAGs
[2024-06-18T13:19:01.816+0530] {logging_mixin.py:188} INFO - [2024-06-18T13:19:01.816+0530] {dag.py:3954} INFO - Setting next_dagrun for example_time_delta_sensor_async to None, run_after=None
[2024-06-18T13:19:01.834+0530] {processor.py:183} INFO - Processing /home/kiit/airflow-env/lib/python3.8/site-packages/airflow/example_dags/example_time_delta_sensor_async.py took 0.053 seconds
[2024-06-18T13:20:00.076+0530] {processor.py:161} INFO - Started process (PID=26360) to work on /home/kiit/airflow-env/lib/python3.8/site-packages/airflow/example_dags/example_time_delta_sensor_async.py
[2024-06-18T13:20:00.078+0530] {processor.py:830} INFO - Processing file /home/kiit/airflow-env/lib/python3.8/site-packages/airflow/example_dags/example_time_delta_sensor_async.py for tasks to queue
[2024-06-18T13:20:00.080+0530] {logging_mixin.py:188} INFO - [2024-06-18T13:20:00.079+0530] {dagbag.py:545} INFO - Filling up the DagBag from /home/kiit/airflow-env/lib/python3.8/site-packages/airflow/example_dags/example_time_delta_sensor_async.py
[2024-06-18T13:20:00.084+0530] {processor.py:840} INFO - DAG(s) 'example_time_delta_sensor_async' retrieved from /home/kiit/airflow-env/lib/python3.8/site-packages/airflow/example_dags/example_time_delta_sensor_async.py
[2024-06-18T13:20:00.104+0530] {logging_mixin.py:188} INFO - [2024-06-18T13:20:00.103+0530] {dag.py:3096} INFO - Sync 1 DAGs
[2024-06-18T13:20:00.115+0530] {logging_mixin.py:188} INFO - [2024-06-18T13:20:00.115+0530] {dag.py:3954} INFO - Setting next_dagrun for example_time_delta_sensor_async to None, run_after=None
[2024-06-18T13:20:00.140+0530] {processor.py:183} INFO - Processing /home/kiit/airflow-env/lib/python3.8/site-packages/airflow/example_dags/example_time_delta_sensor_async.py took 0.070 seconds
[2024-06-18T13:20:56.468+0530] {processor.py:161} INFO - Started process (PID=26426) to work on /home/kiit/airflow-env/lib/python3.8/site-packages/airflow/example_dags/example_time_delta_sensor_async.py
[2024-06-18T13:20:56.469+0530] {processor.py:830} INFO - Processing file /home/kiit/airflow-env/lib/python3.8/site-packages/airflow/example_dags/example_time_delta_sensor_async.py for tasks to queue
[2024-06-18T13:20:56.471+0530] {logging_mixin.py:188} INFO - [2024-06-18T13:20:56.470+0530] {dagbag.py:545} INFO - Filling up the DagBag from /home/kiit/airflow-env/lib/python3.8/site-packages/airflow/example_dags/example_time_delta_sensor_async.py
[2024-06-18T13:20:56.474+0530] {processor.py:840} INFO - DAG(s) 'example_time_delta_sensor_async' retrieved from /home/kiit/airflow-env/lib/python3.8/site-packages/airflow/example_dags/example_time_delta_sensor_async.py
[2024-06-18T13:20:56.484+0530] {logging_mixin.py:188} INFO - [2024-06-18T13:20:56.484+0530] {dag.py:3096} INFO - Sync 1 DAGs
[2024-06-18T13:20:56.493+0530] {logging_mixin.py:188} INFO - [2024-06-18T13:20:56.492+0530] {dag.py:3954} INFO - Setting next_dagrun for example_time_delta_sensor_async to None, run_after=None
[2024-06-18T13:20:56.512+0530] {processor.py:183} INFO - Processing /home/kiit/airflow-env/lib/python3.8/site-packages/airflow/example_dags/example_time_delta_sensor_async.py took 0.048 seconds
[2024-06-18T13:21:53.981+0530] {processor.py:161} INFO - Started process (PID=26499) to work on /home/kiit/airflow-env/lib/python3.8/site-packages/airflow/example_dags/example_time_delta_sensor_async.py
[2024-06-18T13:21:53.982+0530] {processor.py:830} INFO - Processing file /home/kiit/airflow-env/lib/python3.8/site-packages/airflow/example_dags/example_time_delta_sensor_async.py for tasks to queue
[2024-06-18T13:21:53.984+0530] {logging_mixin.py:188} INFO - [2024-06-18T13:21:53.983+0530] {dagbag.py:545} INFO - Filling up the DagBag from /home/kiit/airflow-env/lib/python3.8/site-packages/airflow/example_dags/example_time_delta_sensor_async.py
[2024-06-18T13:21:53.987+0530] {processor.py:840} INFO - DAG(s) 'example_time_delta_sensor_async' retrieved from /home/kiit/airflow-env/lib/python3.8/site-packages/airflow/example_dags/example_time_delta_sensor_async.py
[2024-06-18T13:21:53.999+0530] {logging_mixin.py:188} INFO - [2024-06-18T13:21:53.999+0530] {dag.py:3096} INFO - Sync 1 DAGs
[2024-06-18T13:21:54.008+0530] {logging_mixin.py:188} INFO - [2024-06-18T13:21:54.008+0530] {dag.py:3954} INFO - Setting next_dagrun for example_time_delta_sensor_async to None, run_after=None
[2024-06-18T13:21:54.027+0530] {processor.py:183} INFO - Processing /home/kiit/airflow-env/lib/python3.8/site-packages/airflow/example_dags/example_time_delta_sensor_async.py took 0.051 seconds
[2024-06-18T13:22:50.789+0530] {processor.py:161} INFO - Started process (PID=26566) to work on /home/kiit/airflow-env/lib/python3.8/site-packages/airflow/example_dags/example_time_delta_sensor_async.py
[2024-06-18T13:22:50.790+0530] {processor.py:830} INFO - Processing file /home/kiit/airflow-env/lib/python3.8/site-packages/airflow/example_dags/example_time_delta_sensor_async.py for tasks to queue
[2024-06-18T13:22:50.791+0530] {logging_mixin.py:188} INFO - [2024-06-18T13:22:50.791+0530] {dagbag.py:545} INFO - Filling up the DagBag from /home/kiit/airflow-env/lib/python3.8/site-packages/airflow/example_dags/example_time_delta_sensor_async.py
[2024-06-18T13:22:50.794+0530] {processor.py:840} INFO - DAG(s) 'example_time_delta_sensor_async' retrieved from /home/kiit/airflow-env/lib/python3.8/site-packages/airflow/example_dags/example_time_delta_sensor_async.py
[2024-06-18T13:22:50.804+0530] {logging_mixin.py:188} INFO - [2024-06-18T13:22:50.804+0530] {dag.py:3096} INFO - Sync 1 DAGs
[2024-06-18T13:22:50.812+0530] {logging_mixin.py:188} INFO - [2024-06-18T13:22:50.811+0530] {dag.py:3954} INFO - Setting next_dagrun for example_time_delta_sensor_async to None, run_after=None
[2024-06-18T13:22:50.829+0530] {processor.py:183} INFO - Processing /home/kiit/airflow-env/lib/python3.8/site-packages/airflow/example_dags/example_time_delta_sensor_async.py took 0.045 seconds
[2024-06-18T13:23:47.671+0530] {processor.py:161} INFO - Started process (PID=26639) to work on /home/kiit/airflow-env/lib/python3.8/site-packages/airflow/example_dags/example_time_delta_sensor_async.py
[2024-06-18T13:23:47.677+0530] {processor.py:830} INFO - Processing file /home/kiit/airflow-env/lib/python3.8/site-packages/airflow/example_dags/example_time_delta_sensor_async.py for tasks to queue
[2024-06-18T13:23:47.679+0530] {logging_mixin.py:188} INFO - [2024-06-18T13:23:47.678+0530] {dagbag.py:545} INFO - Filling up the DagBag from /home/kiit/airflow-env/lib/python3.8/site-packages/airflow/example_dags/example_time_delta_sensor_async.py
[2024-06-18T13:23:47.682+0530] {processor.py:840} INFO - DAG(s) 'example_time_delta_sensor_async' retrieved from /home/kiit/airflow-env/lib/python3.8/site-packages/airflow/example_dags/example_time_delta_sensor_async.py
[2024-06-18T13:23:47.692+0530] {logging_mixin.py:188} INFO - [2024-06-18T13:23:47.692+0530] {dag.py:3096} INFO - Sync 1 DAGs
[2024-06-18T13:23:47.700+0530] {logging_mixin.py:188} INFO - [2024-06-18T13:23:47.699+0530] {dag.py:3954} INFO - Setting next_dagrun for example_time_delta_sensor_async to None, run_after=None
[2024-06-18T13:23:47.717+0530] {processor.py:183} INFO - Processing /home/kiit/airflow-env/lib/python3.8/site-packages/airflow/example_dags/example_time_delta_sensor_async.py took 0.050 seconds
[2024-06-18T13:24:47.333+0530] {processor.py:161} INFO - Started process (PID=26708) to work on /home/kiit/airflow-env/lib/python3.8/site-packages/airflow/example_dags/example_time_delta_sensor_async.py
[2024-06-18T13:24:47.335+0530] {processor.py:830} INFO - Processing file /home/kiit/airflow-env/lib/python3.8/site-packages/airflow/example_dags/example_time_delta_sensor_async.py for tasks to queue
[2024-06-18T13:24:47.337+0530] {logging_mixin.py:188} INFO - [2024-06-18T13:24:47.336+0530] {dagbag.py:545} INFO - Filling up the DagBag from /home/kiit/airflow-env/lib/python3.8/site-packages/airflow/example_dags/example_time_delta_sensor_async.py
[2024-06-18T13:24:47.342+0530] {processor.py:840} INFO - DAG(s) 'example_time_delta_sensor_async' retrieved from /home/kiit/airflow-env/lib/python3.8/site-packages/airflow/example_dags/example_time_delta_sensor_async.py
[2024-06-18T13:24:47.359+0530] {logging_mixin.py:188} INFO - [2024-06-18T13:24:47.359+0530] {dag.py:3096} INFO - Sync 1 DAGs
[2024-06-18T13:24:47.372+0530] {logging_mixin.py:188} INFO - [2024-06-18T13:24:47.371+0530] {dag.py:3954} INFO - Setting next_dagrun for example_time_delta_sensor_async to None, run_after=None
[2024-06-18T13:24:47.394+0530] {processor.py:183} INFO - Processing /home/kiit/airflow-env/lib/python3.8/site-packages/airflow/example_dags/example_time_delta_sensor_async.py took 0.067 seconds
[2024-06-18T13:25:42.340+0530] {processor.py:161} INFO - Started process (PID=26784) to work on /home/kiit/airflow-env/lib/python3.8/site-packages/airflow/example_dags/example_time_delta_sensor_async.py
[2024-06-18T13:25:42.342+0530] {processor.py:830} INFO - Processing file /home/kiit/airflow-env/lib/python3.8/site-packages/airflow/example_dags/example_time_delta_sensor_async.py for tasks to queue
[2024-06-18T13:25:42.343+0530] {logging_mixin.py:188} INFO - [2024-06-18T13:25:42.343+0530] {dagbag.py:545} INFO - Filling up the DagBag from /home/kiit/airflow-env/lib/python3.8/site-packages/airflow/example_dags/example_time_delta_sensor_async.py
[2024-06-18T13:25:42.346+0530] {processor.py:840} INFO - DAG(s) 'example_time_delta_sensor_async' retrieved from /home/kiit/airflow-env/lib/python3.8/site-packages/airflow/example_dags/example_time_delta_sensor_async.py
[2024-06-18T13:25:42.357+0530] {logging_mixin.py:188} INFO - [2024-06-18T13:25:42.357+0530] {dag.py:3096} INFO - Sync 1 DAGs
[2024-06-18T13:25:42.366+0530] {logging_mixin.py:188} INFO - [2024-06-18T13:25:42.366+0530] {dag.py:3954} INFO - Setting next_dagrun for example_time_delta_sensor_async to None, run_after=None
[2024-06-18T13:25:42.384+0530] {processor.py:183} INFO - Processing /home/kiit/airflow-env/lib/python3.8/site-packages/airflow/example_dags/example_time_delta_sensor_async.py took 0.048 seconds
[2024-06-18T13:26:44.716+0530] {processor.py:161} INFO - Started process (PID=26853) to work on /home/kiit/airflow-env/lib/python3.8/site-packages/airflow/example_dags/example_time_delta_sensor_async.py
[2024-06-18T13:26:44.721+0530] {processor.py:830} INFO - Processing file /home/kiit/airflow-env/lib/python3.8/site-packages/airflow/example_dags/example_time_delta_sensor_async.py for tasks to queue
[2024-06-18T13:26:44.726+0530] {logging_mixin.py:188} INFO - [2024-06-18T13:26:44.725+0530] {dagbag.py:545} INFO - Filling up the DagBag from /home/kiit/airflow-env/lib/python3.8/site-packages/airflow/example_dags/example_time_delta_sensor_async.py
[2024-06-18T13:26:44.745+0530] {processor.py:840} INFO - DAG(s) 'example_time_delta_sensor_async' retrieved from /home/kiit/airflow-env/lib/python3.8/site-packages/airflow/example_dags/example_time_delta_sensor_async.py
[2024-06-18T13:26:44.872+0530] {logging_mixin.py:188} INFO - [2024-06-18T13:26:44.871+0530] {dag.py:3096} INFO - Sync 1 DAGs
[2024-06-18T13:26:44.923+0530] {logging_mixin.py:188} INFO - [2024-06-18T13:26:44.922+0530] {dag.py:3954} INFO - Setting next_dagrun for example_time_delta_sensor_async to None, run_after=None
[2024-06-18T13:26:45.010+0530] {processor.py:183} INFO - Processing /home/kiit/airflow-env/lib/python3.8/site-packages/airflow/example_dags/example_time_delta_sensor_async.py took 0.331 seconds
[2024-06-18T13:27:35.393+0530] {processor.py:161} INFO - Started process (PID=26907) to work on /home/kiit/airflow-env/lib/python3.8/site-packages/airflow/example_dags/example_time_delta_sensor_async.py
[2024-06-18T13:27:35.395+0530] {processor.py:830} INFO - Processing file /home/kiit/airflow-env/lib/python3.8/site-packages/airflow/example_dags/example_time_delta_sensor_async.py for tasks to queue
[2024-06-18T13:27:35.396+0530] {logging_mixin.py:188} INFO - [2024-06-18T13:27:35.396+0530] {dagbag.py:545} INFO - Filling up the DagBag from /home/kiit/airflow-env/lib/python3.8/site-packages/airflow/example_dags/example_time_delta_sensor_async.py
[2024-06-18T13:27:35.399+0530] {processor.py:840} INFO - DAG(s) 'example_time_delta_sensor_async' retrieved from /home/kiit/airflow-env/lib/python3.8/site-packages/airflow/example_dags/example_time_delta_sensor_async.py
[2024-06-18T13:27:35.412+0530] {logging_mixin.py:188} INFO - [2024-06-18T13:27:35.411+0530] {dag.py:3096} INFO - Sync 1 DAGs
[2024-06-18T13:27:35.421+0530] {logging_mixin.py:188} INFO - [2024-06-18T13:27:35.421+0530] {dag.py:3954} INFO - Setting next_dagrun for example_time_delta_sensor_async to None, run_after=None
[2024-06-18T13:27:35.442+0530] {processor.py:183} INFO - Processing /home/kiit/airflow-env/lib/python3.8/site-packages/airflow/example_dags/example_time_delta_sensor_async.py took 0.054 seconds
[2024-06-18T13:28:38.890+0530] {processor.py:161} INFO - Started process (PID=26958) to work on /home/kiit/airflow-env/lib/python3.8/site-packages/airflow/example_dags/example_time_delta_sensor_async.py
[2024-06-18T13:28:38.899+0530] {processor.py:830} INFO - Processing file /home/kiit/airflow-env/lib/python3.8/site-packages/airflow/example_dags/example_time_delta_sensor_async.py for tasks to queue
[2024-06-18T13:28:38.906+0530] {logging_mixin.py:188} INFO - [2024-06-18T13:28:38.905+0530] {dagbag.py:545} INFO - Filling up the DagBag from /home/kiit/airflow-env/lib/python3.8/site-packages/airflow/example_dags/example_time_delta_sensor_async.py
[2024-06-18T13:28:38.943+0530] {processor.py:840} INFO - DAG(s) 'example_time_delta_sensor_async' retrieved from /home/kiit/airflow-env/lib/python3.8/site-packages/airflow/example_dags/example_time_delta_sensor_async.py
[2024-06-18T13:28:39.115+0530] {logging_mixin.py:188} INFO - [2024-06-18T13:28:39.114+0530] {dag.py:3096} INFO - Sync 1 DAGs
[2024-06-18T13:28:39.247+0530] {logging_mixin.py:188} INFO - [2024-06-18T13:28:39.238+0530] {dag.py:3954} INFO - Setting next_dagrun for example_time_delta_sensor_async to None, run_after=None
[2024-06-18T13:28:39.438+0530] {processor.py:183} INFO - Processing /home/kiit/airflow-env/lib/python3.8/site-packages/airflow/example_dags/example_time_delta_sensor_async.py took 0.610 seconds
[2024-06-18T13:29:48.225+0530] {processor.py:161} INFO - Started process (PID=27036) to work on /home/kiit/airflow-env/lib/python3.8/site-packages/airflow/example_dags/example_time_delta_sensor_async.py
[2024-06-18T13:29:48.227+0530] {processor.py:830} INFO - Processing file /home/kiit/airflow-env/lib/python3.8/site-packages/airflow/example_dags/example_time_delta_sensor_async.py for tasks to queue
[2024-06-18T13:29:48.230+0530] {logging_mixin.py:188} INFO - [2024-06-18T13:29:48.229+0530] {dagbag.py:545} INFO - Filling up the DagBag from /home/kiit/airflow-env/lib/python3.8/site-packages/airflow/example_dags/example_time_delta_sensor_async.py
[2024-06-18T13:29:48.243+0530] {processor.py:840} INFO - DAG(s) 'example_time_delta_sensor_async' retrieved from /home/kiit/airflow-env/lib/python3.8/site-packages/airflow/example_dags/example_time_delta_sensor_async.py
[2024-06-18T13:29:48.281+0530] {logging_mixin.py:188} INFO - [2024-06-18T13:29:48.281+0530] {dag.py:3096} INFO - Sync 1 DAGs
[2024-06-18T13:29:48.306+0530] {logging_mixin.py:188} INFO - [2024-06-18T13:29:48.305+0530] {dag.py:3954} INFO - Setting next_dagrun for example_time_delta_sensor_async to None, run_after=None
[2024-06-18T13:29:48.350+0530] {processor.py:183} INFO - Processing /home/kiit/airflow-env/lib/python3.8/site-packages/airflow/example_dags/example_time_delta_sensor_async.py took 0.138 seconds
[2024-06-18T13:30:39.832+0530] {processor.py:161} INFO - Started process (PID=27109) to work on /home/kiit/airflow-env/lib/python3.8/site-packages/airflow/example_dags/example_time_delta_sensor_async.py
[2024-06-18T13:30:39.833+0530] {processor.py:830} INFO - Processing file /home/kiit/airflow-env/lib/python3.8/site-packages/airflow/example_dags/example_time_delta_sensor_async.py for tasks to queue
[2024-06-18T13:30:39.834+0530] {logging_mixin.py:188} INFO - [2024-06-18T13:30:39.834+0530] {dagbag.py:545} INFO - Filling up the DagBag from /home/kiit/airflow-env/lib/python3.8/site-packages/airflow/example_dags/example_time_delta_sensor_async.py
[2024-06-18T13:30:39.837+0530] {processor.py:840} INFO - DAG(s) 'example_time_delta_sensor_async' retrieved from /home/kiit/airflow-env/lib/python3.8/site-packages/airflow/example_dags/example_time_delta_sensor_async.py
[2024-06-18T13:30:39.848+0530] {logging_mixin.py:188} INFO - [2024-06-18T13:30:39.848+0530] {dag.py:3096} INFO - Sync 1 DAGs
[2024-06-18T13:30:39.857+0530] {logging_mixin.py:188} INFO - [2024-06-18T13:30:39.856+0530] {dag.py:3954} INFO - Setting next_dagrun for example_time_delta_sensor_async to None, run_after=None
[2024-06-18T13:30:39.877+0530] {processor.py:183} INFO - Processing /home/kiit/airflow-env/lib/python3.8/site-packages/airflow/example_dags/example_time_delta_sensor_async.py took 0.050 seconds
[2024-06-18T13:31:38.567+0530] {processor.py:161} INFO - Started process (PID=27428) to work on /home/kiit/airflow-env/lib/python3.8/site-packages/airflow/example_dags/example_time_delta_sensor_async.py
[2024-06-18T13:31:38.569+0530] {processor.py:830} INFO - Processing file /home/kiit/airflow-env/lib/python3.8/site-packages/airflow/example_dags/example_time_delta_sensor_async.py for tasks to queue
[2024-06-18T13:31:38.572+0530] {logging_mixin.py:188} INFO - [2024-06-18T13:31:38.571+0530] {dagbag.py:545} INFO - Filling up the DagBag from /home/kiit/airflow-env/lib/python3.8/site-packages/airflow/example_dags/example_time_delta_sensor_async.py
[2024-06-18T13:31:38.580+0530] {processor.py:840} INFO - DAG(s) 'example_time_delta_sensor_async' retrieved from /home/kiit/airflow-env/lib/python3.8/site-packages/airflow/example_dags/example_time_delta_sensor_async.py
[2024-06-18T13:31:38.604+0530] {logging_mixin.py:188} INFO - [2024-06-18T13:31:38.604+0530] {dag.py:3096} INFO - Sync 1 DAGs
[2024-06-18T13:31:38.620+0530] {logging_mixin.py:188} INFO - [2024-06-18T13:31:38.620+0530] {dag.py:3954} INFO - Setting next_dagrun for example_time_delta_sensor_async to None, run_after=None
[2024-06-18T13:31:38.649+0530] {processor.py:183} INFO - Processing /home/kiit/airflow-env/lib/python3.8/site-packages/airflow/example_dags/example_time_delta_sensor_async.py took 0.090 seconds
[2024-06-18T13:32:27.957+0530] {processor.py:161} INFO - Started process (PID=27773) to work on /home/kiit/airflow-env/lib/python3.8/site-packages/airflow/example_dags/example_time_delta_sensor_async.py
[2024-06-18T13:32:27.959+0530] {processor.py:830} INFO - Processing file /home/kiit/airflow-env/lib/python3.8/site-packages/airflow/example_dags/example_time_delta_sensor_async.py for tasks to queue
[2024-06-18T13:32:27.961+0530] {logging_mixin.py:188} INFO - [2024-06-18T13:32:27.961+0530] {dagbag.py:545} INFO - Filling up the DagBag from /home/kiit/airflow-env/lib/python3.8/site-packages/airflow/example_dags/example_time_delta_sensor_async.py
[2024-06-18T13:32:27.965+0530] {processor.py:840} INFO - DAG(s) 'example_time_delta_sensor_async' retrieved from /home/kiit/airflow-env/lib/python3.8/site-packages/airflow/example_dags/example_time_delta_sensor_async.py
[2024-06-18T13:32:27.978+0530] {logging_mixin.py:188} INFO - [2024-06-18T13:32:27.978+0530] {dag.py:3096} INFO - Sync 1 DAGs
[2024-06-18T13:32:27.989+0530] {logging_mixin.py:188} INFO - [2024-06-18T13:32:27.988+0530] {dag.py:3954} INFO - Setting next_dagrun for example_time_delta_sensor_async to None, run_after=None
[2024-06-18T13:32:28.013+0530] {processor.py:183} INFO - Processing /home/kiit/airflow-env/lib/python3.8/site-packages/airflow/example_dags/example_time_delta_sensor_async.py took 0.062 seconds
[2024-06-18T13:33:30.157+0530] {processor.py:161} INFO - Started process (PID=29119) to work on /home/kiit/airflow-env/lib/python3.8/site-packages/airflow/example_dags/example_time_delta_sensor_async.py
[2024-06-18T13:33:30.163+0530] {processor.py:830} INFO - Processing file /home/kiit/airflow-env/lib/python3.8/site-packages/airflow/example_dags/example_time_delta_sensor_async.py for tasks to queue
[2024-06-18T13:33:30.165+0530] {logging_mixin.py:188} INFO - [2024-06-18T13:33:30.165+0530] {dagbag.py:545} INFO - Filling up the DagBag from /home/kiit/airflow-env/lib/python3.8/site-packages/airflow/example_dags/example_time_delta_sensor_async.py
[2024-06-18T13:33:30.169+0530] {processor.py:840} INFO - DAG(s) 'example_time_delta_sensor_async' retrieved from /home/kiit/airflow-env/lib/python3.8/site-packages/airflow/example_dags/example_time_delta_sensor_async.py
[2024-06-18T13:33:30.181+0530] {logging_mixin.py:188} INFO - [2024-06-18T13:33:30.180+0530] {dag.py:3096} INFO - Sync 1 DAGs
[2024-06-18T13:33:30.188+0530] {logging_mixin.py:188} INFO - [2024-06-18T13:33:30.188+0530] {dag.py:3954} INFO - Setting next_dagrun for example_time_delta_sensor_async to None, run_after=None
[2024-06-18T13:33:30.205+0530] {processor.py:183} INFO - Processing /home/kiit/airflow-env/lib/python3.8/site-packages/airflow/example_dags/example_time_delta_sensor_async.py took 0.057 seconds
[2024-06-18T13:34:30.995+0530] {processor.py:161} INFO - Started process (PID=30459) to work on /home/kiit/airflow-env/lib/python3.8/site-packages/airflow/example_dags/example_time_delta_sensor_async.py
[2024-06-18T13:34:31.002+0530] {processor.py:830} INFO - Processing file /home/kiit/airflow-env/lib/python3.8/site-packages/airflow/example_dags/example_time_delta_sensor_async.py for tasks to queue
[2024-06-18T13:34:31.005+0530] {logging_mixin.py:188} INFO - [2024-06-18T13:34:31.004+0530] {dagbag.py:545} INFO - Filling up the DagBag from /home/kiit/airflow-env/lib/python3.8/site-packages/airflow/example_dags/example_time_delta_sensor_async.py
[2024-06-18T13:34:31.012+0530] {processor.py:840} INFO - DAG(s) 'example_time_delta_sensor_async' retrieved from /home/kiit/airflow-env/lib/python3.8/site-packages/airflow/example_dags/example_time_delta_sensor_async.py
[2024-06-18T13:34:31.027+0530] {logging_mixin.py:188} INFO - [2024-06-18T13:34:31.027+0530] {dag.py:3096} INFO - Sync 1 DAGs
[2024-06-18T13:34:31.036+0530] {logging_mixin.py:188} INFO - [2024-06-18T13:34:31.035+0530] {dag.py:3954} INFO - Setting next_dagrun for example_time_delta_sensor_async to None, run_after=None
[2024-06-18T13:34:31.062+0530] {processor.py:183} INFO - Processing /home/kiit/airflow-env/lib/python3.8/site-packages/airflow/example_dags/example_time_delta_sensor_async.py took 0.073 seconds
[2024-06-18T13:35:31.566+0530] {processor.py:161} INFO - Started process (PID=30527) to work on /home/kiit/airflow-env/lib/python3.8/site-packages/airflow/example_dags/example_time_delta_sensor_async.py
[2024-06-18T13:35:31.567+0530] {processor.py:830} INFO - Processing file /home/kiit/airflow-env/lib/python3.8/site-packages/airflow/example_dags/example_time_delta_sensor_async.py for tasks to queue
[2024-06-18T13:35:31.569+0530] {logging_mixin.py:188} INFO - [2024-06-18T13:35:31.568+0530] {dagbag.py:545} INFO - Filling up the DagBag from /home/kiit/airflow-env/lib/python3.8/site-packages/airflow/example_dags/example_time_delta_sensor_async.py
[2024-06-18T13:35:31.573+0530] {processor.py:840} INFO - DAG(s) 'example_time_delta_sensor_async' retrieved from /home/kiit/airflow-env/lib/python3.8/site-packages/airflow/example_dags/example_time_delta_sensor_async.py
[2024-06-18T13:35:31.593+0530] {logging_mixin.py:188} INFO - [2024-06-18T13:35:31.593+0530] {dag.py:3096} INFO - Sync 1 DAGs
[2024-06-18T13:35:31.608+0530] {logging_mixin.py:188} INFO - [2024-06-18T13:35:31.607+0530] {dag.py:3954} INFO - Setting next_dagrun for example_time_delta_sensor_async to None, run_after=None
[2024-06-18T13:35:31.635+0530] {processor.py:183} INFO - Processing /home/kiit/airflow-env/lib/python3.8/site-packages/airflow/example_dags/example_time_delta_sensor_async.py took 0.078 seconds
[2024-06-18T13:36:36.139+0530] {processor.py:161} INFO - Started process (PID=30606) to work on /home/kiit/airflow-env/lib/python3.8/site-packages/airflow/example_dags/example_time_delta_sensor_async.py
[2024-06-18T13:36:36.141+0530] {processor.py:830} INFO - Processing file /home/kiit/airflow-env/lib/python3.8/site-packages/airflow/example_dags/example_time_delta_sensor_async.py for tasks to queue
[2024-06-18T13:36:36.143+0530] {logging_mixin.py:188} INFO - [2024-06-18T13:36:36.143+0530] {dagbag.py:545} INFO - Filling up the DagBag from /home/kiit/airflow-env/lib/python3.8/site-packages/airflow/example_dags/example_time_delta_sensor_async.py
[2024-06-18T13:36:36.149+0530] {processor.py:840} INFO - DAG(s) 'example_time_delta_sensor_async' retrieved from /home/kiit/airflow-env/lib/python3.8/site-packages/airflow/example_dags/example_time_delta_sensor_async.py
[2024-06-18T13:36:36.163+0530] {logging_mixin.py:188} INFO - [2024-06-18T13:36:36.163+0530] {dag.py:3096} INFO - Sync 1 DAGs
[2024-06-18T13:36:36.172+0530] {logging_mixin.py:188} INFO - [2024-06-18T13:36:36.172+0530] {dag.py:3954} INFO - Setting next_dagrun for example_time_delta_sensor_async to None, run_after=None
[2024-06-18T13:36:36.191+0530] {processor.py:183} INFO - Processing /home/kiit/airflow-env/lib/python3.8/site-packages/airflow/example_dags/example_time_delta_sensor_async.py took 0.064 seconds
[2024-06-18T13:37:37.709+0530] {processor.py:161} INFO - Started process (PID=30675) to work on /home/kiit/airflow-env/lib/python3.8/site-packages/airflow/example_dags/example_time_delta_sensor_async.py
[2024-06-18T13:37:37.711+0530] {processor.py:830} INFO - Processing file /home/kiit/airflow-env/lib/python3.8/site-packages/airflow/example_dags/example_time_delta_sensor_async.py for tasks to queue
[2024-06-18T13:37:37.715+0530] {logging_mixin.py:188} INFO - [2024-06-18T13:37:37.714+0530] {dagbag.py:545} INFO - Filling up the DagBag from /home/kiit/airflow-env/lib/python3.8/site-packages/airflow/example_dags/example_time_delta_sensor_async.py
[2024-06-18T13:37:37.723+0530] {processor.py:840} INFO - DAG(s) 'example_time_delta_sensor_async' retrieved from /home/kiit/airflow-env/lib/python3.8/site-packages/airflow/example_dags/example_time_delta_sensor_async.py
[2024-06-18T13:37:37.744+0530] {logging_mixin.py:188} INFO - [2024-06-18T13:37:37.744+0530] {dag.py:3096} INFO - Sync 1 DAGs
[2024-06-18T13:37:37.757+0530] {logging_mixin.py:188} INFO - [2024-06-18T13:37:37.757+0530] {dag.py:3954} INFO - Setting next_dagrun for example_time_delta_sensor_async to None, run_after=None
[2024-06-18T13:37:37.782+0530] {processor.py:183} INFO - Processing /home/kiit/airflow-env/lib/python3.8/site-packages/airflow/example_dags/example_time_delta_sensor_async.py took 0.082 seconds
[2024-06-18T13:38:31.945+0530] {processor.py:161} INFO - Started process (PID=30731) to work on /home/kiit/airflow-env/lib/python3.8/site-packages/airflow/example_dags/example_time_delta_sensor_async.py
[2024-06-18T13:38:31.949+0530] {processor.py:830} INFO - Processing file /home/kiit/airflow-env/lib/python3.8/site-packages/airflow/example_dags/example_time_delta_sensor_async.py for tasks to queue
[2024-06-18T13:38:31.955+0530] {logging_mixin.py:188} INFO - [2024-06-18T13:38:31.954+0530] {dagbag.py:545} INFO - Filling up the DagBag from /home/kiit/airflow-env/lib/python3.8/site-packages/airflow/example_dags/example_time_delta_sensor_async.py
[2024-06-18T13:38:31.971+0530] {processor.py:840} INFO - DAG(s) 'example_time_delta_sensor_async' retrieved from /home/kiit/airflow-env/lib/python3.8/site-packages/airflow/example_dags/example_time_delta_sensor_async.py
[2024-06-18T13:38:32.022+0530] {logging_mixin.py:188} INFO - [2024-06-18T13:38:32.022+0530] {dag.py:3096} INFO - Sync 1 DAGs
[2024-06-18T13:38:32.064+0530] {logging_mixin.py:188} INFO - [2024-06-18T13:38:32.064+0530] {dag.py:3954} INFO - Setting next_dagrun for example_time_delta_sensor_async to None, run_after=None
[2024-06-18T13:38:32.139+0530] {processor.py:183} INFO - Processing /home/kiit/airflow-env/lib/python3.8/site-packages/airflow/example_dags/example_time_delta_sensor_async.py took 0.216 seconds
[2024-06-18T13:39:23.002+0530] {processor.py:161} INFO - Started process (PID=30789) to work on /home/kiit/airflow-env/lib/python3.8/site-packages/airflow/example_dags/example_time_delta_sensor_async.py
[2024-06-18T13:39:23.010+0530] {processor.py:830} INFO - Processing file /home/kiit/airflow-env/lib/python3.8/site-packages/airflow/example_dags/example_time_delta_sensor_async.py for tasks to queue
[2024-06-18T13:39:23.011+0530] {logging_mixin.py:188} INFO - [2024-06-18T13:39:23.011+0530] {dagbag.py:545} INFO - Filling up the DagBag from /home/kiit/airflow-env/lib/python3.8/site-packages/airflow/example_dags/example_time_delta_sensor_async.py
[2024-06-18T13:39:23.016+0530] {processor.py:840} INFO - DAG(s) 'example_time_delta_sensor_async' retrieved from /home/kiit/airflow-env/lib/python3.8/site-packages/airflow/example_dags/example_time_delta_sensor_async.py
[2024-06-18T13:39:23.027+0530] {logging_mixin.py:188} INFO - [2024-06-18T13:39:23.026+0530] {dag.py:3096} INFO - Sync 1 DAGs
[2024-06-18T13:39:23.036+0530] {logging_mixin.py:188} INFO - [2024-06-18T13:39:23.035+0530] {dag.py:3954} INFO - Setting next_dagrun for example_time_delta_sensor_async to None, run_after=None
[2024-06-18T13:39:23.053+0530] {processor.py:183} INFO - Processing /home/kiit/airflow-env/lib/python3.8/site-packages/airflow/example_dags/example_time_delta_sensor_async.py took 0.058 seconds
[2024-06-18T13:40:23.695+0530] {processor.py:161} INFO - Started process (PID=30931) to work on /home/kiit/airflow-env/lib/python3.8/site-packages/airflow/example_dags/example_time_delta_sensor_async.py
[2024-06-18T13:40:23.697+0530] {processor.py:830} INFO - Processing file /home/kiit/airflow-env/lib/python3.8/site-packages/airflow/example_dags/example_time_delta_sensor_async.py for tasks to queue
[2024-06-18T13:40:23.699+0530] {logging_mixin.py:188} INFO - [2024-06-18T13:40:23.699+0530] {dagbag.py:545} INFO - Filling up the DagBag from /home/kiit/airflow-env/lib/python3.8/site-packages/airflow/example_dags/example_time_delta_sensor_async.py
[2024-06-18T13:40:23.704+0530] {processor.py:840} INFO - DAG(s) 'example_time_delta_sensor_async' retrieved from /home/kiit/airflow-env/lib/python3.8/site-packages/airflow/example_dags/example_time_delta_sensor_async.py
[2024-06-18T13:40:23.715+0530] {logging_mixin.py:188} INFO - [2024-06-18T13:40:23.715+0530] {dag.py:3096} INFO - Sync 1 DAGs
[2024-06-18T13:40:23.723+0530] {logging_mixin.py:188} INFO - [2024-06-18T13:40:23.723+0530] {dag.py:3954} INFO - Setting next_dagrun for example_time_delta_sensor_async to None, run_after=None
[2024-06-18T13:40:23.748+0530] {processor.py:183} INFO - Processing /home/kiit/airflow-env/lib/python3.8/site-packages/airflow/example_dags/example_time_delta_sensor_async.py took 0.062 seconds
[2024-06-18T13:41:25.650+0530] {processor.py:161} INFO - Started process (PID=31001) to work on /home/kiit/airflow-env/lib/python3.8/site-packages/airflow/example_dags/example_time_delta_sensor_async.py
[2024-06-18T13:41:25.657+0530] {processor.py:830} INFO - Processing file /home/kiit/airflow-env/lib/python3.8/site-packages/airflow/example_dags/example_time_delta_sensor_async.py for tasks to queue
[2024-06-18T13:41:25.658+0530] {logging_mixin.py:188} INFO - [2024-06-18T13:41:25.658+0530] {dagbag.py:545} INFO - Filling up the DagBag from /home/kiit/airflow-env/lib/python3.8/site-packages/airflow/example_dags/example_time_delta_sensor_async.py
[2024-06-18T13:41:25.662+0530] {processor.py:840} INFO - DAG(s) 'example_time_delta_sensor_async' retrieved from /home/kiit/airflow-env/lib/python3.8/site-packages/airflow/example_dags/example_time_delta_sensor_async.py
[2024-06-18T13:41:25.675+0530] {logging_mixin.py:188} INFO - [2024-06-18T13:41:25.674+0530] {dag.py:3096} INFO - Sync 1 DAGs
[2024-06-18T13:41:25.683+0530] {logging_mixin.py:188} INFO - [2024-06-18T13:41:25.683+0530] {dag.py:3954} INFO - Setting next_dagrun for example_time_delta_sensor_async to None, run_after=None
[2024-06-18T13:41:25.705+0530] {processor.py:183} INFO - Processing /home/kiit/airflow-env/lib/python3.8/site-packages/airflow/example_dags/example_time_delta_sensor_async.py took 0.060 seconds
[2024-06-18T15:05:50.337+0530] {processor.py:161} INFO - Started process (PID=33630) to work on /home/kiit/airflow-env/lib/python3.8/site-packages/airflow/example_dags/example_time_delta_sensor_async.py
[2024-06-18T15:05:50.339+0530] {processor.py:830} INFO - Processing file /home/kiit/airflow-env/lib/python3.8/site-packages/airflow/example_dags/example_time_delta_sensor_async.py for tasks to queue
[2024-06-18T15:05:50.341+0530] {logging_mixin.py:188} INFO - [2024-06-18T15:05:50.340+0530] {dagbag.py:545} INFO - Filling up the DagBag from /home/kiit/airflow-env/lib/python3.8/site-packages/airflow/example_dags/example_time_delta_sensor_async.py
[2024-06-18T15:05:50.350+0530] {processor.py:840} INFO - DAG(s) 'example_time_delta_sensor_async' retrieved from /home/kiit/airflow-env/lib/python3.8/site-packages/airflow/example_dags/example_time_delta_sensor_async.py
[2024-06-18T15:05:50.366+0530] {logging_mixin.py:188} INFO - [2024-06-18T15:05:50.365+0530] {dag.py:3096} INFO - Sync 1 DAGs
[2024-06-18T15:05:50.380+0530] {logging_mixin.py:188} INFO - [2024-06-18T15:05:50.380+0530] {dag.py:3954} INFO - Setting next_dagrun for example_time_delta_sensor_async to None, run_after=None
[2024-06-18T15:05:50.405+0530] {processor.py:183} INFO - Processing /home/kiit/airflow-env/lib/python3.8/site-packages/airflow/example_dags/example_time_delta_sensor_async.py took 0.075 seconds
[2024-06-18T15:06:24.545+0530] {processor.py:161} INFO - Started process (PID=33689) to work on /home/kiit/airflow-env/lib/python3.8/site-packages/airflow/example_dags/example_time_delta_sensor_async.py
[2024-06-18T15:06:24.546+0530] {processor.py:830} INFO - Processing file /home/kiit/airflow-env/lib/python3.8/site-packages/airflow/example_dags/example_time_delta_sensor_async.py for tasks to queue
[2024-06-18T15:06:24.548+0530] {logging_mixin.py:188} INFO - [2024-06-18T15:06:24.547+0530] {dagbag.py:545} INFO - Filling up the DagBag from /home/kiit/airflow-env/lib/python3.8/site-packages/airflow/example_dags/example_time_delta_sensor_async.py
[2024-06-18T15:06:24.552+0530] {processor.py:840} INFO - DAG(s) 'example_time_delta_sensor_async' retrieved from /home/kiit/airflow-env/lib/python3.8/site-packages/airflow/example_dags/example_time_delta_sensor_async.py
[2024-06-18T15:06:24.749+0530] {logging_mixin.py:188} INFO - [2024-06-18T15:06:24.749+0530] {dag.py:3096} INFO - Sync 1 DAGs
[2024-06-18T15:06:24.760+0530] {logging_mixin.py:188} INFO - [2024-06-18T15:06:24.760+0530] {dag.py:3954} INFO - Setting next_dagrun for example_time_delta_sensor_async to None, run_after=None
[2024-06-18T15:06:24.795+0530] {processor.py:183} INFO - Processing /home/kiit/airflow-env/lib/python3.8/site-packages/airflow/example_dags/example_time_delta_sensor_async.py took 0.258 seconds
[2024-06-18T15:06:55.093+0530] {processor.py:161} INFO - Started process (PID=33748) to work on /home/kiit/airflow-env/lib/python3.8/site-packages/airflow/example_dags/example_time_delta_sensor_async.py
[2024-06-18T15:06:55.094+0530] {processor.py:830} INFO - Processing file /home/kiit/airflow-env/lib/python3.8/site-packages/airflow/example_dags/example_time_delta_sensor_async.py for tasks to queue
[2024-06-18T15:06:55.096+0530] {logging_mixin.py:188} INFO - [2024-06-18T15:06:55.096+0530] {dagbag.py:545} INFO - Filling up the DagBag from /home/kiit/airflow-env/lib/python3.8/site-packages/airflow/example_dags/example_time_delta_sensor_async.py
[2024-06-18T15:06:55.102+0530] {processor.py:840} INFO - DAG(s) 'example_time_delta_sensor_async' retrieved from /home/kiit/airflow-env/lib/python3.8/site-packages/airflow/example_dags/example_time_delta_sensor_async.py
[2024-06-18T15:06:55.128+0530] {logging_mixin.py:188} INFO - [2024-06-18T15:06:55.127+0530] {dag.py:3096} INFO - Sync 1 DAGs
[2024-06-18T15:06:55.146+0530] {logging_mixin.py:188} INFO - [2024-06-18T15:06:55.146+0530] {dag.py:3954} INFO - Setting next_dagrun for example_time_delta_sensor_async to None, run_after=None
[2024-06-18T15:06:55.185+0530] {processor.py:183} INFO - Processing /home/kiit/airflow-env/lib/python3.8/site-packages/airflow/example_dags/example_time_delta_sensor_async.py took 0.097 seconds
[2024-06-18T15:07:25.913+0530] {processor.py:161} INFO - Started process (PID=33807) to work on /home/kiit/airflow-env/lib/python3.8/site-packages/airflow/example_dags/example_time_delta_sensor_async.py
[2024-06-18T15:07:25.913+0530] {processor.py:830} INFO - Processing file /home/kiit/airflow-env/lib/python3.8/site-packages/airflow/example_dags/example_time_delta_sensor_async.py for tasks to queue
[2024-06-18T15:07:25.916+0530] {logging_mixin.py:188} INFO - [2024-06-18T15:07:25.915+0530] {dagbag.py:545} INFO - Filling up the DagBag from /home/kiit/airflow-env/lib/python3.8/site-packages/airflow/example_dags/example_time_delta_sensor_async.py
[2024-06-18T15:07:25.920+0530] {processor.py:840} INFO - DAG(s) 'example_time_delta_sensor_async' retrieved from /home/kiit/airflow-env/lib/python3.8/site-packages/airflow/example_dags/example_time_delta_sensor_async.py
[2024-06-18T15:07:25.944+0530] {logging_mixin.py:188} INFO - [2024-06-18T15:07:25.944+0530] {dag.py:3096} INFO - Sync 1 DAGs
[2024-06-18T15:07:25.955+0530] {logging_mixin.py:188} INFO - [2024-06-18T15:07:25.955+0530] {dag.py:3954} INFO - Setting next_dagrun for example_time_delta_sensor_async to None, run_after=None
[2024-06-18T15:07:25.985+0530] {processor.py:183} INFO - Processing /home/kiit/airflow-env/lib/python3.8/site-packages/airflow/example_dags/example_time_delta_sensor_async.py took 0.080 seconds
[2024-06-18T15:07:56.709+0530] {processor.py:161} INFO - Started process (PID=33866) to work on /home/kiit/airflow-env/lib/python3.8/site-packages/airflow/example_dags/example_time_delta_sensor_async.py
[2024-06-18T15:07:56.710+0530] {processor.py:830} INFO - Processing file /home/kiit/airflow-env/lib/python3.8/site-packages/airflow/example_dags/example_time_delta_sensor_async.py for tasks to queue
[2024-06-18T15:07:56.711+0530] {logging_mixin.py:188} INFO - [2024-06-18T15:07:56.711+0530] {dagbag.py:545} INFO - Filling up the DagBag from /home/kiit/airflow-env/lib/python3.8/site-packages/airflow/example_dags/example_time_delta_sensor_async.py
[2024-06-18T15:07:56.715+0530] {processor.py:840} INFO - DAG(s) 'example_time_delta_sensor_async' retrieved from /home/kiit/airflow-env/lib/python3.8/site-packages/airflow/example_dags/example_time_delta_sensor_async.py
[2024-06-18T15:07:56.737+0530] {logging_mixin.py:188} INFO - [2024-06-18T15:07:56.737+0530] {dag.py:3096} INFO - Sync 1 DAGs
[2024-06-18T15:07:56.747+0530] {logging_mixin.py:188} INFO - [2024-06-18T15:07:56.747+0530] {dag.py:3954} INFO - Setting next_dagrun for example_time_delta_sensor_async to None, run_after=None
[2024-06-18T15:07:56.769+0530] {processor.py:183} INFO - Processing /home/kiit/airflow-env/lib/python3.8/site-packages/airflow/example_dags/example_time_delta_sensor_async.py took 0.066 seconds
[2024-06-18T15:08:26.872+0530] {processor.py:161} INFO - Started process (PID=33925) to work on /home/kiit/airflow-env/lib/python3.8/site-packages/airflow/example_dags/example_time_delta_sensor_async.py
[2024-06-18T15:08:26.872+0530] {processor.py:830} INFO - Processing file /home/kiit/airflow-env/lib/python3.8/site-packages/airflow/example_dags/example_time_delta_sensor_async.py for tasks to queue
[2024-06-18T15:08:26.874+0530] {logging_mixin.py:188} INFO - [2024-06-18T15:08:26.874+0530] {dagbag.py:545} INFO - Filling up the DagBag from /home/kiit/airflow-env/lib/python3.8/site-packages/airflow/example_dags/example_time_delta_sensor_async.py
[2024-06-18T15:08:26.880+0530] {processor.py:840} INFO - DAG(s) 'example_time_delta_sensor_async' retrieved from /home/kiit/airflow-env/lib/python3.8/site-packages/airflow/example_dags/example_time_delta_sensor_async.py
[2024-06-18T15:08:26.897+0530] {logging_mixin.py:188} INFO - [2024-06-18T15:08:26.897+0530] {dag.py:3096} INFO - Sync 1 DAGs
[2024-06-18T15:08:26.909+0530] {logging_mixin.py:188} INFO - [2024-06-18T15:08:26.909+0530] {dag.py:3954} INFO - Setting next_dagrun for example_time_delta_sensor_async to None, run_after=None
[2024-06-18T15:08:26.929+0530] {processor.py:183} INFO - Processing /home/kiit/airflow-env/lib/python3.8/site-packages/airflow/example_dags/example_time_delta_sensor_async.py took 0.065 seconds
[2024-06-18T15:08:57.600+0530] {processor.py:161} INFO - Started process (PID=33985) to work on /home/kiit/airflow-env/lib/python3.8/site-packages/airflow/example_dags/example_time_delta_sensor_async.py
[2024-06-18T15:08:57.602+0530] {processor.py:830} INFO - Processing file /home/kiit/airflow-env/lib/python3.8/site-packages/airflow/example_dags/example_time_delta_sensor_async.py for tasks to queue
[2024-06-18T15:08:57.603+0530] {logging_mixin.py:188} INFO - [2024-06-18T15:08:57.603+0530] {dagbag.py:545} INFO - Filling up the DagBag from /home/kiit/airflow-env/lib/python3.8/site-packages/airflow/example_dags/example_time_delta_sensor_async.py
[2024-06-18T15:08:57.607+0530] {processor.py:840} INFO - DAG(s) 'example_time_delta_sensor_async' retrieved from /home/kiit/airflow-env/lib/python3.8/site-packages/airflow/example_dags/example_time_delta_sensor_async.py
[2024-06-18T15:08:57.627+0530] {logging_mixin.py:188} INFO - [2024-06-18T15:08:57.627+0530] {dag.py:3096} INFO - Sync 1 DAGs
[2024-06-18T15:08:57.638+0530] {logging_mixin.py:188} INFO - [2024-06-18T15:08:57.638+0530] {dag.py:3954} INFO - Setting next_dagrun for example_time_delta_sensor_async to None, run_after=None
[2024-06-18T15:08:57.660+0530] {processor.py:183} INFO - Processing /home/kiit/airflow-env/lib/python3.8/site-packages/airflow/example_dags/example_time_delta_sensor_async.py took 0.067 seconds
[2024-06-18T15:09:27.988+0530] {processor.py:161} INFO - Started process (PID=34045) to work on /home/kiit/airflow-env/lib/python3.8/site-packages/airflow/example_dags/example_time_delta_sensor_async.py
[2024-06-18T15:09:27.988+0530] {processor.py:830} INFO - Processing file /home/kiit/airflow-env/lib/python3.8/site-packages/airflow/example_dags/example_time_delta_sensor_async.py for tasks to queue
[2024-06-18T15:09:27.989+0530] {logging_mixin.py:188} INFO - [2024-06-18T15:09:27.989+0530] {dagbag.py:545} INFO - Filling up the DagBag from /home/kiit/airflow-env/lib/python3.8/site-packages/airflow/example_dags/example_time_delta_sensor_async.py
[2024-06-18T15:09:27.993+0530] {processor.py:840} INFO - DAG(s) 'example_time_delta_sensor_async' retrieved from /home/kiit/airflow-env/lib/python3.8/site-packages/airflow/example_dags/example_time_delta_sensor_async.py
[2024-06-18T15:09:28.009+0530] {logging_mixin.py:188} INFO - [2024-06-18T15:09:28.009+0530] {dag.py:3096} INFO - Sync 1 DAGs
[2024-06-18T15:09:28.016+0530] {logging_mixin.py:188} INFO - [2024-06-18T15:09:28.016+0530] {dag.py:3954} INFO - Setting next_dagrun for example_time_delta_sensor_async to None, run_after=None
[2024-06-18T15:09:28.033+0530] {processor.py:183} INFO - Processing /home/kiit/airflow-env/lib/python3.8/site-packages/airflow/example_dags/example_time_delta_sensor_async.py took 0.050 seconds
[2024-06-18T15:09:58.210+0530] {processor.py:161} INFO - Started process (PID=34104) to work on /home/kiit/airflow-env/lib/python3.8/site-packages/airflow/example_dags/example_time_delta_sensor_async.py
[2024-06-18T15:09:58.211+0530] {processor.py:830} INFO - Processing file /home/kiit/airflow-env/lib/python3.8/site-packages/airflow/example_dags/example_time_delta_sensor_async.py for tasks to queue
[2024-06-18T15:09:58.213+0530] {logging_mixin.py:188} INFO - [2024-06-18T15:09:58.213+0530] {dagbag.py:545} INFO - Filling up the DagBag from /home/kiit/airflow-env/lib/python3.8/site-packages/airflow/example_dags/example_time_delta_sensor_async.py
[2024-06-18T15:09:58.216+0530] {processor.py:840} INFO - DAG(s) 'example_time_delta_sensor_async' retrieved from /home/kiit/airflow-env/lib/python3.8/site-packages/airflow/example_dags/example_time_delta_sensor_async.py
[2024-06-18T15:09:58.230+0530] {logging_mixin.py:188} INFO - [2024-06-18T15:09:58.230+0530] {dag.py:3096} INFO - Sync 1 DAGs
[2024-06-18T15:09:58.238+0530] {logging_mixin.py:188} INFO - [2024-06-18T15:09:58.238+0530] {dag.py:3954} INFO - Setting next_dagrun for example_time_delta_sensor_async to None, run_after=None
[2024-06-18T15:09:58.254+0530] {processor.py:183} INFO - Processing /home/kiit/airflow-env/lib/python3.8/site-packages/airflow/example_dags/example_time_delta_sensor_async.py took 0.049 seconds
[2024-06-18T15:10:28.438+0530] {processor.py:161} INFO - Started process (PID=34164) to work on /home/kiit/airflow-env/lib/python3.8/site-packages/airflow/example_dags/example_time_delta_sensor_async.py
[2024-06-18T15:10:28.438+0530] {processor.py:830} INFO - Processing file /home/kiit/airflow-env/lib/python3.8/site-packages/airflow/example_dags/example_time_delta_sensor_async.py for tasks to queue
[2024-06-18T15:10:28.440+0530] {logging_mixin.py:188} INFO - [2024-06-18T15:10:28.440+0530] {dagbag.py:545} INFO - Filling up the DagBag from /home/kiit/airflow-env/lib/python3.8/site-packages/airflow/example_dags/example_time_delta_sensor_async.py
[2024-06-18T15:10:28.443+0530] {processor.py:840} INFO - DAG(s) 'example_time_delta_sensor_async' retrieved from /home/kiit/airflow-env/lib/python3.8/site-packages/airflow/example_dags/example_time_delta_sensor_async.py
[2024-06-18T15:10:28.459+0530] {logging_mixin.py:188} INFO - [2024-06-18T15:10:28.459+0530] {dag.py:3096} INFO - Sync 1 DAGs
[2024-06-18T15:10:28.470+0530] {logging_mixin.py:188} INFO - [2024-06-18T15:10:28.469+0530] {dag.py:3954} INFO - Setting next_dagrun for example_time_delta_sensor_async to None, run_after=None
[2024-06-18T15:10:28.488+0530] {processor.py:183} INFO - Processing /home/kiit/airflow-env/lib/python3.8/site-packages/airflow/example_dags/example_time_delta_sensor_async.py took 0.056 seconds
[2024-06-18T15:10:58.782+0530] {processor.py:161} INFO - Started process (PID=34223) to work on /home/kiit/airflow-env/lib/python3.8/site-packages/airflow/example_dags/example_time_delta_sensor_async.py
[2024-06-18T15:10:58.783+0530] {processor.py:830} INFO - Processing file /home/kiit/airflow-env/lib/python3.8/site-packages/airflow/example_dags/example_time_delta_sensor_async.py for tasks to queue
[2024-06-18T15:10:58.785+0530] {logging_mixin.py:188} INFO - [2024-06-18T15:10:58.784+0530] {dagbag.py:545} INFO - Filling up the DagBag from /home/kiit/airflow-env/lib/python3.8/site-packages/airflow/example_dags/example_time_delta_sensor_async.py
[2024-06-18T15:10:58.788+0530] {processor.py:840} INFO - DAG(s) 'example_time_delta_sensor_async' retrieved from /home/kiit/airflow-env/lib/python3.8/site-packages/airflow/example_dags/example_time_delta_sensor_async.py
[2024-06-18T15:10:58.807+0530] {logging_mixin.py:188} INFO - [2024-06-18T15:10:58.807+0530] {dag.py:3096} INFO - Sync 1 DAGs
[2024-06-18T15:10:58.815+0530] {logging_mixin.py:188} INFO - [2024-06-18T15:10:58.815+0530] {dag.py:3954} INFO - Setting next_dagrun for example_time_delta_sensor_async to None, run_after=None
[2024-06-18T15:10:58.839+0530] {processor.py:183} INFO - Processing /home/kiit/airflow-env/lib/python3.8/site-packages/airflow/example_dags/example_time_delta_sensor_async.py took 0.063 seconds
[2024-06-18T15:11:28.967+0530] {processor.py:161} INFO - Started process (PID=34282) to work on /home/kiit/airflow-env/lib/python3.8/site-packages/airflow/example_dags/example_time_delta_sensor_async.py
[2024-06-18T15:11:28.968+0530] {processor.py:830} INFO - Processing file /home/kiit/airflow-env/lib/python3.8/site-packages/airflow/example_dags/example_time_delta_sensor_async.py for tasks to queue
[2024-06-18T15:11:28.969+0530] {logging_mixin.py:188} INFO - [2024-06-18T15:11:28.969+0530] {dagbag.py:545} INFO - Filling up the DagBag from /home/kiit/airflow-env/lib/python3.8/site-packages/airflow/example_dags/example_time_delta_sensor_async.py
[2024-06-18T15:11:28.973+0530] {processor.py:840} INFO - DAG(s) 'example_time_delta_sensor_async' retrieved from /home/kiit/airflow-env/lib/python3.8/site-packages/airflow/example_dags/example_time_delta_sensor_async.py
[2024-06-18T15:11:28.987+0530] {logging_mixin.py:188} INFO - [2024-06-18T15:11:28.987+0530] {dag.py:3096} INFO - Sync 1 DAGs
[2024-06-18T15:11:28.997+0530] {logging_mixin.py:188} INFO - [2024-06-18T15:11:28.996+0530] {dag.py:3954} INFO - Setting next_dagrun for example_time_delta_sensor_async to None, run_after=None
[2024-06-18T15:11:29.019+0530] {processor.py:183} INFO - Processing /home/kiit/airflow-env/lib/python3.8/site-packages/airflow/example_dags/example_time_delta_sensor_async.py took 0.058 seconds
[2024-06-18T15:11:59.179+0530] {processor.py:161} INFO - Started process (PID=34341) to work on /home/kiit/airflow-env/lib/python3.8/site-packages/airflow/example_dags/example_time_delta_sensor_async.py
[2024-06-18T15:11:59.180+0530] {processor.py:830} INFO - Processing file /home/kiit/airflow-env/lib/python3.8/site-packages/airflow/example_dags/example_time_delta_sensor_async.py for tasks to queue
[2024-06-18T15:11:59.181+0530] {logging_mixin.py:188} INFO - [2024-06-18T15:11:59.181+0530] {dagbag.py:545} INFO - Filling up the DagBag from /home/kiit/airflow-env/lib/python3.8/site-packages/airflow/example_dags/example_time_delta_sensor_async.py
[2024-06-18T15:11:59.184+0530] {processor.py:840} INFO - DAG(s) 'example_time_delta_sensor_async' retrieved from /home/kiit/airflow-env/lib/python3.8/site-packages/airflow/example_dags/example_time_delta_sensor_async.py
[2024-06-18T15:11:59.200+0530] {logging_mixin.py:188} INFO - [2024-06-18T15:11:59.200+0530] {dag.py:3096} INFO - Sync 1 DAGs
[2024-06-18T15:11:59.210+0530] {logging_mixin.py:188} INFO - [2024-06-18T15:11:59.210+0530] {dag.py:3954} INFO - Setting next_dagrun for example_time_delta_sensor_async to None, run_after=None
[2024-06-18T15:11:59.229+0530] {processor.py:183} INFO - Processing /home/kiit/airflow-env/lib/python3.8/site-packages/airflow/example_dags/example_time_delta_sensor_async.py took 0.057 seconds
[2024-06-18T15:12:29.543+0530] {processor.py:161} INFO - Started process (PID=34401) to work on /home/kiit/airflow-env/lib/python3.8/site-packages/airflow/example_dags/example_time_delta_sensor_async.py
[2024-06-18T15:12:29.544+0530] {processor.py:830} INFO - Processing file /home/kiit/airflow-env/lib/python3.8/site-packages/airflow/example_dags/example_time_delta_sensor_async.py for tasks to queue
[2024-06-18T15:12:29.545+0530] {logging_mixin.py:188} INFO - [2024-06-18T15:12:29.545+0530] {dagbag.py:545} INFO - Filling up the DagBag from /home/kiit/airflow-env/lib/python3.8/site-packages/airflow/example_dags/example_time_delta_sensor_async.py
[2024-06-18T15:12:29.548+0530] {processor.py:840} INFO - DAG(s) 'example_time_delta_sensor_async' retrieved from /home/kiit/airflow-env/lib/python3.8/site-packages/airflow/example_dags/example_time_delta_sensor_async.py
[2024-06-18T15:12:29.565+0530] {logging_mixin.py:188} INFO - [2024-06-18T15:12:29.565+0530] {dag.py:3096} INFO - Sync 1 DAGs
[2024-06-18T15:12:29.577+0530] {logging_mixin.py:188} INFO - [2024-06-18T15:12:29.576+0530] {dag.py:3954} INFO - Setting next_dagrun for example_time_delta_sensor_async to None, run_after=None
[2024-06-18T15:12:29.597+0530] {processor.py:183} INFO - Processing /home/kiit/airflow-env/lib/python3.8/site-packages/airflow/example_dags/example_time_delta_sensor_async.py took 0.059 seconds
[2024-06-18T15:12:59.826+0530] {processor.py:161} INFO - Started process (PID=34460) to work on /home/kiit/airflow-env/lib/python3.8/site-packages/airflow/example_dags/example_time_delta_sensor_async.py
[2024-06-18T15:12:59.828+0530] {processor.py:830} INFO - Processing file /home/kiit/airflow-env/lib/python3.8/site-packages/airflow/example_dags/example_time_delta_sensor_async.py for tasks to queue
[2024-06-18T15:12:59.829+0530] {logging_mixin.py:188} INFO - [2024-06-18T15:12:59.829+0530] {dagbag.py:545} INFO - Filling up the DagBag from /home/kiit/airflow-env/lib/python3.8/site-packages/airflow/example_dags/example_time_delta_sensor_async.py
[2024-06-18T15:12:59.832+0530] {processor.py:840} INFO - DAG(s) 'example_time_delta_sensor_async' retrieved from /home/kiit/airflow-env/lib/python3.8/site-packages/airflow/example_dags/example_time_delta_sensor_async.py
[2024-06-18T15:12:59.848+0530] {logging_mixin.py:188} INFO - [2024-06-18T15:12:59.848+0530] {dag.py:3096} INFO - Sync 1 DAGs
[2024-06-18T15:12:59.857+0530] {logging_mixin.py:188} INFO - [2024-06-18T15:12:59.856+0530] {dag.py:3954} INFO - Setting next_dagrun for example_time_delta_sensor_async to None, run_after=None
[2024-06-18T15:12:59.875+0530] {processor.py:183} INFO - Processing /home/kiit/airflow-env/lib/python3.8/site-packages/airflow/example_dags/example_time_delta_sensor_async.py took 0.053 seconds
[2024-06-18T15:13:30.108+0530] {processor.py:161} INFO - Started process (PID=34519) to work on /home/kiit/airflow-env/lib/python3.8/site-packages/airflow/example_dags/example_time_delta_sensor_async.py
[2024-06-18T15:13:30.109+0530] {processor.py:830} INFO - Processing file /home/kiit/airflow-env/lib/python3.8/site-packages/airflow/example_dags/example_time_delta_sensor_async.py for tasks to queue
[2024-06-18T15:13:30.111+0530] {logging_mixin.py:188} INFO - [2024-06-18T15:13:30.110+0530] {dagbag.py:545} INFO - Filling up the DagBag from /home/kiit/airflow-env/lib/python3.8/site-packages/airflow/example_dags/example_time_delta_sensor_async.py
[2024-06-18T15:13:30.114+0530] {processor.py:840} INFO - DAG(s) 'example_time_delta_sensor_async' retrieved from /home/kiit/airflow-env/lib/python3.8/site-packages/airflow/example_dags/example_time_delta_sensor_async.py
[2024-06-18T15:13:30.131+0530] {logging_mixin.py:188} INFO - [2024-06-18T15:13:30.131+0530] {dag.py:3096} INFO - Sync 1 DAGs
[2024-06-18T15:13:30.141+0530] {logging_mixin.py:188} INFO - [2024-06-18T15:13:30.141+0530] {dag.py:3954} INFO - Setting next_dagrun for example_time_delta_sensor_async to None, run_after=None
[2024-06-18T15:13:30.160+0530] {processor.py:183} INFO - Processing /home/kiit/airflow-env/lib/python3.8/site-packages/airflow/example_dags/example_time_delta_sensor_async.py took 0.058 seconds
[2024-06-18T15:14:00.402+0530] {processor.py:161} INFO - Started process (PID=34578) to work on /home/kiit/airflow-env/lib/python3.8/site-packages/airflow/example_dags/example_time_delta_sensor_async.py
[2024-06-18T15:14:00.403+0530] {processor.py:830} INFO - Processing file /home/kiit/airflow-env/lib/python3.8/site-packages/airflow/example_dags/example_time_delta_sensor_async.py for tasks to queue
[2024-06-18T15:14:00.404+0530] {logging_mixin.py:188} INFO - [2024-06-18T15:14:00.404+0530] {dagbag.py:545} INFO - Filling up the DagBag from /home/kiit/airflow-env/lib/python3.8/site-packages/airflow/example_dags/example_time_delta_sensor_async.py
[2024-06-18T15:14:00.407+0530] {processor.py:840} INFO - DAG(s) 'example_time_delta_sensor_async' retrieved from /home/kiit/airflow-env/lib/python3.8/site-packages/airflow/example_dags/example_time_delta_sensor_async.py
[2024-06-18T15:14:00.423+0530] {logging_mixin.py:188} INFO - [2024-06-18T15:14:00.423+0530] {dag.py:3096} INFO - Sync 1 DAGs
[2024-06-18T15:14:00.432+0530] {logging_mixin.py:188} INFO - [2024-06-18T15:14:00.432+0530] {dag.py:3954} INFO - Setting next_dagrun for example_time_delta_sensor_async to None, run_after=None
[2024-06-18T15:14:00.453+0530] {processor.py:183} INFO - Processing /home/kiit/airflow-env/lib/python3.8/site-packages/airflow/example_dags/example_time_delta_sensor_async.py took 0.056 seconds
[2024-06-18T15:14:30.728+0530] {processor.py:161} INFO - Started process (PID=34637) to work on /home/kiit/airflow-env/lib/python3.8/site-packages/airflow/example_dags/example_time_delta_sensor_async.py
[2024-06-18T15:14:30.729+0530] {processor.py:830} INFO - Processing file /home/kiit/airflow-env/lib/python3.8/site-packages/airflow/example_dags/example_time_delta_sensor_async.py for tasks to queue
[2024-06-18T15:14:30.731+0530] {logging_mixin.py:188} INFO - [2024-06-18T15:14:30.730+0530] {dagbag.py:545} INFO - Filling up the DagBag from /home/kiit/airflow-env/lib/python3.8/site-packages/airflow/example_dags/example_time_delta_sensor_async.py
[2024-06-18T15:14:30.734+0530] {processor.py:840} INFO - DAG(s) 'example_time_delta_sensor_async' retrieved from /home/kiit/airflow-env/lib/python3.8/site-packages/airflow/example_dags/example_time_delta_sensor_async.py
[2024-06-18T15:14:30.750+0530] {logging_mixin.py:188} INFO - [2024-06-18T15:14:30.749+0530] {dag.py:3096} INFO - Sync 1 DAGs
[2024-06-18T15:14:30.759+0530] {logging_mixin.py:188} INFO - [2024-06-18T15:14:30.759+0530] {dag.py:3954} INFO - Setting next_dagrun for example_time_delta_sensor_async to None, run_after=None
[2024-06-18T15:14:30.779+0530] {processor.py:183} INFO - Processing /home/kiit/airflow-env/lib/python3.8/site-packages/airflow/example_dags/example_time_delta_sensor_async.py took 0.057 seconds
[2024-06-18T15:15:01.120+0530] {processor.py:161} INFO - Started process (PID=34696) to work on /home/kiit/airflow-env/lib/python3.8/site-packages/airflow/example_dags/example_time_delta_sensor_async.py
[2024-06-18T15:15:01.121+0530] {processor.py:830} INFO - Processing file /home/kiit/airflow-env/lib/python3.8/site-packages/airflow/example_dags/example_time_delta_sensor_async.py for tasks to queue
[2024-06-18T15:15:01.122+0530] {logging_mixin.py:188} INFO - [2024-06-18T15:15:01.122+0530] {dagbag.py:545} INFO - Filling up the DagBag from /home/kiit/airflow-env/lib/python3.8/site-packages/airflow/example_dags/example_time_delta_sensor_async.py
[2024-06-18T15:15:01.125+0530] {processor.py:840} INFO - DAG(s) 'example_time_delta_sensor_async' retrieved from /home/kiit/airflow-env/lib/python3.8/site-packages/airflow/example_dags/example_time_delta_sensor_async.py
[2024-06-18T15:15:01.139+0530] {logging_mixin.py:188} INFO - [2024-06-18T15:15:01.139+0530] {dag.py:3096} INFO - Sync 1 DAGs
[2024-06-18T15:15:01.147+0530] {logging_mixin.py:188} INFO - [2024-06-18T15:15:01.147+0530] {dag.py:3954} INFO - Setting next_dagrun for example_time_delta_sensor_async to None, run_after=None
[2024-06-18T15:15:01.164+0530] {processor.py:183} INFO - Processing /home/kiit/airflow-env/lib/python3.8/site-packages/airflow/example_dags/example_time_delta_sensor_async.py took 0.048 seconds
[2024-06-18T15:15:31.354+0530] {processor.py:161} INFO - Started process (PID=34755) to work on /home/kiit/airflow-env/lib/python3.8/site-packages/airflow/example_dags/example_time_delta_sensor_async.py
[2024-06-18T15:15:31.355+0530] {processor.py:830} INFO - Processing file /home/kiit/airflow-env/lib/python3.8/site-packages/airflow/example_dags/example_time_delta_sensor_async.py for tasks to queue
[2024-06-18T15:15:31.356+0530] {logging_mixin.py:188} INFO - [2024-06-18T15:15:31.356+0530] {dagbag.py:545} INFO - Filling up the DagBag from /home/kiit/airflow-env/lib/python3.8/site-packages/airflow/example_dags/example_time_delta_sensor_async.py
[2024-06-18T15:15:31.359+0530] {processor.py:840} INFO - DAG(s) 'example_time_delta_sensor_async' retrieved from /home/kiit/airflow-env/lib/python3.8/site-packages/airflow/example_dags/example_time_delta_sensor_async.py
[2024-06-18T15:15:31.375+0530] {logging_mixin.py:188} INFO - [2024-06-18T15:15:31.375+0530] {dag.py:3096} INFO - Sync 1 DAGs
[2024-06-18T15:15:31.384+0530] {logging_mixin.py:188} INFO - [2024-06-18T15:15:31.384+0530] {dag.py:3954} INFO - Setting next_dagrun for example_time_delta_sensor_async to None, run_after=None
[2024-06-18T15:15:31.402+0530] {processor.py:183} INFO - Processing /home/kiit/airflow-env/lib/python3.8/site-packages/airflow/example_dags/example_time_delta_sensor_async.py took 0.053 seconds
[2024-06-18T15:16:01.650+0530] {processor.py:161} INFO - Started process (PID=34814) to work on /home/kiit/airflow-env/lib/python3.8/site-packages/airflow/example_dags/example_time_delta_sensor_async.py
[2024-06-18T15:16:01.650+0530] {processor.py:830} INFO - Processing file /home/kiit/airflow-env/lib/python3.8/site-packages/airflow/example_dags/example_time_delta_sensor_async.py for tasks to queue
[2024-06-18T15:16:01.652+0530] {logging_mixin.py:188} INFO - [2024-06-18T15:16:01.651+0530] {dagbag.py:545} INFO - Filling up the DagBag from /home/kiit/airflow-env/lib/python3.8/site-packages/airflow/example_dags/example_time_delta_sensor_async.py
[2024-06-18T15:16:01.655+0530] {processor.py:840} INFO - DAG(s) 'example_time_delta_sensor_async' retrieved from /home/kiit/airflow-env/lib/python3.8/site-packages/airflow/example_dags/example_time_delta_sensor_async.py
[2024-06-18T15:16:01.674+0530] {logging_mixin.py:188} INFO - [2024-06-18T15:16:01.674+0530] {dag.py:3096} INFO - Sync 1 DAGs
[2024-06-18T15:16:01.683+0530] {logging_mixin.py:188} INFO - [2024-06-18T15:16:01.683+0530] {dag.py:3954} INFO - Setting next_dagrun for example_time_delta_sensor_async to None, run_after=None
[2024-06-18T15:16:01.701+0530] {processor.py:183} INFO - Processing /home/kiit/airflow-env/lib/python3.8/site-packages/airflow/example_dags/example_time_delta_sensor_async.py took 0.058 seconds
[2024-06-18T15:16:32.724+0530] {processor.py:161} INFO - Started process (PID=34897) to work on /home/kiit/airflow-env/lib/python3.8/site-packages/airflow/example_dags/example_time_delta_sensor_async.py
[2024-06-18T15:16:32.725+0530] {processor.py:830} INFO - Processing file /home/kiit/airflow-env/lib/python3.8/site-packages/airflow/example_dags/example_time_delta_sensor_async.py for tasks to queue
[2024-06-18T15:16:32.726+0530] {logging_mixin.py:188} INFO - [2024-06-18T15:16:32.726+0530] {dagbag.py:545} INFO - Filling up the DagBag from /home/kiit/airflow-env/lib/python3.8/site-packages/airflow/example_dags/example_time_delta_sensor_async.py
[2024-06-18T15:16:32.731+0530] {processor.py:840} INFO - DAG(s) 'example_time_delta_sensor_async' retrieved from /home/kiit/airflow-env/lib/python3.8/site-packages/airflow/example_dags/example_time_delta_sensor_async.py
[2024-06-18T15:16:32.799+0530] {logging_mixin.py:188} INFO - [2024-06-18T15:16:32.799+0530] {dag.py:3096} INFO - Sync 1 DAGs
[2024-06-18T15:16:32.806+0530] {logging_mixin.py:188} INFO - [2024-06-18T15:16:32.806+0530] {dag.py:3954} INFO - Setting next_dagrun for example_time_delta_sensor_async to None, run_after=None
[2024-06-18T15:16:32.824+0530] {processor.py:183} INFO - Processing /home/kiit/airflow-env/lib/python3.8/site-packages/airflow/example_dags/example_time_delta_sensor_async.py took 0.105 seconds
