[2024-06-18T13:05:37.115+0530] {processor.py:161} INFO - Started process (PID=25336) to work on /home/kiit/airflow-env/lib/python3.8/site-packages/airflow/example_dags/tutorial_taskflow_api_virtualenv.py
[2024-06-18T13:05:37.116+0530] {processor.py:830} INFO - Processing file /home/kiit/airflow-env/lib/python3.8/site-packages/airflow/example_dags/tutorial_taskflow_api_virtualenv.py for tasks to queue
[2024-06-18T13:05:37.117+0530] {logging_mixin.py:188} INFO - [2024-06-18T13:05:37.117+0530] {dagbag.py:545} INFO - Filling up the DagBag from /home/kiit/airflow-env/lib/python3.8/site-packages/airflow/example_dags/tutorial_taskflow_api_virtualenv.py
[2024-06-18T13:05:37.121+0530] {logging_mixin.py:188} INFO - [2024-06-18T13:05:37.121+0530] {tutorial_taskflow_api_virtualenv.py:29} WARNING - The tutorial_taskflow_api_virtualenv example DAG requires virtualenv, please install it.
[2024-06-18T13:05:37.122+0530] {processor.py:842} WARNING - No viable dags retrieved from /home/kiit/airflow-env/lib/python3.8/site-packages/airflow/example_dags/tutorial_taskflow_api_virtualenv.py
[2024-06-18T13:05:37.138+0530] {processor.py:183} INFO - Processing /home/kiit/airflow-env/lib/python3.8/site-packages/airflow/example_dags/tutorial_taskflow_api_virtualenv.py took 0.030 seconds
[2024-06-18T13:06:34.447+0530] {processor.py:161} INFO - Started process (PID=25411) to work on /home/kiit/airflow-env/lib/python3.8/site-packages/airflow/example_dags/tutorial_taskflow_api_virtualenv.py
[2024-06-18T13:06:34.448+0530] {processor.py:830} INFO - Processing file /home/kiit/airflow-env/lib/python3.8/site-packages/airflow/example_dags/tutorial_taskflow_api_virtualenv.py for tasks to queue
[2024-06-18T13:06:34.449+0530] {logging_mixin.py:188} INFO - [2024-06-18T13:06:34.449+0530] {dagbag.py:545} INFO - Filling up the DagBag from /home/kiit/airflow-env/lib/python3.8/site-packages/airflow/example_dags/tutorial_taskflow_api_virtualenv.py
[2024-06-18T13:06:34.451+0530] {logging_mixin.py:188} INFO - [2024-06-18T13:06:34.451+0530] {tutorial_taskflow_api_virtualenv.py:29} WARNING - The tutorial_taskflow_api_virtualenv example DAG requires virtualenv, please install it.
[2024-06-18T13:06:34.452+0530] {processor.py:842} WARNING - No viable dags retrieved from /home/kiit/airflow-env/lib/python3.8/site-packages/airflow/example_dags/tutorial_taskflow_api_virtualenv.py
[2024-06-18T13:06:34.459+0530] {processor.py:183} INFO - Processing /home/kiit/airflow-env/lib/python3.8/site-packages/airflow/example_dags/tutorial_taskflow_api_virtualenv.py took 0.016 seconds
[2024-06-18T13:07:20.252+0530] {processor.py:161} INFO - Started process (PID=25469) to work on /home/kiit/airflow-env/lib/python3.8/site-packages/airflow/example_dags/tutorial_taskflow_api_virtualenv.py
[2024-06-18T13:07:20.258+0530] {processor.py:830} INFO - Processing file /home/kiit/airflow-env/lib/python3.8/site-packages/airflow/example_dags/tutorial_taskflow_api_virtualenv.py for tasks to queue
[2024-06-18T13:07:20.260+0530] {logging_mixin.py:188} INFO - [2024-06-18T13:07:20.259+0530] {dagbag.py:545} INFO - Filling up the DagBag from /home/kiit/airflow-env/lib/python3.8/site-packages/airflow/example_dags/tutorial_taskflow_api_virtualenv.py
[2024-06-18T13:07:20.262+0530] {logging_mixin.py:188} INFO - [2024-06-18T13:07:20.261+0530] {tutorial_taskflow_api_virtualenv.py:29} WARNING - The tutorial_taskflow_api_virtualenv example DAG requires virtualenv, please install it.
[2024-06-18T13:07:20.262+0530] {processor.py:842} WARNING - No viable dags retrieved from /home/kiit/airflow-env/lib/python3.8/site-packages/airflow/example_dags/tutorial_taskflow_api_virtualenv.py
[2024-06-18T13:07:20.268+0530] {processor.py:183} INFO - Processing /home/kiit/airflow-env/lib/python3.8/site-packages/airflow/example_dags/tutorial_taskflow_api_virtualenv.py took 0.020 seconds
[2024-06-18T13:08:16.806+0530] {processor.py:161} INFO - Started process (PID=25521) to work on /home/kiit/airflow-env/lib/python3.8/site-packages/airflow/example_dags/tutorial_taskflow_api_virtualenv.py
[2024-06-18T13:08:16.808+0530] {processor.py:830} INFO - Processing file /home/kiit/airflow-env/lib/python3.8/site-packages/airflow/example_dags/tutorial_taskflow_api_virtualenv.py for tasks to queue
[2024-06-18T13:08:16.810+0530] {logging_mixin.py:188} INFO - [2024-06-18T13:08:16.810+0530] {dagbag.py:545} INFO - Filling up the DagBag from /home/kiit/airflow-env/lib/python3.8/site-packages/airflow/example_dags/tutorial_taskflow_api_virtualenv.py
[2024-06-18T13:08:16.814+0530] {logging_mixin.py:188} INFO - [2024-06-18T13:08:16.814+0530] {tutorial_taskflow_api_virtualenv.py:29} WARNING - The tutorial_taskflow_api_virtualenv example DAG requires virtualenv, please install it.
[2024-06-18T13:08:16.815+0530] {processor.py:842} WARNING - No viable dags retrieved from /home/kiit/airflow-env/lib/python3.8/site-packages/airflow/example_dags/tutorial_taskflow_api_virtualenv.py
[2024-06-18T13:08:16.829+0530] {processor.py:183} INFO - Processing /home/kiit/airflow-env/lib/python3.8/site-packages/airflow/example_dags/tutorial_taskflow_api_virtualenv.py took 0.036 seconds
[2024-06-18T13:09:04.485+0530] {processor.py:161} INFO - Started process (PID=25579) to work on /home/kiit/airflow-env/lib/python3.8/site-packages/airflow/example_dags/tutorial_taskflow_api_virtualenv.py
[2024-06-18T13:09:04.486+0530] {processor.py:830} INFO - Processing file /home/kiit/airflow-env/lib/python3.8/site-packages/airflow/example_dags/tutorial_taskflow_api_virtualenv.py for tasks to queue
[2024-06-18T13:09:04.488+0530] {logging_mixin.py:188} INFO - [2024-06-18T13:09:04.487+0530] {dagbag.py:545} INFO - Filling up the DagBag from /home/kiit/airflow-env/lib/python3.8/site-packages/airflow/example_dags/tutorial_taskflow_api_virtualenv.py
[2024-06-18T13:09:04.490+0530] {logging_mixin.py:188} INFO - [2024-06-18T13:09:04.490+0530] {tutorial_taskflow_api_virtualenv.py:29} WARNING - The tutorial_taskflow_api_virtualenv example DAG requires virtualenv, please install it.
[2024-06-18T13:09:04.490+0530] {processor.py:842} WARNING - No viable dags retrieved from /home/kiit/airflow-env/lib/python3.8/site-packages/airflow/example_dags/tutorial_taskflow_api_virtualenv.py
[2024-06-18T13:09:04.498+0530] {processor.py:183} INFO - Processing /home/kiit/airflow-env/lib/python3.8/site-packages/airflow/example_dags/tutorial_taskflow_api_virtualenv.py took 0.019 seconds
[2024-06-18T13:09:53.480+0530] {processor.py:161} INFO - Started process (PID=25638) to work on /home/kiit/airflow-env/lib/python3.8/site-packages/airflow/example_dags/tutorial_taskflow_api_virtualenv.py
[2024-06-18T13:09:53.484+0530] {processor.py:830} INFO - Processing file /home/kiit/airflow-env/lib/python3.8/site-packages/airflow/example_dags/tutorial_taskflow_api_virtualenv.py for tasks to queue
[2024-06-18T13:09:53.487+0530] {logging_mixin.py:188} INFO - [2024-06-18T13:09:53.487+0530] {dagbag.py:545} INFO - Filling up the DagBag from /home/kiit/airflow-env/lib/python3.8/site-packages/airflow/example_dags/tutorial_taskflow_api_virtualenv.py
[2024-06-18T13:09:53.493+0530] {logging_mixin.py:188} INFO - [2024-06-18T13:09:53.493+0530] {tutorial_taskflow_api_virtualenv.py:29} WARNING - The tutorial_taskflow_api_virtualenv example DAG requires virtualenv, please install it.
[2024-06-18T13:09:53.494+0530] {processor.py:842} WARNING - No viable dags retrieved from /home/kiit/airflow-env/lib/python3.8/site-packages/airflow/example_dags/tutorial_taskflow_api_virtualenv.py
[2024-06-18T13:09:53.520+0530] {processor.py:183} INFO - Processing /home/kiit/airflow-env/lib/python3.8/site-packages/airflow/example_dags/tutorial_taskflow_api_virtualenv.py took 0.060 seconds
[2024-06-18T13:10:38.879+0530] {processor.py:161} INFO - Started process (PID=25688) to work on /home/kiit/airflow-env/lib/python3.8/site-packages/airflow/example_dags/tutorial_taskflow_api_virtualenv.py
[2024-06-18T13:10:38.880+0530] {processor.py:830} INFO - Processing file /home/kiit/airflow-env/lib/python3.8/site-packages/airflow/example_dags/tutorial_taskflow_api_virtualenv.py for tasks to queue
[2024-06-18T13:10:38.881+0530] {logging_mixin.py:188} INFO - [2024-06-18T13:10:38.881+0530] {dagbag.py:545} INFO - Filling up the DagBag from /home/kiit/airflow-env/lib/python3.8/site-packages/airflow/example_dags/tutorial_taskflow_api_virtualenv.py
[2024-06-18T13:10:38.884+0530] {logging_mixin.py:188} INFO - [2024-06-18T13:10:38.884+0530] {tutorial_taskflow_api_virtualenv.py:29} WARNING - The tutorial_taskflow_api_virtualenv example DAG requires virtualenv, please install it.
[2024-06-18T13:10:38.884+0530] {processor.py:842} WARNING - No viable dags retrieved from /home/kiit/airflow-env/lib/python3.8/site-packages/airflow/example_dags/tutorial_taskflow_api_virtualenv.py
[2024-06-18T13:10:38.892+0530] {processor.py:183} INFO - Processing /home/kiit/airflow-env/lib/python3.8/site-packages/airflow/example_dags/tutorial_taskflow_api_virtualenv.py took 0.018 seconds
[2024-06-18T13:11:27.464+0530] {processor.py:161} INFO - Started process (PID=25741) to work on /home/kiit/airflow-env/lib/python3.8/site-packages/airflow/example_dags/tutorial_taskflow_api_virtualenv.py
[2024-06-18T13:11:27.466+0530] {processor.py:830} INFO - Processing file /home/kiit/airflow-env/lib/python3.8/site-packages/airflow/example_dags/tutorial_taskflow_api_virtualenv.py for tasks to queue
[2024-06-18T13:11:27.468+0530] {logging_mixin.py:188} INFO - [2024-06-18T13:11:27.468+0530] {dagbag.py:545} INFO - Filling up the DagBag from /home/kiit/airflow-env/lib/python3.8/site-packages/airflow/example_dags/tutorial_taskflow_api_virtualenv.py
[2024-06-18T13:11:27.472+0530] {logging_mixin.py:188} INFO - [2024-06-18T13:11:27.472+0530] {tutorial_taskflow_api_virtualenv.py:29} WARNING - The tutorial_taskflow_api_virtualenv example DAG requires virtualenv, please install it.
[2024-06-18T13:11:27.473+0530] {processor.py:842} WARNING - No viable dags retrieved from /home/kiit/airflow-env/lib/python3.8/site-packages/airflow/example_dags/tutorial_taskflow_api_virtualenv.py
[2024-06-18T13:11:27.486+0530] {processor.py:183} INFO - Processing /home/kiit/airflow-env/lib/python3.8/site-packages/airflow/example_dags/tutorial_taskflow_api_virtualenv.py took 0.029 seconds
[2024-06-18T13:12:08.632+0530] {processor.py:161} INFO - Started process (PID=25790) to work on /home/kiit/airflow-env/lib/python3.8/site-packages/airflow/example_dags/tutorial_taskflow_api_virtualenv.py
[2024-06-18T13:12:08.634+0530] {processor.py:830} INFO - Processing file /home/kiit/airflow-env/lib/python3.8/site-packages/airflow/example_dags/tutorial_taskflow_api_virtualenv.py for tasks to queue
[2024-06-18T13:12:08.635+0530] {logging_mixin.py:188} INFO - [2024-06-18T13:12:08.635+0530] {dagbag.py:545} INFO - Filling up the DagBag from /home/kiit/airflow-env/lib/python3.8/site-packages/airflow/example_dags/tutorial_taskflow_api_virtualenv.py
[2024-06-18T13:12:08.637+0530] {logging_mixin.py:188} INFO - [2024-06-18T13:12:08.637+0530] {tutorial_taskflow_api_virtualenv.py:29} WARNING - The tutorial_taskflow_api_virtualenv example DAG requires virtualenv, please install it.
[2024-06-18T13:12:08.637+0530] {processor.py:842} WARNING - No viable dags retrieved from /home/kiit/airflow-env/lib/python3.8/site-packages/airflow/example_dags/tutorial_taskflow_api_virtualenv.py
[2024-06-18T13:12:08.645+0530] {processor.py:183} INFO - Processing /home/kiit/airflow-env/lib/python3.8/site-packages/airflow/example_dags/tutorial_taskflow_api_virtualenv.py took 0.018 seconds
[2024-06-18T13:12:48.759+0530] {processor.py:161} INFO - Started process (PID=25840) to work on /home/kiit/airflow-env/lib/python3.8/site-packages/airflow/example_dags/tutorial_taskflow_api_virtualenv.py
[2024-06-18T13:12:48.760+0530] {processor.py:830} INFO - Processing file /home/kiit/airflow-env/lib/python3.8/site-packages/airflow/example_dags/tutorial_taskflow_api_virtualenv.py for tasks to queue
[2024-06-18T13:12:48.761+0530] {logging_mixin.py:188} INFO - [2024-06-18T13:12:48.761+0530] {dagbag.py:545} INFO - Filling up the DagBag from /home/kiit/airflow-env/lib/python3.8/site-packages/airflow/example_dags/tutorial_taskflow_api_virtualenv.py
[2024-06-18T13:12:48.763+0530] {logging_mixin.py:188} INFO - [2024-06-18T13:12:48.763+0530] {tutorial_taskflow_api_virtualenv.py:29} WARNING - The tutorial_taskflow_api_virtualenv example DAG requires virtualenv, please install it.
[2024-06-18T13:12:48.763+0530] {processor.py:842} WARNING - No viable dags retrieved from /home/kiit/airflow-env/lib/python3.8/site-packages/airflow/example_dags/tutorial_taskflow_api_virtualenv.py
[2024-06-18T13:12:48.770+0530] {processor.py:183} INFO - Processing /home/kiit/airflow-env/lib/python3.8/site-packages/airflow/example_dags/tutorial_taskflow_api_virtualenv.py took 0.015 seconds
[2024-06-18T13:13:27.306+0530] {processor.py:161} INFO - Started process (PID=25886) to work on /home/kiit/airflow-env/lib/python3.8/site-packages/airflow/example_dags/tutorial_taskflow_api_virtualenv.py
[2024-06-18T13:13:27.307+0530] {processor.py:830} INFO - Processing file /home/kiit/airflow-env/lib/python3.8/site-packages/airflow/example_dags/tutorial_taskflow_api_virtualenv.py for tasks to queue
[2024-06-18T13:13:27.308+0530] {logging_mixin.py:188} INFO - [2024-06-18T13:13:27.308+0530] {dagbag.py:545} INFO - Filling up the DagBag from /home/kiit/airflow-env/lib/python3.8/site-packages/airflow/example_dags/tutorial_taskflow_api_virtualenv.py
[2024-06-18T13:13:27.310+0530] {logging_mixin.py:188} INFO - [2024-06-18T13:13:27.310+0530] {tutorial_taskflow_api_virtualenv.py:29} WARNING - The tutorial_taskflow_api_virtualenv example DAG requires virtualenv, please install it.
[2024-06-18T13:13:27.311+0530] {processor.py:842} WARNING - No viable dags retrieved from /home/kiit/airflow-env/lib/python3.8/site-packages/airflow/example_dags/tutorial_taskflow_api_virtualenv.py
[2024-06-18T13:13:27.318+0530] {processor.py:183} INFO - Processing /home/kiit/airflow-env/lib/python3.8/site-packages/airflow/example_dags/tutorial_taskflow_api_virtualenv.py took 0.017 seconds
[2024-06-18T13:14:04.542+0530] {processor.py:161} INFO - Started process (PID=25933) to work on /home/kiit/airflow-env/lib/python3.8/site-packages/airflow/example_dags/tutorial_taskflow_api_virtualenv.py
[2024-06-18T13:14:04.542+0530] {processor.py:830} INFO - Processing file /home/kiit/airflow-env/lib/python3.8/site-packages/airflow/example_dags/tutorial_taskflow_api_virtualenv.py for tasks to queue
[2024-06-18T13:14:04.543+0530] {logging_mixin.py:188} INFO - [2024-06-18T13:14:04.543+0530] {dagbag.py:545} INFO - Filling up the DagBag from /home/kiit/airflow-env/lib/python3.8/site-packages/airflow/example_dags/tutorial_taskflow_api_virtualenv.py
[2024-06-18T13:14:04.546+0530] {logging_mixin.py:188} INFO - [2024-06-18T13:14:04.545+0530] {tutorial_taskflow_api_virtualenv.py:29} WARNING - The tutorial_taskflow_api_virtualenv example DAG requires virtualenv, please install it.
[2024-06-18T13:14:04.546+0530] {processor.py:842} WARNING - No viable dags retrieved from /home/kiit/airflow-env/lib/python3.8/site-packages/airflow/example_dags/tutorial_taskflow_api_virtualenv.py
[2024-06-18T13:14:04.553+0530] {processor.py:183} INFO - Processing /home/kiit/airflow-env/lib/python3.8/site-packages/airflow/example_dags/tutorial_taskflow_api_virtualenv.py took 0.015 seconds
[2024-06-18T13:14:43.527+0530] {processor.py:161} INFO - Started process (PID=25980) to work on /home/kiit/airflow-env/lib/python3.8/site-packages/airflow/example_dags/tutorial_taskflow_api_virtualenv.py
[2024-06-18T13:14:43.528+0530] {processor.py:830} INFO - Processing file /home/kiit/airflow-env/lib/python3.8/site-packages/airflow/example_dags/tutorial_taskflow_api_virtualenv.py for tasks to queue
[2024-06-18T13:14:43.530+0530] {logging_mixin.py:188} INFO - [2024-06-18T13:14:43.530+0530] {dagbag.py:545} INFO - Filling up the DagBag from /home/kiit/airflow-env/lib/python3.8/site-packages/airflow/example_dags/tutorial_taskflow_api_virtualenv.py
[2024-06-18T13:14:43.533+0530] {logging_mixin.py:188} INFO - [2024-06-18T13:14:43.533+0530] {tutorial_taskflow_api_virtualenv.py:29} WARNING - The tutorial_taskflow_api_virtualenv example DAG requires virtualenv, please install it.
[2024-06-18T13:14:43.534+0530] {processor.py:842} WARNING - No viable dags retrieved from /home/kiit/airflow-env/lib/python3.8/site-packages/airflow/example_dags/tutorial_taskflow_api_virtualenv.py
[2024-06-18T13:14:43.544+0530] {processor.py:183} INFO - Processing /home/kiit/airflow-env/lib/python3.8/site-packages/airflow/example_dags/tutorial_taskflow_api_virtualenv.py took 0.023 seconds
[2024-06-18T13:15:26.300+0530] {processor.py:161} INFO - Started process (PID=26029) to work on /home/kiit/airflow-env/lib/python3.8/site-packages/airflow/example_dags/tutorial_taskflow_api_virtualenv.py
[2024-06-18T13:15:26.300+0530] {processor.py:830} INFO - Processing file /home/kiit/airflow-env/lib/python3.8/site-packages/airflow/example_dags/tutorial_taskflow_api_virtualenv.py for tasks to queue
[2024-06-18T13:15:26.302+0530] {logging_mixin.py:188} INFO - [2024-06-18T13:15:26.302+0530] {dagbag.py:545} INFO - Filling up the DagBag from /home/kiit/airflow-env/lib/python3.8/site-packages/airflow/example_dags/tutorial_taskflow_api_virtualenv.py
[2024-06-18T13:15:26.305+0530] {logging_mixin.py:188} INFO - [2024-06-18T13:15:26.305+0530] {tutorial_taskflow_api_virtualenv.py:29} WARNING - The tutorial_taskflow_api_virtualenv example DAG requires virtualenv, please install it.
[2024-06-18T13:15:26.305+0530] {processor.py:842} WARNING - No viable dags retrieved from /home/kiit/airflow-env/lib/python3.8/site-packages/airflow/example_dags/tutorial_taskflow_api_virtualenv.py
[2024-06-18T13:15:26.314+0530] {processor.py:183} INFO - Processing /home/kiit/airflow-env/lib/python3.8/site-packages/airflow/example_dags/tutorial_taskflow_api_virtualenv.py took 0.019 seconds
[2024-06-18T13:16:06.474+0530] {processor.py:161} INFO - Started process (PID=26078) to work on /home/kiit/airflow-env/lib/python3.8/site-packages/airflow/example_dags/tutorial_taskflow_api_virtualenv.py
[2024-06-18T13:16:06.476+0530] {processor.py:830} INFO - Processing file /home/kiit/airflow-env/lib/python3.8/site-packages/airflow/example_dags/tutorial_taskflow_api_virtualenv.py for tasks to queue
[2024-06-18T13:16:06.477+0530] {logging_mixin.py:188} INFO - [2024-06-18T13:16:06.477+0530] {dagbag.py:545} INFO - Filling up the DagBag from /home/kiit/airflow-env/lib/python3.8/site-packages/airflow/example_dags/tutorial_taskflow_api_virtualenv.py
[2024-06-18T13:16:06.480+0530] {logging_mixin.py:188} INFO - [2024-06-18T13:16:06.480+0530] {tutorial_taskflow_api_virtualenv.py:29} WARNING - The tutorial_taskflow_api_virtualenv example DAG requires virtualenv, please install it.
[2024-06-18T13:16:06.481+0530] {processor.py:842} WARNING - No viable dags retrieved from /home/kiit/airflow-env/lib/python3.8/site-packages/airflow/example_dags/tutorial_taskflow_api_virtualenv.py
[2024-06-18T13:16:06.494+0530] {processor.py:183} INFO - Processing /home/kiit/airflow-env/lib/python3.8/site-packages/airflow/example_dags/tutorial_taskflow_api_virtualenv.py took 0.028 seconds
[2024-06-18T13:16:44.841+0530] {processor.py:161} INFO - Started process (PID=26126) to work on /home/kiit/airflow-env/lib/python3.8/site-packages/airflow/example_dags/tutorial_taskflow_api_virtualenv.py
[2024-06-18T13:16:44.842+0530] {processor.py:830} INFO - Processing file /home/kiit/airflow-env/lib/python3.8/site-packages/airflow/example_dags/tutorial_taskflow_api_virtualenv.py for tasks to queue
[2024-06-18T13:16:44.843+0530] {logging_mixin.py:188} INFO - [2024-06-18T13:16:44.842+0530] {dagbag.py:545} INFO - Filling up the DagBag from /home/kiit/airflow-env/lib/python3.8/site-packages/airflow/example_dags/tutorial_taskflow_api_virtualenv.py
[2024-06-18T13:16:44.845+0530] {logging_mixin.py:188} INFO - [2024-06-18T13:16:44.845+0530] {tutorial_taskflow_api_virtualenv.py:29} WARNING - The tutorial_taskflow_api_virtualenv example DAG requires virtualenv, please install it.
[2024-06-18T13:16:44.845+0530] {processor.py:842} WARNING - No viable dags retrieved from /home/kiit/airflow-env/lib/python3.8/site-packages/airflow/example_dags/tutorial_taskflow_api_virtualenv.py
[2024-06-18T13:16:44.856+0530] {processor.py:183} INFO - Processing /home/kiit/airflow-env/lib/python3.8/site-packages/airflow/example_dags/tutorial_taskflow_api_virtualenv.py took 0.019 seconds
[2024-06-18T13:17:23.504+0530] {processor.py:161} INFO - Started process (PID=26171) to work on /home/kiit/airflow-env/lib/python3.8/site-packages/airflow/example_dags/tutorial_taskflow_api_virtualenv.py
[2024-06-18T13:17:23.505+0530] {processor.py:830} INFO - Processing file /home/kiit/airflow-env/lib/python3.8/site-packages/airflow/example_dags/tutorial_taskflow_api_virtualenv.py for tasks to queue
[2024-06-18T13:17:23.506+0530] {logging_mixin.py:188} INFO - [2024-06-18T13:17:23.506+0530] {dagbag.py:545} INFO - Filling up the DagBag from /home/kiit/airflow-env/lib/python3.8/site-packages/airflow/example_dags/tutorial_taskflow_api_virtualenv.py
[2024-06-18T13:17:23.508+0530] {logging_mixin.py:188} INFO - [2024-06-18T13:17:23.507+0530] {tutorial_taskflow_api_virtualenv.py:29} WARNING - The tutorial_taskflow_api_virtualenv example DAG requires virtualenv, please install it.
[2024-06-18T13:17:23.508+0530] {processor.py:842} WARNING - No viable dags retrieved from /home/kiit/airflow-env/lib/python3.8/site-packages/airflow/example_dags/tutorial_taskflow_api_virtualenv.py
[2024-06-18T13:17:23.514+0530] {processor.py:183} INFO - Processing /home/kiit/airflow-env/lib/python3.8/site-packages/airflow/example_dags/tutorial_taskflow_api_virtualenv.py took 0.015 seconds
[2024-06-18T13:18:04.383+0530] {processor.py:161} INFO - Started process (PID=26220) to work on /home/kiit/airflow-env/lib/python3.8/site-packages/airflow/example_dags/tutorial_taskflow_api_virtualenv.py
[2024-06-18T13:18:04.385+0530] {processor.py:830} INFO - Processing file /home/kiit/airflow-env/lib/python3.8/site-packages/airflow/example_dags/tutorial_taskflow_api_virtualenv.py for tasks to queue
[2024-06-18T13:18:04.386+0530] {logging_mixin.py:188} INFO - [2024-06-18T13:18:04.386+0530] {dagbag.py:545} INFO - Filling up the DagBag from /home/kiit/airflow-env/lib/python3.8/site-packages/airflow/example_dags/tutorial_taskflow_api_virtualenv.py
[2024-06-18T13:18:04.389+0530] {logging_mixin.py:188} INFO - [2024-06-18T13:18:04.388+0530] {tutorial_taskflow_api_virtualenv.py:29} WARNING - The tutorial_taskflow_api_virtualenv example DAG requires virtualenv, please install it.
[2024-06-18T13:18:04.389+0530] {processor.py:842} WARNING - No viable dags retrieved from /home/kiit/airflow-env/lib/python3.8/site-packages/airflow/example_dags/tutorial_taskflow_api_virtualenv.py
[2024-06-18T13:18:04.397+0530] {processor.py:183} INFO - Processing /home/kiit/airflow-env/lib/python3.8/site-packages/airflow/example_dags/tutorial_taskflow_api_virtualenv.py took 0.020 seconds
[2024-06-18T13:18:49.351+0530] {processor.py:161} INFO - Started process (PID=26271) to work on /home/kiit/airflow-env/lib/python3.8/site-packages/airflow/example_dags/tutorial_taskflow_api_virtualenv.py
[2024-06-18T13:18:49.353+0530] {processor.py:830} INFO - Processing file /home/kiit/airflow-env/lib/python3.8/site-packages/airflow/example_dags/tutorial_taskflow_api_virtualenv.py for tasks to queue
[2024-06-18T13:18:49.354+0530] {logging_mixin.py:188} INFO - [2024-06-18T13:18:49.353+0530] {dagbag.py:545} INFO - Filling up the DagBag from /home/kiit/airflow-env/lib/python3.8/site-packages/airflow/example_dags/tutorial_taskflow_api_virtualenv.py
[2024-06-18T13:18:49.356+0530] {logging_mixin.py:188} INFO - [2024-06-18T13:18:49.356+0530] {tutorial_taskflow_api_virtualenv.py:29} WARNING - The tutorial_taskflow_api_virtualenv example DAG requires virtualenv, please install it.
[2024-06-18T13:18:49.356+0530] {processor.py:842} WARNING - No viable dags retrieved from /home/kiit/airflow-env/lib/python3.8/site-packages/airflow/example_dags/tutorial_taskflow_api_virtualenv.py
[2024-06-18T13:18:49.366+0530] {processor.py:183} INFO - Processing /home/kiit/airflow-env/lib/python3.8/site-packages/airflow/example_dags/tutorial_taskflow_api_virtualenv.py took 0.020 seconds
[2024-06-18T13:19:28.944+0530] {processor.py:161} INFO - Started process (PID=26320) to work on /home/kiit/airflow-env/lib/python3.8/site-packages/airflow/example_dags/tutorial_taskflow_api_virtualenv.py
[2024-06-18T13:19:28.945+0530] {processor.py:830} INFO - Processing file /home/kiit/airflow-env/lib/python3.8/site-packages/airflow/example_dags/tutorial_taskflow_api_virtualenv.py for tasks to queue
[2024-06-18T13:19:28.946+0530] {logging_mixin.py:188} INFO - [2024-06-18T13:19:28.945+0530] {dagbag.py:545} INFO - Filling up the DagBag from /home/kiit/airflow-env/lib/python3.8/site-packages/airflow/example_dags/tutorial_taskflow_api_virtualenv.py
[2024-06-18T13:19:28.948+0530] {logging_mixin.py:188} INFO - [2024-06-18T13:19:28.948+0530] {tutorial_taskflow_api_virtualenv.py:29} WARNING - The tutorial_taskflow_api_virtualenv example DAG requires virtualenv, please install it.
[2024-06-18T13:19:28.948+0530] {processor.py:842} WARNING - No viable dags retrieved from /home/kiit/airflow-env/lib/python3.8/site-packages/airflow/example_dags/tutorial_taskflow_api_virtualenv.py
[2024-06-18T13:19:28.955+0530] {processor.py:183} INFO - Processing /home/kiit/airflow-env/lib/python3.8/site-packages/airflow/example_dags/tutorial_taskflow_api_virtualenv.py took 0.015 seconds
[2024-06-18T13:20:07.479+0530] {processor.py:161} INFO - Started process (PID=26368) to work on /home/kiit/airflow-env/lib/python3.8/site-packages/airflow/example_dags/tutorial_taskflow_api_virtualenv.py
[2024-06-18T13:20:07.480+0530] {processor.py:830} INFO - Processing file /home/kiit/airflow-env/lib/python3.8/site-packages/airflow/example_dags/tutorial_taskflow_api_virtualenv.py for tasks to queue
[2024-06-18T13:20:07.481+0530] {logging_mixin.py:188} INFO - [2024-06-18T13:20:07.481+0530] {dagbag.py:545} INFO - Filling up the DagBag from /home/kiit/airflow-env/lib/python3.8/site-packages/airflow/example_dags/tutorial_taskflow_api_virtualenv.py
[2024-06-18T13:20:07.483+0530] {logging_mixin.py:188} INFO - [2024-06-18T13:20:07.483+0530] {tutorial_taskflow_api_virtualenv.py:29} WARNING - The tutorial_taskflow_api_virtualenv example DAG requires virtualenv, please install it.
[2024-06-18T13:20:07.483+0530] {processor.py:842} WARNING - No viable dags retrieved from /home/kiit/airflow-env/lib/python3.8/site-packages/airflow/example_dags/tutorial_taskflow_api_virtualenv.py
[2024-06-18T13:20:07.490+0530] {processor.py:183} INFO - Processing /home/kiit/airflow-env/lib/python3.8/site-packages/airflow/example_dags/tutorial_taskflow_api_virtualenv.py took 0.016 seconds
[2024-06-18T13:20:45.051+0530] {processor.py:161} INFO - Started process (PID=26414) to work on /home/kiit/airflow-env/lib/python3.8/site-packages/airflow/example_dags/tutorial_taskflow_api_virtualenv.py
[2024-06-18T13:20:45.051+0530] {processor.py:830} INFO - Processing file /home/kiit/airflow-env/lib/python3.8/site-packages/airflow/example_dags/tutorial_taskflow_api_virtualenv.py for tasks to queue
[2024-06-18T13:20:45.052+0530] {logging_mixin.py:188} INFO - [2024-06-18T13:20:45.052+0530] {dagbag.py:545} INFO - Filling up the DagBag from /home/kiit/airflow-env/lib/python3.8/site-packages/airflow/example_dags/tutorial_taskflow_api_virtualenv.py
[2024-06-18T13:20:45.054+0530] {logging_mixin.py:188} INFO - [2024-06-18T13:20:45.054+0530] {tutorial_taskflow_api_virtualenv.py:29} WARNING - The tutorial_taskflow_api_virtualenv example DAG requires virtualenv, please install it.
[2024-06-18T13:20:45.054+0530] {processor.py:842} WARNING - No viable dags retrieved from /home/kiit/airflow-env/lib/python3.8/site-packages/airflow/example_dags/tutorial_taskflow_api_virtualenv.py
[2024-06-18T13:20:45.062+0530] {processor.py:183} INFO - Processing /home/kiit/airflow-env/lib/python3.8/site-packages/airflow/example_dags/tutorial_taskflow_api_virtualenv.py took 0.016 seconds
[2024-06-18T13:21:23.586+0530] {processor.py:161} INFO - Started process (PID=26461) to work on /home/kiit/airflow-env/lib/python3.8/site-packages/airflow/example_dags/tutorial_taskflow_api_virtualenv.py
[2024-06-18T13:21:23.587+0530] {processor.py:830} INFO - Processing file /home/kiit/airflow-env/lib/python3.8/site-packages/airflow/example_dags/tutorial_taskflow_api_virtualenv.py for tasks to queue
[2024-06-18T13:21:23.588+0530] {logging_mixin.py:188} INFO - [2024-06-18T13:21:23.588+0530] {dagbag.py:545} INFO - Filling up the DagBag from /home/kiit/airflow-env/lib/python3.8/site-packages/airflow/example_dags/tutorial_taskflow_api_virtualenv.py
[2024-06-18T13:21:23.590+0530] {logging_mixin.py:188} INFO - [2024-06-18T13:21:23.590+0530] {tutorial_taskflow_api_virtualenv.py:29} WARNING - The tutorial_taskflow_api_virtualenv example DAG requires virtualenv, please install it.
[2024-06-18T13:21:23.590+0530] {processor.py:842} WARNING - No viable dags retrieved from /home/kiit/airflow-env/lib/python3.8/site-packages/airflow/example_dags/tutorial_taskflow_api_virtualenv.py
[2024-06-18T13:21:23.597+0530] {processor.py:183} INFO - Processing /home/kiit/airflow-env/lib/python3.8/site-packages/airflow/example_dags/tutorial_taskflow_api_virtualenv.py took 0.016 seconds
[2024-06-18T13:22:01.045+0530] {processor.py:161} INFO - Started process (PID=26507) to work on /home/kiit/airflow-env/lib/python3.8/site-packages/airflow/example_dags/tutorial_taskflow_api_virtualenv.py
[2024-06-18T13:22:01.045+0530] {processor.py:830} INFO - Processing file /home/kiit/airflow-env/lib/python3.8/site-packages/airflow/example_dags/tutorial_taskflow_api_virtualenv.py for tasks to queue
[2024-06-18T13:22:01.047+0530] {logging_mixin.py:188} INFO - [2024-06-18T13:22:01.047+0530] {dagbag.py:545} INFO - Filling up the DagBag from /home/kiit/airflow-env/lib/python3.8/site-packages/airflow/example_dags/tutorial_taskflow_api_virtualenv.py
[2024-06-18T13:22:01.051+0530] {logging_mixin.py:188} INFO - [2024-06-18T13:22:01.051+0530] {tutorial_taskflow_api_virtualenv.py:29} WARNING - The tutorial_taskflow_api_virtualenv example DAG requires virtualenv, please install it.
[2024-06-18T13:22:01.051+0530] {processor.py:842} WARNING - No viable dags retrieved from /home/kiit/airflow-env/lib/python3.8/site-packages/airflow/example_dags/tutorial_taskflow_api_virtualenv.py
[2024-06-18T13:22:01.060+0530] {processor.py:183} INFO - Processing /home/kiit/airflow-env/lib/python3.8/site-packages/airflow/example_dags/tutorial_taskflow_api_virtualenv.py took 0.021 seconds
[2024-06-18T13:22:39.503+0530] {processor.py:161} INFO - Started process (PID=26555) to work on /home/kiit/airflow-env/lib/python3.8/site-packages/airflow/example_dags/tutorial_taskflow_api_virtualenv.py
[2024-06-18T13:22:39.504+0530] {processor.py:830} INFO - Processing file /home/kiit/airflow-env/lib/python3.8/site-packages/airflow/example_dags/tutorial_taskflow_api_virtualenv.py for tasks to queue
[2024-06-18T13:22:39.505+0530] {logging_mixin.py:188} INFO - [2024-06-18T13:22:39.505+0530] {dagbag.py:545} INFO - Filling up the DagBag from /home/kiit/airflow-env/lib/python3.8/site-packages/airflow/example_dags/tutorial_taskflow_api_virtualenv.py
[2024-06-18T13:22:39.507+0530] {logging_mixin.py:188} INFO - [2024-06-18T13:22:39.507+0530] {tutorial_taskflow_api_virtualenv.py:29} WARNING - The tutorial_taskflow_api_virtualenv example DAG requires virtualenv, please install it.
[2024-06-18T13:22:39.507+0530] {processor.py:842} WARNING - No viable dags retrieved from /home/kiit/airflow-env/lib/python3.8/site-packages/airflow/example_dags/tutorial_taskflow_api_virtualenv.py
[2024-06-18T13:22:39.515+0530] {processor.py:183} INFO - Processing /home/kiit/airflow-env/lib/python3.8/site-packages/airflow/example_dags/tutorial_taskflow_api_virtualenv.py took 0.017 seconds
[2024-06-18T13:23:16.280+0530] {processor.py:161} INFO - Started process (PID=26599) to work on /home/kiit/airflow-env/lib/python3.8/site-packages/airflow/example_dags/tutorial_taskflow_api_virtualenv.py
[2024-06-18T13:23:16.282+0530] {processor.py:830} INFO - Processing file /home/kiit/airflow-env/lib/python3.8/site-packages/airflow/example_dags/tutorial_taskflow_api_virtualenv.py for tasks to queue
[2024-06-18T13:23:16.283+0530] {logging_mixin.py:188} INFO - [2024-06-18T13:23:16.283+0530] {dagbag.py:545} INFO - Filling up the DagBag from /home/kiit/airflow-env/lib/python3.8/site-packages/airflow/example_dags/tutorial_taskflow_api_virtualenv.py
[2024-06-18T13:23:16.286+0530] {logging_mixin.py:188} INFO - [2024-06-18T13:23:16.286+0530] {tutorial_taskflow_api_virtualenv.py:29} WARNING - The tutorial_taskflow_api_virtualenv example DAG requires virtualenv, please install it.
[2024-06-18T13:23:16.286+0530] {processor.py:842} WARNING - No viable dags retrieved from /home/kiit/airflow-env/lib/python3.8/site-packages/airflow/example_dags/tutorial_taskflow_api_virtualenv.py
[2024-06-18T13:23:16.296+0530] {processor.py:183} INFO - Processing /home/kiit/airflow-env/lib/python3.8/site-packages/airflow/example_dags/tutorial_taskflow_api_virtualenv.py took 0.022 seconds
[2024-06-18T13:23:55.172+0530] {processor.py:161} INFO - Started process (PID=26647) to work on /home/kiit/airflow-env/lib/python3.8/site-packages/airflow/example_dags/tutorial_taskflow_api_virtualenv.py
[2024-06-18T13:23:55.173+0530] {processor.py:830} INFO - Processing file /home/kiit/airflow-env/lib/python3.8/site-packages/airflow/example_dags/tutorial_taskflow_api_virtualenv.py for tasks to queue
[2024-06-18T13:23:55.174+0530] {logging_mixin.py:188} INFO - [2024-06-18T13:23:55.174+0530] {dagbag.py:545} INFO - Filling up the DagBag from /home/kiit/airflow-env/lib/python3.8/site-packages/airflow/example_dags/tutorial_taskflow_api_virtualenv.py
[2024-06-18T13:23:55.176+0530] {logging_mixin.py:188} INFO - [2024-06-18T13:23:55.176+0530] {tutorial_taskflow_api_virtualenv.py:29} WARNING - The tutorial_taskflow_api_virtualenv example DAG requires virtualenv, please install it.
[2024-06-18T13:23:55.177+0530] {processor.py:842} WARNING - No viable dags retrieved from /home/kiit/airflow-env/lib/python3.8/site-packages/airflow/example_dags/tutorial_taskflow_api_virtualenv.py
[2024-06-18T13:23:55.183+0530] {processor.py:183} INFO - Processing /home/kiit/airflow-env/lib/python3.8/site-packages/airflow/example_dags/tutorial_taskflow_api_virtualenv.py took 0.015 seconds
[2024-06-18T13:24:35.686+0530] {processor.py:161} INFO - Started process (PID=26695) to work on /home/kiit/airflow-env/lib/python3.8/site-packages/airflow/example_dags/tutorial_taskflow_api_virtualenv.py
[2024-06-18T13:24:35.688+0530] {processor.py:830} INFO - Processing file /home/kiit/airflow-env/lib/python3.8/site-packages/airflow/example_dags/tutorial_taskflow_api_virtualenv.py for tasks to queue
[2024-06-18T13:24:35.689+0530] {logging_mixin.py:188} INFO - [2024-06-18T13:24:35.689+0530] {dagbag.py:545} INFO - Filling up the DagBag from /home/kiit/airflow-env/lib/python3.8/site-packages/airflow/example_dags/tutorial_taskflow_api_virtualenv.py
[2024-06-18T13:24:35.691+0530] {logging_mixin.py:188} INFO - [2024-06-18T13:24:35.691+0530] {tutorial_taskflow_api_virtualenv.py:29} WARNING - The tutorial_taskflow_api_virtualenv example DAG requires virtualenv, please install it.
[2024-06-18T13:24:35.691+0530] {processor.py:842} WARNING - No viable dags retrieved from /home/kiit/airflow-env/lib/python3.8/site-packages/airflow/example_dags/tutorial_taskflow_api_virtualenv.py
[2024-06-18T13:24:35.698+0530] {processor.py:183} INFO - Processing /home/kiit/airflow-env/lib/python3.8/site-packages/airflow/example_dags/tutorial_taskflow_api_virtualenv.py took 0.017 seconds
[2024-06-18T13:25:14.109+0530] {processor.py:161} INFO - Started process (PID=26747) to work on /home/kiit/airflow-env/lib/python3.8/site-packages/airflow/example_dags/tutorial_taskflow_api_virtualenv.py
[2024-06-18T13:25:14.110+0530] {processor.py:830} INFO - Processing file /home/kiit/airflow-env/lib/python3.8/site-packages/airflow/example_dags/tutorial_taskflow_api_virtualenv.py for tasks to queue
[2024-06-18T13:25:14.112+0530] {logging_mixin.py:188} INFO - [2024-06-18T13:25:14.111+0530] {dagbag.py:545} INFO - Filling up the DagBag from /home/kiit/airflow-env/lib/python3.8/site-packages/airflow/example_dags/tutorial_taskflow_api_virtualenv.py
[2024-06-18T13:25:14.114+0530] {logging_mixin.py:188} INFO - [2024-06-18T13:25:14.114+0530] {tutorial_taskflow_api_virtualenv.py:29} WARNING - The tutorial_taskflow_api_virtualenv example DAG requires virtualenv, please install it.
[2024-06-18T13:25:14.114+0530] {processor.py:842} WARNING - No viable dags retrieved from /home/kiit/airflow-env/lib/python3.8/site-packages/airflow/example_dags/tutorial_taskflow_api_virtualenv.py
[2024-06-18T13:25:14.121+0530] {processor.py:183} INFO - Processing /home/kiit/airflow-env/lib/python3.8/site-packages/airflow/example_dags/tutorial_taskflow_api_virtualenv.py took 0.019 seconds
[2024-06-18T13:25:50.092+0530] {processor.py:161} INFO - Started process (PID=26792) to work on /home/kiit/airflow-env/lib/python3.8/site-packages/airflow/example_dags/tutorial_taskflow_api_virtualenv.py
[2024-06-18T13:25:50.092+0530] {processor.py:830} INFO - Processing file /home/kiit/airflow-env/lib/python3.8/site-packages/airflow/example_dags/tutorial_taskflow_api_virtualenv.py for tasks to queue
[2024-06-18T13:25:50.094+0530] {logging_mixin.py:188} INFO - [2024-06-18T13:25:50.093+0530] {dagbag.py:545} INFO - Filling up the DagBag from /home/kiit/airflow-env/lib/python3.8/site-packages/airflow/example_dags/tutorial_taskflow_api_virtualenv.py
[2024-06-18T13:25:50.096+0530] {logging_mixin.py:188} INFO - [2024-06-18T13:25:50.096+0530] {tutorial_taskflow_api_virtualenv.py:29} WARNING - The tutorial_taskflow_api_virtualenv example DAG requires virtualenv, please install it.
[2024-06-18T13:25:50.096+0530] {processor.py:842} WARNING - No viable dags retrieved from /home/kiit/airflow-env/lib/python3.8/site-packages/airflow/example_dags/tutorial_taskflow_api_virtualenv.py
[2024-06-18T13:25:50.106+0530] {processor.py:183} INFO - Processing /home/kiit/airflow-env/lib/python3.8/site-packages/airflow/example_dags/tutorial_taskflow_api_virtualenv.py took 0.019 seconds
[2024-06-18T13:26:30.442+0530] {processor.py:161} INFO - Started process (PID=26840) to work on /home/kiit/airflow-env/lib/python3.8/site-packages/airflow/example_dags/tutorial_taskflow_api_virtualenv.py
[2024-06-18T13:26:30.443+0530] {processor.py:830} INFO - Processing file /home/kiit/airflow-env/lib/python3.8/site-packages/airflow/example_dags/tutorial_taskflow_api_virtualenv.py for tasks to queue
[2024-06-18T13:26:30.444+0530] {logging_mixin.py:188} INFO - [2024-06-18T13:26:30.444+0530] {dagbag.py:545} INFO - Filling up the DagBag from /home/kiit/airflow-env/lib/python3.8/site-packages/airflow/example_dags/tutorial_taskflow_api_virtualenv.py
[2024-06-18T13:26:30.446+0530] {logging_mixin.py:188} INFO - [2024-06-18T13:26:30.446+0530] {tutorial_taskflow_api_virtualenv.py:29} WARNING - The tutorial_taskflow_api_virtualenv example DAG requires virtualenv, please install it.
[2024-06-18T13:26:30.447+0530] {processor.py:842} WARNING - No viable dags retrieved from /home/kiit/airflow-env/lib/python3.8/site-packages/airflow/example_dags/tutorial_taskflow_api_virtualenv.py
[2024-06-18T13:26:30.455+0530] {processor.py:183} INFO - Processing /home/kiit/airflow-env/lib/python3.8/site-packages/airflow/example_dags/tutorial_taskflow_api_virtualenv.py took 0.019 seconds
[2024-06-18T13:27:23.977+0530] {processor.py:161} INFO - Started process (PID=26894) to work on /home/kiit/airflow-env/lib/python3.8/site-packages/airflow/example_dags/tutorial_taskflow_api_virtualenv.py
[2024-06-18T13:27:23.979+0530] {processor.py:830} INFO - Processing file /home/kiit/airflow-env/lib/python3.8/site-packages/airflow/example_dags/tutorial_taskflow_api_virtualenv.py for tasks to queue
[2024-06-18T13:27:23.980+0530] {logging_mixin.py:188} INFO - [2024-06-18T13:27:23.980+0530] {dagbag.py:545} INFO - Filling up the DagBag from /home/kiit/airflow-env/lib/python3.8/site-packages/airflow/example_dags/tutorial_taskflow_api_virtualenv.py
[2024-06-18T13:27:23.982+0530] {logging_mixin.py:188} INFO - [2024-06-18T13:27:23.982+0530] {tutorial_taskflow_api_virtualenv.py:29} WARNING - The tutorial_taskflow_api_virtualenv example DAG requires virtualenv, please install it.
[2024-06-18T13:27:23.983+0530] {processor.py:842} WARNING - No viable dags retrieved from /home/kiit/airflow-env/lib/python3.8/site-packages/airflow/example_dags/tutorial_taskflow_api_virtualenv.py
[2024-06-18T13:27:23.990+0530] {processor.py:183} INFO - Processing /home/kiit/airflow-env/lib/python3.8/site-packages/airflow/example_dags/tutorial_taskflow_api_virtualenv.py took 0.017 seconds
[2024-06-18T13:28:19.657+0530] {processor.py:161} INFO - Started process (PID=26944) to work on /home/kiit/airflow-env/lib/python3.8/site-packages/airflow/example_dags/tutorial_taskflow_api_virtualenv.py
[2024-06-18T13:28:19.662+0530] {processor.py:830} INFO - Processing file /home/kiit/airflow-env/lib/python3.8/site-packages/airflow/example_dags/tutorial_taskflow_api_virtualenv.py for tasks to queue
[2024-06-18T13:28:19.678+0530] {logging_mixin.py:188} INFO - [2024-06-18T13:28:19.667+0530] {dagbag.py:545} INFO - Filling up the DagBag from /home/kiit/airflow-env/lib/python3.8/site-packages/airflow/example_dags/tutorial_taskflow_api_virtualenv.py
[2024-06-18T13:28:19.698+0530] {logging_mixin.py:188} INFO - [2024-06-18T13:28:19.697+0530] {tutorial_taskflow_api_virtualenv.py:29} WARNING - The tutorial_taskflow_api_virtualenv example DAG requires virtualenv, please install it.
[2024-06-18T13:28:19.699+0530] {processor.py:842} WARNING - No viable dags retrieved from /home/kiit/airflow-env/lib/python3.8/site-packages/airflow/example_dags/tutorial_taskflow_api_virtualenv.py
[2024-06-18T13:28:19.806+0530] {processor.py:183} INFO - Processing /home/kiit/airflow-env/lib/python3.8/site-packages/airflow/example_dags/tutorial_taskflow_api_virtualenv.py took 0.197 seconds
[2024-06-18T13:29:09.966+0530] {processor.py:161} INFO - Started process (PID=26987) to work on /home/kiit/airflow-env/lib/python3.8/site-packages/airflow/example_dags/tutorial_taskflow_api_virtualenv.py
[2024-06-18T13:29:09.970+0530] {processor.py:830} INFO - Processing file /home/kiit/airflow-env/lib/python3.8/site-packages/airflow/example_dags/tutorial_taskflow_api_virtualenv.py for tasks to queue
[2024-06-18T13:29:09.985+0530] {logging_mixin.py:188} INFO - [2024-06-18T13:29:09.983+0530] {dagbag.py:545} INFO - Filling up the DagBag from /home/kiit/airflow-env/lib/python3.8/site-packages/airflow/example_dags/tutorial_taskflow_api_virtualenv.py
[2024-06-18T13:29:10.014+0530] {logging_mixin.py:188} INFO - [2024-06-18T13:29:10.008+0530] {tutorial_taskflow_api_virtualenv.py:29} WARNING - The tutorial_taskflow_api_virtualenv example DAG requires virtualenv, please install it.
[2024-06-18T13:29:10.015+0530] {processor.py:842} WARNING - No viable dags retrieved from /home/kiit/airflow-env/lib/python3.8/site-packages/airflow/example_dags/tutorial_taskflow_api_virtualenv.py
[2024-06-18T13:29:10.110+0530] {processor.py:183} INFO - Processing /home/kiit/airflow-env/lib/python3.8/site-packages/airflow/example_dags/tutorial_taskflow_api_virtualenv.py took 0.207 seconds
[2024-06-18T13:30:07.542+0530] {processor.py:161} INFO - Started process (PID=27053) to work on /home/kiit/airflow-env/lib/python3.8/site-packages/airflow/example_dags/tutorial_taskflow_api_virtualenv.py
[2024-06-18T13:30:07.544+0530] {processor.py:830} INFO - Processing file /home/kiit/airflow-env/lib/python3.8/site-packages/airflow/example_dags/tutorial_taskflow_api_virtualenv.py for tasks to queue
[2024-06-18T13:30:07.545+0530] {logging_mixin.py:188} INFO - [2024-06-18T13:30:07.545+0530] {dagbag.py:545} INFO - Filling up the DagBag from /home/kiit/airflow-env/lib/python3.8/site-packages/airflow/example_dags/tutorial_taskflow_api_virtualenv.py
[2024-06-18T13:30:07.548+0530] {logging_mixin.py:188} INFO - [2024-06-18T13:30:07.548+0530] {tutorial_taskflow_api_virtualenv.py:29} WARNING - The tutorial_taskflow_api_virtualenv example DAG requires virtualenv, please install it.
[2024-06-18T13:30:07.549+0530] {processor.py:842} WARNING - No viable dags retrieved from /home/kiit/airflow-env/lib/python3.8/site-packages/airflow/example_dags/tutorial_taskflow_api_virtualenv.py
[2024-06-18T13:30:07.561+0530] {processor.py:183} INFO - Processing /home/kiit/airflow-env/lib/python3.8/site-packages/airflow/example_dags/tutorial_taskflow_api_virtualenv.py took 0.026 seconds
[2024-06-18T13:30:54.504+0530] {processor.py:161} INFO - Started process (PID=27122) to work on /home/kiit/airflow-env/lib/python3.8/site-packages/airflow/example_dags/tutorial_taskflow_api_virtualenv.py
[2024-06-18T13:30:54.508+0530] {processor.py:830} INFO - Processing file /home/kiit/airflow-env/lib/python3.8/site-packages/airflow/example_dags/tutorial_taskflow_api_virtualenv.py for tasks to queue
[2024-06-18T13:30:54.514+0530] {logging_mixin.py:188} INFO - [2024-06-18T13:30:54.513+0530] {dagbag.py:545} INFO - Filling up the DagBag from /home/kiit/airflow-env/lib/python3.8/site-packages/airflow/example_dags/tutorial_taskflow_api_virtualenv.py
[2024-06-18T13:30:54.532+0530] {logging_mixin.py:188} INFO - [2024-06-18T13:30:54.531+0530] {tutorial_taskflow_api_virtualenv.py:29} WARNING - The tutorial_taskflow_api_virtualenv example DAG requires virtualenv, please install it.
[2024-06-18T13:30:54.533+0530] {processor.py:842} WARNING - No viable dags retrieved from /home/kiit/airflow-env/lib/python3.8/site-packages/airflow/example_dags/tutorial_taskflow_api_virtualenv.py
[2024-06-18T13:30:54.591+0530] {processor.py:183} INFO - Processing /home/kiit/airflow-env/lib/python3.8/site-packages/airflow/example_dags/tutorial_taskflow_api_virtualenv.py took 0.137 seconds
[2024-06-18T13:31:52.939+0530] {processor.py:161} INFO - Started process (PID=27449) to work on /home/kiit/airflow-env/lib/python3.8/site-packages/airflow/example_dags/tutorial_taskflow_api_virtualenv.py
[2024-06-18T13:31:52.940+0530] {processor.py:830} INFO - Processing file /home/kiit/airflow-env/lib/python3.8/site-packages/airflow/example_dags/tutorial_taskflow_api_virtualenv.py for tasks to queue
[2024-06-18T13:31:52.942+0530] {logging_mixin.py:188} INFO - [2024-06-18T13:31:52.941+0530] {dagbag.py:545} INFO - Filling up the DagBag from /home/kiit/airflow-env/lib/python3.8/site-packages/airflow/example_dags/tutorial_taskflow_api_virtualenv.py
[2024-06-18T13:31:52.945+0530] {logging_mixin.py:188} INFO - [2024-06-18T13:31:52.944+0530] {tutorial_taskflow_api_virtualenv.py:29} WARNING - The tutorial_taskflow_api_virtualenv example DAG requires virtualenv, please install it.
[2024-06-18T13:31:52.945+0530] {processor.py:842} WARNING - No viable dags retrieved from /home/kiit/airflow-env/lib/python3.8/site-packages/airflow/example_dags/tutorial_taskflow_api_virtualenv.py
[2024-06-18T13:31:52.953+0530] {processor.py:183} INFO - Processing /home/kiit/airflow-env/lib/python3.8/site-packages/airflow/example_dags/tutorial_taskflow_api_virtualenv.py took 0.018 seconds
[2024-06-18T13:32:33.796+0530] {processor.py:161} INFO - Started process (PID=28130) to work on /home/kiit/airflow-env/lib/python3.8/site-packages/airflow/example_dags/tutorial_taskflow_api_virtualenv.py
[2024-06-18T13:32:33.798+0530] {processor.py:830} INFO - Processing file /home/kiit/airflow-env/lib/python3.8/site-packages/airflow/example_dags/tutorial_taskflow_api_virtualenv.py for tasks to queue
[2024-06-18T13:32:33.801+0530] {logging_mixin.py:188} INFO - [2024-06-18T13:32:33.800+0530] {dagbag.py:545} INFO - Filling up the DagBag from /home/kiit/airflow-env/lib/python3.8/site-packages/airflow/example_dags/tutorial_taskflow_api_virtualenv.py
[2024-06-18T13:32:33.806+0530] {logging_mixin.py:188} INFO - [2024-06-18T13:32:33.806+0530] {tutorial_taskflow_api_virtualenv.py:29} WARNING - The tutorial_taskflow_api_virtualenv example DAG requires virtualenv, please install it.
[2024-06-18T13:32:33.807+0530] {processor.py:842} WARNING - No viable dags retrieved from /home/kiit/airflow-env/lib/python3.8/site-packages/airflow/example_dags/tutorial_taskflow_api_virtualenv.py
[2024-06-18T13:32:33.825+0530] {processor.py:183} INFO - Processing /home/kiit/airflow-env/lib/python3.8/site-packages/airflow/example_dags/tutorial_taskflow_api_virtualenv.py took 0.039 seconds
[2024-06-18T13:33:15.669+0530] {processor.py:161} INFO - Started process (PID=28511) to work on /home/kiit/airflow-env/lib/python3.8/site-packages/airflow/example_dags/tutorial_taskflow_api_virtualenv.py
[2024-06-18T13:33:15.673+0530] {processor.py:830} INFO - Processing file /home/kiit/airflow-env/lib/python3.8/site-packages/airflow/example_dags/tutorial_taskflow_api_virtualenv.py for tasks to queue
[2024-06-18T13:33:15.677+0530] {logging_mixin.py:188} INFO - [2024-06-18T13:33:15.676+0530] {dagbag.py:545} INFO - Filling up the DagBag from /home/kiit/airflow-env/lib/python3.8/site-packages/airflow/example_dags/tutorial_taskflow_api_virtualenv.py
[2024-06-18T13:33:15.682+0530] {logging_mixin.py:188} INFO - [2024-06-18T13:33:15.681+0530] {tutorial_taskflow_api_virtualenv.py:29} WARNING - The tutorial_taskflow_api_virtualenv example DAG requires virtualenv, please install it.
[2024-06-18T13:33:15.682+0530] {processor.py:842} WARNING - No viable dags retrieved from /home/kiit/airflow-env/lib/python3.8/site-packages/airflow/example_dags/tutorial_taskflow_api_virtualenv.py
[2024-06-18T13:33:15.695+0530] {processor.py:183} INFO - Processing /home/kiit/airflow-env/lib/python3.8/site-packages/airflow/example_dags/tutorial_taskflow_api_virtualenv.py took 0.041 seconds
[2024-06-18T13:33:59.233+0530] {processor.py:161} INFO - Started process (PID=30415) to work on /home/kiit/airflow-env/lib/python3.8/site-packages/airflow/example_dags/tutorial_taskflow_api_virtualenv.py
[2024-06-18T13:33:59.234+0530] {processor.py:830} INFO - Processing file /home/kiit/airflow-env/lib/python3.8/site-packages/airflow/example_dags/tutorial_taskflow_api_virtualenv.py for tasks to queue
[2024-06-18T13:33:59.236+0530] {logging_mixin.py:188} INFO - [2024-06-18T13:33:59.236+0530] {dagbag.py:545} INFO - Filling up the DagBag from /home/kiit/airflow-env/lib/python3.8/site-packages/airflow/example_dags/tutorial_taskflow_api_virtualenv.py
[2024-06-18T13:33:59.239+0530] {logging_mixin.py:188} INFO - [2024-06-18T13:33:59.239+0530] {tutorial_taskflow_api_virtualenv.py:29} WARNING - The tutorial_taskflow_api_virtualenv example DAG requires virtualenv, please install it.
[2024-06-18T13:33:59.239+0530] {processor.py:842} WARNING - No viable dags retrieved from /home/kiit/airflow-env/lib/python3.8/site-packages/airflow/example_dags/tutorial_taskflow_api_virtualenv.py
[2024-06-18T13:33:59.247+0530] {processor.py:183} INFO - Processing /home/kiit/airflow-env/lib/python3.8/site-packages/airflow/example_dags/tutorial_taskflow_api_virtualenv.py took 0.019 seconds
[2024-06-18T13:34:37.009+0530] {processor.py:161} INFO - Started process (PID=30466) to work on /home/kiit/airflow-env/lib/python3.8/site-packages/airflow/example_dags/tutorial_taskflow_api_virtualenv.py
[2024-06-18T13:34:37.010+0530] {processor.py:830} INFO - Processing file /home/kiit/airflow-env/lib/python3.8/site-packages/airflow/example_dags/tutorial_taskflow_api_virtualenv.py for tasks to queue
[2024-06-18T13:34:37.012+0530] {logging_mixin.py:188} INFO - [2024-06-18T13:34:37.011+0530] {dagbag.py:545} INFO - Filling up the DagBag from /home/kiit/airflow-env/lib/python3.8/site-packages/airflow/example_dags/tutorial_taskflow_api_virtualenv.py
[2024-06-18T13:34:37.013+0530] {logging_mixin.py:188} INFO - [2024-06-18T13:34:37.013+0530] {tutorial_taskflow_api_virtualenv.py:29} WARNING - The tutorial_taskflow_api_virtualenv example DAG requires virtualenv, please install it.
[2024-06-18T13:34:37.014+0530] {processor.py:842} WARNING - No viable dags retrieved from /home/kiit/airflow-env/lib/python3.8/site-packages/airflow/example_dags/tutorial_taskflow_api_virtualenv.py
[2024-06-18T13:34:37.022+0530] {processor.py:183} INFO - Processing /home/kiit/airflow-env/lib/python3.8/site-packages/airflow/example_dags/tutorial_taskflow_api_virtualenv.py took 0.018 seconds
[2024-06-18T13:35:17.787+0530] {processor.py:161} INFO - Started process (PID=30513) to work on /home/kiit/airflow-env/lib/python3.8/site-packages/airflow/example_dags/tutorial_taskflow_api_virtualenv.py
[2024-06-18T13:35:17.788+0530] {processor.py:830} INFO - Processing file /home/kiit/airflow-env/lib/python3.8/site-packages/airflow/example_dags/tutorial_taskflow_api_virtualenv.py for tasks to queue
[2024-06-18T13:35:17.790+0530] {logging_mixin.py:188} INFO - [2024-06-18T13:35:17.789+0530] {dagbag.py:545} INFO - Filling up the DagBag from /home/kiit/airflow-env/lib/python3.8/site-packages/airflow/example_dags/tutorial_taskflow_api_virtualenv.py
[2024-06-18T13:35:17.791+0530] {logging_mixin.py:188} INFO - [2024-06-18T13:35:17.791+0530] {tutorial_taskflow_api_virtualenv.py:29} WARNING - The tutorial_taskflow_api_virtualenv example DAG requires virtualenv, please install it.
[2024-06-18T13:35:17.792+0530] {processor.py:842} WARNING - No viable dags retrieved from /home/kiit/airflow-env/lib/python3.8/site-packages/airflow/example_dags/tutorial_taskflow_api_virtualenv.py
[2024-06-18T13:35:17.798+0530] {processor.py:183} INFO - Processing /home/kiit/airflow-env/lib/python3.8/site-packages/airflow/example_dags/tutorial_taskflow_api_virtualenv.py took 0.016 seconds
[2024-06-18T13:36:00.785+0530] {processor.py:161} INFO - Started process (PID=30563) to work on /home/kiit/airflow-env/lib/python3.8/site-packages/airflow/example_dags/tutorial_taskflow_api_virtualenv.py
[2024-06-18T13:36:00.791+0530] {processor.py:830} INFO - Processing file /home/kiit/airflow-env/lib/python3.8/site-packages/airflow/example_dags/tutorial_taskflow_api_virtualenv.py for tasks to queue
[2024-06-18T13:36:00.795+0530] {logging_mixin.py:188} INFO - [2024-06-18T13:36:00.794+0530] {dagbag.py:545} INFO - Filling up the DagBag from /home/kiit/airflow-env/lib/python3.8/site-packages/airflow/example_dags/tutorial_taskflow_api_virtualenv.py
[2024-06-18T13:36:00.798+0530] {logging_mixin.py:188} INFO - [2024-06-18T13:36:00.798+0530] {tutorial_taskflow_api_virtualenv.py:29} WARNING - The tutorial_taskflow_api_virtualenv example DAG requires virtualenv, please install it.
[2024-06-18T13:36:00.799+0530] {processor.py:842} WARNING - No viable dags retrieved from /home/kiit/airflow-env/lib/python3.8/site-packages/airflow/example_dags/tutorial_taskflow_api_virtualenv.py
[2024-06-18T13:36:00.813+0530] {processor.py:183} INFO - Processing /home/kiit/airflow-env/lib/python3.8/site-packages/airflow/example_dags/tutorial_taskflow_api_virtualenv.py took 0.034 seconds
[2024-06-18T13:36:44.052+0530] {processor.py:161} INFO - Started process (PID=30614) to work on /home/kiit/airflow-env/lib/python3.8/site-packages/airflow/example_dags/tutorial_taskflow_api_virtualenv.py
[2024-06-18T13:36:44.053+0530] {processor.py:830} INFO - Processing file /home/kiit/airflow-env/lib/python3.8/site-packages/airflow/example_dags/tutorial_taskflow_api_virtualenv.py for tasks to queue
[2024-06-18T13:36:44.055+0530] {logging_mixin.py:188} INFO - [2024-06-18T13:36:44.054+0530] {dagbag.py:545} INFO - Filling up the DagBag from /home/kiit/airflow-env/lib/python3.8/site-packages/airflow/example_dags/tutorial_taskflow_api_virtualenv.py
[2024-06-18T13:36:44.057+0530] {logging_mixin.py:188} INFO - [2024-06-18T13:36:44.057+0530] {tutorial_taskflow_api_virtualenv.py:29} WARNING - The tutorial_taskflow_api_virtualenv example DAG requires virtualenv, please install it.
[2024-06-18T13:36:44.057+0530] {processor.py:842} WARNING - No viable dags retrieved from /home/kiit/airflow-env/lib/python3.8/site-packages/airflow/example_dags/tutorial_taskflow_api_virtualenv.py
[2024-06-18T13:36:44.065+0530] {processor.py:183} INFO - Processing /home/kiit/airflow-env/lib/python3.8/site-packages/airflow/example_dags/tutorial_taskflow_api_virtualenv.py took 0.020 seconds
[2024-06-18T13:37:24.590+0530] {processor.py:161} INFO - Started process (PID=30662) to work on /home/kiit/airflow-env/lib/python3.8/site-packages/airflow/example_dags/tutorial_taskflow_api_virtualenv.py
[2024-06-18T13:37:24.592+0530] {processor.py:830} INFO - Processing file /home/kiit/airflow-env/lib/python3.8/site-packages/airflow/example_dags/tutorial_taskflow_api_virtualenv.py for tasks to queue
[2024-06-18T13:37:24.593+0530] {logging_mixin.py:188} INFO - [2024-06-18T13:37:24.593+0530] {dagbag.py:545} INFO - Filling up the DagBag from /home/kiit/airflow-env/lib/python3.8/site-packages/airflow/example_dags/tutorial_taskflow_api_virtualenv.py
[2024-06-18T13:37:24.595+0530] {logging_mixin.py:188} INFO - [2024-06-18T13:37:24.595+0530] {tutorial_taskflow_api_virtualenv.py:29} WARNING - The tutorial_taskflow_api_virtualenv example DAG requires virtualenv, please install it.
[2024-06-18T13:37:24.595+0530] {processor.py:842} WARNING - No viable dags retrieved from /home/kiit/airflow-env/lib/python3.8/site-packages/airflow/example_dags/tutorial_taskflow_api_virtualenv.py
[2024-06-18T13:37:24.606+0530] {processor.py:183} INFO - Processing /home/kiit/airflow-env/lib/python3.8/site-packages/airflow/example_dags/tutorial_taskflow_api_virtualenv.py took 0.023 seconds
[2024-06-18T13:38:11.984+0530] {processor.py:161} INFO - Started process (PID=30713) to work on /home/kiit/airflow-env/lib/python3.8/site-packages/airflow/example_dags/tutorial_taskflow_api_virtualenv.py
[2024-06-18T13:38:11.986+0530] {processor.py:830} INFO - Processing file /home/kiit/airflow-env/lib/python3.8/site-packages/airflow/example_dags/tutorial_taskflow_api_virtualenv.py for tasks to queue
[2024-06-18T13:38:11.989+0530] {logging_mixin.py:188} INFO - [2024-06-18T13:38:11.988+0530] {dagbag.py:545} INFO - Filling up the DagBag from /home/kiit/airflow-env/lib/python3.8/site-packages/airflow/example_dags/tutorial_taskflow_api_virtualenv.py
[2024-06-18T13:38:11.993+0530] {logging_mixin.py:188} INFO - [2024-06-18T13:38:11.993+0530] {tutorial_taskflow_api_virtualenv.py:29} WARNING - The tutorial_taskflow_api_virtualenv example DAG requires virtualenv, please install it.
[2024-06-18T13:38:11.993+0530] {processor.py:842} WARNING - No viable dags retrieved from /home/kiit/airflow-env/lib/python3.8/site-packages/airflow/example_dags/tutorial_taskflow_api_virtualenv.py
[2024-06-18T13:38:12.012+0530] {processor.py:183} INFO - Processing /home/kiit/airflow-env/lib/python3.8/site-packages/airflow/example_dags/tutorial_taskflow_api_virtualenv.py took 0.039 seconds
[2024-06-18T13:39:08.698+0530] {processor.py:161} INFO - Started process (PID=30773) to work on /home/kiit/airflow-env/lib/python3.8/site-packages/airflow/example_dags/tutorial_taskflow_api_virtualenv.py
[2024-06-18T13:39:08.700+0530] {processor.py:830} INFO - Processing file /home/kiit/airflow-env/lib/python3.8/site-packages/airflow/example_dags/tutorial_taskflow_api_virtualenv.py for tasks to queue
[2024-06-18T13:39:08.702+0530] {logging_mixin.py:188} INFO - [2024-06-18T13:39:08.701+0530] {dagbag.py:545} INFO - Filling up the DagBag from /home/kiit/airflow-env/lib/python3.8/site-packages/airflow/example_dags/tutorial_taskflow_api_virtualenv.py
[2024-06-18T13:39:08.704+0530] {logging_mixin.py:188} INFO - [2024-06-18T13:39:08.704+0530] {tutorial_taskflow_api_virtualenv.py:29} WARNING - The tutorial_taskflow_api_virtualenv example DAG requires virtualenv, please install it.
[2024-06-18T13:39:08.704+0530] {processor.py:842} WARNING - No viable dags retrieved from /home/kiit/airflow-env/lib/python3.8/site-packages/airflow/example_dags/tutorial_taskflow_api_virtualenv.py
[2024-06-18T13:39:08.712+0530] {processor.py:183} INFO - Processing /home/kiit/airflow-env/lib/python3.8/site-packages/airflow/example_dags/tutorial_taskflow_api_virtualenv.py took 0.019 seconds
[2024-06-18T13:39:47.383+0530] {processor.py:161} INFO - Started process (PID=30821) to work on /home/kiit/airflow-env/lib/python3.8/site-packages/airflow/example_dags/tutorial_taskflow_api_virtualenv.py
[2024-06-18T13:39:47.384+0530] {processor.py:830} INFO - Processing file /home/kiit/airflow-env/lib/python3.8/site-packages/airflow/example_dags/tutorial_taskflow_api_virtualenv.py for tasks to queue
[2024-06-18T13:39:47.385+0530] {logging_mixin.py:188} INFO - [2024-06-18T13:39:47.385+0530] {dagbag.py:545} INFO - Filling up the DagBag from /home/kiit/airflow-env/lib/python3.8/site-packages/airflow/example_dags/tutorial_taskflow_api_virtualenv.py
[2024-06-18T13:39:47.388+0530] {logging_mixin.py:188} INFO - [2024-06-18T13:39:47.388+0530] {tutorial_taskflow_api_virtualenv.py:29} WARNING - The tutorial_taskflow_api_virtualenv example DAG requires virtualenv, please install it.
[2024-06-18T13:39:47.388+0530] {processor.py:842} WARNING - No viable dags retrieved from /home/kiit/airflow-env/lib/python3.8/site-packages/airflow/example_dags/tutorial_taskflow_api_virtualenv.py
[2024-06-18T13:39:47.398+0530] {processor.py:183} INFO - Processing /home/kiit/airflow-env/lib/python3.8/site-packages/airflow/example_dags/tutorial_taskflow_api_virtualenv.py took 0.020 seconds
[2024-06-18T13:40:28.853+0530] {processor.py:161} INFO - Started process (PID=30936) to work on /home/kiit/airflow-env/lib/python3.8/site-packages/airflow/example_dags/tutorial_taskflow_api_virtualenv.py
[2024-06-18T13:40:28.860+0530] {processor.py:830} INFO - Processing file /home/kiit/airflow-env/lib/python3.8/site-packages/airflow/example_dags/tutorial_taskflow_api_virtualenv.py for tasks to queue
[2024-06-18T13:40:28.863+0530] {logging_mixin.py:188} INFO - [2024-06-18T13:40:28.862+0530] {dagbag.py:545} INFO - Filling up the DagBag from /home/kiit/airflow-env/lib/python3.8/site-packages/airflow/example_dags/tutorial_taskflow_api_virtualenv.py
[2024-06-18T13:40:28.867+0530] {logging_mixin.py:188} INFO - [2024-06-18T13:40:28.866+0530] {tutorial_taskflow_api_virtualenv.py:29} WARNING - The tutorial_taskflow_api_virtualenv example DAG requires virtualenv, please install it.
[2024-06-18T13:40:28.867+0530] {processor.py:842} WARNING - No viable dags retrieved from /home/kiit/airflow-env/lib/python3.8/site-packages/airflow/example_dags/tutorial_taskflow_api_virtualenv.py
[2024-06-18T13:40:28.876+0530] {processor.py:183} INFO - Processing /home/kiit/airflow-env/lib/python3.8/site-packages/airflow/example_dags/tutorial_taskflow_api_virtualenv.py took 0.032 seconds
[2024-06-18T13:41:09.895+0530] {processor.py:161} INFO - Started process (PID=30985) to work on /home/kiit/airflow-env/lib/python3.8/site-packages/airflow/example_dags/tutorial_taskflow_api_virtualenv.py
[2024-06-18T13:41:09.903+0530] {processor.py:830} INFO - Processing file /home/kiit/airflow-env/lib/python3.8/site-packages/airflow/example_dags/tutorial_taskflow_api_virtualenv.py for tasks to queue
[2024-06-18T13:41:09.904+0530] {logging_mixin.py:188} INFO - [2024-06-18T13:41:09.904+0530] {dagbag.py:545} INFO - Filling up the DagBag from /home/kiit/airflow-env/lib/python3.8/site-packages/airflow/example_dags/tutorial_taskflow_api_virtualenv.py
[2024-06-18T13:41:09.906+0530] {logging_mixin.py:188} INFO - [2024-06-18T13:41:09.906+0530] {tutorial_taskflow_api_virtualenv.py:29} WARNING - The tutorial_taskflow_api_virtualenv example DAG requires virtualenv, please install it.
[2024-06-18T13:41:09.906+0530] {processor.py:842} WARNING - No viable dags retrieved from /home/kiit/airflow-env/lib/python3.8/site-packages/airflow/example_dags/tutorial_taskflow_api_virtualenv.py
[2024-06-18T13:41:09.915+0530] {processor.py:183} INFO - Processing /home/kiit/airflow-env/lib/python3.8/site-packages/airflow/example_dags/tutorial_taskflow_api_virtualenv.py took 0.026 seconds
[2024-06-18T13:41:51.119+0530] {processor.py:161} INFO - Started process (PID=31034) to work on /home/kiit/airflow-env/lib/python3.8/site-packages/airflow/example_dags/tutorial_taskflow_api_virtualenv.py
[2024-06-18T13:41:51.125+0530] {processor.py:830} INFO - Processing file /home/kiit/airflow-env/lib/python3.8/site-packages/airflow/example_dags/tutorial_taskflow_api_virtualenv.py for tasks to queue
[2024-06-18T13:41:51.127+0530] {logging_mixin.py:188} INFO - [2024-06-18T13:41:51.127+0530] {dagbag.py:545} INFO - Filling up the DagBag from /home/kiit/airflow-env/lib/python3.8/site-packages/airflow/example_dags/tutorial_taskflow_api_virtualenv.py
[2024-06-18T13:41:51.129+0530] {logging_mixin.py:188} INFO - [2024-06-18T13:41:51.129+0530] {tutorial_taskflow_api_virtualenv.py:29} WARNING - The tutorial_taskflow_api_virtualenv example DAG requires virtualenv, please install it.
[2024-06-18T13:41:51.129+0530] {processor.py:842} WARNING - No viable dags retrieved from /home/kiit/airflow-env/lib/python3.8/site-packages/airflow/example_dags/tutorial_taskflow_api_virtualenv.py
[2024-06-18T13:41:51.136+0530] {processor.py:183} INFO - Processing /home/kiit/airflow-env/lib/python3.8/site-packages/airflow/example_dags/tutorial_taskflow_api_virtualenv.py took 0.021 seconds
[2024-06-18T15:05:49.042+0530] {processor.py:161} INFO - Started process (PID=33601) to work on /home/kiit/airflow-env/lib/python3.8/site-packages/airflow/example_dags/tutorial_taskflow_api_virtualenv.py
[2024-06-18T15:05:49.043+0530] {processor.py:830} INFO - Processing file /home/kiit/airflow-env/lib/python3.8/site-packages/airflow/example_dags/tutorial_taskflow_api_virtualenv.py for tasks to queue
[2024-06-18T15:05:49.045+0530] {logging_mixin.py:188} INFO - [2024-06-18T15:05:49.045+0530] {dagbag.py:545} INFO - Filling up the DagBag from /home/kiit/airflow-env/lib/python3.8/site-packages/airflow/example_dags/tutorial_taskflow_api_virtualenv.py
[2024-06-18T15:05:49.048+0530] {logging_mixin.py:188} INFO - [2024-06-18T15:05:49.048+0530] {tutorial_taskflow_api_virtualenv.py:29} WARNING - The tutorial_taskflow_api_virtualenv example DAG requires virtualenv, please install it.
[2024-06-18T15:05:49.049+0530] {processor.py:842} WARNING - No viable dags retrieved from /home/kiit/airflow-env/lib/python3.8/site-packages/airflow/example_dags/tutorial_taskflow_api_virtualenv.py
[2024-06-18T15:05:49.065+0530] {processor.py:183} INFO - Processing /home/kiit/airflow-env/lib/python3.8/site-packages/airflow/example_dags/tutorial_taskflow_api_virtualenv.py took 0.029 seconds
[2024-06-18T15:06:20.286+0530] {processor.py:161} INFO - Started process (PID=33662) to work on /home/kiit/airflow-env/lib/python3.8/site-packages/airflow/example_dags/tutorial_taskflow_api_virtualenv.py
[2024-06-18T15:06:20.287+0530] {processor.py:830} INFO - Processing file /home/kiit/airflow-env/lib/python3.8/site-packages/airflow/example_dags/tutorial_taskflow_api_virtualenv.py for tasks to queue
[2024-06-18T15:06:20.289+0530] {logging_mixin.py:188} INFO - [2024-06-18T15:06:20.288+0530] {dagbag.py:545} INFO - Filling up the DagBag from /home/kiit/airflow-env/lib/python3.8/site-packages/airflow/example_dags/tutorial_taskflow_api_virtualenv.py
[2024-06-18T15:06:20.291+0530] {logging_mixin.py:188} INFO - [2024-06-18T15:06:20.291+0530] {tutorial_taskflow_api_virtualenv.py:29} WARNING - The tutorial_taskflow_api_virtualenv example DAG requires virtualenv, please install it.
[2024-06-18T15:06:20.292+0530] {processor.py:842} WARNING - No viable dags retrieved from /home/kiit/airflow-env/lib/python3.8/site-packages/airflow/example_dags/tutorial_taskflow_api_virtualenv.py
[2024-06-18T15:06:20.309+0530] {processor.py:183} INFO - Processing /home/kiit/airflow-env/lib/python3.8/site-packages/airflow/example_dags/tutorial_taskflow_api_virtualenv.py took 0.032 seconds
[2024-06-18T15:06:50.592+0530] {processor.py:161} INFO - Started process (PID=33720) to work on /home/kiit/airflow-env/lib/python3.8/site-packages/airflow/example_dags/tutorial_taskflow_api_virtualenv.py
[2024-06-18T15:06:50.594+0530] {processor.py:830} INFO - Processing file /home/kiit/airflow-env/lib/python3.8/site-packages/airflow/example_dags/tutorial_taskflow_api_virtualenv.py for tasks to queue
[2024-06-18T15:06:50.596+0530] {logging_mixin.py:188} INFO - [2024-06-18T15:06:50.595+0530] {dagbag.py:545} INFO - Filling up the DagBag from /home/kiit/airflow-env/lib/python3.8/site-packages/airflow/example_dags/tutorial_taskflow_api_virtualenv.py
[2024-06-18T15:06:50.598+0530] {logging_mixin.py:188} INFO - [2024-06-18T15:06:50.598+0530] {tutorial_taskflow_api_virtualenv.py:29} WARNING - The tutorial_taskflow_api_virtualenv example DAG requires virtualenv, please install it.
[2024-06-18T15:06:50.599+0530] {processor.py:842} WARNING - No viable dags retrieved from /home/kiit/airflow-env/lib/python3.8/site-packages/airflow/example_dags/tutorial_taskflow_api_virtualenv.py
[2024-06-18T15:06:50.613+0530] {processor.py:183} INFO - Processing /home/kiit/airflow-env/lib/python3.8/site-packages/airflow/example_dags/tutorial_taskflow_api_virtualenv.py took 0.027 seconds
[2024-06-18T15:07:21.632+0530] {processor.py:161} INFO - Started process (PID=33780) to work on /home/kiit/airflow-env/lib/python3.8/site-packages/airflow/example_dags/tutorial_taskflow_api_virtualenv.py
[2024-06-18T15:07:21.633+0530] {processor.py:830} INFO - Processing file /home/kiit/airflow-env/lib/python3.8/site-packages/airflow/example_dags/tutorial_taskflow_api_virtualenv.py for tasks to queue
[2024-06-18T15:07:21.634+0530] {logging_mixin.py:188} INFO - [2024-06-18T15:07:21.634+0530] {dagbag.py:545} INFO - Filling up the DagBag from /home/kiit/airflow-env/lib/python3.8/site-packages/airflow/example_dags/tutorial_taskflow_api_virtualenv.py
[2024-06-18T15:07:21.637+0530] {logging_mixin.py:188} INFO - [2024-06-18T15:07:21.636+0530] {tutorial_taskflow_api_virtualenv.py:29} WARNING - The tutorial_taskflow_api_virtualenv example DAG requires virtualenv, please install it.
[2024-06-18T15:07:21.637+0530] {processor.py:842} WARNING - No viable dags retrieved from /home/kiit/airflow-env/lib/python3.8/site-packages/airflow/example_dags/tutorial_taskflow_api_virtualenv.py
[2024-06-18T15:07:21.651+0530] {processor.py:183} INFO - Processing /home/kiit/airflow-env/lib/python3.8/site-packages/airflow/example_dags/tutorial_taskflow_api_virtualenv.py took 0.026 seconds
[2024-06-18T15:07:52.403+0530] {processor.py:161} INFO - Started process (PID=33839) to work on /home/kiit/airflow-env/lib/python3.8/site-packages/airflow/example_dags/tutorial_taskflow_api_virtualenv.py
[2024-06-18T15:07:52.404+0530] {processor.py:830} INFO - Processing file /home/kiit/airflow-env/lib/python3.8/site-packages/airflow/example_dags/tutorial_taskflow_api_virtualenv.py for tasks to queue
[2024-06-18T15:07:52.405+0530] {logging_mixin.py:188} INFO - [2024-06-18T15:07:52.405+0530] {dagbag.py:545} INFO - Filling up the DagBag from /home/kiit/airflow-env/lib/python3.8/site-packages/airflow/example_dags/tutorial_taskflow_api_virtualenv.py
[2024-06-18T15:07:52.407+0530] {logging_mixin.py:188} INFO - [2024-06-18T15:07:52.407+0530] {tutorial_taskflow_api_virtualenv.py:29} WARNING - The tutorial_taskflow_api_virtualenv example DAG requires virtualenv, please install it.
[2024-06-18T15:07:52.408+0530] {processor.py:842} WARNING - No viable dags retrieved from /home/kiit/airflow-env/lib/python3.8/site-packages/airflow/example_dags/tutorial_taskflow_api_virtualenv.py
[2024-06-18T15:07:52.421+0530] {processor.py:183} INFO - Processing /home/kiit/airflow-env/lib/python3.8/site-packages/airflow/example_dags/tutorial_taskflow_api_virtualenv.py took 0.023 seconds
[2024-06-18T15:08:23.310+0530] {processor.py:161} INFO - Started process (PID=33898) to work on /home/kiit/airflow-env/lib/python3.8/site-packages/airflow/example_dags/tutorial_taskflow_api_virtualenv.py
[2024-06-18T15:08:23.311+0530] {processor.py:830} INFO - Processing file /home/kiit/airflow-env/lib/python3.8/site-packages/airflow/example_dags/tutorial_taskflow_api_virtualenv.py for tasks to queue
[2024-06-18T15:08:23.314+0530] {logging_mixin.py:188} INFO - [2024-06-18T15:08:23.313+0530] {dagbag.py:545} INFO - Filling up the DagBag from /home/kiit/airflow-env/lib/python3.8/site-packages/airflow/example_dags/tutorial_taskflow_api_virtualenv.py
[2024-06-18T15:08:23.316+0530] {logging_mixin.py:188} INFO - [2024-06-18T15:08:23.316+0530] {tutorial_taskflow_api_virtualenv.py:29} WARNING - The tutorial_taskflow_api_virtualenv example DAG requires virtualenv, please install it.
[2024-06-18T15:08:23.316+0530] {processor.py:842} WARNING - No viable dags retrieved from /home/kiit/airflow-env/lib/python3.8/site-packages/airflow/example_dags/tutorial_taskflow_api_virtualenv.py
[2024-06-18T15:08:23.334+0530] {processor.py:183} INFO - Processing /home/kiit/airflow-env/lib/python3.8/site-packages/airflow/example_dags/tutorial_taskflow_api_virtualenv.py took 0.030 seconds
[2024-06-18T15:08:54.322+0530] {processor.py:161} INFO - Started process (PID=33958) to work on /home/kiit/airflow-env/lib/python3.8/site-packages/airflow/example_dags/tutorial_taskflow_api_virtualenv.py
[2024-06-18T15:08:54.323+0530] {processor.py:830} INFO - Processing file /home/kiit/airflow-env/lib/python3.8/site-packages/airflow/example_dags/tutorial_taskflow_api_virtualenv.py for tasks to queue
[2024-06-18T15:08:54.325+0530] {logging_mixin.py:188} INFO - [2024-06-18T15:08:54.325+0530] {dagbag.py:545} INFO - Filling up the DagBag from /home/kiit/airflow-env/lib/python3.8/site-packages/airflow/example_dags/tutorial_taskflow_api_virtualenv.py
[2024-06-18T15:08:54.327+0530] {logging_mixin.py:188} INFO - [2024-06-18T15:08:54.327+0530] {tutorial_taskflow_api_virtualenv.py:29} WARNING - The tutorial_taskflow_api_virtualenv example DAG requires virtualenv, please install it.
[2024-06-18T15:08:54.328+0530] {processor.py:842} WARNING - No viable dags retrieved from /home/kiit/airflow-env/lib/python3.8/site-packages/airflow/example_dags/tutorial_taskflow_api_virtualenv.py
[2024-06-18T15:08:54.344+0530] {processor.py:183} INFO - Processing /home/kiit/airflow-env/lib/python3.8/site-packages/airflow/example_dags/tutorial_taskflow_api_virtualenv.py took 0.028 seconds
[2024-06-18T15:09:24.797+0530] {processor.py:161} INFO - Started process (PID=34018) to work on /home/kiit/airflow-env/lib/python3.8/site-packages/airflow/example_dags/tutorial_taskflow_api_virtualenv.py
[2024-06-18T15:09:24.798+0530] {processor.py:830} INFO - Processing file /home/kiit/airflow-env/lib/python3.8/site-packages/airflow/example_dags/tutorial_taskflow_api_virtualenv.py for tasks to queue
[2024-06-18T15:09:24.799+0530] {logging_mixin.py:188} INFO - [2024-06-18T15:09:24.799+0530] {dagbag.py:545} INFO - Filling up the DagBag from /home/kiit/airflow-env/lib/python3.8/site-packages/airflow/example_dags/tutorial_taskflow_api_virtualenv.py
[2024-06-18T15:09:24.802+0530] {logging_mixin.py:188} INFO - [2024-06-18T15:09:24.802+0530] {tutorial_taskflow_api_virtualenv.py:29} WARNING - The tutorial_taskflow_api_virtualenv example DAG requires virtualenv, please install it.
[2024-06-18T15:09:24.802+0530] {processor.py:842} WARNING - No viable dags retrieved from /home/kiit/airflow-env/lib/python3.8/site-packages/airflow/example_dags/tutorial_taskflow_api_virtualenv.py
[2024-06-18T15:09:24.815+0530] {processor.py:183} INFO - Processing /home/kiit/airflow-env/lib/python3.8/site-packages/airflow/example_dags/tutorial_taskflow_api_virtualenv.py took 0.022 seconds
[2024-06-18T15:09:55.087+0530] {processor.py:161} INFO - Started process (PID=34077) to work on /home/kiit/airflow-env/lib/python3.8/site-packages/airflow/example_dags/tutorial_taskflow_api_virtualenv.py
[2024-06-18T15:09:55.088+0530] {processor.py:830} INFO - Processing file /home/kiit/airflow-env/lib/python3.8/site-packages/airflow/example_dags/tutorial_taskflow_api_virtualenv.py for tasks to queue
[2024-06-18T15:09:55.089+0530] {logging_mixin.py:188} INFO - [2024-06-18T15:09:55.089+0530] {dagbag.py:545} INFO - Filling up the DagBag from /home/kiit/airflow-env/lib/python3.8/site-packages/airflow/example_dags/tutorial_taskflow_api_virtualenv.py
[2024-06-18T15:09:55.091+0530] {logging_mixin.py:188} INFO - [2024-06-18T15:09:55.091+0530] {tutorial_taskflow_api_virtualenv.py:29} WARNING - The tutorial_taskflow_api_virtualenv example DAG requires virtualenv, please install it.
[2024-06-18T15:09:55.091+0530] {processor.py:842} WARNING - No viable dags retrieved from /home/kiit/airflow-env/lib/python3.8/site-packages/airflow/example_dags/tutorial_taskflow_api_virtualenv.py
[2024-06-18T15:09:55.104+0530] {processor.py:183} INFO - Processing /home/kiit/airflow-env/lib/python3.8/site-packages/airflow/example_dags/tutorial_taskflow_api_virtualenv.py took 0.021 seconds
[2024-06-18T15:10:25.274+0530] {processor.py:161} INFO - Started process (PID=34136) to work on /home/kiit/airflow-env/lib/python3.8/site-packages/airflow/example_dags/tutorial_taskflow_api_virtualenv.py
[2024-06-18T15:10:25.274+0530] {processor.py:830} INFO - Processing file /home/kiit/airflow-env/lib/python3.8/site-packages/airflow/example_dags/tutorial_taskflow_api_virtualenv.py for tasks to queue
[2024-06-18T15:10:25.276+0530] {logging_mixin.py:188} INFO - [2024-06-18T15:10:25.275+0530] {dagbag.py:545} INFO - Filling up the DagBag from /home/kiit/airflow-env/lib/python3.8/site-packages/airflow/example_dags/tutorial_taskflow_api_virtualenv.py
[2024-06-18T15:10:25.277+0530] {logging_mixin.py:188} INFO - [2024-06-18T15:10:25.277+0530] {tutorial_taskflow_api_virtualenv.py:29} WARNING - The tutorial_taskflow_api_virtualenv example DAG requires virtualenv, please install it.
[2024-06-18T15:10:25.277+0530] {processor.py:842} WARNING - No viable dags retrieved from /home/kiit/airflow-env/lib/python3.8/site-packages/airflow/example_dags/tutorial_taskflow_api_virtualenv.py
[2024-06-18T15:10:25.291+0530] {processor.py:183} INFO - Processing /home/kiit/airflow-env/lib/python3.8/site-packages/airflow/example_dags/tutorial_taskflow_api_virtualenv.py took 0.022 seconds
[2024-06-18T15:10:55.699+0530] {processor.py:161} INFO - Started process (PID=34196) to work on /home/kiit/airflow-env/lib/python3.8/site-packages/airflow/example_dags/tutorial_taskflow_api_virtualenv.py
[2024-06-18T15:10:55.700+0530] {processor.py:830} INFO - Processing file /home/kiit/airflow-env/lib/python3.8/site-packages/airflow/example_dags/tutorial_taskflow_api_virtualenv.py for tasks to queue
[2024-06-18T15:10:55.702+0530] {logging_mixin.py:188} INFO - [2024-06-18T15:10:55.701+0530] {dagbag.py:545} INFO - Filling up the DagBag from /home/kiit/airflow-env/lib/python3.8/site-packages/airflow/example_dags/tutorial_taskflow_api_virtualenv.py
[2024-06-18T15:10:55.703+0530] {logging_mixin.py:188} INFO - [2024-06-18T15:10:55.703+0530] {tutorial_taskflow_api_virtualenv.py:29} WARNING - The tutorial_taskflow_api_virtualenv example DAG requires virtualenv, please install it.
[2024-06-18T15:10:55.704+0530] {processor.py:842} WARNING - No viable dags retrieved from /home/kiit/airflow-env/lib/python3.8/site-packages/airflow/example_dags/tutorial_taskflow_api_virtualenv.py
[2024-06-18T15:10:55.715+0530] {processor.py:183} INFO - Processing /home/kiit/airflow-env/lib/python3.8/site-packages/airflow/example_dags/tutorial_taskflow_api_virtualenv.py took 0.021 seconds
[2024-06-18T15:11:25.897+0530] {processor.py:161} INFO - Started process (PID=34255) to work on /home/kiit/airflow-env/lib/python3.8/site-packages/airflow/example_dags/tutorial_taskflow_api_virtualenv.py
[2024-06-18T15:11:25.898+0530] {processor.py:830} INFO - Processing file /home/kiit/airflow-env/lib/python3.8/site-packages/airflow/example_dags/tutorial_taskflow_api_virtualenv.py for tasks to queue
[2024-06-18T15:11:25.899+0530] {logging_mixin.py:188} INFO - [2024-06-18T15:11:25.899+0530] {dagbag.py:545} INFO - Filling up the DagBag from /home/kiit/airflow-env/lib/python3.8/site-packages/airflow/example_dags/tutorial_taskflow_api_virtualenv.py
[2024-06-18T15:11:25.901+0530] {logging_mixin.py:188} INFO - [2024-06-18T15:11:25.900+0530] {tutorial_taskflow_api_virtualenv.py:29} WARNING - The tutorial_taskflow_api_virtualenv example DAG requires virtualenv, please install it.
[2024-06-18T15:11:25.901+0530] {processor.py:842} WARNING - No viable dags retrieved from /home/kiit/airflow-env/lib/python3.8/site-packages/airflow/example_dags/tutorial_taskflow_api_virtualenv.py
[2024-06-18T15:11:25.914+0530] {processor.py:183} INFO - Processing /home/kiit/airflow-env/lib/python3.8/site-packages/airflow/example_dags/tutorial_taskflow_api_virtualenv.py took 0.023 seconds
[2024-06-18T15:11:55.959+0530] {processor.py:161} INFO - Started process (PID=34306) to work on /home/kiit/airflow-env/lib/python3.8/site-packages/airflow/example_dags/tutorial_taskflow_api_virtualenv.py
[2024-06-18T15:11:55.960+0530] {processor.py:830} INFO - Processing file /home/kiit/airflow-env/lib/python3.8/site-packages/airflow/example_dags/tutorial_taskflow_api_virtualenv.py for tasks to queue
[2024-06-18T15:11:55.962+0530] {logging_mixin.py:188} INFO - [2024-06-18T15:11:55.961+0530] {dagbag.py:545} INFO - Filling up the DagBag from /home/kiit/airflow-env/lib/python3.8/site-packages/airflow/example_dags/tutorial_taskflow_api_virtualenv.py
[2024-06-18T15:11:55.963+0530] {logging_mixin.py:188} INFO - [2024-06-18T15:11:55.963+0530] {tutorial_taskflow_api_virtualenv.py:29} WARNING - The tutorial_taskflow_api_virtualenv example DAG requires virtualenv, please install it.
[2024-06-18T15:11:55.964+0530] {processor.py:842} WARNING - No viable dags retrieved from /home/kiit/airflow-env/lib/python3.8/site-packages/airflow/example_dags/tutorial_taskflow_api_virtualenv.py
[2024-06-18T15:11:55.977+0530] {processor.py:183} INFO - Processing /home/kiit/airflow-env/lib/python3.8/site-packages/airflow/example_dags/tutorial_taskflow_api_virtualenv.py took 0.023 seconds
[2024-06-18T15:12:26.272+0530] {processor.py:161} INFO - Started process (PID=34366) to work on /home/kiit/airflow-env/lib/python3.8/site-packages/airflow/example_dags/tutorial_taskflow_api_virtualenv.py
[2024-06-18T15:12:26.272+0530] {processor.py:830} INFO - Processing file /home/kiit/airflow-env/lib/python3.8/site-packages/airflow/example_dags/tutorial_taskflow_api_virtualenv.py for tasks to queue
[2024-06-18T15:12:26.273+0530] {logging_mixin.py:188} INFO - [2024-06-18T15:12:26.273+0530] {dagbag.py:545} INFO - Filling up the DagBag from /home/kiit/airflow-env/lib/python3.8/site-packages/airflow/example_dags/tutorial_taskflow_api_virtualenv.py
[2024-06-18T15:12:26.275+0530] {logging_mixin.py:188} INFO - [2024-06-18T15:12:26.275+0530] {tutorial_taskflow_api_virtualenv.py:29} WARNING - The tutorial_taskflow_api_virtualenv example DAG requires virtualenv, please install it.
[2024-06-18T15:12:26.276+0530] {processor.py:842} WARNING - No viable dags retrieved from /home/kiit/airflow-env/lib/python3.8/site-packages/airflow/example_dags/tutorial_taskflow_api_virtualenv.py
[2024-06-18T15:12:26.291+0530] {processor.py:183} INFO - Processing /home/kiit/airflow-env/lib/python3.8/site-packages/airflow/example_dags/tutorial_taskflow_api_virtualenv.py took 0.026 seconds
[2024-06-18T15:12:56.618+0530] {processor.py:161} INFO - Started process (PID=34425) to work on /home/kiit/airflow-env/lib/python3.8/site-packages/airflow/example_dags/tutorial_taskflow_api_virtualenv.py
[2024-06-18T15:12:56.620+0530] {processor.py:830} INFO - Processing file /home/kiit/airflow-env/lib/python3.8/site-packages/airflow/example_dags/tutorial_taskflow_api_virtualenv.py for tasks to queue
[2024-06-18T15:12:56.621+0530] {logging_mixin.py:188} INFO - [2024-06-18T15:12:56.621+0530] {dagbag.py:545} INFO - Filling up the DagBag from /home/kiit/airflow-env/lib/python3.8/site-packages/airflow/example_dags/tutorial_taskflow_api_virtualenv.py
[2024-06-18T15:12:56.623+0530] {logging_mixin.py:188} INFO - [2024-06-18T15:12:56.623+0530] {tutorial_taskflow_api_virtualenv.py:29} WARNING - The tutorial_taskflow_api_virtualenv example DAG requires virtualenv, please install it.
[2024-06-18T15:12:56.624+0530] {processor.py:842} WARNING - No viable dags retrieved from /home/kiit/airflow-env/lib/python3.8/site-packages/airflow/example_dags/tutorial_taskflow_api_virtualenv.py
[2024-06-18T15:12:56.639+0530] {processor.py:183} INFO - Processing /home/kiit/airflow-env/lib/python3.8/site-packages/airflow/example_dags/tutorial_taskflow_api_virtualenv.py took 0.025 seconds
[2024-06-18T15:13:26.837+0530] {processor.py:161} INFO - Started process (PID=34484) to work on /home/kiit/airflow-env/lib/python3.8/site-packages/airflow/example_dags/tutorial_taskflow_api_virtualenv.py
[2024-06-18T15:13:26.838+0530] {processor.py:830} INFO - Processing file /home/kiit/airflow-env/lib/python3.8/site-packages/airflow/example_dags/tutorial_taskflow_api_virtualenv.py for tasks to queue
[2024-06-18T15:13:26.840+0530] {logging_mixin.py:188} INFO - [2024-06-18T15:13:26.840+0530] {dagbag.py:545} INFO - Filling up the DagBag from /home/kiit/airflow-env/lib/python3.8/site-packages/airflow/example_dags/tutorial_taskflow_api_virtualenv.py
[2024-06-18T15:13:26.842+0530] {logging_mixin.py:188} INFO - [2024-06-18T15:13:26.842+0530] {tutorial_taskflow_api_virtualenv.py:29} WARNING - The tutorial_taskflow_api_virtualenv example DAG requires virtualenv, please install it.
[2024-06-18T15:13:26.842+0530] {processor.py:842} WARNING - No viable dags retrieved from /home/kiit/airflow-env/lib/python3.8/site-packages/airflow/example_dags/tutorial_taskflow_api_virtualenv.py
[2024-06-18T15:13:26.856+0530] {processor.py:183} INFO - Processing /home/kiit/airflow-env/lib/python3.8/site-packages/airflow/example_dags/tutorial_taskflow_api_virtualenv.py took 0.025 seconds
[2024-06-18T15:13:57.190+0530] {processor.py:161} INFO - Started process (PID=34543) to work on /home/kiit/airflow-env/lib/python3.8/site-packages/airflow/example_dags/tutorial_taskflow_api_virtualenv.py
[2024-06-18T15:13:57.190+0530] {processor.py:830} INFO - Processing file /home/kiit/airflow-env/lib/python3.8/site-packages/airflow/example_dags/tutorial_taskflow_api_virtualenv.py for tasks to queue
[2024-06-18T15:13:57.192+0530] {logging_mixin.py:188} INFO - [2024-06-18T15:13:57.191+0530] {dagbag.py:545} INFO - Filling up the DagBag from /home/kiit/airflow-env/lib/python3.8/site-packages/airflow/example_dags/tutorial_taskflow_api_virtualenv.py
[2024-06-18T15:13:57.194+0530] {logging_mixin.py:188} INFO - [2024-06-18T15:13:57.194+0530] {tutorial_taskflow_api_virtualenv.py:29} WARNING - The tutorial_taskflow_api_virtualenv example DAG requires virtualenv, please install it.
[2024-06-18T15:13:57.194+0530] {processor.py:842} WARNING - No viable dags retrieved from /home/kiit/airflow-env/lib/python3.8/site-packages/airflow/example_dags/tutorial_taskflow_api_virtualenv.py
[2024-06-18T15:13:57.209+0530] {processor.py:183} INFO - Processing /home/kiit/airflow-env/lib/python3.8/site-packages/airflow/example_dags/tutorial_taskflow_api_virtualenv.py took 0.024 seconds
[2024-06-18T15:14:27.436+0530] {processor.py:161} INFO - Started process (PID=34602) to work on /home/kiit/airflow-env/lib/python3.8/site-packages/airflow/example_dags/tutorial_taskflow_api_virtualenv.py
[2024-06-18T15:14:27.437+0530] {processor.py:830} INFO - Processing file /home/kiit/airflow-env/lib/python3.8/site-packages/airflow/example_dags/tutorial_taskflow_api_virtualenv.py for tasks to queue
[2024-06-18T15:14:27.438+0530] {logging_mixin.py:188} INFO - [2024-06-18T15:14:27.438+0530] {dagbag.py:545} INFO - Filling up the DagBag from /home/kiit/airflow-env/lib/python3.8/site-packages/airflow/example_dags/tutorial_taskflow_api_virtualenv.py
[2024-06-18T15:14:27.440+0530] {logging_mixin.py:188} INFO - [2024-06-18T15:14:27.440+0530] {tutorial_taskflow_api_virtualenv.py:29} WARNING - The tutorial_taskflow_api_virtualenv example DAG requires virtualenv, please install it.
[2024-06-18T15:14:27.440+0530] {processor.py:842} WARNING - No viable dags retrieved from /home/kiit/airflow-env/lib/python3.8/site-packages/airflow/example_dags/tutorial_taskflow_api_virtualenv.py
[2024-06-18T15:14:27.455+0530] {processor.py:183} INFO - Processing /home/kiit/airflow-env/lib/python3.8/site-packages/airflow/example_dags/tutorial_taskflow_api_virtualenv.py took 0.023 seconds
[2024-06-18T15:14:57.776+0530] {processor.py:161} INFO - Started process (PID=34661) to work on /home/kiit/airflow-env/lib/python3.8/site-packages/airflow/example_dags/tutorial_taskflow_api_virtualenv.py
[2024-06-18T15:14:57.776+0530] {processor.py:830} INFO - Processing file /home/kiit/airflow-env/lib/python3.8/site-packages/airflow/example_dags/tutorial_taskflow_api_virtualenv.py for tasks to queue
[2024-06-18T15:14:57.778+0530] {logging_mixin.py:188} INFO - [2024-06-18T15:14:57.777+0530] {dagbag.py:545} INFO - Filling up the DagBag from /home/kiit/airflow-env/lib/python3.8/site-packages/airflow/example_dags/tutorial_taskflow_api_virtualenv.py
[2024-06-18T15:14:57.779+0530] {logging_mixin.py:188} INFO - [2024-06-18T15:14:57.779+0530] {tutorial_taskflow_api_virtualenv.py:29} WARNING - The tutorial_taskflow_api_virtualenv example DAG requires virtualenv, please install it.
[2024-06-18T15:14:57.780+0530] {processor.py:842} WARNING - No viable dags retrieved from /home/kiit/airflow-env/lib/python3.8/site-packages/airflow/example_dags/tutorial_taskflow_api_virtualenv.py
[2024-06-18T15:14:57.792+0530] {processor.py:183} INFO - Processing /home/kiit/airflow-env/lib/python3.8/site-packages/airflow/example_dags/tutorial_taskflow_api_virtualenv.py took 0.022 seconds
[2024-06-18T15:15:28.118+0530] {processor.py:161} INFO - Started process (PID=34720) to work on /home/kiit/airflow-env/lib/python3.8/site-packages/airflow/example_dags/tutorial_taskflow_api_virtualenv.py
[2024-06-18T15:15:28.120+0530] {processor.py:830} INFO - Processing file /home/kiit/airflow-env/lib/python3.8/site-packages/airflow/example_dags/tutorial_taskflow_api_virtualenv.py for tasks to queue
[2024-06-18T15:15:28.121+0530] {logging_mixin.py:188} INFO - [2024-06-18T15:15:28.121+0530] {dagbag.py:545} INFO - Filling up the DagBag from /home/kiit/airflow-env/lib/python3.8/site-packages/airflow/example_dags/tutorial_taskflow_api_virtualenv.py
[2024-06-18T15:15:28.123+0530] {logging_mixin.py:188} INFO - [2024-06-18T15:15:28.123+0530] {tutorial_taskflow_api_virtualenv.py:29} WARNING - The tutorial_taskflow_api_virtualenv example DAG requires virtualenv, please install it.
[2024-06-18T15:15:28.124+0530] {processor.py:842} WARNING - No viable dags retrieved from /home/kiit/airflow-env/lib/python3.8/site-packages/airflow/example_dags/tutorial_taskflow_api_virtualenv.py
[2024-06-18T15:15:28.135+0530] {processor.py:183} INFO - Processing /home/kiit/airflow-env/lib/python3.8/site-packages/airflow/example_dags/tutorial_taskflow_api_virtualenv.py took 0.022 seconds
[2024-06-18T15:15:58.383+0530] {processor.py:161} INFO - Started process (PID=34779) to work on /home/kiit/airflow-env/lib/python3.8/site-packages/airflow/example_dags/tutorial_taskflow_api_virtualenv.py
[2024-06-18T15:15:58.384+0530] {processor.py:830} INFO - Processing file /home/kiit/airflow-env/lib/python3.8/site-packages/airflow/example_dags/tutorial_taskflow_api_virtualenv.py for tasks to queue
[2024-06-18T15:15:58.385+0530] {logging_mixin.py:188} INFO - [2024-06-18T15:15:58.385+0530] {dagbag.py:545} INFO - Filling up the DagBag from /home/kiit/airflow-env/lib/python3.8/site-packages/airflow/example_dags/tutorial_taskflow_api_virtualenv.py
[2024-06-18T15:15:58.387+0530] {logging_mixin.py:188} INFO - [2024-06-18T15:15:58.387+0530] {tutorial_taskflow_api_virtualenv.py:29} WARNING - The tutorial_taskflow_api_virtualenv example DAG requires virtualenv, please install it.
[2024-06-18T15:15:58.387+0530] {processor.py:842} WARNING - No viable dags retrieved from /home/kiit/airflow-env/lib/python3.8/site-packages/airflow/example_dags/tutorial_taskflow_api_virtualenv.py
[2024-06-18T15:15:58.400+0530] {processor.py:183} INFO - Processing /home/kiit/airflow-env/lib/python3.8/site-packages/airflow/example_dags/tutorial_taskflow_api_virtualenv.py took 0.022 seconds
[2024-06-18T15:16:28.764+0530] {processor.py:161} INFO - Started process (PID=34862) to work on /home/kiit/airflow-env/lib/python3.8/site-packages/airflow/example_dags/tutorial_taskflow_api_virtualenv.py
[2024-06-18T15:16:28.765+0530] {processor.py:830} INFO - Processing file /home/kiit/airflow-env/lib/python3.8/site-packages/airflow/example_dags/tutorial_taskflow_api_virtualenv.py for tasks to queue
[2024-06-18T15:16:28.766+0530] {logging_mixin.py:188} INFO - [2024-06-18T15:16:28.766+0530] {dagbag.py:545} INFO - Filling up the DagBag from /home/kiit/airflow-env/lib/python3.8/site-packages/airflow/example_dags/tutorial_taskflow_api_virtualenv.py
[2024-06-18T15:16:28.769+0530] {logging_mixin.py:188} INFO - [2024-06-18T15:16:28.769+0530] {tutorial_taskflow_api_virtualenv.py:29} WARNING - The tutorial_taskflow_api_virtualenv example DAG requires virtualenv, please install it.
[2024-06-18T15:16:28.769+0530] {processor.py:842} WARNING - No viable dags retrieved from /home/kiit/airflow-env/lib/python3.8/site-packages/airflow/example_dags/tutorial_taskflow_api_virtualenv.py
[2024-06-18T15:16:28.783+0530] {processor.py:183} INFO - Processing /home/kiit/airflow-env/lib/python3.8/site-packages/airflow/example_dags/tutorial_taskflow_api_virtualenv.py took 0.025 seconds
