[2024-06-18T13:05:59.441+0530] {processor.py:161} INFO - Started process (PID=25357) to work on /home/kiit/airflow-env/lib/python3.8/site-packages/airflow/example_dags/tutorial_taskflow_api.py
[2024-06-18T13:05:59.441+0530] {processor.py:830} INFO - Processing file /home/kiit/airflow-env/lib/python3.8/site-packages/airflow/example_dags/tutorial_taskflow_api.py for tasks to queue
[2024-06-18T13:05:59.443+0530] {logging_mixin.py:188} INFO - [2024-06-18T13:05:59.443+0530] {dagbag.py:545} INFO - Filling up the DagBag from /home/kiit/airflow-env/lib/python3.8/site-packages/airflow/example_dags/tutorial_taskflow_api.py
[2024-06-18T13:05:59.451+0530] {processor.py:840} INFO - DAG(s) 'tutorial_taskflow_api' retrieved from /home/kiit/airflow-env/lib/python3.8/site-packages/airflow/example_dags/tutorial_taskflow_api.py
[2024-06-18T13:05:59.547+0530] {logging_mixin.py:188} INFO - [2024-06-18T13:05:59.546+0530] {dag.py:3096} INFO - Sync 1 DAGs
[2024-06-18T13:05:59.556+0530] {logging_mixin.py:188} INFO - [2024-06-18T13:05:59.556+0530] {dag.py:3954} INFO - Setting next_dagrun for tutorial_taskflow_api to None, run_after=None
[2024-06-18T13:05:59.587+0530] {processor.py:183} INFO - Processing /home/kiit/airflow-env/lib/python3.8/site-packages/airflow/example_dags/tutorial_taskflow_api.py took 0.153 seconds
[2024-06-18T13:06:55.003+0530] {processor.py:161} INFO - Started process (PID=25437) to work on /home/kiit/airflow-env/lib/python3.8/site-packages/airflow/example_dags/tutorial_taskflow_api.py
[2024-06-18T13:06:55.006+0530] {processor.py:830} INFO - Processing file /home/kiit/airflow-env/lib/python3.8/site-packages/airflow/example_dags/tutorial_taskflow_api.py for tasks to queue
[2024-06-18T13:06:55.008+0530] {logging_mixin.py:188} INFO - [2024-06-18T13:06:55.008+0530] {dagbag.py:545} INFO - Filling up the DagBag from /home/kiit/airflow-env/lib/python3.8/site-packages/airflow/example_dags/tutorial_taskflow_api.py
[2024-06-18T13:06:55.014+0530] {processor.py:840} INFO - DAG(s) 'tutorial_taskflow_api' retrieved from /home/kiit/airflow-env/lib/python3.8/site-packages/airflow/example_dags/tutorial_taskflow_api.py
[2024-06-18T13:06:55.033+0530] {logging_mixin.py:188} INFO - [2024-06-18T13:06:55.033+0530] {dag.py:3096} INFO - Sync 1 DAGs
[2024-06-18T13:06:55.044+0530] {logging_mixin.py:188} INFO - [2024-06-18T13:06:55.044+0530] {dag.py:3954} INFO - Setting next_dagrun for tutorial_taskflow_api to None, run_after=None
[2024-06-18T13:06:55.069+0530] {processor.py:183} INFO - Processing /home/kiit/airflow-env/lib/python3.8/site-packages/airflow/example_dags/tutorial_taskflow_api.py took 0.073 seconds
[2024-06-18T13:07:51.603+0530] {processor.py:161} INFO - Started process (PID=25495) to work on /home/kiit/airflow-env/lib/python3.8/site-packages/airflow/example_dags/tutorial_taskflow_api.py
[2024-06-18T13:07:51.608+0530] {processor.py:830} INFO - Processing file /home/kiit/airflow-env/lib/python3.8/site-packages/airflow/example_dags/tutorial_taskflow_api.py for tasks to queue
[2024-06-18T13:07:51.622+0530] {logging_mixin.py:188} INFO - [2024-06-18T13:07:51.620+0530] {dagbag.py:545} INFO - Filling up the DagBag from /home/kiit/airflow-env/lib/python3.8/site-packages/airflow/example_dags/tutorial_taskflow_api.py
[2024-06-18T13:07:52.098+0530] {processor.py:840} INFO - DAG(s) 'tutorial_taskflow_api' retrieved from /home/kiit/airflow-env/lib/python3.8/site-packages/airflow/example_dags/tutorial_taskflow_api.py
[2024-06-18T13:07:52.174+0530] {logging_mixin.py:188} INFO - [2024-06-18T13:07:52.173+0530] {dag.py:3096} INFO - Sync 1 DAGs
[2024-06-18T13:07:52.229+0530] {logging_mixin.py:188} INFO - [2024-06-18T13:07:52.228+0530] {dag.py:3954} INFO - Setting next_dagrun for tutorial_taskflow_api to None, run_after=None
[2024-06-18T13:07:52.332+0530] {processor.py:183} INFO - Processing /home/kiit/airflow-env/lib/python3.8/site-packages/airflow/example_dags/tutorial_taskflow_api.py took 0.768 seconds
[2024-06-18T13:08:48.776+0530] {processor.py:161} INFO - Started process (PID=25554) to work on /home/kiit/airflow-env/lib/python3.8/site-packages/airflow/example_dags/tutorial_taskflow_api.py
[2024-06-18T13:08:48.777+0530] {processor.py:830} INFO - Processing file /home/kiit/airflow-env/lib/python3.8/site-packages/airflow/example_dags/tutorial_taskflow_api.py for tasks to queue
[2024-06-18T13:08:48.779+0530] {logging_mixin.py:188} INFO - [2024-06-18T13:08:48.778+0530] {dagbag.py:545} INFO - Filling up the DagBag from /home/kiit/airflow-env/lib/python3.8/site-packages/airflow/example_dags/tutorial_taskflow_api.py
[2024-06-18T13:08:48.783+0530] {processor.py:840} INFO - DAG(s) 'tutorial_taskflow_api' retrieved from /home/kiit/airflow-env/lib/python3.8/site-packages/airflow/example_dags/tutorial_taskflow_api.py
[2024-06-18T13:08:48.794+0530] {logging_mixin.py:188} INFO - [2024-06-18T13:08:48.794+0530] {dag.py:3096} INFO - Sync 1 DAGs
[2024-06-18T13:08:48.801+0530] {logging_mixin.py:188} INFO - [2024-06-18T13:08:48.801+0530] {dag.py:3954} INFO - Setting next_dagrun for tutorial_taskflow_api to None, run_after=None
[2024-06-18T13:08:48.823+0530] {processor.py:183} INFO - Processing /home/kiit/airflow-env/lib/python3.8/site-packages/airflow/example_dags/tutorial_taskflow_api.py took 0.052 seconds
[2024-06-18T13:09:39.249+0530] {processor.py:161} INFO - Started process (PID=25624) to work on /home/kiit/airflow-env/lib/python3.8/site-packages/airflow/example_dags/tutorial_taskflow_api.py
[2024-06-18T13:09:39.251+0530] {processor.py:830} INFO - Processing file /home/kiit/airflow-env/lib/python3.8/site-packages/airflow/example_dags/tutorial_taskflow_api.py for tasks to queue
[2024-06-18T13:09:39.252+0530] {logging_mixin.py:188} INFO - [2024-06-18T13:09:39.252+0530] {dagbag.py:545} INFO - Filling up the DagBag from /home/kiit/airflow-env/lib/python3.8/site-packages/airflow/example_dags/tutorial_taskflow_api.py
[2024-06-18T13:09:39.259+0530] {processor.py:840} INFO - DAG(s) 'tutorial_taskflow_api' retrieved from /home/kiit/airflow-env/lib/python3.8/site-packages/airflow/example_dags/tutorial_taskflow_api.py
[2024-06-18T13:09:39.272+0530] {logging_mixin.py:188} INFO - [2024-06-18T13:09:39.272+0530] {dag.py:3096} INFO - Sync 1 DAGs
[2024-06-18T13:09:39.282+0530] {logging_mixin.py:188} INFO - [2024-06-18T13:09:39.282+0530] {dag.py:3954} INFO - Setting next_dagrun for tutorial_taskflow_api to None, run_after=None
[2024-06-18T13:09:39.301+0530] {processor.py:183} INFO - Processing /home/kiit/airflow-env/lib/python3.8/site-packages/airflow/example_dags/tutorial_taskflow_api.py took 0.057 seconds
[2024-06-18T13:10:23.529+0530] {processor.py:161} INFO - Started process (PID=25671) to work on /home/kiit/airflow-env/lib/python3.8/site-packages/airflow/example_dags/tutorial_taskflow_api.py
[2024-06-18T13:10:23.536+0530] {processor.py:830} INFO - Processing file /home/kiit/airflow-env/lib/python3.8/site-packages/airflow/example_dags/tutorial_taskflow_api.py for tasks to queue
[2024-06-18T13:10:23.538+0530] {logging_mixin.py:188} INFO - [2024-06-18T13:10:23.538+0530] {dagbag.py:545} INFO - Filling up the DagBag from /home/kiit/airflow-env/lib/python3.8/site-packages/airflow/example_dags/tutorial_taskflow_api.py
[2024-06-18T13:10:23.543+0530] {processor.py:840} INFO - DAG(s) 'tutorial_taskflow_api' retrieved from /home/kiit/airflow-env/lib/python3.8/site-packages/airflow/example_dags/tutorial_taskflow_api.py
[2024-06-18T13:10:23.554+0530] {logging_mixin.py:188} INFO - [2024-06-18T13:10:23.554+0530] {dag.py:3096} INFO - Sync 1 DAGs
[2024-06-18T13:10:23.566+0530] {logging_mixin.py:188} INFO - [2024-06-18T13:10:23.566+0530] {dag.py:3954} INFO - Setting next_dagrun for tutorial_taskflow_api to None, run_after=None
[2024-06-18T13:10:23.585+0530] {processor.py:183} INFO - Processing /home/kiit/airflow-env/lib/python3.8/site-packages/airflow/example_dags/tutorial_taskflow_api.py took 0.061 seconds
[2024-06-18T13:11:15.426+0530] {processor.py:161} INFO - Started process (PID=25729) to work on /home/kiit/airflow-env/lib/python3.8/site-packages/airflow/example_dags/tutorial_taskflow_api.py
[2024-06-18T13:11:15.427+0530] {processor.py:830} INFO - Processing file /home/kiit/airflow-env/lib/python3.8/site-packages/airflow/example_dags/tutorial_taskflow_api.py for tasks to queue
[2024-06-18T13:11:15.429+0530] {logging_mixin.py:188} INFO - [2024-06-18T13:11:15.428+0530] {dagbag.py:545} INFO - Filling up the DagBag from /home/kiit/airflow-env/lib/python3.8/site-packages/airflow/example_dags/tutorial_taskflow_api.py
[2024-06-18T13:11:15.435+0530] {processor.py:840} INFO - DAG(s) 'tutorial_taskflow_api' retrieved from /home/kiit/airflow-env/lib/python3.8/site-packages/airflow/example_dags/tutorial_taskflow_api.py
[2024-06-18T13:11:15.449+0530] {logging_mixin.py:188} INFO - [2024-06-18T13:11:15.449+0530] {dag.py:3096} INFO - Sync 1 DAGs
[2024-06-18T13:11:15.460+0530] {logging_mixin.py:188} INFO - [2024-06-18T13:11:15.460+0530] {dag.py:3954} INFO - Setting next_dagrun for tutorial_taskflow_api to None, run_after=None
[2024-06-18T13:11:15.484+0530] {processor.py:183} INFO - Processing /home/kiit/airflow-env/lib/python3.8/site-packages/airflow/example_dags/tutorial_taskflow_api.py took 0.064 seconds
[2024-06-18T13:11:59.107+0530] {processor.py:161} INFO - Started process (PID=25781) to work on /home/kiit/airflow-env/lib/python3.8/site-packages/airflow/example_dags/tutorial_taskflow_api.py
[2024-06-18T13:11:59.108+0530] {processor.py:830} INFO - Processing file /home/kiit/airflow-env/lib/python3.8/site-packages/airflow/example_dags/tutorial_taskflow_api.py for tasks to queue
[2024-06-18T13:11:59.110+0530] {logging_mixin.py:188} INFO - [2024-06-18T13:11:59.109+0530] {dagbag.py:545} INFO - Filling up the DagBag from /home/kiit/airflow-env/lib/python3.8/site-packages/airflow/example_dags/tutorial_taskflow_api.py
[2024-06-18T13:11:59.116+0530] {processor.py:840} INFO - DAG(s) 'tutorial_taskflow_api' retrieved from /home/kiit/airflow-env/lib/python3.8/site-packages/airflow/example_dags/tutorial_taskflow_api.py
[2024-06-18T13:11:59.130+0530] {logging_mixin.py:188} INFO - [2024-06-18T13:11:59.130+0530] {dag.py:3096} INFO - Sync 1 DAGs
[2024-06-18T13:11:59.140+0530] {logging_mixin.py:188} INFO - [2024-06-18T13:11:59.139+0530] {dag.py:3954} INFO - Setting next_dagrun for tutorial_taskflow_api to None, run_after=None
[2024-06-18T13:11:59.160+0530] {processor.py:183} INFO - Processing /home/kiit/airflow-env/lib/python3.8/site-packages/airflow/example_dags/tutorial_taskflow_api.py took 0.061 seconds
[2024-06-18T13:12:59.177+0530] {processor.py:161} INFO - Started process (PID=25850) to work on /home/kiit/airflow-env/lib/python3.8/site-packages/airflow/example_dags/tutorial_taskflow_api.py
[2024-06-18T13:12:59.179+0530] {processor.py:830} INFO - Processing file /home/kiit/airflow-env/lib/python3.8/site-packages/airflow/example_dags/tutorial_taskflow_api.py for tasks to queue
[2024-06-18T13:12:59.180+0530] {logging_mixin.py:188} INFO - [2024-06-18T13:12:59.180+0530] {dagbag.py:545} INFO - Filling up the DagBag from /home/kiit/airflow-env/lib/python3.8/site-packages/airflow/example_dags/tutorial_taskflow_api.py
[2024-06-18T13:12:59.186+0530] {processor.py:840} INFO - DAG(s) 'tutorial_taskflow_api' retrieved from /home/kiit/airflow-env/lib/python3.8/site-packages/airflow/example_dags/tutorial_taskflow_api.py
[2024-06-18T13:12:59.201+0530] {logging_mixin.py:188} INFO - [2024-06-18T13:12:59.201+0530] {dag.py:3096} INFO - Sync 1 DAGs
[2024-06-18T13:12:59.212+0530] {logging_mixin.py:188} INFO - [2024-06-18T13:12:59.212+0530] {dag.py:3954} INFO - Setting next_dagrun for tutorial_taskflow_api to None, run_after=None
[2024-06-18T13:12:59.233+0530] {processor.py:183} INFO - Processing /home/kiit/airflow-env/lib/python3.8/site-packages/airflow/example_dags/tutorial_taskflow_api.py took 0.061 seconds
[2024-06-18T13:13:57.238+0530] {processor.py:161} INFO - Started process (PID=25924) to work on /home/kiit/airflow-env/lib/python3.8/site-packages/airflow/example_dags/tutorial_taskflow_api.py
[2024-06-18T13:13:57.240+0530] {processor.py:830} INFO - Processing file /home/kiit/airflow-env/lib/python3.8/site-packages/airflow/example_dags/tutorial_taskflow_api.py for tasks to queue
[2024-06-18T13:13:57.241+0530] {logging_mixin.py:188} INFO - [2024-06-18T13:13:57.241+0530] {dagbag.py:545} INFO - Filling up the DagBag from /home/kiit/airflow-env/lib/python3.8/site-packages/airflow/example_dags/tutorial_taskflow_api.py
[2024-06-18T13:13:57.245+0530] {processor.py:840} INFO - DAG(s) 'tutorial_taskflow_api' retrieved from /home/kiit/airflow-env/lib/python3.8/site-packages/airflow/example_dags/tutorial_taskflow_api.py
[2024-06-18T13:13:57.256+0530] {logging_mixin.py:188} INFO - [2024-06-18T13:13:57.255+0530] {dag.py:3096} INFO - Sync 1 DAGs
[2024-06-18T13:13:57.264+0530] {logging_mixin.py:188} INFO - [2024-06-18T13:13:57.264+0530] {dag.py:3954} INFO - Setting next_dagrun for tutorial_taskflow_api to None, run_after=None
[2024-06-18T13:13:57.282+0530] {processor.py:183} INFO - Processing /home/kiit/airflow-env/lib/python3.8/site-packages/airflow/example_dags/tutorial_taskflow_api.py took 0.050 seconds
[2024-06-18T13:14:54.357+0530] {processor.py:161} INFO - Started process (PID=25991) to work on /home/kiit/airflow-env/lib/python3.8/site-packages/airflow/example_dags/tutorial_taskflow_api.py
[2024-06-18T13:14:54.358+0530] {processor.py:830} INFO - Processing file /home/kiit/airflow-env/lib/python3.8/site-packages/airflow/example_dags/tutorial_taskflow_api.py for tasks to queue
[2024-06-18T13:14:54.360+0530] {logging_mixin.py:188} INFO - [2024-06-18T13:14:54.360+0530] {dagbag.py:545} INFO - Filling up the DagBag from /home/kiit/airflow-env/lib/python3.8/site-packages/airflow/example_dags/tutorial_taskflow_api.py
[2024-06-18T13:14:54.367+0530] {processor.py:840} INFO - DAG(s) 'tutorial_taskflow_api' retrieved from /home/kiit/airflow-env/lib/python3.8/site-packages/airflow/example_dags/tutorial_taskflow_api.py
[2024-06-18T13:14:54.382+0530] {logging_mixin.py:188} INFO - [2024-06-18T13:14:54.382+0530] {dag.py:3096} INFO - Sync 1 DAGs
[2024-06-18T13:14:54.393+0530] {logging_mixin.py:188} INFO - [2024-06-18T13:14:54.393+0530] {dag.py:3954} INFO - Setting next_dagrun for tutorial_taskflow_api to None, run_after=None
[2024-06-18T13:14:54.415+0530] {processor.py:183} INFO - Processing /home/kiit/airflow-env/lib/python3.8/site-packages/airflow/example_dags/tutorial_taskflow_api.py took 0.065 seconds
[2024-06-18T13:15:37.795+0530] {processor.py:161} INFO - Started process (PID=26042) to work on /home/kiit/airflow-env/lib/python3.8/site-packages/airflow/example_dags/tutorial_taskflow_api.py
[2024-06-18T13:15:37.797+0530] {processor.py:830} INFO - Processing file /home/kiit/airflow-env/lib/python3.8/site-packages/airflow/example_dags/tutorial_taskflow_api.py for tasks to queue
[2024-06-18T13:15:37.800+0530] {logging_mixin.py:188} INFO - [2024-06-18T13:15:37.800+0530] {dagbag.py:545} INFO - Filling up the DagBag from /home/kiit/airflow-env/lib/python3.8/site-packages/airflow/example_dags/tutorial_taskflow_api.py
[2024-06-18T13:15:37.809+0530] {processor.py:840} INFO - DAG(s) 'tutorial_taskflow_api' retrieved from /home/kiit/airflow-env/lib/python3.8/site-packages/airflow/example_dags/tutorial_taskflow_api.py
[2024-06-18T13:15:37.826+0530] {logging_mixin.py:188} INFO - [2024-06-18T13:15:37.825+0530] {dag.py:3096} INFO - Sync 1 DAGs
[2024-06-18T13:15:37.836+0530] {logging_mixin.py:188} INFO - [2024-06-18T13:15:37.836+0530] {dag.py:3954} INFO - Setting next_dagrun for tutorial_taskflow_api to None, run_after=None
[2024-06-18T13:15:37.859+0530] {processor.py:183} INFO - Processing /home/kiit/airflow-env/lib/python3.8/site-packages/airflow/example_dags/tutorial_taskflow_api.py took 0.074 seconds
[2024-06-18T13:16:35.839+0530] {processor.py:161} INFO - Started process (PID=26116) to work on /home/kiit/airflow-env/lib/python3.8/site-packages/airflow/example_dags/tutorial_taskflow_api.py
[2024-06-18T13:16:35.840+0530] {processor.py:830} INFO - Processing file /home/kiit/airflow-env/lib/python3.8/site-packages/airflow/example_dags/tutorial_taskflow_api.py for tasks to queue
[2024-06-18T13:16:35.841+0530] {logging_mixin.py:188} INFO - [2024-06-18T13:16:35.841+0530] {dagbag.py:545} INFO - Filling up the DagBag from /home/kiit/airflow-env/lib/python3.8/site-packages/airflow/example_dags/tutorial_taskflow_api.py
[2024-06-18T13:16:35.846+0530] {processor.py:840} INFO - DAG(s) 'tutorial_taskflow_api' retrieved from /home/kiit/airflow-env/lib/python3.8/site-packages/airflow/example_dags/tutorial_taskflow_api.py
[2024-06-18T13:16:35.857+0530] {logging_mixin.py:188} INFO - [2024-06-18T13:16:35.857+0530] {dag.py:3096} INFO - Sync 1 DAGs
[2024-06-18T13:16:35.865+0530] {logging_mixin.py:188} INFO - [2024-06-18T13:16:35.864+0530] {dag.py:3954} INFO - Setting next_dagrun for tutorial_taskflow_api to None, run_after=None
[2024-06-18T13:16:35.882+0530] {processor.py:183} INFO - Processing /home/kiit/airflow-env/lib/python3.8/site-packages/airflow/example_dags/tutorial_taskflow_api.py took 0.048 seconds
[2024-06-18T13:17:34.004+0530] {processor.py:161} INFO - Started process (PID=26183) to work on /home/kiit/airflow-env/lib/python3.8/site-packages/airflow/example_dags/tutorial_taskflow_api.py
[2024-06-18T13:17:34.006+0530] {processor.py:830} INFO - Processing file /home/kiit/airflow-env/lib/python3.8/site-packages/airflow/example_dags/tutorial_taskflow_api.py for tasks to queue
[2024-06-18T13:17:34.007+0530] {logging_mixin.py:188} INFO - [2024-06-18T13:17:34.007+0530] {dagbag.py:545} INFO - Filling up the DagBag from /home/kiit/airflow-env/lib/python3.8/site-packages/airflow/example_dags/tutorial_taskflow_api.py
[2024-06-18T13:17:34.013+0530] {processor.py:840} INFO - DAG(s) 'tutorial_taskflow_api' retrieved from /home/kiit/airflow-env/lib/python3.8/site-packages/airflow/example_dags/tutorial_taskflow_api.py
[2024-06-18T13:17:34.026+0530] {logging_mixin.py:188} INFO - [2024-06-18T13:17:34.026+0530] {dag.py:3096} INFO - Sync 1 DAGs
[2024-06-18T13:17:34.034+0530] {logging_mixin.py:188} INFO - [2024-06-18T13:17:34.034+0530] {dag.py:3954} INFO - Setting next_dagrun for tutorial_taskflow_api to None, run_after=None
[2024-06-18T13:17:34.056+0530] {processor.py:183} INFO - Processing /home/kiit/airflow-env/lib/python3.8/site-packages/airflow/example_dags/tutorial_taskflow_api.py took 0.058 seconds
[2024-06-18T13:18:39.180+0530] {processor.py:161} INFO - Started process (PID=26261) to work on /home/kiit/airflow-env/lib/python3.8/site-packages/airflow/example_dags/tutorial_taskflow_api.py
[2024-06-18T13:18:39.181+0530] {processor.py:830} INFO - Processing file /home/kiit/airflow-env/lib/python3.8/site-packages/airflow/example_dags/tutorial_taskflow_api.py for tasks to queue
[2024-06-18T13:18:39.182+0530] {logging_mixin.py:188} INFO - [2024-06-18T13:18:39.182+0530] {dagbag.py:545} INFO - Filling up the DagBag from /home/kiit/airflow-env/lib/python3.8/site-packages/airflow/example_dags/tutorial_taskflow_api.py
[2024-06-18T13:18:39.188+0530] {processor.py:840} INFO - DAG(s) 'tutorial_taskflow_api' retrieved from /home/kiit/airflow-env/lib/python3.8/site-packages/airflow/example_dags/tutorial_taskflow_api.py
[2024-06-18T13:18:39.200+0530] {logging_mixin.py:188} INFO - [2024-06-18T13:18:39.200+0530] {dag.py:3096} INFO - Sync 1 DAGs
[2024-06-18T13:18:39.210+0530] {logging_mixin.py:188} INFO - [2024-06-18T13:18:39.209+0530] {dag.py:3954} INFO - Setting next_dagrun for tutorial_taskflow_api to None, run_after=None
[2024-06-18T13:18:39.230+0530] {processor.py:183} INFO - Processing /home/kiit/airflow-env/lib/python3.8/site-packages/airflow/example_dags/tutorial_taskflow_api.py took 0.054 seconds
[2024-06-18T13:19:38.892+0530] {processor.py:161} INFO - Started process (PID=26330) to work on /home/kiit/airflow-env/lib/python3.8/site-packages/airflow/example_dags/tutorial_taskflow_api.py
[2024-06-18T13:19:38.894+0530] {processor.py:830} INFO - Processing file /home/kiit/airflow-env/lib/python3.8/site-packages/airflow/example_dags/tutorial_taskflow_api.py for tasks to queue
[2024-06-18T13:19:38.895+0530] {logging_mixin.py:188} INFO - [2024-06-18T13:19:38.894+0530] {dagbag.py:545} INFO - Filling up the DagBag from /home/kiit/airflow-env/lib/python3.8/site-packages/airflow/example_dags/tutorial_taskflow_api.py
[2024-06-18T13:19:38.899+0530] {processor.py:840} INFO - DAG(s) 'tutorial_taskflow_api' retrieved from /home/kiit/airflow-env/lib/python3.8/site-packages/airflow/example_dags/tutorial_taskflow_api.py
[2024-06-18T13:19:38.909+0530] {logging_mixin.py:188} INFO - [2024-06-18T13:19:38.909+0530] {dag.py:3096} INFO - Sync 1 DAGs
[2024-06-18T13:19:38.917+0530] {logging_mixin.py:188} INFO - [2024-06-18T13:19:38.916+0530] {dag.py:3954} INFO - Setting next_dagrun for tutorial_taskflow_api to None, run_after=None
[2024-06-18T13:19:38.935+0530] {processor.py:183} INFO - Processing /home/kiit/airflow-env/lib/python3.8/site-packages/airflow/example_dags/tutorial_taskflow_api.py took 0.049 seconds
[2024-06-18T13:20:35.905+0530] {processor.py:161} INFO - Started process (PID=26404) to work on /home/kiit/airflow-env/lib/python3.8/site-packages/airflow/example_dags/tutorial_taskflow_api.py
[2024-06-18T13:20:35.907+0530] {processor.py:830} INFO - Processing file /home/kiit/airflow-env/lib/python3.8/site-packages/airflow/example_dags/tutorial_taskflow_api.py for tasks to queue
[2024-06-18T13:20:35.908+0530] {logging_mixin.py:188} INFO - [2024-06-18T13:20:35.908+0530] {dagbag.py:545} INFO - Filling up the DagBag from /home/kiit/airflow-env/lib/python3.8/site-packages/airflow/example_dags/tutorial_taskflow_api.py
[2024-06-18T13:20:35.913+0530] {processor.py:840} INFO - DAG(s) 'tutorial_taskflow_api' retrieved from /home/kiit/airflow-env/lib/python3.8/site-packages/airflow/example_dags/tutorial_taskflow_api.py
[2024-06-18T13:20:35.925+0530] {logging_mixin.py:188} INFO - [2024-06-18T13:20:35.924+0530] {dag.py:3096} INFO - Sync 1 DAGs
[2024-06-18T13:20:35.934+0530] {logging_mixin.py:188} INFO - [2024-06-18T13:20:35.933+0530] {dag.py:3954} INFO - Setting next_dagrun for tutorial_taskflow_api to None, run_after=None
[2024-06-18T13:20:35.954+0530] {processor.py:183} INFO - Processing /home/kiit/airflow-env/lib/python3.8/site-packages/airflow/example_dags/tutorial_taskflow_api.py took 0.054 seconds
[2024-06-18T13:21:33.583+0530] {processor.py:161} INFO - Started process (PID=26471) to work on /home/kiit/airflow-env/lib/python3.8/site-packages/airflow/example_dags/tutorial_taskflow_api.py
[2024-06-18T13:21:33.584+0530] {processor.py:830} INFO - Processing file /home/kiit/airflow-env/lib/python3.8/site-packages/airflow/example_dags/tutorial_taskflow_api.py for tasks to queue
[2024-06-18T13:21:33.585+0530] {logging_mixin.py:188} INFO - [2024-06-18T13:21:33.585+0530] {dagbag.py:545} INFO - Filling up the DagBag from /home/kiit/airflow-env/lib/python3.8/site-packages/airflow/example_dags/tutorial_taskflow_api.py
[2024-06-18T13:21:33.592+0530] {processor.py:840} INFO - DAG(s) 'tutorial_taskflow_api' retrieved from /home/kiit/airflow-env/lib/python3.8/site-packages/airflow/example_dags/tutorial_taskflow_api.py
[2024-06-18T13:21:33.607+0530] {logging_mixin.py:188} INFO - [2024-06-18T13:21:33.607+0530] {dag.py:3096} INFO - Sync 1 DAGs
[2024-06-18T13:21:33.617+0530] {logging_mixin.py:188} INFO - [2024-06-18T13:21:33.616+0530] {dag.py:3954} INFO - Setting next_dagrun for tutorial_taskflow_api to None, run_after=None
[2024-06-18T13:21:33.643+0530] {processor.py:183} INFO - Processing /home/kiit/airflow-env/lib/python3.8/site-packages/airflow/example_dags/tutorial_taskflow_api.py took 0.065 seconds
[2024-06-18T13:22:31.628+0530] {processor.py:161} INFO - Started process (PID=26545) to work on /home/kiit/airflow-env/lib/python3.8/site-packages/airflow/example_dags/tutorial_taskflow_api.py
[2024-06-18T13:22:31.629+0530] {processor.py:830} INFO - Processing file /home/kiit/airflow-env/lib/python3.8/site-packages/airflow/example_dags/tutorial_taskflow_api.py for tasks to queue
[2024-06-18T13:22:31.631+0530] {logging_mixin.py:188} INFO - [2024-06-18T13:22:31.630+0530] {dagbag.py:545} INFO - Filling up the DagBag from /home/kiit/airflow-env/lib/python3.8/site-packages/airflow/example_dags/tutorial_taskflow_api.py
[2024-06-18T13:22:31.638+0530] {processor.py:840} INFO - DAG(s) 'tutorial_taskflow_api' retrieved from /home/kiit/airflow-env/lib/python3.8/site-packages/airflow/example_dags/tutorial_taskflow_api.py
[2024-06-18T13:22:31.650+0530] {logging_mixin.py:188} INFO - [2024-06-18T13:22:31.649+0530] {dag.py:3096} INFO - Sync 1 DAGs
[2024-06-18T13:22:31.658+0530] {logging_mixin.py:188} INFO - [2024-06-18T13:22:31.658+0530] {dag.py:3954} INFO - Setting next_dagrun for tutorial_taskflow_api to None, run_after=None
[2024-06-18T13:22:31.678+0530] {processor.py:183} INFO - Processing /home/kiit/airflow-env/lib/python3.8/site-packages/airflow/example_dags/tutorial_taskflow_api.py took 0.056 seconds
[2024-06-18T13:23:26.407+0530] {processor.py:161} INFO - Started process (PID=26610) to work on /home/kiit/airflow-env/lib/python3.8/site-packages/airflow/example_dags/tutorial_taskflow_api.py
[2024-06-18T13:23:26.409+0530] {processor.py:830} INFO - Processing file /home/kiit/airflow-env/lib/python3.8/site-packages/airflow/example_dags/tutorial_taskflow_api.py for tasks to queue
[2024-06-18T13:23:26.410+0530] {logging_mixin.py:188} INFO - [2024-06-18T13:23:26.410+0530] {dagbag.py:545} INFO - Filling up the DagBag from /home/kiit/airflow-env/lib/python3.8/site-packages/airflow/example_dags/tutorial_taskflow_api.py
[2024-06-18T13:23:26.415+0530] {processor.py:840} INFO - DAG(s) 'tutorial_taskflow_api' retrieved from /home/kiit/airflow-env/lib/python3.8/site-packages/airflow/example_dags/tutorial_taskflow_api.py
[2024-06-18T13:23:26.425+0530] {logging_mixin.py:188} INFO - [2024-06-18T13:23:26.425+0530] {dag.py:3096} INFO - Sync 1 DAGs
[2024-06-18T13:23:26.435+0530] {logging_mixin.py:188} INFO - [2024-06-18T13:23:26.434+0530] {dag.py:3954} INFO - Setting next_dagrun for tutorial_taskflow_api to None, run_after=None
[2024-06-18T13:23:26.459+0530] {processor.py:183} INFO - Processing /home/kiit/airflow-env/lib/python3.8/site-packages/airflow/example_dags/tutorial_taskflow_api.py took 0.056 seconds
[2024-06-18T13:24:25.931+0530] {processor.py:161} INFO - Started process (PID=26685) to work on /home/kiit/airflow-env/lib/python3.8/site-packages/airflow/example_dags/tutorial_taskflow_api.py
[2024-06-18T13:24:25.933+0530] {processor.py:830} INFO - Processing file /home/kiit/airflow-env/lib/python3.8/site-packages/airflow/example_dags/tutorial_taskflow_api.py for tasks to queue
[2024-06-18T13:24:25.934+0530] {logging_mixin.py:188} INFO - [2024-06-18T13:24:25.934+0530] {dagbag.py:545} INFO - Filling up the DagBag from /home/kiit/airflow-env/lib/python3.8/site-packages/airflow/example_dags/tutorial_taskflow_api.py
[2024-06-18T13:24:25.938+0530] {processor.py:840} INFO - DAG(s) 'tutorial_taskflow_api' retrieved from /home/kiit/airflow-env/lib/python3.8/site-packages/airflow/example_dags/tutorial_taskflow_api.py
[2024-06-18T13:24:25.949+0530] {logging_mixin.py:188} INFO - [2024-06-18T13:24:25.949+0530] {dag.py:3096} INFO - Sync 1 DAGs
[2024-06-18T13:24:25.958+0530] {logging_mixin.py:188} INFO - [2024-06-18T13:24:25.958+0530] {dag.py:3954} INFO - Setting next_dagrun for tutorial_taskflow_api to None, run_after=None
[2024-06-18T13:24:25.977+0530] {processor.py:183} INFO - Processing /home/kiit/airflow-env/lib/python3.8/site-packages/airflow/example_dags/tutorial_taskflow_api.py took 0.051 seconds
[2024-06-18T13:25:23.251+0530] {processor.py:161} INFO - Started process (PID=26757) to work on /home/kiit/airflow-env/lib/python3.8/site-packages/airflow/example_dags/tutorial_taskflow_api.py
[2024-06-18T13:25:23.253+0530] {processor.py:830} INFO - Processing file /home/kiit/airflow-env/lib/python3.8/site-packages/airflow/example_dags/tutorial_taskflow_api.py for tasks to queue
[2024-06-18T13:25:23.255+0530] {logging_mixin.py:188} INFO - [2024-06-18T13:25:23.255+0530] {dagbag.py:545} INFO - Filling up the DagBag from /home/kiit/airflow-env/lib/python3.8/site-packages/airflow/example_dags/tutorial_taskflow_api.py
[2024-06-18T13:25:23.262+0530] {processor.py:840} INFO - DAG(s) 'tutorial_taskflow_api' retrieved from /home/kiit/airflow-env/lib/python3.8/site-packages/airflow/example_dags/tutorial_taskflow_api.py
[2024-06-18T13:25:23.279+0530] {logging_mixin.py:188} INFO - [2024-06-18T13:25:23.278+0530] {dag.py:3096} INFO - Sync 1 DAGs
[2024-06-18T13:25:23.291+0530] {logging_mixin.py:188} INFO - [2024-06-18T13:25:23.290+0530] {dag.py:3954} INFO - Setting next_dagrun for tutorial_taskflow_api to None, run_after=None
[2024-06-18T13:25:23.313+0530] {processor.py:183} INFO - Processing /home/kiit/airflow-env/lib/python3.8/site-packages/airflow/example_dags/tutorial_taskflow_api.py took 0.069 seconds
[2024-06-18T13:26:21.273+0530] {processor.py:161} INFO - Started process (PID=26830) to work on /home/kiit/airflow-env/lib/python3.8/site-packages/airflow/example_dags/tutorial_taskflow_api.py
[2024-06-18T13:26:21.274+0530] {processor.py:830} INFO - Processing file /home/kiit/airflow-env/lib/python3.8/site-packages/airflow/example_dags/tutorial_taskflow_api.py for tasks to queue
[2024-06-18T13:26:21.275+0530] {logging_mixin.py:188} INFO - [2024-06-18T13:26:21.275+0530] {dagbag.py:545} INFO - Filling up the DagBag from /home/kiit/airflow-env/lib/python3.8/site-packages/airflow/example_dags/tutorial_taskflow_api.py
[2024-06-18T13:26:21.280+0530] {processor.py:840} INFO - DAG(s) 'tutorial_taskflow_api' retrieved from /home/kiit/airflow-env/lib/python3.8/site-packages/airflow/example_dags/tutorial_taskflow_api.py
[2024-06-18T13:26:21.293+0530] {logging_mixin.py:188} INFO - [2024-06-18T13:26:21.293+0530] {dag.py:3096} INFO - Sync 1 DAGs
[2024-06-18T13:26:21.304+0530] {logging_mixin.py:188} INFO - [2024-06-18T13:26:21.304+0530] {dag.py:3954} INFO - Setting next_dagrun for tutorial_taskflow_api to None, run_after=None
[2024-06-18T13:26:21.328+0530] {processor.py:183} INFO - Processing /home/kiit/airflow-env/lib/python3.8/site-packages/airflow/example_dags/tutorial_taskflow_api.py took 0.061 seconds
[2024-06-18T13:27:11.411+0530] {processor.py:161} INFO - Started process (PID=26881) to work on /home/kiit/airflow-env/lib/python3.8/site-packages/airflow/example_dags/tutorial_taskflow_api.py
[2024-06-18T13:27:11.413+0530] {processor.py:830} INFO - Processing file /home/kiit/airflow-env/lib/python3.8/site-packages/airflow/example_dags/tutorial_taskflow_api.py for tasks to queue
[2024-06-18T13:27:11.414+0530] {logging_mixin.py:188} INFO - [2024-06-18T13:27:11.414+0530] {dagbag.py:545} INFO - Filling up the DagBag from /home/kiit/airflow-env/lib/python3.8/site-packages/airflow/example_dags/tutorial_taskflow_api.py
[2024-06-18T13:27:11.423+0530] {processor.py:840} INFO - DAG(s) 'tutorial_taskflow_api' retrieved from /home/kiit/airflow-env/lib/python3.8/site-packages/airflow/example_dags/tutorial_taskflow_api.py
[2024-06-18T13:27:11.442+0530] {logging_mixin.py:188} INFO - [2024-06-18T13:27:11.441+0530] {dag.py:3096} INFO - Sync 1 DAGs
[2024-06-18T13:27:11.453+0530] {logging_mixin.py:188} INFO - [2024-06-18T13:27:11.453+0530] {dag.py:3954} INFO - Setting next_dagrun for tutorial_taskflow_api to None, run_after=None
[2024-06-18T13:27:11.481+0530] {processor.py:183} INFO - Processing /home/kiit/airflow-env/lib/python3.8/site-packages/airflow/example_dags/tutorial_taskflow_api.py took 0.078 seconds
[2024-06-18T13:28:10.861+0530] {processor.py:161} INFO - Started process (PID=26937) to work on /home/kiit/airflow-env/lib/python3.8/site-packages/airflow/example_dags/tutorial_taskflow_api.py
[2024-06-18T13:28:10.864+0530] {processor.py:830} INFO - Processing file /home/kiit/airflow-env/lib/python3.8/site-packages/airflow/example_dags/tutorial_taskflow_api.py for tasks to queue
[2024-06-18T13:28:10.869+0530] {logging_mixin.py:188} INFO - [2024-06-18T13:28:10.868+0530] {dagbag.py:545} INFO - Filling up the DagBag from /home/kiit/airflow-env/lib/python3.8/site-packages/airflow/example_dags/tutorial_taskflow_api.py
[2024-06-18T13:28:10.887+0530] {processor.py:840} INFO - DAG(s) 'tutorial_taskflow_api' retrieved from /home/kiit/airflow-env/lib/python3.8/site-packages/airflow/example_dags/tutorial_taskflow_api.py
[2024-06-18T13:28:10.938+0530] {logging_mixin.py:188} INFO - [2024-06-18T13:28:10.937+0530] {dag.py:3096} INFO - Sync 1 DAGs
[2024-06-18T13:28:10.969+0530] {logging_mixin.py:188} INFO - [2024-06-18T13:28:10.969+0530] {dag.py:3954} INFO - Setting next_dagrun for tutorial_taskflow_api to None, run_after=None
[2024-06-18T13:28:11.047+0530] {processor.py:183} INFO - Processing /home/kiit/airflow-env/lib/python3.8/site-packages/airflow/example_dags/tutorial_taskflow_api.py took 0.202 seconds
[2024-06-18T13:29:31.195+0530] {processor.py:161} INFO - Started process (PID=27014) to work on /home/kiit/airflow-env/lib/python3.8/site-packages/airflow/example_dags/tutorial_taskflow_api.py
[2024-06-18T13:29:31.197+0530] {processor.py:830} INFO - Processing file /home/kiit/airflow-env/lib/python3.8/site-packages/airflow/example_dags/tutorial_taskflow_api.py for tasks to queue
[2024-06-18T13:29:31.199+0530] {logging_mixin.py:188} INFO - [2024-06-18T13:29:31.199+0530] {dagbag.py:545} INFO - Filling up the DagBag from /home/kiit/airflow-env/lib/python3.8/site-packages/airflow/example_dags/tutorial_taskflow_api.py
[2024-06-18T13:29:31.206+0530] {processor.py:840} INFO - DAG(s) 'tutorial_taskflow_api' retrieved from /home/kiit/airflow-env/lib/python3.8/site-packages/airflow/example_dags/tutorial_taskflow_api.py
[2024-06-18T13:29:31.226+0530] {logging_mixin.py:188} INFO - [2024-06-18T13:29:31.225+0530] {dag.py:3096} INFO - Sync 1 DAGs
[2024-06-18T13:29:31.241+0530] {logging_mixin.py:188} INFO - [2024-06-18T13:29:31.240+0530] {dag.py:3954} INFO - Setting next_dagrun for tutorial_taskflow_api to None, run_after=None
[2024-06-18T13:29:31.265+0530] {processor.py:183} INFO - Processing /home/kiit/airflow-env/lib/python3.8/site-packages/airflow/example_dags/tutorial_taskflow_api.py took 0.081 seconds
[2024-06-18T13:30:25.663+0530] {processor.py:161} INFO - Started process (PID=27080) to work on /home/kiit/airflow-env/lib/python3.8/site-packages/airflow/example_dags/tutorial_taskflow_api.py
[2024-06-18T13:30:25.665+0530] {processor.py:830} INFO - Processing file /home/kiit/airflow-env/lib/python3.8/site-packages/airflow/example_dags/tutorial_taskflow_api.py for tasks to queue
[2024-06-18T13:30:25.668+0530] {logging_mixin.py:188} INFO - [2024-06-18T13:30:25.667+0530] {dagbag.py:545} INFO - Filling up the DagBag from /home/kiit/airflow-env/lib/python3.8/site-packages/airflow/example_dags/tutorial_taskflow_api.py
[2024-06-18T13:30:25.679+0530] {processor.py:840} INFO - DAG(s) 'tutorial_taskflow_api' retrieved from /home/kiit/airflow-env/lib/python3.8/site-packages/airflow/example_dags/tutorial_taskflow_api.py
[2024-06-18T13:30:25.696+0530] {logging_mixin.py:188} INFO - [2024-06-18T13:30:25.696+0530] {dag.py:3096} INFO - Sync 1 DAGs
[2024-06-18T13:30:25.705+0530] {logging_mixin.py:188} INFO - [2024-06-18T13:30:25.705+0530] {dag.py:3954} INFO - Setting next_dagrun for tutorial_taskflow_api to None, run_after=None
[2024-06-18T13:30:25.728+0530] {processor.py:183} INFO - Processing /home/kiit/airflow-env/lib/python3.8/site-packages/airflow/example_dags/tutorial_taskflow_api.py took 0.073 seconds
[2024-06-18T13:31:32.268+0530] {processor.py:161} INFO - Started process (PID=27161) to work on /home/kiit/airflow-env/lib/python3.8/site-packages/airflow/example_dags/tutorial_taskflow_api.py
[2024-06-18T13:31:32.269+0530] {processor.py:830} INFO - Processing file /home/kiit/airflow-env/lib/python3.8/site-packages/airflow/example_dags/tutorial_taskflow_api.py for tasks to queue
[2024-06-18T13:31:32.271+0530] {logging_mixin.py:188} INFO - [2024-06-18T13:31:32.270+0530] {dagbag.py:545} INFO - Filling up the DagBag from /home/kiit/airflow-env/lib/python3.8/site-packages/airflow/example_dags/tutorial_taskflow_api.py
[2024-06-18T13:31:32.275+0530] {processor.py:840} INFO - DAG(s) 'tutorial_taskflow_api' retrieved from /home/kiit/airflow-env/lib/python3.8/site-packages/airflow/example_dags/tutorial_taskflow_api.py
[2024-06-18T13:31:32.289+0530] {logging_mixin.py:188} INFO - [2024-06-18T13:31:32.289+0530] {dag.py:3096} INFO - Sync 1 DAGs
[2024-06-18T13:31:32.299+0530] {logging_mixin.py:188} INFO - [2024-06-18T13:31:32.299+0530] {dag.py:3954} INFO - Setting next_dagrun for tutorial_taskflow_api to None, run_after=None
[2024-06-18T13:31:32.317+0530] {processor.py:183} INFO - Processing /home/kiit/airflow-env/lib/python3.8/site-packages/airflow/example_dags/tutorial_taskflow_api.py took 0.054 seconds
[2024-06-18T13:32:22.062+0530] {processor.py:161} INFO - Started process (PID=27644) to work on /home/kiit/airflow-env/lib/python3.8/site-packages/airflow/example_dags/tutorial_taskflow_api.py
[2024-06-18T13:32:22.063+0530] {processor.py:830} INFO - Processing file /home/kiit/airflow-env/lib/python3.8/site-packages/airflow/example_dags/tutorial_taskflow_api.py for tasks to queue
[2024-06-18T13:32:22.064+0530] {logging_mixin.py:188} INFO - [2024-06-18T13:32:22.064+0530] {dagbag.py:545} INFO - Filling up the DagBag from /home/kiit/airflow-env/lib/python3.8/site-packages/airflow/example_dags/tutorial_taskflow_api.py
[2024-06-18T13:32:22.069+0530] {processor.py:840} INFO - DAG(s) 'tutorial_taskflow_api' retrieved from /home/kiit/airflow-env/lib/python3.8/site-packages/airflow/example_dags/tutorial_taskflow_api.py
[2024-06-18T13:32:22.082+0530] {logging_mixin.py:188} INFO - [2024-06-18T13:32:22.082+0530] {dag.py:3096} INFO - Sync 1 DAGs
[2024-06-18T13:32:22.092+0530] {logging_mixin.py:188} INFO - [2024-06-18T13:32:22.092+0530] {dag.py:3954} INFO - Setting next_dagrun for tutorial_taskflow_api to None, run_after=None
[2024-06-18T13:32:22.109+0530] {processor.py:183} INFO - Processing /home/kiit/airflow-env/lib/python3.8/site-packages/airflow/example_dags/tutorial_taskflow_api.py took 0.051 seconds
[2024-06-18T13:33:08.758+0530] {processor.py:161} INFO - Started process (PID=28459) to work on /home/kiit/airflow-env/lib/python3.8/site-packages/airflow/example_dags/tutorial_taskflow_api.py
[2024-06-18T13:33:08.761+0530] {processor.py:830} INFO - Processing file /home/kiit/airflow-env/lib/python3.8/site-packages/airflow/example_dags/tutorial_taskflow_api.py for tasks to queue
[2024-06-18T13:33:08.764+0530] {logging_mixin.py:188} INFO - [2024-06-18T13:33:08.763+0530] {dagbag.py:545} INFO - Filling up the DagBag from /home/kiit/airflow-env/lib/python3.8/site-packages/airflow/example_dags/tutorial_taskflow_api.py
[2024-06-18T13:33:08.775+0530] {processor.py:840} INFO - DAG(s) 'tutorial_taskflow_api' retrieved from /home/kiit/airflow-env/lib/python3.8/site-packages/airflow/example_dags/tutorial_taskflow_api.py
[2024-06-18T13:33:08.800+0530] {logging_mixin.py:188} INFO - [2024-06-18T13:33:08.800+0530] {dag.py:3096} INFO - Sync 1 DAGs
[2024-06-18T13:33:08.824+0530] {logging_mixin.py:188} INFO - [2024-06-18T13:33:08.824+0530] {dag.py:3954} INFO - Setting next_dagrun for tutorial_taskflow_api to None, run_after=None
[2024-06-18T13:33:08.888+0530] {processor.py:183} INFO - Processing /home/kiit/airflow-env/lib/python3.8/site-packages/airflow/example_dags/tutorial_taskflow_api.py took 0.141 seconds
[2024-06-18T13:34:09.699+0530] {processor.py:161} INFO - Started process (PID=30429) to work on /home/kiit/airflow-env/lib/python3.8/site-packages/airflow/example_dags/tutorial_taskflow_api.py
[2024-06-18T13:34:09.706+0530] {processor.py:830} INFO - Processing file /home/kiit/airflow-env/lib/python3.8/site-packages/airflow/example_dags/tutorial_taskflow_api.py for tasks to queue
[2024-06-18T13:34:09.709+0530] {logging_mixin.py:188} INFO - [2024-06-18T13:34:09.708+0530] {dagbag.py:545} INFO - Filling up the DagBag from /home/kiit/airflow-env/lib/python3.8/site-packages/airflow/example_dags/tutorial_taskflow_api.py
[2024-06-18T13:34:09.715+0530] {processor.py:840} INFO - DAG(s) 'tutorial_taskflow_api' retrieved from /home/kiit/airflow-env/lib/python3.8/site-packages/airflow/example_dags/tutorial_taskflow_api.py
[2024-06-18T13:34:09.725+0530] {logging_mixin.py:188} INFO - [2024-06-18T13:34:09.725+0530] {dag.py:3096} INFO - Sync 1 DAGs
[2024-06-18T13:34:09.733+0530] {logging_mixin.py:188} INFO - [2024-06-18T13:34:09.733+0530] {dag.py:3954} INFO - Setting next_dagrun for tutorial_taskflow_api to None, run_after=None
[2024-06-18T13:34:09.752+0530] {processor.py:183} INFO - Processing /home/kiit/airflow-env/lib/python3.8/site-packages/airflow/example_dags/tutorial_taskflow_api.py took 0.058 seconds
[2024-06-18T13:35:08.094+0530] {processor.py:161} INFO - Started process (PID=30504) to work on /home/kiit/airflow-env/lib/python3.8/site-packages/airflow/example_dags/tutorial_taskflow_api.py
[2024-06-18T13:35:08.100+0530] {processor.py:830} INFO - Processing file /home/kiit/airflow-env/lib/python3.8/site-packages/airflow/example_dags/tutorial_taskflow_api.py for tasks to queue
[2024-06-18T13:35:08.102+0530] {logging_mixin.py:188} INFO - [2024-06-18T13:35:08.102+0530] {dagbag.py:545} INFO - Filling up the DagBag from /home/kiit/airflow-env/lib/python3.8/site-packages/airflow/example_dags/tutorial_taskflow_api.py
[2024-06-18T13:35:08.108+0530] {processor.py:840} INFO - DAG(s) 'tutorial_taskflow_api' retrieved from /home/kiit/airflow-env/lib/python3.8/site-packages/airflow/example_dags/tutorial_taskflow_api.py
[2024-06-18T13:35:08.122+0530] {logging_mixin.py:188} INFO - [2024-06-18T13:35:08.121+0530] {dag.py:3096} INFO - Sync 1 DAGs
[2024-06-18T13:35:08.130+0530] {logging_mixin.py:188} INFO - [2024-06-18T13:35:08.130+0530] {dag.py:3954} INFO - Setting next_dagrun for tutorial_taskflow_api to None, run_after=None
[2024-06-18T13:35:08.151+0530] {processor.py:183} INFO - Processing /home/kiit/airflow-env/lib/python3.8/site-packages/airflow/example_dags/tutorial_taskflow_api.py took 0.062 seconds
[2024-06-18T13:36:13.333+0530] {processor.py:161} INFO - Started process (PID=30575) to work on /home/kiit/airflow-env/lib/python3.8/site-packages/airflow/example_dags/tutorial_taskflow_api.py
[2024-06-18T13:36:13.334+0530] {processor.py:830} INFO - Processing file /home/kiit/airflow-env/lib/python3.8/site-packages/airflow/example_dags/tutorial_taskflow_api.py for tasks to queue
[2024-06-18T13:36:13.336+0530] {logging_mixin.py:188} INFO - [2024-06-18T13:36:13.335+0530] {dagbag.py:545} INFO - Filling up the DagBag from /home/kiit/airflow-env/lib/python3.8/site-packages/airflow/example_dags/tutorial_taskflow_api.py
[2024-06-18T13:36:13.343+0530] {processor.py:840} INFO - DAG(s) 'tutorial_taskflow_api' retrieved from /home/kiit/airflow-env/lib/python3.8/site-packages/airflow/example_dags/tutorial_taskflow_api.py
[2024-06-18T13:36:13.358+0530] {logging_mixin.py:188} INFO - [2024-06-18T13:36:13.358+0530] {dag.py:3096} INFO - Sync 1 DAGs
[2024-06-18T13:36:13.366+0530] {logging_mixin.py:188} INFO - [2024-06-18T13:36:13.366+0530] {dag.py:3954} INFO - Setting next_dagrun for tutorial_taskflow_api to None, run_after=None
[2024-06-18T13:36:13.386+0530] {processor.py:183} INFO - Processing /home/kiit/airflow-env/lib/python3.8/site-packages/airflow/example_dags/tutorial_taskflow_api.py took 0.058 seconds
[2024-06-18T13:37:14.484+0530] {processor.py:161} INFO - Started process (PID=30652) to work on /home/kiit/airflow-env/lib/python3.8/site-packages/airflow/example_dags/tutorial_taskflow_api.py
[2024-06-18T13:37:14.486+0530] {processor.py:830} INFO - Processing file /home/kiit/airflow-env/lib/python3.8/site-packages/airflow/example_dags/tutorial_taskflow_api.py for tasks to queue
[2024-06-18T13:37:14.488+0530] {logging_mixin.py:188} INFO - [2024-06-18T13:37:14.487+0530] {dagbag.py:545} INFO - Filling up the DagBag from /home/kiit/airflow-env/lib/python3.8/site-packages/airflow/example_dags/tutorial_taskflow_api.py
[2024-06-18T13:37:14.492+0530] {processor.py:840} INFO - DAG(s) 'tutorial_taskflow_api' retrieved from /home/kiit/airflow-env/lib/python3.8/site-packages/airflow/example_dags/tutorial_taskflow_api.py
[2024-06-18T13:37:14.509+0530] {logging_mixin.py:188} INFO - [2024-06-18T13:37:14.509+0530] {dag.py:3096} INFO - Sync 1 DAGs
[2024-06-18T13:37:14.521+0530] {logging_mixin.py:188} INFO - [2024-06-18T13:37:14.521+0530] {dag.py:3954} INFO - Setting next_dagrun for tutorial_taskflow_api to None, run_after=None
[2024-06-18T13:37:14.541+0530] {processor.py:183} INFO - Processing /home/kiit/airflow-env/lib/python3.8/site-packages/airflow/example_dags/tutorial_taskflow_api.py took 0.064 seconds
[2024-06-18T13:38:01.577+0530] {processor.py:161} INFO - Started process (PID=30703) to work on /home/kiit/airflow-env/lib/python3.8/site-packages/airflow/example_dags/tutorial_taskflow_api.py
[2024-06-18T13:38:01.578+0530] {processor.py:830} INFO - Processing file /home/kiit/airflow-env/lib/python3.8/site-packages/airflow/example_dags/tutorial_taskflow_api.py for tasks to queue
[2024-06-18T13:38:01.581+0530] {logging_mixin.py:188} INFO - [2024-06-18T13:38:01.580+0530] {dagbag.py:545} INFO - Filling up the DagBag from /home/kiit/airflow-env/lib/python3.8/site-packages/airflow/example_dags/tutorial_taskflow_api.py
[2024-06-18T13:38:01.588+0530] {processor.py:840} INFO - DAG(s) 'tutorial_taskflow_api' retrieved from /home/kiit/airflow-env/lib/python3.8/site-packages/airflow/example_dags/tutorial_taskflow_api.py
[2024-06-18T13:38:01.612+0530] {logging_mixin.py:188} INFO - [2024-06-18T13:38:01.611+0530] {dag.py:3096} INFO - Sync 1 DAGs
[2024-06-18T13:38:01.627+0530] {logging_mixin.py:188} INFO - [2024-06-18T13:38:01.627+0530] {dag.py:3954} INFO - Setting next_dagrun for tutorial_taskflow_api to None, run_after=None
[2024-06-18T13:38:01.663+0530] {processor.py:183} INFO - Processing /home/kiit/airflow-env/lib/python3.8/site-packages/airflow/example_dags/tutorial_taskflow_api.py took 0.091 seconds
[2024-06-18T13:38:53.859+0530] {processor.py:161} INFO - Started process (PID=30759) to work on /home/kiit/airflow-env/lib/python3.8/site-packages/airflow/example_dags/tutorial_taskflow_api.py
[2024-06-18T13:38:53.861+0530] {processor.py:830} INFO - Processing file /home/kiit/airflow-env/lib/python3.8/site-packages/airflow/example_dags/tutorial_taskflow_api.py for tasks to queue
[2024-06-18T13:38:53.864+0530] {logging_mixin.py:188} INFO - [2024-06-18T13:38:53.863+0530] {dagbag.py:545} INFO - Filling up the DagBag from /home/kiit/airflow-env/lib/python3.8/site-packages/airflow/example_dags/tutorial_taskflow_api.py
[2024-06-18T13:38:53.872+0530] {processor.py:840} INFO - DAG(s) 'tutorial_taskflow_api' retrieved from /home/kiit/airflow-env/lib/python3.8/site-packages/airflow/example_dags/tutorial_taskflow_api.py
[2024-06-18T13:38:53.890+0530] {logging_mixin.py:188} INFO - [2024-06-18T13:38:53.890+0530] {dag.py:3096} INFO - Sync 1 DAGs
[2024-06-18T13:38:53.902+0530] {logging_mixin.py:188} INFO - [2024-06-18T13:38:53.901+0530] {dag.py:3954} INFO - Setting next_dagrun for tutorial_taskflow_api to None, run_after=None
[2024-06-18T13:38:53.923+0530] {processor.py:183} INFO - Processing /home/kiit/airflow-env/lib/python3.8/site-packages/airflow/example_dags/tutorial_taskflow_api.py took 0.070 seconds
[2024-06-18T13:39:40.284+0530] {processor.py:161} INFO - Started process (PID=30814) to work on /home/kiit/airflow-env/lib/python3.8/site-packages/airflow/example_dags/tutorial_taskflow_api.py
[2024-06-18T13:39:40.291+0530] {processor.py:830} INFO - Processing file /home/kiit/airflow-env/lib/python3.8/site-packages/airflow/example_dags/tutorial_taskflow_api.py for tasks to queue
[2024-06-18T13:39:40.292+0530] {logging_mixin.py:188} INFO - [2024-06-18T13:39:40.292+0530] {dagbag.py:545} INFO - Filling up the DagBag from /home/kiit/airflow-env/lib/python3.8/site-packages/airflow/example_dags/tutorial_taskflow_api.py
[2024-06-18T13:39:40.297+0530] {processor.py:840} INFO - DAG(s) 'tutorial_taskflow_api' retrieved from /home/kiit/airflow-env/lib/python3.8/site-packages/airflow/example_dags/tutorial_taskflow_api.py
[2024-06-18T13:39:40.308+0530] {logging_mixin.py:188} INFO - [2024-06-18T13:39:40.308+0530] {dag.py:3096} INFO - Sync 1 DAGs
[2024-06-18T13:39:40.315+0530] {logging_mixin.py:188} INFO - [2024-06-18T13:39:40.315+0530] {dag.py:3954} INFO - Setting next_dagrun for tutorial_taskflow_api to None, run_after=None
[2024-06-18T13:39:40.334+0530] {processor.py:183} INFO - Processing /home/kiit/airflow-env/lib/python3.8/site-packages/airflow/example_dags/tutorial_taskflow_api.py took 0.055 seconds
[2024-06-18T13:40:40.838+0530] {processor.py:161} INFO - Started process (PID=30949) to work on /home/kiit/airflow-env/lib/python3.8/site-packages/airflow/example_dags/tutorial_taskflow_api.py
[2024-06-18T13:40:40.845+0530] {processor.py:830} INFO - Processing file /home/kiit/airflow-env/lib/python3.8/site-packages/airflow/example_dags/tutorial_taskflow_api.py for tasks to queue
[2024-06-18T13:40:40.847+0530] {logging_mixin.py:188} INFO - [2024-06-18T13:40:40.846+0530] {dagbag.py:545} INFO - Filling up the DagBag from /home/kiit/airflow-env/lib/python3.8/site-packages/airflow/example_dags/tutorial_taskflow_api.py
[2024-06-18T13:40:40.852+0530] {processor.py:840} INFO - DAG(s) 'tutorial_taskflow_api' retrieved from /home/kiit/airflow-env/lib/python3.8/site-packages/airflow/example_dags/tutorial_taskflow_api.py
[2024-06-18T13:40:40.862+0530] {logging_mixin.py:188} INFO - [2024-06-18T13:40:40.862+0530] {dag.py:3096} INFO - Sync 1 DAGs
[2024-06-18T13:40:40.870+0530] {logging_mixin.py:188} INFO - [2024-06-18T13:40:40.870+0530] {dag.py:3954} INFO - Setting next_dagrun for tutorial_taskflow_api to None, run_after=None
[2024-06-18T13:40:40.886+0530] {processor.py:183} INFO - Processing /home/kiit/airflow-env/lib/python3.8/site-packages/airflow/example_dags/tutorial_taskflow_api.py took 0.052 seconds
[2024-06-18T13:41:43.282+0530] {processor.py:161} INFO - Started process (PID=31026) to work on /home/kiit/airflow-env/lib/python3.8/site-packages/airflow/example_dags/tutorial_taskflow_api.py
[2024-06-18T13:41:43.290+0530] {processor.py:830} INFO - Processing file /home/kiit/airflow-env/lib/python3.8/site-packages/airflow/example_dags/tutorial_taskflow_api.py for tasks to queue
[2024-06-18T13:41:43.291+0530] {logging_mixin.py:188} INFO - [2024-06-18T13:41:43.291+0530] {dagbag.py:545} INFO - Filling up the DagBag from /home/kiit/airflow-env/lib/python3.8/site-packages/airflow/example_dags/tutorial_taskflow_api.py
[2024-06-18T13:41:43.296+0530] {processor.py:840} INFO - DAG(s) 'tutorial_taskflow_api' retrieved from /home/kiit/airflow-env/lib/python3.8/site-packages/airflow/example_dags/tutorial_taskflow_api.py
[2024-06-18T13:41:43.308+0530] {logging_mixin.py:188} INFO - [2024-06-18T13:41:43.308+0530] {dag.py:3096} INFO - Sync 1 DAGs
[2024-06-18T13:41:43.316+0530] {logging_mixin.py:188} INFO - [2024-06-18T13:41:43.315+0530] {dag.py:3954} INFO - Setting next_dagrun for tutorial_taskflow_api to None, run_after=None
[2024-06-18T13:41:43.334+0530] {processor.py:183} INFO - Processing /home/kiit/airflow-env/lib/python3.8/site-packages/airflow/example_dags/tutorial_taskflow_api.py took 0.057 seconds
[2024-06-18T15:05:50.072+0530] {processor.py:161} INFO - Started process (PID=33624) to work on /home/kiit/airflow-env/lib/python3.8/site-packages/airflow/example_dags/tutorial_taskflow_api.py
[2024-06-18T15:05:50.073+0530] {processor.py:830} INFO - Processing file /home/kiit/airflow-env/lib/python3.8/site-packages/airflow/example_dags/tutorial_taskflow_api.py for tasks to queue
[2024-06-18T15:05:50.075+0530] {logging_mixin.py:188} INFO - [2024-06-18T15:05:50.075+0530] {dagbag.py:545} INFO - Filling up the DagBag from /home/kiit/airflow-env/lib/python3.8/site-packages/airflow/example_dags/tutorial_taskflow_api.py
[2024-06-18T15:05:50.084+0530] {processor.py:840} INFO - DAG(s) 'tutorial_taskflow_api' retrieved from /home/kiit/airflow-env/lib/python3.8/site-packages/airflow/example_dags/tutorial_taskflow_api.py
[2024-06-18T15:05:50.096+0530] {logging_mixin.py:188} INFO - [2024-06-18T15:05:50.095+0530] {dag.py:3096} INFO - Sync 1 DAGs
[2024-06-18T15:05:50.108+0530] {logging_mixin.py:188} INFO - [2024-06-18T15:05:50.108+0530] {dag.py:3954} INFO - Setting next_dagrun for tutorial_taskflow_api to None, run_after=None
[2024-06-18T15:05:50.135+0530] {processor.py:183} INFO - Processing /home/kiit/airflow-env/lib/python3.8/site-packages/airflow/example_dags/tutorial_taskflow_api.py took 0.069 seconds
[2024-06-18T15:06:23.663+0530] {processor.py:161} INFO - Started process (PID=33683) to work on /home/kiit/airflow-env/lib/python3.8/site-packages/airflow/example_dags/tutorial_taskflow_api.py
[2024-06-18T15:06:23.664+0530] {processor.py:830} INFO - Processing file /home/kiit/airflow-env/lib/python3.8/site-packages/airflow/example_dags/tutorial_taskflow_api.py for tasks to queue
[2024-06-18T15:06:23.665+0530] {logging_mixin.py:188} INFO - [2024-06-18T15:06:23.665+0530] {dagbag.py:545} INFO - Filling up the DagBag from /home/kiit/airflow-env/lib/python3.8/site-packages/airflow/example_dags/tutorial_taskflow_api.py
[2024-06-18T15:06:23.669+0530] {processor.py:840} INFO - DAG(s) 'tutorial_taskflow_api' retrieved from /home/kiit/airflow-env/lib/python3.8/site-packages/airflow/example_dags/tutorial_taskflow_api.py
[2024-06-18T15:06:23.819+0530] {logging_mixin.py:188} INFO - [2024-06-18T15:06:23.819+0530] {dag.py:3096} INFO - Sync 1 DAGs
[2024-06-18T15:06:23.826+0530] {logging_mixin.py:188} INFO - [2024-06-18T15:06:23.826+0530] {dag.py:3954} INFO - Setting next_dagrun for tutorial_taskflow_api to None, run_after=None
[2024-06-18T15:06:23.850+0530] {processor.py:183} INFO - Processing /home/kiit/airflow-env/lib/python3.8/site-packages/airflow/example_dags/tutorial_taskflow_api.py took 0.192 seconds
[2024-06-18T15:06:54.843+0530] {processor.py:161} INFO - Started process (PID=33742) to work on /home/kiit/airflow-env/lib/python3.8/site-packages/airflow/example_dags/tutorial_taskflow_api.py
[2024-06-18T15:06:54.849+0530] {processor.py:830} INFO - Processing file /home/kiit/airflow-env/lib/python3.8/site-packages/airflow/example_dags/tutorial_taskflow_api.py for tasks to queue
[2024-06-18T15:06:54.852+0530] {logging_mixin.py:188} INFO - [2024-06-18T15:06:54.851+0530] {dagbag.py:545} INFO - Filling up the DagBag from /home/kiit/airflow-env/lib/python3.8/site-packages/airflow/example_dags/tutorial_taskflow_api.py
[2024-06-18T15:06:54.858+0530] {processor.py:840} INFO - DAG(s) 'tutorial_taskflow_api' retrieved from /home/kiit/airflow-env/lib/python3.8/site-packages/airflow/example_dags/tutorial_taskflow_api.py
[2024-06-18T15:06:54.883+0530] {logging_mixin.py:188} INFO - [2024-06-18T15:06:54.883+0530] {dag.py:3096} INFO - Sync 1 DAGs
[2024-06-18T15:06:54.894+0530] {logging_mixin.py:188} INFO - [2024-06-18T15:06:54.894+0530] {dag.py:3954} INFO - Setting next_dagrun for tutorial_taskflow_api to None, run_after=None
[2024-06-18T15:06:54.925+0530] {processor.py:183} INFO - Processing /home/kiit/airflow-env/lib/python3.8/site-packages/airflow/example_dags/tutorial_taskflow_api.py took 0.091 seconds
[2024-06-18T15:07:25.699+0530] {processor.py:161} INFO - Started process (PID=33801) to work on /home/kiit/airflow-env/lib/python3.8/site-packages/airflow/example_dags/tutorial_taskflow_api.py
[2024-06-18T15:07:25.700+0530] {processor.py:830} INFO - Processing file /home/kiit/airflow-env/lib/python3.8/site-packages/airflow/example_dags/tutorial_taskflow_api.py for tasks to queue
[2024-06-18T15:07:25.702+0530] {logging_mixin.py:188} INFO - [2024-06-18T15:07:25.702+0530] {dagbag.py:545} INFO - Filling up the DagBag from /home/kiit/airflow-env/lib/python3.8/site-packages/airflow/example_dags/tutorial_taskflow_api.py
[2024-06-18T15:07:25.708+0530] {processor.py:840} INFO - DAG(s) 'tutorial_taskflow_api' retrieved from /home/kiit/airflow-env/lib/python3.8/site-packages/airflow/example_dags/tutorial_taskflow_api.py
[2024-06-18T15:07:25.729+0530] {logging_mixin.py:188} INFO - [2024-06-18T15:07:25.729+0530] {dag.py:3096} INFO - Sync 1 DAGs
[2024-06-18T15:07:25.739+0530] {logging_mixin.py:188} INFO - [2024-06-18T15:07:25.738+0530] {dag.py:3954} INFO - Setting next_dagrun for tutorial_taskflow_api to None, run_after=None
[2024-06-18T15:07:25.761+0530] {processor.py:183} INFO - Processing /home/kiit/airflow-env/lib/python3.8/site-packages/airflow/example_dags/tutorial_taskflow_api.py took 0.067 seconds
[2024-06-18T15:07:56.441+0530] {processor.py:161} INFO - Started process (PID=33860) to work on /home/kiit/airflow-env/lib/python3.8/site-packages/airflow/example_dags/tutorial_taskflow_api.py
[2024-06-18T15:07:56.448+0530] {processor.py:830} INFO - Processing file /home/kiit/airflow-env/lib/python3.8/site-packages/airflow/example_dags/tutorial_taskflow_api.py for tasks to queue
[2024-06-18T15:07:56.449+0530] {logging_mixin.py:188} INFO - [2024-06-18T15:07:56.449+0530] {dagbag.py:545} INFO - Filling up the DagBag from /home/kiit/airflow-env/lib/python3.8/site-packages/airflow/example_dags/tutorial_taskflow_api.py
[2024-06-18T15:07:56.455+0530] {processor.py:840} INFO - DAG(s) 'tutorial_taskflow_api' retrieved from /home/kiit/airflow-env/lib/python3.8/site-packages/airflow/example_dags/tutorial_taskflow_api.py
[2024-06-18T15:07:56.475+0530] {logging_mixin.py:188} INFO - [2024-06-18T15:07:56.474+0530] {dag.py:3096} INFO - Sync 1 DAGs
[2024-06-18T15:07:56.487+0530] {logging_mixin.py:188} INFO - [2024-06-18T15:07:56.487+0530] {dag.py:3954} INFO - Setting next_dagrun for tutorial_taskflow_api to None, run_after=None
[2024-06-18T15:07:56.512+0530] {processor.py:183} INFO - Processing /home/kiit/airflow-env/lib/python3.8/site-packages/airflow/example_dags/tutorial_taskflow_api.py took 0.077 seconds
[2024-06-18T15:08:26.584+0530] {processor.py:161} INFO - Started process (PID=33919) to work on /home/kiit/airflow-env/lib/python3.8/site-packages/airflow/example_dags/tutorial_taskflow_api.py
[2024-06-18T15:08:26.585+0530] {processor.py:830} INFO - Processing file /home/kiit/airflow-env/lib/python3.8/site-packages/airflow/example_dags/tutorial_taskflow_api.py for tasks to queue
[2024-06-18T15:08:26.586+0530] {logging_mixin.py:188} INFO - [2024-06-18T15:08:26.586+0530] {dagbag.py:545} INFO - Filling up the DagBag from /home/kiit/airflow-env/lib/python3.8/site-packages/airflow/example_dags/tutorial_taskflow_api.py
[2024-06-18T15:08:26.594+0530] {processor.py:840} INFO - DAG(s) 'tutorial_taskflow_api' retrieved from /home/kiit/airflow-env/lib/python3.8/site-packages/airflow/example_dags/tutorial_taskflow_api.py
[2024-06-18T15:08:26.617+0530] {logging_mixin.py:188} INFO - [2024-06-18T15:08:26.617+0530] {dag.py:3096} INFO - Sync 1 DAGs
[2024-06-18T15:08:26.632+0530] {logging_mixin.py:188} INFO - [2024-06-18T15:08:26.631+0530] {dag.py:3954} INFO - Setting next_dagrun for tutorial_taskflow_api to None, run_after=None
[2024-06-18T15:08:26.663+0530] {processor.py:183} INFO - Processing /home/kiit/airflow-env/lib/python3.8/site-packages/airflow/example_dags/tutorial_taskflow_api.py took 0.089 seconds
[2024-06-18T15:08:57.365+0530] {processor.py:161} INFO - Started process (PID=33979) to work on /home/kiit/airflow-env/lib/python3.8/site-packages/airflow/example_dags/tutorial_taskflow_api.py
[2024-06-18T15:08:57.366+0530] {processor.py:830} INFO - Processing file /home/kiit/airflow-env/lib/python3.8/site-packages/airflow/example_dags/tutorial_taskflow_api.py for tasks to queue
[2024-06-18T15:08:57.368+0530] {logging_mixin.py:188} INFO - [2024-06-18T15:08:57.367+0530] {dagbag.py:545} INFO - Filling up the DagBag from /home/kiit/airflow-env/lib/python3.8/site-packages/airflow/example_dags/tutorial_taskflow_api.py
[2024-06-18T15:08:57.375+0530] {processor.py:840} INFO - DAG(s) 'tutorial_taskflow_api' retrieved from /home/kiit/airflow-env/lib/python3.8/site-packages/airflow/example_dags/tutorial_taskflow_api.py
[2024-06-18T15:08:57.394+0530] {logging_mixin.py:188} INFO - [2024-06-18T15:08:57.394+0530] {dag.py:3096} INFO - Sync 1 DAGs
[2024-06-18T15:08:57.407+0530] {logging_mixin.py:188} INFO - [2024-06-18T15:08:57.406+0530] {dag.py:3954} INFO - Setting next_dagrun for tutorial_taskflow_api to None, run_after=None
[2024-06-18T15:08:57.429+0530] {processor.py:183} INFO - Processing /home/kiit/airflow-env/lib/python3.8/site-packages/airflow/example_dags/tutorial_taskflow_api.py took 0.070 seconds
[2024-06-18T15:09:27.709+0530] {processor.py:161} INFO - Started process (PID=34039) to work on /home/kiit/airflow-env/lib/python3.8/site-packages/airflow/example_dags/tutorial_taskflow_api.py
[2024-06-18T15:09:27.710+0530] {processor.py:830} INFO - Processing file /home/kiit/airflow-env/lib/python3.8/site-packages/airflow/example_dags/tutorial_taskflow_api.py for tasks to queue
[2024-06-18T15:09:27.711+0530] {logging_mixin.py:188} INFO - [2024-06-18T15:09:27.711+0530] {dagbag.py:545} INFO - Filling up the DagBag from /home/kiit/airflow-env/lib/python3.8/site-packages/airflow/example_dags/tutorial_taskflow_api.py
[2024-06-18T15:09:27.716+0530] {processor.py:840} INFO - DAG(s) 'tutorial_taskflow_api' retrieved from /home/kiit/airflow-env/lib/python3.8/site-packages/airflow/example_dags/tutorial_taskflow_api.py
[2024-06-18T15:09:27.734+0530] {logging_mixin.py:188} INFO - [2024-06-18T15:09:27.734+0530] {dag.py:3096} INFO - Sync 1 DAGs
[2024-06-18T15:09:27.743+0530] {logging_mixin.py:188} INFO - [2024-06-18T15:09:27.743+0530] {dag.py:3954} INFO - Setting next_dagrun for tutorial_taskflow_api to None, run_after=None
[2024-06-18T15:09:27.765+0530] {processor.py:183} INFO - Processing /home/kiit/airflow-env/lib/python3.8/site-packages/airflow/example_dags/tutorial_taskflow_api.py took 0.061 seconds
[2024-06-18T15:09:57.986+0530] {processor.py:161} INFO - Started process (PID=34098) to work on /home/kiit/airflow-env/lib/python3.8/site-packages/airflow/example_dags/tutorial_taskflow_api.py
[2024-06-18T15:09:57.987+0530] {processor.py:830} INFO - Processing file /home/kiit/airflow-env/lib/python3.8/site-packages/airflow/example_dags/tutorial_taskflow_api.py for tasks to queue
[2024-06-18T15:09:57.988+0530] {logging_mixin.py:188} INFO - [2024-06-18T15:09:57.988+0530] {dagbag.py:545} INFO - Filling up the DagBag from /home/kiit/airflow-env/lib/python3.8/site-packages/airflow/example_dags/tutorial_taskflow_api.py
[2024-06-18T15:09:57.994+0530] {processor.py:840} INFO - DAG(s) 'tutorial_taskflow_api' retrieved from /home/kiit/airflow-env/lib/python3.8/site-packages/airflow/example_dags/tutorial_taskflow_api.py
[2024-06-18T15:09:58.012+0530] {logging_mixin.py:188} INFO - [2024-06-18T15:09:58.012+0530] {dag.py:3096} INFO - Sync 1 DAGs
[2024-06-18T15:09:58.022+0530] {logging_mixin.py:188} INFO - [2024-06-18T15:09:58.022+0530] {dag.py:3954} INFO - Setting next_dagrun for tutorial_taskflow_api to None, run_after=None
[2024-06-18T15:09:58.041+0530] {processor.py:183} INFO - Processing /home/kiit/airflow-env/lib/python3.8/site-packages/airflow/example_dags/tutorial_taskflow_api.py took 0.060 seconds
[2024-06-18T15:10:28.222+0530] {processor.py:161} INFO - Started process (PID=34158) to work on /home/kiit/airflow-env/lib/python3.8/site-packages/airflow/example_dags/tutorial_taskflow_api.py
[2024-06-18T15:10:28.223+0530] {processor.py:830} INFO - Processing file /home/kiit/airflow-env/lib/python3.8/site-packages/airflow/example_dags/tutorial_taskflow_api.py for tasks to queue
[2024-06-18T15:10:28.225+0530] {logging_mixin.py:188} INFO - [2024-06-18T15:10:28.225+0530] {dagbag.py:545} INFO - Filling up the DagBag from /home/kiit/airflow-env/lib/python3.8/site-packages/airflow/example_dags/tutorial_taskflow_api.py
[2024-06-18T15:10:28.232+0530] {processor.py:840} INFO - DAG(s) 'tutorial_taskflow_api' retrieved from /home/kiit/airflow-env/lib/python3.8/site-packages/airflow/example_dags/tutorial_taskflow_api.py
[2024-06-18T15:10:28.251+0530] {logging_mixin.py:188} INFO - [2024-06-18T15:10:28.251+0530] {dag.py:3096} INFO - Sync 1 DAGs
[2024-06-18T15:10:28.263+0530] {logging_mixin.py:188} INFO - [2024-06-18T15:10:28.263+0530] {dag.py:3954} INFO - Setting next_dagrun for tutorial_taskflow_api to None, run_after=None
[2024-06-18T15:10:28.286+0530] {processor.py:183} INFO - Processing /home/kiit/airflow-env/lib/python3.8/site-packages/airflow/example_dags/tutorial_taskflow_api.py took 0.069 seconds
[2024-06-18T15:10:58.586+0530] {processor.py:161} INFO - Started process (PID=34217) to work on /home/kiit/airflow-env/lib/python3.8/site-packages/airflow/example_dags/tutorial_taskflow_api.py
[2024-06-18T15:10:58.587+0530] {processor.py:830} INFO - Processing file /home/kiit/airflow-env/lib/python3.8/site-packages/airflow/example_dags/tutorial_taskflow_api.py for tasks to queue
[2024-06-18T15:10:58.588+0530] {logging_mixin.py:188} INFO - [2024-06-18T15:10:58.588+0530] {dagbag.py:545} INFO - Filling up the DagBag from /home/kiit/airflow-env/lib/python3.8/site-packages/airflow/example_dags/tutorial_taskflow_api.py
[2024-06-18T15:10:58.593+0530] {processor.py:840} INFO - DAG(s) 'tutorial_taskflow_api' retrieved from /home/kiit/airflow-env/lib/python3.8/site-packages/airflow/example_dags/tutorial_taskflow_api.py
[2024-06-18T15:10:58.610+0530] {logging_mixin.py:188} INFO - [2024-06-18T15:10:58.610+0530] {dag.py:3096} INFO - Sync 1 DAGs
[2024-06-18T15:10:58.620+0530] {logging_mixin.py:188} INFO - [2024-06-18T15:10:58.620+0530] {dag.py:3954} INFO - Setting next_dagrun for tutorial_taskflow_api to None, run_after=None
[2024-06-18T15:10:58.640+0530] {processor.py:183} INFO - Processing /home/kiit/airflow-env/lib/python3.8/site-packages/airflow/example_dags/tutorial_taskflow_api.py took 0.060 seconds
[2024-06-18T15:11:28.758+0530] {processor.py:161} INFO - Started process (PID=34276) to work on /home/kiit/airflow-env/lib/python3.8/site-packages/airflow/example_dags/tutorial_taskflow_api.py
[2024-06-18T15:11:28.758+0530] {processor.py:830} INFO - Processing file /home/kiit/airflow-env/lib/python3.8/site-packages/airflow/example_dags/tutorial_taskflow_api.py for tasks to queue
[2024-06-18T15:11:28.760+0530] {logging_mixin.py:188} INFO - [2024-06-18T15:11:28.759+0530] {dagbag.py:545} INFO - Filling up the DagBag from /home/kiit/airflow-env/lib/python3.8/site-packages/airflow/example_dags/tutorial_taskflow_api.py
[2024-06-18T15:11:28.764+0530] {processor.py:840} INFO - DAG(s) 'tutorial_taskflow_api' retrieved from /home/kiit/airflow-env/lib/python3.8/site-packages/airflow/example_dags/tutorial_taskflow_api.py
[2024-06-18T15:11:28.779+0530] {logging_mixin.py:188} INFO - [2024-06-18T15:11:28.779+0530] {dag.py:3096} INFO - Sync 1 DAGs
[2024-06-18T15:11:28.789+0530] {logging_mixin.py:188} INFO - [2024-06-18T15:11:28.788+0530] {dag.py:3954} INFO - Setting next_dagrun for tutorial_taskflow_api to None, run_after=None
[2024-06-18T15:11:28.809+0530] {processor.py:183} INFO - Processing /home/kiit/airflow-env/lib/python3.8/site-packages/airflow/example_dags/tutorial_taskflow_api.py took 0.057 seconds
[2024-06-18T15:11:58.963+0530] {processor.py:161} INFO - Started process (PID=34335) to work on /home/kiit/airflow-env/lib/python3.8/site-packages/airflow/example_dags/tutorial_taskflow_api.py
[2024-06-18T15:11:58.964+0530] {processor.py:830} INFO - Processing file /home/kiit/airflow-env/lib/python3.8/site-packages/airflow/example_dags/tutorial_taskflow_api.py for tasks to queue
[2024-06-18T15:11:58.965+0530] {logging_mixin.py:188} INFO - [2024-06-18T15:11:58.965+0530] {dagbag.py:545} INFO - Filling up the DagBag from /home/kiit/airflow-env/lib/python3.8/site-packages/airflow/example_dags/tutorial_taskflow_api.py
[2024-06-18T15:11:58.970+0530] {processor.py:840} INFO - DAG(s) 'tutorial_taskflow_api' retrieved from /home/kiit/airflow-env/lib/python3.8/site-packages/airflow/example_dags/tutorial_taskflow_api.py
[2024-06-18T15:11:58.985+0530] {logging_mixin.py:188} INFO - [2024-06-18T15:11:58.985+0530] {dag.py:3096} INFO - Sync 1 DAGs
[2024-06-18T15:11:58.995+0530] {logging_mixin.py:188} INFO - [2024-06-18T15:11:58.995+0530] {dag.py:3954} INFO - Setting next_dagrun for tutorial_taskflow_api to None, run_after=None
[2024-06-18T15:11:59.017+0530] {processor.py:183} INFO - Processing /home/kiit/airflow-env/lib/python3.8/site-packages/airflow/example_dags/tutorial_taskflow_api.py took 0.059 seconds
[2024-06-18T15:12:29.307+0530] {processor.py:161} INFO - Started process (PID=34395) to work on /home/kiit/airflow-env/lib/python3.8/site-packages/airflow/example_dags/tutorial_taskflow_api.py
[2024-06-18T15:12:29.307+0530] {processor.py:830} INFO - Processing file /home/kiit/airflow-env/lib/python3.8/site-packages/airflow/example_dags/tutorial_taskflow_api.py for tasks to queue
[2024-06-18T15:12:29.309+0530] {logging_mixin.py:188} INFO - [2024-06-18T15:12:29.308+0530] {dagbag.py:545} INFO - Filling up the DagBag from /home/kiit/airflow-env/lib/python3.8/site-packages/airflow/example_dags/tutorial_taskflow_api.py
[2024-06-18T15:12:29.314+0530] {processor.py:840} INFO - DAG(s) 'tutorial_taskflow_api' retrieved from /home/kiit/airflow-env/lib/python3.8/site-packages/airflow/example_dags/tutorial_taskflow_api.py
[2024-06-18T15:12:29.330+0530] {logging_mixin.py:188} INFO - [2024-06-18T15:12:29.330+0530] {dag.py:3096} INFO - Sync 1 DAGs
[2024-06-18T15:12:29.340+0530] {logging_mixin.py:188} INFO - [2024-06-18T15:12:29.340+0530] {dag.py:3954} INFO - Setting next_dagrun for tutorial_taskflow_api to None, run_after=None
[2024-06-18T15:12:29.360+0530] {processor.py:183} INFO - Processing /home/kiit/airflow-env/lib/python3.8/site-packages/airflow/example_dags/tutorial_taskflow_api.py took 0.059 seconds
[2024-06-18T15:12:59.631+0530] {processor.py:161} INFO - Started process (PID=34454) to work on /home/kiit/airflow-env/lib/python3.8/site-packages/airflow/example_dags/tutorial_taskflow_api.py
[2024-06-18T15:12:59.632+0530] {processor.py:830} INFO - Processing file /home/kiit/airflow-env/lib/python3.8/site-packages/airflow/example_dags/tutorial_taskflow_api.py for tasks to queue
[2024-06-18T15:12:59.634+0530] {logging_mixin.py:188} INFO - [2024-06-18T15:12:59.633+0530] {dagbag.py:545} INFO - Filling up the DagBag from /home/kiit/airflow-env/lib/python3.8/site-packages/airflow/example_dags/tutorial_taskflow_api.py
[2024-06-18T15:12:59.638+0530] {processor.py:840} INFO - DAG(s) 'tutorial_taskflow_api' retrieved from /home/kiit/airflow-env/lib/python3.8/site-packages/airflow/example_dags/tutorial_taskflow_api.py
[2024-06-18T15:12:59.655+0530] {logging_mixin.py:188} INFO - [2024-06-18T15:12:59.655+0530] {dag.py:3096} INFO - Sync 1 DAGs
[2024-06-18T15:12:59.666+0530] {logging_mixin.py:188} INFO - [2024-06-18T15:12:59.665+0530] {dag.py:3954} INFO - Setting next_dagrun for tutorial_taskflow_api to None, run_after=None
[2024-06-18T15:12:59.684+0530] {processor.py:183} INFO - Processing /home/kiit/airflow-env/lib/python3.8/site-packages/airflow/example_dags/tutorial_taskflow_api.py took 0.058 seconds
[2024-06-18T15:13:29.911+0530] {processor.py:161} INFO - Started process (PID=34513) to work on /home/kiit/airflow-env/lib/python3.8/site-packages/airflow/example_dags/tutorial_taskflow_api.py
[2024-06-18T15:13:29.912+0530] {processor.py:830} INFO - Processing file /home/kiit/airflow-env/lib/python3.8/site-packages/airflow/example_dags/tutorial_taskflow_api.py for tasks to queue
[2024-06-18T15:13:29.913+0530] {logging_mixin.py:188} INFO - [2024-06-18T15:13:29.913+0530] {dagbag.py:545} INFO - Filling up the DagBag from /home/kiit/airflow-env/lib/python3.8/site-packages/airflow/example_dags/tutorial_taskflow_api.py
[2024-06-18T15:13:29.919+0530] {processor.py:840} INFO - DAG(s) 'tutorial_taskflow_api' retrieved from /home/kiit/airflow-env/lib/python3.8/site-packages/airflow/example_dags/tutorial_taskflow_api.py
[2024-06-18T15:13:29.935+0530] {logging_mixin.py:188} INFO - [2024-06-18T15:13:29.934+0530] {dag.py:3096} INFO - Sync 1 DAGs
[2024-06-18T15:13:29.942+0530] {logging_mixin.py:188} INFO - [2024-06-18T15:13:29.942+0530] {dag.py:3954} INFO - Setting next_dagrun for tutorial_taskflow_api to None, run_after=None
[2024-06-18T15:13:29.961+0530] {processor.py:183} INFO - Processing /home/kiit/airflow-env/lib/python3.8/site-packages/airflow/example_dags/tutorial_taskflow_api.py took 0.055 seconds
[2024-06-18T15:14:00.198+0530] {processor.py:161} INFO - Started process (PID=34572) to work on /home/kiit/airflow-env/lib/python3.8/site-packages/airflow/example_dags/tutorial_taskflow_api.py
[2024-06-18T15:14:00.199+0530] {processor.py:830} INFO - Processing file /home/kiit/airflow-env/lib/python3.8/site-packages/airflow/example_dags/tutorial_taskflow_api.py for tasks to queue
[2024-06-18T15:14:00.200+0530] {logging_mixin.py:188} INFO - [2024-06-18T15:14:00.200+0530] {dagbag.py:545} INFO - Filling up the DagBag from /home/kiit/airflow-env/lib/python3.8/site-packages/airflow/example_dags/tutorial_taskflow_api.py
[2024-06-18T15:14:00.206+0530] {processor.py:840} INFO - DAG(s) 'tutorial_taskflow_api' retrieved from /home/kiit/airflow-env/lib/python3.8/site-packages/airflow/example_dags/tutorial_taskflow_api.py
[2024-06-18T15:14:00.223+0530] {logging_mixin.py:188} INFO - [2024-06-18T15:14:00.222+0530] {dag.py:3096} INFO - Sync 1 DAGs
[2024-06-18T15:14:00.232+0530] {logging_mixin.py:188} INFO - [2024-06-18T15:14:00.232+0530] {dag.py:3954} INFO - Setting next_dagrun for tutorial_taskflow_api to None, run_after=None
[2024-06-18T15:14:00.252+0530] {processor.py:183} INFO - Processing /home/kiit/airflow-env/lib/python3.8/site-packages/airflow/example_dags/tutorial_taskflow_api.py took 0.059 seconds
[2024-06-18T15:14:30.531+0530] {processor.py:161} INFO - Started process (PID=34631) to work on /home/kiit/airflow-env/lib/python3.8/site-packages/airflow/example_dags/tutorial_taskflow_api.py
[2024-06-18T15:14:30.532+0530] {processor.py:830} INFO - Processing file /home/kiit/airflow-env/lib/python3.8/site-packages/airflow/example_dags/tutorial_taskflow_api.py for tasks to queue
[2024-06-18T15:14:30.533+0530] {logging_mixin.py:188} INFO - [2024-06-18T15:14:30.533+0530] {dagbag.py:545} INFO - Filling up the DagBag from /home/kiit/airflow-env/lib/python3.8/site-packages/airflow/example_dags/tutorial_taskflow_api.py
[2024-06-18T15:14:30.538+0530] {processor.py:840} INFO - DAG(s) 'tutorial_taskflow_api' retrieved from /home/kiit/airflow-env/lib/python3.8/site-packages/airflow/example_dags/tutorial_taskflow_api.py
[2024-06-18T15:14:30.555+0530] {logging_mixin.py:188} INFO - [2024-06-18T15:14:30.555+0530] {dag.py:3096} INFO - Sync 1 DAGs
[2024-06-18T15:14:30.566+0530] {logging_mixin.py:188} INFO - [2024-06-18T15:14:30.566+0530] {dag.py:3954} INFO - Setting next_dagrun for tutorial_taskflow_api to None, run_after=None
[2024-06-18T15:14:30.587+0530] {processor.py:183} INFO - Processing /home/kiit/airflow-env/lib/python3.8/site-packages/airflow/example_dags/tutorial_taskflow_api.py took 0.060 seconds
[2024-06-18T15:15:00.894+0530] {processor.py:161} INFO - Started process (PID=34690) to work on /home/kiit/airflow-env/lib/python3.8/site-packages/airflow/example_dags/tutorial_taskflow_api.py
[2024-06-18T15:15:00.895+0530] {processor.py:830} INFO - Processing file /home/kiit/airflow-env/lib/python3.8/site-packages/airflow/example_dags/tutorial_taskflow_api.py for tasks to queue
[2024-06-18T15:15:00.896+0530] {logging_mixin.py:188} INFO - [2024-06-18T15:15:00.896+0530] {dagbag.py:545} INFO - Filling up the DagBag from /home/kiit/airflow-env/lib/python3.8/site-packages/airflow/example_dags/tutorial_taskflow_api.py
[2024-06-18T15:15:00.902+0530] {processor.py:840} INFO - DAG(s) 'tutorial_taskflow_api' retrieved from /home/kiit/airflow-env/lib/python3.8/site-packages/airflow/example_dags/tutorial_taskflow_api.py
[2024-06-18T15:15:00.918+0530] {logging_mixin.py:188} INFO - [2024-06-18T15:15:00.918+0530] {dag.py:3096} INFO - Sync 1 DAGs
[2024-06-18T15:15:00.927+0530] {logging_mixin.py:188} INFO - [2024-06-18T15:15:00.927+0530] {dag.py:3954} INFO - Setting next_dagrun for tutorial_taskflow_api to None, run_after=None
[2024-06-18T15:15:00.948+0530] {processor.py:183} INFO - Processing /home/kiit/airflow-env/lib/python3.8/site-packages/airflow/example_dags/tutorial_taskflow_api.py took 0.060 seconds
[2024-06-18T15:15:31.149+0530] {processor.py:161} INFO - Started process (PID=34749) to work on /home/kiit/airflow-env/lib/python3.8/site-packages/airflow/example_dags/tutorial_taskflow_api.py
[2024-06-18T15:15:31.150+0530] {processor.py:830} INFO - Processing file /home/kiit/airflow-env/lib/python3.8/site-packages/airflow/example_dags/tutorial_taskflow_api.py for tasks to queue
[2024-06-18T15:15:31.152+0530] {logging_mixin.py:188} INFO - [2024-06-18T15:15:31.152+0530] {dagbag.py:545} INFO - Filling up the DagBag from /home/kiit/airflow-env/lib/python3.8/site-packages/airflow/example_dags/tutorial_taskflow_api.py
[2024-06-18T15:15:31.158+0530] {processor.py:840} INFO - DAG(s) 'tutorial_taskflow_api' retrieved from /home/kiit/airflow-env/lib/python3.8/site-packages/airflow/example_dags/tutorial_taskflow_api.py
[2024-06-18T15:15:31.176+0530] {logging_mixin.py:188} INFO - [2024-06-18T15:15:31.175+0530] {dag.py:3096} INFO - Sync 1 DAGs
[2024-06-18T15:15:31.185+0530] {logging_mixin.py:188} INFO - [2024-06-18T15:15:31.184+0530] {dag.py:3954} INFO - Setting next_dagrun for tutorial_taskflow_api to None, run_after=None
[2024-06-18T15:15:31.204+0530] {processor.py:183} INFO - Processing /home/kiit/airflow-env/lib/python3.8/site-packages/airflow/example_dags/tutorial_taskflow_api.py took 0.061 seconds
[2024-06-18T15:16:01.415+0530] {processor.py:161} INFO - Started process (PID=34808) to work on /home/kiit/airflow-env/lib/python3.8/site-packages/airflow/example_dags/tutorial_taskflow_api.py
[2024-06-18T15:16:01.415+0530] {processor.py:830} INFO - Processing file /home/kiit/airflow-env/lib/python3.8/site-packages/airflow/example_dags/tutorial_taskflow_api.py for tasks to queue
[2024-06-18T15:16:01.417+0530] {logging_mixin.py:188} INFO - [2024-06-18T15:16:01.416+0530] {dagbag.py:545} INFO - Filling up the DagBag from /home/kiit/airflow-env/lib/python3.8/site-packages/airflow/example_dags/tutorial_taskflow_api.py
[2024-06-18T15:16:01.422+0530] {processor.py:840} INFO - DAG(s) 'tutorial_taskflow_api' retrieved from /home/kiit/airflow-env/lib/python3.8/site-packages/airflow/example_dags/tutorial_taskflow_api.py
[2024-06-18T15:16:01.438+0530] {logging_mixin.py:188} INFO - [2024-06-18T15:16:01.438+0530] {dag.py:3096} INFO - Sync 1 DAGs
[2024-06-18T15:16:01.448+0530] {logging_mixin.py:188} INFO - [2024-06-18T15:16:01.448+0530] {dag.py:3954} INFO - Setting next_dagrun for tutorial_taskflow_api to None, run_after=None
[2024-06-18T15:16:01.468+0530] {processor.py:183} INFO - Processing /home/kiit/airflow-env/lib/python3.8/site-packages/airflow/example_dags/tutorial_taskflow_api.py took 0.059 seconds
[2024-06-18T15:16:32.341+0530] {processor.py:161} INFO - Started process (PID=34891) to work on /home/kiit/airflow-env/lib/python3.8/site-packages/airflow/example_dags/tutorial_taskflow_api.py
[2024-06-18T15:16:32.342+0530] {processor.py:830} INFO - Processing file /home/kiit/airflow-env/lib/python3.8/site-packages/airflow/example_dags/tutorial_taskflow_api.py for tasks to queue
[2024-06-18T15:16:32.344+0530] {logging_mixin.py:188} INFO - [2024-06-18T15:16:32.344+0530] {dagbag.py:545} INFO - Filling up the DagBag from /home/kiit/airflow-env/lib/python3.8/site-packages/airflow/example_dags/tutorial_taskflow_api.py
[2024-06-18T15:16:32.349+0530] {processor.py:840} INFO - DAG(s) 'tutorial_taskflow_api' retrieved from /home/kiit/airflow-env/lib/python3.8/site-packages/airflow/example_dags/tutorial_taskflow_api.py
[2024-06-18T15:16:32.419+0530] {logging_mixin.py:188} INFO - [2024-06-18T15:16:32.419+0530] {dag.py:3096} INFO - Sync 1 DAGs
[2024-06-18T15:16:32.426+0530] {logging_mixin.py:188} INFO - [2024-06-18T15:16:32.426+0530] {dag.py:3954} INFO - Setting next_dagrun for tutorial_taskflow_api to None, run_after=None
[2024-06-18T15:16:32.450+0530] {processor.py:183} INFO - Processing /home/kiit/airflow-env/lib/python3.8/site-packages/airflow/example_dags/tutorial_taskflow_api.py took 0.115 seconds
