[2024-06-18T13:05:55.424+0530] {processor.py:161} INFO - Started process (PID=25352) to work on /home/kiit/airflow-env/lib/python3.8/site-packages/airflow/example_dags/tutorial.py
[2024-06-18T13:05:55.424+0530] {processor.py:830} INFO - Processing file /home/kiit/airflow-env/lib/python3.8/site-packages/airflow/example_dags/tutorial.py for tasks to queue
[2024-06-18T13:05:55.426+0530] {logging_mixin.py:188} INFO - [2024-06-18T13:05:55.425+0530] {dagbag.py:545} INFO - Filling up the DagBag from /home/kiit/airflow-env/lib/python3.8/site-packages/airflow/example_dags/tutorial.py
[2024-06-18T13:05:55.432+0530] {processor.py:840} INFO - DAG(s) 'tutorial' retrieved from /home/kiit/airflow-env/lib/python3.8/site-packages/airflow/example_dags/tutorial.py
[2024-06-18T13:05:55.509+0530] {logging_mixin.py:188} INFO - [2024-06-18T13:05:55.509+0530] {dag.py:3096} INFO - Sync 1 DAGs
[2024-06-18T13:05:55.524+0530] {logging_mixin.py:188} INFO - [2024-06-18T13:05:55.524+0530] {dag.py:3954} INFO - Setting next_dagrun for tutorial to 2024-06-17 00:00:00+00:00, run_after=2024-06-18 00:00:00+00:00
[2024-06-18T13:05:55.613+0530] {processor.py:183} INFO - Processing /home/kiit/airflow-env/lib/python3.8/site-packages/airflow/example_dags/tutorial.py took 0.194 seconds
[2024-06-18T13:06:49.869+0530] {processor.py:161} INFO - Started process (PID=25432) to work on /home/kiit/airflow-env/lib/python3.8/site-packages/airflow/example_dags/tutorial.py
[2024-06-18T13:06:49.870+0530] {processor.py:830} INFO - Processing file /home/kiit/airflow-env/lib/python3.8/site-packages/airflow/example_dags/tutorial.py for tasks to queue
[2024-06-18T13:06:49.872+0530] {logging_mixin.py:188} INFO - [2024-06-18T13:06:49.871+0530] {dagbag.py:545} INFO - Filling up the DagBag from /home/kiit/airflow-env/lib/python3.8/site-packages/airflow/example_dags/tutorial.py
[2024-06-18T13:06:49.877+0530] {processor.py:840} INFO - DAG(s) 'tutorial' retrieved from /home/kiit/airflow-env/lib/python3.8/site-packages/airflow/example_dags/tutorial.py
[2024-06-18T13:06:49.894+0530] {logging_mixin.py:188} INFO - [2024-06-18T13:06:49.894+0530] {dag.py:3096} INFO - Sync 1 DAGs
[2024-06-18T13:06:49.910+0530] {logging_mixin.py:188} INFO - [2024-06-18T13:06:49.910+0530] {dag.py:3954} INFO - Setting next_dagrun for tutorial to 2024-06-17 00:00:00+00:00, run_after=2024-06-18 00:00:00+00:00
[2024-06-18T13:06:49.935+0530] {processor.py:183} INFO - Processing /home/kiit/airflow-env/lib/python3.8/site-packages/airflow/example_dags/tutorial.py took 0.074 seconds
[2024-06-18T13:07:43.294+0530] {processor.py:161} INFO - Started process (PID=25490) to work on /home/kiit/airflow-env/lib/python3.8/site-packages/airflow/example_dags/tutorial.py
[2024-06-18T13:07:43.295+0530] {processor.py:830} INFO - Processing file /home/kiit/airflow-env/lib/python3.8/site-packages/airflow/example_dags/tutorial.py for tasks to queue
[2024-06-18T13:07:43.296+0530] {logging_mixin.py:188} INFO - [2024-06-18T13:07:43.296+0530] {dagbag.py:545} INFO - Filling up the DagBag from /home/kiit/airflow-env/lib/python3.8/site-packages/airflow/example_dags/tutorial.py
[2024-06-18T13:07:43.371+0530] {processor.py:840} INFO - DAG(s) 'tutorial' retrieved from /home/kiit/airflow-env/lib/python3.8/site-packages/airflow/example_dags/tutorial.py
[2024-06-18T13:07:43.381+0530] {logging_mixin.py:188} INFO - [2024-06-18T13:07:43.380+0530] {dag.py:3096} INFO - Sync 1 DAGs
[2024-06-18T13:07:43.397+0530] {logging_mixin.py:188} INFO - [2024-06-18T13:07:43.397+0530] {dag.py:3954} INFO - Setting next_dagrun for tutorial to 2024-06-17 00:00:00+00:00, run_after=2024-06-18 00:00:00+00:00
[2024-06-18T13:07:43.421+0530] {processor.py:183} INFO - Processing /home/kiit/airflow-env/lib/python3.8/site-packages/airflow/example_dags/tutorial.py took 0.133 seconds
[2024-06-18T13:08:44.216+0530] {processor.py:161} INFO - Started process (PID=25549) to work on /home/kiit/airflow-env/lib/python3.8/site-packages/airflow/example_dags/tutorial.py
[2024-06-18T13:08:44.218+0530] {processor.py:830} INFO - Processing file /home/kiit/airflow-env/lib/python3.8/site-packages/airflow/example_dags/tutorial.py for tasks to queue
[2024-06-18T13:08:44.219+0530] {logging_mixin.py:188} INFO - [2024-06-18T13:08:44.219+0530] {dagbag.py:545} INFO - Filling up the DagBag from /home/kiit/airflow-env/lib/python3.8/site-packages/airflow/example_dags/tutorial.py
[2024-06-18T13:08:44.223+0530] {processor.py:840} INFO - DAG(s) 'tutorial' retrieved from /home/kiit/airflow-env/lib/python3.8/site-packages/airflow/example_dags/tutorial.py
[2024-06-18T13:08:44.233+0530] {logging_mixin.py:188} INFO - [2024-06-18T13:08:44.232+0530] {dag.py:3096} INFO - Sync 1 DAGs
[2024-06-18T13:08:44.245+0530] {logging_mixin.py:188} INFO - [2024-06-18T13:08:44.245+0530] {dag.py:3954} INFO - Setting next_dagrun for tutorial to 2024-06-17 00:00:00+00:00, run_after=2024-06-18 00:00:00+00:00
[2024-06-18T13:08:44.261+0530] {processor.py:183} INFO - Processing /home/kiit/airflow-env/lib/python3.8/site-packages/airflow/example_dags/tutorial.py took 0.050 seconds
[2024-06-18T13:09:20.741+0530] {processor.py:161} INFO - Started process (PID=25596) to work on /home/kiit/airflow-env/lib/python3.8/site-packages/airflow/example_dags/tutorial.py
[2024-06-18T13:09:20.748+0530] {processor.py:830} INFO - Processing file /home/kiit/airflow-env/lib/python3.8/site-packages/airflow/example_dags/tutorial.py for tasks to queue
[2024-06-18T13:09:20.749+0530] {logging_mixin.py:188} INFO - [2024-06-18T13:09:20.748+0530] {dagbag.py:545} INFO - Filling up the DagBag from /home/kiit/airflow-env/lib/python3.8/site-packages/airflow/example_dags/tutorial.py
[2024-06-18T13:09:20.753+0530] {processor.py:840} INFO - DAG(s) 'tutorial' retrieved from /home/kiit/airflow-env/lib/python3.8/site-packages/airflow/example_dags/tutorial.py
[2024-06-18T13:09:20.764+0530] {logging_mixin.py:188} INFO - [2024-06-18T13:09:20.764+0530] {dag.py:3096} INFO - Sync 1 DAGs
[2024-06-18T13:09:20.777+0530] {logging_mixin.py:188} INFO - [2024-06-18T13:09:20.777+0530] {dag.py:3954} INFO - Setting next_dagrun for tutorial to 2024-06-17 00:00:00+00:00, run_after=2024-06-18 00:00:00+00:00
[2024-06-18T13:09:20.794+0530] {processor.py:183} INFO - Processing /home/kiit/airflow-env/lib/python3.8/site-packages/airflow/example_dags/tutorial.py took 0.058 seconds
[2024-06-18T13:10:11.820+0530] {processor.py:161} INFO - Started process (PID=25654) to work on /home/kiit/airflow-env/lib/python3.8/site-packages/airflow/example_dags/tutorial.py
[2024-06-18T13:10:11.821+0530] {processor.py:830} INFO - Processing file /home/kiit/airflow-env/lib/python3.8/site-packages/airflow/example_dags/tutorial.py for tasks to queue
[2024-06-18T13:10:11.824+0530] {logging_mixin.py:188} INFO - [2024-06-18T13:10:11.823+0530] {dagbag.py:545} INFO - Filling up the DagBag from /home/kiit/airflow-env/lib/python3.8/site-packages/airflow/example_dags/tutorial.py
[2024-06-18T13:10:11.835+0530] {processor.py:840} INFO - DAG(s) 'tutorial' retrieved from /home/kiit/airflow-env/lib/python3.8/site-packages/airflow/example_dags/tutorial.py
[2024-06-18T13:10:11.860+0530] {logging_mixin.py:188} INFO - [2024-06-18T13:10:11.860+0530] {dag.py:3096} INFO - Sync 1 DAGs
[2024-06-18T13:10:11.892+0530] {logging_mixin.py:188} INFO - [2024-06-18T13:10:11.891+0530] {dag.py:3954} INFO - Setting next_dagrun for tutorial to 2024-06-17 00:00:00+00:00, run_after=2024-06-18 00:00:00+00:00
[2024-06-18T13:10:11.952+0530] {processor.py:183} INFO - Processing /home/kiit/airflow-env/lib/python3.8/site-packages/airflow/example_dags/tutorial.py took 0.149 seconds
[2024-06-18T13:11:11.098+0530] {processor.py:161} INFO - Started process (PID=25724) to work on /home/kiit/airflow-env/lib/python3.8/site-packages/airflow/example_dags/tutorial.py
[2024-06-18T13:11:11.100+0530] {processor.py:830} INFO - Processing file /home/kiit/airflow-env/lib/python3.8/site-packages/airflow/example_dags/tutorial.py for tasks to queue
[2024-06-18T13:11:11.102+0530] {logging_mixin.py:188} INFO - [2024-06-18T13:11:11.102+0530] {dagbag.py:545} INFO - Filling up the DagBag from /home/kiit/airflow-env/lib/python3.8/site-packages/airflow/example_dags/tutorial.py
[2024-06-18T13:11:11.120+0530] {processor.py:840} INFO - DAG(s) 'tutorial' retrieved from /home/kiit/airflow-env/lib/python3.8/site-packages/airflow/example_dags/tutorial.py
[2024-06-18T13:11:11.158+0530] {logging_mixin.py:188} INFO - [2024-06-18T13:11:11.158+0530] {dag.py:3096} INFO - Sync 1 DAGs
[2024-06-18T13:11:11.195+0530] {logging_mixin.py:188} INFO - [2024-06-18T13:11:11.194+0530] {dag.py:3954} INFO - Setting next_dagrun for tutorial to 2024-06-17 00:00:00+00:00, run_after=2024-06-18 00:00:00+00:00
[2024-06-18T13:11:11.224+0530] {processor.py:183} INFO - Processing /home/kiit/airflow-env/lib/python3.8/site-packages/airflow/example_dags/tutorial.py took 0.140 seconds
[2024-06-18T13:11:53.964+0530] {processor.py:161} INFO - Started process (PID=25776) to work on /home/kiit/airflow-env/lib/python3.8/site-packages/airflow/example_dags/tutorial.py
[2024-06-18T13:11:53.966+0530] {processor.py:830} INFO - Processing file /home/kiit/airflow-env/lib/python3.8/site-packages/airflow/example_dags/tutorial.py for tasks to queue
[2024-06-18T13:11:53.967+0530] {logging_mixin.py:188} INFO - [2024-06-18T13:11:53.966+0530] {dagbag.py:545} INFO - Filling up the DagBag from /home/kiit/airflow-env/lib/python3.8/site-packages/airflow/example_dags/tutorial.py
[2024-06-18T13:11:53.971+0530] {processor.py:840} INFO - DAG(s) 'tutorial' retrieved from /home/kiit/airflow-env/lib/python3.8/site-packages/airflow/example_dags/tutorial.py
[2024-06-18T13:11:53.986+0530] {logging_mixin.py:188} INFO - [2024-06-18T13:11:53.985+0530] {dag.py:3096} INFO - Sync 1 DAGs
[2024-06-18T13:11:54.005+0530] {logging_mixin.py:188} INFO - [2024-06-18T13:11:54.005+0530] {dag.py:3954} INFO - Setting next_dagrun for tutorial to 2024-06-17 00:00:00+00:00, run_after=2024-06-18 00:00:00+00:00
[2024-06-18T13:11:54.031+0530] {processor.py:183} INFO - Processing /home/kiit/airflow-env/lib/python3.8/site-packages/airflow/example_dags/tutorial.py took 0.073 seconds
[2024-06-18T13:12:36.765+0530] {processor.py:161} INFO - Started process (PID=25827) to work on /home/kiit/airflow-env/lib/python3.8/site-packages/airflow/example_dags/tutorial.py
[2024-06-18T13:12:36.766+0530] {processor.py:830} INFO - Processing file /home/kiit/airflow-env/lib/python3.8/site-packages/airflow/example_dags/tutorial.py for tasks to queue
[2024-06-18T13:12:36.767+0530] {logging_mixin.py:188} INFO - [2024-06-18T13:12:36.767+0530] {dagbag.py:545} INFO - Filling up the DagBag from /home/kiit/airflow-env/lib/python3.8/site-packages/airflow/example_dags/tutorial.py
[2024-06-18T13:12:36.771+0530] {processor.py:840} INFO - DAG(s) 'tutorial' retrieved from /home/kiit/airflow-env/lib/python3.8/site-packages/airflow/example_dags/tutorial.py
[2024-06-18T13:12:36.784+0530] {logging_mixin.py:188} INFO - [2024-06-18T13:12:36.784+0530] {dag.py:3096} INFO - Sync 1 DAGs
[2024-06-18T13:12:36.798+0530] {logging_mixin.py:188} INFO - [2024-06-18T13:12:36.798+0530] {dag.py:3954} INFO - Setting next_dagrun for tutorial to 2024-06-17 00:00:00+00:00, run_after=2024-06-18 00:00:00+00:00
[2024-06-18T13:12:36.818+0530] {processor.py:183} INFO - Processing /home/kiit/airflow-env/lib/python3.8/site-packages/airflow/example_dags/tutorial.py took 0.058 seconds
[2024-06-18T13:13:35.409+0530] {processor.py:161} INFO - Started process (PID=25895) to work on /home/kiit/airflow-env/lib/python3.8/site-packages/airflow/example_dags/tutorial.py
[2024-06-18T13:13:35.416+0530] {processor.py:830} INFO - Processing file /home/kiit/airflow-env/lib/python3.8/site-packages/airflow/example_dags/tutorial.py for tasks to queue
[2024-06-18T13:13:35.417+0530] {logging_mixin.py:188} INFO - [2024-06-18T13:13:35.417+0530] {dagbag.py:545} INFO - Filling up the DagBag from /home/kiit/airflow-env/lib/python3.8/site-packages/airflow/example_dags/tutorial.py
[2024-06-18T13:13:35.421+0530] {processor.py:840} INFO - DAG(s) 'tutorial' retrieved from /home/kiit/airflow-env/lib/python3.8/site-packages/airflow/example_dags/tutorial.py
[2024-06-18T13:13:35.431+0530] {logging_mixin.py:188} INFO - [2024-06-18T13:13:35.431+0530] {dag.py:3096} INFO - Sync 1 DAGs
[2024-06-18T13:13:35.445+0530] {logging_mixin.py:188} INFO - [2024-06-18T13:13:35.444+0530] {dag.py:3954} INFO - Setting next_dagrun for tutorial to 2024-06-17 00:00:00+00:00, run_after=2024-06-18 00:00:00+00:00
[2024-06-18T13:13:35.463+0530] {processor.py:183} INFO - Processing /home/kiit/airflow-env/lib/python3.8/site-packages/airflow/example_dags/tutorial.py took 0.058 seconds
[2024-06-18T13:14:29.829+0530] {processor.py:161} INFO - Started process (PID=25967) to work on /home/kiit/airflow-env/lib/python3.8/site-packages/airflow/example_dags/tutorial.py
[2024-06-18T13:14:29.835+0530] {processor.py:830} INFO - Processing file /home/kiit/airflow-env/lib/python3.8/site-packages/airflow/example_dags/tutorial.py for tasks to queue
[2024-06-18T13:14:29.836+0530] {logging_mixin.py:188} INFO - [2024-06-18T13:14:29.836+0530] {dagbag.py:545} INFO - Filling up the DagBag from /home/kiit/airflow-env/lib/python3.8/site-packages/airflow/example_dags/tutorial.py
[2024-06-18T13:14:29.841+0530] {processor.py:840} INFO - DAG(s) 'tutorial' retrieved from /home/kiit/airflow-env/lib/python3.8/site-packages/airflow/example_dags/tutorial.py
[2024-06-18T13:14:29.850+0530] {logging_mixin.py:188} INFO - [2024-06-18T13:14:29.850+0530] {dag.py:3096} INFO - Sync 1 DAGs
[2024-06-18T13:14:29.862+0530] {logging_mixin.py:188} INFO - [2024-06-18T13:14:29.862+0530] {dag.py:3954} INFO - Setting next_dagrun for tutorial to 2024-06-17 00:00:00+00:00, run_after=2024-06-18 00:00:00+00:00
[2024-06-18T13:14:29.879+0530] {processor.py:183} INFO - Processing /home/kiit/airflow-env/lib/python3.8/site-packages/airflow/example_dags/tutorial.py took 0.054 seconds
[2024-06-18T13:15:14.506+0530] {processor.py:161} INFO - Started process (PID=26016) to work on /home/kiit/airflow-env/lib/python3.8/site-packages/airflow/example_dags/tutorial.py
[2024-06-18T13:15:14.507+0530] {processor.py:830} INFO - Processing file /home/kiit/airflow-env/lib/python3.8/site-packages/airflow/example_dags/tutorial.py for tasks to queue
[2024-06-18T13:15:14.508+0530] {logging_mixin.py:188} INFO - [2024-06-18T13:15:14.508+0530] {dagbag.py:545} INFO - Filling up the DagBag from /home/kiit/airflow-env/lib/python3.8/site-packages/airflow/example_dags/tutorial.py
[2024-06-18T13:15:14.513+0530] {processor.py:840} INFO - DAG(s) 'tutorial' retrieved from /home/kiit/airflow-env/lib/python3.8/site-packages/airflow/example_dags/tutorial.py
[2024-06-18T13:15:14.525+0530] {logging_mixin.py:188} INFO - [2024-06-18T13:15:14.525+0530] {dag.py:3096} INFO - Sync 1 DAGs
[2024-06-18T13:15:14.539+0530] {logging_mixin.py:188} INFO - [2024-06-18T13:15:14.539+0530] {dag.py:3954} INFO - Setting next_dagrun for tutorial to 2024-06-17 00:00:00+00:00, run_after=2024-06-18 00:00:00+00:00
[2024-06-18T13:15:14.563+0530] {processor.py:183} INFO - Processing /home/kiit/airflow-env/lib/python3.8/site-packages/airflow/example_dags/tutorial.py took 0.062 seconds
[2024-06-18T13:15:56.181+0530] {processor.py:161} INFO - Started process (PID=26068) to work on /home/kiit/airflow-env/lib/python3.8/site-packages/airflow/example_dags/tutorial.py
[2024-06-18T13:15:56.182+0530] {processor.py:830} INFO - Processing file /home/kiit/airflow-env/lib/python3.8/site-packages/airflow/example_dags/tutorial.py for tasks to queue
[2024-06-18T13:15:56.184+0530] {logging_mixin.py:188} INFO - [2024-06-18T13:15:56.183+0530] {dagbag.py:545} INFO - Filling up the DagBag from /home/kiit/airflow-env/lib/python3.8/site-packages/airflow/example_dags/tutorial.py
[2024-06-18T13:15:56.190+0530] {processor.py:840} INFO - DAG(s) 'tutorial' retrieved from /home/kiit/airflow-env/lib/python3.8/site-packages/airflow/example_dags/tutorial.py
[2024-06-18T13:15:56.204+0530] {logging_mixin.py:188} INFO - [2024-06-18T13:15:56.204+0530] {dag.py:3096} INFO - Sync 1 DAGs
[2024-06-18T13:15:56.222+0530] {logging_mixin.py:188} INFO - [2024-06-18T13:15:56.222+0530] {dag.py:3954} INFO - Setting next_dagrun for tutorial to 2024-06-17 00:00:00+00:00, run_after=2024-06-18 00:00:00+00:00
[2024-06-18T13:15:56.245+0530] {processor.py:183} INFO - Processing /home/kiit/airflow-env/lib/python3.8/site-packages/airflow/example_dags/tutorial.py took 0.070 seconds
[2024-06-18T13:16:52.852+0530] {processor.py:161} INFO - Started process (PID=26134) to work on /home/kiit/airflow-env/lib/python3.8/site-packages/airflow/example_dags/tutorial.py
[2024-06-18T13:16:52.853+0530] {processor.py:830} INFO - Processing file /home/kiit/airflow-env/lib/python3.8/site-packages/airflow/example_dags/tutorial.py for tasks to queue
[2024-06-18T13:16:52.855+0530] {logging_mixin.py:188} INFO - [2024-06-18T13:16:52.855+0530] {dagbag.py:545} INFO - Filling up the DagBag from /home/kiit/airflow-env/lib/python3.8/site-packages/airflow/example_dags/tutorial.py
[2024-06-18T13:16:52.860+0530] {processor.py:840} INFO - DAG(s) 'tutorial' retrieved from /home/kiit/airflow-env/lib/python3.8/site-packages/airflow/example_dags/tutorial.py
[2024-06-18T13:16:52.873+0530] {logging_mixin.py:188} INFO - [2024-06-18T13:16:52.873+0530] {dag.py:3096} INFO - Sync 1 DAGs
[2024-06-18T13:16:52.889+0530] {logging_mixin.py:188} INFO - [2024-06-18T13:16:52.888+0530] {dag.py:3954} INFO - Setting next_dagrun for tutorial to 2024-06-17 00:00:00+00:00, run_after=2024-06-18 00:00:00+00:00
[2024-06-18T13:16:52.908+0530] {processor.py:183} INFO - Processing /home/kiit/airflow-env/lib/python3.8/site-packages/airflow/example_dags/tutorial.py took 0.062 seconds
[2024-06-18T13:17:53.675+0530] {processor.py:161} INFO - Started process (PID=26210) to work on /home/kiit/airflow-env/lib/python3.8/site-packages/airflow/example_dags/tutorial.py
[2024-06-18T13:17:53.676+0530] {processor.py:830} INFO - Processing file /home/kiit/airflow-env/lib/python3.8/site-packages/airflow/example_dags/tutorial.py for tasks to queue
[2024-06-18T13:17:53.678+0530] {logging_mixin.py:188} INFO - [2024-06-18T13:17:53.678+0530] {dagbag.py:545} INFO - Filling up the DagBag from /home/kiit/airflow-env/lib/python3.8/site-packages/airflow/example_dags/tutorial.py
[2024-06-18T13:17:53.684+0530] {processor.py:840} INFO - DAG(s) 'tutorial' retrieved from /home/kiit/airflow-env/lib/python3.8/site-packages/airflow/example_dags/tutorial.py
[2024-06-18T13:17:53.699+0530] {logging_mixin.py:188} INFO - [2024-06-18T13:17:53.698+0530] {dag.py:3096} INFO - Sync 1 DAGs
[2024-06-18T13:17:53.716+0530] {logging_mixin.py:188} INFO - [2024-06-18T13:17:53.716+0530] {dag.py:3954} INFO - Setting next_dagrun for tutorial to 2024-06-17 00:00:00+00:00, run_after=2024-06-18 00:00:00+00:00
[2024-06-18T13:17:53.736+0530] {processor.py:183} INFO - Processing /home/kiit/airflow-env/lib/python3.8/site-packages/airflow/example_dags/tutorial.py took 0.067 seconds
[2024-06-18T13:18:36.807+0530] {processor.py:161} INFO - Started process (PID=26259) to work on /home/kiit/airflow-env/lib/python3.8/site-packages/airflow/example_dags/tutorial.py
[2024-06-18T13:18:36.809+0530] {processor.py:830} INFO - Processing file /home/kiit/airflow-env/lib/python3.8/site-packages/airflow/example_dags/tutorial.py for tasks to queue
[2024-06-18T13:18:36.812+0530] {logging_mixin.py:188} INFO - [2024-06-18T13:18:36.811+0530] {dagbag.py:545} INFO - Filling up the DagBag from /home/kiit/airflow-env/lib/python3.8/site-packages/airflow/example_dags/tutorial.py
[2024-06-18T13:18:36.825+0530] {processor.py:840} INFO - DAG(s) 'tutorial' retrieved from /home/kiit/airflow-env/lib/python3.8/site-packages/airflow/example_dags/tutorial.py
[2024-06-18T13:18:36.846+0530] {logging_mixin.py:188} INFO - [2024-06-18T13:18:36.846+0530] {dag.py:3096} INFO - Sync 1 DAGs
[2024-06-18T13:18:36.883+0530] {logging_mixin.py:188} INFO - [2024-06-18T13:18:36.883+0530] {dag.py:3954} INFO - Setting next_dagrun for tutorial to 2024-06-17 00:00:00+00:00, run_after=2024-06-18 00:00:00+00:00
[2024-06-18T13:18:36.933+0530] {processor.py:183} INFO - Processing /home/kiit/airflow-env/lib/python3.8/site-packages/airflow/example_dags/tutorial.py took 0.133 seconds
[2024-06-18T13:19:19.089+0530] {processor.py:161} INFO - Started process (PID=26310) to work on /home/kiit/airflow-env/lib/python3.8/site-packages/airflow/example_dags/tutorial.py
[2024-06-18T13:19:19.089+0530] {processor.py:830} INFO - Processing file /home/kiit/airflow-env/lib/python3.8/site-packages/airflow/example_dags/tutorial.py for tasks to queue
[2024-06-18T13:19:19.090+0530] {logging_mixin.py:188} INFO - [2024-06-18T13:19:19.090+0530] {dagbag.py:545} INFO - Filling up the DagBag from /home/kiit/airflow-env/lib/python3.8/site-packages/airflow/example_dags/tutorial.py
[2024-06-18T13:19:19.094+0530] {processor.py:840} INFO - DAG(s) 'tutorial' retrieved from /home/kiit/airflow-env/lib/python3.8/site-packages/airflow/example_dags/tutorial.py
[2024-06-18T13:19:19.107+0530] {logging_mixin.py:188} INFO - [2024-06-18T13:19:19.107+0530] {dag.py:3096} INFO - Sync 1 DAGs
[2024-06-18T13:19:19.118+0530] {logging_mixin.py:188} INFO - [2024-06-18T13:19:19.117+0530] {dag.py:3954} INFO - Setting next_dagrun for tutorial to 2024-06-17 00:00:00+00:00, run_after=2024-06-18 00:00:00+00:00
[2024-06-18T13:19:19.134+0530] {processor.py:183} INFO - Processing /home/kiit/airflow-env/lib/python3.8/site-packages/airflow/example_dags/tutorial.py took 0.050 seconds
[2024-06-18T13:20:15.440+0530] {processor.py:161} INFO - Started process (PID=26376) to work on /home/kiit/airflow-env/lib/python3.8/site-packages/airflow/example_dags/tutorial.py
[2024-06-18T13:20:15.442+0530] {processor.py:830} INFO - Processing file /home/kiit/airflow-env/lib/python3.8/site-packages/airflow/example_dags/tutorial.py for tasks to queue
[2024-06-18T13:20:15.444+0530] {logging_mixin.py:188} INFO - [2024-06-18T13:20:15.443+0530] {dagbag.py:545} INFO - Filling up the DagBag from /home/kiit/airflow-env/lib/python3.8/site-packages/airflow/example_dags/tutorial.py
[2024-06-18T13:20:15.448+0530] {processor.py:840} INFO - DAG(s) 'tutorial' retrieved from /home/kiit/airflow-env/lib/python3.8/site-packages/airflow/example_dags/tutorial.py
[2024-06-18T13:20:15.461+0530] {logging_mixin.py:188} INFO - [2024-06-18T13:20:15.461+0530] {dag.py:3096} INFO - Sync 1 DAGs
[2024-06-18T13:20:15.475+0530] {logging_mixin.py:188} INFO - [2024-06-18T13:20:15.475+0530] {dag.py:3954} INFO - Setting next_dagrun for tutorial to 2024-06-17 00:00:00+00:00, run_after=2024-06-18 00:00:00+00:00
[2024-06-18T13:20:15.497+0530] {processor.py:183} INFO - Processing /home/kiit/airflow-env/lib/python3.8/site-packages/airflow/example_dags/tutorial.py took 0.062 seconds
[2024-06-18T13:21:14.586+0530] {processor.py:161} INFO - Started process (PID=26451) to work on /home/kiit/airflow-env/lib/python3.8/site-packages/airflow/example_dags/tutorial.py
[2024-06-18T13:21:14.587+0530] {processor.py:830} INFO - Processing file /home/kiit/airflow-env/lib/python3.8/site-packages/airflow/example_dags/tutorial.py for tasks to queue
[2024-06-18T13:21:14.589+0530] {logging_mixin.py:188} INFO - [2024-06-18T13:21:14.588+0530] {dagbag.py:545} INFO - Filling up the DagBag from /home/kiit/airflow-env/lib/python3.8/site-packages/airflow/example_dags/tutorial.py
[2024-06-18T13:21:14.593+0530] {processor.py:840} INFO - DAG(s) 'tutorial' retrieved from /home/kiit/airflow-env/lib/python3.8/site-packages/airflow/example_dags/tutorial.py
[2024-06-18T13:21:14.604+0530] {logging_mixin.py:188} INFO - [2024-06-18T13:21:14.604+0530] {dag.py:3096} INFO - Sync 1 DAGs
[2024-06-18T13:21:14.619+0530] {logging_mixin.py:188} INFO - [2024-06-18T13:21:14.619+0530] {dag.py:3954} INFO - Setting next_dagrun for tutorial to 2024-06-17 00:00:00+00:00, run_after=2024-06-18 00:00:00+00:00
[2024-06-18T13:21:14.639+0530] {processor.py:183} INFO - Processing /home/kiit/airflow-env/lib/python3.8/site-packages/airflow/example_dags/tutorial.py took 0.058 seconds
[2024-06-18T13:22:11.426+0530] {processor.py:161} INFO - Started process (PID=26517) to work on /home/kiit/airflow-env/lib/python3.8/site-packages/airflow/example_dags/tutorial.py
[2024-06-18T13:22:11.427+0530] {processor.py:830} INFO - Processing file /home/kiit/airflow-env/lib/python3.8/site-packages/airflow/example_dags/tutorial.py for tasks to queue
[2024-06-18T13:22:11.429+0530] {logging_mixin.py:188} INFO - [2024-06-18T13:22:11.428+0530] {dagbag.py:545} INFO - Filling up the DagBag from /home/kiit/airflow-env/lib/python3.8/site-packages/airflow/example_dags/tutorial.py
[2024-06-18T13:22:11.434+0530] {processor.py:840} INFO - DAG(s) 'tutorial' retrieved from /home/kiit/airflow-env/lib/python3.8/site-packages/airflow/example_dags/tutorial.py
[2024-06-18T13:22:11.446+0530] {logging_mixin.py:188} INFO - [2024-06-18T13:22:11.446+0530] {dag.py:3096} INFO - Sync 1 DAGs
[2024-06-18T13:22:11.462+0530] {logging_mixin.py:188} INFO - [2024-06-18T13:22:11.462+0530] {dag.py:3954} INFO - Setting next_dagrun for tutorial to 2024-06-17 00:00:00+00:00, run_after=2024-06-18 00:00:00+00:00
[2024-06-18T13:22:11.482+0530] {processor.py:183} INFO - Processing /home/kiit/airflow-env/lib/python3.8/site-packages/airflow/example_dags/tutorial.py took 0.060 seconds
[2024-06-18T13:23:06.140+0530] {processor.py:161} INFO - Started process (PID=26589) to work on /home/kiit/airflow-env/lib/python3.8/site-packages/airflow/example_dags/tutorial.py
[2024-06-18T13:23:06.141+0530] {processor.py:830} INFO - Processing file /home/kiit/airflow-env/lib/python3.8/site-packages/airflow/example_dags/tutorial.py for tasks to queue
[2024-06-18T13:23:06.143+0530] {logging_mixin.py:188} INFO - [2024-06-18T13:23:06.142+0530] {dagbag.py:545} INFO - Filling up the DagBag from /home/kiit/airflow-env/lib/python3.8/site-packages/airflow/example_dags/tutorial.py
[2024-06-18T13:23:06.148+0530] {processor.py:840} INFO - DAG(s) 'tutorial' retrieved from /home/kiit/airflow-env/lib/python3.8/site-packages/airflow/example_dags/tutorial.py
[2024-06-18T13:23:06.162+0530] {logging_mixin.py:188} INFO - [2024-06-18T13:23:06.161+0530] {dag.py:3096} INFO - Sync 1 DAGs
[2024-06-18T13:23:06.179+0530] {logging_mixin.py:188} INFO - [2024-06-18T13:23:06.178+0530] {dag.py:3954} INFO - Setting next_dagrun for tutorial to 2024-06-17 00:00:00+00:00, run_after=2024-06-18 00:00:00+00:00
[2024-06-18T13:23:06.200+0530] {processor.py:183} INFO - Processing /home/kiit/airflow-env/lib/python3.8/site-packages/airflow/example_dags/tutorial.py took 0.066 seconds
[2024-06-18T13:24:04.833+0530] {processor.py:161} INFO - Started process (PID=26657) to work on /home/kiit/airflow-env/lib/python3.8/site-packages/airflow/example_dags/tutorial.py
[2024-06-18T13:24:04.835+0530] {processor.py:830} INFO - Processing file /home/kiit/airflow-env/lib/python3.8/site-packages/airflow/example_dags/tutorial.py for tasks to queue
[2024-06-18T13:24:04.836+0530] {logging_mixin.py:188} INFO - [2024-06-18T13:24:04.836+0530] {dagbag.py:545} INFO - Filling up the DagBag from /home/kiit/airflow-env/lib/python3.8/site-packages/airflow/example_dags/tutorial.py
[2024-06-18T13:24:04.840+0530] {processor.py:840} INFO - DAG(s) 'tutorial' retrieved from /home/kiit/airflow-env/lib/python3.8/site-packages/airflow/example_dags/tutorial.py
[2024-06-18T13:24:04.850+0530] {logging_mixin.py:188} INFO - [2024-06-18T13:24:04.850+0530] {dag.py:3096} INFO - Sync 1 DAGs
[2024-06-18T13:24:04.862+0530] {logging_mixin.py:188} INFO - [2024-06-18T13:24:04.862+0530] {dag.py:3954} INFO - Setting next_dagrun for tutorial to 2024-06-17 00:00:00+00:00, run_after=2024-06-18 00:00:00+00:00
[2024-06-18T13:24:04.880+0530] {processor.py:183} INFO - Processing /home/kiit/airflow-env/lib/python3.8/site-packages/airflow/example_dags/tutorial.py took 0.050 seconds
[2024-06-18T13:25:04.921+0530] {processor.py:161} INFO - Started process (PID=26737) to work on /home/kiit/airflow-env/lib/python3.8/site-packages/airflow/example_dags/tutorial.py
[2024-06-18T13:25:04.922+0530] {processor.py:830} INFO - Processing file /home/kiit/airflow-env/lib/python3.8/site-packages/airflow/example_dags/tutorial.py for tasks to queue
[2024-06-18T13:25:04.924+0530] {logging_mixin.py:188} INFO - [2024-06-18T13:25:04.923+0530] {dagbag.py:545} INFO - Filling up the DagBag from /home/kiit/airflow-env/lib/python3.8/site-packages/airflow/example_dags/tutorial.py
[2024-06-18T13:25:04.928+0530] {processor.py:840} INFO - DAG(s) 'tutorial' retrieved from /home/kiit/airflow-env/lib/python3.8/site-packages/airflow/example_dags/tutorial.py
[2024-06-18T13:25:04.941+0530] {logging_mixin.py:188} INFO - [2024-06-18T13:25:04.941+0530] {dag.py:3096} INFO - Sync 1 DAGs
[2024-06-18T13:25:04.957+0530] {logging_mixin.py:188} INFO - [2024-06-18T13:25:04.957+0530] {dag.py:3954} INFO - Setting next_dagrun for tutorial to 2024-06-17 00:00:00+00:00, run_after=2024-06-18 00:00:00+00:00
[2024-06-18T13:25:04.975+0530] {processor.py:183} INFO - Processing /home/kiit/airflow-env/lib/python3.8/site-packages/airflow/example_dags/tutorial.py took 0.059 seconds
[2024-06-18T13:26:00.365+0530] {processor.py:161} INFO - Started process (PID=26802) to work on /home/kiit/airflow-env/lib/python3.8/site-packages/airflow/example_dags/tutorial.py
[2024-06-18T13:26:00.366+0530] {processor.py:830} INFO - Processing file /home/kiit/airflow-env/lib/python3.8/site-packages/airflow/example_dags/tutorial.py for tasks to queue
[2024-06-18T13:26:00.367+0530] {logging_mixin.py:188} INFO - [2024-06-18T13:26:00.367+0530] {dagbag.py:545} INFO - Filling up the DagBag from /home/kiit/airflow-env/lib/python3.8/site-packages/airflow/example_dags/tutorial.py
[2024-06-18T13:26:00.372+0530] {processor.py:840} INFO - DAG(s) 'tutorial' retrieved from /home/kiit/airflow-env/lib/python3.8/site-packages/airflow/example_dags/tutorial.py
[2024-06-18T13:26:00.387+0530] {logging_mixin.py:188} INFO - [2024-06-18T13:26:00.386+0530] {dag.py:3096} INFO - Sync 1 DAGs
[2024-06-18T13:26:00.400+0530] {logging_mixin.py:188} INFO - [2024-06-18T13:26:00.400+0530] {dag.py:3954} INFO - Setting next_dagrun for tutorial to 2024-06-17 00:00:00+00:00, run_after=2024-06-18 00:00:00+00:00
[2024-06-18T13:26:00.419+0530] {processor.py:183} INFO - Processing /home/kiit/airflow-env/lib/python3.8/site-packages/airflow/example_dags/tutorial.py took 0.059 seconds
[2024-06-18T13:27:08.868+0530] {processor.py:161} INFO - Started process (PID=26878) to work on /home/kiit/airflow-env/lib/python3.8/site-packages/airflow/example_dags/tutorial.py
[2024-06-18T13:27:08.869+0530] {processor.py:830} INFO - Processing file /home/kiit/airflow-env/lib/python3.8/site-packages/airflow/example_dags/tutorial.py for tasks to queue
[2024-06-18T13:27:08.870+0530] {logging_mixin.py:188} INFO - [2024-06-18T13:27:08.870+0530] {dagbag.py:545} INFO - Filling up the DagBag from /home/kiit/airflow-env/lib/python3.8/site-packages/airflow/example_dags/tutorial.py
[2024-06-18T13:27:08.874+0530] {processor.py:840} INFO - DAG(s) 'tutorial' retrieved from /home/kiit/airflow-env/lib/python3.8/site-packages/airflow/example_dags/tutorial.py
[2024-06-18T13:27:08.884+0530] {logging_mixin.py:188} INFO - [2024-06-18T13:27:08.884+0530] {dag.py:3096} INFO - Sync 1 DAGs
[2024-06-18T13:27:08.897+0530] {logging_mixin.py:188} INFO - [2024-06-18T13:27:08.896+0530] {dag.py:3954} INFO - Setting next_dagrun for tutorial to 2024-06-17 00:00:00+00:00, run_after=2024-06-18 00:00:00+00:00
[2024-06-18T13:27:08.915+0530] {processor.py:183} INFO - Processing /home/kiit/airflow-env/lib/python3.8/site-packages/airflow/example_dags/tutorial.py took 0.051 seconds
[2024-06-18T13:28:07.714+0530] {processor.py:161} INFO - Started process (PID=26934) to work on /home/kiit/airflow-env/lib/python3.8/site-packages/airflow/example_dags/tutorial.py
[2024-06-18T13:28:07.718+0530] {processor.py:830} INFO - Processing file /home/kiit/airflow-env/lib/python3.8/site-packages/airflow/example_dags/tutorial.py for tasks to queue
[2024-06-18T13:28:07.723+0530] {logging_mixin.py:188} INFO - [2024-06-18T13:28:07.722+0530] {dagbag.py:545} INFO - Filling up the DagBag from /home/kiit/airflow-env/lib/python3.8/site-packages/airflow/example_dags/tutorial.py
[2024-06-18T13:28:07.740+0530] {processor.py:840} INFO - DAG(s) 'tutorial' retrieved from /home/kiit/airflow-env/lib/python3.8/site-packages/airflow/example_dags/tutorial.py
[2024-06-18T13:28:07.791+0530] {logging_mixin.py:188} INFO - [2024-06-18T13:28:07.790+0530] {dag.py:3096} INFO - Sync 1 DAGs
[2024-06-18T13:28:07.852+0530] {logging_mixin.py:188} INFO - [2024-06-18T13:28:07.852+0530] {dag.py:3954} INFO - Setting next_dagrun for tutorial to 2024-06-17 00:00:00+00:00, run_after=2024-06-18 00:00:00+00:00
[2024-06-18T13:28:07.925+0530] {processor.py:183} INFO - Processing /home/kiit/airflow-env/lib/python3.8/site-packages/airflow/example_dags/tutorial.py took 0.233 seconds
[2024-06-18T13:29:28.879+0530] {processor.py:161} INFO - Started process (PID=27011) to work on /home/kiit/airflow-env/lib/python3.8/site-packages/airflow/example_dags/tutorial.py
[2024-06-18T13:29:28.880+0530] {processor.py:830} INFO - Processing file /home/kiit/airflow-env/lib/python3.8/site-packages/airflow/example_dags/tutorial.py for tasks to queue
[2024-06-18T13:29:28.882+0530] {logging_mixin.py:188} INFO - [2024-06-18T13:29:28.881+0530] {dagbag.py:545} INFO - Filling up the DagBag from /home/kiit/airflow-env/lib/python3.8/site-packages/airflow/example_dags/tutorial.py
[2024-06-18T13:29:28.891+0530] {processor.py:840} INFO - DAG(s) 'tutorial' retrieved from /home/kiit/airflow-env/lib/python3.8/site-packages/airflow/example_dags/tutorial.py
[2024-06-18T13:29:28.914+0530] {logging_mixin.py:188} INFO - [2024-06-18T13:29:28.914+0530] {dag.py:3096} INFO - Sync 1 DAGs
[2024-06-18T13:29:28.942+0530] {logging_mixin.py:188} INFO - [2024-06-18T13:29:28.942+0530] {dag.py:3954} INFO - Setting next_dagrun for tutorial to 2024-06-17 00:00:00+00:00, run_after=2024-06-18 00:00:00+00:00
[2024-06-18T13:29:28.971+0530] {processor.py:183} INFO - Processing /home/kiit/airflow-env/lib/python3.8/site-packages/airflow/example_dags/tutorial.py took 0.100 seconds
[2024-06-18T13:30:22.795+0530] {processor.py:161} INFO - Started process (PID=27077) to work on /home/kiit/airflow-env/lib/python3.8/site-packages/airflow/example_dags/tutorial.py
[2024-06-18T13:30:22.797+0530] {processor.py:830} INFO - Processing file /home/kiit/airflow-env/lib/python3.8/site-packages/airflow/example_dags/tutorial.py for tasks to queue
[2024-06-18T13:30:22.798+0530] {logging_mixin.py:188} INFO - [2024-06-18T13:30:22.798+0530] {dagbag.py:545} INFO - Filling up the DagBag from /home/kiit/airflow-env/lib/python3.8/site-packages/airflow/example_dags/tutorial.py
[2024-06-18T13:30:22.805+0530] {processor.py:840} INFO - DAG(s) 'tutorial' retrieved from /home/kiit/airflow-env/lib/python3.8/site-packages/airflow/example_dags/tutorial.py
[2024-06-18T13:30:22.819+0530] {logging_mixin.py:188} INFO - [2024-06-18T13:30:22.819+0530] {dag.py:3096} INFO - Sync 1 DAGs
[2024-06-18T13:30:22.834+0530] {logging_mixin.py:188} INFO - [2024-06-18T13:30:22.834+0530] {dag.py:3954} INFO - Setting next_dagrun for tutorial to 2024-06-17 00:00:00+00:00, run_after=2024-06-18 00:00:00+00:00
[2024-06-18T13:30:22.854+0530] {processor.py:183} INFO - Processing /home/kiit/airflow-env/lib/python3.8/site-packages/airflow/example_dags/tutorial.py took 0.067 seconds
[2024-06-18T13:31:27.395+0530] {processor.py:161} INFO - Started process (PID=27155) to work on /home/kiit/airflow-env/lib/python3.8/site-packages/airflow/example_dags/tutorial.py
[2024-06-18T13:31:27.403+0530] {processor.py:830} INFO - Processing file /home/kiit/airflow-env/lib/python3.8/site-packages/airflow/example_dags/tutorial.py for tasks to queue
[2024-06-18T13:31:27.404+0530] {logging_mixin.py:188} INFO - [2024-06-18T13:31:27.404+0530] {dagbag.py:545} INFO - Filling up the DagBag from /home/kiit/airflow-env/lib/python3.8/site-packages/airflow/example_dags/tutorial.py
[2024-06-18T13:31:27.409+0530] {processor.py:840} INFO - DAG(s) 'tutorial' retrieved from /home/kiit/airflow-env/lib/python3.8/site-packages/airflow/example_dags/tutorial.py
[2024-06-18T13:31:27.419+0530] {logging_mixin.py:188} INFO - [2024-06-18T13:31:27.419+0530] {dag.py:3096} INFO - Sync 1 DAGs
[2024-06-18T13:31:27.435+0530] {logging_mixin.py:188} INFO - [2024-06-18T13:31:27.435+0530] {dag.py:3954} INFO - Setting next_dagrun for tutorial to 2024-06-17 00:00:00+00:00, run_after=2024-06-18 00:00:00+00:00
[2024-06-18T13:31:27.455+0530] {processor.py:183} INFO - Processing /home/kiit/airflow-env/lib/python3.8/site-packages/airflow/example_dags/tutorial.py took 0.067 seconds
[2024-06-18T13:32:17.647+0530] {processor.py:161} INFO - Started process (PID=27576) to work on /home/kiit/airflow-env/lib/python3.8/site-packages/airflow/example_dags/tutorial.py
[2024-06-18T13:32:17.648+0530] {processor.py:830} INFO - Processing file /home/kiit/airflow-env/lib/python3.8/site-packages/airflow/example_dags/tutorial.py for tasks to queue
[2024-06-18T13:32:17.649+0530] {logging_mixin.py:188} INFO - [2024-06-18T13:32:17.649+0530] {dagbag.py:545} INFO - Filling up the DagBag from /home/kiit/airflow-env/lib/python3.8/site-packages/airflow/example_dags/tutorial.py
[2024-06-18T13:32:17.655+0530] {processor.py:840} INFO - DAG(s) 'tutorial' retrieved from /home/kiit/airflow-env/lib/python3.8/site-packages/airflow/example_dags/tutorial.py
[2024-06-18T13:32:17.667+0530] {logging_mixin.py:188} INFO - [2024-06-18T13:32:17.666+0530] {dag.py:3096} INFO - Sync 1 DAGs
[2024-06-18T13:32:17.686+0530] {logging_mixin.py:188} INFO - [2024-06-18T13:32:17.686+0530] {dag.py:3954} INFO - Setting next_dagrun for tutorial to 2024-06-17 00:00:00+00:00, run_after=2024-06-18 00:00:00+00:00
[2024-06-18T13:32:17.708+0530] {processor.py:183} INFO - Processing /home/kiit/airflow-env/lib/python3.8/site-packages/airflow/example_dags/tutorial.py took 0.067 seconds
[2024-06-18T13:33:03.639+0530] {processor.py:161} INFO - Started process (PID=28202) to work on /home/kiit/airflow-env/lib/python3.8/site-packages/airflow/example_dags/tutorial.py
[2024-06-18T13:33:03.640+0530] {processor.py:830} INFO - Processing file /home/kiit/airflow-env/lib/python3.8/site-packages/airflow/example_dags/tutorial.py for tasks to queue
[2024-06-18T13:33:03.642+0530] {logging_mixin.py:188} INFO - [2024-06-18T13:33:03.642+0530] {dagbag.py:545} INFO - Filling up the DagBag from /home/kiit/airflow-env/lib/python3.8/site-packages/airflow/example_dags/tutorial.py
[2024-06-18T13:33:03.647+0530] {processor.py:840} INFO - DAG(s) 'tutorial' retrieved from /home/kiit/airflow-env/lib/python3.8/site-packages/airflow/example_dags/tutorial.py
[2024-06-18T13:33:03.665+0530] {logging_mixin.py:188} INFO - [2024-06-18T13:33:03.665+0530] {dag.py:3096} INFO - Sync 1 DAGs
[2024-06-18T13:33:03.684+0530] {logging_mixin.py:188} INFO - [2024-06-18T13:33:03.684+0530] {dag.py:3954} INFO - Setting next_dagrun for tutorial to 2024-06-17 00:00:00+00:00, run_after=2024-06-18 00:00:00+00:00
[2024-06-18T13:33:03.709+0530] {processor.py:183} INFO - Processing /home/kiit/airflow-env/lib/python3.8/site-packages/airflow/example_dags/tutorial.py took 0.075 seconds
[2024-06-18T13:33:46.714+0530] {processor.py:161} INFO - Started process (PID=30232) to work on /home/kiit/airflow-env/lib/python3.8/site-packages/airflow/example_dags/tutorial.py
[2024-06-18T13:33:46.720+0530] {processor.py:830} INFO - Processing file /home/kiit/airflow-env/lib/python3.8/site-packages/airflow/example_dags/tutorial.py for tasks to queue
[2024-06-18T13:33:46.722+0530] {logging_mixin.py:188} INFO - [2024-06-18T13:33:46.721+0530] {dagbag.py:545} INFO - Filling up the DagBag from /home/kiit/airflow-env/lib/python3.8/site-packages/airflow/example_dags/tutorial.py
[2024-06-18T13:33:46.726+0530] {processor.py:840} INFO - DAG(s) 'tutorial' retrieved from /home/kiit/airflow-env/lib/python3.8/site-packages/airflow/example_dags/tutorial.py
[2024-06-18T13:33:46.737+0530] {logging_mixin.py:188} INFO - [2024-06-18T13:33:46.737+0530] {dag.py:3096} INFO - Sync 1 DAGs
[2024-06-18T13:33:46.753+0530] {logging_mixin.py:188} INFO - [2024-06-18T13:33:46.753+0530] {dag.py:3954} INFO - Setting next_dagrun for tutorial to 2024-06-17 00:00:00+00:00, run_after=2024-06-18 00:00:00+00:00
[2024-06-18T13:33:46.774+0530] {processor.py:183} INFO - Processing /home/kiit/airflow-env/lib/python3.8/site-packages/airflow/example_dags/tutorial.py took 0.071 seconds
[2024-06-18T13:34:45.683+0530] {processor.py:161} INFO - Started process (PID=30474) to work on /home/kiit/airflow-env/lib/python3.8/site-packages/airflow/example_dags/tutorial.py
[2024-06-18T13:34:45.689+0530] {processor.py:830} INFO - Processing file /home/kiit/airflow-env/lib/python3.8/site-packages/airflow/example_dags/tutorial.py for tasks to queue
[2024-06-18T13:34:45.691+0530] {logging_mixin.py:188} INFO - [2024-06-18T13:34:45.691+0530] {dagbag.py:545} INFO - Filling up the DagBag from /home/kiit/airflow-env/lib/python3.8/site-packages/airflow/example_dags/tutorial.py
[2024-06-18T13:34:45.697+0530] {processor.py:840} INFO - DAG(s) 'tutorial' retrieved from /home/kiit/airflow-env/lib/python3.8/site-packages/airflow/example_dags/tutorial.py
[2024-06-18T13:34:45.712+0530] {logging_mixin.py:188} INFO - [2024-06-18T13:34:45.711+0530] {dag.py:3096} INFO - Sync 1 DAGs
[2024-06-18T13:34:45.725+0530] {logging_mixin.py:188} INFO - [2024-06-18T13:34:45.725+0530] {dag.py:3954} INFO - Setting next_dagrun for tutorial to 2024-06-17 00:00:00+00:00, run_after=2024-06-18 00:00:00+00:00
[2024-06-18T13:34:45.744+0530] {processor.py:183} INFO - Processing /home/kiit/airflow-env/lib/python3.8/site-packages/airflow/example_dags/tutorial.py took 0.065 seconds
[2024-06-18T13:35:47.619+0530] {processor.py:161} INFO - Started process (PID=30549) to work on /home/kiit/airflow-env/lib/python3.8/site-packages/airflow/example_dags/tutorial.py
[2024-06-18T13:35:47.620+0530] {processor.py:830} INFO - Processing file /home/kiit/airflow-env/lib/python3.8/site-packages/airflow/example_dags/tutorial.py for tasks to queue
[2024-06-18T13:35:47.622+0530] {logging_mixin.py:188} INFO - [2024-06-18T13:35:47.621+0530] {dagbag.py:545} INFO - Filling up the DagBag from /home/kiit/airflow-env/lib/python3.8/site-packages/airflow/example_dags/tutorial.py
[2024-06-18T13:35:47.628+0530] {processor.py:840} INFO - DAG(s) 'tutorial' retrieved from /home/kiit/airflow-env/lib/python3.8/site-packages/airflow/example_dags/tutorial.py
[2024-06-18T13:35:47.641+0530] {logging_mixin.py:188} INFO - [2024-06-18T13:35:47.641+0530] {dag.py:3096} INFO - Sync 1 DAGs
[2024-06-18T13:35:47.663+0530] {logging_mixin.py:188} INFO - [2024-06-18T13:35:47.662+0530] {dag.py:3954} INFO - Setting next_dagrun for tutorial to 2024-06-17 00:00:00+00:00, run_after=2024-06-18 00:00:00+00:00
[2024-06-18T13:35:47.685+0530] {processor.py:183} INFO - Processing /home/kiit/airflow-env/lib/python3.8/site-packages/airflow/example_dags/tutorial.py took 0.071 seconds
[2024-06-18T13:36:30.672+0530] {processor.py:161} INFO - Started process (PID=30600) to work on /home/kiit/airflow-env/lib/python3.8/site-packages/airflow/example_dags/tutorial.py
[2024-06-18T13:36:30.674+0530] {processor.py:830} INFO - Processing file /home/kiit/airflow-env/lib/python3.8/site-packages/airflow/example_dags/tutorial.py for tasks to queue
[2024-06-18T13:36:30.676+0530] {logging_mixin.py:188} INFO - [2024-06-18T13:36:30.675+0530] {dagbag.py:545} INFO - Filling up the DagBag from /home/kiit/airflow-env/lib/python3.8/site-packages/airflow/example_dags/tutorial.py
[2024-06-18T13:36:30.683+0530] {processor.py:840} INFO - DAG(s) 'tutorial' retrieved from /home/kiit/airflow-env/lib/python3.8/site-packages/airflow/example_dags/tutorial.py
[2024-06-18T13:36:30.702+0530] {logging_mixin.py:188} INFO - [2024-06-18T13:36:30.702+0530] {dag.py:3096} INFO - Sync 1 DAGs
[2024-06-18T13:36:30.716+0530] {logging_mixin.py:188} INFO - [2024-06-18T13:36:30.716+0530] {dag.py:3954} INFO - Setting next_dagrun for tutorial to 2024-06-17 00:00:00+00:00, run_after=2024-06-18 00:00:00+00:00
[2024-06-18T13:36:30.733+0530] {processor.py:183} INFO - Processing /home/kiit/airflow-env/lib/python3.8/site-packages/airflow/example_dags/tutorial.py took 0.067 seconds
[2024-06-18T13:37:11.857+0530] {processor.py:161} INFO - Started process (PID=30649) to work on /home/kiit/airflow-env/lib/python3.8/site-packages/airflow/example_dags/tutorial.py
[2024-06-18T13:37:11.859+0530] {processor.py:830} INFO - Processing file /home/kiit/airflow-env/lib/python3.8/site-packages/airflow/example_dags/tutorial.py for tasks to queue
[2024-06-18T13:37:11.861+0530] {logging_mixin.py:188} INFO - [2024-06-18T13:37:11.861+0530] {dagbag.py:545} INFO - Filling up the DagBag from /home/kiit/airflow-env/lib/python3.8/site-packages/airflow/example_dags/tutorial.py
[2024-06-18T13:37:11.867+0530] {processor.py:840} INFO - DAG(s) 'tutorial' retrieved from /home/kiit/airflow-env/lib/python3.8/site-packages/airflow/example_dags/tutorial.py
[2024-06-18T13:37:11.882+0530] {logging_mixin.py:188} INFO - [2024-06-18T13:37:11.882+0530] {dag.py:3096} INFO - Sync 1 DAGs
[2024-06-18T13:37:11.899+0530] {logging_mixin.py:188} INFO - [2024-06-18T13:37:11.899+0530] {dag.py:3954} INFO - Setting next_dagrun for tutorial to 2024-06-17 00:00:00+00:00, run_after=2024-06-18 00:00:00+00:00
[2024-06-18T13:37:11.921+0530] {processor.py:183} INFO - Processing /home/kiit/airflow-env/lib/python3.8/site-packages/airflow/example_dags/tutorial.py took 0.068 seconds
[2024-06-18T13:37:58.040+0530] {processor.py:161} INFO - Started process (PID=30700) to work on /home/kiit/airflow-env/lib/python3.8/site-packages/airflow/example_dags/tutorial.py
[2024-06-18T13:37:58.042+0530] {processor.py:830} INFO - Processing file /home/kiit/airflow-env/lib/python3.8/site-packages/airflow/example_dags/tutorial.py for tasks to queue
[2024-06-18T13:37:58.044+0530] {logging_mixin.py:188} INFO - [2024-06-18T13:37:58.044+0530] {dagbag.py:545} INFO - Filling up the DagBag from /home/kiit/airflow-env/lib/python3.8/site-packages/airflow/example_dags/tutorial.py
[2024-06-18T13:37:58.055+0530] {processor.py:840} INFO - DAG(s) 'tutorial' retrieved from /home/kiit/airflow-env/lib/python3.8/site-packages/airflow/example_dags/tutorial.py
[2024-06-18T13:37:58.072+0530] {logging_mixin.py:188} INFO - [2024-06-18T13:37:58.072+0530] {dag.py:3096} INFO - Sync 1 DAGs
[2024-06-18T13:37:58.091+0530] {logging_mixin.py:188} INFO - [2024-06-18T13:37:58.091+0530] {dag.py:3954} INFO - Setting next_dagrun for tutorial to 2024-06-17 00:00:00+00:00, run_after=2024-06-18 00:00:00+00:00
[2024-06-18T13:37:58.120+0530] {processor.py:183} INFO - Processing /home/kiit/airflow-env/lib/python3.8/site-packages/airflow/example_dags/tutorial.py took 0.090 seconds
[2024-06-18T13:38:52.098+0530] {processor.py:161} INFO - Started process (PID=30756) to work on /home/kiit/airflow-env/lib/python3.8/site-packages/airflow/example_dags/tutorial.py
[2024-06-18T13:38:52.099+0530] {processor.py:830} INFO - Processing file /home/kiit/airflow-env/lib/python3.8/site-packages/airflow/example_dags/tutorial.py for tasks to queue
[2024-06-18T13:38:52.101+0530] {logging_mixin.py:188} INFO - [2024-06-18T13:38:52.101+0530] {dagbag.py:545} INFO - Filling up the DagBag from /home/kiit/airflow-env/lib/python3.8/site-packages/airflow/example_dags/tutorial.py
[2024-06-18T13:38:52.106+0530] {processor.py:840} INFO - DAG(s) 'tutorial' retrieved from /home/kiit/airflow-env/lib/python3.8/site-packages/airflow/example_dags/tutorial.py
[2024-06-18T13:38:52.120+0530] {logging_mixin.py:188} INFO - [2024-06-18T13:38:52.120+0530] {dag.py:3096} INFO - Sync 1 DAGs
[2024-06-18T13:38:52.136+0530] {logging_mixin.py:188} INFO - [2024-06-18T13:38:52.136+0530] {dag.py:3954} INFO - Setting next_dagrun for tutorial to 2024-06-17 00:00:00+00:00, run_after=2024-06-18 00:00:00+00:00
[2024-06-18T13:38:52.153+0530] {processor.py:183} INFO - Processing /home/kiit/airflow-env/lib/python3.8/site-packages/airflow/example_dags/tutorial.py took 0.061 seconds
[2024-06-18T13:39:37.084+0530] {processor.py:161} INFO - Started process (PID=30811) to work on /home/kiit/airflow-env/lib/python3.8/site-packages/airflow/example_dags/tutorial.py
[2024-06-18T13:39:37.085+0530] {processor.py:830} INFO - Processing file /home/kiit/airflow-env/lib/python3.8/site-packages/airflow/example_dags/tutorial.py for tasks to queue
[2024-06-18T13:39:37.087+0530] {logging_mixin.py:188} INFO - [2024-06-18T13:39:37.086+0530] {dagbag.py:545} INFO - Filling up the DagBag from /home/kiit/airflow-env/lib/python3.8/site-packages/airflow/example_dags/tutorial.py
[2024-06-18T13:39:37.090+0530] {processor.py:840} INFO - DAG(s) 'tutorial' retrieved from /home/kiit/airflow-env/lib/python3.8/site-packages/airflow/example_dags/tutorial.py
[2024-06-18T13:39:37.100+0530] {logging_mixin.py:188} INFO - [2024-06-18T13:39:37.100+0530] {dag.py:3096} INFO - Sync 1 DAGs
[2024-06-18T13:39:37.112+0530] {logging_mixin.py:188} INFO - [2024-06-18T13:39:37.112+0530] {dag.py:3954} INFO - Setting next_dagrun for tutorial to 2024-06-17 00:00:00+00:00, run_after=2024-06-18 00:00:00+00:00
[2024-06-18T13:39:37.128+0530] {processor.py:183} INFO - Processing /home/kiit/airflow-env/lib/python3.8/site-packages/airflow/example_dags/tutorial.py took 0.049 seconds
[2024-06-18T13:40:38.885+0530] {processor.py:161} INFO - Started process (PID=30946) to work on /home/kiit/airflow-env/lib/python3.8/site-packages/airflow/example_dags/tutorial.py
[2024-06-18T13:40:38.893+0530] {processor.py:830} INFO - Processing file /home/kiit/airflow-env/lib/python3.8/site-packages/airflow/example_dags/tutorial.py for tasks to queue
[2024-06-18T13:40:38.895+0530] {logging_mixin.py:188} INFO - [2024-06-18T13:40:38.894+0530] {dagbag.py:545} INFO - Filling up the DagBag from /home/kiit/airflow-env/lib/python3.8/site-packages/airflow/example_dags/tutorial.py
[2024-06-18T13:40:38.901+0530] {processor.py:840} INFO - DAG(s) 'tutorial' retrieved from /home/kiit/airflow-env/lib/python3.8/site-packages/airflow/example_dags/tutorial.py
[2024-06-18T13:40:38.913+0530] {logging_mixin.py:188} INFO - [2024-06-18T13:40:38.913+0530] {dag.py:3096} INFO - Sync 1 DAGs
[2024-06-18T13:40:38.925+0530] {logging_mixin.py:188} INFO - [2024-06-18T13:40:38.925+0530] {dag.py:3954} INFO - Setting next_dagrun for tutorial to 2024-06-17 00:00:00+00:00, run_after=2024-06-18 00:00:00+00:00
[2024-06-18T13:40:38.945+0530] {processor.py:183} INFO - Processing /home/kiit/airflow-env/lib/python3.8/site-packages/airflow/example_dags/tutorial.py took 0.064 seconds
[2024-06-18T13:41:39.810+0530] {processor.py:161} INFO - Started process (PID=31022) to work on /home/kiit/airflow-env/lib/python3.8/site-packages/airflow/example_dags/tutorial.py
[2024-06-18T13:41:39.816+0530] {processor.py:830} INFO - Processing file /home/kiit/airflow-env/lib/python3.8/site-packages/airflow/example_dags/tutorial.py for tasks to queue
[2024-06-18T13:41:39.818+0530] {logging_mixin.py:188} INFO - [2024-06-18T13:41:39.818+0530] {dagbag.py:545} INFO - Filling up the DagBag from /home/kiit/airflow-env/lib/python3.8/site-packages/airflow/example_dags/tutorial.py
[2024-06-18T13:41:39.823+0530] {processor.py:840} INFO - DAG(s) 'tutorial' retrieved from /home/kiit/airflow-env/lib/python3.8/site-packages/airflow/example_dags/tutorial.py
[2024-06-18T13:41:39.833+0530] {logging_mixin.py:188} INFO - [2024-06-18T13:41:39.833+0530] {dag.py:3096} INFO - Sync 1 DAGs
[2024-06-18T13:41:39.847+0530] {logging_mixin.py:188} INFO - [2024-06-18T13:41:39.847+0530] {dag.py:3954} INFO - Setting next_dagrun for tutorial to 2024-06-17 00:00:00+00:00, run_after=2024-06-18 00:00:00+00:00
[2024-06-18T13:41:39.863+0530] {processor.py:183} INFO - Processing /home/kiit/airflow-env/lib/python3.8/site-packages/airflow/example_dags/tutorial.py took 0.058 seconds
[2024-06-18T15:05:49.834+0530] {processor.py:161} INFO - Started process (PID=33619) to work on /home/kiit/airflow-env/lib/python3.8/site-packages/airflow/example_dags/tutorial.py
[2024-06-18T15:05:49.836+0530] {processor.py:830} INFO - Processing file /home/kiit/airflow-env/lib/python3.8/site-packages/airflow/example_dags/tutorial.py for tasks to queue
[2024-06-18T15:05:49.837+0530] {logging_mixin.py:188} INFO - [2024-06-18T15:05:49.837+0530] {dagbag.py:545} INFO - Filling up the DagBag from /home/kiit/airflow-env/lib/python3.8/site-packages/airflow/example_dags/tutorial.py
[2024-06-18T15:05:49.846+0530] {processor.py:840} INFO - DAG(s) 'tutorial' retrieved from /home/kiit/airflow-env/lib/python3.8/site-packages/airflow/example_dags/tutorial.py
[2024-06-18T15:05:49.856+0530] {logging_mixin.py:188} INFO - [2024-06-18T15:05:49.856+0530] {dag.py:3096} INFO - Sync 1 DAGs
[2024-06-18T15:05:49.878+0530] {logging_mixin.py:188} INFO - [2024-06-18T15:05:49.878+0530] {dag.py:3954} INFO - Setting next_dagrun for tutorial to 2024-06-17 00:00:00+00:00, run_after=2024-06-18 00:00:00+00:00
[2024-06-18T15:05:49.902+0530] {processor.py:183} INFO - Processing /home/kiit/airflow-env/lib/python3.8/site-packages/airflow/example_dags/tutorial.py took 0.075 seconds
[2024-06-18T15:06:22.779+0530] {processor.py:161} INFO - Started process (PID=33678) to work on /home/kiit/airflow-env/lib/python3.8/site-packages/airflow/example_dags/tutorial.py
[2024-06-18T15:06:22.780+0530] {processor.py:830} INFO - Processing file /home/kiit/airflow-env/lib/python3.8/site-packages/airflow/example_dags/tutorial.py for tasks to queue
[2024-06-18T15:06:22.781+0530] {logging_mixin.py:188} INFO - [2024-06-18T15:06:22.781+0530] {dagbag.py:545} INFO - Filling up the DagBag from /home/kiit/airflow-env/lib/python3.8/site-packages/airflow/example_dags/tutorial.py
[2024-06-18T15:06:22.790+0530] {processor.py:840} INFO - DAG(s) 'tutorial' retrieved from /home/kiit/airflow-env/lib/python3.8/site-packages/airflow/example_dags/tutorial.py
[2024-06-18T15:06:22.994+0530] {logging_mixin.py:188} INFO - [2024-06-18T15:06:22.994+0530] {dag.py:3096} INFO - Sync 1 DAGs
[2024-06-18T15:06:23.015+0530] {logging_mixin.py:188} INFO - [2024-06-18T15:06:23.015+0530] {dag.py:3954} INFO - Setting next_dagrun for tutorial to 2024-06-17 00:00:00+00:00, run_after=2024-06-18 00:00:00+00:00
[2024-06-18T15:06:23.055+0530] {processor.py:183} INFO - Processing /home/kiit/airflow-env/lib/python3.8/site-packages/airflow/example_dags/tutorial.py took 0.282 seconds
[2024-06-18T15:06:53.503+0530] {processor.py:161} INFO - Started process (PID=33737) to work on /home/kiit/airflow-env/lib/python3.8/site-packages/airflow/example_dags/tutorial.py
[2024-06-18T15:06:53.505+0530] {processor.py:830} INFO - Processing file /home/kiit/airflow-env/lib/python3.8/site-packages/airflow/example_dags/tutorial.py for tasks to queue
[2024-06-18T15:06:53.506+0530] {logging_mixin.py:188} INFO - [2024-06-18T15:06:53.506+0530] {dagbag.py:545} INFO - Filling up the DagBag from /home/kiit/airflow-env/lib/python3.8/site-packages/airflow/example_dags/tutorial.py
[2024-06-18T15:06:53.512+0530] {processor.py:840} INFO - DAG(s) 'tutorial' retrieved from /home/kiit/airflow-env/lib/python3.8/site-packages/airflow/example_dags/tutorial.py
[2024-06-18T15:06:53.541+0530] {logging_mixin.py:188} INFO - [2024-06-18T15:06:53.541+0530] {dag.py:3096} INFO - Sync 1 DAGs
[2024-06-18T15:06:53.566+0530] {logging_mixin.py:188} INFO - [2024-06-18T15:06:53.565+0530] {dag.py:3954} INFO - Setting next_dagrun for tutorial to 2024-06-17 00:00:00+00:00, run_after=2024-06-18 00:00:00+00:00
[2024-06-18T15:06:53.593+0530] {processor.py:183} INFO - Processing /home/kiit/airflow-env/lib/python3.8/site-packages/airflow/example_dags/tutorial.py took 0.097 seconds
[2024-06-18T15:07:24.428+0530] {processor.py:161} INFO - Started process (PID=33796) to work on /home/kiit/airflow-env/lib/python3.8/site-packages/airflow/example_dags/tutorial.py
[2024-06-18T15:07:24.429+0530] {processor.py:830} INFO - Processing file /home/kiit/airflow-env/lib/python3.8/site-packages/airflow/example_dags/tutorial.py for tasks to queue
[2024-06-18T15:07:24.431+0530] {logging_mixin.py:188} INFO - [2024-06-18T15:07:24.430+0530] {dagbag.py:545} INFO - Filling up the DagBag from /home/kiit/airflow-env/lib/python3.8/site-packages/airflow/example_dags/tutorial.py
[2024-06-18T15:07:24.438+0530] {processor.py:840} INFO - DAG(s) 'tutorial' retrieved from /home/kiit/airflow-env/lib/python3.8/site-packages/airflow/example_dags/tutorial.py
[2024-06-18T15:07:24.465+0530] {logging_mixin.py:188} INFO - [2024-06-18T15:07:24.464+0530] {dag.py:3096} INFO - Sync 1 DAGs
[2024-06-18T15:07:24.487+0530] {logging_mixin.py:188} INFO - [2024-06-18T15:07:24.486+0530] {dag.py:3954} INFO - Setting next_dagrun for tutorial to 2024-06-17 00:00:00+00:00, run_after=2024-06-18 00:00:00+00:00
[2024-06-18T15:07:24.515+0530] {processor.py:183} INFO - Processing /home/kiit/airflow-env/lib/python3.8/site-packages/airflow/example_dags/tutorial.py took 0.103 seconds
[2024-06-18T15:07:55.165+0530] {processor.py:161} INFO - Started process (PID=33855) to work on /home/kiit/airflow-env/lib/python3.8/site-packages/airflow/example_dags/tutorial.py
[2024-06-18T15:07:55.166+0530] {processor.py:830} INFO - Processing file /home/kiit/airflow-env/lib/python3.8/site-packages/airflow/example_dags/tutorial.py for tasks to queue
[2024-06-18T15:07:55.168+0530] {logging_mixin.py:188} INFO - [2024-06-18T15:07:55.168+0530] {dagbag.py:545} INFO - Filling up the DagBag from /home/kiit/airflow-env/lib/python3.8/site-packages/airflow/example_dags/tutorial.py
[2024-06-18T15:07:55.174+0530] {processor.py:840} INFO - DAG(s) 'tutorial' retrieved from /home/kiit/airflow-env/lib/python3.8/site-packages/airflow/example_dags/tutorial.py
[2024-06-18T15:07:55.196+0530] {logging_mixin.py:188} INFO - [2024-06-18T15:07:55.196+0530] {dag.py:3096} INFO - Sync 1 DAGs
[2024-06-18T15:07:55.216+0530] {logging_mixin.py:188} INFO - [2024-06-18T15:07:55.216+0530] {dag.py:3954} INFO - Setting next_dagrun for tutorial to 2024-06-17 00:00:00+00:00, run_after=2024-06-18 00:00:00+00:00
[2024-06-18T15:07:55.246+0530] {processor.py:183} INFO - Processing /home/kiit/airflow-env/lib/python3.8/site-packages/airflow/example_dags/tutorial.py took 0.088 seconds
[2024-06-18T15:08:26.233+0530] {processor.py:161} INFO - Started process (PID=33914) to work on /home/kiit/airflow-env/lib/python3.8/site-packages/airflow/example_dags/tutorial.py
[2024-06-18T15:08:26.234+0530] {processor.py:830} INFO - Processing file /home/kiit/airflow-env/lib/python3.8/site-packages/airflow/example_dags/tutorial.py for tasks to queue
[2024-06-18T15:08:26.236+0530] {logging_mixin.py:188} INFO - [2024-06-18T15:08:26.236+0530] {dagbag.py:545} INFO - Filling up the DagBag from /home/kiit/airflow-env/lib/python3.8/site-packages/airflow/example_dags/tutorial.py
[2024-06-18T15:08:26.243+0530] {processor.py:840} INFO - DAG(s) 'tutorial' retrieved from /home/kiit/airflow-env/lib/python3.8/site-packages/airflow/example_dags/tutorial.py
[2024-06-18T15:08:26.269+0530] {logging_mixin.py:188} INFO - [2024-06-18T15:08:26.268+0530] {dag.py:3096} INFO - Sync 1 DAGs
[2024-06-18T15:08:26.290+0530] {logging_mixin.py:188} INFO - [2024-06-18T15:08:26.290+0530] {dag.py:3954} INFO - Setting next_dagrun for tutorial to 2024-06-17 00:00:00+00:00, run_after=2024-06-18 00:00:00+00:00
[2024-06-18T15:08:26.316+0530] {processor.py:183} INFO - Processing /home/kiit/airflow-env/lib/python3.8/site-packages/airflow/example_dags/tutorial.py took 0.092 seconds
[2024-06-18T15:08:57.130+0530] {processor.py:161} INFO - Started process (PID=33974) to work on /home/kiit/airflow-env/lib/python3.8/site-packages/airflow/example_dags/tutorial.py
[2024-06-18T15:08:57.131+0530] {processor.py:830} INFO - Processing file /home/kiit/airflow-env/lib/python3.8/site-packages/airflow/example_dags/tutorial.py for tasks to queue
[2024-06-18T15:08:57.133+0530] {logging_mixin.py:188} INFO - [2024-06-18T15:08:57.132+0530] {dagbag.py:545} INFO - Filling up the DagBag from /home/kiit/airflow-env/lib/python3.8/site-packages/airflow/example_dags/tutorial.py
[2024-06-18T15:08:57.138+0530] {processor.py:840} INFO - DAG(s) 'tutorial' retrieved from /home/kiit/airflow-env/lib/python3.8/site-packages/airflow/example_dags/tutorial.py
[2024-06-18T15:08:57.159+0530] {logging_mixin.py:188} INFO - [2024-06-18T15:08:57.159+0530] {dag.py:3096} INFO - Sync 1 DAGs
[2024-06-18T15:08:57.183+0530] {logging_mixin.py:188} INFO - [2024-06-18T15:08:57.182+0530] {dag.py:3954} INFO - Setting next_dagrun for tutorial to 2024-06-17 00:00:00+00:00, run_after=2024-06-18 00:00:00+00:00
[2024-06-18T15:08:57.205+0530] {processor.py:183} INFO - Processing /home/kiit/airflow-env/lib/python3.8/site-packages/airflow/example_dags/tutorial.py took 0.081 seconds
[2024-06-18T15:09:27.522+0530] {processor.py:161} INFO - Started process (PID=34034) to work on /home/kiit/airflow-env/lib/python3.8/site-packages/airflow/example_dags/tutorial.py
[2024-06-18T15:09:27.523+0530] {processor.py:830} INFO - Processing file /home/kiit/airflow-env/lib/python3.8/site-packages/airflow/example_dags/tutorial.py for tasks to queue
[2024-06-18T15:09:27.524+0530] {logging_mixin.py:188} INFO - [2024-06-18T15:09:27.524+0530] {dagbag.py:545} INFO - Filling up the DagBag from /home/kiit/airflow-env/lib/python3.8/site-packages/airflow/example_dags/tutorial.py
[2024-06-18T15:09:27.528+0530] {processor.py:840} INFO - DAG(s) 'tutorial' retrieved from /home/kiit/airflow-env/lib/python3.8/site-packages/airflow/example_dags/tutorial.py
[2024-06-18T15:09:27.544+0530] {logging_mixin.py:188} INFO - [2024-06-18T15:09:27.544+0530] {dag.py:3096} INFO - Sync 1 DAGs
[2024-06-18T15:09:27.558+0530] {logging_mixin.py:188} INFO - [2024-06-18T15:09:27.558+0530] {dag.py:3954} INFO - Setting next_dagrun for tutorial to 2024-06-17 00:00:00+00:00, run_after=2024-06-18 00:00:00+00:00
[2024-06-18T15:09:27.579+0530] {processor.py:183} INFO - Processing /home/kiit/airflow-env/lib/python3.8/site-packages/airflow/example_dags/tutorial.py took 0.062 seconds
[2024-06-18T15:09:57.796+0530] {processor.py:161} INFO - Started process (PID=34093) to work on /home/kiit/airflow-env/lib/python3.8/site-packages/airflow/example_dags/tutorial.py
[2024-06-18T15:09:57.797+0530] {processor.py:830} INFO - Processing file /home/kiit/airflow-env/lib/python3.8/site-packages/airflow/example_dags/tutorial.py for tasks to queue
[2024-06-18T15:09:57.799+0530] {logging_mixin.py:188} INFO - [2024-06-18T15:09:57.798+0530] {dagbag.py:545} INFO - Filling up the DagBag from /home/kiit/airflow-env/lib/python3.8/site-packages/airflow/example_dags/tutorial.py
[2024-06-18T15:09:57.804+0530] {processor.py:840} INFO - DAG(s) 'tutorial' retrieved from /home/kiit/airflow-env/lib/python3.8/site-packages/airflow/example_dags/tutorial.py
[2024-06-18T15:09:57.819+0530] {logging_mixin.py:188} INFO - [2024-06-18T15:09:57.819+0530] {dag.py:3096} INFO - Sync 1 DAGs
[2024-06-18T15:09:57.834+0530] {logging_mixin.py:188} INFO - [2024-06-18T15:09:57.833+0530] {dag.py:3954} INFO - Setting next_dagrun for tutorial to 2024-06-17 00:00:00+00:00, run_after=2024-06-18 00:00:00+00:00
[2024-06-18T15:09:57.851+0530] {processor.py:183} INFO - Processing /home/kiit/airflow-env/lib/python3.8/site-packages/airflow/example_dags/tutorial.py took 0.060 seconds
[2024-06-18T15:10:27.995+0530] {processor.py:161} INFO - Started process (PID=34153) to work on /home/kiit/airflow-env/lib/python3.8/site-packages/airflow/example_dags/tutorial.py
[2024-06-18T15:10:27.996+0530] {processor.py:830} INFO - Processing file /home/kiit/airflow-env/lib/python3.8/site-packages/airflow/example_dags/tutorial.py for tasks to queue
[2024-06-18T15:10:27.998+0530] {logging_mixin.py:188} INFO - [2024-06-18T15:10:27.998+0530] {dagbag.py:545} INFO - Filling up the DagBag from /home/kiit/airflow-env/lib/python3.8/site-packages/airflow/example_dags/tutorial.py
[2024-06-18T15:10:28.004+0530] {processor.py:840} INFO - DAG(s) 'tutorial' retrieved from /home/kiit/airflow-env/lib/python3.8/site-packages/airflow/example_dags/tutorial.py
[2024-06-18T15:10:28.026+0530] {logging_mixin.py:188} INFO - [2024-06-18T15:10:28.026+0530] {dag.py:3096} INFO - Sync 1 DAGs
[2024-06-18T15:10:28.044+0530] {logging_mixin.py:188} INFO - [2024-06-18T15:10:28.043+0530] {dag.py:3954} INFO - Setting next_dagrun for tutorial to 2024-06-17 00:00:00+00:00, run_after=2024-06-18 00:00:00+00:00
[2024-06-18T15:10:28.067+0530] {processor.py:183} INFO - Processing /home/kiit/airflow-env/lib/python3.8/site-packages/airflow/example_dags/tutorial.py took 0.079 seconds
[2024-06-18T15:10:58.399+0530] {processor.py:161} INFO - Started process (PID=34212) to work on /home/kiit/airflow-env/lib/python3.8/site-packages/airflow/example_dags/tutorial.py
[2024-06-18T15:10:58.401+0530] {processor.py:830} INFO - Processing file /home/kiit/airflow-env/lib/python3.8/site-packages/airflow/example_dags/tutorial.py for tasks to queue
[2024-06-18T15:10:58.402+0530] {logging_mixin.py:188} INFO - [2024-06-18T15:10:58.402+0530] {dagbag.py:545} INFO - Filling up the DagBag from /home/kiit/airflow-env/lib/python3.8/site-packages/airflow/example_dags/tutorial.py
[2024-06-18T15:10:58.406+0530] {processor.py:840} INFO - DAG(s) 'tutorial' retrieved from /home/kiit/airflow-env/lib/python3.8/site-packages/airflow/example_dags/tutorial.py
[2024-06-18T15:10:58.422+0530] {logging_mixin.py:188} INFO - [2024-06-18T15:10:58.422+0530] {dag.py:3096} INFO - Sync 1 DAGs
[2024-06-18T15:10:58.437+0530] {logging_mixin.py:188} INFO - [2024-06-18T15:10:58.436+0530] {dag.py:3954} INFO - Setting next_dagrun for tutorial to 2024-06-17 00:00:00+00:00, run_after=2024-06-18 00:00:00+00:00
[2024-06-18T15:10:58.455+0530] {processor.py:183} INFO - Processing /home/kiit/airflow-env/lib/python3.8/site-packages/airflow/example_dags/tutorial.py took 0.060 seconds
[2024-06-18T15:11:28.570+0530] {processor.py:161} INFO - Started process (PID=34271) to work on /home/kiit/airflow-env/lib/python3.8/site-packages/airflow/example_dags/tutorial.py
[2024-06-18T15:11:28.571+0530] {processor.py:830} INFO - Processing file /home/kiit/airflow-env/lib/python3.8/site-packages/airflow/example_dags/tutorial.py for tasks to queue
[2024-06-18T15:11:28.573+0530] {logging_mixin.py:188} INFO - [2024-06-18T15:11:28.573+0530] {dagbag.py:545} INFO - Filling up the DagBag from /home/kiit/airflow-env/lib/python3.8/site-packages/airflow/example_dags/tutorial.py
[2024-06-18T15:11:28.578+0530] {processor.py:840} INFO - DAG(s) 'tutorial' retrieved from /home/kiit/airflow-env/lib/python3.8/site-packages/airflow/example_dags/tutorial.py
[2024-06-18T15:11:28.595+0530] {logging_mixin.py:188} INFO - [2024-06-18T15:11:28.595+0530] {dag.py:3096} INFO - Sync 1 DAGs
[2024-06-18T15:11:28.611+0530] {logging_mixin.py:188} INFO - [2024-06-18T15:11:28.611+0530] {dag.py:3954} INFO - Setting next_dagrun for tutorial to 2024-06-17 00:00:00+00:00, run_after=2024-06-18 00:00:00+00:00
[2024-06-18T15:11:28.630+0530] {processor.py:183} INFO - Processing /home/kiit/airflow-env/lib/python3.8/site-packages/airflow/example_dags/tutorial.py took 0.064 seconds
[2024-06-18T15:11:58.776+0530] {processor.py:161} INFO - Started process (PID=34330) to work on /home/kiit/airflow-env/lib/python3.8/site-packages/airflow/example_dags/tutorial.py
[2024-06-18T15:11:58.778+0530] {processor.py:830} INFO - Processing file /home/kiit/airflow-env/lib/python3.8/site-packages/airflow/example_dags/tutorial.py for tasks to queue
[2024-06-18T15:11:58.779+0530] {logging_mixin.py:188} INFO - [2024-06-18T15:11:58.779+0530] {dagbag.py:545} INFO - Filling up the DagBag from /home/kiit/airflow-env/lib/python3.8/site-packages/airflow/example_dags/tutorial.py
[2024-06-18T15:11:58.783+0530] {processor.py:840} INFO - DAG(s) 'tutorial' retrieved from /home/kiit/airflow-env/lib/python3.8/site-packages/airflow/example_dags/tutorial.py
[2024-06-18T15:11:58.800+0530] {logging_mixin.py:188} INFO - [2024-06-18T15:11:58.800+0530] {dag.py:3096} INFO - Sync 1 DAGs
[2024-06-18T15:11:58.818+0530] {logging_mixin.py:188} INFO - [2024-06-18T15:11:58.818+0530] {dag.py:3954} INFO - Setting next_dagrun for tutorial to 2024-06-17 00:00:00+00:00, run_after=2024-06-18 00:00:00+00:00
[2024-06-18T15:11:58.840+0530] {processor.py:183} INFO - Processing /home/kiit/airflow-env/lib/python3.8/site-packages/airflow/example_dags/tutorial.py took 0.069 seconds
[2024-06-18T15:12:29.115+0530] {processor.py:161} INFO - Started process (PID=34390) to work on /home/kiit/airflow-env/lib/python3.8/site-packages/airflow/example_dags/tutorial.py
[2024-06-18T15:12:29.116+0530] {processor.py:830} INFO - Processing file /home/kiit/airflow-env/lib/python3.8/site-packages/airflow/example_dags/tutorial.py for tasks to queue
[2024-06-18T15:12:29.118+0530] {logging_mixin.py:188} INFO - [2024-06-18T15:12:29.118+0530] {dagbag.py:545} INFO - Filling up the DagBag from /home/kiit/airflow-env/lib/python3.8/site-packages/airflow/example_dags/tutorial.py
[2024-06-18T15:12:29.122+0530] {processor.py:840} INFO - DAG(s) 'tutorial' retrieved from /home/kiit/airflow-env/lib/python3.8/site-packages/airflow/example_dags/tutorial.py
[2024-06-18T15:12:29.139+0530] {logging_mixin.py:188} INFO - [2024-06-18T15:12:29.139+0530] {dag.py:3096} INFO - Sync 1 DAGs
[2024-06-18T15:12:29.157+0530] {logging_mixin.py:188} INFO - [2024-06-18T15:12:29.157+0530] {dag.py:3954} INFO - Setting next_dagrun for tutorial to 2024-06-17 00:00:00+00:00, run_after=2024-06-18 00:00:00+00:00
[2024-06-18T15:12:29.176+0530] {processor.py:183} INFO - Processing /home/kiit/airflow-env/lib/python3.8/site-packages/airflow/example_dags/tutorial.py took 0.066 seconds
[2024-06-18T15:12:59.435+0530] {processor.py:161} INFO - Started process (PID=34449) to work on /home/kiit/airflow-env/lib/python3.8/site-packages/airflow/example_dags/tutorial.py
[2024-06-18T15:12:59.436+0530] {processor.py:830} INFO - Processing file /home/kiit/airflow-env/lib/python3.8/site-packages/airflow/example_dags/tutorial.py for tasks to queue
[2024-06-18T15:12:59.437+0530] {logging_mixin.py:188} INFO - [2024-06-18T15:12:59.437+0530] {dagbag.py:545} INFO - Filling up the DagBag from /home/kiit/airflow-env/lib/python3.8/site-packages/airflow/example_dags/tutorial.py
[2024-06-18T15:12:59.443+0530] {processor.py:840} INFO - DAG(s) 'tutorial' retrieved from /home/kiit/airflow-env/lib/python3.8/site-packages/airflow/example_dags/tutorial.py
[2024-06-18T15:12:59.460+0530] {logging_mixin.py:188} INFO - [2024-06-18T15:12:59.460+0530] {dag.py:3096} INFO - Sync 1 DAGs
[2024-06-18T15:12:59.477+0530] {logging_mixin.py:188} INFO - [2024-06-18T15:12:59.476+0530] {dag.py:3954} INFO - Setting next_dagrun for tutorial to 2024-06-17 00:00:00+00:00, run_after=2024-06-18 00:00:00+00:00
[2024-06-18T15:12:59.497+0530] {processor.py:183} INFO - Processing /home/kiit/airflow-env/lib/python3.8/site-packages/airflow/example_dags/tutorial.py took 0.068 seconds
[2024-06-18T15:13:29.721+0530] {processor.py:161} INFO - Started process (PID=34508) to work on /home/kiit/airflow-env/lib/python3.8/site-packages/airflow/example_dags/tutorial.py
[2024-06-18T15:13:29.722+0530] {processor.py:830} INFO - Processing file /home/kiit/airflow-env/lib/python3.8/site-packages/airflow/example_dags/tutorial.py for tasks to queue
[2024-06-18T15:13:29.723+0530] {logging_mixin.py:188} INFO - [2024-06-18T15:13:29.723+0530] {dagbag.py:545} INFO - Filling up the DagBag from /home/kiit/airflow-env/lib/python3.8/site-packages/airflow/example_dags/tutorial.py
[2024-06-18T15:13:29.728+0530] {processor.py:840} INFO - DAG(s) 'tutorial' retrieved from /home/kiit/airflow-env/lib/python3.8/site-packages/airflow/example_dags/tutorial.py
[2024-06-18T15:13:29.744+0530] {logging_mixin.py:188} INFO - [2024-06-18T15:13:29.743+0530] {dag.py:3096} INFO - Sync 1 DAGs
[2024-06-18T15:13:29.759+0530] {logging_mixin.py:188} INFO - [2024-06-18T15:13:29.759+0530] {dag.py:3954} INFO - Setting next_dagrun for tutorial to 2024-06-17 00:00:00+00:00, run_after=2024-06-18 00:00:00+00:00
[2024-06-18T15:13:29.779+0530] {processor.py:183} INFO - Processing /home/kiit/airflow-env/lib/python3.8/site-packages/airflow/example_dags/tutorial.py took 0.064 seconds
[2024-06-18T15:13:59.989+0530] {processor.py:161} INFO - Started process (PID=34567) to work on /home/kiit/airflow-env/lib/python3.8/site-packages/airflow/example_dags/tutorial.py
[2024-06-18T15:13:59.990+0530] {processor.py:830} INFO - Processing file /home/kiit/airflow-env/lib/python3.8/site-packages/airflow/example_dags/tutorial.py for tasks to queue
[2024-06-18T15:13:59.991+0530] {logging_mixin.py:188} INFO - [2024-06-18T15:13:59.991+0530] {dagbag.py:545} INFO - Filling up the DagBag from /home/kiit/airflow-env/lib/python3.8/site-packages/airflow/example_dags/tutorial.py
[2024-06-18T15:13:59.995+0530] {processor.py:840} INFO - DAG(s) 'tutorial' retrieved from /home/kiit/airflow-env/lib/python3.8/site-packages/airflow/example_dags/tutorial.py
[2024-06-18T15:14:00.019+0530] {logging_mixin.py:188} INFO - [2024-06-18T15:14:00.019+0530] {dag.py:3096} INFO - Sync 1 DAGs
[2024-06-18T15:14:00.036+0530] {logging_mixin.py:188} INFO - [2024-06-18T15:14:00.036+0530] {dag.py:3954} INFO - Setting next_dagrun for tutorial to 2024-06-17 00:00:00+00:00, run_after=2024-06-18 00:00:00+00:00
[2024-06-18T15:14:00.058+0530] {processor.py:183} INFO - Processing /home/kiit/airflow-env/lib/python3.8/site-packages/airflow/example_dags/tutorial.py took 0.073 seconds
[2024-06-18T15:14:30.340+0530] {processor.py:161} INFO - Started process (PID=34626) to work on /home/kiit/airflow-env/lib/python3.8/site-packages/airflow/example_dags/tutorial.py
[2024-06-18T15:14:30.341+0530] {processor.py:830} INFO - Processing file /home/kiit/airflow-env/lib/python3.8/site-packages/airflow/example_dags/tutorial.py for tasks to queue
[2024-06-18T15:14:30.343+0530] {logging_mixin.py:188} INFO - [2024-06-18T15:14:30.343+0530] {dagbag.py:545} INFO - Filling up the DagBag from /home/kiit/airflow-env/lib/python3.8/site-packages/airflow/example_dags/tutorial.py
[2024-06-18T15:14:30.349+0530] {processor.py:840} INFO - DAG(s) 'tutorial' retrieved from /home/kiit/airflow-env/lib/python3.8/site-packages/airflow/example_dags/tutorial.py
[2024-06-18T15:14:30.365+0530] {logging_mixin.py:188} INFO - [2024-06-18T15:14:30.365+0530] {dag.py:3096} INFO - Sync 1 DAGs
[2024-06-18T15:14:30.381+0530] {logging_mixin.py:188} INFO - [2024-06-18T15:14:30.380+0530] {dag.py:3954} INFO - Setting next_dagrun for tutorial to 2024-06-17 00:00:00+00:00, run_after=2024-06-18 00:00:00+00:00
[2024-06-18T15:14:30.401+0530] {processor.py:183} INFO - Processing /home/kiit/airflow-env/lib/python3.8/site-packages/airflow/example_dags/tutorial.py took 0.066 seconds
[2024-06-18T15:15:00.708+0530] {processor.py:161} INFO - Started process (PID=34685) to work on /home/kiit/airflow-env/lib/python3.8/site-packages/airflow/example_dags/tutorial.py
[2024-06-18T15:15:00.709+0530] {processor.py:830} INFO - Processing file /home/kiit/airflow-env/lib/python3.8/site-packages/airflow/example_dags/tutorial.py for tasks to queue
[2024-06-18T15:15:00.711+0530] {logging_mixin.py:188} INFO - [2024-06-18T15:15:00.710+0530] {dagbag.py:545} INFO - Filling up the DagBag from /home/kiit/airflow-env/lib/python3.8/site-packages/airflow/example_dags/tutorial.py
[2024-06-18T15:15:00.716+0530] {processor.py:840} INFO - DAG(s) 'tutorial' retrieved from /home/kiit/airflow-env/lib/python3.8/site-packages/airflow/example_dags/tutorial.py
[2024-06-18T15:15:00.735+0530] {logging_mixin.py:188} INFO - [2024-06-18T15:15:00.735+0530] {dag.py:3096} INFO - Sync 1 DAGs
[2024-06-18T15:15:00.750+0530] {logging_mixin.py:188} INFO - [2024-06-18T15:15:00.750+0530] {dag.py:3954} INFO - Setting next_dagrun for tutorial to 2024-06-17 00:00:00+00:00, run_after=2024-06-18 00:00:00+00:00
[2024-06-18T15:15:00.769+0530] {processor.py:183} INFO - Processing /home/kiit/airflow-env/lib/python3.8/site-packages/airflow/example_dags/tutorial.py took 0.067 seconds
[2024-06-18T15:15:30.955+0530] {processor.py:161} INFO - Started process (PID=34744) to work on /home/kiit/airflow-env/lib/python3.8/site-packages/airflow/example_dags/tutorial.py
[2024-06-18T15:15:30.957+0530] {processor.py:830} INFO - Processing file /home/kiit/airflow-env/lib/python3.8/site-packages/airflow/example_dags/tutorial.py for tasks to queue
[2024-06-18T15:15:30.958+0530] {logging_mixin.py:188} INFO - [2024-06-18T15:15:30.958+0530] {dagbag.py:545} INFO - Filling up the DagBag from /home/kiit/airflow-env/lib/python3.8/site-packages/airflow/example_dags/tutorial.py
[2024-06-18T15:15:30.965+0530] {processor.py:840} INFO - DAG(s) 'tutorial' retrieved from /home/kiit/airflow-env/lib/python3.8/site-packages/airflow/example_dags/tutorial.py
[2024-06-18T15:15:30.984+0530] {logging_mixin.py:188} INFO - [2024-06-18T15:15:30.984+0530] {dag.py:3096} INFO - Sync 1 DAGs
[2024-06-18T15:15:31.001+0530] {logging_mixin.py:188} INFO - [2024-06-18T15:15:31.001+0530] {dag.py:3954} INFO - Setting next_dagrun for tutorial to 2024-06-17 00:00:00+00:00, run_after=2024-06-18 00:00:00+00:00
[2024-06-18T15:15:31.022+0530] {processor.py:183} INFO - Processing /home/kiit/airflow-env/lib/python3.8/site-packages/airflow/example_dags/tutorial.py took 0.073 seconds
[2024-06-18T15:16:01.229+0530] {processor.py:161} INFO - Started process (PID=34803) to work on /home/kiit/airflow-env/lib/python3.8/site-packages/airflow/example_dags/tutorial.py
[2024-06-18T15:16:01.230+0530] {processor.py:830} INFO - Processing file /home/kiit/airflow-env/lib/python3.8/site-packages/airflow/example_dags/tutorial.py for tasks to queue
[2024-06-18T15:16:01.231+0530] {logging_mixin.py:188} INFO - [2024-06-18T15:16:01.231+0530] {dagbag.py:545} INFO - Filling up the DagBag from /home/kiit/airflow-env/lib/python3.8/site-packages/airflow/example_dags/tutorial.py
[2024-06-18T15:16:01.236+0530] {processor.py:840} INFO - DAG(s) 'tutorial' retrieved from /home/kiit/airflow-env/lib/python3.8/site-packages/airflow/example_dags/tutorial.py
[2024-06-18T15:16:01.253+0530] {logging_mixin.py:188} INFO - [2024-06-18T15:16:01.253+0530] {dag.py:3096} INFO - Sync 1 DAGs
[2024-06-18T15:16:01.270+0530] {logging_mixin.py:188} INFO - [2024-06-18T15:16:01.269+0530] {dag.py:3954} INFO - Setting next_dagrun for tutorial to 2024-06-17 00:00:00+00:00, run_after=2024-06-18 00:00:00+00:00
[2024-06-18T15:16:01.289+0530] {processor.py:183} INFO - Processing /home/kiit/airflow-env/lib/python3.8/site-packages/airflow/example_dags/tutorial.py took 0.066 seconds
[2024-06-18T15:16:32.042+0530] {processor.py:161} INFO - Started process (PID=34886) to work on /home/kiit/airflow-env/lib/python3.8/site-packages/airflow/example_dags/tutorial.py
[2024-06-18T15:16:32.043+0530] {processor.py:830} INFO - Processing file /home/kiit/airflow-env/lib/python3.8/site-packages/airflow/example_dags/tutorial.py for tasks to queue
[2024-06-18T15:16:32.044+0530] {logging_mixin.py:188} INFO - [2024-06-18T15:16:32.044+0530] {dagbag.py:545} INFO - Filling up the DagBag from /home/kiit/airflow-env/lib/python3.8/site-packages/airflow/example_dags/tutorial.py
[2024-06-18T15:16:32.048+0530] {processor.py:840} INFO - DAG(s) 'tutorial' retrieved from /home/kiit/airflow-env/lib/python3.8/site-packages/airflow/example_dags/tutorial.py
[2024-06-18T15:16:32.114+0530] {logging_mixin.py:188} INFO - [2024-06-18T15:16:32.114+0530] {dag.py:3096} INFO - Sync 1 DAGs
[2024-06-18T15:16:32.128+0530] {logging_mixin.py:188} INFO - [2024-06-18T15:16:32.127+0530] {dag.py:3954} INFO - Setting next_dagrun for tutorial to 2024-06-17 00:00:00+00:00, run_after=2024-06-18 00:00:00+00:00
[2024-06-18T15:16:32.152+0530] {processor.py:183} INFO - Processing /home/kiit/airflow-env/lib/python3.8/site-packages/airflow/example_dags/tutorial.py took 0.116 seconds
